0.000267 6066983
0.000383 5738325
0.000787 5709299
0.002512 5582384
0.003170 5393911
0.007925 5388321
0.008077 5326260
0.008127 5198301
0.008437 5030637
0.011542 4969136
0.011678 4800523
0.015443 4794933
0.015625 4702692
0.015674 4667951
0.015943 4437249
0.020908 4323860
0.023108 4318270
0.023260 4226029
0.023338 4066838
0.026855 4022428
0.027736 3884136
0.029384 3878546
0.029534 3786305
0.029718 3520862
0.035541 3405137
0.038833 3234441
0.040329 3215885
0.041702 3204775
0.041748 3089050
0.045092 3057104
0.045210 3031132
0.046329 3003980
0.046584 2957437
0.047956 2841712
0.051302 2809766
0.051418 2796092
0.051639 2751113
0.054246 2635388
0.057580 2603442
0.060525 2487717
0.064544 2479620
0.066753 2363895
0.074250 2347656
0.074296 2268425
0.078092 2265435
0.080514 2249196
0.080559 2169965
0.086692 2153726
0.090629 2132914
0.090708 2092034
0.092882 2075795
0.096219 2075127
0.099080 2058888
0.108972 2045745
0.290584 2041685
0.291358 2037552
0.291691 2030052
0.291765 2029184
0.297947 2003763
