0.000250 5860678
0.000341 5505945
0.000407 5251681
0.000470 5246885
0.000597 5234340
0.000660 5035464
0.000721 4971661
0.000782 4753854
0.001134 4743746
0.001311 4717992
0.001543 4343260
0.001605 4185035
0.001666 4132857
0.001783 4114633
0.002017 4095930
0.002078 4070149
0.002254 4056947
0.002501 3952375
0.002650 3808334
0.003140 3598517
0.003605 3488397
0.003756 3456766
0.004002 3424811
0.004393 3379363
0.004591 3325675
0.005906 3324300
0.006787 3238863
0.007081 3211888
0.007373 3188718
0.009727 3125073
0.009976 3115506
0.010125 2912292
0.010372 2795142
0.010714 2773229
0.011607 2622417
0.015081 2576265
0.015970 2573488
0.016652 2560824
0.018203 2550703
0.019269 2546211
0.020246 2452116
0.025442 2336828
0.026802 2333862
0.028330 2331845
0.030218 2285801
0.033026 2223263
0.034673 2199474
0.044179 2148226
0.050009 2120568
0.050308 2107428
0.491708 2085047
0.525845 2034414
0.955324 2034195
1.086998 2023779
62.577497 2003763
