0.000269 4004180
0.001610 3881947
0.003569 3820025
0.008020 3593163
0.008204 3587565
0.008343 3536556
0.009186 3248604
0.016498 3153002
0.016644 3086341
0.016782 3066062
0.022864 3031031
0.024127 2935429
0.024266 2868768
0.024402 2848489
0.032068 2797212
0.033312 2767981
0.033538 2726334
0.038576 2664139
0.040691 2632239
0.042493 2619307
0.043578 2616441
0.044775 2554246
0.046890 2522346
0.048728 2509414
0.050999 2461198
0.053099 2415319
0.057199 2367103
0.059331 2323592
0.063416 2275376
0.066903 2260447
0.068738 2252165
0.069609 2203949
0.073144 2189020
0.074480 2169901
0.076837 2153662
0.079353 2106756
0.083029 2090517
0.086703 2083219
0.087421 2078369
0.089226 2062130
0.099089 2060178
0.099133 2051736
0.197675 2031423
0.888825 2023779
2.045593 2003763
