0.000228 4686313
0.000397 4673389
0.000565 4639240
0.001198 4319422
0.003863 4167487
0.004131 4106946
0.007816 4036165
0.007999 3995817
0.008898 3905533
0.008954 3876993
0.009178 3707817
0.015502 3589963
0.015860 3567290
0.017284 3516575
0.017379 3485231
0.018041 3466099
0.020602 3451417
0.022639 3333563
0.023808 3284806
0.024106 3254742
0.026299 3204711
0.028895 3086857
0.030063 3038100
0.030503 3021893
0.035160 2967644
0.035711 2951840
0.036298 2932886
0.036341 2855282
0.039433 2851417
0.041439 2797168
0.041994 2781364
0.042579 2762410
0.042622 2684806
0.047692 2544279
0.051282 2522570
0.053896 2382043
0.061133 2349760
0.061903 2337810
0.063870 2241760
0.067385 2209477
0.068155 2197527
0.070908 2146290
0.073649 2114007
0.074423 2102057
0.079887 2069774
0.085677 2056161
0.097296 2045745
0.183938 2036922
0.190520 2023779
0.584270 2020002
0.594563 2003763
