0.000348 4241130
0.000436 4012156
0.000840 4001519
0.004383 3953465
0.008133 3793886
0.008231 3766858
0.008587 3554275
0.015548 3527786
0.015861 3523920
0.016218 3507592
0.016357 3506763
0.017128 3470772
0.018053 3430427
0.018408 3413044
0.018762 3378830
0.019552 3322652
0.021039 3317335
0.021666 3126929
0.022796 3100440
0.023456 3079417
0.024039 3043426
0.025065 3032236
0.025792 2794070
0.029012 2767581
0.029683 2746558
0.030269 2710567
0.031283 2699377
0.034266 2665547
0.035250 2639058
0.035908 2618035
0.036491 2582044
0.037512 2570854
0.039849 2497764
0.041605 2471275
0.042279 2450252
0.042866 2414261
0.043884 2403071
0.048320 2374763
0.049060 2370430
0.049106 2369634
0.050514 2348359
0.051061 2338948
0.053671 2336474
0.054549 2308617
0.055280 2303833
0.055324 2303037
0.057293 2296149
0.060768 2283006
0.060811 2279749
0.061447 2270786
0.061526 2263508
0.061570 2262712
0.066984 2249569
0.067027 2246312
0.067647 2237349
0.067725 2230071
0.072718 2227801
0.073356 2227612
0.075053 2220442
0.076964 2206282
0.078541 2205984
0.078946 2203714
0.079565 2203525
0.081282 2196355
0.083189 2182195
0.085145 2179925
0.085763 2179736
0.087452 2172566
0.088174 2130947
0.088611 2054195
0.091317 2051925
0.091936 2051736
0.093649 2044566
0.098062 2031423
0.194955 2020002
0.200426 2003763
