0.032170 4925583
0.032990 4745360
0.039127 4726591
0.039261 4724132
0.039492 4702087
0.039617 4524236
0.041592 4521864
0.041788 4344013
0.045213 4337956
0.045344 4335497
0.045570 4323080
0.045704 4145229
0.082231 4138635
0.082366 4136176
0.082658 4016707
0.083442 4015074
0.095013 3869176
0.096772 3769466
0.169888 3722563
0.170018 3720104
0.170304 3600635
2.688902 3531620
2.691457 3527730
2.691609 3525271
2.691901 3368529
3.126482 3302019
4.032392 3213922
6.438809 3085688
15.502290 2980085
17.580815 2967779
17.591431 2947854
23.596340 2944938
23.674675 2934124
26.713945 2866408
131.288160 2809182
131.291679 2745756
251.030059 2634086
251.043871 2578698
291.020054 2571494
291.277837 2425377
532.347142 2304302
532.829405 2210431
