0.000225 4537128
0.000430 4401393
0.000494 4366095
0.000614 4181798
0.000731 3684947
0.000958 3409116
0.001350 3215387
0.002074 3205234
0.002411 3080698
0.003024 3078141
0.004694 2966382
0.004870 2962037
0.005482 2952768
0.006532 2914542
0.007948 2800979
0.009777 2711651
0.009839 2710684
0.010316 2694873
0.010368 2642952
0.011121 2632745
0.011409 2511146
0.011955 2340712
0.015153 2333941
0.015300 2313052
0.016499 2293127
0.018144 2175977
0.019366 2165318
0.019466 2139045
0.032113 2117735
0.061811 2054590
0.155794 2045745
3.579873 2031423
55.430517 2026738
59.029221 2003763
