0.000197 4905631
0.000286 4898737
0.000353 4883658
0.000478 4864148
0.000656 4721442
0.000718 4576904
0.000894 4543943
0.000954 4244017
0.001243 4231765
0.001418 4164694
0.001536 3700321
0.001821 3406998
0.002444 3396604
0.002972 3240123
0.003035 3235499
0.004504 3040986
0.005082 3008685
0.005476 2961112
0.005917 2897039
0.007191 2832411
0.007486 2802439
0.007780 2784741
0.009809 2576545
0.010202 2567488
0.011955 2486386
0.016058 2484952
0.016458 2481210
0.016657 2444373
0.018909 2417612
0.020098 2395759
0.021063 2300199
0.022028 2199878
0.022276 2120109
0.022761 2067055
0.031811 2057872
0.045779 2040965
0.048020 2034414
0.128704 2034195
0.155095 2023779
64.042190 2017704
64.174324 2003763
