0.000208 5169051
0.000296 4876580
0.000427 4858873
0.000884 4858074
0.001001 4849938
0.001062 4614811
0.001289 4318890
0.001349 4235279
0.001408 4175628
0.001467 3772075
0.002275 3758040
0.003060 3534752
0.003234 3500992
0.003852 3482935
0.003913 3287646
0.004811 3255106
0.005318 3122128
0.005467 3108304
0.005757 3036411
0.005933 3013684
0.006317 2823474
0.006793 2809533
0.007319 2697577
0.007371 2679307
0.009828 2611470
0.010926 2598574
0.014028 2578649
0.019919 2462364
0.025076 2459118
0.025274 2456659
0.025658 2444171
0.026724 2433755
0.028155 2432865
0.029677 2382474
0.034270 2382133
0.034520 2369915
0.059629 2169023
0.103777 2165172
0.136875 2042058
0.176526 2031423
60.387890 2003763
