0.000345 4757094
0.000452 4743357
0.000521 4382196
0.000729 4320849
0.000794 3957891
0.001033 3847136
0.001096 3765831
0.001274 3611211
0.001452 3576519
0.001861 3541906
0.002155 3532233
0.002218 3530174
0.002281 3352220
0.002343 3175074
0.002865 3098839
0.003213 3017271
0.003637 2939340
0.004369 2932697
0.007784 2813228
0.008091 2788030
0.008925 2761313
0.010524 2737027
0.012431 2716046
0.014329 2705630
0.014627 2578760
0.016276 2494454
0.017638 2474034
0.017745 2454569
0.020755 2382262
0.031975 2379201
0.034819 2343494
0.035306 2326329
0.038300 2323552
0.046872 2258594
0.058703 2250724
0.061961 2246982
0.073398 2242081
0.075238 2240647
0.080492 2226538
0.085286 2206036
0.096763 2086719
0.113965 2047662
0.132277 2031423
64.172205 2020002
64.921173 2003763
