0.000283 4815251
0.000353 4804738
0.001028 4671334
0.001142 4417279
0.003436 4316678
0.003924 4232060
0.006479 4105933
0.007892 4092713
0.007942 4082200
0.008609 3948796
0.008702 3694741
0.011298 3629369
0.011741 3624677
0.015717 3611457
0.016161 3595161
0.016433 3467540
0.016569 3424700
0.018684 3148113
0.022275 3146454
0.022683 2990976
0.026424 2873631
0.028678 2844115
0.028906 2716494
0.029326 2677572
0.035724 2670801
0.036313 2525084
0.040019 2508682
0.042008 2501911
0.042594 2356194
0.047022 2340460
0.048865 2284816
0.049458 2281013
0.053208 2265279
0.055583 2232797
0.059382 2217063
0.061241 2212052
0.064281 2189661
0.065590 2173927
0.067446 2168916
0.070182 2094191
0.071811 2078457
0.073666 2073446
0.077990 2070422
0.078036 2054688
0.079882 2049677
0.084196 2033943
0.089625 2033438
0.090389 2017704
0.097815 2003763
