0.000234 4874590
0.000328 4333260
0.000456 4311421
0.000692 4125588
0.000868 4078578
0.001154 3624391
0.001384 3551514
0.001502 3476252
0.001901 3444745
0.002915 3358662
0.003281 3326337
0.003624 3255786
0.003686 3158389
0.003970 2992070
0.004143 2979582
0.005049 2800650
0.005506 2791304
0.005655 2661302
0.005756 2431290
0.005953 2422915
0.009091 2414976
0.011792 2369568
0.012379 2366322
0.012576 2349922
0.015183 2339506
0.019699 2296370
0.021368 2218105
0.024405 2189013
0.030539 2128370
0.033983 2066862
0.035286 2066821
0.037522 2016322
0.959631 2003763
