0.000186 5222508
0.000304 5219783
0.000490 5205675
0.000674 5158695
0.001187 5002104
0.001951 5001991
0.003232 4954106
0.003592 4803876
0.003773 4789115
0.007984 4534137
0.008786 4313733
0.010837 4265735
0.013227 4195944
0.015564 3940966
0.016364 3720562
0.018397 3672564
0.023135 3417586
0.024196 3373006
0.027581 3338595
0.029384 3083617
0.030881 3062746
0.035740 3022484
0.035823 2871402
0.036701 2830318
0.041946 2783761
0.042241 2735411
0.043296 2682240
0.043878 2673576
0.047569 2597990
0.048160 2551433
0.048453 2503083
0.049523 2449912
0.050106 2441248
0.054424 2394691
0.054578 2323468
0.060855 2309496
0.060899 2300815
0.060941 2290365
0.061237 2214985
0.067056 2202089
0.067503 2179075
0.071701 2175928
0.073282 2163032
0.073724 2140018
0.077578 2112652
0.079945 2076742
0.089772 2054696
0.090108 2048355
0.095898 2041763
0.096593 2034414
0.203959 2016322
0.967883 2003763
