0.000221 4475187
0.001051 4043038
0.001798 3944298
0.002498 3928148
0.008026 3866207
0.008882 3461416
0.015558 3419694
0.015870 3417073
0.017996 3290198
0.018175 3270487
0.021060 3214937
0.021325 3178005
0.022965 3136283
0.025391 2986956
0.030338 2948218
0.030947 2946706
0.033948 2894788
0.033991 2890761
0.034033 2887589
0.034110 2754200
0.037156 2715462
0.037663 2713950
0.040878 2527024
0.043281 2488286
0.043789 2486774
0.048151 2351632
0.049455 2312894
0.049964 2311382
0.055181 2283392
0.055589 2244654
0.056110 2243142
0.063561 2232328
0.067504 2133022
0.069799 2122208
0.073875 2037552
0.075961 2026738
0.082646 2016322
0.272460 2003763
