0.000225 4992083
0.000467 4957393
0.000652 4953206
0.000792 4939093
0.001022 4861751
0.001071 4796336
0.001643 4763595
0.001827 4203658
0.008032 4156002
0.008218 4151815
0.008356 4137702
0.008804 3995582
0.009203 3962204
0.010830 3767398
0.015780 3745212
0.015879 3715555
0.016016 3701442
0.016494 3691466
0.016536 3593144
0.016650 3564274
0.016728 3525944
0.018677 3355313
0.021969 3294454
0.022266 3289357
0.022527 3278622
0.022894 3152189
0.022973 3113859
0.027780 3095745
0.028191 3034886
0.028741 3019054
0.029143 2901081
0.031868 2862989
0.034839 2840803
0.035030 2786298
0.035108 2772558
0.037295 2699898
0.040033 2653169
0.041082 2630983
0.041272 2576478
0.041349 2562738
0.043551 2490078
0.047307 2467892
0.047533 2443121
0.047971 2414146
0.051830 2410663
0.051874 2371213
0.052243 2339908
0.053507 2317722
0.053732 2292951
0.054168 2263976
0.058064 2260493
0.058107 2221043
0.059908 2207088
0.059951 2199895
0.059993 2174086
0.062126 2156241
0.066124 2142286
0.066240 2120098
0.070030 2114693
0.072397 2100738
0.072516 2078550
0.079244 2045909
0.428122 2033943
0.429931 2017704
0.440282 2003763
