0.000235 4827617
0.000305 4508849
0.000445 4382675
0.000626 4279584
0.002134 4253290
0.004891 4224442
0.007726 4177469
0.007777 3858701
0.007957 3762929
0.009586 3603142
0.015234 3523782
0.015459 3184302
0.022699 3173886
0.023099 3159321
0.023149 3158145
0.023241 3152331
0.024548 3136598
0.024880 3006111
0.025269 2937872
0.025311 2926774
0.029235 2916358
0.029421 2901134
0.029463 2889541
0.031094 2773235
0.031243 2751058
0.035456 2740642
0.035501 2714503
0.036730 2703354
0.037328 2621118
0.039629 2552773
0.041655 2542357
0.041697 2516218
0.042923 2505069
0.043503 2422833
0.048397 2412417
0.048476 2385600
0.050787 2385484
0.051256 2372711
0.053871 2341990
0.054564 2331574
0.054642 2304757
0.056951 2304641
0.057433 2291868
0.059834 2182169
0.060743 2171753
0.060820 2144936
0.063131 2144820
0.063602 2132047
0.066954 2121631
0.068790 2118904
0.072747 2092990
0.073129 2082574
0.074965 2079847
0.079221 2054982
0.079268 2044566
0.081119 2041839
0.085449 2031423
0.184919 2003763
