0.000238 4238506
0.000456 4237271
0.000817 4181820
0.000880 4046769
0.001405 3978093
0.001699 3935134
0.002053 3932153
0.002232 3858888
0.002430 3856820
0.002608 3811414
0.002670 3797546
0.002732 3694130
0.003196 3568152
0.003488 3383615
0.003549 3376012
0.004303 2988430
0.004594 2960687
0.004854 2908970
0.005873 2779347
0.007563 2773670
0.007920 2748616
0.009435 2718499
0.009892 2650664
0.012426 2648760
0.017598 2643676
0.018779 2606199
0.019592 2599645
0.019699 2589805
0.020155 2588591
0.020612 2585300
0.021624 2552410
0.022395 2467799
0.023804 2441005
0.025873 2388046
0.025981 2381017
0.026781 2372642
0.028197 2369949
0.028860 2246460
0.034470 2208452
0.034629 2203532
0.045833 2167708
0.051175 2153767
0.060695 2058297
0.063075 2042058
2.226833 2031423
60.669489 2016322
64.005142 2003763
