0.000200 3827552
0.000421 3717766
0.001902 3699840
0.003239 3697472
0.004173 3535095
0.007943 3455935
0.008484 3340337
0.014802 3317567
0.015080 3314428
0.015631 3235268
0.016348 3144811
0.021607 3105203
0.023403 3026043
0.024124 2935586
0.027628 2827689
0.031083 2748529
0.031804 2658072
0.037451 2642560
0.037499 2563400
0.038167 2487166
0.042855 2472995
0.043862 2393835
0.044529 2317601
0.050185 2312634
0.050780 2304726
0.051487 2230902
0.054481 2222131
0.056497 2217164
0.057093 2209256
0.057815 2135432
0.062851 2130654
0.063446 2122557
0.064634 2096051
0.069283 2079651
0.076257 2069235
0.077645 2066324
0.081213 2063412
0.082584 2052996
0.083946 2050085
0.088890 2039669
0.090222 2026738
0.095300 2016322
0.878603 2003763
