0.000219 3906712
0.000486 3687294
0.000665 3561089
0.001309 3533956
0.001543 3500049
0.002165 3441575
0.002228 3383144
0.002287 3303839
0.002515 3227850
0.003076 3090336
0.003417 3078984
0.003478 3011290
0.004321 2986414
0.004723 2968337
0.005369 2916865
0.005542 2909601
0.006215 2747994
0.006746 2735119
0.007323 2679875
0.008577 2671534
0.009014 2640080
0.009472 2513879
0.010235 2482672
0.010574 2350245
0.010769 2347315
0.010870 2326570
0.015760 2312629
0.016293 2264284
0.022555 2179230
0.034660 2158263
0.047630 2154738
0.050748 2144322
0.052253 2032561
0.063206 2016322
1.092185 2003763
