0.000214 5344694
0.000304 5250854
0.000493 5005019
0.000556 4367105
0.000731 4334998
0.000792 4191742
0.001135 4167095
0.001196 4011409
0.001313 3982518
0.001711 3656057
0.002050 3275915
0.002278 3176875
0.003034 3146883
0.005609 3135453
0.005728 3009104
0.006457 3006596
0.006953 2946766
0.007448 2892794
0.007885 2829649
0.008611 2730801
0.009190 2721201
0.010716 2612342
0.013422 2485590
0.018466 2467127
0.028024 2441905
0.029369 2391667
0.030236 2267131
0.046582 2206379
0.086462 2151690
0.087986 2137711
0.092322 2123602
0.097637 2062854
0.099155 2024508
0.105896 2003763
