0.000206 4828471
0.000294 4620094
0.000646 4387275
0.000934 4236979
0.001124 3986259
0.001243 3925996
0.001302 3787713
0.001474 3668799
0.002150 3667431
0.002436 3627093
0.002890 3492291
0.002951 3350664
0.003290 3321311
0.003350 3308502
0.003410 3138411
0.003693 3099148
0.003752 3068175
0.003993 3027850
0.004422 2939253
0.004665 2904037
0.004906 2687544
0.007807 2665235
0.008999 2638600
0.010289 2606969
0.010959 2498363
0.011203 2476177
0.012954 2333376
0.013307 2323689
0.024110 2218497
0.024449 2215251
0.034428 2197014
0.039051 2195580
0.052409 2191326
0.065581 2188231
0.068710 2166802
0.073215 2149988
0.078948 2099489
0.079618 2083250
0.080428 2003763
