0.000218 5278261
0.000299 5268426
0.000399 5074781
0.000673 4872266
0.001303 4853769
0.001487 4674654
0.007806 4606525
0.007948 4374414
0.009356 4322041
0.009537 4206229
0.009894 4113019
0.015495 4041557
0.015727 4033498
0.015779 4023663
0.015874 3830018
0.018551 3745795
0.018735 3680586
0.022337 3609124
0.022420 3543205
0.022500 3464788
0.022581 3431527
0.026440 3405834
0.028356 3302045
0.028663 3230583
0.028743 3164664
0.028823 3086247
0.028903 3052986
0.035224 3036973
0.035504 2982148
0.035626 2894263
0.036145 2778234
0.041295 2768667
0.041894 2734001
0.041979 2689227
0.047078 2688550
0.047615 2678983
0.048214 2644317
0.048298 2599543
0.052394 2595502
0.052695 2578511
0.053958 2568944
0.054556 2534278
0.054641 2489504
0.058583 2479525
0.060269 2469958
0.060867 2435292
0.060951 2390518
0.067160 2346285
0.067961 2339737
0.072158 2304317
0.073494 2260084
0.074271 2253536
0.078151 2181203
0.079783 2136970
0.080565 2130422
0.086059 2086189
0.096801 2075795
0.096850 2045745
0.310733 2045009
0.310895 2023779
0.942826 2020002
0.950807 2003763
