0.000239 4453368
0.000461 4441532
0.000530 4433727
0.000597 4412621
0.000843 4247341
0.000909 4183528
0.000974 4016917
0.001039 3782270
0.001222 3715946
0.001466 3687244
0.001591 3645061
0.002268 3642875
0.002511 3616104
0.002753 3406440
0.002817 3210913
0.003115 3178942
0.003592 3162997
0.004531 3143458
0.004590 3127659
0.004909 2919520
0.005071 2768041
0.005803 2697013
0.005915 2691777
0.006154 2618640
0.009901 2403654
0.012777 2362560
0.013153 2310158
0.014581 2284737
0.014798 2263179
0.017305 2198612
0.040905 2195835
0.047464 2072721
0.062594 2054702
0.093724 2051736
0.161236 2041839
1.943762 2031423
68.332680 2017704
68.354730 2003763
