0.000275 27441
0.000410 27302
0.001036 26848
0.003976 26846
0.009328 26685
0.010539 26428
0.011923 26419
0.012457 26348
0.012636 26160
0.076269 26111
0.076975 25906
0.079372 25425
0.110097 25419
0.110192 25280
0.110798 24826
0.112265 24800
0.119027 24663
0.120238 24406
0.120520 24355
0.124482 24044
0.194591 24012
0.220132 24006
0.220227 23867
0.220874 23413
0.229117 23250
0.230329 22993
0.230594 22942
0.234566 22631
0.336961 22625
0.337266 22158
0.339263 22081
0.347388 21561
0.359554 21411
0.448227 21405
0.448767 21189
0.449464 20812
0.457742 20649
0.459474 20480
0.498858 20464
0.506543 20460
0.506983 20377
0.563010 20371
0.563538 20155
0.564401 20019
0.565718 19936
0.565985 19931
0.573695 19930
0.574225 19446
0.608679 19430
0.672749 19424
0.673275 19208
0.674664 19129
0.674931 18805
0.706984 18503
0.785147 18497
0.785843 18057
0.787316 17878
0.826660 17834
0.848048 17763
0.873508 17724
0.873862 17656
0.896612 17650
0.897311 17210
0.906101 17159
0.937756 17106
0.938717 17050
0.958567 16916
0.967494 16757
1.007088 16751
1.007785 16311
1.016656 16260
1.048811 16151
1.068720 16017
1.116919 16011
1.117617 15571
1.119252 15418
1.127477 15397
1.157458 15348
1.218263 15300
1.226583 15294
1.227278 14854
1.228965 14701
1.237224 14680
1.267205 14631
1.337357 14625
1.338232 14508
1.339965 14472
1.340597 14190
1.393977 14119
1.395633 14069
1.417720 14026
1.447990 14020
1.448878 13903
1.450607 13867
1.451221 13585
1.505849 13464
1.557884 13458
1.558755 13341
1.559717 13297
1.560160 13190
1.567360 13090
1.570155 13083
1.628199 13059
1.636064 13053
1.661829 12928
1.668478 12922
1.669340 12805
1.670295 12761
1.670731 12654
1.677862 12554
1.680628 12547
1.738091 12523
1.745925 12517
1.778257 12511
1.779125 12394
1.780251 12358
1.782263 12321
1.787706 12143
1.790551 12136
1.848160 12112
1.888208 12106
1.889089 11989
1.889785 11977
1.890138 11908
1.897627 11738
1.998611 11721
2.000218 11603
2.000582 11534
2.065102 11440
2.082132 11410
2.109048 11393
2.110620 11275
2.110973 11206
2.174011 11180
2.217990 11091
2.219131 11074
2.220710 10956
2.221067 10887
2.284365 10861
2.329972 10844
2.331633 10665
2.346937 10660
2.397332 10659
2.439982 10642
2.441732 10633
2.441828 10602
2.442094 10576
2.444174 10500
2.456966 10458
2.550331 10441
2.552076 10432
2.552171 10401
2.552462 10375
2.554546 10299
2.649594 10259
2.660608 10242
2.662348 10233
2.662443 10202
2.662711 10176
2.664797 10100
2.771175 10048
2.779805 10017
2.779904 9962
2.800027 9961
2.881482 9909
2.890019 9878
2.890115 9823
2.991246 9749
2.999824 9725
3.044160 9724
3.072766 9713
3.082569 9704
3.101175 9630
3.109704 9606
3.154525 9605
3.175412 9603
3.175508 9585
3.211259 9511
3.219886 9487
3.307932 9482
3.315126 9467
3.321201 9393
3.329744 9369
3.420449 9364
3.433589 9290
3.442142 9266
3.544187 9200
3.607174 9171
3.655268 9105
3.797777 9090
3.811582 9066
3.869367 9060
3.907126 9045
3.920981 9021
4.016633 9006
4.036987 8981
4.126058 8966
4.182137 8961
4.200421 8952
4.235781 8937
4.291917 8932
4.310747 8930
4.345889 8915
4.401971 8910
4.455822 8895
4.565904 8878
4.737796 8871
4.752326 8869
4.847202 8862
4.973330 8857
8.985693 8784
9.038018 8746
9.095642 8672
9.202062 8667
9.212999 8664
9.216364 8620
9.257953 8606
9.312010 8601
9.322883 8598
9.326237 8554
9.384401 8548
9.421913 8543
9.432829 8540
9.436162 8496
9.543402 8464
9.550064 8351
9.703637 8332
9.825620 8319
14.464791 8307
14.603651 8294
14.680543 8283
14.685052 8278
14.713882 8270
14.795289 8265
14.820488 8234
14.904570 8229
14.993835 8227
15.014415 8222
15.147833 8220
15.254015 8205
15.438816 8204
15.549705 8181
19.886109 8176
19.940555 8175
19.946899 8131
19.996309 8124
20.050404 8123
20.106099 8116
34.925205 8100
35.057085 8083
35.192851 8077
35.206142 8069
35.302510 8063
35.329887 8062
35.411885 8056
35.521648 8054
35.521747 8034
35.638340 7990
35.750505 7985
55.793030 7979
55.896453 7937
56.009928 7889
56.013672 7888
56.127927 7872
56.128258 7849
56.244367 7819
56.254204 7818
56.353979 7788
66.346083 7775
66.414313 7748
66.456074 7696
66.554199 7690
66.556177 7677
66.566214 7625
66.664062 7618
66.676190 7566
66.869243 7565
66.890101 7543
66.978712 7542
