0.000269 28815
0.000400 28709
0.002319 28482
0.002428 28419
0.002531 28131
0.009962 27926
0.010168 27283
0.010287 27101
0.010685 26638
0.010886 26340
0.011380 26203
0.012557 26013
0.012858 25827
0.013059 25525
0.020762 25425
0.020870 25369
0.020973 25178
0.021272 25131
0.022268 25026
0.022764 23607
0.049158 23422
0.049370 23412
0.049866 23344
0.057692 23304
0.062427 23292
0.063217 22991
0.063711 22915
0.105083 22844
0.105193 22361
0.105886 21859
0.144477 21702
0.146125 21427
0.146256 21308
0.146370 21302
0.146582 21085
0.568982 20974
31.224060 20835
32.745894 20798
32.746778 20493
32.746892 20259
32.748241 20175
32.748985 19863
32.749096 18665
32.749728 18548
38.440342 18381
38.440604 18368
39.068524 18049
39.069427 17783
39.072742 17338
40.389416 17054
41.548848 16850
41.549906 16832
42.299313 16731
42.300090 16693
42.803905 16561
42.804365 16469
44.514838 16392
44.515071 16102
44.515184 16004
44.516630 15716
44.526422 15610
45.897552 15562
45.909774 15465
45.912316 15370
45.912649 15148
45.913604 15026
45.913713 14794
45.914466 14768
45.914681 14594
45.915629 14351
45.917292 14100
47.136863 14017
47.137297 14005
47.420687 13998
47.421017 13969
47.421758 13843
47.422091 13834
47.422641 13608
47.424856 13331
47.424964 13123
47.426026 13104
47.426134 12745
47.427305 12742
52.322816 12728
52.335521 12484
52.335858 12474
52.336808 12052
52.548059 11928
52.548172 11872
52.553523 11544
52.554702 11539
52.562139 11420
53.545734 11303
54.788008 11269
54.788965 11266
54.795163 11176
54.796740 11158
56.609706 11015
56.611306 10916
56.612052 10854
57.059190 10804
57.059425 10588
57.060435 10574
57.064893 10539
58.251359 10528
58.259457 10515
58.259569 10459
58.277675 10430
58.280960 10351
59.551118 10347
59.561059 10115
59.561489 10000
59.561705 9961
59.565595 9942
60.270256 9886
60.271946 9873
60.484577 9809
60.489825 9786
60.517598 9727
60.517710 9654
60.518251 9612
60.595505 9598
62.790098 9595
62.859435 9554
62.860607 9394
62.862517 9317
62.883774 9274
62.886953 9200
63.223531 9073
63.758211 9025
63.759778 8901
66.070858 8859
66.082553 8698
66.300798 8569
66.619576 8565
66.623160 8538
66.626091 8537
66.627265 8476
66.627693 8352
68.408516 8293
68.875668 8283
68.878364 8231
68.880261 8191
69.053866 8150
69.906688 8131
69.927474 8091
69.957959 8021
69.985440 8018
69.998127 7956
70.210648 7955
72.841650 7933
72.854180 7909
73.071658 7903
73.119570 7880
73.143741 7869
73.144195 7842
73.197389 7836
73.211648 7833
73.220339 7769
73.289261 7749
73.320252 7720
73.331279 7715
80.620613 7705
84.688268 7687
84.699190 7682
84.975837 7681
133.957747 7651
134.094171 7640
135.793022 7627
135.803944 7616
135.844026 7611
135.849069 7601
135.890174 7594
136.028813 7589
136.254913 7566
138.316201 7542
