0.000285 30581
0.000846 30248
0.000955 28483
0.001160 28267
0.001463 28258
0.001565 28020
0.001767 27736
0.001869 27671
0.002070 27400
0.002369 27167
0.003847 27144
0.004248 27117
0.004470 25315
0.014911 24875
0.015118 24394
0.017010 24298
0.017604 24171
0.032797 23777
0.032905 23710
0.033108 22502
0.033601 22429
0.036744 22168
0.039975 22034
0.040581 21857
0.040686 21511
23.220869 21496
23.221626 21350
23.927245 20535
23.927578 20378
29.583899 19937
29.584043 19581
34.411205 19325
35.342030 18756
35.342173 18691
35.342284 18668
35.342820 18388
36.801198 18368
37.989715 18249
38.088940 18196
38.915151 18184
38.915812 18131
38.916033 18074
38.917733 17878
38.919715 17805
38.920704 17231
39.853914 17214
40.456892 17165
40.915772 17122
40.916001 17043
40.917517 16911
40.918270 16716
40.918489 16450
40.918595 16425
45.122099 16389
45.217010 15779
45.217236 15610
45.218204 15529
45.624025 15300
45.624593 15175
45.625029 15143
46.203518 15121
46.597587 15118
47.155911 14915
47.156405 14852
47.156966 14769
48.028241 14653
48.042565 14447
48.270813 14425
48.271831 14255
48.273020 14204
48.540961 14201
48.541942 13843
48.673492 13737
48.674893 13733
48.675223 13526
48.675338 13488
48.676090 13476
48.677176 13464
50.674779 13432
50.681868 13430
50.682418 13066
50.682639 12895
50.683074 12765
51.127081 12554
51.128506 12393
51.130127 12390
51.138051 12359
51.140538 12337
51.523775 12303
52.342526 12199
52.345010 11678
52.345663 11429
54.549702 11410
54.550365 11194
56.565420 11115
56.566797 10883
56.575879 10879
56.644744 10865
56.644981 10854
57.155317 10828
57.157066 10571
57.157178 10425
57.161051 10373
57.995072 9998
57.996928 9807
57.997368 9676
59.865531 9655
59.871751 9638
60.790865 9637
60.795908 9547
60.869249 9362
60.888171 9257
60.929392 9249
60.938593 9202
60.986271 9201
60.993290 9124
61.141514 9097
61.145724 9091
61.151785 9083
61.154821 8933
64.246442 8930
64.257824 8895
64.259225 8873
64.283191 8791
64.845914 8787
64.848810 8780
64.851169 8777
64.853647 8774
64.855044 8740
64.860709 8717
64.864359 8648
64.872357 8641
64.875988 8576
65.018148 8556
67.383267 8506
67.385539 8495
67.452495 8490
67.454002 8462
69.019765 8380
69.055400 8371
70.085297 8369
70.125790 8356
70.313911 8322
70.314673 8266
70.316069 8215
70.374787 8167
70.409406 8144
70.416379 8102
70.871879 8085
70.872887 8009
72.463025 7965
72.854796 7897
72.879889 7867
72.890498 7862
72.908771 7843
78.195217 7826
78.428107 7815
79.233981 7811
80.533171 7803
80.818113 7797
81.308909 7792
143.479340 7786
143.594898 7755
144.289376 7732
144.381527 7717
207.072465 7716
213.615791 7715
255.494025 7671
255.553474 7639
255.553812 7567
265.671677 7561
265.685794 7558
265.687002 7547
266.453314 7542
