0.000297 31192
0.000435 30803
0.000661 30762
0.000772 30509
0.000882 30180
0.000990 29630
0.001100 29496
0.001316 28880
0.001636 28792
0.001745 28525
0.001959 28016
0.002067 27688
0.002709 26788
0.002819 26467
0.011800 25511
0.011914 25413
0.012128 25412
0.017114 25397
0.017225 25339
0.017437 24853
0.018481 24738
0.018840 24557
0.019053 24497
0.019267 24373
0.019375 24346
0.019483 23677
0.019694 23648
0.022936 23595
0.041519 22946
0.071957 22858
0.072509 22603
0.072623 22458
0.072955 22202
0.073500 21475
0.464542 21308
0.465419 21075
0.465643 20986
0.627455 20358
0.627582 20180
33.874203 20145
36.063375 20025
36.072392 20015
36.072745 19880
36.072861 19712
36.072970 18665
36.499718 18632
36.500745 18487
36.501086 18472
41.233692 18234
41.236150 18078
41.239775 18015
41.240003 17997
41.240227 17983
41.241225 17949
41.241447 17664
42.676239 17397
42.677187 17024
43.848629 16719
43.848870 16556
45.028421 16481
47.056123 16447
47.058120 16354
47.059186 15930
47.059553 15898
48.253100 15629
48.285082 15542
48.437657 15372
48.441749 15315
48.443880 15255
48.444237 14955
49.208529 14751
49.209480 14349
49.726338 14200
49.727066 14021
51.424001 13934
52.187883 13914
52.188014 13880
53.100444 13854
53.112934 13753
53.115516 13691
53.119464 13524
53.120172 13469
53.120748 13246
53.121529 13220
53.123207 13067
53.124427 12979
53.127303 12913
53.129406 12812
53.129633 12793
53.130753 12754
53.134534 12752
53.831279 12295
53.833182 12270
53.834188 12136
53.842758 12127
54.903980 11884
57.919095 11778
57.920042 11693
57.925655 11562
57.929399 11421
59.608140 11415
59.609665 11413
59.610374 11388
59.610492 11350
59.632219 11219
59.894384 11204
59.895111 11195
60.509044 11113
60.712739 11094
60.716484 11091
60.716960 10955
60.719434 10781
61.272278 10737
61.282921 10727
61.290699 10672
61.635888 10654
61.651068 10557
61.689707 10467
61.689951 10412
61.691548 10363
61.695225 10345
61.698107 10297
61.703107 10272
61.704443 10248
61.706222 10228
61.709013 10127
61.709905 10079
63.342944 10065
63.343073 10059
63.343190 9618
63.343305 9509
64.403108 9458
64.430764 9456
66.202829 9438
66.237129 9287
66.240045 9271
66.281976 9266
66.282778 9260
66.323322 9187
66.335646 9143
69.214464 9071
69.215604 9000
69.226048 8902
69.491656 8831
69.498899 8785
69.555456 8780
70.475746 8708
70.488733 8656
71.570336 8586
71.570600 8569
71.583377 8548
71.589443 8539
72.929707 8278
74.049582 8269
74.050895 8255
74.065563 8241
74.074181 8231
74.095546 8230
74.111523 8223
74.144647 8220
74.173408 8204
74.273969 8172
74.548514 8157
74.571619 8143
74.578863 8128
74.578979 8118
74.584081 8101
74.586093 8000
74.592441 7999
75.674804 7949
75.680533 7948
76.099068 7938
76.424617 7876
76.426494 7862
76.608251 7851
81.345223 7850
82.491605 7833
82.524023 7825
83.030099 7760
83.059743 7734
83.284153 7712
84.348525 7700
87.545234 7685
88.261773 7683
88.267800 7662
88.277585 7660
88.293452 7650
88.318059 7615
89.286090 7614
89.339910 7591
89.341694 7582
89.612664 7574
89.817816 7548
89.920171 7547
150.801277 7542
