0.000319 28589
0.000458 28496
0.000774 28038
0.001183 27848
0.001289 27798
0.001496 27134
0.001601 26616
0.001804 26486
0.002109 26466
0.002314 26460
0.003804 26312
0.007494 26172
0.017903 25835
0.018015 25800
0.018319 25615
0.018424 25406
0.018528 24917
0.028286 24746
0.028995 24692
0.029397 24499
0.029502 24235
0.029708 23990
0.038595 23720
0.038806 23252
0.039010 22710
0.044580 21435
0.045090 21375
0.196096 20972
0.384847 20941
0.385036 20448
0.385246 20337
28.264431 20183
28.264863 20090
28.264990 20051
31.191312 19882
35.283825 19785
35.285138 19741
35.285895 19665
35.286770 19595
36.677187 19569
36.934273 19488
37.501414 18999
37.504084 18704
37.624954 17761
37.625069 17521
37.625174 17072
37.625306 17018
41.301545 16922
41.301885 16142
41.303889 15787
41.305077 15769
41.305507 15708
43.987835 15572
44.031419 15508
44.031955 15327
44.059544 15011
45.302585 14536
45.303772 14273
46.697569 14264
46.697688 14153
46.697794 13994
48.316166 13950
48.316710 13941
48.484739 13825
48.485640 13766
48.486086 13758
48.916816 13735
48.920885 13647
48.921003 13563
48.921116 13516
48.958714 13411
48.959062 13387
49.318530 13309
49.319090 13287
49.319944 13107
49.624923 12974
49.625161 12933
49.751084 12850
49.752077 12835
49.753792 12575
49.754119 12350
50.551714 12329
50.554410 12319
50.556887 11707
50.559320 11600
50.559966 11274
50.561586 11271
50.561914 11245
50.565030 11086
50.565365 11011
50.571965 10954
55.012583 10883
55.014310 10555
55.591797 10553
57.625406 10401
57.640134 10274
57.669321 10209
58.674743 10132
58.676797 10026
58.678813 9833
59.636819 9776
59.637267 9752
59.780650 9650
60.809156 9644
61.137405 9641
61.137520 9603
61.144256 9563
61.158393 9527
61.159788 9520
61.868919 9505
62.154358 9487
62.167757 9400
62.168216 9329
62.171306 9187
62.172825 9100
62.173045 9076
62.193739 9064
63.932996 8978
63.940188 8831
63.944026 8800
63.962677 8791
63.963329 8763
64.096352 8747
64.137193 8723
64.140613 8708
64.140835 8665
64.142542 8640
64.145867 8602
64.150573 8585
64.164775 8582
64.228322 8575
64.235568 8570
64.345123 8495
64.349311 8478
67.099697 8453
67.209109 8441
67.241100 8399
67.895194 8358
67.915731 8276
67.946120 8271
67.958309 8263
67.973485 8228
68.025979 8222
68.038273 8193
68.162082 8189
68.200315 8188
68.213420 8147
68.534098 8111
68.590347 8096
68.600060 8024
68.604874 7943
68.630296 7898
68.636270 7861
68.684109 7737
68.831397 7719
68.838138 7688
147.737929 7679
147.738761 7674
147.742086 7660
148.387745 7650
148.391611 7642
148.401858 7622
148.411652 7609
148.413810 7562
148.485135 7543
158.079294 7542
