0.000532 28501
0.000640 27906
0.000907 27431
0.009909 27261
0.015874 27104
0.036199 26846
0.057813 26795
0.110745 26707
0.110842 26112
0.111120 25637
0.119951 25467
0.121076 25456
0.146254 25052
0.220543 24964
0.220638 24369
0.223650 23948
0.229397 23938
0.235332 23770
0.334605 23417
0.340232 23329
0.340330 22734
0.349042 22303
0.355036 22135
0.454011 21734
0.456103 21640
0.457317 21596
0.457501 21583
0.463947 21379
0.464903 21151
0.512288 21038
0.563491 20637
0.565560 20543
0.566780 20499
0.566964 20486
0.573432 20282
0.574390 20054
0.672889 19847
0.673241 19371
0.720142 19366
0.737453 19358
0.737724 19294
0.742977 19264
0.780239 19211
0.782402 19004
0.782756 18528
0.830000 18523
0.840255 18306
0.892528 18099
0.892883 17623
0.938920 17377
1.002458 17170
1.002811 16694
1.092663 16587
1.112114 16380
1.112465 15904
1.228365 15881
1.228639 15817
1.230619 15608
1.232876 15435
1.235210 15378
1.324338 15282
1.338593 15259
1.338864 15195
1.340854 14986
1.343128 14813
1.345469 14756
1.448853 14733
1.449053 14721
1.449149 14712
1.449327 14551
1.457125 14348
1.469535 14341
1.473779 14244
1.558866 14221
1.559064 14209
1.559158 14200
1.559336 14039
1.567009 13836
1.591267 13811
1.655660 13802
1.668761 13779
1.668954 13767
1.669051 13758
1.669235 13597
1.677206 13394
1.702214 13369
1.782691 13346
1.782887 13334
1.782984 13325
1.783176 13164
1.791159 12961
1.804553 12954
1.871907 12936
1.895777 12913
1.895965 12901
1.896058 12892
1.896234 12731
1.903922 12528
1.916851 12521
2.005884 12498
2.006071 12486
2.006164 12477
2.008590 12434
2.009807 12373
2.012823 12364
2.014038 12113
2.115442 12090
2.115629 12078
2.119082 12066
2.119264 12030
2.119357 11819
2.201546 11749
2.225062 11726
2.225248 11714
2.228719 11702
2.228909 11666
2.229002 11455
2.309006 11400
2.316343 11358
2.335199 11335
2.335405 11323
2.338856 11311
2.339049 11275
2.339146 11064
2.419640 11009
2.445404 10986
2.445590 10974
2.449036 10962
2.449218 10926
2.449313 10715
2.555587 10692
2.568179 10638
2.587241 10558
2.624184 10531
2.648702 10443
2.650172 10429
2.665633 10406
2.678220 10352
2.697252 10272
2.727505 10261
2.734257 10245
2.754037 10223
2.755782 10138
2.775567 10115
2.788115 10061
2.807054 9981
2.843934 9954
2.873300 9859
2.885156 9836
2.897723 9782
2.916640 9702
2.953505 9675
2.994649 9652
3.007220 9598
3.026123 9518
3.068093 9506
3.104201 9483
3.116794 9429
3.135796 9349
3.213896 9326
3.226524 9272
3.241867 9247
3.274840 9242
3.280287 9199
3.323870 9176
3.340289 9122
3.355697 9097
3.410028 9094
3.437560 9071
3.450153 9017
3.465531 8992
3.550828 8969
3.563487 8915
3.649841 8902
3.653626 8891
3.660689 8868
3.673265 8814
3.759447 8801
3.770266 8778
3.782888 8724
3.880141 8701
3.925334 8696
3.925431 8659
3.940778 8658
3.946920 8652
3.990250 8629
4.035474 8624
4.035570 8587
4.051602 8545
4.100174 8522
4.145333 8517
4.145429 8480
4.209987 8457
4.274093 8450
4.291100 8442
4.319828 8419
4.381329 8385
4.386698 8380
4.396806 8298
4.429821 8275
4.493746 8268
4.532520 8226
4.539772 8203
4.605731 8196
4.653275 8173
4.724904 8168
4.767117 8145
4.833338 8138
4.877491 8115
5.060464 8092
5.195462 8075
5.302927 7815
31.463613 7805
31.564455 7782
41.040257 7779
41.153537 7757
41.173446 7736
41.265216 7714
41.281843 7702
41.376021 7680
41.475710 7669
41.485601 7647
41.583665 7615
41.595180 7593
41.694244 7592
41.704696 7570
41.818262 7547
41.943339 7542
