0.000288 29658
0.001349 28937
0.065145 28926
0.110406 27876
0.111457 27155
0.219893 27105
0.221013 26668
0.223679 26596
0.224457 26557
0.227921 26418
0.232982 26377
0.233500 26247
0.234875 26236
0.236094 25983
0.265111 25733
0.334902 25683
0.336822 25270
0.338718 25174
0.339535 25135
0.341077 25078
0.342976 24996
0.349265 24673
0.351198 24561
0.415235 24410
0.419442 24201
0.449304 24151
0.451325 23624
0.453902 23603
0.462924 23546
0.464065 23190
0.504404 23181
0.522967 23178
0.528327 22878
0.548764 22838
0.558686 22788
0.560675 22261
0.563270 22240
0.572270 22183
0.573392 21827
0.613655 21818
0.637589 21515
0.667986 21465
0.671868 21028
0.672224 20981
0.672573 20917
0.681568 20860
0.683142 20788
0.683861 20776
0.689230 20747
0.720933 20548
0.747391 20481
0.777367 20431
0.781232 19994
0.781587 19947
0.781934 19883
0.790909 19826
0.792482 19754
0.793173 19742
0.798502 19713
0.845567 19710
0.860961 19517
0.886350 19467
0.890225 19030
0.890579 18983
0.890925 18919
0.899996 18862
0.901550 18790
0.902266 18778
0.907611 18749
0.954892 18746
0.995781 18696
0.999685 18259
1.000041 18212
1.000390 18148
1.009414 18091
1.010111 17827
1.106672 17800
1.108929 17340
1.110904 17197
1.139558 17105
1.157800 17059
1.215432 17038
1.218190 16572
1.219696 16461
1.248928 16337
1.323668 16335
1.325474 16314
1.328587 16135
1.329449 15870
1.329714 15737
1.358839 15613
1.436284 15586
1.437846 15413
1.440347 15393
1.440528 14983
1.534647 14932
1.545782 14905
1.547369 14732
1.549860 14712
1.550041 14302
1.562607 14030
1.655346 14009
1.659116 13830
1.659305 13795
1.659759 13432
1.768007 13405
1.776576 13357
1.777297 13060
1.780612 12946
1.885488 12943
1.885858 12851
1.904491 12725
1.923185 12574
1.953433 12492
1.998653 12489
1.999024 12397
2.017721 12271
2.036425 12120
2.083847 12113
2.112119 12110
2.112493 12018
2.146779 11974
2.150248 11765
2.213637 11758
2.222960 11663
2.256146 11619
2.259595 11410
2.280113 11404
2.333075 11309
2.347316 11243
2.351196 11184
2.351292 11183
2.369324 11032
2.442696 10937
2.473935 10893
2.508557 10835
2.529943 10773
2.552215 10678
2.583437 10634
2.618047 10576
2.639330 10561
2.651060 10532
2.652868 10530
2.661684 10435
2.692931 10391
2.727566 10333
2.748864 10318
2.771228 10223
2.802340 10179
2.836890 10121
2.858657 10056
2.880489 9961
2.911766 9917
2.946333 9859
2.990015 9764
3.021224 9720
3.099489 9625
3.137657 9580
3.208821 9485
3.257249 9445
3.319178 9350
3.379401 9327
3.384147 9290
3.431340 9195
3.490474 9136
3.490571 9130
3.542096 9035
3.621789 9004
3.651591 8909
3.754617 8884
3.760809 8789
3.886153 8785
3.886342 8748
3.932492 8734
3.995361 8730
3.995544 8693
4.060523 8684
4.104709 8680
4.104893 8643
4.239445 8619
4.293525 8613
4.349479 8589
4.404208 8538
4.458948 8514
4.577729 8509
4.577827 8508
4.580774 8501
4.631683 8491
4.687123 8486
4.687223 8485
4.690136 8478
4.802607 8460
4.908974 8450
4.911838 8444
5.014961 8438
5.173777 8437
5.279172 8434
5.385691 8397
5.386988 8332
5.388211 8326
10.088799 8273
10.168611 8261
10.172159 8256
10.203531 8239
10.278937 8227
10.282602 8222
10.320409 8220
10.389683 8208
10.393233 8203
10.525557 8201
10.525875 8198
10.634694 8196
10.744040 8189
10.749793 8179
15.397650 8171
15.417341 8156
15.521394 8139
15.588341 8136
15.630702 8119
15.802982 8108
15.824126 8102
15.912171 8091
25.851616 8000
25.964126 7948
26.074975 7852
26.196637 7847
31.939712 7788
32.003143 7783
32.015000 7777
32.112365 7772
104.233257 7751
104.242114 7655
104.404185 7654
104.553992 7653
104.663769 7630
243.912916 7571
244.006193 7566
244.151255 7565
244.260216 7542
