0.000271 31691
0.000904 31360
0.001011 31283
0.001313 31231
0.001613 31183
0.002012 31147
0.002799 31102
0.002902 30861
0.003003 30731
0.003202 30516
0.003303 30455
0.003403 30410
0.003818 30391
0.003921 30072
0.004217 29744
0.004515 29402
0.004618 29345
0.004718 28911
0.004818 28546
0.005213 28230
0.005994 28213
0.006292 27892
0.007582 27851
0.007784 27282
0.007886 25942
0.008671 25560
0.008773 25386
0.008971 25077
0.009073 25053
0.009272 24652
0.009373 24555
0.009572 24297
0.009674 24165
0.009775 23764
0.010562 23616
0.022363 22499
0.022471 22307
0.143798 21926
0.147919 21781
0.150136 21302
29.162391 21194
29.162649 20928
29.162760 20856
29.162866 20653
29.162968 20568
29.163183 20342
31.870703 20191
33.325462 19800
33.935842 19763
35.115487 19156
35.115842 18886
36.796365 18833
36.796478 18701
36.797212 18513
36.799069 18399
36.799720 18364
37.598332 18103
37.598550 18070
38.053085 17708
38.053306 17157
38.393916 16871
38.394243 16059
38.395081 15826
38.395315 15789
38.395642 15520
45.181447 15096
46.267808 15038
46.268861 14775
46.411804 14732
46.479569 14685
46.481470 14542
46.482003 14483
46.482215 14482
46.482847 14345
47.025229 14324
47.025452 14252
47.025994 14188
47.028755 14105
47.035291 13971
47.035519 13859
47.038477 13825
47.038693 13666
47.252733 13610
48.340117 13566
48.716165 13549
48.719555 13275
48.719775 13146
49.142533 13003
49.144866 12972
49.145293 12941
49.804341 12913
50.030261 12807
50.032916 12744
50.033132 12737
50.039452 12601
50.041874 12380
50.865009 12225
50.869720 12069
50.955474 12023
50.956225 12020
50.959493 12017
50.960555 11968
50.960979 11781
50.961508 11674
50.963946 11591
50.980264 11503
50.981430 11311
52.020311 11074
52.020852 11010
52.023816 10974
52.025401 10927
52.025516 10821
52.028998 10818
52.029738 10445
52.038258 10435
56.659349 10290
56.663923 10174
56.667829 10073
56.668574 9997
56.669525 9982
56.670162 9948
56.672314 9730
56.674838 9704
56.719590 9642
56.757711 9508
58.443646 9434
58.451747 9426
58.675084 9333
60.702937 9325
60.704338 9313
60.705289 9308
60.705395 9226
60.745595 9188
60.745919 9176
60.747617 9158
60.747834 9129
60.749419 8998
60.763982 8885
61.638014 8879
61.638553 8842
61.639734 8811
61.658831 8762
61.736381 8614
61.739019 8604
61.739675 8449
61.740627 8409
66.326689 8340
66.330703 8267
66.348377 8236
66.352512 8180
66.377246 8178
66.492274 8170
68.669547 8144
68.718269 8143
68.917396 8056
68.923740 8037
68.930159 7967
68.959182 7953
68.977513 7931
69.009871 7928
69.063028 7918
69.193179 7900
71.078589 7891
73.174146 7862
73.653475 7819
76.383849 7789
76.411070 7776
76.422659 7773
76.445016 7739
78.191414 7711
78.193232 7689
78.750252 7543
80.256273 7542
