0.000443 29947
0.000984 29882
0.001080 29447
0.001689 29147
0.002554 28632
0.044720 27575
0.111202 27495
0.111727 27430
0.111945 26551
0.112122 26196
0.156913 26016
0.201420 25930
0.225927 25850
0.226453 25785
0.226632 24906
0.226809 24551
0.271707 24371
0.280099 24223
0.338147 24143
0.339047 24078
0.339254 23199
0.342516 23165
0.386298 23153
0.388645 22904
0.456236 22824
0.457706 22693
0.458147 22352
0.459101 22238
0.459455 21509
0.569470 21407
0.573267 21367
0.573800 21348
0.573988 21285
0.574936 20825
0.577449 20572
0.585228 20290
0.678853 20188
0.681454 20099
0.683442 20071
0.685171 19945
0.685610 19686
0.686817 19353
0.725526 19253
0.788372 19151
0.792169 19111
0.792694 19092
0.792959 19034
0.793912 18569
0.796344 18316
0.814608 18156
0.897852 18054
0.899843 17965
0.902425 17937
0.903545 17811
0.903992 17552
0.905799 17219
0.972671 17203
1.007156 17101
1.011380 17099
1.011475 17042
1.011749 16984
1.012865 16858
1.016647 16836
1.027743 16661
1.038973 16518
1.068977 16493
1.090448 16414
1.100896 16398
1.116571 16296
1.120814 16294
1.120910 16237
1.121176 16179
1.122294 16053
1.126100 16031
1.137180 15856
1.148428 15713
1.178368 15688
1.199913 15609
1.226017 15507
1.230234 15505
1.230330 15448
1.230595 15390
1.231714 15264
1.235498 15242
1.246575 15067
1.257804 14924
1.287296 14837
1.335824 14735
1.340042 14733
1.340138 14676
1.340404 14618
1.342037 14400
1.356368 14295
1.367615 14152
1.444874 14050
1.449101 14048
1.449199 13991
1.449463 13933
1.451094 13715
1.465861 13691
1.466554 13671
1.467246 13668
1.494425 13535
1.554002 13433
1.558229 13431
1.558324 13374
1.558589 13316
1.574926 13266
1.575535 13080
1.637735 13013
1.663195 12911
1.667394 12909
1.667490 12852
1.667787 12794
1.674045 12646
1.684765 12558
1.685543 12552
1.772251 12450
1.776483 12448
1.776579 12391
1.777611 12115
1.809528 12087
1.881457 11985
1.885677 11983
1.885773 11926
1.888710 11884
1.919824 11768
1.942080 11684
1.990645 11582
1.994859 11580
1.994954 11523
1.997879 11481
2.029012 11365
2.099768 11263
2.103979 11261
2.104075 11204
2.106987 11162
2.160711 11143
2.181158 11125
2.185527 11055
2.208849 10953
2.213064 10951
2.213161 10894
2.215560 10618
2.319674 10516
2.324514 10514
2.324623 10457
2.379497 10396
2.442932 10294
2.447157 10292
2.447254 10235
2.506831 10184
2.552102 10082
2.556317 10080
2.556414 10023
2.669903 9922
2.670002 9889
2.778833 9788
2.799063 9776
2.822962 9761
2.887996 9660
2.908779 9616
2.909046 9581
2.997416 9480
3.088403 9475
3.106433 9374
3.219564 9339
3.272494 9338
3.272846 9320
3.277411 9293
3.307397 9284
3.331950 9249
3.384916 9248
3.385270 9230
3.389836 9203
3.441604 9168
3.496379 9149
3.501084 9137
3.507963 9123
3.552981 9088
3.606161 9074
3.629190 9051
3.662144 9016
3.715165 9002
3.771110 8967
3.835886 8951
3.835983 8932
3.880291 8897
3.928314 8885
3.989553 8850
4.106250 8755
4.219419 8715
4.336120 8621
4.455486 8593
4.580617 8576
4.627601 8573
4.689530 8556
4.803405 8543
4.924775 8538
5.022490 8518
5.136890 8508
5.139307 8503
9.687565 8502
9.771254 8483
9.783342 8468
9.785002 8466
9.833962 8448
9.880477 8429
9.892566 8414
9.894208 8412
9.989390 8393
10.001518 8378
10.043633 8376
10.098384 8357
10.110483 8342
10.224202 8317
10.228124 8259
10.330964 8248
10.365624 8244
10.389450 8236
10.439989 8225
10.474713 8221
10.549101 8210
10.669590 8205
10.820538 8201
10.857430 8057
10.929733 7933
15.280127 7836
15.331885 7824
15.336197 7808
15.336295 7799
15.437017 7786
15.441234 7772
15.445532 7724
15.566688 7695
15.668070 7690
15.679896 7685
15.679993 7673
15.716733 7668
15.777186 7663
15.789066 7658
15.789162 7646
15.886594 7641
15.898416 7623
15.995529 7618
521.307383 7569
521.479115 7553
521.483164 7547
521.588429 7542
