0.000335 27649
0.000603 27631
0.000813 26376
0.003266 26351
0.003569 25826
0.003771 24792
0.010824 24419
0.012752 23932
0.013250 23625
0.013355 23540
0.013457 23091
0.013656 22830
0.013955 22829
0.014546 22331
0.014649 22216
0.179006 22205
0.179220 22204
0.224388 22096
0.224596 22037
0.226555 22015
0.226759 21426
0.227059 21411
23.157539 21147
25.784257 20926
26.946114 20872
29.966217 20785
29.966781 20735
29.967009 20729
29.967341 20593
30.047817 20506
30.048252 20441
31.608811 20382
31.610525 19477
31.610861 19082
36.982914 19013
37.457426 18560
38.179542 18348
38.346231 18330
38.346343 18213
38.346882 18183
38.347314 18088
38.347637 17969
39.401364 17629
39.883971 17587
39.884640 17401
40.041976 17334
40.042117 17205
40.042549 17182
40.042655 17095
40.044976 16664
40.047822 16650
40.048250 16305
40.049522 16111
40.049736 16033
41.184528 15810
41.184858 15753
41.185288 15179
43.726463 15031
44.894231 14794
44.894456 14492
44.894886 14366
44.894992 14335
46.568436 14287
47.656464 14210
47.660005 14195
47.954271 14119
47.954496 14026
47.955247 13751
47.956656 13740
47.957506 13684
47.959002 13510
47.959539 13314
47.960075 13291
48.668856 13235
48.669082 13117
49.560419 12766
49.565680 12720
49.569061 12599
51.652192 12438
51.653780 12383
52.399695 12365
52.401570 12248
52.403076 12204
52.403936 12194
52.405779 12010
53.295945 11987
53.605761 11828
53.609491 11789
53.609604 11707
53.610990 11616
53.611314 11412
53.614429 11129
53.614966 11050
53.616358 11006
56.259605 10934
56.259952 10924
56.268842 10648
56.269063 10640
56.270135 10363
56.271358 10268
56.277576 10241
58.187101 10190
58.191603 10161
58.193748 10032
58.194394 9938
58.207004 9824
58.207332 9679
58.208854 9584
58.212487 9557
58.604707 9501
58.604935 9473
58.613571 9370
61.958153 9332
61.958924 9272
61.966401 9117
61.967260 9049
62.002619 9011
62.447051 8995
62.450896 8908
62.542396 8828
62.569516 8769
62.570086 8768
62.758394 8502
62.767028 8447
62.767262 8437
64.548052 8430
69.068430 8392
69.068997 8352
69.071255 8266
69.078796 8245
69.080417 8186
69.166708 8171
69.184309 8154
69.354445 8047
69.466247 8029
69.580157 7997
69.689602 7982
69.976799 7925
69.989633 7888
69.993060 7875
69.996603 7829
70.093092 7790
70.093741 7778
70.154370 7765
70.161337 7672
70.188712 7668
70.193929 7663
70.207585 7633
70.229149 7619
72.770973 7547
79.890196 7543
208.794732 7542
