0.000367 27858
0.000566 27557
0.000919 27455
0.003438 27356
0.004824 27302
0.005173 27178
0.009077 26501
0.110565 26116
0.111005 25731
0.113495 25632
0.115226 25454
0.123491 25333
0.140282 25331
0.142024 25257
0.148904 25099
0.149344 24956
0.223634 24571
0.224249 24414
0.224427 24285
0.227199 24257
0.231666 23890
0.253586 23791
0.269241 23459
0.336723 23074
0.338307 22590
0.344822 22393
0.432922 22222
0.450058 21837
0.451618 21353
0.458137 21156
0.526604 21117
0.560423 20732
0.562118 20563
0.562933 20446
0.568582 20051
0.670237 19919
0.670341 19882
0.670946 19837
0.671474 19542
0.674079 19383
0.699721 19380
0.700768 19260
0.780517 19128
0.780614 19091
0.781484 18706
0.782282 18589
0.814134 18541
0.825564 18261
0.890742 18129
0.890839 18092
0.892219 18047
0.892744 17752
0.894586 17593
0.970814 17583
0.980294 17484
1.001104 17352
1.001200 17315
1.002595 17270
1.003118 16975
1.003993 16930
1.004948 16816
1.080047 16483
1.111326 16351
1.111422 16314
1.112797 16269
1.113425 16203
1.114485 15812
1.214803 15805
1.215333 15705
1.221545 15573
1.221641 15536
1.223040 15491
1.223652 15425
1.224786 15320
1.225315 15196
1.235654 15107
1.256413 14996
1.332694 14864
1.332802 14827
1.333412 14805
1.334218 14442
1.374982 14245
1.442907 14113
1.443005 14076
1.444908 14031
1.445544 13965
1.446699 13736
1.457541 13647
1.531600 13603
1.553220 13471
1.553316 13434
1.555235 13389
1.556973 13094
1.567833 13005
1.663688 12873
1.665077 12775
1.665258 12620
1.667442 12496
1.697919 12418
1.773815 12286
1.774803 12138
1.777585 11909
1.883922 11771
1.884538 11717
1.896613 11450
1.994283 11410
1.994900 11258
2.011089 11165
2.091001 11052
2.104505 11012
2.105118 10860
2.121313 10767
2.214765 10727
2.215378 10575
2.254969 10539
2.255152 10508
2.326086 10468
2.326785 10467
2.365398 10396
2.365752 10191
2.436482 10151
2.437436 10122
2.489108 10102
2.489547 10098
2.492066 10091
2.508940 10047
2.515330 10021
2.525782 9989
2.544228 9979
2.546661 9939
2.547612 9910
2.599442 9890
2.599881 9886
2.602410 9879
2.619266 9835
2.625663 9809
2.636091 9777
2.656987 9737
2.657959 9708
2.709602 9688
2.710054 9684
2.712571 9677
2.729398 9633
2.767011 9593
2.767969 9564
2.819616 9544
2.822577 9509
2.875884 9499
2.877185 9459
2.878151 9430
2.930002 9410
2.932954 9375
2.987475 9335
3.048583 9324
3.049114 9283
3.097871 9243
3.153821 9232
3.153921 9231
3.191954 9225
3.202611 9198
3.208306 9158
3.263995 9147
3.264093 9146
3.306834 9140
3.321329 9113
3.323166 9073
3.378796 9062
3.378894 9061
3.416799 9055
3.433127 9015
3.490227 9004
3.490332 9003
3.527962 8943
3.530398 8897
3.544415 8857
3.600237 8846
3.600335 8845
3.638973 8819
3.654521 8779
3.710388 8768
3.710485 8767
3.759974 8751
3.764815 8711
3.820449 8700
3.820546 8699
3.874773 8659
3.930383 8637
3.984986 8597
4.127338 8590
4.147774 8577
4.159685 8561
4.237356 8554
4.257848 8541
4.277755 8531
4.347891 8524
4.368483 8511
4.395129 8473
4.458116 8466
4.478602 8453
4.532866 8444
4.568155 8437
4.588600 8424
4.677889 8417
4.704554 8413
4.725419 8407
4.787968 8400
4.814667 8396
4.859208 8390
4.897961 8383
4.924565 8379
5.007890 8372
5.153203 8367
10.139608 8363
10.141233 8356
10.255761 8351
14.866800 8350
14.928500 8338
14.976829 8325
14.976928 8287
15.141960 8280
15.153640 8264
15.251848 8257
15.372381 8252
20.740202 8231
24.946489 8216
24.974066 8204
25.057056 8177
25.219125 8176
25.252188 8157
25.255735 8152
25.329109 8151
25.362177 8146
25.439187 8145
25.472264 8121
25.549352 8120
29.773859 8082
29.900485 8058
29.912109 8052
29.919135 8024
30.010344 8000
30.037371 7990
30.081692 7984
30.120375 7960
30.241775 7942
30.245416 7937
30.351742 7936
30.351840 7929
30.409645 7920
30.461509 7919
30.461607 7912
30.587130 7907
30.694553 7854
30.855384 7834
30.975765 7829
31.100009 7828
56.518045 7827
56.525553 7808
56.626033 7797
56.628117 7782
56.763303 7781
233.710197 7774
233.735526 7770
233.780999 7769
233.820511 7751
233.891430 7750
233.948618 7746
234.004722 7745
296.556953 7681
473.012741 7672
489.074144 7658
