0.000583 29248
0.000706 29246
0.000911 28581
0.015373 28467
0.017633 28414
0.018326 28400
0.020009 28123
0.020697 27818
0.022951 27770
0.049452 27661
0.053281 27623
0.078989 27432
0.125757 27370
0.125865 27368
0.126065 26703
0.140515 26589
0.145197 26245
0.147441 25954
0.175546 25783
0.176661 25645
0.256426 25583
0.256540 25581
0.256741 24916
0.271412 24749
0.272100 24735
0.276109 24460
0.276921 24422
0.278144 24167
0.376511 24050
0.388979 23988
0.389093 23986
0.389300 23321
0.404114 23154
0.404820 23140
0.408791 22865
0.409592 22827
0.411598 22630
0.515588 22392
0.515697 22172
0.520636 21957
0.532130 21821
0.539250 21707
0.539751 21613
0.540549 21473
0.589414 21256
0.641572 21018
0.641682 20798
0.646658 20583
0.658169 20447
0.665297 20333
0.665994 20131
0.746746 19967
0.767553 19729
0.767660 19509
0.772606 19294
0.784367 19071
0.791197 19044
0.791893 18842
0.894006 18801
0.894903 18594
0.896013 18407
0.899881 18386
0.908097 18135
0.910374 17946
0.947722 17945
0.962034 17720
1.020011 17679
1.020843 17543
1.021541 17512
1.023440 17478
1.025812 17412
1.029301 17281
1.034144 17013
1.034647 16911
1.071967 16609
1.146143 16151
1.151120 15936
1.206545 15838
1.272854 15738
1.273261 15403
1.281484 15399
1.288173 14942
1.397738 14916
1.397956 14765
1.402025 14700
1.402926 14634
1.414288 14507
1.417476 14481
1.420966 14404
1.431983 14338
1.433965 14245
1.523942 14219
1.524838 14183
1.524945 14181
1.525937 13997
1.530802 13996
1.531009 13572
1.649789 13561
1.650782 13430
1.651897 13137
1.673769 13062
1.773469 13054
1.776637 13043
1.777645 12912
1.778741 12619
1.799595 12585
1.909393 12574
1.909510 12566
1.909623 12471
1.925005 12314
1.945688 12124
2.035114 12096
2.038364 12085
2.038471 12077
2.038593 11982
2.052973 11825
2.072318 11635
2.164775 11624
2.164886 11616
2.164992 11521
2.179364 11364
2.197276 11320
2.290856 11309
2.290964 11301
2.291069 11206
2.306190 11049
2.407095 11039
2.416278 11028
2.416386 11020
2.416490 10925
2.430681 10768
2.541331 10756
2.541442 10738
2.544377 10706
2.544485 10704
2.570844 10539
2.638118 10497
2.665803 10485
2.665914 10467
2.669054 10355
2.695570 10344
2.696750 10322
2.711020 10279
2.779359 10244
2.790280 10232
2.790387 10214
2.794308 10182
2.794415 10180
2.819935 10156
2.820043 10091
2.835479 10026
2.914784 10014
2.914892 9996
2.918803 9964
2.918910 9962
2.944390 9938
2.944498 9873
2.994501 9792
3.039212 9780
3.039320 9762
3.043237 9730
3.043344 9728
3.069063 9597
3.146050 9576
3.164011 9564
3.164118 9546
3.168029 9514
3.168136 9512
3.193798 9381
3.291053 9369
3.291180 9351
3.295095 9319
3.295203 9317
3.319903 9295
3.331204 9239
3.416323 9227
3.416434 9209
3.420357 9177
3.420469 9175
3.452480 9159
3.453962 9101
3.535551 9098
3.541991 9086
3.542097 9068
3.546022 9036
3.546130 9034
3.576835 9018
3.578310 8960
3.666514 8948
3.666622 8930
3.670536 8898
3.670643 8896
3.701299 8880
3.786507 8824
3.790996 8812
3.791117 8794
3.795017 8762
3.795129 8760
3.825770 8744
3.915540 8732
3.915649 8714
3.919577 8682
3.919684 8680
3.953742 8677
4.036584 8672
4.040123 8660
4.040229 8642
4.043957 8615
4.078271 8605
4.164661 8593
4.164771 8575
4.168496 8548
4.293053 8363
4.419395 8336
4.470379 8335
4.543995 8308
4.705984 8290
4.800351 8281
4.838402 8263
4.970928 8259
4.974943 8256
4.978856 8247
4.986378 8230
5.115390 8225
5.136292 8219
5.239621 8214
5.263365 8107
5.363826 8102
5.528290 8101
11.362626 8081
11.366806 8076
11.370837 8007
11.469914 8002
11.483141 7996
11.563639 7955
11.594307 7950
11.607514 7944
11.718760 7939
11.928248 7938
12.054276 7915
24.680197 7798
24.852868 7797
203.175930 7790
203.335043 7786
203.517270 7785
309.180403 7723
309.375049 7722
309.403719 7700
309.419427 7589
309.499613 7588
309.528247 7566
309.624136 7565
309.751644 7542
