0.000298 26554
0.000450 25678
0.000815 25556
0.001052 25306
0.001173 24510
0.002098 24287
0.004972 24253
0.045046 24092
0.045402 24086
0.045522 23933
0.048497 23868
0.049417 23858
0.049652 23591
0.049999 23537
0.050690 23446
0.050981 23060
0.051105 22984
0.058075 22633
0.058198 21937
0.058546 21224
0.058780 20934
32.599042 20426
32.599651 20346
32.599910 20179
32.601026 20138
32.601158 19816
32.601551 19813
32.601929 19364
32.602557 19325
39.700769 18965
39.701162 18838
39.701292 18376
43.730910 18226
43.732757 17536
43.733261 17382
43.802021 17319
46.239846 16797
48.987467 15952
48.997751 15921
48.997881 15819
48.998743 15592
51.275460 15555
51.281506 15289
51.283334 14932
51.283597 14867
51.287107 14694
51.291191 14421
51.291442 14302
51.293041 14260
51.293895 14134
51.297564 14099
51.297937 13859
55.200497 13556
56.056756 13393
56.058494 13303
56.061698 12819
56.062073 12709
56.062322 12321
56.062569 12232
60.414926 12201
60.415189 12192
60.415563 12075
60.466293 12074
60.467866 11932
60.468376 11782
61.802094 11740
61.805439 11593
61.825129 11487
61.828232 11374
61.840065 11355
61.840814 11266
61.841310 11254
61.842301 11102
61.842425 10986
61.848270 10963
61.850011 10912
61.850894 10813
61.899612 10799
61.906160 10642
65.624842 10622
65.630331 10432
65.640349 10278
65.648268 10225
66.822817 10169
67.725895 10098
67.733701 9912
67.737685 9811
67.738432 9806
67.739315 9768
67.741904 9748
67.742525 9665
67.744903 9237
67.746395 9229
67.748389 9202
67.759997 9127
67.763818 9123
67.765307 9061
67.773207 9057
67.776562 9036
73.152582 8982
73.158285 8966
73.167042 8793
73.176547 8759
73.181496 8737
73.184189 8734
73.185427 8710
74.633054 8688
74.729188 8639
76.309676 8592
76.375107 8571
76.522567 8528
76.607118 8485
78.494398 8484
78.503548 8470
78.506270 8401
79.062518 8373
79.164565 8362
79.212965 8360
79.216317 8359
79.218924 8308
79.219303 8269
79.225226 8267
79.225986 8258
79.244762 8247
79.308014 8140
79.509886 8139
81.115582 8138
81.190222 8137
81.302510 8047
81.324380 8007
81.326593 7986
81.348548 7969
82.528480 7960
82.544963 7856
82.603646 7785
82.616997 7776
82.617991 7736
82.633216 7722
82.710793 7719
82.964500 7691
83.884871 7689
83.885501 7679
95.306817 7652
95.307736 7597
95.344879 7577
95.409013 7571
95.420779 7570
95.444121 7565
97.306208 7554
97.338662 7548
97.348841 7547
97.409997 7542
