0.000472 31320
0.000583 30715
0.001852 30493
0.003534 30310
0.014034 30085
0.020374 29832
0.065931 29561
0.113317 29447
0.113412 28842
0.114710 28500
0.116000 28437
0.123556 28203
0.131801 28103
0.205563 27954
0.222688 27840
0.222785 27235
0.224070 26893
0.232897 26596
0.241528 26496
0.321813 26361
0.337764 26247
0.337863 25642
0.339170 25300
0.340213 25237
0.349354 25003
0.357653 24903
0.452058 24718
0.452163 24617
0.452512 24204
0.452778 23965
0.454369 23779
0.463842 23554
0.561387 22799
0.561829 22618
0.563812 22493
0.578517 22301
0.588019 22283
0.629812 22253
0.671315 21498
0.671749 21317
0.672524 21315
0.688636 21000
0.698136 20982
0.780886 20283
0.782707 19858
0.857781 19745
0.889832 19046
0.907881 18492
0.998796 18356
0.999833 17710
1.044533 17431
1.107764 17295
1.108284 17208
1.108547 16832
1.110096 16799
1.167264 16788
1.188861 16759
1.217163 16623
1.217682 16536
1.217944 16160
1.223890 15649
1.326608 15449
1.327134 15426
1.327312 15323
1.328091 14867
1.359305 14854
1.436212 14654
1.436998 14579
1.437094 14566
1.437702 14072
1.545576 13998
1.545928 13627
1.577476 13617
1.596793 13429
1.655095 13355
1.655451 12984
1.687089 12974
1.688383 12860
1.764618 12786
1.766257 12688
1.766368 12449
1.875595 12336
1.879993 12107
1.881633 12017
1.884220 11962
1.983718 11902
1.991072 11530
2.095722 11417
2.099945 11406
2.101667 11328
2.103402 11138
2.115172 11128
2.205417 11015
2.209635 11004
2.211532 10993
2.212141 10954
2.212834 10836
2.213098 10736
2.315207 10623
2.319458 10612
2.335034 10596
2.359131 10592
2.359399 10584
2.359922 10495
2.382650 10470
2.424796 10357
2.429030 10346
2.444612 10330
2.469455 10229
2.534215 10116
2.538444 10105
2.554113 10059
2.592982 10017
2.639591 10002
2.643469 9889
2.647718 9878
2.663426 9832
2.702465 9790
2.749406 9701
2.752939 9588
2.757175 9577
2.772880 9531
2.811802 9489
2.862193 9376
2.866456 9365
2.882135 9319
2.971838 9206
2.976054 9195
3.077883 9185
3.081082 9072
3.085334 9061
3.187138 9001
3.206468 8947
3.296293 8887
3.329483 8855
3.373336 8835
3.408142 8775
3.441373 8743
3.520135 8683
3.601648 8652
3.629553 8592
3.717431 8588
3.738715 8528
3.749823 8515
3.870164 8480
3.948418 8478
3.979361 8443
4.053555 8432
4.088686 8397
4.190011 8327
4.216234 8308
4.246041 8255
4.309862 8243
4.313581 8238
4.380120 8221
4.419151 8209
4.422871 8204
4.600199 8199
4.606644 8196
4.708918 8191
4.829627 8190
9.614365 8181
14.052030 8178
14.052177 8136
14.167287 8131
14.182308 8112
14.202558 8097
14.276487 8092
14.291585 8073
14.386165 8068
14.429650 8056
14.495347 8051
23.996758 8044
24.057838 8043
24.106354 8029
24.222577 8027
24.222677 8016
24.335646 8012
24.335745 8007
24.339123 8001
24.443794 7995
24.502694 7993
24.553378 7987
35.310065 7955
35.325108 7925
35.325208 7867
35.419655 7819
35.537356 7747
35.683957 7740
35.805541 7739
35.838594 7735
35.914980 7734
119.310702 7683
587.327148 7680
587.330815 7679
587.334029 7676
587.433852 7669
587.437228 7547
587.562071 7542
