0.000538 28815
0.002478 28775
0.003012 28549
0.004140 28306
0.004579 28232
0.024134 28190
0.027160 28080
0.046610 27893
0.046961 27858
0.048933 27720
0.059409 27634
0.110691 27375
0.112395 27043
0.114295 27003
0.114840 26777
0.130308 26727
0.131384 26676
0.136561 26418
0.139699 26308
0.159794 26121
0.160158 26086
0.162239 25948
0.172927 25862
0.225761 25530
0.227605 25490
0.228131 25264
0.243345 25192
0.244131 25163
0.249126 24905
0.252144 24795
0.271627 24608
0.273958 24435
0.343333 24103
0.344570 23811
0.345008 23806
0.360473 23639
0.364859 23599
0.368816 23356
0.393184 23320
0.397143 23202
0.419601 23045
0.452889 22713
0.454111 22421
0.469972 22249
0.474364 22209
0.478344 21966
0.503346 21687
0.504134 21583
0.562509 21251
0.563460 21203
0.566062 21056
0.580192 21009
0.581492 20900
0.592713 20865
0.597635 20691
0.630419 20589
0.638697 20455
0.646666 20309
0.672231 19977
0.673183 19929
0.675793 19782
0.689907 19735
0.691206 19626
0.705950 19624
0.707334 19417
0.748434 19181
0.782021 18849
0.782980 18801
0.784103 18557
0.804336 18345
0.817051 18289
0.891536 17957
0.892233 17660
0.909753 17606
0.918334 17542
0.951406 17432
1.001228 17100
1.001940 16803
1.023217 16596
1.111284 16314
1.112072 16269
1.112252 16069
1.127678 16052
1.177753 15796
1.221141 15514
1.221849 15485
1.222713 15416
1.237482 15252
1.310487 15228
1.330607 14946
1.331307 14917
1.332174 14848
1.346982 14684
1.439505 14366
1.441485 14304
1.492228 14227
1.504180 14156
1.549033 13838
1.550280 13784
1.603328 13628
1.661616 13310
1.728997 13285
1.753741 13197
1.770138 13195
1.772797 12877
1.838647 12852
1.863442 12850
1.864393 12849
1.882322 12531
1.947910 12506
1.972689 12504
1.975364 12295
1.991606 11977
2.057399 11952
2.082116 11950
2.101033 11632
2.176012 11611
2.210513 11293
2.327585 11216
2.327705 11140
2.329255 10985
2.440599 10908
2.440704 10832
2.445988 10795
2.446618 10681
2.553602 10604
2.553715 10528
2.560929 10466
2.576669 10452
2.576862 10390
2.667174 10313
2.667278 10237
2.674169 10164
2.728088 10084
2.779562 10007
2.779677 9931
2.796445 9911
2.887963 9897
2.888154 9874
2.892573 9645
3.037608 9550
3.052287 9545
3.068032 9516
3.070624 9512
3.093375 9483
3.095112 9482
3.104193 9472
3.147139 9377
3.161865 9372
3.177627 9343
3.180227 9339
3.203000 9310
3.204720 9309
3.256663 9214
3.287158 9180
3.289734 9176
3.312694 9171
3.371354 9076
3.402935 9042
3.405617 9038
3.484834 8943
3.544169 8939
3.596280 8844
3.705967 8827
3.736235 8821
3.752685 8766
3.773785 8763
3.815427 8746
3.845778 8740
3.862230 8685
3.926271 8668
3.956756 8662
3.980100 8593
4.036261 8576
4.051807 8379
4.167569 8372
4.167667 8359
4.167760 8330
4.167938 8306
4.195362 8252
4.203634 8242
4.277011 8235
4.277108 8222
4.277200 8193
4.277378 8169
4.389868 8168
4.390063 8116
4.418459 8102
4.499169 8101
4.499353 8049
4.546901 8041
4.608384 8040
4.608568 7988
4.722953 7966
4.762406 7965
4.833705 7943
4.951090 7938
21.100589 7928
21.183277 7927
21.226737 7907
21.241422 7905
21.293061 7904
21.336380 7884
21.402515 7883
21.445942 7875
21.446040 7871
21.512232 7870
21.557708 7846
21.621935 7845
26.875768 7774
26.967966 7735
26.975884 7730
27.073686 7615
27.190689 7596
