0.000345 27280
0.000697 27200
0.002407 26935
0.002712 26703
0.002816 26427
0.005072 26233
0.007535 26220
0.007738 25502
0.008723 25464
0.010990 24690
0.029002 24550
0.029113 24183
0.061679 24155
0.092802 24061
0.092910 24047
0.093310 23880
0.099293 23843
0.099501 23760
0.100290 23644
0.100492 23250
0.100694 23245
0.173728 23192
0.173837 22549
0.174350 22415
0.439212 22259
0.439598 22164
0.439714 21540
0.439820 21190
27.683574 20918
27.684161 20657
27.684378 20460
31.069106 20205
31.069242 20013
31.338765 19947
34.954134 19885
35.510690 19806
35.511130 19677
35.511241 19312
35.514655 19119
35.514765 19109
35.514977 18966
35.515710 18837
35.517688 18801
35.517901 18414
38.763884 17984
38.764449 17457
38.765425 16998
39.354169 16960
39.356176 16801
40.947865 16599
40.959033 16420
42.283905 16382
42.284549 16287
42.682540 16084
42.683284 15890
42.684228 15815
43.107288 15685
43.112323 15523
43.113275 15431
45.175736 15407
45.175959 15348
45.177220 15262
45.178311 14965
45.179176 14876
45.430068 14752
45.430183 14448
46.341023 14228
46.835222 14178
46.835447 14116
46.835766 14089
46.837769 13994
46.850652 13835
46.862187 13667
46.863143 13666
46.863461 13618
46.863890 13466
46.864103 13235
47.543538 13194
48.609227 13074
48.882524 13012
48.883380 12800
50.889938 12586
51.463604 12569
51.479723 12349
51.480288 12348
51.480737 12003
51.481074 11898
51.481750 11762
51.483052 11583
51.484008 11571
51.484746 11323
51.485273 11301
51.487390 11168
51.491594 11078
51.492336 10935
51.492442 10882
53.369586 10747
53.371081 10454
55.132315 10381
55.136956 10368
55.137911 10364
55.138143 10277
55.141189 10046
57.711909 9957
57.712765 9907
57.722543 9892
58.791574 9797
58.795281 9751
58.795922 9728
58.816321 9568
60.329125 9413
60.944273 9386
60.950020 9369
61.933649 9342
62.005759 9281
62.035435 9234
62.613244 9134
62.617255 9094
62.624032 9088
62.625616 9049
62.646863 8864
62.653385 8579
66.022307 8575
68.990096 8550
68.990638 8497
70.950499 8481
70.963709 8468
71.049294 8465
71.067660 8446
71.107203 8428
71.607531 8395
71.608698 8369
71.614196 8308
71.614623 8300
73.957206 8254
73.996839 8239
74.002541 8140
74.135605 8132
74.156127 8127
74.238198 8088
74.303382 8069
74.309270 8053
74.342071 8050
74.406492 8049
74.438550 8026
74.628159 7983
74.823227 7976
75.988995 7962
76.032851 7947
76.067742 7936
78.650598 7935
78.796503 7916
78.796622 7911
78.982920 7904
80.636979 7903
80.848269 7892
80.944519 7885
128.152025 7844
128.357099 7834
131.424608 7807
131.657987 7773
134.873825 7753
134.875961 7730
134.987031 7725
135.309181 7724
136.213119 7657
136.246295 7633
136.249353 7610
136.463599 7566
138.586392 7548
138.593025 7543
199.757630 7542
