0.000305 27272
0.000606 27157
0.002193 27144
0.005104 27124
0.006065 27112
0.007379 27109
0.008256 27048
0.009234 25832
0.011228 25706
0.029923 25664
0.111086 25570
0.111360 25455
0.112930 25442
0.116238 25359
0.118945 25346
0.119909 24130
0.121913 24004
0.222006 23761
0.226379 23655
0.236920 23582
0.245353 23571
0.246925 23542
0.248584 23537
0.250168 23506
0.250785 23503
0.256204 22712
0.334483 22469
0.338831 22363
0.361966 22279
0.363587 22250
0.366840 22214
0.367470 22211
0.379021 22141
0.379732 22031
0.380342 21831
0.382701 21689
0.387380 21651
0.422946 21608
0.453191 21365
0.457624 21259
0.474829 21175
0.476398 21146
0.479600 21058
0.491777 21037
0.492480 20927
0.493104 20727
0.495435 20585
0.500110 20547
0.568862 20304
0.573204 20198
0.590283 20192
0.591327 20148
0.592025 20085
0.595241 19997
0.607334 19976
0.608463 19619
0.610978 19524
0.671593 19488
0.679096 19245
0.683426 19139
0.686638 19098
0.701547 19089
0.704285 19077
0.705511 18938
0.706640 18668
0.718835 18560
0.789900 18317
0.794260 18211
0.797493 18170
0.810880 18127
0.816338 18010
0.817487 17740
0.900270 17497
0.900986 17479
0.904900 17422
0.921432 17181
0.950256 17066
0.951473 17018
1.010830 16775
1.015436 16700
1.031954 16614
1.052390 16602
1.061332 16575
1.065333 16510
1.072953 16416
1.075807 16377
1.098141 16320
1.121443 16077
1.126053 16002
1.142510 15916
1.162944 15904
1.183389 15718
1.186259 15679
1.232172 15436
1.236805 15361
1.253877 15275
1.274431 15263
1.300621 15110
1.321674 15061
1.334877 15055
1.343453 14812
1.348059 14737
1.364662 14651
1.385338 14650
1.385435 14484
1.392179 14468
1.432364 14437
1.454053 14194
1.458663 14119
1.475209 14033
1.495932 14032
1.496028 13866
1.502841 13850
1.564757 13607
1.569384 13532
1.588750 13451
1.594427 13446
1.617540 13361
1.657488 13281
1.675425 13038
1.680110 12963
1.699585 12882
1.705302 12877
1.728279 12792
1.786262 12549
1.790860 12474
1.810301 12393
1.816039 12388
1.848427 12298
1.897147 12055
1.901747 11980
1.921051 11899
1.926688 11894
2.004246 11882
2.007458 11639
2.012071 11564
2.031338 11478
2.118436 11407
2.119743 11399
2.119925 11356
2.124008 11221
2.161332 11076
2.203924 11074
2.229423 11003
2.230730 10995
2.232833 10982
2.235001 10817
2.235356 10756
2.273062 10672
2.341336 10601
2.342651 10593
2.344764 10580
2.346939 10415
2.347296 10354
2.451713 10277
2.455681 10262
2.475945 10197
2.476133 10128
2.501414 10039
2.562757 9962
2.566535 9947
2.586864 9882
2.587050 9813
2.632653 9756
2.673243 9679
2.674982 9666
2.695236 9630
2.695421 9613
2.697613 9530
2.786109 9516
2.786254 9460
2.786441 9438
2.796639 9430
2.805333 9355
2.896916 9341
2.897013 9285
2.897193 9263
2.927052 9244
2.988705 9214
3.007488 9200
3.007672 9138
3.011756 9136
3.025962 9124
3.037583 9103
3.118038 9089
3.118224 9027
3.122312 9025
3.136597 9013
3.148440 8845
3.228676 8831
3.228878 8769
3.232963 8767
3.247077 8755
3.325074 8750
3.329002 8748
3.340896 8734
3.341082 8672
3.345187 8670
3.359301 8658
3.447344 8652
3.455497 8638
3.455684 8576
3.459775 8574
3.473892 8562
3.565684 8548
3.565931 8486
3.570015 8484
3.640530 8472
3.677955 8458
3.678140 8396
3.682249 8394
3.766177 8391
3.777858 8389
3.788301 8375
3.788533 8313
3.792624 8311
3.876666 8308
3.898865 8285
3.898963 8284
3.899057 8218
4.007304 8212
4.018370 8189
4.022626 8188
4.022723 8161
4.022902 8155
4.095924 8153
4.117817 8147
4.128823 8124
4.133091 8123
4.133187 8096
4.133368 8090
4.228663 8084
4.303490 8067
4.341462 8061
13.861275 8021
14.027299 8004
14.036834 8001
14.037021 7986
14.125934 7951
14.152581 7947
14.247837 7930
14.380165 7929
14.490249 7906
24.397650 7901
24.508611 7899
24.508728 7892
24.512119 7878
24.528307 7865
24.619375 7863
24.619474 7856
24.622886 7842
24.652968 7834
24.729872 7832
24.729970 7825
24.733367 7811
24.873660 7792
25.005334 7791
66.009041 7776
66.017706 7754
66.119912 7719
66.152193 7714
66.230517 7679
66.270286 7660
66.341494 7625
66.491760 7602
66.560645 7597
66.602362 7574
66.770678 7573
66.781490 7554
66.881112 7553
66.893060 7543
66.991619 7542
