1.359515 22205
1.364976 22145
1.373429 21963
1.374371 21893
1.380510 21237
1.382551 21177
1.385823 21170
1.389744 20962
1.390675 20892
1.393288 20884
1.399374 20733
1.464615 20218
1.569613 19906
2.816750 19677
3.384734 19450
13.278623 19434
13.279675 19403
13.484891 19384
13.497684 19366
13.498558 19335
20.329288 18814
58.046038 18784
58.046940 18753
58.059622 18735
58.060494 18704
58.155472 18686
197.631054 18679
198.365806 18668
198.378571 18650
198.379495 18619
198.583783 18600
198.596568 18582
198.597481 18551
204.881499 18521
205.085190 18502
205.097927 18484
205.098841 18453
210.253427 18442
225.809857 18436
225.822495 18418
225.823413 18387
228.744512 18383
244.621671 18353
247.532062 18349
317.661009 18327
317.754497 18309
536.159541 18301
583.365640 18300
585.842178 18286
596.256031 18260
596.349779 18242
