0.000273 29147
0.000405 28503
0.001331 28003
0.001438 27878
0.001641 27775
0.001744 27028
0.001846 26940
0.002047 26925
0.002149 26728
0.002547 26094
0.002749 25671
0.002950 24656
0.003053 23816
0.004529 23749
0.004948 23653
0.005250 23447
0.007994 22790
0.008492 22639
0.009684 22031
0.009984 21842
0.011846 21596
0.500082 21517
24.920808 21306
29.052094 21284
29.063547 21164
32.297547 21061
32.297674 21060
32.298005 21043
32.298122 20935
32.298227 20885
32.372000 20854
32.372120 20826
32.374661 20743
33.165567 20617
33.298170 20371
33.363085 19483
33.363342 19305
34.386537 19228
36.758613 19226
36.758952 19197
36.777673 19138
36.777795 18966
37.357200 18944
37.663488 18662
37.701015 18419
38.693333 17760
38.695056 17758
38.695165 17748
38.696845 17737
39.321538 17694
39.321651 17511
40.005524 17463
40.006428 16975
41.490525 16663
41.494890 16242
43.762707 16114
43.972621 15970
44.673329 15910
44.674403 15643
44.675155 15574
44.693055 15394
44.693914 15317
44.695008 15040
44.698121 14824
46.708778 14687
46.710136 14668
46.710904 14513
46.711229 14180
46.727737 13994
46.730731 13813
46.733000 13170
46.733434 13098
46.734075 12711
49.581755 12429
49.588388 12237
51.552748 12133
51.556698 12101
51.557376 12030
51.557485 12004
51.559802 12001
51.561636 11987
51.561760 11930
51.562299 11926
52.787373 11810
52.788239 11790
53.397094 11672
53.397641 11505
53.446721 11476
53.447376 11102
53.448345 11070
53.451666 10972
54.799901 10938
54.800777 10860
54.802386 10835
54.805615 10805
54.808070 10728
54.808289 10716
54.811085 10657
54.847594 10500
56.239790 10446
58.212996 10342
58.214397 10325
58.220681 10268
58.221669 10153
59.122991 10027
59.129322 9997
59.155347 9984
59.171171 9943
59.191351 9866
59.200226 9762
59.203034 9699
59.261742 9553
59.558705 9456
59.570269 9416
59.600916 9400
59.605835 9347
59.608186 9337
59.609168 9199
60.520181 9128
60.522886 9099
61.693582 9007
61.703750 8992
63.325871 8979
63.330160 8977
63.331348 8965
63.749320 8944
64.684889 8938
64.716902 8925
64.719905 8846
64.735193 8781
65.474540 8769
65.479040 8635
65.738622 8596
65.740668 8589
65.761636 8494
65.766889 8421
65.864373 8400
65.909170 8385
65.926916 8365
65.983957 8307
67.652566 8301
67.669981 8266
67.673522 8229
69.784440 8208
69.786854 8191
69.791777 8139
69.795530 8104
69.806023 8096
69.812647 8043
69.842129 7962
74.371352 7938
74.773219 7929
75.148748 7927
75.167253 7926
75.387470 7921
75.430355 7853
75.449125 7844
75.475139 7828
75.478592 7823
75.552147 7817
76.122354 7812
76.343958 7776
76.890312 7765
76.966568 7760
77.100459 7742
77.300339 7572
77.305805 7571
77.306239 7548
84.482010 7543
85.327583 7542
