0.000907 24936
0.003887 24705
0.004880 24623
0.005234 23905
0.038811 23537
0.111358 23404
0.114322 23066
0.115290 22984
0.115642 22716
0.116337 22448
0.118609 22443
0.149473 22345
0.221742 21852
0.225568 21792
0.226007 21072
0.340451 21016
0.344735 20720
0.360033 20280
0.378315 20227
0.380921 19964
0.455725 19908
0.459820 19612
0.475047 19172
0.493327 19119
0.539194 19033
0.541382 18918
0.565705 18862
0.569801 18566
0.585104 18130
0.643932 18098
0.659795 17968
0.675991 17912
0.680099 17616
0.695006 17176
0.786288 17120
0.790403 16824
0.810886 16685
0.831380 16501
0.836747 16466
0.837454 16356
0.873585 16331
0.896529 16275
0.900611 15979
0.921078 15840
0.940575 15806
0.946398 15788
0.948126 15746
0.970347 15543
1.006651 15487
1.010722 15191
1.031267 15052
1.057137 14723
1.116641 14667
1.120714 14371
1.141164 14232
1.182433 14210
1.190297 14158
1.226707 14102
1.230797 13806
1.251256 13667
1.270701 13633
1.337230 13577
1.341313 13281
1.361781 13142
1.447422 13086
1.451576 12790
1.509379 12697
1.557647 12641
1.561760 12345
1.624437 12331
1.656704 12261
1.667990 12205
1.672090 11909
1.734604 11895
1.778232 11839
1.782316 11543
1.896557 11327
1.901257 11291
1.974748 11248
1.986769 11216
2.006719 11000
2.011402 10964
2.085034 10921
2.117230 10705
2.121921 10669
2.227856 10453
2.295684 10424
2.338898 10208
2.471726 10161
2.472343 10151
2.478951 10132
2.479049 10093
2.496619 10087
2.498107 10047
2.503927 10027
2.513739 10014
2.581996 9967
2.582616 9957
2.589219 9938
2.589316 9899
2.606854 9893
2.608332 9853
2.614157 9833
2.692501 9786
2.693135 9776
2.699729 9757
2.699827 9718
2.739174 9670
2.802637 9623
2.803254 9613
2.809829 9594
2.809926 9555
2.863879 9539
2.871770 9523
2.912856 9484
2.913474 9466
2.920032 9464
2.920129 9408
2.973808 9392
3.022897 9353
3.023514 9335
3.030103 9333
3.030201 9277
3.129375 9237
3.133125 8945
3.263068 8890
3.292171 8860
3.294441 8841
3.377877 8786
3.427189 8758
3.431694 8757
3.487972 8702
3.539079 8700
3.541194 8695
3.547228 8693
3.548617 8690
3.599881 8635
3.649236 8633
3.651315 8628
3.657375 8626
3.659019 8595
3.710024 8540
3.759474 8538
3.761573 8533
3.767593 8531
3.820236 8476
3.869592 8474
3.871670 8469
3.930307 8414
3.979828 8412
4.040532 8357
4.150969 8267
4.154119 8193
4.259624 8121
4.390933 8104
4.422417 8090
4.425719 8082
4.501084 8065
4.532507 8056
4.532605 8020
4.611033 8003
4.645480 8001
4.721041 7984
4.867940 7979
60.809183 7966
60.835566 7951
60.845561 7920
60.945959 7883
60.956089 7772
61.056237 7737
61.188213 7712
61.336122 7711
61.361984 7689
61.446463 7688
174.862955 7548
174.980935 7547
175.009457 7543
175.091363 7542
