0.000293 25035
0.000964 24978
0.001575 24912
0.018895 24907
0.019007 24199
0.019210 23824
0.019612 23673
0.019717 23537
0.019821 23143
0.022307 22988
0.022511 22864
0.023106 22339
0.023211 21648
0.023314 21073
0.023714 21055
0.023918 20918
26.015549 20696
26.015690 20676
26.016324 20386
27.370237 20261
27.370897 20099
27.371855 19803
31.965915 19575
31.966257 19214
31.966373 18796
31.967965 18631
39.004548 18433
39.004690 18386
39.026025 18297
39.026249 18197
39.026897 17748
39.027227 17498
39.517645 17350
39.519659 17325
39.520746 17315
39.520857 17313
39.521390 17201
39.522245 17073
40.892668 16989
41.231497 16944
41.232800 16926
41.233232 16814
42.470948 16600
42.655544 16551
42.655870 16440
43.408741 16347
43.409072 16246
43.409917 15862
43.507440 15324
43.508832 15198
45.081500 15144
45.421664 14971
45.421886 14957
45.421992 14948
45.982036 14855
45.984161 14830
45.992485 14804
45.999375 14786
46.000231 14715
46.900652 14686
47.436835 14428
47.439924 14038
48.198518 13896
48.210718 13777
48.917762 13398
48.917879 13375
48.937768 13190
48.937991 12976
48.952356 12847
48.953760 12746
49.208175 12711
49.208507 12427
49.208853 12385
50.425771 12322
50.427798 12256
50.427915 11955
50.428794 11890
50.429224 11813
53.564307 11548
53.580128 11301
53.667569 11192
53.675654 11176
55.168296 11111
55.176095 11098
55.176542 10997
55.190260 10994
55.190588 10984
55.190806 10982
55.240660 10934
55.255771 10825
56.148165 10819
56.150740 10768
56.241528 10709
56.241642 10674
56.243671 10535
56.250827 10387
56.252006 10339
56.256278 10184
57.029346 10100
57.029678 10045
57.728351 10043
57.729444 9948
57.760900 9906
57.777103 9888
58.976982 9530
59.108311 9516
59.110467 9204
59.115391 9178
59.291853 9118
62.914995 8980
62.916839 8901
63.092603 8890
63.122230 8843
63.180684 8800
63.185167 8799
64.157788 8779
64.157903 8690
65.952842 8599
65.954810 8591
65.958982 8525
65.974821 8494
65.985051 8493
66.037683 8369
66.913468 8318
66.927580 8317
66.954114 8259
66.960934 8218
66.961788 8147
66.966998 8141
66.995594 8083
68.143497 7969
69.056433 7941
69.057834 7928
69.058267 7904
69.076772 7866
69.080385 7863
69.080836 7795
69.105583 7745
69.109419 7740
74.619014 7715
74.655352 7668
74.806522 7666
74.811840 7661
76.937591 7597
78.761967 7594
78.774215 7577
79.015938 7573
79.252450 7566
79.255130 7561
81.168367 7554
81.390289 7547
82.106665 7543
82.140217 7542
