0.000403 28775
0.001052 27936
0.001460 27837
0.001565 27804
0.001768 26716
0.001871 26470
0.002072 25532
0.002175 24636
0.002276 24047
0.037483 23967
0.042006 23849
0.042114 23702
0.042609 23092
0.042811 22866
0.045019 22630
0.045224 22500
0.045327 22348
0.095114 22305
0.176410 22250
0.179260 22118
0.179369 22049
0.179572 22021
0.179775 21936
0.181261 21573
0.249649 21063
0.249963 21013
0.473252 20862
0.473505 20426
0.473715 19547
0.474116 19392
0.474422 19210
28.301857 19159
28.302146 19145
31.274718 19031
31.275152 19020
33.283133 18959
33.283374 18890
33.283487 18512
33.283922 18369
33.284031 18240
33.285925 18221
36.646379 17590
38.277543 17291
38.277986 17025
38.278208 16768
41.524959 16726
41.525214 16601
41.525429 16207
41.525770 16132
43.112526 15868
43.517641 15768
45.042988 15353
45.043636 15228
45.053560 14990
45.055347 14968
45.055479 14869
45.056357 14791
45.315703 14714
45.317000 14365
45.317107 14333
45.319096 14205
45.389438 14181
45.390506 14012
48.720170 13479
49.057124 13363
49.057773 13362
49.057881 13342
49.058616 13325
49.059676 13263
49.060433 13245
49.060672 13191
49.060999 12944
49.061846 12832
49.886804 12671
50.492282 12465
51.125059 12343
51.160919 12319
51.163887 12122
51.164334 12089
51.166864 12040
51.199511 11720
53.365571 11505
53.366009 11368
54.101221 11306
54.103018 11258
54.104412 10973
54.104630 10897
54.121400 10821
54.122778 10766
54.122996 10751
54.124049 10566
54.124805 10438
54.125124 10391
54.126285 10304
57.398225 10296
57.403035 10198
57.408005 10159
57.410355 10128
57.438016 9865
59.714211 9793
59.717749 9726
59.732344 9639
59.929595 9575
60.633009 9521
61.186714 9402
61.189480 9306
61.195504 9238
61.407353 9087
62.092066 9035
62.099991 8992
62.100655 8991
62.448583 8885
62.448806 8776
62.472570 8754
62.578201 8670
62.581181 8663
62.587093 8623
62.589537 8605
62.628321 8568
62.635373 8549
62.635483 8538
62.636873 8529
62.643720 8506
62.649023 8447
62.785377 8348
62.809440 8346
62.844443 8338
62.850049 8300
62.868737 8270
62.917728 8196
62.919738 8187
62.922179 8141
62.923976 8108
67.587801 8080
67.681598 8077
67.700584 7970
73.202281 7969
75.832692 7957
75.856259 7943
75.893412 7907
76.258746 7887
76.305762 7880
76.487595 7879
76.489284 7856
76.496083 7821
76.888304 7815
78.648792 7801
78.808593 7800
79.399812 7788
79.724660 7777
80.885340 7750
80.977800 7635
81.092606 7623
81.093287 7603
81.109657 7592
81.114563 7587
81.153233 7577
81.998787 7547
83.636581 7543
135.374009 7542
