0.000279 29721
0.000566 29707
0.000661 29662
0.001012 29654
0.001824 29361
0.009119 29278
0.009300 29195
0.011365 29143
0.011629 29088
0.012410 28901
0.025692 28866
0.025875 28594
0.027166 27897
0.078917 27856
0.093049 27596
0.111783 27527
0.112062 27513
0.112161 27468
0.112527 27460
0.113183 27167
0.120702 27084
0.120892 27001
0.123154 26979
0.124149 26707
0.137879 26672
0.138070 26400
0.139602 26036
0.140512 25900
0.153785 25739
0.225093 25670
0.225365 25656
0.225460 25611
0.226240 25486
0.226855 25386
0.227212 25323
0.232761 25312
0.233739 25227
0.233919 25144
0.236082 25122
0.237040 24850
0.250719 24421
0.251948 24179
0.252824 24043
0.346225 23974
0.346611 23960
0.346983 23672
0.348898 23614
0.355091 23531
0.355361 23221
0.378069 23061
0.380657 23017
0.406931 22976
0.454642 22949
0.461978 22880
0.462247 22866
0.462596 22578
0.464497 22520
0.470572 22437
0.470840 22127
0.495131 22070
0.496090 21923
0.522727 21875
0.571977 21806
0.572245 21792
0.572595 21504
0.575008 21459
0.580710 21363
0.580995 21053
0.587853 21031
0.602099 20685
0.682708 20616
0.682979 20602
0.683246 20414
0.684635 20279
0.685699 20269
0.691354 20173
0.694127 20093
0.694570 20068
0.698484 19841
0.733423 19641
0.792899 19572
0.793185 19558
0.793452 19370
0.793978 19212
0.801554 19129
0.804345 19049
0.804789 19024
0.806615 18969
0.808703 18797
0.903369 18728
0.905380 18391
0.912478 18324
0.915190 18180
0.931617 18008
0.950307 18004
0.980449 17949
1.013584 17880
1.015666 17877
1.016108 17866
1.016377 17678
1.016905 17520
1.022716 17476
1.024454 17437
1.041308 17070
1.051436 16928
1.123784 16859
1.124656 16742
1.126484 16575
1.127100 16499
1.133416 16311
1.151510 16049
1.233762 15980
1.234464 15689
1.237427 15678
1.242729 15595
1.243430 15576
1.245187 15537
1.266376 15489
1.268380 15362
1.299539 15298
1.316978 15259
1.344747 15190
1.345466 14899
1.348406 14888
1.353716 14805
1.354417 14786
1.356158 14747
1.377350 14699
1.379347 14572
1.455306 14503
1.457324 14443
1.457626 14219
1.458241 14143
1.464563 13955
1.566717 13952
1.567766 13826
1.568035 13602
1.568673 13526
1.625180 13456
1.647830 13341
1.676807 13338
1.678131 12988
1.678745 12912
1.776443 12894
1.787121 12891
1.788427 12541
1.858738 12517
1.897249 12514
1.898556 12164
2.009171 12060
2.011774 11922
2.019142 11921
2.053176 11864
2.064897 11849
2.084556 11848
2.119413 11744
2.122023 11606
2.129377 11605
2.163331 11548
2.175081 11533
2.229160 11511
2.232538 11497
2.233431 11481
2.234826 11361
2.239597 11290
2.278644 11184
2.340028 11080
2.346088 11012
2.349832 10909
2.400261 10890
2.450392 10786
2.456303 10718
2.460035 10615
2.559795 10593
2.563190 10579
2.564062 10563
2.566628 10443
2.595086 10387
2.595272 10353
2.669758 10249
2.676688 10181
2.724228 10102
2.779858 9995
2.784208 9860
2.860955 9859
2.890110 9752
2.894456 9617
3.008061 9602
3.011797 9587
3.015365 9539
3.016243 9475
3.089513 9460
3.102810 9417
3.118243 9402
3.121993 9387
3.125555 9339
3.126430 9275
3.199735 9260
3.228497 9245
3.232224 9230
3.235785 9182
3.236660 9118
3.345947 9088
3.349536 9040
3.353536 9039
3.357362 9028
3.455635 8952
3.459810 8950
3.463805 8949
3.467705 8894
3.567650 8864
3.571917 8855
3.579857 8822
3.583585 8805
3.677636 8775
3.681895 8766
3.689755 8757
3.707955 8725
3.787395 8695
3.791676 8686
3.799588 8677
3.830907 8675
3.836788 8658
3.874798 8645
3.897700 8615
3.901959 8606
3.909821 8597
3.941073 8595
3.946959 8578
3.987384 8566
4.007697 8536
4.011956 8527
4.019837 8518
4.051178 8516
4.057067 8499
4.117858 8469
4.122118 8460
4.129994 8451
4.161263 8445
4.211456 8438
4.227876 8408
4.232132 8399
4.239988 8390
4.271341 8384
4.338612 8354
4.342950 8345
4.350846 8336
4.448824 8306
4.453122 8293
4.558908 8263
4.608315 8259
4.669065 8229
4.712299 8228
4.729119 8219
4.779036 8189
4.822341 8188
4.889176 8158
4.986917 8082
5.114039 8070
5.117961 8065
5.268901 8058
5.311701 8055
5.312659 8048
5.379094 8041
5.499862 8040
29.609424 8033
29.622686 8010
29.672956 8006
29.679037 7996
29.732985 7973
29.818981 7972
29.842939 7949
30.021425 7944
30.131010 7929
77.940752 7925
78.020021 7894
78.125901 7875
78.206084 7867
78.236027 7848
78.446729 7847
83.742526 7827
113.474274 7823
113.486404 7820
113.498327 7805
113.584470 7800
113.608416 7785
113.712753 7783
113.718595 7768
113.823658 7743
113.828504 7661
113.938663 7634
114.139917 7623
114.253951 7618
230.888774 7547
231.028586 7542
