0.000235 2873537
0.000533 2870566
0.000744 2854602
0.000886 2828336
0.001705 2824767
0.002951 2781694
0.003363 2776348
0.010480 2569083
0.050370 2506868
0.050994 2461667
0.051810 2458098
0.053103 2457037
0.053643 2424177
0.056334 2419383
0.071227 2396232
0.074997 2321678
0.100383 2259463
0.101061 2252209
0.101336 2231328
0.101814 2210693
0.103121 2209632
0.103796 2197142
0.106024 2163826
0.126885 2142126
0.150272 2079911
0.151035 2077458
0.151714 2031141
0.153007 2030080
0.192252 1986421
0.200190 1924206
0.200936 1921753
0.202428 1910758
0.202924 1874375
0.250330 1866997
0.250544 1819482
0.250964 1809707
0.252454 1798712
0.261776 1795251
0.263643 1784887
0.266610 1783343
0.303989 1769226
0.309803 1761848
0.310036 1714333
0.310453 1704558
0.314250 1703880
0.319739 1690102
0.319813 1679738
0.320552 1678194
0.360092 1618952
0.360572 1613008
0.364166 1612848
0.391239 1607673
0.410092 1548431
0.414152 1542327
0.445871 1519628
0.459933 1460386
0.461155 1454442
0.464057 1454282
0.509463 1425332
0.510016 1422382
0.510846 1389614
0.556311 1377437
0.559635 1348487
0.560179 1345537
0.560992 1312769
0.610077 1302084
0.610222 1290494
0.628443 1283306
0.628586 1272695
0.637819 1270318
0.649110 1258375
0.659991 1247690
0.660134 1236100
0.678386 1228912
0.678529 1218301
0.687807 1215924
0.709956 1205239
0.710101 1193649
0.728246 1186461
0.734103 1174323
0.759690 1163638
0.759834 1152048
0.785441 1144130
0.809515 1133445
0.809661 1121855
0.829579 1114667
0.861162 1110960
0.861377 1102416
0.861598 1099933
0.861809 1095691
0.896698 1091060
0.911132 1087353
0.911345 1078809
0.911557 1076326
0.911767 1072084
0.943816 1070420
0.947649 1069860
0.960914 1066153
0.961126 1057609
0.961353 1055126
0.961563 1050884
0.983896 1034904
1.010945 1031197
1.011157 1022653
1.011366 1020170
1.011574 1015928
1.060650 1012221
1.060863 1003677
1.061071 1001194
1.081527 998954
1.085101 998264
1.110550 994557
1.110795 986013
1.111005 983530
1.158669 977671
1.168406 977377
1.168550 977197
1.170799 973530
1.188435 969342
1.208669 963483
1.218342 963189
1.218486 963009
1.220712 959342
1.247027 957782
1.258475 951923
1.268183 951629
1.268327 951449
1.270545 947782
1.308848 941923
1.318565 941629
1.318643 933859
1.358596 928000
1.368335 927706
1.377195 926695
1.404756 926280
1.408537 920421
1.418252 920127
1.427073 919116
1.458273 913257
1.468021 912963
1.502985 912748
1.508324 906889
1.518037 906595
1.562967 904203
1.605023 902937
1.613037 900545
1.667729 898345
1.748403 898132
15.691895 897726
15.742820 897516
73.046714 896766
73.092144 896556
73.112892 896215
73.119582 896056
73.141957 895846
73.162638 895505
73.191775 895295
73.223324 895292
73.241558 895082
158.261797 894849
158.297318 893749
158.395926 893536
