0.000296 2704162
0.000420 2685830
0.000511 2685719
0.000682 2668813
0.000767 2659133
0.001174 2643778
0.001420 2639895
0.001825 2629706
0.002433 2618112
0.002604 2609537
0.002850 2486537
0.003253 2452279
0.003339 2397397
0.003504 2386757
0.003667 2376505
0.003992 2375581
0.004157 2363236
0.004638 2162069
0.005279 2142641
0.005365 2082298
0.005448 2068445
0.005931 2046597
0.006113 1980002
0.006839 1966633
0.007004 1948477
0.007089 1943057
0.007253 1936568
0.008133 1901644
0.008299 1827905
0.008780 1812930
0.008945 1804864
0.009190 1754925
0.009752 1687154
0.009837 1675726
0.011607 1653168
0.013523 1638498
0.013769 1624676
0.013854 1614927
0.014273 1600853
0.014914 1582820
0.016030 1546233
0.018420 1542355
0.020331 1500543
0.022979 1494169
0.023544 1487103
0.024818 1484502
0.027774 1477895
0.028495 1476585
0.039132 1460843
0.046352 1448041
0.047075 1443684
0.048191 1430032
0.050585 1404513
0.051228 1376657
0.056853 1369702
0.057179 1367983
0.058231 1361129
0.060853 1357280
0.062381 1355639
0.067975 1350881
0.068066 1350517
0.068704 1349459
0.070552 1349111
0.073161 1317981
0.074134 1306815
0.075170 1257818
0.084302 1243986
0.086876 1205176
0.114035 1202786
0.114917 1200990
0.115402 1196933
0.117707 1175344
0.117876 1172695
0.129395 1167335
0.132835 1160892
0.151258 1118982
0.154613 1114581
0.157551 1110077
0.158214 1101421
0.159803 1094894
0.161556 1071164
0.165530 1057770
0.176651 1054112
0.239072 1050479
0.239179 1050008
0.259382 1042586
0.276778 1031865
0.282298 1029078
0.286357 1025988
0.291708 1017540
0.296946 1000413
0.297501 989465
0.298801 985542
0.306379 981628
0.310040 975085
0.341804 972152
0.346833 972101
0.347254 971550
0.386286 958533
2.189759 950227
3.273401 948226
3.283093 946768
3.400482 945446
3.401372 936678
3.406551 934289
6.351049 933157
6.352866 926120
6.356650 920732
6.594701 920418
6.597075 907039
7.058893 905514
7.309634 902085
7.327608 901872
7.772618 901490
7.790078 901280
7.797979 900454
7.799128 895343
16.374398 894087
17.186202 893749
21.387663 893536
