0.000315 3027167
0.000441 2929063
0.000542 2905787
0.000827 2833815
0.000922 2805062
0.001107 2664776
0.001560 2626376
0.001653 2520529
0.002106 2451397
0.002379 2362929
0.002561 2357226
0.002657 2315380
0.002839 2280586
0.003128 2263931
0.003666 2237095
0.003849 2215775
0.004738 2157469
0.005097 2112255
0.005191 1999032
0.008579 1989127
0.008853 1907047
0.009123 1905917
0.009659 1877160
0.010373 1873513
0.011191 1871000
0.011464 1865532
0.013323 1845477
0.014303 1812737
0.014751 1805149
0.015478 1781441
0.016104 1777782
0.018762 1718054
0.023918 1713825
0.025431 1711561
0.026847 1692010
0.028013 1691583
0.028288 1675546
0.031400 1669842
0.031851 1667281
0.032390 1667161
0.034162 1634374
0.041989 1627867
0.045205 1610057
0.046189 1582413
0.047359 1539664
0.047722 1520500
0.051184 1495841
0.051370 1434101
0.052524 1417780
0.053593 1415261
0.055565 1412115
0.056461 1403236
0.056824 1395836
0.060736 1394165
0.061452 1393027
0.062253 1387108
0.062348 1387022
0.062534 1363468
0.063708 1331708
0.065581 1331608
0.066478 1329464
0.068456 1307079
0.078463 1296378
0.081942 1268269
0.083031 1261445
0.086048 1261224
0.093968 1260084
0.096205 1247442
0.096391 1246891
0.097019 1227786
0.097914 1223311
0.100788 1218370
0.102127 1188072
0.110413 1183388
0.120986 1177571
0.122057 1165731
0.122595 1153980
0.186971 1144917
0.187881 1144724
0.191980 1133344
0.195189 1130494
0.195736 1128510
0.196628 1123830
0.204023 1092498
0.211573 1089715
0.234447 1082762
0.240139 1081481
0.242095 1074292
0.242193 1062491
0.245043 1057702
0.257427 1053596
0.261264 1049615
0.261364 1041499
0.264398 1039100
0.270341 1019766
0.273902 1019362
0.535569 1016556
0.537331 1012370
1.194819 1004310
1.198061 1004097
1.202746 999489
1.239612 999077
1.259350 998014
1.260232 993127
1.269587 988061
1.462197 983930
1.463782 978792
1.466601 972780
1.467017 965447
1.476975 964512
1.501708 961178
1.504849 945501
3.784895 942337
3.826628 934452
3.855793 930967
4.883119 921950
4.891605 921463
4.912463 920176
4.922376 914910
4.924165 906447
9.296742 902388
9.774031 898750
11.663570 898509
16.565245 896212
17.766765 894606
18.299178 894297
18.432926 893959
18.571610 893749
18.630422 893536
