0.000280 2938495
0.000835 2932808
0.001012 2893914
0.001347 2738209
0.001760 2729687
0.002094 2694043
0.002182 2573538
0.003001 2523038
0.003172 2479907
0.003988 2456414
0.004077 2353582
0.004490 2338367
0.004579 2320899
0.005328 2316307
0.005821 2315422
0.005990 2315066
0.006322 2243114
0.007541 2234588
0.007872 2193006
0.008122 2174274
0.008371 2158396
0.009110 2086131
0.009203 2060270
0.009289 1969706
0.009457 1967373
0.010189 1963681
0.010921 1963264
0.011009 1953696
0.011177 1923451
0.011425 1897205
0.012076 1883749
0.012164 1870104
0.012575 1861446
0.012662 1831012
0.013820 1816179
0.014154 1811937
0.014889 1796582
0.015542 1745736
0.015630 1710228
0.016283 1651035
0.017250 1646335
0.018320 1637228
0.022312 1622758
0.024504 1588021
0.024935 1587774
0.025024 1581325
0.025112 1572879
0.030931 1548044
0.032229 1497795
0.040744 1476162
0.043333 1458971
0.043423 1456336
0.044237 1456063
0.044406 1455864
0.047893 1455338
0.050416 1453168
0.054372 1416186
0.055517 1415345
0.056333 1404797
0.057167 1402050
0.057901 1395079
0.058153 1290339
0.061252 1289344
0.068186 1277713
0.068523 1277549
0.070280 1264319
0.078507 1250835
0.079085 1249752
0.083834 1230656
0.084334 1213636
0.087108 1212312
0.087843 1207178
0.090528 1202660
0.097667 1202125
0.102752 1194969
0.112296 1181073
0.114018 1158197
0.121138 1153424
0.133443 1145401
0.174877 1139190
0.175385 1129265
0.177116 1126335
0.184835 1122457
0.186382 1100331
0.190114 1097415
0.192804 1088080
0.193307 1082018
0.196805 1072405
0.253630 1059660
0.310933 1057482
0.315016 1052156
0.321899 1036400
0.322475 1034404
0.322982 1012820
0.327509 1007727
0.328005 1006581
0.551176 1000115
0.563765 980353
0.568654 980143
1.493920 978461
1.494950 964428
1.495326 964048
2.555805 959881
3.563458 959772
3.575306 955964
3.575499 953358
4.096101 948978
4.115659 946844
4.123382 943170
4.123664 938693
4.483297 931149
4.491137 930598
6.840248 930374
6.864556 928426
6.869437 928233
6.870543 918869
6.871007 918072
7.464490 917680
7.464881 911177
7.720990 910515
7.730449 909805
7.774086 905103
7.792771 900144
7.822265 899224
7.888654 897958
7.910145 895776
18.691448 895691
20.358333 895481
211.832060 895029
211.876068 893959
