0.000253 2980354
0.000424 2979098
0.000635 2975983
0.001112 2951226
0.002878 2904662
0.005385 2880968
0.010242 2771095
0.011386 2769358
0.017893 2654107
0.050215 2617620
0.050360 2616364
0.050633 2615687
0.051308 2608280
0.051516 2598040
0.052807 2541928
0.055301 2518234
0.060219 2413308
0.100074 2376821
0.100819 2375210
0.101160 2367481
0.101367 2357241
0.102649 2301129
0.108919 2281675
0.121627 2203790
0.149850 2167303
0.150892 2138175
0.152467 2091611
0.178939 2081763
0.193874 2080816
0.199818 2044329
0.200846 2015201
0.202406 1968637
0.234678 1959244
0.249597 1922757
0.250607 1907650
0.252171 1847065
0.299266 1843823
0.299609 1817815
0.300171 1815026
0.300315 1795471
0.304969 1749219
0.316742 1742204
0.338364 1735477
0.349008 1732235
0.349350 1706227
0.349890 1703438
0.350032 1683883
0.354673 1637631
0.366914 1634197
0.398767 1630955
0.399175 1627498
0.399584 1619657
0.399657 1613527
0.399875 1611159
0.399949 1604627
0.400090 1588370
0.400297 1578130
0.405677 1574867
0.405957 1573629
0.419252 1565065
0.429013 1539542
0.448609 1536300
0.449024 1532843
0.449565 1507503
0.449706 1487948
0.454676 1482759
0.455492 1480212
0.455781 1478974
0.473593 1470410
0.505057 1467168
0.505939 1453424
0.506484 1449740
0.506693 1447372
0.506767 1440840
0.506908 1424583
0.510819 1401695
0.555764 1384709
0.556311 1381025
0.556520 1378657
0.556593 1372125
0.556734 1355868
0.586550 1351056
0.586827 1343007
0.587638 1340426
0.605534 1327897
0.606148 1308387
0.606290 1288832
0.658574 1269305
0.660951 1241079
0.708186 1221552
0.719048 1207066
0.757891 1187539
0.780087 1187179
0.780257 1186293
0.798363 1179699
0.807824 1161837
0.808579 1161465
0.829973 1159812
0.830118 1158926
0.835547 1155801
0.857740 1137939
0.858494 1137567
0.870960 1121225
0.907555 1103363
0.908313 1102991
0.925970 1102305
0.940666 1095836
0.957395 1077974
0.958146 1077602
0.975788 1076916
0.999498 1073445
1.007334 1056892
1.008028 1055211
1.025603 1054525
1.052352 1054469
1.057290 1037916
1.057974 1036235
1.075532 1035549
1.107123 1018996
1.107818 1017315
1.158041 999259
1.179090 991450
1.208059 973394
1.271695 967721
1.287339 966230
1.297142 966115
1.298819 959033
1.322996 953360
1.339364 951869
1.350712 951621
1.373629 945948
1.389331 944457
1.398894 944342
1.423438 938669
1.439158 937178
1.473304 931505
1.526958 929113
1.549184 928358
1.550668 926753
1.576781 924361
1.635612 922161
1.652853 922075
1.685600 919875
1.743789 918113
1.803451 916691
1.853770 916410
3.440244 915159
3.483631 914949
3.505072 914059
3.533601 913849
8.836277 913523
8.840006 912451
8.841570 906232
8.886256 905531
10.558369 900218
10.622229 899667
10.645286 898018
10.672050 897467
10.746979 897257
113.681050 897209
189.377781 897137
189.436582 896586
212.796189 895515
212.856353 894369
212.911940 894159
