0.000237 2953191
0.000464 2940734
0.005377 2872233
0.006856 2849148
0.010619 2823725
0.013714 2792416
0.025360 2729429
0.050040 2703539
0.050250 2691082
0.051187 2691069
0.055138 2622581
0.056089 2598551
0.062901 2570843
0.063449 2542764
0.087322 2478879
0.099598 2452989
0.099804 2440532
0.104697 2372031
0.106370 2355608
0.113191 2324860
0.117075 2323243
0.117282 2305655
0.143114 2263596
0.149125 2237706
0.149330 2225249
0.154227 2156748
0.155908 2140325
0.162737 2109577
0.204145 2083687
0.205287 2072974
0.206436 2072899
0.209457 2068603
0.209532 2053023
0.210268 2046114
0.210542 2034228
0.210748 2025185
0.210888 2011802
0.214649 2005240
0.220867 2002542
0.225572 1998857
0.232991 1988640
0.255433 1962750
0.256706 1956904
0.257713 1951962
0.259283 1951843
0.260696 1947666
0.260769 1932086
0.261174 1912545
0.262649 1893195
0.266072 1878029
0.306537 1852139
0.307931 1846293
0.308948 1841351
0.310500 1841232
0.311917 1793637
0.312058 1780254
0.339684 1770994
0.356384 1745104
0.358677 1734316
0.361659 1686602
0.361802 1673219
0.405922 1644039
0.408212 1636541
0.415444 1621254
0.417458 1609843
0.441177 1592168
0.455565 1562988
0.457849 1555490
0.464031 1548301
0.465112 1540203
0.466654 1537113
0.468940 1529352
0.492405 1503833
0.505282 1474653
0.508933 1468378
0.515697 1460723
0.515971 1443633
0.517046 1440457
0.543177 1439167
0.548140 1434742
0.554966 1405562
0.558593 1399287
0.565366 1391632
0.565642 1374542
0.566720 1371366
0.592785 1370076
0.604549 1340896
0.614884 1337995
0.614960 1326966
0.615575 1315021
0.617789 1307260
0.618533 1304336
0.654140 1275156
0.662349 1269163
0.665174 1266575
0.666123 1251379
0.688072 1241427
0.703827 1212247
0.714954 1209346
0.715030 1198317
0.715783 1188470
0.753359 1159290
0.761519 1154817
0.774145 1145608
0.802868 1116428
0.849425 1115929
0.852315 1086749
0.903846 1086568
0.904125 1079425
0.904865 1077084
0.906612 1073594
0.906686 1072814
0.909639 1064195
0.953396 1064014
0.953675 1056871
0.956162 1051040
0.956237 1050260
0.968629 1049629
0.970643 1033945
1.003018 1033764
1.003306 1026621
1.005788 1020790
1.005862 1020010
1.013825 1007480
1.052662 1007299
1.052940 1000156
1.055431 994325
1.055507 993545
1.089995 989890
1.102342 989709
1.102620 982566
1.105104 976735
1.105180 975955
1.154904 964007
1.216040 958300
1.242445 955386
1.265605 949679
1.292954 944703
1.294497 940914
1.315765 935207
1.365350 934656
1.371396 932013
1.414877 931462
1.429629 929813
1.464428 929262
1.485030 928547
1.513920 927996
1.535776 924010
1.563493 923459
1.630690 923249
1.645888 923027
1.680058 922817
3.439952 922246
3.460836 921801
3.489703 921100
9.551296 919999
9.579847 919953
9.582072 917516
9.590411 915241
9.665869 913544
9.717625 913334
16.337276 911559
16.386933 911349
16.423796 911008
16.433604 910858
16.436574 910648
16.473443 910307
16.486216 910097
16.526286 909843
16.535836 909633
23.420191 908708
25.054537 908251
25.058039 907700
25.104718 904917
25.105262 903847
25.107619 903296
48.390022 899714
48.428482 899504
48.439720 896056
48.478022 895846
48.494230 895505
48.527553 895295
48.550908 895292
48.577035 895082
206.157067 894620
206.172018 894410
206.203475 894407
206.221581 894197
247.772285 894159
281.527814 893749
281.586732 893536
