0.000258 2881491
0.000467 2827752
0.000643 2775539
0.000815 2734367
0.000985 2729426
0.001233 2643791
0.001500 2577062
0.001829 2472413
0.003770 2403694
0.004181 2351117
0.004268 2326736
0.004753 2292126
0.004923 2083306
0.005505 2071478
0.005993 2017074
0.006162 1940621
0.007133 1933963
0.007220 1925134
0.007629 1906048
0.010453 1897615
0.010546 1871486
0.011114 1837295
0.011442 1804025
0.012094 1795455
0.012262 1784632
0.014044 1761796
0.014133 1749598
0.014218 1716435
0.015108 1705160
0.020657 1625206
0.020828 1573939
0.022932 1488821
0.024223 1485688
0.024551 1474289
0.024639 1442073
0.025048 1421532
0.025881 1419295
0.026533 1386316
0.029029 1320478
0.030584 1313314
0.036630 1305935
0.036722 1292065
0.037050 1288127
0.037138 1287585
0.037639 1286647
0.039499 1266095
0.040629 1264707
0.042166 1261302
0.042896 1258666
0.043627 1231928
0.045496 1231720
0.047681 1227238
0.051553 1167776
0.059881 1159411
0.064397 1157515
0.065391 1157131
0.079296 1149179
0.106644 1147765
0.116583 1146229
0.124206 1145841
0.124300 1140892
0.128169 1133838
0.134979 1133372
0.135717 1127138
0.136290 1126381
0.137925 1122638
0.155544 1112416
0.161494 1111274
0.164464 1101939
0.176714 1096134
0.178245 1090292
0.178664 1072907
0.179398 1072743
0.181012 1055245
0.209893 1053673
0.212228 1051343
0.216344 1051297
0.521533 1051114
0.560671 1044206
0.561140 1043708
0.576202 1039668
0.588123 1033290
0.670207 1020440
0.676244 990927
0.716207 982427
0.717787 972917
0.721739 966679
0.725522 965380
0.738588 965256
0.788370 962169
0.789223 960553
0.789789 952942
0.800732 947216
2.461602 926991
2.462124 922416
2.473510 922239
3.501831 921505
3.519202 919305
3.800563 917366
3.807409 916926
3.808152 916745
3.816532 915599
5.166586 915214
5.190673 913014
10.118362 911387
10.124595 905437
13.263800 903693
14.490383 903142
17.619501 902963
17.630319 900804
17.691677 900523
17.844960 900342
17.893736 899791
18.113415 898750
18.330520 898616
18.392934 898516
18.430910 898335
18.564965 897470
20.119438 896302
20.143978 895780
20.198122 895229
21.911145 894710
22.386935 894369
22.414574 894159
237.366781 893536
