0.570166 2405366
0.601049 2376656
0.745280 2367716
0.763689 2356398
0.864011 2342715
0.995013 2338077
2.553226 2332439
5.063476 2328408
12.599451 2325279
22.809612 2322864
22.907410 2319965
22.907979 2319117
22.908875 2318701
22.909411 2315714
22.910319 2306497
22.910852 2304358
23.911762 2296174
27.445576 2295619
27.483742 2285392
27.522982 2283588
27.583079 2268585
28.860269 2267762
32.336321 2256749
32.353998 2250546
32.393092 2237529
32.622560 2237088
34.656649 2231983
34.694432 2223735
35.056741 2223029
35.660654 2221002
35.664322 2219350
35.770919 2218909
35.810817 2212569
36.022999 2206876
55.564133 2199657
59.953025 2199296
59.980013 2196013
61.350961 2184525
61.785866 2170842
67.479224 2160566
89.052092 2156907
96.835318 2152661
98.238710 2152392
99.044496 2151223
99.045053 2148939
99.049678 2124884
99.050231 2124036
109.185377 2111703
109.411941 2106588
109.414383 2096688
109.416659 2081347
109.907370 2062970
109.907930 2060854
110.034826 2060210
110.035382 2025810
110.616973 2022960
110.622785 2017281
110.672299 2014942
110.775132 2006950
111.347158 2004999
111.359335 2003381
111.570380 2000863
111.630386 1986814
111.844938 1985431
127.354570 1975767
128.966527 1974445
129.014727 1972106
129.113296 1964114
129.871518 1952248
130.158427 1940261
131.676499 1939989
131.960651 1928002
134.941892 1925589
134.964447 1873524
171.982728 1865232
171.983571 1864362
171.984074 1857248
171.986689 1846923
171.987190 1837023
171.988017 1828223
171.988515 1821682
181.434185 1820852
182.596123 1819967
197.519977 1776921
198.685654 1775453
203.038242 1773690
203.451360 1770902
203.464340 1764166
203.466618 1763821
224.456860 1757618
224.459126 1757273
236.239367 1745571
236.243281 1730291
268.371360 1729665
269.600865 1728026
334.268054 1683072
347.052112 1682503
347.463655 1678961
347.476465 1672225
347.478698 1671880
361.611453 1666888
370.455410 1623793
419.827772 1615031
419.868828 1607950
425.214274 1606586
425.618920 1603044
425.631597 1596308
425.633800 1595963
439.759175 1580076
443.847916 1578973
443.860388 1572237
443.862565 1571892
456.978356 1561137
456.979580 1541540
501.000556 1539170
501.719975 1537531
531.595953 1492768
