0.000299 2897465
0.000511 2849345
0.000682 2791003
0.001091 2778592
0.001259 2755479
0.001505 2749812
0.001590 2721307
0.001836 2660142
0.001920 2574718
0.002245 2550093
0.002649 2538113
0.002973 2484140
0.003057 2483991
0.003140 2452340
0.004041 2392665
0.004208 2365122
0.004291 2325250
0.004454 2302473
0.005255 2271139
0.005420 2268142
0.005742 2265398
0.005907 2258855
0.006708 2204553
0.006793 2204439
0.007117 2137695
0.007201 2099386
0.007283 2091096
0.007605 2081410
0.007770 2074672
0.008117 2040893
0.010731 2029252
0.010978 2027417
0.011062 2007017
0.011780 1996828
0.011865 1961345
0.012624 1933347
0.012713 1877910
0.013591 1775790
0.016549 1735304
0.017270 1731646
0.019255 1712154
0.019501 1670063
0.021191 1665427
0.023817 1639522
0.024005 1638525
0.024576 1628735
0.024680 1609424
0.027385 1585154
0.029951 1560292
0.031070 1528531
0.032370 1519183
0.038012 1509943
0.038418 1484806
0.040409 1466723
0.044852 1454934
0.045498 1384245
0.048370 1384007
0.049724 1332290
0.050129 1303513
0.052369 1278007
0.053331 1258403
0.053973 1247589
0.054930 1236705
0.055889 1234959
0.056710 1232423
0.057510 1226567
0.063874 1202225
0.070224 1195753
0.071818 1194269
0.073578 1184202
0.076285 1157295
0.076373 1156515
0.080356 1151136
0.081078 1148089
0.082116 1116118
0.082203 1104139
0.083084 1099668
0.083251 1088063
0.087147 1082702
0.096388 1073817
0.097272 1073721
0.109604 1069480
0.111281 1067335
0.122484 1064665
0.126063 1059163
0.126310 1049095
0.128082 1040293
0.136722 1037706
0.163867 1032498
0.164062 1030620
0.165258 1024730
0.170275 1022320
0.218617 1011749
0.235171 1009802
0.239963 1006447
0.824893 998925
0.828596 995536
0.842337 988062
2.650545 973347
2.655364 964760
2.658010 947081
2.681865 942875
2.689480 940943
2.698891 938636
3.287246 937218
3.604588 928854
3.608384 923128
3.616021 921127
3.660231 918171
7.801364 916541
7.822193 909083
7.829669 907571
7.836363 904575
7.999788 902896
8.004804 899909
8.080597 896257
10.230051 894297
10.247677 894087
117.562827 893536
