0.000367 2889232
0.003114 2863405
0.003197 2789978
0.003339 2782032
0.004226 2740742
0.004436 2625489
0.005393 2593863
0.050680 2592767
0.051785 2581169
0.056728 2562381
0.057276 2539236
0.059190 2520372
0.059738 2496385
0.065899 2493309
0.067139 2429242
0.069366 2400939
0.083684 2375001
0.100811 2373905
0.101964 2366768
0.106950 2344697
0.107503 2314644
0.109607 2304942
0.109953 2291855
0.114305 2276192
0.117233 2265591
0.118052 2262230
0.142581 2230682
0.145423 2222430
0.151054 2221334
0.152209 2214197
0.157162 2192126
0.158051 2167803
0.159834 2152371
0.160517 2124952
0.167436 2113020
0.168252 2109659
0.201260 2108563
0.202408 2101426
0.207365 2079355
0.208252 2055032
0.209608 2033798
0.210693 2012181
0.217624 2000249
0.251332 1999153
0.251810 1992705
0.252695 1990967
0.256778 1939892
0.259099 1936964
0.259240 1917103
0.260190 1915772
0.281515 1903249
0.309990 1902153
0.310649 1895705
0.311554 1893967
0.315627 1842892
0.317939 1839964
0.318081 1820103
0.319066 1818772
0.344181 1814876
0.352449 1806927
0.362362 1805831
0.362844 1799383
0.364084 1798694
0.367851 1746570
0.370161 1743642
0.370303 1723781
0.412619 1722685
0.412764 1718953
0.414326 1715548
0.417799 1697617
0.419317 1693477
0.423057 1661189
0.431417 1658538
0.431762 1648826
0.436362 1648755
0.462816 1647659
0.462978 1643927
0.464536 1640522
0.468008 1622591
0.469499 1618451
0.473853 1609448
0.474269 1592754
0.481665 1588096
0.488036 1574047
0.490411 1557564
0.513046 1556468
0.513190 1552736
0.513869 1548282
0.518221 1531400
0.518839 1529798
0.523612 1508111
0.523890 1494972
0.532562 1482609
0.563261 1481513
0.563405 1477781
0.564089 1474376
0.568441 1456445
0.569056 1452305
0.573475 1443302
0.573891 1426608
0.593191 1423674
0.612072 1419806
0.613499 1418710
0.613640 1414978
0.614318 1411573
0.618658 1393642
0.619281 1389502
0.623626 1380499
0.624036 1363805
0.643332 1360871
0.663674 1359775
0.663818 1356043
0.666049 1351589
0.668840 1334707
0.671020 1333105
0.673797 1321564
0.675769 1311418
0.695814 1310463
0.713815 1309367
0.713959 1305635
0.716210 1301181
0.719000 1284299
0.721171 1282697
0.723954 1271156
0.725919 1261010
0.763989 1259914
0.769135 1258284
0.770907 1246290
0.777869 1233437
0.778216 1221261
0.784311 1214107
0.814067 1213011
0.814478 1208489
0.819562 1194599
0.826602 1191079
0.828313 1174358
0.836574 1162174
0.864186 1161078
0.864599 1156556
0.869630 1156402
0.871402 1147454
0.878375 1134601
0.884561 1128481
0.899399 1126003
0.903080 1118903
0.914433 1117807
0.914845 1113285
0.919907 1113131
0.921672 1104183
0.928672 1091330
0.934848 1085210
0.949645 1082732
0.964684 1081636
0.965096 1077114
0.970104 1076960
0.971879 1068012
0.978832 1055159
0.985011 1049039
1.014830 1047943
1.020000 1046313
1.021964 1043915
1.022040 1034319
1.028889 1026482
1.029033 1021466
1.058042 1015566
1.065029 1014470
1.070189 1012840
1.072169 1010442
1.072245 1000846
1.079076 993009
1.079220 987993
1.115082 986897
1.115430 976812
1.120246 972587
1.165223 971487
1.165567 961406
1.227364 960260
1.233870 957748
1.239782 954242
1.245059 951406
1.277470 950260
1.283976 947748
1.289850 944242
1.296762 944026
1.328031 942880
1.334546 940368
1.340450 936862
1.378185 935716
1.384710 933204
1.403433 933131
1.428300 931985
1.434822 929473
1.452225 915075
1.478432 913929
1.484942 911417
1.528505 910271
1.544501 909217
1.561952 908421
1.578546 907275
1.594522 906221
1.616291 906135
1.628716 904989
1.644694 903935
1.678789 902789
1.748182 902579
8.481272 902059
8.514693 901508
8.569158 901190
8.630052 900980
27.610675 898726
27.658522 897580
27.731328 897370
27.808228 897189
29.333443 895370
29.393819 894819
29.449545 894606
184.519974 894159
436.702122 893749
436.736173 893536
