0.000268 2803799
0.000386 2564872
0.000572 2487731
0.001358 2450489
0.001468 2449860
0.001645 2446262
0.001821 2443302
0.002249 2433484
0.002339 2395018
0.002515 2315990
0.002858 2303879
0.002948 2245187
0.003375 2230294
0.003549 2227806
0.003722 2198572
0.003811 2193216
0.003899 2168735
0.003988 2161308
0.004329 2158694
0.005338 2120033
0.005779 2094396
0.005869 2020578
0.006297 2019190
0.006471 2010998
0.006730 1995306
0.006819 1892222
0.006993 1863519
0.007082 1830001
0.007339 1826104
0.007596 1822534
0.007769 1779138
0.009032 1758777
0.009475 1734974
0.012750 1720501
0.014655 1714079
0.014999 1713069
0.018790 1699135
0.019639 1625097
0.020823 1571917
0.021920 1506010
0.023267 1501212
0.023609 1497672
0.023950 1476167
0.024374 1458862
0.025302 1379281
0.029857 1348155
0.030873 1347096
0.032386 1330602
0.033312 1330393
0.033926 1325202
0.034854 1303412
0.035195 1289601
0.036620 1231922
0.036711 1231899
0.039565 1223972
0.040911 1222513
0.041168 1199754
0.046155 1182680
0.046337 1181272
0.047775 1152885
0.049554 1151403
0.050984 1148606
0.054185 1145831
0.059234 1131773
0.066865 1126187
0.070595 1122629
0.098528 1117089
0.103408 1087525
0.107454 1084716
0.108135 1082954
0.108898 1076652
0.110348 1074496
0.112031 1064870
0.197627 1052788
0.198309 1041711
0.200248 1040283
0.201346 1039430
0.201969 1030968
0.207102 1009853
0.212650 1003344
0.213165 976863
0.250171 976539
1.607671 969567
1.608934 956905
1.609519 948536
1.609905 940663
3.693827 940508
3.699019 940287
3.703900 934224
3.712454 932460
3.746255 932152
3.748236 931601
5.041346 930531
5.041500 927322
5.907995 923644
5.949264 923345
5.959959 920546
5.967364 916872
5.973152 912120
7.196918 911805
7.948644 906140
7.969601 903412
8.195262 902175
8.202102 902011
8.235812 900896
8.242837 900232
8.243411 899681
8.245598 898382
8.299658 898220
9.122406 895439
9.135932 895229
19.934958 893959
20.123053 893746
21.744240 893536
