0.000261 2961372
0.000376 2910261
0.000557 2902729
0.000729 2898892
0.001059 2827905
0.001146 2825984
0.001229 2741945
0.001477 2738088
0.001645 2662854
0.001730 2657972
0.001916 2628996
0.002005 2569771
0.002174 2556071
0.002340 2461925
0.002747 2455035
0.003471 2420168
0.003556 2404407
0.003805 2241372
0.003972 2228284
0.004460 2139926
0.004950 2118814
0.005443 2098562
0.005530 2066743
0.005957 2028039
0.006207 2017710
0.006616 1972515
0.006703 1971309
0.007106 1967562
0.008729 1944206
0.009058 1925557
0.009465 1923785
0.010132 1879971
0.010708 1879491
0.010956 1848236
0.011441 1811081
0.011527 1767805
0.012010 1745010
0.013152 1723796
0.014950 1661405
0.015432 1659087
0.016643 1645628
0.017455 1601603
0.017866 1556334
0.019009 1525512
0.019745 1521546
0.022282 1509057
0.022370 1496439
0.030817 1457786
0.031472 1456746
0.033257 1434982
0.033925 1387843
0.036361 1379979
0.037418 1375118
0.037665 1336657
0.042476 1332340
0.042645 1304408
0.043538 1293095
0.045154 1286832
0.045405 1248248
0.046886 1238449
0.047298 1197970
0.047713 1187526
0.050327 1167493
0.068685 1164249
0.077030 1162100
0.079240 1144220
0.084735 1130571
0.103412 1128922
0.108015 1112907
0.112091 1110908
0.113779 1108372
0.118929 1104847
0.127210 1094362
0.131208 1089756
0.144446 1089654
0.146809 1077656
0.154193 1077166
0.160383 1057841
0.179793 1034077
0.181091 1030412
0.203604 1022282
0.206059 1019116
0.208572 1017608
0.208661 1010029
0.209795 992987
0.211040 984197
0.213967 981312
1.898143 964671
1.912908 964629
1.916243 963336
1.922786 951947
1.926290 949222
1.926646 940383
1.928396 938893
1.930948 926272
1.933051 915589
6.193334 915530
6.210006 911018
6.213543 910467
6.222633 906266
7.245966 905901
7.345751 905298
7.348315 904152
9.618834 902154
9.685214 902010
9.951110 898683
10.014418 895633
10.161853 895292
10.177859 895082
12.771485 895044
13.958233 894588
13.980307 894378
14.058846 894197
62.390673 894159
158.188504 893746
158.279443 893536
