0.000320 2849450
0.000559 2763224
0.005843 2762984
0.008012 2717729
0.009771 2710259
0.016524 2633378
0.050977 2622003
0.051191 2613492
0.052406 2589373
0.052481 2577450
0.052824 2556391
0.055466 2555926
0.056216 2515018
0.058036 2490282
0.069444 2436588
0.100897 2425213
0.101106 2416702
0.101180 2415945
0.101454 2408980
0.101594 2364412
0.101938 2319027
0.108764 2303913
0.129160 2278985
0.150881 2267610
0.151091 2259099
0.151164 2258342
0.151437 2251377
0.151778 2201998
0.157034 2188583
0.157245 2181144
0.158397 2172510
0.158749 2146310
0.200963 2105059
0.201639 2069323
0.206948 2055908
0.207158 2048469
0.215699 2036801
0.220172 2034594
0.231416 2034325
0.251081 1993074
0.252098 1990320
0.252173 1978397
0.254956 1942178
0.270139 1934361
0.279249 1930206
0.291787 1925838
0.303040 1884587
0.304669 1848851
0.309273 1839073
0.309957 1835436
0.318671 1816329
0.325851 1814122
0.357011 1772871
0.357223 1758194
0.359992 1721975
0.363233 1716281
0.385434 1713711
0.407014 1672460
0.407230 1657783
0.412705 1642216
0.412917 1626946
0.454831 1622587
0.457058 1581336
0.457267 1566659
0.462768 1551092
0.462980 1535822
0.507012 1514869
0.507163 1492275
0.509928 1479412
0.510137 1475442
0.512578 1473580
0.556630 1469760
0.556842 1417652
0.606755 1414964
0.607236 1381744
0.618813 1379980
0.635479 1375163
0.637850 1367255
0.656797 1364567
0.657274 1331347
0.668799 1329583
0.685355 1325594
0.685634 1324326
0.706706 1321638
0.707184 1288418
0.718726 1286654
0.743382 1285134
0.756581 1282446
0.757075 1249226
0.768645 1247462
0.806519 1244774
0.808408 1244692
0.808483 1217487
0.820734 1212809
0.854281 1208021
0.856252 1205333
0.858208 1195366
0.858569 1172113
0.863173 1169355
0.907721 1166161
0.907867 1145419
0.907940 1139780
0.908554 1133447
0.958732 1114471
0.970525 1113015
0.978758 1102988
1.008740 1084012
1.020475 1082556
1.039041 1081040
1.053654 1073772
1.058767 1054796
1.070551 1053340
1.089133 1051824
1.108771 1032848
1.120519 1031392
1.158714 1012416
1.226101 1005414
1.228394 997615
1.245980 996695
1.276221 989693
1.278453 981894
1.291959 976959
1.326772 969957
1.329002 962158
1.388138 960949
1.389632 953933
1.437675 952504
1.440932 949459
1.441008 946281
1.441149 941992
1.487532 941002
1.499097 940991
1.503745 938334
1.505165 934828
1.537542 933838
1.549087 933827
1.553729 931170
1.587551 930180
1.599162 930169
1.637525 929179
1.649140 926956
1.649283 924993
1.687501 924003
1.699010 923893
1.737447 922903
3.317897 921103
3.352887 920477
3.356157 920267
3.368053 917445
3.406113 917235
3.413434 916123
3.415744 915053
3.456078 914843
3.470019 913356
3.505981 913146
3.543221 913143
3.547401 912646
3.556125 912436
3.593156 912433
3.605973 912223
11.658779 910596
11.687685 910315
11.701990 909886
11.712053 901457
11.737677 901176
11.751991 900747
11.768555 900135
11.768769 899065
11.787567 898784
11.801834 898355
11.837434 898074
67.348528 895827
67.389790 895305
67.396047 894681
67.439402 894159
