0.000230 3009643
0.000458 2839942
0.004048 2772707
0.050206 2771104
0.050328 2769116
0.050404 2758113
0.050476 2673605
0.051148 2608750
0.078348 2589301
0.087217 2562781
0.099922 2561178
0.099999 2559190
0.100071 2548187
0.100142 2463679
0.100814 2398824
0.157720 2380643
0.159086 2371967
0.160369 2327766
0.161575 2293021
0.165943 2273063
0.192194 2266359
0.199971 2254600
0.207383 2236419
0.208792 2205037
0.210005 2183542
0.211366 2168690
0.211978 2144131
0.215619 2128839
0.241980 2123982
0.257051 2105801
0.258333 2098667
0.259685 2052924
0.261628 2013513
0.265597 1996146
0.308076 1991726
0.308286 1946583
0.310873 1910236
0.311423 1907292
0.312712 1885677
0.358130 1874037
0.362502 1855338
0.363269 1844986
0.364049 1835988
0.365554 1831507
0.366654 1819307
0.367339 1784388
0.370253 1775028
0.408368 1763388
0.409050 1725465
0.413545 1724443
0.414091 1717820
0.415604 1698467
0.421015 1687065
0.421563 1671761
0.458619 1660121
0.461928 1641422
0.463903 1622704
0.465839 1595200
0.466751 1570472
0.508666 1558832
0.512001 1540133
0.514593 1533499
0.514737 1526397
0.515893 1493911
0.527260 1491378
0.558830 1479738
0.560801 1441815
0.564932 1441689
0.569836 1438883
0.583368 1432083
0.596159 1417370
0.608985 1405730
0.610968 1367807
0.619980 1364875
0.633553 1358075
0.659166 1346435
0.662776 1327736
0.665347 1321102
0.665489 1314000
0.707888 1309549
0.709250 1297909
0.712846 1279210
0.715447 1272576
0.715590 1265474
0.759517 1256910
0.759797 1215911
0.798543 1212979
0.809719 1204415
0.809995 1163416
0.859591 1159046
0.866443 1141491
0.888684 1139659
0.903684 1124165
0.909679 1119795
0.916531 1102240
0.959631 1099839
0.966329 1061603
1.019504 1049206
1.050595 1043219
1.069605 1030822
1.108390 1026994
1.119746 1014597
1.169935 1007007
1.180699 1006537
1.220061 998947
1.232700 994959
1.270099 987369
1.287202 980632
1.320608 973042
1.353593 969731
1.370655 962141
1.440554 961041
1.447985 960245
1.490590 959145
1.556476 958864
2.817607 955062
2.861410 952665
2.867475 949823
2.867892 939613
2.913992 938359
2.918001 931650
2.965813 931469
2.973435 929496
3.001892 925594
3.015989 925413
3.023624 923440
3.053446 916190
3.066139 916009
3.073759 914036
3.110987 913990
3.115258 913381
3.116282 913200
3.123893 911227
3.161124 911181
3.166421 911000
3.174034 909027
3.216693 908846
3.259868 908817
3.266876 908363
3.266956 908182
3.309934 908153
3.317046 907972
3.372879 907826
3.420735 907780
21.007988 907686
21.081312 907476
22.595089 902620
22.647722 900420
22.724752 900239
24.529463 900064
24.531720 899116
24.552013 898906
24.579653 898835
24.589332 898565
24.602172 898355
24.629824 898284
24.652318 898074
94.798128 896264
94.798277 894606
105.478137 894297
105.527975 893746
105.604591 893536
