0.000416 3016841
0.000551 3011586
0.000807 2997476
0.000973 2924143
0.001059 2909030
0.001224 2892538
0.001388 2863806
0.001552 2812453
0.001717 2782494
0.002041 2737073
0.002286 2699435
0.002451 2591666
0.002695 2575844
0.002953 2570132
0.003436 2478101
0.003996 2475150
0.004080 2328202
0.004403 2286764
0.005045 2241899
0.005369 2239427
0.005771 2092949
0.005855 2085237
0.006178 2083716
0.006422 2064468
0.006668 2056117
0.006831 1988781
0.007659 1981551
0.007983 1903483
0.008305 1874204
0.009025 1844458
0.009270 1842060
0.009830 1822174
0.010310 1815606
0.011922 1740614
0.013832 1726582
0.013919 1693501
0.014004 1571749
0.016481 1570548
0.016808 1530463
0.018164 1518204
0.021040 1493351
0.022396 1489724
0.023369 1485020
0.024249 1479329
0.024808 1478829
0.024892 1458472
0.025450 1439967
0.026648 1397525
0.027220 1396857
0.028733 1386647
0.029215 1294177
0.032632 1290244
0.033828 1241334
0.034229 1236712
0.040196 1227437
0.040443 1221085
0.041556 1205188
0.044190 1196335
0.055770 1142394
0.056204 1140754
0.058567 1137474
0.059090 1128732
0.064278 1122817
0.067528 1115398
0.068027 1115194
0.070613 1114667
0.071687 1094499
0.076548 1089259
0.081661 1088658
0.091449 1077008
0.096697 1073934
0.129329 1062149
0.131846 1055443
0.132183 1046079
0.140114 1046075
0.142462 1045172
0.153463 1035748
0.156306 1028776
0.233840 1008916
0.320129 990114
0.323082 969646
0.327515 969513
0.381029 968086
0.492473 962257
0.493455 957817
0.944965 951293
1.321050 944426
1.332825 943004
4.280711 937626
4.474836 933738
4.484957 932870
5.065148 927717
5.070963 926571
5.077381 926295
5.079966 925149
5.089625 924968
5.122431 924156
5.126041 923605
5.510637 919896
5.512231 916933
5.515281 914733
5.531174 914691
5.556236 914397
6.210878 910850
6.290355 908774
10.315276 905376
10.461642 905323
10.501197 903364
10.506167 903151
10.508661 902970
10.686715 902851
10.887950 901872
10.896450 900175
13.480549 897478
13.582999 896366
18.320315 895622
20.294919 895619
20.299767 895409
21.091952 894858
406.115485 894748
406.148625 894197
408.047507 893536
