0.001456 2702866
0.001550 2670986
0.002848 2666591
0.002923 2620116
0.003356 2601334
0.003564 2592966
0.004066 2473847
0.040697 2397688
0.053503 2393166
0.053584 2390653
0.054017 2380427
0.054957 2360117
0.055034 2313642
0.055467 2294860
0.055687 2286492
0.056642 2273217
0.056934 2152083
0.105146 2126045
0.113234 2110558
0.115680 2110221
0.115887 2062012
0.118683 2061746
0.142106 2046418
0.143666 1987651
0.157814 1961613
0.165923 1946126
0.168375 1945789
0.168583 1897580
0.169671 1896706
0.217968 1870668
0.224431 1870341
0.226877 1869728
0.228924 1859535
0.231577 1857774
0.235299 1837899
0.235917 1828107
0.241019 1812548
0.254295 1799807
0.271094 1773769
0.280025 1758282
0.289413 1749257
0.289910 1745663
0.292356 1745309
0.294548 1715649
0.314578 1715480
0.323006 1689442
0.330301 1689115
0.332770 1688502
0.334800 1678309
0.341071 1648351
0.346511 1631322
0.373922 1605284
0.381082 1604957
0.383516 1604344
0.385553 1594151
0.391654 1564193
0.406139 1549692
0.425281 1523654
0.432618 1523327
0.435067 1522714
0.437122 1512521
0.442665 1495548
0.443417 1490885
0.462819 1489106
0.463116 1481507
0.477658 1455469
0.485202 1455142
0.487781 1454529
0.489947 1444336
0.517882 1443213
0.529525 1443092
0.530682 1417054
0.540732 1416114
0.542772 1405921
0.570059 1370241
0.582251 1344203
0.592083 1343263
0.594811 1342033
0.595890 1339256
0.600250 1319691
0.634181 1293653
0.644311 1292713
0.644820 1282520
0.687242 1256482
0.697361 1255542
0.705006 1251847
0.717912 1250171
0.727570 1250156
0.739874 1224118
0.749888 1223178
0.757510 1219483
0.769758 1217807
0.792195 1191769
0.802146 1190829
0.809632 1187134
0.827426 1179165
0.844720 1153127
0.854642 1152187
0.861954 1148492
0.871889 1137180
0.896776 1111142
0.906338 1110202
0.913763 1109217
0.949089 1083179
0.959229 1082239
0.990805 1081306
1.001581 1055268
1.011306 1054328
1.052996 1053300
1.055052 1044288
1.055264 1042654
1.057792 1034279
1.065008 1010009
1.105133 984952
1.140164 984200
1.157563 959143
1.209629 958592
1.219974 952089
1.222391 948202
1.227350 942169
1.261807 941618
1.271587 935115
1.274578 931228
1.307731 925944
1.314264 925393
1.324057 918890
1.326422 915003
1.364576 914452
1.372345 913857
1.407882 908295
1.416041 907744
1.423600 907149
1.466029 906873
1.468042 906322
1.476035 905727
1.520625 905176
1.626793 904995
10.710331 904285
10.746849 903734
37.356179 901772
37.376741 900075
37.423944 899572
37.428941 897875
37.489030 897665
37.511853 897324
37.518976 897165
37.541267 896955
37.562889 896614
37.592671 896404
201.884446 896366
315.056333 895505
315.099444 895295
315.131546 895292
315.151660 895082
