0.000491 2757004
0.000801 2728283
0.002908 2715286
0.006523 2704503
0.006891 2677991
0.007398 2674413
0.007762 2674199
0.012352 2664827
0.014446 2655457
0.014810 2654695
0.015460 2633677
0.048522 2611037
0.053901 2564242
0.054192 2535521
0.056268 2522524
0.059776 2511741
0.060139 2485229
0.060643 2484135
0.067695 2462695
0.068707 2440915
0.107348 2430451
0.107641 2364709
0.108147 2360123
0.109311 2352402
0.112658 2311315
0.128457 2306264
0.141475 2303994
0.144610 2287838
0.160303 2277374
0.160596 2211632
0.160816 2208353
0.165628 2158238
0.181236 2127635
0.213188 2046843
0.219147 1999182
0.238692 1974650
0.266786 1959826
0.267082 1947739
0.267303 1942299
0.267380 1931798
0.267672 1926247
0.272114 1846197
0.322474 1845681
0.329283 1830857
0.329603 1818770
0.330184 1797278
0.334610 1717228
0.381198 1713605
0.382499 1690317
0.383081 1668825
0.391300 1651515
0.393453 1644126
0.424851 1640857
0.426714 1625163
0.433590 1605237
0.434024 1601614
0.435312 1578326
0.435907 1556834
0.444075 1535385
0.446309 1532135
0.477714 1528866
0.479568 1513172
0.486885 1509549
0.488454 1480821
0.488534 1470320
0.496890 1443320
0.499117 1440070
0.530544 1436801
0.539733 1433178
0.540878 1399650
0.547650 1397484
0.549009 1396529
0.549752 1366949
0.592993 1334598
0.593076 1324097
0.643381 1323964
0.645826 1291613
0.645909 1281112
0.698876 1280823
0.701539 1252585
0.702969 1241837
0.751839 1221035
0.757055 1214945
0.769362 1211034
0.773994 1211022
0.776848 1209120
0.777934 1207910
0.780360 1203516
0.804645 1182714
0.809879 1176624
0.822187 1172713
0.826850 1172701
0.829721 1170799
0.830800 1169589
0.857790 1169300
0.860432 1153051
0.866774 1146201
0.869640 1140247
0.874205 1139845
0.892797 1139656
0.910619 1139367
0.913270 1123118
0.919622 1116268
0.922487 1110314
0.927054 1109912
0.963497 1109623
0.966148 1093374
1.009607 1081135
1.016292 1080846
1.018951 1064597
1.063995 1055326
1.068995 1055037
1.071645 1038788
1.122886 1037888
1.128239 1027755
1.130683 1024429
1.175721 1023529
1.180939 1015906
1.197465 1014989
1.197545 1011625
1.228469 1010725
1.233715 1003102
1.276068 1001600
1.281390 1000700
1.286608 993077
1.334955 991655
1.349868 991166
1.358298 985490
1.387937 984068
1.402789 983579
1.413050 982681
1.430683 981455
1.431615 979764
1.437107 978773
1.440825 977351
1.455705 976862
1.465966 975964
1.483569 974738
1.484501 973047
1.489928 962548
1.493725 961126
1.508581 960637
1.518868 959739
1.536469 958513
1.537415 956822
1.546602 955400
1.561480 954911
1.571794 954013
1.599542 952591
1.614418 952102
1.652421 950680
1.717836 950534
1.748030 949979
1.770745 949833
1.828195 949787
3.376817 941222
3.398979 938177
3.454274 920158
3.504436 916500
3.596914 916026
3.599291 915510
3.606379 915499
3.649861 915025
3.652222 914509
3.659334 911576
3.659486 909177
3.702623 908703
3.704990 908187
3.755537 907906
3.763252 907636
3.808393 907355
3.863790 904552
3.916479 898184
3.971451 897971
18.338480 896617
18.338686 895732
18.439210 895519
20.305832 895068
20.386547 894858
502.028895 894819
502.063202 894816
502.082082 894606
503.981239 894159
