0.000278 2979081
0.000392 2807405
0.000483 2770277
0.000655 2751482
0.000740 2739169
0.000909 2736282
0.001077 2728189
0.001162 2699676
0.001246 2654668
0.001575 2648521
0.001741 2625645
0.001826 2517014
0.002072 2496596
0.002577 2494910
0.002664 2492212
0.002748 2491562
0.002831 2405072
0.002914 2385645
0.002998 2373064
0.003404 2345402
0.003570 2344115
0.003735 2323744
0.003982 2287680
0.004470 2264097
0.004637 2189731
0.005125 2103801
0.005370 2101314
0.005695 2091906
0.006600 2089323
0.006929 2089202
0.007175 2086739
0.007664 2081978
0.007833 1955914
0.008643 1921552
0.009128 1783777
0.009374 1752735
0.013519 1747243
0.013771 1720075
0.014993 1695049
0.015323 1678974
0.016293 1591279
0.016379 1590145
0.017748 1589436
0.019374 1547169
0.019542 1513161
0.019709 1508497
0.022458 1472756
0.022708 1456090
0.023117 1452364
0.023686 1442745
0.024333 1424134
0.027325 1405608
0.027655 1374193
0.030497 1364796
0.030585 1326487
0.032994 1278188
0.036286 1260937
0.036620 1252968
0.043053 1235492
0.044903 1206846
0.046283 1206593
0.049098 1200920
0.050882 1198014
0.051212 1164731
0.062800 1155927
0.081459 1139661
0.092082 1127675
0.092574 1125475
0.101820 1117537
0.109331 1098789
0.128421 1094775
0.143011 1064588
0.144872 1052903
0.162277 1052861
0.250118 1046257
0.254583 1045192
0.274638 1044805
0.279417 1039497
0.416411 1038432
0.417094 1019456
0.425563 1015435
0.448391 1003500
0.448565 988154
0.457181 979611
2.262613 970865
3.232658 966528
3.235938 964139
3.236821 960394
3.239114 930783
3.284568 929156
3.322462 913925
4.767225 913835
4.775242 910177
5.269109 909476
5.273689 909263
6.503566 907266
8.205731 906848
9.098873 906196
9.601642 903874
9.724479 896710
9.742685 894300
19.454763 894197
27.293566 893746
27.337772 893536
