0.000514 2921450
0.000625 2913487
0.001239 2901973
0.002939 2888608
0.003014 2857493
0.003221 2771348
0.013854 2746520
0.015643 2700533
0.029339 2673643
0.050607 2659558
0.050698 2651595
0.051985 2642932
0.053004 2626716
0.053076 2595601
0.053282 2509456
0.066669 2472034
0.101115 2470734
0.101192 2438472
0.102345 2436138
0.102835 2425107
0.102908 2393992
0.104320 2374291
0.110116 2362379
0.110732 2362305
0.112754 2355849
0.117547 2347490
0.128605 2293458
0.131836 2271808
0.151174 2270314
0.151249 2241097
0.152200 2235912
0.152683 2224881
0.152757 2193766
0.153766 2148830
0.200007 2115268
0.202168 2112934
0.205052 2105178
0.206000 2080217
0.211669 2045408
0.219108 2032645
0.250073 1999083
0.252242 1996749
0.255080 1988993
0.256026 1964032
0.261668 1929223
0.284345 1929094
0.295727 1928743
0.300692 1925700
0.305751 1920959
0.306257 1887397
0.311339 1852901
0.312293 1852346
0.318020 1817537
0.358534 1783975
0.363578 1749479
0.364733 1743859
0.370961 1742824
0.371110 1731733
0.379708 1730666
0.396394 1722888
0.408968 1689326
0.414000 1654830
0.421354 1648175
0.421497 1637084
0.430037 1636017
0.459207 1602455
0.464267 1567959
0.471803 1557972
0.509348 1524410
0.514369 1489914
0.537871 1485600
0.559652 1452038
0.564676 1417542
0.610066 1414733
0.612111 1412741
0.619432 1409947
0.622891 1365333
0.640145 1361365
0.660265 1358556
0.662303 1356564
0.669644 1353770
0.673319 1333716
0.673532 1323676
0.674845 1322158
0.675728 1317846
0.695744 1313433
0.696367 1287687
0.710788 1284878
0.719491 1283440
0.723767 1282315
0.723843 1279582
0.723917 1269777
0.723991 1264331
0.725348 1248480
0.754755 1237739
0.761192 1234930
0.769870 1233492
0.774178 1232367
0.774262 1229634
0.774336 1219829
0.774410 1214383
0.774618 1186332
0.811498 1183523
0.811776 1181531
0.819090 1178737
0.830292 1149882
0.850299 1149372
0.850375 1147125
0.861882 1144316
0.862160 1142324
0.869490 1139530
0.880710 1110675
0.912434 1107866
0.912714 1105874
0.920031 1103080
0.936198 1099000
0.939839 1082628
0.942772 1082205
0.958564 1081408
0.959874 1079924
0.962718 1077115
0.962996 1075123
0.970298 1072329
0.986493 1068249
0.990093 1051877
0.993027 1051454
1.008795 1050212
1.013018 1047403
1.013295 1045411
1.020665 1042617
1.040479 1016717
1.042182 1006185
1.063611 1003376
1.063890 1001384
1.071207 998590
1.090181 996821
1.101265 977715
1.113831 974906
1.114110 972914
1.121430 970120
1.140424 968351
1.151466 965142
1.153830 962123
1.164047 959314
1.164325 957322
1.171654 954528
1.190613 952759
1.211207 949325
1.214246 946516
1.214522 944524
1.221837 941730
1.240819 939961
1.264358 937152
1.264638 935160
1.271958 932366
1.315254 929557
1.338150 929157
1.341755 926000
1.365007 925202
1.365427 922393
1.388335 921993
1.391937 918836
1.415789 916027
1.476424 915981
1.515835 913827
1.526800 913781
1.565366 913617
1.577290 913571
5.103086 912476
5.145321 911054
5.212214 910590
5.231605 910353
5.262550 909889
5.319128 909843
5.339481 909679
5.369445 909633
10.599416 906601
10.658987 901490
10.717903 901280
10.730059 900939
10.767818 900729
90.468039 900371
90.531967 899820
90.562057 897979
90.582282 897428
90.638604 897247
92.268950 896351
92.277547 896138
92.304994 893959
92.327775 893746
92.411706 893536
