0.000241 2952983
0.002598 2937845
0.003153 2934357
0.003296 2916781
0.005537 2851920
0.005679 2680285
0.008123 2665800
0.051071 2602911
0.053381 2587773
0.053730 2583830
0.056250 2393030
0.101438 2339983
0.102268 2337339
0.103018 2332177
0.103709 2315003
0.109467 2310799
0.109609 2175840
0.151663 2170311
0.151739 2152433
0.152553 2133250
0.153171 2114987
0.153855 2097813
0.161768 2095797
0.163266 2068886
0.186011 2063590
0.202303 2058061
0.202380 2040183
0.203465 2029728
0.204090 2007055
0.204506 1985563
0.206305 1970733
0.213303 1962740
0.215435 1962094
0.252795 1956565
0.252943 1948671
0.253961 1928232
0.254618 1905559
0.255031 1884067
0.259842 1869237
0.268350 1861244
0.311987 1854055
0.312831 1848536
0.312982 1843541
0.313400 1804709
0.313816 1783217
0.315604 1768387
0.356917 1765362
0.363024 1758173
0.363780 1752654
0.363923 1747659
0.364200 1722772
0.366599 1693368
0.400709 1691981
0.407800 1685548
0.413442 1678359
0.414201 1672840
0.414343 1667845
0.414625 1640943
0.431366 1620058
0.451078 1616182
0.462811 1607086
0.464071 1599897
0.464834 1594378
0.464980 1589383
0.465259 1562481
0.502006 1537720
0.514967 1530531
0.515585 1514571
0.516812 1497782
0.518186 1495478
0.543301 1493063
0.565714 1485874
0.566496 1471025
0.567588 1453125
0.568949 1450821
0.615579 1448978
0.616921 1441789
0.617701 1426940
0.618822 1409040
0.620189 1406736
0.630569 1405187
0.636896 1394137
0.667709 1381429
0.667856 1376434
0.668132 1349532
0.717275 1341864
0.718444 1314582
0.722040 1308273
0.759038 1302461
0.767510 1294793
0.770093 1287664
0.772264 1275606
0.774242 1270070
0.784041 1263830
0.817784 1256162
0.820377 1249033
0.822563 1236975
0.824564 1231439
0.843193 1228278
0.868256 1220610
0.868873 1218759
0.870889 1213481
0.873064 1201423
0.875065 1195887
0.919379 1193604
0.920073 1188509
0.922657 1187259
0.922736 1183884
0.923353 1169032
0.933953 1166151
0.943168 1164050
0.969653 1161767
0.970346 1156672
0.972920 1155422
0.972996 1152047
0.973612 1137195
0.984399 1134314
1.019342 1131182
1.019625 1124795
1.023444 1122311
1.024065 1107459
1.035759 1101014
1.069810 1096632
1.070573 1093346
1.073157 1086217
1.080174 1084124
1.082427 1074559
1.117729 1071848
1.120254 1067466
1.121004 1064180
1.123586 1057051
1.130622 1054958
1.132859 1045393
1.171345 1037725
1.173666 1018538
1.202154 1010654
1.224345 983799
1.279419 983393
1.281740 967574
1.345322 962707
1.357474 957574
1.369791 956194
1.370072 953259
1.375445 950976
1.396184 948392
1.408265 943259
1.422622 941940
1.446798 937073
1.458706 931940
1.497375 927073
1.569989 924264
1.623321 924218
1.625702 923742
1.673448 923696
8.133164 919073
8.152080 918132
8.183592 908132
8.231969 907922
8.251281 906986
8.265492 906710
8.282131 906500
8.301623 905564
8.332726 905354
8.411341 905173
13.541789 901126
13.558359 897468
13.626537 896946
13.631236 894681
13.677107 894159
