0.000267 2860825
0.000467 2855351
0.000798 2827989
0.001044 2733870
0.001209 2724105
0.001294 2707536
0.001458 2656978
0.001621 2614049
0.001705 2602460
0.001947 2555102
0.002031 2544517
0.002115 2508047
0.002279 2416871
0.002443 2238274
0.002526 2200147
0.003261 2199668
0.003506 2168175
0.003748 2128910
0.005103 2110862
0.005189 2061354
0.005352 1975142
0.005991 1972219
0.007528 1930121
0.007693 1911423
0.008727 1886153
0.009365 1820877
0.009768 1768385
0.009932 1764782
0.010743 1742187
0.011226 1720873
0.011945 1706320
0.013778 1703310
0.014749 1667022
0.015230 1661416
0.015870 1629886
0.015954 1599900
0.016038 1597101
0.016361 1593957
0.016919 1589687
0.017873 1589487
0.018989 1527394
0.019158 1479422
0.019880 1430282
0.021785 1400849
0.022268 1388958
0.027136 1359217
0.032713 1328430
0.034634 1315378
0.037101 1303500
0.040207 1299447
0.088429 1294524
0.092642 1275620
0.094388 1271123
0.095833 1247923
0.100031 1233300
0.100196 1223719
0.101786 1216817
0.103077 1213386
0.121230 1210550
0.126481 1210497
0.126733 1191521
0.129193 1168839
0.137522 1156011
0.139841 1143310
0.142305 1139946
0.147088 1138030
0.223589 1111291
0.224951 1107119
0.227355 1095166
0.231248 1085817
0.232605 1080015
0.234847 1073647
0.238740 1066422
0.339826 1063248
0.340415 1023665
0.345790 1023143
0.349835 1012707
0.351453 1007617
0.352569 999808
0.372834 999725
0.375781 997107
0.378239 988584
0.379207 964680
1.050924 964308
1.051458 961845
1.062178 954069
1.424506 940091
3.362854 935578
4.828295 933974
4.832883 932277
4.952495 927698
4.952684 927412
4.956792 925273
4.960275 923945
4.974570 920736
4.979790 918008
5.336018 915034
5.337855 914324
5.338249 914317
5.394176 913222
5.394805 911022
5.439728 904132
5.452659 899728
16.644140 898005
16.715773 896327
16.754602 896117
16.877133 895805
16.894336 895595
17.462813 895254
18.477458 895044
115.796968 894197
126.670366 893749
127.036972 893536
