0.000377 3023409
0.000484 3022499
0.000828 2966770
0.002337 2965152
0.004896 2954961
0.006266 2920509
0.007746 2890319
0.024000 2732329
0.051299 2701779
0.051378 2700869
0.051784 2641510
0.055759 2633331
0.057101 2598879
0.058601 2568689
0.076235 2568599
0.077180 2514405
0.100962 2483855
0.101038 2482945
0.101511 2455594
0.101869 2426848
0.102483 2424192
0.102825 2423090
0.106983 2403865
0.107530 2394810
0.108275 2350765
0.150796 2298689
0.151005 2270602
0.151279 2264391
0.152091 2261958
0.154658 2251767
0.165195 2250724
0.171257 2192701
0.182620 2187763
0.200796 2135687
0.201029 2107600
0.201305 2101389
0.201781 2100206
0.215299 2087722
0.221356 2029699
0.250597 1977623
0.251005 1938384
0.274443 1911176
0.276873 1887045
0.302415 1834969
0.302991 1798238
0.305565 1788047
0.330935 1768522
0.358230 1716446
0.361973 1713565
0.362525 1704493
0.378356 1698960
0.397895 1696976
0.408410 1644900
0.412681 1632947
0.428507 1627414
0.450788 1606834
0.458637 1554758
0.472475 1551928
0.473122 1545234
0.474171 1541379
0.478854 1537272
0.508860 1485196
0.512194 1473243
0.558816 1461558
0.558894 1440515
0.559641 1421666
0.568041 1419643
0.588097 1411643
0.609065 1399958
0.609144 1378915
0.623495 1359930
0.643642 1359151
0.659193 1347466
0.659270 1326423
0.673577 1307438
0.709277 1295753
0.709357 1274710
0.740157 1266116
0.751137 1257295
0.759538 1245610
0.759615 1224567
0.761311 1205718
0.809690 1198248
0.810399 1191078
0.817657 1167220
0.859196 1155062
0.859819 1147592
0.860513 1140422
0.867799 1116564
0.910453 1106534
0.910613 1101924
0.919930 1096050
0.939897 1093532
0.944994 1087528
0.950229 1086474
0.960708 1076444
0.960853 1071834
0.970154 1065960
0.990103 1063442
0.990663 1032874
1.010875 1022844
1.011021 1018234
1.020308 1012360
1.042150 1011878
1.060936 1001848
1.061082 997238
1.070402 991364
1.111083 981334
1.111228 976724
1.145556 976712
1.149279 975559
1.161202 965529
1.161347 960919
1.194106 960706
1.211401 950676
1.211547 946066
1.266046 945335
1.275414 940728
1.321794 939783
1.324187 934630
1.388380 934349
1.398049 930224
1.399338 929466
1.438386 929185
1.449588 924084
1.488408 923803
1.498079 923658
1.499363 919509
1.499437 919122
1.538348 918841
2.863787 918010
2.877853 916588
2.884349 915724
2.898707 915527
2.904259 914352
2.927962 912930
2.934479 912066
2.948809 911869
2.978081 910447
2.984588 909583
3.028251 908161
3.060033 907383
3.078433 905961
3.144501 905410
18.607139 900419
18.667386 898027
18.683732 896761
18.717271 894369
18.774155 894159
96.997922 893959
97.019434 893749
97.052535 893746
97.069448 893536
