0.000261 3015872
0.000380 2851953
0.000471 2846169
0.000642 2833130
0.000728 2747733
0.001149 2733069
0.001422 2683565
0.001831 2660800
0.001998 2657125
0.002083 2656751
0.002168 2649278
0.002252 2622306
0.002737 2542895
0.002822 2525449
0.003148 2474345
0.003234 2346767
0.003318 2294194
0.003482 2283023
0.003647 2273091
0.004366 2269407
0.004690 2259078
0.005435 2239498
0.005681 2148523
0.006085 2131259
0.006811 2098978
0.006977 2081992
0.008018 2047199
0.008822 2020439
0.009069 2009220
0.009155 1999486
0.009817 1992718
0.010223 1984992
0.010389 1939895
0.011508 1935947
0.013633 1924416
0.014362 1921292
0.015086 1916069
0.015732 1887410
0.015817 1871756
0.016140 1801016
0.016225 1774383
0.016390 1750785
0.020071 1747118
0.021359 1697593
0.022084 1693426
0.022728 1671558
0.024005 1645363
0.025205 1644756
0.025307 1628128
0.025634 1613016
0.026200 1598366
0.026525 1572021
0.026768 1556415
0.027806 1515859
0.028527 1503643
0.030766 1475474
0.031725 1432987
0.043052 1425752
0.044254 1422435
0.049966 1398939
0.052050 1375193
0.052219 1364261
0.053509 1356284
0.055908 1338940
0.065074 1298149
0.070271 1289091
0.079692 1280979
0.081408 1270194
0.081577 1269987
0.094329 1259851
0.100165 1258128
0.101052 1240448
0.102104 1225014
0.106585 1215014
0.106675 1209171
0.109229 1198281
0.115560 1198091
0.128886 1194645
0.129138 1151438
0.130744 1150229
0.130833 1145561
0.135792 1135985
0.172124 1125986
0.172775 1124179
0.180991 1123702
0.181420 1115643
0.186532 1083220
0.187738 1075124
0.216289 1064245
0.217593 1062848
0.223500 1061555
0.224546 1061545
0.386760 1052790
0.393514 1043836
0.394245 1042641
0.395613 1039390
0.423350 1031079
0.558516 1021236
0.652117 1002618
0.656214 1000781
0.657281 997764
0.660121 989753
0.670387 988792
0.714597 983037
1.262475 981188
1.270184 976061
1.495297 964806
2.552993 962659
2.637543 961419
2.637910 959219
2.770975 949010
2.782727 948690
2.786716 946883
2.787874 939996
2.789712 935765
2.821474 929905
2.836976 925287
2.838764 922847
5.562883 920243
6.184462 918421
6.193720 917132
6.197453 912552
6.205818 909367
6.232690 908267
8.609407 903922
9.179447 900294
11.613685 897939
11.651926 897726
11.684029 897516
11.853127 896521
12.231151 895068
17.145348 894858
112.876931 893749
116.954029 893746
118.629349 893536
