0.000328 219753
0.000475 215091
0.000589 210414
0.001731 207988
0.002049 202058
0.002156 200341
0.004328 198781
0.004541 196074
0.004650 191753
0.009067 190869
0.014489 188686
0.014598 188558
0.015014 184606
0.015224 180866
0.023323 180190
0.023742 180064
0.023865 173916
0.023973 172804
0.024492 172497
0.024600 171083
0.024707 170861
0.024916 165004
0.025022 157322
0.025232 154259
0.027481 154104
0.027809 151266
0.028328 151009
0.029354 150799
0.030786 149358
0.030895 148836
0.031104 147172
0.040467 144227
0.040681 142393
0.390269 135159
0.390972 131634
0.391190 130226
0.391301 129818
0.391619 129298
0.391962 128707
13.349134 127517
13.349541 125254
14.666739 125168
14.667312 123100
14.675498 122915
14.676970 122829
14.677415 121859
17.336974 119866
17.337568 119212
17.337685 118369
17.337918 117817
17.338152 117433
20.069893 117171
20.070383 117085
20.070496 116941
20.070718 115861
20.070946 112807
20.073599 109732
21.890201 108332
21.947766 108279
23.126895 108248
23.572967 107335
23.574228 105973
23.575336 105842
23.842750 105656
23.961120 105536
23.961601 105487
25.370639 105266
25.371704 103828
25.374985 103546
25.376396 103042
25.509335 102914
25.567323 99175
25.567821 99169
25.569659 99081
26.324785 98087
26.325147 97796
26.325265 97207
26.326538 96685
26.662059 96422
26.674463 95740
26.963408 94319
26.963771 93153
27.536366 93027
28.376247 90100
28.377252 88375
28.377365 87875
31.171221 85690
31.171749 84361
31.172001 83503
31.172998 83136
33.257572 81519
33.295970 80205
34.702025 78902
35.231721 78857
35.234296 78814
35.243296 77354
35.244446 76519
35.577072 75574
35.579113 74510
35.583767 73882
35.598195 73748
38.309084 73419
38.309212 72432
38.333507 72289
38.334559 71475
38.335860 70630
38.336338 70542
39.678720 70365
40.920706 70263
41.090225 70068
41.091010 69351
41.097096 69232
41.608852 69104
41.614727 68605
41.614843 68422
41.618927 67753
41.626215 67394
41.626998 66660
41.628467 66280
41.634854 66218
42.620113 65919
42.621525 65886
42.630395 65564
43.594731 65140
43.603070 65136
43.611673 64930
43.889605 64595
43.895814 64267
43.901648 63994
44.496137 63989
44.550972 63675
44.553529 63242
44.556191 62938
44.559737 62430
45.773514 62083
45.779040 61724
45.781378 61695
45.860513 61507
45.871656 61404
45.877940 61399
45.880903 60762
45.902740 59395
47.303408 58947
47.671291 58592
48.835518 58045
48.890656 57326
48.899307 57285
50.134027 56937
50.320763 56858
50.338565 56657
50.473831 56599
50.733195 56284
50.767391 55891
50.795108 55727
50.887486 55665
52.558347 55376
52.612809 55370
52.644409 55303
52.645706 55220
52.728546 54824
57.972804 54688
58.007038 54220
59.487934 54131
59.523847 53451
59.528081 53369
60.111519 53091
60.301077 53009
60.648310 52950
61.657531 52883
62.367211 52739
62.927695 52719
64.327246 52657
242.338831 52643
