0.000283 200820
0.000532 200467
0.000646 199823
0.000755 199779
0.002098 199383
0.002209 196006
0.002316 192915
0.007662 187010
0.007983 185745
0.008300 183608
0.008408 183389
0.009232 183066
0.009957 181207
0.017871 171432
0.019325 168181
0.019435 164936
0.020059 162915
0.020168 155995
0.023558 152586
0.023874 151779
0.125413 149419
0.125889 149309
0.137092 148907
0.137208 143990
0.137521 142224
0.138353 141921
0.139712 138702
0.141567 137133
0.522641 135276
8.708711 134908
8.710296 133742
8.710542 133264
8.711527 131707
14.561352 131589
15.040072 130351
15.040644 129969
15.040761 129041
15.041432 127054
15.041884 125503
16.986438 124984
16.986585 124148
16.986817 120135
18.066237 119515
18.845131 118772
18.845482 117666
19.241298 115804
20.546528 113610
20.547247 110801
20.547840 110498
20.547958 110394
20.548543 109335
20.550170 108236
20.551128 108213
20.551602 106709
23.212140 106339
23.212602 105107
23.224905 105007
23.228325 104966
23.228997 104370
23.229364 103302
23.229594 103271
23.230268 102622
23.231392 102487
23.233922 101767
23.234834 97637
26.903208 94381
26.910926 94097
26.912717 93276
26.919057 92935
29.109519 90549
29.113072 90465
29.113957 89239
29.650997 89056
29.666149 88032
29.666742 87561
29.670518 87405
30.924702 86325
30.925381 85606
30.925494 84935
30.926519 83768
30.927634 83527
30.927747 82418
32.730737 82371
32.732029 82032
32.733813 82002
33.357154 81789
33.357389 81348
33.358281 80424
33.358639 80023
33.359197 79624
33.407273 78597
33.408172 77721
33.408402 76219
33.411293 75881
33.413958 75288
33.415644 74583
33.450824 72752
33.453594 72422
33.456601 72332
33.464256 72214
33.465701 71915
36.166564 71904
36.166913 71350
37.820279 71205
37.822074 71140
37.824638 71087
37.827434 70699
37.873302 70539
37.888800 70112
37.890807 69463
39.690734 69415
39.693690 69024
39.698795 66168
39.699037 65443
39.710665 65439
40.735773 64007
40.743084 63412
42.151877 62872
42.154330 62761
42.159450 62660
42.336057 61959
42.347629 60645
42.356087 60639
44.882440 60284
44.885343 59586
44.890124 59369
44.902654 58988
44.911633 58435
44.916074 58053
46.141582 57088
46.201087 56659
46.212569 56380
46.215036 56364
46.337866 56298
49.619334 56204
49.647300 55265
50.413869 54958
50.444665 54474
50.447020 54284
51.700680 53433
56.037823 53290
56.078858 53255
56.191830 53163
56.203715 52999
56.217799 52951
67.633286 52941
67.724830 52879
312.955717 52803
400.965349 52725
401.041286 52643
