0.001286 206542
0.002977 206184
0.006100 205275
0.006655 204902
0.024581 204137
0.045053 203152
0.045334 202974
0.047356 200466
0.056393 198740
0.058396 198381
0.066236 193165
0.125532 190310
0.137183 187555
0.138835 187197
0.139880 187134
0.141988 186288
0.142542 185915
0.160334 185150
0.180830 184165
0.181111 183987
0.192146 179753
0.194153 179394
0.277166 177490
0.278389 176422
0.278725 175942
0.280664 175690
0.286359 175018
0.323271 174701
0.324012 173992
0.324388 171601
0.351065 170542
0.358273 170040
0.359214 169423
0.393247 163262
0.409625 161358
0.410007 160290
0.410202 159810
0.411337 159558
0.416981 158886
0.453917 158569
0.454652 157860
0.455398 157117
0.468272 155988
0.470459 155979
0.481778 154410
0.488991 153908
0.489907 153291
0.540307 151387
0.540686 150319
0.545098 149664
0.546652 148896
0.585164 146968
0.598943 146017
0.600135 144992
0.613430 144774
0.628017 144603
0.670833 142699
0.671219 141631
0.671774 140899
0.716026 140749
0.716491 140647
0.717507 140005
0.729563 137329
0.743495 136518
0.801533 134614
0.802372 133405
0.806311 132891
0.809424 132839
0.825372 132822
0.846657 132664
0.847132 132562
0.848144 131920
0.860516 129593
0.932125 129180
0.932521 127592
0.933993 126933
0.935387 126828
0.938854 126194
0.939888 125914
0.955898 125897
0.977253 125739
0.977723 125637
0.978734 124995
1.013060 124186
1.059068 123335
1.060802 122860
1.062814 122447
1.063192 120859
1.064657 120200
1.069510 119461
1.070528 119181
1.086485 119164
1.107758 119006
1.108225 118904
1.111801 118682
1.113268 117776
1.193009 116520
1.193111 115417
1.194118 114888
1.197868 114289
1.236282 113859
1.237112 113083
1.238391 111453
1.324583 110844
1.324783 108793
1.329633 108054
1.330645 107774
1.414407 106420
1.454801 105811
1.455015 103760
1.459853 103021
1.460227 102933
1.538818 102423
1.585304 101814
1.585499 99763
1.605485 99566
1.678118 99072
1.715756 98463
1.715950 96412
1.721256 96367
1.735949 96215
1.846472 94959
1.846577 94330
1.846768 93327
1.851741 93255
1.975325 92646
1.975521 90595
2.105939 89279
2.110437 89047
2.110928 88219
2.177069 88208
2.230270 88129
2.232645 88082
2.236491 86766
2.240620 86243
2.241450 85706
2.308504 85695
2.368021 84379
2.372171 83856
2.373005 83319
2.498536 83065
2.502210 82806
2.502495 82661
2.503060 81480
2.511688 80630
2.633014 79314
2.633948 78791
2.644110 78313
2.764103 76997
2.765034 76474
2.827973 76313
2.851906 76118
2.895034 74802
2.895997 74279
3.019659 73993
3.026163 72677
3.056965 72632
3.152201 72543
3.156683 71227
3.187600 71182
3.289397 69866
3.436533 69100
3.479932 68698
3.480039 68644
3.567757 67878
3.606097 67814
3.617236 67568
3.636994 67496
3.699028 66730
3.737254 66666
3.759178 66598
3.762293 66487
3.830271 65721
3.868492 65657
3.942815 65635
3.961340 64869
3.999501 64805
4.092488 64039
4.141570 64007
4.203328 63994
4.223384 63228
4.272475 63196
4.355713 62430
4.472273 62421
4.486765 61655
4.622198 61258
4.635460 60903
4.753089 60506
4.774720 60301
4.793895 60183
4.884031 59786
4.905640 59581
5.014916 59184
5.036539 59128
5.106209 59039
5.146196 58642
5.167788 58586
5.256985 58531
5.277262 58134
5.298810 58078
5.408545 57681
5.582004 57447
5.633178 57385
5.713160 57151
5.843319 55587
5.997933 55150
6.000818 54869
6.003949 54689
6.132202 54377
6.266273 54356
6.302607 54164
6.397250 54143
6.431398 54082
6.528254 54061
6.659257 53793
6.817828 53782
13.829279 53776
13.976027 53747
13.997154 53694
14.107099 53665
78.639669 53662
78.735180 53383
78.805474 53369
78.865957 53090
79.064268 53055
79.084090 52900
79.195056 52865
394.710124 52850
394.848669 52788
