0.000319 247933
0.000467 239032
0.000906 234902
0.001015 229349
0.001227 228212
0.001439 224027
0.001546 221543
0.001652 219072
0.001759 214121
0.001867 213589
0.002201 213295
0.002415 211119
0.003037 210211
0.003145 208561
0.003357 206658
0.003669 205799
0.004497 205397
0.004606 205374
0.004713 205350
0.005334 204290
0.005442 202525
0.006480 200684
0.007713 200209
0.007820 198764
0.008030 198308
0.008241 197693
0.008554 196783
0.008970 191681
0.009182 184924
0.009494 183228
0.010852 180944
0.012907 177319
0.013223 175046
0.013949 174441
0.014174 174138
0.014282 174121
0.014699 170053
0.014908 169625
0.032547 167519
0.052521 167381
0.052942 167171
0.053873 165594
0.054027 163931
0.054756 156810
0.055173 156075
0.055385 155406
0.055594 155325
0.127501 153459
0.133780 150499
0.154924 150365
0.155036 150097
0.285997 147047
0.287705 146698
0.289867 146152
0.290205 145195
0.290313 143430
0.290420 142555
0.290734 141435
0.291253 138132
9.716731 138096
10.240202 137997
10.242143 134898
10.242388 132010
10.245918 131003
11.604928 128683
11.605279 128109
11.605399 127229
15.529581 125487
15.529864 122254
15.536405 119367
19.028050 118458
19.028179 118050
19.030533 117955
19.031205 117184
19.032097 116515
19.033535 115725
19.693291 115247
19.694018 114469
19.694944 108108
21.938663 102863
21.939061 102765
21.940108 98963
21.941809 97869
25.373143 96928
25.373380 96880
25.378931 95475
25.379273 94594
25.701708 93725
25.711332 93300
25.713334 92439
28.841753 91813
29.023971 90735
29.054590 90701
30.038851 90592
30.038973 90222
30.393821 90026
30.394299 88562
30.394861 88489
30.396973 87020
30.398222 86275
32.767889 83861
32.773544 83548
32.775404 83390
32.776792 83359
32.781633 83153
32.781869 82766
32.786144 82523
32.789936 80079
34.394220 79986
34.402586 79158
34.900867 78768
34.902770 78724
34.906557 78016
34.907155 77685
34.908565 77533
34.910812 77436
35.489674 77246
35.532784 76860
35.536682 76852
37.116589 76476
37.117638 76443
37.118697 75062
37.123652 75042
37.126329 74577
37.127024 74197
37.131406 72786
37.142105 72324
38.999883 72294
40.274893 71764
40.285464 71464
40.365903 71308
40.366158 70688
40.393635 69824
40.425027 69700
40.474691 69381
40.954652 69148
40.959507 68746
40.968513 68221
40.976128 67094
40.978341 66691
40.989111 66662
40.992019 66326
41.025023 66218
41.025494 66140
41.035646 65961
41.560655 65752
41.561019 65203
41.562337 64004
41.588341 63551
41.595441 63159
41.613630 62867
47.493132 62578
47.497304 62092
47.506657 61852
47.509211 61756
47.513889 61256
47.515463 61148
47.528567 61003
47.546580 60413
47.552913 59499
47.553144 59180
47.582603 58841
47.596125 58289
47.620151 58168
47.631610 58023
47.690847 57964
50.863380 57437
51.140303 57219
51.405301 56795
51.687430 56624
51.690567 56576
51.827807 56373
51.828163 55745
52.033503 55536
52.065897 55505
52.084832 55423
52.089186 55257
52.184409 55250
52.188323 54768
53.871863 54691
54.740057 54493
54.963979 54327
55.046063 54188
55.114504 53685
59.359120 53652
59.416700 53609
59.950282 53527
61.262266 53315
61.829268 53295
61.928276 53233
62.168794 53126
63.111792 53018
63.163472 52936
161.103414 52895
315.946431 52875
320.747620 52788
412.507076 52672
426.173792 52657
