0.000393 215080
0.000693 214297
0.001973 214167
0.002983 214003
0.005191 212559
0.005653 205450
0.036645 202799
0.051194 202096
0.112321 197316
0.135304 196821
0.135585 196038
0.136883 195908
0.140069 194300
0.140546 187191
0.171418 184540
0.189292 183837
0.273136 183342
0.273417 182559
0.274962 182274
0.277893 180821
0.278355 173712
0.311077 173295
0.359507 171902
0.405493 171407
0.405775 170624
0.407233 170560
0.408728 170494
0.410286 168886
0.410746 161777
0.441816 161360
0.536173 160865
0.536470 160082
0.537928 160018
0.539392 159952
0.540961 158344
0.541784 151498
0.667083 150845
0.667459 150382
0.668480 150156
0.669940 150090
0.675319 149342
0.675599 149142
0.685544 148640
0.698789 146537
0.700006 145205
0.702597 143211
0.798037 141648
0.816094 140303
0.816470 139877
0.845535 137108
0.860829 135642
0.888208 135429
0.928298 133866
0.946379 132521
0.946749 132095
0.975829 129326
1.002298 128753
1.003123 128073
1.058603 126510
1.076708 125165
1.077080 124739
1.106197 121970
1.109061 121901
1.189427 121444
1.190624 121283
1.190907 120718
1.195399 120665
1.196975 119745
1.207476 118993
1.252178 118899
1.252763 118094
1.262398 117374
1.262590 117258
1.289500 115784
1.320568 115327
1.321764 115166
1.322044 114685
1.326517 114548
1.328069 113628
1.338567 112876
1.383098 112782
1.388028 112515
1.393426 111252
1.443605 110840
1.450711 110383
1.451904 110222
1.452184 109741
1.453836 108458
1.468689 107932
1.472809 107722
1.523621 106308
1.545358 105553
1.581045 105096
1.582417 104919
1.584371 104211
1.599054 102645
1.603176 102435
1.664562 100945
1.711328 100488
1.713721 98563
1.729307 98037
1.733408 97827
1.809034 97633
1.841691 97176
1.844065 95251
1.859643 94725
1.863739 94515
1.971474 94432
1.971576 93416
1.984197 93124
1.997947 93004
1.998139 92640
2.006776 91749
2.007241 91630
2.010991 91616
2.027043 91422
2.046953 91049
2.101837 90966
2.101939 89950
2.125952 88805
2.137661 88164
2.158408 88047
2.232560 87964
2.232662 86948
2.242781 86656
2.256576 86536
2.256768 86172
2.265435 85281
2.268469 85162
2.364496 84992
2.364685 84097
2.374524 83771
2.388267 83651
2.388473 83287
2.397123 82396
2.495205 81939
2.495668 81297
2.517694 80152
2.603249 79727
2.625684 79270
2.626148 78628
2.648012 77483
2.756164 77026
2.756657 76384
2.787067 76320
2.787528 75705
2.877167 75648
2.877538 75251
2.886260 74794
2.886721 74152
2.917171 74088
2.917632 73473
3.016790 73146
3.017012 72374
3.085728 72244
3.098073 71789
3.147084 71462
3.147276 70690
3.215759 70602
3.270534 70554
3.273367 70181
3.278816 69854
3.279007 69082
3.352107 68994
3.413931 68824
3.414035 67929
3.491132 67554
3.546907 67227
3.547102 66455
3.682178 66442
3.687357 65621
3.687458 64976
3.809212 64489
3.823436 64432
3.863706 64338
3.863807 64205
3.911696 64011
3.939357 63524
3.953736 63467
3.994192 63373
3.994292 63240
4.055632 63199
4.069923 62712
4.084163 62655
4.124590 62561
4.124690 62428
4.151890 62242
4.200400 61755
4.214636 61698
4.255004 61604
4.255105 61471
4.282421 60226
4.330721 59739
4.345705 59682
4.386059 59588
4.386161 59455
4.456452 59436
4.461866 58949
4.476131 58892
4.516618 58798
4.516722 58665
4.592471 58178
4.606777 58121
4.723376 57634
4.732928 57255
4.854013 56694
5.035663 56579
5.064402 56525
5.068226 56317
5.080945 56249
5.110232 56241
5.165944 56126
5.194734 56072
5.198574 55864
5.211342 55796
5.296123 55681
5.324906 55627
5.331821 55509
5.341645 55478
5.341745 55414
5.426495 55299
5.455149 55245
5.557183 55130
5.591455 55067
5.687958 54952
5.794847 54908
5.835761 54845
5.925297 54801
6.004448 54783
6.055712 54739
6.136379 54571
6.185896 54527
6.303150 54275
6.315662 54237
6.434519 53985
6.564520 53598
13.288630 53552
13.430429 53502
88.954386 53147
208.165953 52895
381.634050 52765
381.883840 52658
