0.000287 222015
0.000747 221404
0.002027 216397
0.002249 211022
0.002358 202611
0.004232 201561
0.004446 199847
0.004554 198592
0.004663 196383
0.004875 193213
0.004982 190607
0.007172 186785
0.007283 186089
0.007390 180110
0.031786 171534
0.031900 169401
0.033761 167480
0.053649 166636
0.053763 166396
0.054098 161159
0.064740 155067
0.064852 154551
0.065274 151372
0.065382 147338
0.065490 146817
0.067563 146494
0.067900 145848
0.387349 144479
6.220499 143793
6.912879 143410
6.913014 139290
6.913130 137362
10.790522 136161
11.380475 134439
13.652399 134366
13.652666 130373
13.653348 129681
13.653797 129105
13.654618 127455
15.148850 126376
15.833424 124021
15.833669 121867
17.631828 117499
17.723051 115077
17.724308 113933
21.213273 113625
21.215309 111382
21.215788 110771
21.309945 108283
21.310214 108057
23.222328 106540
23.222448 106162
23.298407 103421
23.298650 102542
23.303633 102517
23.304639 102169
23.306092 100917
23.309989 98711
23.310464 96849
26.688663 96627
26.942404 96023
26.948003 94784
26.948797 94649
26.949139 94250
26.950178 93985
26.950293 93456
26.951416 92915
26.951529 92234
26.952425 92022
27.360401 90078
27.923605 89613
30.887968 88378
30.888696 87963
30.892475 87323
30.893426 85068
30.895230 84772
31.024158 84675
31.025824 83427
31.026559 83379
32.094248 82623
32.094712 82024
34.229509 82002
34.229986 81600
34.230466 81352
34.364726 80751
34.368060 77865
34.368891 77706
34.376076 77585
35.859688 76480
35.862191 76331
35.862986 75335
35.864218 75042
35.864670 74656
35.867801 71040
35.869819 70872
38.258800 70169
38.259614 69726
40.501091 69388
40.501894 68621
41.335734 68590
41.336316 68471
41.367793 68275
41.370279 68220
41.394587 66522
41.483397 66418
41.485305 66058
41.485645 65215
41.485758 64741
41.487123 63684
45.600355 63404
46.781403 62584
46.827034 62424
46.855350 62056
46.858049 61754
47.093121 61207
47.119207 61002
47.120115 60890
47.125610 59958
47.128419 59514
47.129429 59287
47.686267 59270
47.690087 58641
47.786951 58611
47.796154 58507
47.839137 58131
47.839483 57642
47.842748 57628
47.846011 56842
47.885006 56532
51.036554 56374
51.038980 55900
51.043793 55621
53.207552 55588
53.212048 55351
53.319625 55257
53.341811 54915
53.387370 54808
53.424985 54775
53.483635 54651
53.486139 54616
56.766368 54496
56.779156 54461
57.548316 54397
57.678978 54195
58.563574 53541
58.818482 53420
58.820386 53358
61.348109 53354
61.437684 53247
61.439051 53226
63.518830 53055
63.850422 53020
64.559431 52993
65.095873 52958
69.717355 52943
81.814649 52922
81.852320 52874
220.489188 52848
294.864147 52789
401.039176 52779
401.168107 52672
415.249507 52657
468.901110 52643
