0.000337 213563
0.000592 209445
0.002358 205953
0.002573 204396
0.003831 204278
0.004352 202031
0.004461 200545
0.005185 197527
0.006318 196457
0.006736 193026
0.007166 191025
0.007378 188366
0.007484 187888
0.008210 185896
0.008629 185887
0.008736 183475
0.008842 180475
0.009051 180077
0.009364 177201
0.010910 176002
0.011338 172761
0.014930 170489
0.015170 168730
0.016938 168675
0.017255 168644
0.018384 166638
0.018492 165266
0.025601 161160
0.025713 160925
0.025820 158311
0.026032 157159
0.026139 157147
0.026452 154642
0.081503 151297
0.082435 148053
0.085426 147937
0.085639 139054
9.669134 138923
9.790667 130242
9.800425 128904
9.800543 128178
9.800653 128143
13.749318 127485
13.749470 122102
13.749700 121619
13.750151 115705
19.394080 114534
19.398158 112336
21.396366 112268
21.396601 110301
21.397486 110177
21.398040 110064
21.401961 109426
21.402403 109014
21.438831 108006
21.439616 107230
21.439951 106578
21.441051 103631
21.456170 102938
21.457497 102507
21.458077 101099
22.341897 100773
22.342915 99654
22.343280 99303
22.343504 99046
22.343730 98542
26.649303 98226
27.314175 95682
27.494041 94310
27.494273 94226
28.346687 93151
29.139452 92421
29.139813 92020
29.141903 86294
29.143583 85901
31.248085 83578
31.250892 83222
32.027891 82607
32.769133 82424
33.491017 82242
33.535100 82154
33.543673 81676
33.547310 81345
33.697460 80227
33.774696 80111
33.775387 78840
33.777041 78342
33.777925 78003
34.915778 77935
34.918091 77810
34.918317 77773
34.918427 77254
34.924485 77228
34.925260 77105
34.941484 77101
35.274103 76802
35.280081 76223
35.281194 75693
35.281859 75365
35.283093 74704
37.511415 74255
37.515651 74168
37.517759 73899
37.600906 73470
37.602346 72951
37.602681 72676
37.631992 72510
37.648369 70569
37.651449 70208
40.260022 70089
40.260919 69864
40.262356 69372
40.280108 68916
40.282537 68810
40.283105 68458
40.390020 68261
40.397092 67943
40.397976 67545
40.399656 67239
40.411783 66058
40.418935 65951
40.423712 65702
41.924707 64606
41.930213 64569
41.934321 62938
43.215115 62148
43.217787 61778
43.222194 61540
45.041065 60592
45.045203 59872
45.045320 59823
45.076920 59541
45.077812 59512
45.092715 59361
45.165219 59327
45.169627 59120
45.280063 58542
45.286537 58299
45.287324 57940
45.321552 57650
45.605262 56861
45.685162 56644
49.148884 56606
49.160485 56539
49.877659 56450
50.375191 56365
50.402108 55828
50.413826 55736
50.621905 55650
51.321004 55050
51.322887 54969
51.326856 54827
51.472053 54703
51.511288 54303
51.559011 53548
53.742991 53233
53.958124 53219
53.968700 53214
62.560358 52823
64.045138 52788
