0.000466 216481
0.000673 213400
0.001313 213343
0.002234 211604
0.004618 210166
0.009007 208493
0.066414 207635
0.069883 205257
0.130852 201162
0.131044 198081
0.131679 198024
0.132409 195653
0.132690 195260
0.137082 193642
0.265342 189586
0.265448 189451
0.265905 185250
0.267003 184038
0.267284 183645
0.352865 183172
0.405627 179116
0.405733 178981
0.406200 174780
0.408696 174411
0.409899 174380
0.445039 173936
0.448816 173818
0.537180 169762
0.537285 169627
0.537843 167674
0.539185 165767
0.541485 165026
0.576563 164582
0.668420 160526
0.668530 160391
0.669085 156967
0.671674 155821
0.672692 155790
0.799823 154514
0.805162 154359
0.805992 153781
0.814485 149680
0.815769 147854
0.867212 147630
0.926494 147594
0.928156 147197
0.931093 145921
0.936436 145766
0.937265 145188
0.945745 141087
0.947037 139261
0.983117 138557
1.063108 137281
1.068428 137126
1.075162 136961
1.076364 136366
1.077747 132447
1.078942 131961
1.081055 131929
1.101836 130007
1.194429 128731
1.200308 128414
1.207772 127816
1.209623 126468
1.209817 123463
1.212499 123379
1.326744 122103
1.331722 121370
1.345948 120824
1.347437 119560
1.354146 118904
1.368596 118691
1.370259 117171
1.457974 115895
1.462952 115162
1.477978 112144
1.589089 110868
1.598687 110839
1.641335 109747
1.648605 109681
1.652639 108450
1.661733 108109
1.689784 107461
1.720138 106185
1.729679 106156
1.772403 105064
1.779652 104998
1.783712 103767
1.800570 102211
1.801221 101887
1.851220 100611
1.860801 100582
1.903561 99490
1.910825 99424
1.922144 97852
1.982657 96576
1.992198 96547
2.034859 95455
2.042096 95389
2.056207 94681
2.113671 93405
2.123256 93376
2.165814 92284
2.173086 92218
2.227650 91752
2.244576 90476
2.254241 90447
2.296926 89355
2.304188 89289
2.376798 88013
2.386469 87984
2.432818 87953
2.437129 87916
2.438231 86989
2.462219 86878
2.508069 85602
2.517664 85573
2.563987 85542
2.568411 85410
2.572269 85303
2.573286 84658
2.639123 83382
2.648696 83353
2.695005 83322
2.699702 82848
2.707042 82654
2.746700 82575
2.770245 81299
2.779825 81270
2.826105 81239
2.830804 80765
2.893567 80661
2.901283 79385
2.910895 79356
2.957205 79325
2.961881 78851
3.032182 77575
3.041737 77546
3.088043 77515
3.104407 77177
3.114038 77085
3.163283 75809
3.172846 75780
3.219227 75749
3.235815 75438
3.294451 74162
3.304060 74133
3.351050 74102
3.419274 74064
3.427891 72788
3.432508 72782
3.437493 72759
3.444312 71109
3.567536 70987
3.567954 70672
3.572642 69804
3.625179 69625
3.699357 69503
3.699740 69188
3.704410 68320
3.738296 68046
3.830925 67924
3.831309 67609
3.836007 66741
3.963390 66004
3.964131 65990
3.973528 65943
4.057754 65566
4.095107 64829
4.095851 64815
4.105233 64768
4.207624 64590
4.226354 63853
4.227109 63839
4.236523 63792
4.341519 63614
4.358946 62877
4.359695 62863
4.369067 62816
4.486783 62694
4.490772 62603
4.491599 62480
4.509718 62264
4.559497 62075
4.618529 61953
4.622520 61862
4.623349 61739
4.641473 61523
4.713285 61376
4.750156 61254
4.754118 61163
4.754974 61040
4.773089 60824
4.845418 60736
4.882255 60614
4.886249 60523
4.887087 60400
4.905191 60184
5.013671 60062
5.017638 59971
5.018488 59848
5.032207 59804
5.044934 59802
5.143928 59761
5.144944 59639
5.148929 59548
5.149756 59425
5.163461 59381
5.176196 59379
5.184497 59239
5.279868 59026
5.284205 58502
5.297980 58478
5.411782 58265
5.416571 58119
5.486922 58118
5.536936 58096
5.543379 57883
5.548806 57737
5.619109 57736
5.675537 57523
5.680329 57377
5.809600 57348
5.809805 57298
5.860864 57048
5.882685 57031
5.940970 57002
5.941165 56952
5.992011 56702
6.010695 56692
6.071874 56663
6.072067 56613
6.122976 56363
6.203191 56334
6.203384 56284
6.278045 56089
6.334201 56060
6.334394 56010
6.428232 55846
6.465354 55817
6.465547 55767
6.564406 55754
6.596755 55725
6.596948 55675
6.732353 55382
6.926541 55327
7.043741 55277
7.043845 54426
7.237796 54364
13.464189 54047
13.617209 53594
13.772264 53566
13.777944 53551
13.780985 53530
13.909329 53487
13.912487 53428
14.041248 53385
14.169406 53065
80.466062 52986
80.608188 52879
577.162149 52848
