0.000330 215575
0.000901 212525
0.001121 212245
0.001337 209786
0.001447 207886
0.001661 204082
0.001770 202979
0.001879 202728
0.002838 200554
0.002951 197466
0.003267 196325
0.004620 193072
0.004732 192936
0.005356 184985
0.005465 184232
0.006302 181518
0.006518 177513
0.006854 176505
0.006965 176413
0.007074 175867
0.045707 175715
0.045825 175574
0.045938 174293
0.046047 174199
0.046156 173740
0.046371 173686
0.046584 171668
0.046705 170508
0.046816 169823
0.047853 163041
0.091393 158165
0.093160 157956
0.093273 153454
0.136760 153410
0.137191 151863
0.274955 150880
0.275807 149833
0.276128 149548
3.092586 148200
6.767630 148032
7.480716 146689
7.481899 143468
7.482018 142175
9.525972 141838
9.526124 140217
11.086996 140175
11.087238 137424
11.087363 134722
11.087486 133072
11.089770 132683
12.534026 130888
12.534146 129310
12.534258 128726
12.534367 128159
12.535121 126227
12.535701 125858
12.536966 124173
12.537079 121542
12.537540 120971
12.538552 120877
13.821815 118518
13.822521 116023
21.239468 115917
21.240221 115693
21.405759 114895
21.411023 114386
21.411874 113796
21.512344 113185
21.512583 112419
21.515179 109986
21.515543 109589
21.516135 104611
21.516368 103255
21.516600 102928
21.516832 102872
24.442645 101170
24.442891 101093
27.304659 99680
27.306312 98598
27.671947 96053
27.672658 95364
27.673356 92160
29.994659 88806
30.370909 87829
30.371611 87526
30.371963 86798
30.374472 86456
31.404571 86421
31.404814 86304
31.405189 85722
31.405962 83950
31.408132 82268
31.409644 82151
33.900993 81884
33.914418 81791
33.915015 81321
33.917366 80915
33.917839 80298
34.462548 79256
34.464482 79053
34.464611 78522
36.438065 77819
36.438585 77375
36.440535 76523
36.529561 75842
36.530508 75050
36.534081 73705
39.234521 73120
39.235906 72700
39.330686 72574
39.331072 71774
40.837795 71245
41.595800 71141
41.596817 71078
41.882975 70850
41.890490 70307
41.891346 70305
41.892171 70114
41.892405 70018
41.896915 69653
41.898832 69549
41.902061 69314
41.903013 69059
41.904060 68897
41.904757 68690
41.909344 68618
42.353445 68063
42.357246 67983
43.959787 67727
43.966491 67363
43.967342 66961
43.973017 66771
43.982977 65833
43.984946 65416
44.437242 63032
44.437714 62819
44.438787 62483
49.054586 62062
49.378308 61785
49.383357 61678
49.462074 61204
49.475054 61169
50.849787 60852
50.861580 60519
50.916248 60259
50.927277 60209
51.040303 59946
51.041350 59666
51.044020 59165
51.256770 58949
51.274240 58853
51.604346 58749
51.618040 58429
51.628315 58165
51.630161 58136
51.663210 58106
51.665700 57923
51.666165 57919
51.781748 57522
51.789433 57018
51.793886 56415
51.883402 56098
51.926091 56075
51.941267 55803
51.961331 55226
51.997477 55185
52.004644 55122
52.010671 54880
52.017928 54874
52.020426 54792
53.489651 54495
53.500335 54317
53.732376 54283
53.805046 53904
56.943150 53830
56.961550 53748
60.472690 53745
60.474936 53739
60.494762 53718
60.615109 53450
60.670429 53368
60.719812 53240
61.239071 53198
61.476863 53143
61.489018 52848
86.962388 52657
