1.674611 227486
1.676997 222390
1.681929 222178
1.687593 217604
1.772130 217332
1.774906 215321
2.036563 215046
2.095998 214959
2.799330 213909
2.800438 211731
2.834671 211693
2.835698 209710
2.848857 208384
2.908561 208176
2.955641 206599
3.224960 205331
3.652383 205045
3.823655 204326
12.368455 203876
12.418146 202718
38.812430 202531
40.423876 202374
42.870099 201991
44.065070 201313
49.257722 200835
50.259721 200274
62.079284 200015
67.233241 199503
67.392284 198784
77.351222 198334
77.405809 197176
117.847662 196541
140.712136 196353
140.770651 195490
145.350002 194745
145.358007 194352
145.558487 192901
