0.000817 203061
0.001036 200735
0.001409 199061
0.002776 198971
0.005341 195861
0.006071 193366
0.006257 191691
0.059943 190645
0.103146 190279
0.130785 190187
0.130976 187861
0.131345 186187
0.135261 182987
0.135990 180492
0.136180 178817
0.189904 177771
0.260612 177679
0.260803 175353
0.261633 174061
0.265101 170479
0.265829 167984
0.268404 167727
0.397107 164927
0.401192 164754
0.417455 164688
0.435328 163423
0.442054 161582
0.458846 161509
0.476785 161287
0.478439 161135
0.485516 160507
0.486064 159772
0.500334 159533
0.501090 158475
0.526927 155675
0.530941 155502
0.547084 155436
0.565515 155177
0.567774 154933
0.569614 154466
0.571786 152330
0.587514 151496
0.615776 150133
0.657374 147333
0.661415 147160
0.695971 146835
0.698255 146591
0.700075 146124
0.702265 143988
0.717347 143915
0.738706 143541
0.751486 143317
0.781760 143158
0.787569 140358
0.826053 139860
0.828316 139616
0.830159 139149
0.832337 137013
0.847485 136940
0.881618 136342
0.917719 133542
0.956430 133044
0.958723 132800
0.960546 132333
0.962746 130197
1.047865 127397
1.049332 127099
1.083833 126362
1.090364 126188
1.098799 124321
1.177406 121521
1.180398 120434
1.214090 120017
1.253174 119945
1.289519 117951
1.307687 115151
1.311433 114853
1.344616 113647
1.384047 113575
1.438604 110775
1.440513 109688
1.482341 109566
1.544155 109323
1.568939 106523
1.570871 105436
1.612768 105314
1.682992 105115
1.701075 102315
1.703044 101228
1.745516 101106
1.831512 98306
1.834338 98008
1.884055 97607
1.961430 94807
1.964245 94509
2.093565 94100
2.094846 93653
2.099757 92492
2.104490 92336
2.132159 92282
2.154458 91643
2.223540 91234
2.224822 90787
2.229761 89626
2.234550 89470
2.311757 89299
2.323773 89145
2.329304 88802
2.353935 88393
2.355212 87946
2.360118 86785
2.364836 86629
2.441735 86458
2.453682 86304
2.480567 86056
2.483842 85647
2.485139 85200
2.486233 85003
2.490064 84039
2.494775 83883
2.579559 83780
2.583629 83558
2.614351 83149
2.614907 82998
2.616729 82505
2.619817 81794
2.700476 80651
2.744723 80091
2.746575 79598
2.749118 78619
2.850811 78051
2.876104 77682
2.876210 77195
2.879038 76019
3.005938 75650
3.006042 75163
3.006597 74879
3.022303 74668
3.057807 74601
3.080825 74559
3.135852 74190
3.135955 73703
3.136507 73419
3.152274 73208
3.265667 72839
3.265771 72352
3.266324 72068
3.320389 71906
3.398484 71537
3.398588 71050
3.399141 70766
3.524979 70650
3.529374 70281
3.529480 69794
3.530039 69510
3.659006 69141
3.659110 68654
3.687552 68601
3.699016 68552
3.742653 68371
3.788659 68002
3.788762 67515
3.817090 67462
3.828550 67413
3.918260 67044
3.918366 66557
3.946631 66504
4.047804 66135
4.047908 65648
4.057976 65565
4.177356 65196
4.177459 64709
4.301687 64708
4.308685 64339
4.348435 64260
4.367001 64117
4.415825 64006
4.416836 63895
4.438013 63526
4.477800 63447
4.496315 63304
4.545482 63193
4.567642 62824
4.607926 62745
4.626448 62602
4.675622 62556
4.698375 62187
4.738073 62108
4.756519 61965
4.827709 61596
4.867322 61517
4.896087 61376
4.956777 61007
4.996612 60928
5.072590 60787
5.086114 60418
5.125910 60339
5.215670 59970
5.263118 59917
5.287245 59895
5.345186 59526
5.392577 59473
5.474785 59104
5.640060 59102
5.643779 58817
5.723101 58787
5.727351 58578
5.727452 58530
5.728000 58211
5.769211 58209
5.772931 57924
5.852335 57894
5.856502 57844
5.898351 57842
5.902090 57557
5.981442 57527
6.027646 57525
6.031383 57240
6.111754 57233
6.157923 57231
6.161675 56946
6.287017 56944
6.290845 56826
6.290945 56753
6.417714 56671
6.425440 56186
12.282128 55733
12.318332 55713
12.398047 55523
12.411666 55053
12.527892 54863
18.953381 54839
19.109259 54747
19.247235 54738
19.375804 53653
39.217737 53549
39.245754 53527
39.313711 53385
39.347426 53259
39.443174 53117
119.215277 52822
205.961040 52789
