0.000293 209297
0.000545 207585
0.000683 205454
0.000796 202913
0.005276 197939
0.005496 194820
0.005814 192762
0.006026 181838
0.007680 179555
0.008204 177796
0.010703 177564
0.010920 176390
0.011133 170992
0.011551 168646
0.011970 166761
0.012492 166475
0.015303 165433
0.015519 165270
0.097255 161493
0.097683 159990
0.128390 157531
0.209394 156695
0.212293 155758
0.375491 151378
0.375674 149319
0.375896 148357
2.887477 147828
2.887868 144520
2.887991 143681
6.991374 142214
8.319719 141501
8.319862 140187
10.770411 136527
12.445842 136431
13.338451 135754
13.685282 135172
13.685525 133966
13.685753 133764
13.685865 130627
13.686089 129977
13.896123 128739
14.810694 128115
14.812731 127055
14.813116 125882
14.813258 124127
15.302305 123575
16.080819 123389
16.081167 121755
17.478368 120248
18.643444 119868
18.728791 117748
19.382898 117509
20.031545 116892
20.032234 114949
20.488472 114506
20.490624 111501
20.491312 110632
22.076859 107050
22.077350 105476
22.080204 104887
22.080942 104283
22.082529 103800
22.082873 103636
22.082985 102646
24.376887 100282
24.377010 99424
24.377239 98835
24.377811 98136
27.252612 98074
27.828943 97228
27.830880 95330
27.843442 93877
27.859643 93586
27.859876 90903
29.629311 90183
29.867593 89637
30.281224 89472
30.281916 89467
30.283035 89315
30.891723 88547
30.892730 88061
31.373135 88006
31.398254 87591
31.401276 87003
31.402601 86482
31.403201 86197
31.403318 85494
31.592309 85425
31.593302 85106
33.136011 84854
33.139489 83132
33.142006 83094
33.147948 81432
33.148406 80329
33.149673 78939
34.051089 78406
34.054967 78363
34.055652 77902
34.057377 77041
35.204088 77034
35.205475 76276
35.222555 75330
35.905648 74659
35.906452 74581
35.908491 73777
35.910316 73379
37.727934 72680
37.733648 72312
37.734334 72018
38.488517 71586
38.496234 70537
38.498077 69788
40.183751 69598
40.190330 69212
40.194200 69173
40.194436 68871
43.117839 68663
43.131430 68189
43.215620 67499
43.248383 66883
43.251126 66482
43.333876 66396
43.335467 65678
43.802226 65614
43.807133 65181
43.811567 65177
43.816370 64291
44.126779 63677
44.146910 62731
45.289917 62181
45.292652 61794
45.294462 61563
45.307541 61514
45.308340 61194
45.339211 60932
45.364375 60436
45.371209 60404
47.600155 60118
47.605608 59338
47.678614 59053
50.240892 58900
50.243832 58697
50.254730 58635
50.254847 58428
50.256677 58022
50.449388 57678
50.460548 57221
50.938181 56992
52.815664 56816
52.869591 56696
52.899440 56614
53.421068 56509
53.432657 56177
53.445526 55353
53.482388 55187
53.517284 55066
53.573760 54991
53.585661 54611
53.597376 54540
53.605658 54181
53.780952 54039
56.576554 53687
56.928315 53374
56.959939 53259
57.023290 53224
57.114525 53117
163.462266 52847
163.481328 52740
164.216971 52658
