0.000293 183866
0.000550 180163
0.000882 179719
0.000995 176359
0.004361 171818
0.008263 170025
0.008377 168195
0.008808 166579
0.018876 162004
0.019120 157719
0.019767 156854
0.022682 156795
0.022903 150630
0.058570 147202
0.058688 146215
0.122023 145951
0.123855 144474
6.255646 142585
6.255859 140406
6.258253 138251
9.228626 136077
9.937054 134590
9.937317 133359
9.937434 131505
9.938681 127403
9.938803 126528
16.346632 123702
17.701599 122710
17.712190 121959
18.554700 119295
19.081251 118783
19.313763 118213
19.315860 118187
19.315982 117581
19.316683 116126
19.316805 115026
20.327112 113508
20.327237 113062
20.327815 111736
21.288482 109964
22.225791 109797
22.976449 106103
23.763295 104732
24.950053 104041
24.952945 103327
24.954653 102901
24.955007 101001
24.955369 100895
24.955482 100025
24.958323 99348
24.958440 99229
25.024822 98895
27.022655 98784
27.026874 97820
27.027366 96570
28.292205 95769
28.292326 95118
28.293501 93884
28.293614 93611
28.293868 92713
28.293997 91609
28.294824 90651
30.478827 89102
30.479329 88621
31.337040 85695
31.338314 85670
31.343642 84996
31.343878 83929
31.351579 83397
33.100578 82935
34.518720 82375
34.522578 81855
34.528680 81619
34.529040 81428
34.530110 79574
35.903238 79211
35.904966 78806
35.906119 78097
35.907756 76513
35.907992 76414
37.455150 75430
37.469892 74775
37.473261 74092
37.476259 74063
37.502173 73827
37.502293 73726
39.213543 73534
39.229958 73348
39.233292 73005
40.719320 72859
40.721546 72601
40.729233 71690
40.732372 71301
40.745792 70996
40.777997 68355
41.668263 68171
41.668973 67858
41.675182 66744
41.688817 66176
41.695229 65362
41.719967 64990
42.635687 64036
42.730459 63379
43.293000 63261
43.316870 62290
45.887594 60958
45.900014 60749
45.922884 60556
47.491480 60525
47.502514 60040
47.514681 59320
48.115872 59130
48.185645 58933
50.559373 58143
51.385011 58015
51.691118 57472
52.511299 57095
52.607967 56954
52.708572 56505
52.819966 56244
53.579450 56233
53.806418 56123
54.383806 55801
54.388512 55591
54.389092 55301
54.493084 55194
57.156932 55156
57.259296 54990
57.271882 54568
58.173178 54337
58.440683 54276
58.807367 54124
60.483007 54048
61.146007 53833
62.315249 53681
62.334606 53673
62.369006 53591
62.919149 53537
62.977025 53533
62.993717 53395
63.093739 53105
63.323522 53002
63.340647 52734
64.845815 52672
