0.000318 203153
0.000462 201458
0.000995 199889
0.002856 195406
0.002965 195059
0.005037 193821
0.005251 193553
0.019772 190058
0.019886 186804
0.020815 186757
0.025784 184797
0.025896 181951
0.026517 178470
0.026625 175397
0.026732 174186
0.026840 173076
0.027374 172599
0.027588 170801
0.039358 170781
0.039474 170574
0.040217 169701
0.040440 167149
0.041183 164701
0.041394 164669
0.045706 159144
0.046224 156883
0.046538 156775
0.046746 155974
0.046854 153370
0.047064 153005
0.047717 151057
0.047826 150939
0.504893 149720
0.505086 146030
0.505509 143616
0.505622 143251
6.761107 143071
6.761323 142376
9.749955 140649
10.276675 131712
13.491891 131553
13.494557 126104
13.494674 125788
14.375316 121624
14.379620 121202
14.379849 119908
14.380285 119889
14.381603 116983
18.888390 114337
19.943683 113838
19.944579 111891
19.945140 111568
19.947679 111234
21.673899 109623
21.674743 108509
21.676316 108217
22.177102 106913
22.177448 106321
22.179556 106233
22.180184 106206
22.599830 105259
22.600218 104240
24.474314 103679
24.475042 101141
24.475623 99248
26.227602 99177
26.228085 98505
26.228324 98215
26.228678 96874
26.230430 95436
26.230666 95293
26.231964 95154
26.238013 93262
26.238251 92770
27.424810 91183
27.432888 90938
27.433562 89830
27.434115 89091
27.435328 88813
27.436125 86982
30.904939 86645
31.041480 86400
31.042723 85914
31.051076 85560
31.051760 84887
31.054924 84837
31.133227 84752
31.457492 84670
31.457839 84566
31.463243 84444
31.464373 83634
33.791931 82763
33.794927 82419
33.798911 82143
33.799026 81758
33.897622 81170
33.907895 80963
33.908348 80687
33.909346 80651
33.928506 78971
34.217617 78699
34.218648 78288
34.220317 78207
34.222525 77254
35.125535 75856
36.550826 75781
37.511614 75527
37.514377 75189
37.515267 74655
37.519462 73103
37.520682 72926
37.529607 72671
37.548829 72258
37.556767 71409
37.567711 71307
38.226409 71222
38.228301 71077
38.616561 70948
38.618079 70880
38.620422 69844
38.620536 69166
38.624521 68046
38.624751 66789
39.556693 66548
39.557058 65925
39.557996 65546
39.560784 65149
39.560898 64938
44.135785 64249
44.141830 63909
44.632423 63388
45.942961 62917
45.943210 62874
45.950933 62587
45.951398 62002
46.059668 60535
46.062756 60468
46.072053 60282
46.820922 60183
46.823077 59891
46.827608 59066
46.876942 59059
46.877958 58989
49.554299 58977
49.646510 58762
49.669794 58556
49.693681 58396
49.695437 57933
50.433799 57916
50.435594 57769
50.445633 57567
50.488552 57424
51.230434 57162
51.315758 57052
51.345847 56566
51.774544 56423
51.782220 56308
51.927772 55974
51.947922 55719
51.951998 55473
52.099684 55317
52.228270 55049
52.269610 55028
53.140699 55010
53.143876 54962
53.394130 54717
53.398553 54669
53.399003 54078
53.602457 54007
53.772819 53933
56.464938 53903
56.490824 53796
56.808458 53708
57.378204 53562
61.881518 53508
62.117106 53368
62.297985 53326
62.660420 53039
62.689927 53034
62.719515 52972
63.024629 52951
64.916291 52924
66.168682 52874
143.353982 52754
144.292476 52672
160.816673 52658
236.959168 52643
