0.000477 213311
0.005540 211406
0.006286 208239
0.008493 208121
0.009227 207597
0.014965 207142
0.015606 206739
0.024236 203921
0.028621 197000
0.136195 193523
0.141206 191840
0.141665 189745
0.144054 188333
0.144786 187809
0.151123 186951
0.168539 186444
0.190669 185108
0.284430 181631
0.290126 179948
0.291183 177416
0.291397 176815
0.293876 176109
0.315113 174710
0.323860 174664
0.366635 173467
0.418614 169990
0.423626 168307
0.424543 165775
0.426834 164800
0.433811 164711
0.451921 162911
0.552126 159434
0.557575 155638
0.560502 154244
0.598193 153269
0.681566 149792
0.687277 146333
0.689182 145577
0.689740 144602
0.810527 144527
0.810630 143065
0.811176 141796
0.813795 141159
0.825480 140540
0.827869 139706
0.830411 139678
0.842374 138979
0.844019 137419
0.846192 136775
0.940024 136700
0.940123 135238
0.941658 133298
0.959147 132608
0.960961 130181
1.017557 129241
1.069291 129166
1.069409 127704
1.072053 127315
1.072873 125798
1.088446 125074
1.089442 124317
1.151609 124076
1.201470 124001
1.201599 122539
1.204605 122150
1.205542 120633
1.223307 119909
1.257226 119536
1.344655 119461
1.344759 117999
1.347406 117610
1.348231 116093
1.364201 115043
1.474102 114968
1.474208 113506
1.474767 112894
1.477654 111600
1.499123 110704
1.603483 110629
1.603584 109167
1.606200 108778
1.607057 107261
1.695545 106927
1.716308 106579
1.732589 106504
1.732688 105042
1.735326 104653
1.735788 103102
1.823527 102382
1.861735 102307
1.861836 100845
1.864202 100100
1.869023 99949
1.875821 99845
1.878177 99483
1.899660 99477
1.951371 99053
1.978329 98219
1.991057 98144
1.991156 96682
1.993502 95937
1.998327 95786
2.005127 95682
2.007494 95320
2.028960 95314
2.079445 94629
2.120250 94554
2.120351 93092
2.122812 92703
2.123274 91152
2.253509 90478
2.259150 89684
2.264410 89450
2.271857 88334
2.296060 88116
2.383525 87442
2.389224 86648
2.394470 86414
2.401923 85298
2.512804 84754
2.518425 83830
2.523699 83596
2.569483 83514
2.579509 83219
2.579787 83028
2.616519 82865
2.633635 82630
2.641918 82086
2.647942 81726
2.651412 81704
2.652872 80928
2.698708 80846
2.708733 80551
2.709012 80360
2.745848 80197
2.771282 79447
2.777267 79293
2.782158 78495
2.827941 78413
2.837936 78118
2.838214 77927
2.878596 77660
2.900586 76912
2.907136 76803
2.910026 76761
2.920972 76638
2.925219 76327
2.957037 75876
2.967087 75581
2.967366 75390
3.029876 74642
3.036399 74533
3.039306 74491
3.050239 74368
3.054528 74057
3.086179 74040
3.114520 73268
3.159102 72520
3.165641 72411
3.168553 72369
3.179574 72246
3.183837 71935
3.215453 71918
3.290322 71170
3.296861 71061
3.299765 71019
3.310712 70896
3.314978 70585
3.425631 69837
3.432239 69728
3.435156 69686
3.445909 69027
3.554840 68279
3.561368 68170
3.564278 68128
3.581087 67964
3.591860 67924
3.614522 67834
3.684230 67086
3.690775 66977
3.693660 66935
3.710444 66771
3.721218 66731
3.803547 66708
3.813211 65960
3.819750 65851
3.822657 65809
3.839474 65645
3.850233 65605
3.942096 64857
3.948653 64748
3.951569 64706
3.968348 64542
4.071406 63794
4.077952 63685
4.080863 63643
4.202343 63099
4.229376 63053
4.325746 63015
4.331459 62375
4.466513 61922
4.501030 61820
4.582212 61785
4.595861 61332
4.630333 61230
4.725572 60777
4.784843 60725
4.837096 60683
4.854806 60230
4.914316 60178
4.973307 60168
4.984205 59715
5.043584 59663
5.105774 59519
5.110511 58622
5.234861 58497
5.247373 58422
5.252014 57338
5.372391 57183
5.381602 56858
5.504910 56637
5.547275 56401
5.635015 56180
5.741312 55948
5.764600 55727
5.881934 55658
5.887941 55655
5.899145 55434
6.011788 55365
6.028393 55144
6.232389 54937
6.410917 54878
6.544272 54566
12.347762 54535
12.364209 54530
12.477069 54240
12.631567 53953
12.765309 53806
12.772265 53740
12.895479 53593
13.030128 53511
86.256609 53371
105.990999 53312
106.073644 53281
106.118250 53277
106.120535 53205
106.249406 52914
106.442077 52879
152.898501 52823
153.068798 52788
581.409953 52764
581.547516 52657
