0.000311 216788
0.000577 215520
0.000925 215504
0.001044 211699
0.001161 209989
0.002967 206330
0.003423 205921
0.004099 205474
0.004440 203973
0.005227 203707
0.005901 202223
0.006018 200934
0.006244 199841
0.006358 199562
0.007417 192851
0.007759 190152
0.009210 188302
0.009328 188095
0.010112 187629
0.010228 186745
0.016140 186601
0.021325 186427
0.021446 186281
0.023135 186250
0.023585 186231
0.025032 182660
0.026254 180990
0.026371 176627
0.026721 176505
0.026951 175896
0.027512 175495
0.027854 171829
0.031091 171239
0.031545 166063
0.031663 164501
0.031890 163786
0.032117 160805
0.034123 159143
0.035929 155014
0.053728 153459
0.314977 152283
0.315170 151983
0.315290 149065
0.315633 148564
1.896513 144758
3.560108 142197
3.560535 141543
3.560658 141275
7.906222 140861
9.628979 140308
9.629105 139466
9.629467 134837
10.913891 133698
12.258288 133631
14.377604 132775
14.377863 130627
14.750642 128393
14.752348 128193
16.050756 123779
16.051010 123202
16.051416 122862
16.051537 122472
16.051678 121857
16.052168 121204
18.254074 120715
19.624640 120655
20.375487 120232
20.376441 118649
21.062998 118206
21.064414 112995
22.234657 112164
22.234927 112088
23.044180 111945
23.045383 111392
23.045503 110099
23.045621 110079
23.045737 110055
23.857645 110037
23.858257 109621
23.859965 108591
23.860211 107611
25.161357 106584
25.161486 105990
25.161728 105790
25.161970 104705
25.162453 104612
25.162987 103957
25.510160 100364
25.515356 98428
28.409089 98053
29.657012 97799
29.657523 97219
29.659552 95977
29.660183 95403
29.660437 91542
29.661176 90565
29.667856 90214
29.670136 89293
31.633831 88663
31.638643 88649
31.843369 87665
31.844574 86383
31.862850 86345
33.955455 85305
33.956312 84655
33.957523 83937
33.958867 83859
33.963867 83622
33.964592 83143
33.964835 80904
33.965199 80822
36.423473 80269
36.862242 79170
36.866830 78883
36.867199 78879
36.871286 78759
36.871655 77954
36.874909 76720
36.876705 75209
39.451101 74315
39.451870 73581
39.453920 73223
39.454407 72549
39.472188 71999
40.122738 71921
40.123113 71321
40.126574 71218
40.202584 71191
40.245988 70924
40.248165 70161
40.249726 69996
40.255404 69510
40.260460 68168
40.262019 67020
44.048379 66906
44.050202 66843
44.050326 65288
44.054048 65243
45.291127 64990
45.291619 63764
45.295729 63256
45.810523 63161
46.207928 63151
46.213074 62816
46.554360 62695
48.799760 62557
48.825256 62411
48.831122 62158
48.848120 62114
49.368562 61419
49.369169 60627
49.845145 60342
49.858405 59704
49.874820 59508
49.885286 59112
49.919465 58930
50.163299 58794
50.243752 58366
50.274218 58011
50.797016 57053
50.932759 56073
50.941640 56000
51.494903 55405
52.307570 55395
54.662706 55324
54.803722 55237
55.788265 55137
55.805653 54675
56.125967 54370
56.712643 54087
58.392502 53981
63.398589 53880
63.422378 53634
63.624188 53617
63.774657 53548
63.776488 53512
63.789869 53465
63.793492 53318
63.794339 53252
66.620858 53102
67.377187 52834
67.421586 52658
68.467664 52643
