0.000317 218146
0.000691 217292
0.001635 217218
0.003138 217101
0.006235 216175
0.006431 215582
0.006623 213721
0.007467 213498
0.011302 212804
0.011497 212215
0.013096 212153
0.013755 211742
0.014041 211398
0.015259 209548
0.019926 206613
0.074377 205260
0.133888 203653
0.134177 202799
0.135109 202725
0.135488 202704
0.138669 202659
0.139698 201682
0.139890 201089
0.140082 199228
0.141136 198642
0.144778 198311
0.145342 197507
0.148715 195055
0.153370 192120
0.266707 190513
0.267273 189070
0.279644 188542
0.281800 187949
0.282004 186088
0.283044 185502
0.286785 185171
0.287360 184367
0.303262 183335
0.342011 182326
0.411820 180719
0.412392 179276
0.417641 178748
0.417836 178155
0.418676 176108
0.422899 175611
0.423574 174726
0.424231 174315
0.442638 173541
0.502197 172369
0.548344 170762
0.548925 169319
0.554144 168791
0.554339 168198
0.556670 166337
0.557696 165751
0.559369 165654
0.560134 164294
0.622432 162761
0.681127 161154
0.681698 159711
0.686922 159183
0.687138 158590
0.687640 156847
0.692356 155161
0.693032 154750
0.707938 153976
0.775320 153527
0.813982 151920
0.814547 150477
0.819842 149949
0.820039 149356
0.820524 147613
0.822302 147495
0.825199 145927
0.947561 145225
0.947667 144782
0.947768 144061
0.948239 143466
0.950862 143371
0.952555 143274
0.953677 140013
0.955446 139895
0.976649 139577
0.984387 139407
1.012428 137142
1.080649 136440
1.080754 135997
1.080853 135276
1.081322 134681
1.083949 134586
1.085651 134489
1.087050 131849
1.088569 131110
1.117483 130622
1.168725 130030
1.213871 129328
1.213974 128885
1.214075 128164
1.214546 127569
1.217166 127474
1.218847 127377
1.220542 125439
1.221571 124116
1.243476 123157
1.347623 122876
1.347731 121844
1.348858 120107
1.354099 119579
1.355131 117243
1.428110 116637
1.430824 115638
1.480524 115357
1.480629 114325
1.482769 113758
1.486877 113555
1.487352 112086
1.518865 111817
1.519433 111791
1.524560 111777
1.539984 111577
1.585269 111073
1.591771 109386
1.592809 108951
1.613387 108670
1.613490 107638
1.617131 106395
1.620205 105399
1.621530 103037
1.746450 101892
1.747297 101375
1.749933 100481
1.779739 100021
1.782101 99362
1.812740 98472
1.879677 97327
1.881185 97159
1.883144 95916
1.915229 94797
1.930677 94764
2.013640 94264
2.013932 94169
2.015998 92208
2.044959 91748
2.048120 91089
2.100985 90855
2.146635 90839
2.147202 90624
2.148626 90574
2.148728 89542
2.154058 89468
2.177840 87839
2.239729 87044
2.279774 86478
2.279878 86420
2.284549 86306
2.284932 85777
2.311564 84028
2.376610 83496
2.413748 83368
2.413947 82908
2.418350 82758
2.423095 82741
2.427479 82488
2.444378 82351
2.444680 80480
2.545446 80427
2.546665 80352
2.546860 79892
2.551260 79742
2.556025 79725
2.560424 79472
2.589856 79438
2.590517 79364
2.593879 79324
2.597617 79166
2.656365 78708
2.675890 78384
2.676364 77862
2.678522 77809
2.679740 77734
2.679934 77274
2.684341 77124
2.689121 77107
2.693518 76854
2.722935 76820
2.723593 76746
2.726961 76706
2.730703 76548
2.789620 76090
2.811733 76037
2.812962 75962
2.813157 75502
2.817541 75352
2.822297 75335
2.826674 75082
2.856026 75048
2.856707 74974
2.860051 74934
2.863783 74776
2.945945 74648
2.946144 74188
2.950545 74038
2.955310 74021
2.959693 73768
2.989701 73660
2.993073 73620
3.077507 73567
3.078730 73492
3.078926 73032
3.083312 72882
3.088059 72865
3.092445 72612
3.122553 72504
3.211268 72127
3.211931 71916
3.216322 71766
3.220905 71007
3.342949 70954
3.344920 70879
3.345117 70419
3.349498 70269
3.352685 69171
3.354266 68984
3.478971 68856
3.479176 68396
3.492119 68226
3.597300 68107
3.601781 68104
3.604291 67884
3.615001 67756
3.615199 67296
3.627165 67126
3.732831 66919
3.734506 66810
3.747682 66682
3.747879 66222
3.759820 66052
3.864213 66023
3.876285 65981
3.880583 65853
3.880779 65393
3.892723 65223
3.991100 64975
4.013771 64847
4.013969 64387
4.025894 64217
4.129046 63662
4.146345 63534
4.146543 63074
4.158473 62904
4.267429 62875
4.279335 62747
4.279533 62287
4.291472 62117
4.403548 62104
4.412997 61976
4.413205 61516
4.425152 61346
4.546031 61218
4.546234 60758
4.677430 60483
4.688721 60184
4.817127 60104
4.821986 60037
4.852139 60001
4.881731 59776
4.884995 59623
4.944903 59348
5.020972 59150
5.083291 59070
5.088141 59003
5.147011 58746
5.154085 58664
5.154188 58443
5.210951 58168
5.279945 58035
5.339809 58020
5.343988 57745
5.412958 57612
5.477077 57337
5.607654 57215
5.609997 56940
5.796919 56848
5.830240 56644
5.832940 56247
5.929521 56155
5.996005 56069
6.062073 55977
6.127071 55689
6.127175 55594
6.194801 55502
6.383724 55420
6.400609 55411
6.516544 55329
6.532641 54889
6.648842 54807
14.037522 54557
14.170361 54516
14.170470 54267
14.307000 53767
40.581333 53678
148.404953 53565
148.413957 53562
148.586156 53152
202.927524 53113
203.060114 53078
268.725897 52883
337.959437 52803
337.959597 52789
393.648236 52740
393.883257 52658
