0.000303 243833
0.000790 240681
0.002161 238267
0.003081 236792
0.018845 236008
0.023567 234620
0.138888 230198
0.139446 227446
0.139634 227028
0.140198 224781
0.140387 223691
0.163117 223272
0.208640 222823
0.209376 222809
0.215816 221460
0.276764 217038
0.277318 214286
0.277505 213868
0.278052 211621
0.278877 209997
0.408218 208837
0.413031 208509
0.415122 208051
0.417328 207744
0.417522 202948
0.417892 199400
0.449426 199143
0.451613 198579
0.537198 197419
0.541933 197091
0.542930 196943
0.546382 191530
0.546749 187982
0.549019 187414
0.666532 186733
0.671333 185962
0.672065 185765
0.680471 185054
0.681024 183869
0.681395 183600
0.682309 183193
0.683762 182607
0.702029 182121
0.702216 180922
0.703407 179947
0.721311 179313
0.725923 178369
0.731162 178061
0.737486 177601
0.772490 177256
0.795735 176575
0.800529 175804
0.801257 175607
0.809647 174896
0.810196 173711
0.810560 173442
0.811483 173035
0.812949 172449
0.831199 171963
0.831388 170764
0.832576 169789
0.850486 169155
0.855114 168211
0.860393 167903
0.866713 167443
0.924931 166762
0.927113 166283
0.929760 165991
0.931845 165955
0.932880 165807
0.938929 165083
0.939480 163898
0.941208 163463
0.942215 162636
0.960440 162150
0.960630 160951
0.963152 160827
0.979698 159342
0.988382 158156
0.989563 158090
1.037535 157904
1.054219 157223
1.056397 156744
1.059027 156452
1.061111 156416
1.068198 155544
1.068746 154359
1.070555 154094
1.070922 154090
1.073213 153929
1.089744 152611
1.089933 151412
1.108948 149803
1.183467 149122
1.185646 148643
1.188292 148351
1.190366 148315
1.197443 147443
1.197902 146221
1.199801 145993
1.200210 145989
1.202378 145805
1.219023 144510
1.220837 143520
1.236126 143499
1.236507 143498
1.242905 143463
1.243545 143388
1.278360 143186
1.279901 142685
1.313256 142004
1.315700 141898
1.318074 141233
1.320533 141049
1.327219 140325
1.327680 139103
1.329858 137878
1.348739 137392
1.350812 136069
1.373580 135364
1.442214 134683
1.447024 133912
1.456154 133004
1.456892 131550
1.459147 131143
1.477713 130071
1.478350 129746
1.512976 127076
1.571415 126395
1.576257 125624
1.585395 124716
1.586398 123266
1.606881 121783
1.666476 120888
1.700772 120207
1.705594 119436
1.714738 118528
1.715740 117078
1.736252 115595
1.830376 115139
1.834090 114954
1.835270 114831
1.835729 114263
1.845074 111785
1.876444 111288
1.909763 111259
1.925962 110954
1.928595 110484
1.959391 110028
1.963110 109843
1.964300 109720
1.964762 109152
1.974056 106674
2.039787 106233
2.070444 105399
2.088686 104943
2.093562 104635
2.094022 104067
2.103318 101589
2.168500 101371
2.218041 100915
2.222931 100607
2.223392 100039
2.232737 97578
2.322944 97449
2.347866 96993
2.352774 96685
2.353235 96117
2.362520 93656
2.476843 93332
2.481000 93053
2.481190 92020
2.531326 91993
2.531969 90808
2.538303 90627
2.543188 90078
2.605671 89754
2.609844 89475
2.610033 88442
2.661217 88313
2.661409 87487
2.701628 87452
2.723683 87425
2.734484 87101
2.738651 86822
2.738839 85789
2.789977 85660
2.790168 84834
2.830435 84799
2.863279 84475
2.867435 84196
2.867625 83163
2.920148 83136
2.923418 82763
2.927117 81770
2.992412 81446
2.996572 81167
2.996762 80134
3.068366 79289
3.121343 78965
3.125522 78686
3.125711 77653
3.214179 76485
3.250416 76161
3.254594 75882
3.254783 74849
3.386019 74525
3.390106 74443
3.399264 74230
3.403889 73705
3.404543 73255
3.443878 73242
3.515368 72918
3.519372 72836
3.528509 72623
3.533129 72098
3.533767 71648
3.635264 71537
3.644723 71213
3.648711 71131
3.657850 70918
3.662467 70393
3.663104 69943
3.773369 69902
3.777976 69537
3.787133 69324
3.791747 68799
3.796189 68055
3.907094 67731
3.907291 67649
3.916621 66935
3.950751 66821
3.961586 66696
4.036136 66372
4.036341 66290
4.045658 65576
4.079536 65235
4.165616 64911
4.165812 64829
4.175107 64115
4.251703 64037
4.294883 63713
4.295078 63631
4.304392 62917
4.381296 62911
4.424830 62587
4.425033 62505
4.434354 61791
4.554425 61467
4.581109 61360
4.585284 61204
4.618733 61073
4.625162 60847
4.672744 60819
4.683216 60495
4.709957 60388
4.714142 60232
4.747667 60101
4.754105 59875
4.802856 59680
4.812354 59356
4.839109 59249
4.843271 59093
4.876715 58962
4.883125 58736
4.941388 58412
4.968067 58305
4.972243 58149
5.005718 57897
5.070281 57573
5.097004 57466
5.101177 57310
5.199131 56986
5.272239 56980
5.319589 56871
5.328270 56547
5.464522 56514
5.473473 56423
5.477822 56263
5.482084 56250
5.600867 56060
5.637530 56054
5.638265 55974
5.657751 55960
5.729867 55770
5.766638 55764
5.767366 55684
5.859532 55494
5.898068 54893
5.993051 54703
6.014458 54425
6.122594 54235
6.264381 54128
6.360178 54086
6.393725 53979
6.550117 53898
6.679972 53646
6.812723 53505
6.816083 53287
84.148044 53192
136.916288 53078
137.053940 52971
165.179500 52823
165.294662 52788
