0.000282 217934
0.000418 214467
0.000643 206696
0.001084 206401
0.001299 196991
0.005850 187412
0.005961 183418
0.006171 178379
0.006381 175472
0.006590 174907
0.006801 172988
0.007420 170065
0.009315 169481
0.009532 165317
0.011281 164682
0.011801 162918
0.012114 158030
0.012427 156350
0.012638 150758
0.012745 150674
0.013077 149827
0.013291 146822
0.013606 143316
0.014125 142159
8.129105 141424
8.132097 137034
8.132333 134982
11.866907 131853
11.867172 130464
13.221288 128666
14.456457 128645
14.456703 124017
14.457176 122026
16.775755 120775
18.387249 120511
18.387515 120225
18.387632 117315
18.387740 116723
18.387848 114063
18.388189 113247
18.388524 112935
18.390102 111466
18.390327 111261
20.393137 111198
21.632541 111057
21.635796 110779
21.649258 105103
21.651250 104959
21.755150 104493
23.731127 102887
23.734132 101958
25.012508 101296
25.013238 101242
25.013927 101090
25.014604 100738
25.015052 99974
25.017715 99700
25.017827 99568
25.018383 97884
25.021211 97672
26.012348 97197
26.013394 97081
26.013624 96415
26.014183 94905
28.380110 94808
28.381960 94497
28.384607 94432
28.406863 94251
28.407651 94047
28.407989 90729
28.409561 89247
28.678893 87970
30.821985 87770
30.910904 87453
30.911387 86573
30.914326 86037
30.957638 85697
30.959423 85279
31.037821 84862
32.034771 84763
32.052608 84520
32.806998 83638
33.177966 83494
33.178679 83339
33.181130 82900
33.184628 80601
33.186988 80386
33.199106 78832
33.200667 77815
33.204573 77109
33.209026 76778
33.214006 76439
35.880672 75999
35.886936 74394
35.893959 74232
35.936927 74157
35.940510 72884
35.942872 72756
35.944326 72033
35.991949 71391
35.993872 71230
37.614366 70808
37.617042 70760
37.636449 70203
37.637917 70023
37.639363 69423
37.642601 68777
37.642828 68241
37.679810 66805
41.174039 66758
41.185831 66532
41.186399 65878
41.187839 65256
41.191074 65240
41.192190 64989
41.192638 64440
41.193997 64247
41.464011 63704
41.564251 63426
41.566740 63224
41.594078 62567
41.689825 62467
41.692158 62401
41.692386 61929
41.696947 61822
41.725618 61804
41.772431 61786
41.774018 60834
41.789259 60308
43.460403 60159
43.460527 59829
43.462777 59616
43.463340 58996
43.467132 58813
43.474143 58657
46.657252 58470
46.943320 58265
50.141608 58083
50.202189 58055
50.215676 57669
50.220131 57303
50.225025 56290
50.241622 56148
50.244317 55773
50.272081 55505
50.589314 55448
52.235657 55164
52.257665 55043
52.298033 54990
53.026546 54612
53.088103 54104
53.573465 53876
55.350296 53871
55.376494 53823
56.042727 53736
56.417986 53603
56.484308 53419
56.518514 53415
58.118068 53082
58.122083 52975
58.145685 52908
58.224835 52860
349.709072 52764
349.920734 52657
