0.000294 185176
0.000503 184561
0.001147 184035
0.002352 183746
0.007207 183401
0.010573 183065
0.012480 182650
0.019653 179610
0.020837 177064
0.066688 171830
0.134926 171825
0.135122 171210
0.135759 170684
0.136939 170395
0.141680 170050
0.145044 169714
0.146957 169299
0.154149 166259
0.155333 163713
0.229639 163494
0.252730 162857
0.273315 162852
0.273507 162237
0.274142 161711
0.275322 161422
0.281922 161077
0.285874 160741
0.288062 160326
0.296216 157286
0.297600 154740
0.413539 154735
0.413836 153802
0.415014 153657
0.416390 153438
0.419754 153334
0.424293 153043
0.425581 152209
0.442007 150726
0.452334 150630
0.452903 150036
0.474860 148615
0.485376 147534
0.547841 147529
0.548170 146596
0.551057 146232
0.558182 146207
0.561400 145418
0.576818 145231
0.581686 144266
0.583443 143685
0.589586 142391
0.614077 141409
0.674231 140980
0.674777 140447
0.682466 140442
0.682744 139509
0.685292 139145
0.691562 139120
0.694382 138331
0.707983 138144
0.712245 137179
0.713818 136598
0.720024 135304
0.748610 135124
0.750492 134832
0.766799 134796
0.767140 134405
0.798301 134308
0.818111 133681
0.825677 133676
0.825957 132743
0.828495 132379
0.834765 132354
0.837586 131565
0.851188 131378
0.855454 130413
0.856999 129832
0.862446 128538
0.887104 128430
0.889194 128066
0.955321 128061
0.955603 127128
0.958150 126764
0.964425 126739
0.967249 125950
0.980850 125763
0.985122 124798
0.986683 124217
0.992572 124189
1.015095 123769
1.016823 122815
1.044528 122024
1.085010 122019
1.085303 121086
1.088014 120941
1.090111 120825
1.092732 120618
1.097101 119790
1.114959 118010
1.146089 117725
1.168251 117378
1.200201 116122
1.216436 116117
1.216756 115184
1.221634 114923
1.224544 114806
1.228631 113888
1.242383 113615
1.255264 111307
1.346710 111302
1.346995 110369
1.347992 110005
1.357284 109731
1.360732 109430
1.366000 109299
1.370721 109004
1.374996 108039
1.417429 107797
1.445007 107536
1.446118 106661
1.476303 106656
1.476586 105723
1.477598 105359
1.486863 105085
1.490319 104784
1.495582 104653
1.500298 104358
1.504579 103393
1.585994 102425
1.606004 102420
1.606285 101487
1.607284 101123
1.616547 100849
1.620027 100548
1.625306 100417
1.630012 100122
1.634289 99157
1.677078 98915
1.735625 98910
1.735907 97977
1.736900 97613
1.746156 97339
1.749629 97038
1.754925 96907
1.759646 96612
1.763918 95647
1.816813 95574
1.865101 95569
1.865398 94636
1.866393 94272
1.875638 93998
1.879106 93697
1.884370 93566
1.889079 93271
1.893363 92306
1.994700 92301
1.994983 91368
2.000334 90990
2.004790 90835
2.008516 90754
2.008706 90429
2.018126 89799
2.083252 89410
2.124125 89405
2.124407 88472
2.129794 88094
2.134248 87939
2.137975 87858
2.138167 87533
2.147583 86903
2.253471 86829
2.253671 86824
2.253948 85891
2.259299 85513
2.262942 84718
2.277063 84322
2.383568 84317
2.384241 83609
2.389252 83006
2.392884 82211
2.516677 81780
2.517619 81190
2.525710 80653
2.527798 80651
2.531895 80642
2.550656 80425
2.551300 80151
2.646403 79720
2.647321 79130
2.655390 78593
2.661566 78582
2.738200 78312
2.751684 77792
2.775809 77361
2.776738 76771
2.790983 76223
2.867735 75953
2.905257 75522
2.906178 74932
2.920407 74384
3.028237 74377
3.034683 73946
3.039411 73790
3.043498 73777
3.043598 73671
3.049856 72808
3.164191 72377
3.168922 72221
3.173023 72208
3.173124 72102
3.197134 71436
3.232121 71308
3.295396 70877
3.302815 70721
3.306938 70708
3.307040 70602
3.331086 69936
3.352175 69233
3.429362 68802
3.434108 68646
3.438213 68633
3.438315 68527
3.462436 68050
3.462718 68006
3.551508 67940
3.559030 67509
3.563763 67353
3.567855 67340
3.567955 67234
3.592044 66757
3.592325 66713
3.688479 66282
3.693226 66126
3.697324 66113
3.697424 66007
3.763805 65624
3.764268 65294
3.818050 64863
3.822777 64707
3.826864 64694
3.826965 64588
3.893593 64576
3.902097 64465
3.923146 64447
3.947454 64016
3.952180 63860
3.956274 63572
4.077174 63141
4.081929 62985
4.096780 62850
4.117852 62743
4.206675 62312
4.211394 62156
4.226244 62021
4.254959 61885
4.255060 61654
4.336985 61223
4.341807 61067
4.356685 60932
4.449643 60830
4.467005 60399
4.471741 60243
4.486645 60108
4.596859 59677
4.601615 59521
4.722092 59503
4.722470 59499
4.726293 59068
4.731023 58912
4.845102 58719
4.856795 58604
4.856899 58581
4.861630 58465
4.861915 58140
4.977795 57778
4.985915 57347
4.990643 57191
5.184097 56694
5.235136 56612
5.313607 56115
5.450052 55917
5.455337 55825
5.477435 55776
5.499341 55760
5.579658 55562
5.584912 55470
5.607001 55421
5.709388 55223
5.714652 55131
5.756932 55097
5.838909 54899
5.844176 54807
5.968510 54609
6.101268 54287
6.257156 54281
6.259078 54261
6.269850 54166
6.386896 54160
6.388802 54140
19.253490 54096
59.912475 53931
66.802142 53911
67.011683 53849
125.130587 53817
125.255516 53543
125.379916 53401
144.676254 53333
144.806638 53065
290.673490 52958
