0.000558 199460
0.005580 198528
0.005772 195208
0.023777 188679
0.130299 187592
0.130401 186569
0.131317 185295
0.134128 184521
0.135409 180201
0.181333 177293
0.184160 177040
0.272484 175953
0.272659 174930
0.273209 172812
0.277822 171628
0.278105 168638
0.325239 167433
0.338458 165594
0.408452 164507
0.408557 163484
0.409105 161366
0.413654 160182
0.414025 158452
0.446886 157809
0.454865 155987
0.538377 154900
0.538482 153877
0.539759 153283
0.540677 153251
0.543961 149162
0.546141 148598
0.655312 148266
0.667780 147179
0.667883 146156
0.669153 145562
0.670064 145530
0.670806 144038
0.673338 141441
0.796916 139650
0.798546 138737
0.799483 138705
0.800217 137213
0.856726 136879
0.867698 135591
0.870423 135257
0.926633 133466
0.928817 132603
0.929910 131029
0.975168 129812
0.997408 129407
1.056211 127616
1.057662 127223
1.057851 127162
1.058219 126703
1.059505 125179
1.116592 124845
1.150184 123682
1.185795 121891
1.187277 121498
1.187466 121437
1.189006 121028
1.208043 120995
1.211793 120539
1.224921 120413
1.234956 119797
1.235605 118237
1.316126 116446
1.317851 116101
1.318041 115609
1.319333 115583
1.338264 115550
1.341977 115094
1.355123 114968
1.369121 114720
1.390024 114375
1.444405 113228
1.445599 111437
1.447339 111092
1.447529 110600
1.448802 110574
1.467747 110541
1.471477 110085
1.484616 109959
1.498622 109711
1.519556 109366
1.562743 109295
1.575574 107504
1.577297 107159
1.577486 106667
1.579071 105911
1.628642 105778
1.649946 104925
1.705258 103134
1.707978 102741
1.708169 102680
1.708718 101541
1.826973 101484
1.835483 99693
1.838225 99300
1.838416 99239
1.839253 98830
1.858166 98797
1.861878 98341
1.875049 98215
1.883263 97643
1.945940 97433
1.965394 95642
1.968206 95378
1.969388 95297
1.969576 94805
1.986537 94734
1.987105 94639
2.003435 94201
2.013091 93592
2.095123 91801
2.095942 91408
2.096130 91347
2.096948 90938
2.119566 90449
2.183105 90224
2.224918 88433
2.225737 88040
2.225926 87979
2.243659 87681
2.355399 85890
2.356299 85497
2.356489 85436
2.432052 85188
2.485069 83397
2.485888 83004
2.486077 82943
2.518085 82937
2.609554 82730
2.614619 80939
2.615462 80546
2.615651 80485
2.647646 80479
2.744563 78688
2.745744 78343
2.745933 77851
2.873815 77835
2.876268 77752
2.878631 76247
2.910565 76038
2.986732 75610
3.003861 75594
3.006303 75511
3.008686 74006
3.040694 73797
3.133615 73781
3.136069 73698
3.138429 72193
3.265324 72094
3.272358 71918
3.272730 71742
3.272917 71527
3.281848 70975
3.310071 70746
3.342294 70680
3.410747 70405
3.411126 70229
3.411313 70014
3.412398 69412
3.445625 69233
3.474105 68703
3.540289 68428
3.540669 68252
3.540856 68037
3.549629 67485
3.575171 67256
3.670347 66981
3.670737 66805
3.670925 66590
3.679739 66038
3.773343 65875
3.800723 65600
3.801101 65424
3.801290 65209
3.810101 64657
3.921706 64433
3.931062 64382
3.931616 63991
3.962395 63659
3.998307 63567
4.052472 63343
4.061778 63292
4.062330 62901
4.092872 62569
4.173158 62557
4.174342 62550
4.182225 62326
4.191575 62275
4.192127 61884
4.222628 61552
4.313013 61328
4.322497 61277
4.360925 61265
4.368438 61070
4.415869 60878
4.417947 60840
4.442984 60616
4.452231 60565
4.490627 60553
4.498123 60358
4.545089 60261
4.563013 60220
4.565266 60204
4.572302 59980
4.581560 59929
4.619898 59917
4.627438 59722
4.674370 59625
4.701578 59401
4.710833 59350
4.749187 59338
4.756700 59143
4.807897 58965
4.830856 58741
4.840092 58690
4.878451 58678
4.886112 58483
4.941923 58310
4.960754 58086
4.970008 58035
5.008543 58023
5.016088 57828
5.090521 57604
5.099820 57553
5.138522 57538
5.160126 57391
5.201426 57372
5.220512 57148
5.229761 57097
5.268136 57082
5.289708 56935
5.350421 56711
5.359682 56660
5.398097 56645
5.479994 56421
5.489236 56370
5.594247 56365
5.609822 56141
5.619087 56090
5.744073 56074
5.779469 56042
5.798550 56007
5.846467 56003
5.867071 55920
5.873311 55696
5.998448 54969
6.039916 54921
6.059166 54886
6.106992 54882
6.117998 54771
6.169641 54723
6.188774 54688
6.236913 54684
6.247674 54464
6.247863 54449
6.299766 54401
6.319492 54366
6.367427 54362
6.430019 54314
6.449205 54279
6.492891 54255
6.501078 54094
6.560034 54046
6.579228 54011
6.622617 53987
6.689793 53939
6.709079 53904
6.819825 53856
6.839002 53415
6.949994 53367
27.736129 53308
54.149199 53267
54.251673 53200
54.278901 52975
54.380822 52908
54.502255 52860
148.998790 52764
149.085238 52657
