0.000302 212177
0.000874 211403
0.001155 210252
0.007717 210248
0.010278 209530
0.010557 209516
0.036557 207365
0.050157 204705
0.058862 202282
0.130218 195412
0.130770 194638
0.131048 193487
0.132696 193426
0.140152 192765
0.140431 192751
0.166233 190600
0.179564 188328
0.267435 181458
0.268357 180684
0.268756 179642
0.274295 179546
0.277849 178811
0.308606 177080
0.324785 176106
0.408385 169236
0.408943 168462
0.409403 168065
0.417497 167455
0.418321 166589
0.445125 166023
0.447465 165857
0.467057 165287
0.538920 158417
0.539474 157643
0.548041 156636
0.548865 155770
0.668710 154870
0.668813 150659
0.671347 148521
0.677612 147119
0.780069 146554
0.797749 145654
0.797850 141443
0.800486 138379
0.928023 137990
0.928228 136329
0.929320 136315
0.937469 135912
0.938020 135471
0.941101 135399
0.941648 134902
0.942642 133406
0.943371 133287
0.944292 133000
0.944480 132941
0.981987 132298
0.984816 129784
1.057822 128149
1.059008 127565
1.067260 125978
1.068820 125753
1.071122 124757
1.072693 124738
1.073712 124139
1.147796 123627
1.181444 123432
1.187231 121797
1.188433 121213
1.196694 119626
1.198237 119401
1.200519 118405
1.202058 118386
1.273820 118319
1.276910 118001
1.317414 116366
1.318604 115937
1.327316 115093
1.329954 115021
1.330680 112974
1.332680 112909
1.444925 111937
1.445653 110690
1.459508 110172
1.462232 109775
1.477362 109632
1.493585 109269
1.498831 108050
1.573912 107078
1.576815 106415
1.586885 105932
1.613890 105800
1.613992 105181
1.622949 104512
1.673736 104004
1.703248 103032
1.706142 102369
1.716243 101886
1.743143 101754
1.743244 101135
1.752260 100364
1.832458 99392
1.835347 98729
1.845404 98246
1.872988 97720
1.904959 97527
1.915877 96994
1.947502 96987
1.961634 96015
1.965627 95519
1.979169 95390
1.992817 95279
1.996978 94770
2.002227 94343
2.034114 94150
2.090781 93178
2.094765 92682
2.108331 92553
2.121976 92442
2.126135 91933
2.169463 90681
2.219946 89709
2.223926 89213
2.237511 89084
2.251140 88973
2.255306 88464
2.260923 88037
2.349881 87065
2.353955 86569
2.367519 86440
2.381183 86329
2.385345 85820
2.399256 85447
2.479245 84475
2.483232 83979
2.496849 83850
2.510510 83739
2.514681 83230
2.608619 82258
2.608901 81787
2.618952 81112
2.738004 80723
2.738105 80361
2.738292 79644
2.738846 79048
2.866839 78634
2.876549 78233
2.885775 77891
2.907037 77451
2.996115 77037
3.001466 77021
3.005821 76636
3.006190 76591
3.068568 76390
3.073538 76295
3.075169 75917
3.125426 75503
3.130764 75487
3.135120 75102
3.135488 75057
3.197841 74847
3.202808 74761
3.249994 74662
3.254694 74248
3.260113 74232
3.264487 73847
3.264856 73802
3.327943 73592
3.332980 73506
3.384600 73075
3.386786 72661
3.392175 72645
3.396536 72260
3.396905 72215
3.464774 72005
3.469759 71919
3.519875 71733
3.521696 71319
3.527054 71303
3.531432 70918
3.531808 70873
3.594164 70663
3.599151 70577
3.650980 70163
3.656335 70147
3.660706 69762
3.661075 69717
3.763145 69570
3.780327 69156
3.785675 69140
3.790038 68755
3.790407 68710
3.915079 68490
3.924061 68444
3.928330 68174
3.932950 68075
3.933049 67949
3.937304 67595
4.048515 67560
4.057751 66976
4.075114 66898
4.113537 66749
4.177804 66714
4.187043 66130
4.204437 66052
4.271260 66015
4.307231 65980
4.317139 65396
4.334656 65318
4.403540 64644
4.405635 63928
4.437432 63893
4.446696 63309
4.464081 63231
4.566815 63196
4.576084 62612
4.637939 62591
4.696265 62556
4.705516 61972
4.825708 61937
4.839402 61337
4.955049 61302
4.989541 60794
5.004570 60765
5.084448 60730
5.118958 60222
5.213888 60187
5.266954 59775
5.306853 59730
5.332666 59687
5.343268 59652
5.396350 59240
5.436293 59195
5.472672 59160
5.526320 58748
5.561789 58513
5.602673 58478
5.655762 58066
5.695599 58024
5.732086 57989
5.785103 57577
5.861338 57542
5.962315 57303
5.964140 57278
5.976325 57138
5.990688 57103
6.091762 56864
6.093573 56839
6.120196 56804
6.221146 56571
6.249503 56536
6.357218 56530
6.357409 56465
6.358764 56365
6.378932 56330
6.498055 56254
6.508289 56219
6.570847 56143
6.627268 56067
6.637617 56032
11.995756 56000
11.999533 55497
12.054438 55225
12.093904 55190
12.125258 55165
12.125360 55035
12.129090 54532
12.223442 54497
12.254934 54466
12.258667 54302
12.262304 53906
12.352930 53871
12.382084 53716
12.454240 53627
12.482359 53592
12.511565 53437
12.611832 53402
12.720788 53346
12.741362 53311
12.850880 52824
12.870851 52789
145.732915 52657
