0.000820 208006
0.001840 207350
0.002033 207030
0.002873 206324
0.016102 205326
0.017562 203361
0.020655 202442
0.076580 200154
0.084040 200055
0.131029 194498
0.132034 193842
0.134494 193212
0.145825 191818
0.146386 189259
0.150365 188934
0.150916 188862
0.206284 188829
0.267546 183272
0.268736 182860
0.271039 181986
0.282413 180592
0.282964 178033
0.287507 177636
0.404122 171844
0.404699 170786
0.438312 170243
0.440579 170162
0.441407 168082
0.540517 164951
0.541433 162680
0.541891 160843
0.557447 159845
0.605489 158956
0.670303 155825
0.671585 152106
0.742444 150832
0.743902 149903
0.744817 149503
0.799820 146372
0.801188 144101
0.801652 142264
0.817169 141266
0.928962 134416
0.953088 133540
1.058472 126690
1.188786 126278
1.189249 125625
1.189436 125446
1.192545 124473
1.193542 123995
1.200968 123271
1.202148 121038
1.243442 120989
1.247079 120981
1.282020 120750
1.318743 120338
1.319212 119685
1.321395 119170
1.322504 118533
1.323499 118055
1.332105 115098
1.447121 115030
1.448130 114686
1.448597 114033
1.450784 113518
1.452867 112403
1.466452 111517
1.484663 111393
1.492707 109460
1.576686 109392
1.580304 107880
1.582679 107871
1.582779 107716
1.586039 107660
1.587759 106500
1.613558 104409
1.685866 103751
1.705913 103683
1.708104 102172
1.711922 102162
1.712022 102007
1.712931 101796
1.717011 100791
1.742809 98700
1.835734 97635
1.837464 97121
1.842290 96745
1.845011 96449
1.846012 96400
1.853541 96314
1.882584 95980
1.922973 95704
1.923254 95418
1.935460 95339
1.965304 94274
1.966955 93759
1.974027 93618
1.974586 93088
1.975585 93039
1.983090 92953
2.012143 92619
2.096443 91040
2.101260 90664
2.112479 90233
2.116553 89728
2.223229 88663
2.224868 88148
2.233496 87428
2.247600 87089
2.354921 87079
2.358672 85510
2.380874 84576
2.484489 84566
2.488056 83446
2.489241 83021
2.569862 82763
2.584979 82349
2.585795 82266
2.610470 82244
2.614091 82234
2.617651 81114
2.618856 80689
2.625742 80523
2.699439 80431
2.714531 80017
2.715350 79934
2.743576 79924
2.747139 78804
2.748323 78379
2.755245 78213
2.828863 78121
2.852418 77757
2.872994 77747
2.876548 76627
2.877730 76202
2.884628 76036
2.958303 75944
3.004891 74365
3.051576 74341
3.134312 72762
3.142210 72620
3.263757 71041
3.393549 70997
3.394924 70878
3.395024 70425
3.408867 70121
3.418774 69929
3.472723 69736
3.525603 69649
3.530822 69605
3.532184 69486
3.532283 69033
3.544199 68729
3.554078 68537
3.608303 68344
3.661392 68300
3.662817 68181
3.662917 67728
3.674840 67424
3.684723 67232
3.755911 67049
3.791268 67005
3.792635 66886
3.792734 66433
3.804656 66129
3.814557 65937
3.920901 65893
3.922285 65774
3.922385 65321
3.934282 65017
4.030535 64838
4.050526 64794
4.051886 64675
4.051985 64222
4.063907 63918
4.182607 63467
4.182709 63426
4.182996 63257
4.192153 62485
4.309738 62322
4.309841 61869
4.363698 61705
4.439129 61542
4.439231 61089
4.513231 61086
4.524393 60989
4.568673 60826
4.568775 60373
4.676113 60300
4.698230 60137
4.698332 59684
4.832362 59587
4.836915 59284
4.848006 59138
4.848108 59064
4.968882 58884
4.973339 58821
4.977703 58447
5.102530 58404
5.113434 57900
5.209849 57886
5.232063 57843
5.242961 57339
5.361584 57296
5.413248 57099
5.453225 56973
5.463371 56909
5.491162 56866
5.542784 56669
5.582730 56543
5.593920 56434
5.594020 56231
5.620643 56188
5.672472 55991
5.712509 55865
5.750563 55822
5.802159 55625
5.853260 55534
5.880035 55491
5.931924 55294
6.009819 55251
6.058368 55116
6.139642 55073
6.194710 54877
6.269810 54834
6.330755 54388
6.399159 54345
6.485052 54281
6.528793 54238
6.653567 54149
13.117337 54067
26.717123 53976
39.605816 53965
52.350525 53837
52.405232 53789
52.428513 53754
52.535028 53706
52.558397 53265
52.664596 53217
59.177913 53098
59.322637 52991
59.481262 52956
59.519046 52929
59.610674 52894
145.576730 52823
145.663447 52788
252.990329 52719
253.035857 52657
