0.000161 413838
0.000238 405778
0.000272 404599
0.000352 394212
0.000460 390571
0.000590 389039
0.000646 383404
0.000874 376220
0.001029 373568
0.001138 372582
0.001193 364522
0.001420 363648
0.001474 360461
0.001530 347783
0.001829 346042
0.001984 339515
0.002067 338529
0.002113 330469
0.002344 323951
0.002391 313730
0.002873 311594
0.002938 309569
0.002964 305424
0.003112 298166
0.003613 296104
0.003906 293425
0.003975 288858
0.004377 288316
0.004403 286722
0.004674 284117
0.005260 280243
0.008909 279537
0.010090 277952
