0.000387 548647
0.000728 543291
0.001038 542237
0.005368 542045
0.005825 531550
0.006879 523330
0.007033 516868
0.009842 514999
0.011039 513551
0.011196 511664
0.011349 505424
0.011649 503751
0.012099 494439
0.012401 492290
0.012555 478952
0.013300 473307
0.013897 472027
0.014368 471622
0.014672 471485
0.014825 467607
0.015720 462938
0.016021 462297
0.016917 457859
0.017071 455322
0.017370 455084
0.017523 452587
0.019054 446945
0.021424 446275
0.021579 445207
0.026669 440585
0.056663 438658
0.057415 434697
0.057719 433970
0.059373 432840
0.059826 431410
0.081653 422257
0.081814 414744
0.082878 413209
0.292114 412839
0.359538 410044
0.362828 409120
0.363581 406724
0.391879 403754
0.392187 401230
0.392343 398594
0.761714 396483
0.761883 393646
11.930585 393276
12.182702 388074
12.183815 385682
12.184607 377555
12.184928 375661
12.185243 375658
12.191450 373998
12.201631 372835
12.201968 369285
12.202132 361660
12.202482 359109
12.205278 358037
12.205777 357430
19.796205 357377
19.796739 353756
20.117232 353496
20.117737 351326
20.162550 348061
21.007054 345711
21.007538 344573
21.008785 344162
21.718401 343964
21.719362 335959
21.719995 325470
23.478944 324772
24.186840 324720
24.187327 318574
24.187962 317467
24.960010 317080
25.247875 311901
27.000527 311421
27.002067 310891
27.003401 306552
27.634665 305298
27.635035 304423
27.635675 301379
27.946200 301025
27.950828 300897
28.231733 299775
29.349354 296701
30.899815 294121
30.900780 293193
31.207813 292217
31.220449 290621
31.221694 285214
31.226700 278840
31.240904 278253
31.241065 272131
31.246394 272062
32.860785 271377
32.861583 266286
32.864260 265564
32.864893 262079
35.018807 258109
35.019135 256036
35.886763 254166
35.887714 253801
36.927717 253061
36.931367 249920
36.933514 249185
36.936820 248550
36.950816 246102
37.794252 245591
37.797417 242508
37.799317 241273
37.801966 239812
38.045316 239559
38.045645 238504
38.078872 237173
38.079194 236528
38.086058 227951
38.106332 227175
38.107587 225533
38.111038 225339
38.111674 224495
38.117772 221364
38.118431 220114
42.560322 219510
42.561902 219106
42.568811 219051
42.568973 214871
42.569445 213322
42.570886 213215
42.573859 212706
42.574019 212295
43.409762 210887
43.412100 209735
43.414429 208628
43.417551 207246
43.418050 205458
43.423361 205119
43.425007 203457
43.427157 203205
43.441318 202527
43.442661 201375
43.443160 200928
44.879346 199565
44.879525 198361
45.693235 196570
45.702814 194802
46.372839 193414
46.373165 193400
46.379584 193353
46.380374 193227
46.381476 192288
46.388531 191495
46.433901 188125
48.304352 187011
48.306194 186731
48.307192 186016
48.307856 185179
48.323218 185066
48.323387 184574
48.326544 184245
48.514249 184159
48.516069 182908
48.519863 179486
48.521508 179214
48.542309 179049
48.941968 178871
48.986366 177984
48.990911 177498
49.009677 175441
49.021426 174322
49.045109 174277
49.065298 173955
50.372355 173844
50.660424 173309
50.858279 172325
50.879173 171602
50.880335 171247
51.013699 170026
51.018854 168749
51.027056 167677
52.846350 167667
52.852936 165972
52.936646 164058
52.950823 163738
52.952799 163475
52.957419 162552
52.960400 161553
52.961721 161323
52.971458 161236
53.140801 159788
53.176530 155743
53.206579 155613
53.215820 155607
53.232268 155479
53.239798 154528
54.618783 153783
54.660074 153736
54.829004 153531
54.837487 153165
55.139614 152825
55.149869 151766
55.162408 150605
55.171437 149901
55.172430 149103
55.173417 146948
55.173581 146302
55.177398 146195
55.188290 145219
55.202786 144145
55.203779 143267
55.204934 141737
55.208246 141155
55.464020 140824
55.683203 140810
55.766379 140137
55.773746 138990
55.775483 138188
55.786727 137628
55.862575 137170
55.880067 135779
56.121377 135022
56.613798 134689
59.928571 134588
60.005806 134523
60.019461 133772
60.054411 130036
60.077851 129199
60.176577 128116
60.204137 128107
60.856396 128093
60.893549 127401
60.900606 127276
60.904204 127205
60.910252 125498
62.143456 124529
62.147074 124423
62.148017 124166
62.154104 124019
62.240220 123874
62.261586 123796
62.272149 123635
62.363293 122233
62.396439 122189
62.410178 121911
62.532413 121532
62.561804 121077
62.575433 120692
62.649685 119762
63.245280 118098
63.260944 117491
69.437401 117466
69.475757 117142
69.479381 116907
69.497081 116464
69.519346 116362
71.028040 115802
71.392541 115307
71.451551 114502
71.473459 114458
71.484755 114037
71.488990 113859
71.495266 113183
71.571956 112474
71.586988 112099
71.720480 111864
72.704603 111809
72.987786 111594
73.375027 111350
74.948755 111165
74.950812 110531
75.023901 109978
75.024073 109786
75.035965 109503
75.115107 109476
75.315827 108808
75.390686 108616
76.423024 108540
76.534876 107925
77.206372 107451
77.443244 107374
77.522141 106672
77.620318 106636
77.652710 106591
86.680479 106231
86.963385 105264
87.042494 104824
87.662652 104028
87.691640 103990
87.698419 103841
89.579096 103754
90.289263 103698
90.596195 103606
90.753285 103568
91.003175 103529
91.012273 103512
91.123917 103337
91.532229 103116
91.979805 103090
94.504205 102626
96.601522 102535
97.562053 102437
97.611980 102324
104.908148 102295
220.664582 102120
220.919206 102112
222.281087 102051
223.002032 101946
223.517065 101938
458.690088 101871
460.177805 101731
460.938495 101704
462.869808 101661
462.936527 101653
463.748424 101548
464.543099 101456
466.659012 101448
470.872878 101346
472.427260 101319
495.989152 101300
497.716029 101292
