0.000416 529599
0.000601 528961
0.000758 525898
0.001218 520049
0.002115 507113
0.004653 507009
0.004956 491838
0.006285 490583
0.008658 486426
0.008814 486203
0.008965 484050
0.011029 483589
0.011183 479679
0.017347 474800
0.018715 474216
0.018873 471474
0.019621 468758
0.021710 458145
0.021867 455255
0.029135 454940
0.030764 449385
0.030920 445092
0.031074 443581
0.031376 436094
0.033458 434267
0.052244 432932
0.052404 432422
0.052559 431415
0.052861 428133
0.053014 424503
0.168793 423525
0.168957 421801
0.192403 421087
0.193148 418055
0.193450 416410
0.193672 413203
0.194497 400960
0.195662 400492
0.196539 400189
0.196745 398049
0.338298 394853
0.339986 391215
0.340305 390115
0.340770 388171
0.341075 386128
0.341233 381015
0.342126 380517
0.349232 378527
0.350127 377350
0.350304 372372
0.351492 367320
0.351794 361944
16.541014 361127
17.028482 358368
17.028820 350887
17.028981 349287
20.870165 346747
20.870523 346241
20.870684 342551
23.435686 335169
24.271511 320489
24.272196 318345
26.106089 314290
26.788618 314241
26.788793 313914
27.485973 313294
27.486316 311977
27.487793 311503
27.498823 309592
27.499154 308401
27.499318 306950
27.499481 306058
27.540394 304047
27.540556 300021
27.540872 297732
27.543511 297097
27.543982 294208
28.558176 291338
28.621126 289790
28.621464 289506
28.622422 288833
31.718815 288633
31.719143 283234
31.881891 277309
31.882556 277263
31.882873 276905
31.884288 276364
31.884918 274074
31.886474 273384
33.917694 262209
33.925055 259603
33.925699 259497
34.345938 259477
34.346108 257522
34.346271 255440
34.347575 251188
34.349384 243491
37.361704 241327
37.729784 237246
37.736819 236811
38.831680 235804
39.388795 235225
39.393114 232928
39.393275 232743
39.393900 225414
39.426044 225281
41.165110 224921
41.197264 224236
41.197763 223808
41.213334 222709
41.213671 221041
41.219363 221000
41.221833 220460
41.466802 215893
41.471008 215184
41.472588 213251
41.480637 212861
41.481888 212089
41.506193 210374
41.591175 205050
41.605515 203736
45.613837 202884
45.746819 202591
45.750558 202411
45.963470 202026
46.207693 198514
46.209184 194837
46.210329 194650
46.526563 191996
46.527716 191869
47.366914 190485
47.370189 190067
47.420530 189686
47.431078 189493
47.435336 189104
47.443821 188792
47.444499 188724
47.446951 188685
47.477230 187829
47.478221 187598
47.479371 183620
47.480201 179193
47.482324 178656
47.485613 178162
49.188117 176487
49.188331 176439
49.194092 175356
49.210113 174390
50.973842 171608
50.987194 171092
50.987515 170957
50.989404 170777
50.990961 170393
50.992222 166914
50.995938 165842
50.999986 164238
51.000626 163896
51.002024 163833
51.045411 159852
51.049143 159464
51.053957 158315
54.544584 156761
54.559587 156254
55.088587 155971
55.090881 155927
55.120409 154208
55.130531 154086
55.951337 153073
55.961621 152347
55.968488 152067
55.969634 151914
55.982190 151882
55.986446 151592
55.993801 150951
56.068907 150275
56.128904 149535
56.139343 149464
56.146080 149434
56.152489 149221
56.162138 149065
56.188145 148796
56.190274 148654
56.195667 147425
56.217374 146775
56.225832 145997
56.238220 143875
56.247022 141721
56.252252 140986
56.684796 140907
56.718572 140674
56.729184 140187
56.734743 137085
56.742264 135994
56.744249 135473
56.748862 135079
57.728485 134637
57.756092 132580
61.959246 132029
61.966138 131479
62.162258 131426
62.176794 130952
63.344130 130762
63.388879 130555
63.512188 129597
65.323922 129395
65.339332 129332
65.381631 129118
65.390398 129073
65.393369 128927
65.694440 127620
65.699418 127600
65.763204 127283
65.790695 127160
65.794601 125429
68.405641 124750
68.434036 124473
68.512582 123933
68.549645 123571
68.562215 120886
68.562548 120520
68.597960 119771
70.999952 119603
71.000967 118388
71.012733 117825
71.078649 117790
71.095833 117341
71.367481 116585
71.440358 115981
72.299362 115709
73.027585 115371
73.036327 115056
73.343510 114819
73.364193 114809
73.379356 114397
73.517054 114197
73.519185 114148
73.523614 113627
73.549302 113196
73.581357 113186
73.748096 113000
73.753357 112549
73.965699 112506
73.966202 112312
73.987787 112302
74.250768 112273
74.517308 112167
75.522751 111886
75.641665 111610
75.644464 111145
75.685047 110393
75.953123 110280
75.959782 109439
76.025118 109383
76.086053 109262
76.183756 109166
76.318656 108633
79.092704 108083
79.182078 107987
79.253541 107780
79.609300 107685
79.670191 107611
79.968992 107339
80.087559 107265
80.875964 107145
80.982107 106976
85.114413 106852
86.041853 106786
86.303588 106574
86.312141 106296
93.433202 106237
93.447436 106008
94.193429 105883
99.355559 105863
104.743563 105821
107.394660 105764
116.062157 105729
192.636259 105516
193.931331 105045
194.170921 104747
194.177185 103871
194.610922 103663
195.150785 103587
195.433838 103551
196.994637 103345
197.486050 103239
197.937023 103203
199.276214 103199
199.295983 103117
203.255828 103086
204.015925 102963
204.326576 102918
204.545883 102882
205.948465 102842
206.199488 102763
207.888864 102753
208.178134 102435
208.191193 102260
230.635839 102181
