0.000667 561281
0.043999 560459
0.045778 558543
0.046324 556578
0.047944 552348
0.333806 551949
0.463509 536107
0.506296 535285
0.508045 533369
0.508589 531404
0.511150 528735
0.908982 526814
0.909265 525894
0.909944 520254
0.910218 519033
0.911034 516682
0.911716 515490
0.914812 515197
0.917384 513410
1.049063 508361
1.360200 506440
1.360481 505520
1.361715 504343
1.361860 500865
1.362268 492580
1.544262 491157
1.545619 490239
1.562093 488066
1.804206 486145
1.804494 485225
1.805706 484048
1.805847 480570
1.806522 477285
1.807863 475962
1.809218 474528
1.812572 472741
1.987467 469793
2.174356 469743
2.184528 468689
2.249002 466768
2.249277 465848
2.250483 464671
2.250624 461193
2.251299 457908
2.252645 456585
2.254002 455151
2.433244 450416
2.694693 448495
2.694974 447575
2.696185 446398
2.696325 442920
2.698427 438312
2.699817 436878
2.902757 434177
3.116632 432690
3.155176 430769
3.155463 429849
3.156712 428672
3.156858 425194
3.158946 420586
3.160336 419152
3.356113 416451
3.585147 416360
3.604652 414439
3.604944 413519
3.606150 412342
3.606300 408864
3.608311 404256
3.609668 402822
3.805487 400121
4.049782 398200
4.050061 397280
4.051268 396103
4.051409 392625
4.052088 391342
4.054795 386583
4.263500 384503
4.416759 384481
4.430061 383944
4.504363 382023
4.504642 381103
4.505861 379926
4.506003 376448
4.506678 375165
4.509390 370406
4.511135 368619
4.862622 368304
4.908789 367947
4.949920 366026
4.950202 365106
4.951409 363929
4.951550 360451
4.952224 359168
4.954927 354409
5.164548 353643
5.394491 351722
5.394771 350802
5.395977 349625
5.396118 346147
5.400678 343677
5.401635 340398
5.837991 338453
5.838936 335078
5.840811 334890
5.843107 334347
5.882000 331654
5.882811 329046
5.959331 328898
5.960807 327501
6.282006 325556
6.282949 322181
6.287116 321450
6.325666 319974
6.355683 316445
6.430804 315431
6.513662 312075
6.725572 310130
6.726519 306755
6.730670 306024
6.769526 304548
6.799533 301019
6.874795 300005
7.169503 298060
7.170449 294685
7.174650 293954
7.243694 292358
7.249348 292127
7.252033 290481
7.614090 288536
7.615037 286576
7.616115 285590
7.623508 284973
7.658234 283101
7.665302 282954
7.706798 282088
7.809599 281029
8.060777 279084
8.061730 277124
8.062807 276138
8.070231 275521
8.104659 273649
8.111538 273502
8.151694 272636
8.369951 272332
8.389262 270352
8.507669 268407
8.508618 266447
8.509708 265461
8.514543 264301
8.551602 262972
8.558517 262825
8.599999 261959
8.913094 261851
8.959051 259906
8.959994 257946
8.961073 256960
8.968433 256343
9.002854 254471
9.009691 254324
9.049815 253458
9.373482 252409
9.402919 250464
9.403859 248504
9.404940 247518
9.446738 245029
9.846772 245011
9.846924 244273
9.847198 240844
9.848672 240138
9.937475 238209
9.983454 236636
10.290811 236618
10.290958 235880
10.291232 232451
10.299014 232358
10.361976 232233
10.383967 229816
10.503569 229189
10.684992 228662
10.745387 228644
10.745532 227906
10.745807 224477
10.753192 223771
10.861622 222558
10.958269 221215
11.204079 221197
11.204231 220459
11.204516 217030
11.209393 216937
11.272359 216812
11.548632 214341
11.652044 214323
11.652193 213585
11.652467 210156
11.718442 209938
11.721007 209851
11.954349 207272
12.097027 207254
12.097174 206516
12.097449 203087
12.448624 202947
12.502028 201966
12.541779 201948
12.541924 201210
12.542197 197781
12.893686 197641
12.973148 196872
12.986790 196854
12.986934 196116
12.987209 192687
13.339263 192547
13.432591 192529
13.432743 191791
13.433026 188362
13.879745 186474
13.902186 186410
13.903811 185326
13.953342 185227
13.955902 184204
13.963290 182369
14.326936 181539
14.327621 181520
14.338380 181311
14.347012 180891
14.350651 179333
14.402900 178211
14.431867 178157
14.775107 176269
14.844662 174789
14.845491 173993
15.033230 173979
15.220551 173149
15.221243 173130
15.231976 172921
15.238325 172501
15.239403 172187
15.290086 170611
15.290898 169815
15.666046 168985
15.666730 168966
15.677526 168757
15.683861 167216
15.857077 166135
15.880815 166103
16.071003 166016
16.111880 165186
16.112563 165167
16.123313 164958
16.129633 163417
16.303881 162336
16.327669 162304
16.557755 160416
16.575875 159705
16.746048 159390
16.807987 158864
17.002803 158140
17.021336 156265
17.191066 155950
17.446942 155226
17.465488 153351
17.692187 153274
17.706308 153156
17.892820 152432
17.911737 150557
18.098438 149676
18.337995 148827
18.349068 148618
18.357686 147077
18.693380 146786
18.786475 145937
18.797243 145728
18.805565 144187
19.231629 143338
19.242382 143129
19.331795 142422
19.550820 141750
19.676666 140901
19.687424 140692
19.776562 139985
20.016084 139934
20.087300 139505
20.121120 138656
20.131852 138447
20.221397 137740
20.460666 137689
20.539751 136865
20.565975 136016
20.576711 135807
20.665826 135100
20.904769 135049
21.009720 134200
21.020445 133991
21.109585 133284
21.353722 132668
21.453662 131819
21.464409 131610
21.553662 130903
21.897743 130054
21.908474 129845
22.016819 128365
22.342360 127516
22.353154 127307
22.599575 127191
22.613973 126816
22.787215 125967
22.798006 125758
23.044287 125563
23.077815 125541
23.170630 125444
23.181898 125346
23.231514 124497
23.242273 124288
23.489314 124093
23.522861 124071
23.612027 124041
23.676817 123192
23.687542 122983
23.935000 122788
23.968427 122766
24.122307 121917
24.133091 121708
24.379708 121513
24.567622 120664
24.578352 120455
24.958041 120275
25.014876 119426
25.025636 119217
25.452179 119163
25.459952 118314
25.470852 118105
25.901804 117381
25.931811 117370
25.946814 116450
26.346162 115726
26.376186 115715
26.409419 115604
26.766781 115558
26.790405 114834
26.853928 114712
27.234394 113988
27.688214 113706
27.771731 113284
28.064746 113264
28.132298 112982
28.215870 112560
28.576484 112278
28.715659 112194
28.885033 112168
28.953417 112006
29.020994 111724
29.160315 111640
29.330169 111614
29.470631 111332
29.611330 111248
29.917448 110966
30.371693 110386
30.452960 110152
30.807673 109933
31.283703 109751
31.744211 109716
31.874682 109706
31.907142 109631
31.907288 109573
32.188944 109538
32.321170 109528
32.329692 109526
32.337786 109491
32.353755 109440
32.412057 109404
32.635365 109369
32.765703 109359
32.774171 109357
32.782249 109322
32.798185 109271
33.080049 109236
33.210457 109226
33.227028 109209
33.524697 109174
33.656625 109034
33.970864 108999
68.766353 108604
102.514021 108555
102.969612 108170
102.979158 107942
102.979306 106858
103.471005 106740
103.479471 106725
103.580463 106616
103.619426 106506
103.915984 106388
103.924458 106373
104.025383 106264
104.128441 106249
104.177425 106179
104.361018 106061
104.369485 106046
104.470399 105937
104.573554 105922
104.806103 105804
104.814578 105789
104.915503 105680
105.014380 104673
105.251781 104555
105.260253 104540
105.361276 104431
105.696753 104313
105.705254 104298
105.908353 104256
106.141489 104138
106.149970 104123
106.586527 104005
106.595126 103523
107.191462 103400
107.630620 103016
107.630769 102975
107.636822 102507
108.148195 102394
108.205565 102332
108.593318 102219
109.098319 102127
