0.000363 480615
0.000925 472442
0.002288 470950
0.006898 470240
0.010947 468665
0.054760 467731
0.057044 462401
0.161054 461462
0.452368 457886
0.453006 449713
0.454764 445716
0.506634 445002
0.508127 444728
0.510180 444485
0.517324 444072
0.520704 440518
0.899267 436942
0.900242 424851
0.955826 418728
1.345766 415152
1.346597 404174
1.356331 403202
1.803261 402107
1.805859 401975
1.807356 394901
1.812994 391480
1.900268 391154
1.966738 390224
1.969719 388270
2.246374 387813
2.249334 386842
2.254761 379969
2.259078 377105
2.349537 376243
2.471568 375706
2.504821 368702
2.701603 368470
2.702972 360401
2.711236 356980
2.959969 355334
3.146675 353906
3.152126 347033
3.171341 344324
3.372790 342770
3.568633 341904
3.601015 340476
3.606501 333603
3.615449 330739
3.823435 329340
4.050997 327912
4.056418 321039
4.065336 318175
4.496897 317943
4.507521 316397
4.507673 315995
4.510374 313867
4.529000 313799
4.537289 312492
4.568055 312040
4.600785 309608
4.640907 309465
4.703145 309005
4.744682 307094
4.945730 306862
4.955637 305666
4.956329 305316
4.956551 304914
4.977952 302718
4.982403 301793
5.013066 301048
5.049236 298527
5.166081 297947
5.218706 297585
5.321479 296941
5.396125 296709
5.406094 295513
5.406782 295163
5.406928 294761
5.428350 292565
5.432809 291640
5.463519 290895
5.499688 288374
5.672155 288146
5.844370 287914
5.854275 286718
5.854964 286368
5.855107 285966
5.876436 283770
5.880913 282845
5.911538 282100
5.947877 279579
6.294043 279347
6.303952 278151
6.304639 277801
6.304783 277399
6.326193 275203
6.330644 274278
6.361333 273533
6.441060 272890
6.515158 272067
6.566857 271606
6.742272 271374
6.752131 270178
6.752818 269828
6.752961 269426
6.774360 267230
6.779611 265923
6.810314 265471
6.858932 265242
6.889037 264917
6.944606 264129
7.191112 263897
7.200981 262701
7.201687 262351
7.201831 261949
7.223205 259753
7.228455 258446
7.259099 257994
7.307870 257765
7.338027 257440
7.550477 256655
7.643959 256423
7.653861 255227
7.654548 254877
7.654743 254475
7.676116 252279
7.685486 251354
7.716382 250609
7.807517 248519
8.093016 248287
8.102985 247091
8.103677 246741
8.103822 246339
8.125240 244143
8.134568 243218
8.165258 242473
8.304699 241859
8.520013 241081
8.540877 240849
8.550840 239653
8.551531 239303
8.551674 238901
8.573085 236705
8.582427 235780
8.613149 235035
8.752902 234421
8.876224 233804
8.990118 233572
8.999990 232376
9.000683 232026
9.000829 231624
9.022186 229428
9.031527 228503
9.062157 227758
9.234626 227563
9.438662 227331
9.448555 226135
9.449242 225785
9.449385 225383
9.470683 223187
9.479997 222262
9.510841 221517
9.847731 221188
9.891442 220956
9.901339 219760
9.902037 219410
9.902183 219008
9.923629 216812
9.932972 215887
9.963634 215142
10.349189 214119
10.350184 213714
10.360053 207537
10.799023 206109
10.810152 205969
10.818394 205965
10.830847 205181
10.841004 204065
10.931039 203472
10.942134 203262
10.992873 202085
11.252520 200657
11.263654 200517
11.271898 200513
11.284332 199729
11.294479 198613
11.395434 197810
11.512990 197531
11.700256 196103
11.711377 195963
11.719602 195959
11.732039 195175
11.742223 194059
11.766254 193041
12.153473 191613
12.164925 191473
12.173459 191469
12.186313 190685
12.196800 189569
12.312167 189055
12.360014 188766
12.500099 188694
12.610404 187266
12.621488 187126
12.629715 187122
12.642150 186338
12.652297 185222
12.763600 184708
12.810023 184419
13.060707 182991
13.071920 182851
13.080219 182847
13.092646 182063
13.102831 180947
13.184072 180354
13.509729 178926
13.520813 178786
13.529049 178782
13.541568 177998
13.551685 176882
13.708594 176451
13.959003 175023
13.970085 174883
13.978332 174879
13.990864 174095
14.000963 172979
14.407493 171551
14.439304 170623
14.596311 170229
14.622206 169897
14.635002 169782
14.635826 169597
14.854846 168169
14.886502 167241
15.039052 166594
15.055717 166382
15.073191 165611
15.303878 164183
15.335685 163255
15.488805 162861
15.756702 161433
15.789176 160505
15.993498 160446
16.001007 160402
16.158500 160338
16.206312 158910
16.238180 157982
16.442350 157923
16.449964 157879
16.654769 156451
16.686735 155523
16.881488 154664
17.103983 153236
17.135760 152308
17.552257 150880
17.571766 150736
17.582325 149999
18.000757 148571
18.074615 148213
18.411253 147809
18.419477 147018
18.450217 145590
18.523683 145232
18.860896 144828
18.900005 143400
18.973732 143042
19.340195 143029
19.351668 141928
19.394772 141814
19.425156 141243
19.800428 140142
19.887683 140140
19.915044 139258
20.249209 138157
20.336887 138155
20.354277 137972
20.371411 137739
20.373606 137656
20.426564 137122
20.434943 137062
20.699114 135961
20.786263 135959
20.820599 135543
21.150334 134442
21.237952 134440
21.599084 133339
21.646357 133225
22.048863 132124
22.361758 132061
22.497053 130960
23.022444 130879
23.022674 130730
23.032802 130531
23.051809 130502
23.051959 130245
23.130762 130233
23.152802 130194
23.187505 129899
23.470497 129818
23.470652 129669
23.480764 129470
23.499798 129441
23.499947 129184
23.579239 129172
23.601298 129133
23.751483 129045
23.780798 128924
23.919303 128843
23.919457 128694
23.929655 128495
23.948688 128466
23.948840 128209
24.028368 128197
24.050517 128158
24.200886 127781
24.368957 127700
24.369118 127551
24.379265 127352
24.398458 127323
24.398610 127066
24.478205 127054
24.500251 127015
24.683925 125976
24.819335 125895
24.819499 125746
24.829696 125547
24.848809 125518
24.848957 125261
24.928367 125249
24.950523 125210
25.269647 125129
25.269799 124980
25.279938 124781
25.299004 124752
25.299152 124495
25.378297 124483
25.635617 124446
25.719772 124365
25.719923 124216
25.730160 124017
25.749336 123988
25.749485 123731
25.828880 123719
26.169209 123638
26.169360 123489
26.179619 123290
26.198657 123261
26.198805 123004
26.618516 122923
26.618671 122251
26.618815 121903
26.638180 121754
27.068616 120541
27.557251 120514
27.636762 120168
27.683328 119904
28.005409 119877
28.084663 119531
28.138522 119291
28.216316 119278
28.453486 119251
28.532624 118905
28.586845 118665
28.716890 117726
28.901655 117699
28.980912 117353
29.035564 117113
29.153040 115896
29.350735 115869
29.429659 115523
29.483780 115283
29.799492 115256
29.878508 114910
29.958295 114817
29.996508 114703
30.248105 114676
30.327416 114330
30.422387 114272
30.514150 114207
30.696939 114180
30.776160 113834
30.870963 113776
31.146683 113749
31.225876 113403
31.390283 113369
31.460859 113367
31.603879 113340
31.683499 112994
31.845710 112960
32.053038 112933
32.131955 112587
32.325588 112573
32.338235 112568
32.500544 112541
32.579507 112195
32.774034 112181
32.949125 112154
33.028385 111808
33.215198 111375
33.397705 111348
33.476526 111002
33.844968 110975
33.931387 110957
33.947112 110940
34.114220 110763
34.125093 110718
34.290661 110691
34.377648 110673
34.393359 110656
34.560554 110132
34.736739 110105
34.823547 110087
34.839270 110070
35.009981 109247
35.184928 109220
35.272385 109202
35.288232 109185
35.635826 109158
35.722562 109010
36.083863 108983
67.748802 108895
67.858974 108695
67.891351 108645
67.952074 108620
68.034089 108500
68.189174 108299
68.304600 108099
68.337097 108049
68.398021 108024
68.480011 107904
68.749954 107704
68.782304 107654
68.843137 107629
69.115121 107520
69.206569 107320
69.239005 107270
69.299917 107245
69.553092 107226
69.652377 107026
69.684855 106976
69.745850 106951
70.107850 106751
70.140408 106701
70.553941 106501
70.596614 106470
70.617398 106154
71.000878 105954
71.362680 105933
71.447554 105733
71.906510 105616
72.118361 105556
72.167726 105541
72.351957 105424
72.567873 105364
72.809337 105247
73.021091 104771
73.021242 104522
73.256160 104405
73.712585 103512
74.590618 103421
75.039101 102657
75.501142 102622
