0.000375 577012
0.000566 570801
0.000727 568541
0.001039 563773
0.001197 556516
0.001353 556499
0.002114 554994
0.002422 550325
0.003940 544047
0.004099 543148
0.004254 538591
0.009663 526718
0.012981 525337
0.013290 522114
0.013446 520380
0.013601 508959
0.014058 502441
0.014214 496746
0.014668 495752
0.014824 494612
0.015141 492495
0.015749 490470
0.015905 487702
0.016061 485609
0.019981 483675
0.021039 473878
0.021195 471608
0.021350 465272
0.040000 464503
0.040311 450479
0.040469 448960
0.045575 447967
0.045736 446570
0.050392 444327
0.051157 437585
0.052508 435585
0.052815 432313
0.053418 431063
0.074136 422138
0.074454 421850
0.074762 419742
0.082750 411387
0.083553 407094
0.084313 404025
0.084471 400051
0.310007 398666
0.310703 396239
0.653547 396125
9.087280 391478
11.585587 387049
13.746297 384694
13.746471 383211
13.750704 379127
14.531789 378184
14.531957 377515
14.532949 373817
14.533941 373288
14.534600 372387
14.534760 370698
14.536225 361246
14.536402 360507
16.600062 360060
16.600440 360017
16.601612 358198
16.601776 357696
19.438573 357208
19.971054 354430
19.971416 352509
19.971581 348853
19.977292 347697
19.979438 342311
20.984337 341649
20.984531 340690
20.986025 339084
20.989792 333834
20.991461 332983
20.991627 331842
20.993085 327244
25.062295 326863
25.062803 320225
25.063164 319750
25.065480 314948
25.066974 311792
29.202225 309128
29.203339 306529
31.042331 305234
31.191869 304057
31.683795 302690
31.683978 298435
31.684868 297274
31.688964 297265
31.691261 294977
31.692338 292740
31.692694 290015
31.699053 288853
33.102887 284660
33.104929 281964
33.177227 281827
33.177399 281378
33.177557 279564
33.177717 279014
33.179392 277441
33.277931 275049
34.152807 268826
34.153481 267026
34.155151 265005
34.159801 263849
36.443033 259909
36.445197 259494
36.445375 259465
36.445906 253224
38.366805 251712
38.373878 251293
38.374055 249536
38.375397 245266
38.376227 245127
38.377057 244726
38.471163 243070
38.567761 242790
38.583735 234079
41.884827 229520
41.890279 222775
41.890457 221746
41.891137 219021
42.115417 218141
43.444363 217994
43.446172 217888
43.446337 217616
43.446997 215449
44.154529 215256
44.835207 214582
44.837350 214563
45.083318 213151
45.087477 212899
45.356443 209736
45.359438 209683
45.360434 207689
45.360597 206931
45.367741 204735
45.379497 203160
45.382148 203012
45.412274 202980
45.413107 201669
46.397952 200396
46.398318 198771
46.400638 195158
46.402253 190452
49.676809 188366
49.685419 186967
49.712399 185524
49.716039 184059
49.718856 182948
49.720366 181019
49.720865 179817
50.019758 178828
50.020263 175621
50.020594 172085
50.021255 169565
52.537719 167932
52.540418 166716
54.190092 165412
54.190766 165117
56.036615 163848
56.087813 163725
56.097591 160836
56.779445 160774
56.787576 160523
56.792557 159982
56.795041 159045
56.907185 156848
57.059633 155747
57.062944 154412
57.064446 153717
57.072055 153021
57.086626 151972
57.093275 151535
57.096107 151313
57.103409 150448
57.103906 149904
57.145433 149008
57.146265 146549
57.188634 144565
57.210605 144542
57.247818 144049
57.254919 142952
57.270769 142336
57.671185 142256
57.677353 141848
57.689804 141279
57.696778 139125
57.724394 138670
57.727036 138361
57.993923 136791
57.996755 135517
58.002553 135376
58.007208 135312
58.010676 134742
58.027261 133155
65.181107 132312
66.071781 129516
66.071959 128589
66.107354 127985
66.134660 127929
66.148629 127257
66.224031 126653
66.228505 126324
66.255973 125612
66.260128 125431
69.096082 124949
69.099750 124932
69.136439 124881
69.156915 124082
73.588939 123659
73.845684 123456
74.288103 123208
74.294929 122987
74.372792 120778
74.376452 120536
74.396979 119318
74.528139 119137
74.556842 118213
74.562958 117672
74.622712 117568
74.642916 117032
74.768488 115130
74.770809 115041
74.777632 115032
74.778623 114478
74.958373 114166
74.973969 114029
75.069996 113696
75.211466 113393
75.420030 112049
75.429959 111874
75.515222 111803
75.721977 111529
76.509979 110874
80.691045 110529
80.707947 109869
82.366868 109859
82.464472 109134
83.482887 108846
83.484077 108526
86.828129 107993
86.976791 107058
87.120701 106165
87.236062 106038
87.249972 105732
89.029150 105712
89.099150 105695
89.305194 105537
90.043829 104912
90.046323 104438
90.461601 104241
91.455105 104170
91.565424 103949
91.579378 103388
91.584358 103369
91.599003 103339
91.604172 102667
91.926712 102653
92.846373 102287
93.119264 102083
93.200493 101597
93.660722 101570
93.834394 101116
99.728891 101108
103.719771 101089
108.815887 101081
