0.000383 608142
0.001215 605606
0.005874 601445
0.007914 600815
0.012262 597824
0.022405 595937
0.022815 591660
0.028704 590229
0.028982 589309
0.031684 589090
0.299513 588560
0.341325 587154
0.463039 583917
0.463865 581381
0.470129 581357
0.470686 580743
0.472748 577429
0.474939 573599
0.485108 571712
0.485525 567435
0.491097 565426
0.510050 565072
0.920236 561835
0.921195 559247
0.922030 559027
0.927878 558661
0.929943 555347
0.933198 549807
0.943685 546505
0.945592 543511
0.948313 543344
1.373044 541167
1.373330 538479
1.375387 537571
1.379896 537547
1.380449 536933
1.382550 533619
1.384197 531667
1.386518 529789
1.416199 528725
1.418245 527384
1.423702 527343
1.425066 526708
1.428740 525643
1.581459 523649
1.582833 523231
1.784726 522919
1.825657 520742
1.825953 518054
1.827980 517146
1.832465 517122
1.835062 513194
1.836696 511242
1.839002 509364
1.868592 508300
1.870636 506959
1.876065 506918
1.877428 506283
1.881107 505218
2.032939 503224
2.034315 502806
2.275135 500629
2.275420 497941
2.278322 497114
2.279792 496395
2.285205 493081
2.286844 491129
2.293986 487541
2.321809 485240
2.327215 484401
2.545237 483627
2.642300 482885
2.723260 480708
2.723537 478020
2.725830 477193
2.727195 476474
2.729344 472951
2.734217 471208
2.740375 469330
2.765697 468266
2.768906 465319
2.781972 465184
2.963222 465022
2.991781 463706
3.169266 461529
3.169545 458841
3.171843 458014
3.175362 453772
3.180218 452029
3.186394 450151
3.211700 449087
3.215317 447705
3.227908 446005
3.461134 445113
3.619181 442936
3.619461 440248
3.621746 439421
3.625243 435179
3.630113 433436
3.636300 431558
3.661631 430494
3.677950 427412
3.937884 427240
4.002752 426973
4.063649 424796
4.063928 422108
4.066222 421281
4.069732 417039
4.074597 415296
4.081058 411708
4.388816 409100
4.516610 406923
4.516893 404235
4.519193 403408
4.522719 399166
4.527588 397423
4.534054 393835
4.962152 389641
4.962305 388403
4.964453 387424
4.984140 387081
4.984565 383219
5.018067 382601
5.019296 382044
5.157525 380193
5.163583 375591
5.410825 371397
5.410981 370159
5.414067 369766
5.432349 368837
5.432762 364975
5.469434 364064
5.472282 362989
5.802195 360972
5.867152 356778
5.867308 355540
5.870413 355147
5.889299 354218
5.889746 350356
5.929151 350159
5.930707 348370
6.290660 348017
6.316317 343823
6.316464 342585
6.319571 342192
6.337884 341263
6.338295 337401
6.377804 335415
6.761093 335372
6.762197 331178
6.762338 329940
6.765426 329547
6.783785 328618
6.784196 324756
6.823794 322770
7.208030 322678
7.208181 319876
7.210348 319020
7.213577 317170
7.230680 313708
7.280360 312781
7.366646 311877
7.668593 311785
7.668746 308983
7.670155 307640
7.671137 306052
7.692318 305962
7.699591 305146
7.742201 301888
8.122582 301726
8.122997 299596
8.123273 298138
8.126509 296288
8.128793 296196
8.150589 295157
8.318011 292970
8.340271 292888
8.377824 292093
8.525483 291669
8.528845 291519
8.569819 291357
8.570233 289227
8.570509 287769
8.573757 285919
8.651925 285687
8.768784 284998
8.771752 284653
8.786826 282519
8.824478 281724
9.016371 281562
9.016786 279432
9.017066 277974
9.018688 276873
9.073990 276481
9.099208 275892
9.219869 275567
9.235995 273728
9.302962 272954
9.466861 272792
9.467277 270662
9.467551 269204
9.474001 268946
9.489096 268536
9.524346 267711
9.548699 267122
9.665181 266797
9.684031 263954
9.912620 263792
9.913437 261202
9.913580 259103
9.916144 258354
9.937744 257701
10.161338 257292
10.246861 257277
10.313315 257027
10.359299 256865
10.360112 254275
10.360254 252176
10.362811 251427
10.384286 250774
10.606780 250365
10.692081 250350
10.803734 250188
10.804550 247598
10.804692 245499
10.828731 244097
11.052924 243688
11.148136 243432
11.249901 243270
11.250717 240680
11.250860 238581
11.255453 237740
11.331771 237600
11.496605 237020
11.695669 236858
11.696488 234268
11.696630 234173
11.697040 233012
11.701219 231328
11.777875 231188
11.977684 230854
12.141808 230692
12.142621 228102
12.142763 228007
12.143173 226846
12.147340 225162
12.223768 225022
12.593113 224860
12.593973 222270
12.594123 222175
12.594545 221014
12.598876 219330
13.058099 218263
13.064389 217841
13.066351 216425
13.087428 216315
13.088818 215953
13.089103 215790
13.091603 215480
13.110220 214545
13.112449 213692
13.333994 213530
13.474883 213077
13.511262 212010
13.517321 211588
13.519219 210172
13.539593 210062
13.540937 209700
13.541213 209537
13.543643 209227
13.561679 208292
13.563826 207439
13.953222 203687
13.985309 203005
14.067653 202834
14.073793 201639
14.412444 197887
14.474889 197743
14.493563 197592
14.567998 197483
14.705391 195990
14.859421 192238
14.899299 192140
14.921841 192094
14.940570 191943
14.987996 190795
15.036292 190747
15.238417 190613
15.305894 186861
15.345594 186763
15.368202 186717
15.386914 186566
15.434294 185418
15.482419 185370
15.751520 181618
15.791496 181520
15.813908 181474
15.832692 181323
15.879867 180175
16.198274 176423
16.260327 176279
16.279033 176128
16.652779 174639
16.660616 174235
16.661853 174155
16.680262 172910
16.681888 172628
16.682972 172278
16.714126 171585
17.099044 170096
17.100527 168437
17.135850 168433
17.144619 168191
17.182741 167734
17.248023 167619
17.545753 166130
17.547242 164471
17.570234 164430
17.570379 164119
17.824288 163679
17.990942 162190
17.992435 160531
18.015474 160490
18.015619 160179
18.332115 159918
18.435619 158429
18.437110 156770
18.460173 156729
18.460319 156418
18.895710 154929
18.896705 153513
18.920407 153188
19.357350 151699
19.358080 150040
19.572608 149997
19.804499 148508
19.805185 146849
20.251368 145360
20.253936 144940
20.264432 144324
20.672426 144103
20.696342 142614
20.698909 142194
20.709398 141578
21.141381 140089
21.143962 139669
21.224581 139397
21.450962 139299
21.588195 137810
21.590758 137390
21.670801 137118
22.032595 135629
22.035166 135209
22.479017 133720
22.571625 133326
22.922896 131837
23.343224 131772
23.368549 130283
23.803656 128866
24.267859 126518
24.738601 126176
24.787746 125151
25.108753 125130
25.199693 124788
25.248878 123549
25.559553 122977
25.657653 122635
25.705133 121396
26.100136 120662
26.121199 120143
26.589943 119910
26.590091 119793
26.619858 119370
26.657929 119289
26.750986 119159
27.035273 118926
27.035420 118809
27.065123 118386
27.103130 118305
27.225552 118300
27.398930 118202
27.481971 117969
27.482124 117852
27.513006 117429
27.552514 117348
27.680121 117343
27.945234 117110
27.945388 116993
27.976152 116570
28.014368 116489
28.392853 116256
28.393000 116139
28.422649 115716
28.837168 115483
28.942114 115371
29.009434 115162
29.296846 114929
29.403611 114817
29.605861 114686
29.680552 114644
29.680833 114623
29.754405 114390
29.858038 114278
30.052045 114147
30.120441 113965
30.199263 113732
30.302879 113620
30.497064 113489
30.567982 113462
30.644893 113229
30.748927 113117
30.943093 112986
31.012231 112849
31.090986 112616
31.194608 112504
31.388589 112373
31.535783 112140
31.638865 112028
31.982265 111795
32.439565 111386
32.995993 111215
33.239375 111196
33.442139 111025
33.854168 110794
33.888208 109562
34.299306 109331
34.737364 109092
34.746238 108487
35.342247 108421
35.342396 108322
35.793792 108313
35.793939 107799
36.297429 107789
36.337133 107658
36.741926 107648
36.781606 107150
37.194229 107140
72.864822 106858
73.320750 106822
73.634416 106820
73.639161 106735
73.781859 106699
74.102358 106650
74.231745 106614
74.559661 106106
74.677190 106070
75.010330 105828
75.132370 105792
75.962971 105757
148.794262 105634
149.217804 105625
149.393993 105442
149.664234 105433
149.862112 105251
150.109313 105242
150.353766 105082
150.555998 105073
150.937931 104752
151.436618 104531
