0.000369 533903
0.001742 530437
0.002157 529915
0.002435 529218
0.002875 528723
0.004501 527687
0.005048 527264
0.005865 526505
0.047796 525843
0.050942 524667
0.106405 523921
0.109145 523163
0.126756 518894
0.150867 518065
0.161593 516332
0.320135 513361
0.450504 513105
0.458384 509189
0.469850 507912
0.471229 504446
0.471649 503924
0.471924 503227
0.472341 502732
0.473973 501696
0.474524 501273
0.475355 500514
0.517087 499852
0.520234 498676
0.574371 497930
0.577107 497172
0.593405 492903
0.617295 492074
0.755662 491109
0.771374 487370
0.922359 486093
0.923730 482627
0.924142 482105
0.924419 481408
0.924827 480913
0.926454 479877
0.928092 479712
0.929048 478741
0.974881 477616
1.026526 476111
1.034665 475436
1.045505 471084
1.080871 470383
1.086126 469822
1.302427 468064
1.305663 466177
1.373878 464900
1.375245 461434
1.375657 460912
1.375933 460215
1.376344 459720
1.377965 458684
1.379615 458519
1.382049 458419
1.383568 458261
1.418324 457577
1.423607 456462
1.477988 454918
1.483291 454309
1.496956 449891
1.529455 447329
1.775222 445881
1.823991 444604
1.825344 441138
1.825753 440616
1.826029 439919
1.826438 439424
1.828073 438388
1.829695 438223
1.851829 438155
1.868193 437281
1.873444 436166
1.927739 434622
1.932987 434013
1.946586 429595
2.195899 428785
2.274224 427508
2.275650 424042
2.276061 423520
2.276337 422823
2.276745 422328
2.278360 421292
2.279982 421127
2.318332 420185
2.374927 419166
2.377765 417526
2.383183 417313
2.396745 412499
2.429774 411798
2.724101 410521
2.725453 407055
2.727221 406670
2.727768 404818
2.731682 403739
2.768316 403198
2.825231 402179
2.828081 400539
2.847749 397388
3.139518 397251
3.174372 395974
3.175740 392508
3.177491 392123
3.178038 390271
3.182349 388622
3.283394 385992
3.303084 382841
3.629629 381564
3.631806 381247
3.631960 380626
3.632236 380515
3.632782 377713
3.633326 375861
3.637672 374212
3.737090 373465
3.740768 371850
3.807105 371796
3.840748 369779
3.914760 369198
4.079784 367921
4.081934 367604
4.082078 366983
4.082355 366872
4.082910 364070
4.083463 362218
4.087794 360569
4.196513 358207
4.262471 358153
4.305229 358134
4.447842 358118
4.517910 356005
4.537466 354728
4.539645 354411
4.539790 353790
4.540065 353679
4.540612 350877
4.541157 349025
4.545504 347376
4.715240 344960
4.721176 343084
4.987756 341807
4.990740 337399
4.991556 337122
4.991968 336627
4.995236 335426
5.090810 334855
5.097684 334668
5.229412 334513
5.235650 333288
5.297406 332004
5.302802 331624
5.437693 330347
5.440692 325939
5.441509 325662
5.441919 325167
5.445576 324644
5.459841 324494
5.536294 323850
5.536575 323300
5.644525 322088
5.711693 318724
5.887761 317447
5.890748 313039
5.895617 311744
5.909979 311594
6.090277 310393
6.164809 309429
6.183597 303746
6.337703 302469
6.340700 298061
6.343825 296088
6.440131 295972
6.440416 295422
6.542268 295415
6.752718 295271
6.787479 294742
6.790593 293465
6.793577 289057
6.796688 287084
6.892313 286968
6.892594 286418
6.993728 286411
7.240163 285134
7.243432 277782
7.697157 277475
7.697306 277161
7.697583 276687
7.702347 276159
7.706250 274698
7.737960 271886
7.850624 271366
7.852580 271018
7.864049 270724
7.876463 270652
7.951335 270550
7.951617 269649
8.145771 269102
8.146892 269097
8.147035 268737
8.150706 268589
8.151393 268026
8.159205 265717
8.221803 265196
8.300703 263233
8.309531 262922
8.310482 261875
8.484308 261174
8.598871 260867
8.599019 260553
8.599296 260079
8.601613 259551
8.607838 258090
8.639569 255278
8.750241 254758
8.754573 254410
8.759969 253400
9.047872 253093
9.048024 252779
9.048300 252305
9.050604 251777
9.056799 250316
9.088410 247504
9.203984 246636
9.258069 246270
9.454711 246131
9.483335 245846
9.497198 245539
9.497346 245225
9.497624 244751
9.499981 244223
9.506194 242762
9.538011 239950
9.653102 239082
9.707339 238716
9.904264 238577
9.946551 238270
9.946725 237956
9.947006 237482
9.949325 236954
9.955602 235493
9.987511 232681
10.103689 231813
10.158290 231447
10.399146 231140
10.399294 230826
10.399573 230352
10.401889 229824
10.408102 228363
10.440077 225551
10.551665 225031
10.555469 224683
10.847525 224376
10.847673 224062
10.847952 223588
10.850269 223060
10.860465 222412
10.913344 221579
10.914558 220230
11.122696 220130
11.190532 219052
11.259808 218394
11.271737 218213
11.299174 217843
11.300992 217661
11.301417 216590
11.343691 216018
11.364262 215109
11.365476 213760
11.544897 213505
11.640264 212582
11.747777 212212
11.749542 212030
11.749956 210959
11.792377 210387
11.813023 209478
11.814234 208129
11.993469 207874
12.150872 206988
12.196551 206618
12.198317 206436
12.198745 205365
12.241200 204793
12.261910 203884
12.263153 202535
12.441392 202280
12.610764 200699
12.646448 200152
12.647827 200147
12.648244 199076
12.657438 198428
12.711409 197595
12.712626 196246
12.917792 196146
13.062712 195656
13.079855 195505
13.080136 193889
13.096014 192794
13.097517 192266
13.140024 191694
13.160738 190785
13.161956 189436
13.367770 189336
13.545700 188241
13.547235 187713
13.589791 187141
13.610580 186232
13.611809 184883
13.845106 184293
13.997488 184096
13.997636 182670
14.040210 182098
14.061042 181189
14.062257 179840
14.448202 179643
14.448351 178217
14.551485 176812
14.552036 176650
14.588446 176050
14.747935 176018
14.898014 175821
14.898161 174395
15.001611 172990
15.002167 172828
15.038548 172228
15.350418 172031
15.350564 170605
15.453621 169038
15.597681 168821
15.799448 168624
15.799596 167198
15.902615 165631
16.088696 165494
16.134879 164964
16.249051 164767
16.249198 163341
16.353538 161774
16.602834 161532
16.701048 161335
16.701197 159909
16.804815 158342
17.152773 158145
17.152921 156719
17.264013 155570
17.390358 155332
17.392517 155169
17.407763 155162
17.601507 154965
17.601655 153539
17.713437 152390
17.832914 152279
18.050623 152082
18.050790 150656
18.162756 149507
18.351139 149269
18.500623 149072
18.500770 147646
18.613016 146497
18.807543 146488
18.951730 146291
18.951878 144865
19.063901 143716
19.402354 143519
19.402502 142093
19.524406 141870
19.542552 141265
19.854314 141068
19.854461 139642
19.975451 139205
20.261583 138990
20.302861 138793
20.303007 137367
20.424350 136930
20.737435 136803
20.753176 136606
20.753322 135180
20.874563 134743
21.203117 134546
21.203264 133120
21.434196 133103
21.447558 132863
21.546024 132718
21.650898 132521
21.651045 131095
21.883729 131078
21.897213 130838
22.005792 130802
22.101015 130605
22.101162 129179
22.333910 129162
22.347271 128922
22.551369 128725
22.551516 127299
22.782604 127282
22.816629 127196
22.999514 126999
22.999661 125573
23.232418 125556
23.450413 125359
23.450561 123933
23.674173 123930
23.897326 123733
23.897473 122307
24.358820 121952
24.358970 121235
24.390998 121091
24.720339 120929
24.768740 120756
24.808584 120401
24.808733 119684
24.840998 119540
25.171476 119378
25.259766 119023
25.259914 118306
25.291663 118162
25.708652 117807
25.708800 117090
25.976608 117050
26.156627 116695
26.156776 115978
26.585337 115513
26.648803 115275
26.795899 115041
26.967991 115016
27.035177 114551
27.098760 114313
27.245154 114079
27.484684 113614
27.548636 113376
27.844717 113146
27.935377 112681
27.999370 112443
28.381949 112422
28.401504 111957
28.469996 111719
28.879389 111254
29.089899 111178
29.312544 111165
29.320003 111071
29.328731 110606
29.539610 110530
29.762957 110517
29.779111 110052
29.989178 109976
30.228556 109511
30.603698 109490
30.625081 109476
30.679516 109011
31.055174 108990
31.076338 108767
31.076484 108711
31.131106 108246
31.504981 108225
31.581378 107760
32.133752 107752
32.206386 107731
32.206532 107724
32.206691 107569
32.477629 107457
32.582574 107449
32.655554 107428
32.655703 107421
32.655845 107266
33.031143 107258
33.120730 107204
33.182997 107085
33.254395 107080
33.479010 107072
33.568705 107018
33.631081 106899
33.928602 106891
34.019162 106837
34.153999 106766
34.380863 106758
34.470790 106704
34.829243 106696
34.935352 106529
35.277504 106521
140.016941 106013
140.380939 105966
140.390723 105949
140.528292 105792
140.702333 105413
140.829422 105366
140.839204 105349
140.976602 105192
141.154077 104710
141.278433 104663
141.288199 104646
141.425024 104489
141.727450 104442
141.737210 104425
142.078418 104297
142.175838 104250
142.185603 104233
142.625305 104069
143.101808 103820
143.570736 103677
144.303690 103669
