0.000401 574664
0.000587 570828
0.001647 566603
0.001805 565529
0.002855 548031
0.003012 546818
0.003316 545339
0.003619 545307
0.003922 538917
0.004389 530629
0.004839 525061
0.005143 516102
0.005297 512067
0.009180 511600
0.009487 507034
0.009789 506761
0.010243 495190
0.010397 494411
0.011588 490298
0.011891 483763
0.012044 482791
0.012197 481384
0.012371 478731
0.012525 474215
0.012826 465909
0.013277 461975
0.013581 460735
0.014183 457209
0.014336 453394
0.014489 452715
0.014642 450784
0.014944 450313
0.015543 449608
0.017198 447832
0.018254 445408
0.028413 444870
0.029013 438996
0.065692 435776
0.107951 428010
0.108116 427356
0.108897 420926
0.109942 413757
0.110097 407076
0.110253 406543
0.119506 403955
0.119815 395547
0.119971 385168
0.120440 380581
0.121784 379906
10.389908 374557
10.390339 373966
10.391296 371540
10.391927 354902
18.145746 354537
18.147347 353756
18.148461 350468
18.148619 349144
18.150821 349039
18.152395 348805
18.397221 347483
18.397879 342900
21.616686 341885
21.616886 340204
21.617834 339618
21.619730 339354
21.620377 338857
21.933985 337120
21.934948 336494
21.935111 333525
21.935429 329328
21.935748 322107
24.920352 313695
24.920714 312720
24.921036 306902
24.923392 306324
24.929830 305839
24.929992 299355
29.607695 297026
29.638713 295441
29.639198 294863
29.640016 293940
29.640198 291256
30.749713 290751
31.735824 290102
31.735993 288204
31.737585 285896
31.995551 280780
31.996034 278232
32.001512 277915
32.001672 277887
32.001827 277797
32.268125 277140
32.276302 277070
32.276464 276696
32.313133 275938
32.313769 273904
32.314244 273403
32.783604 269097
32.786145 268405
33.957446 264018
34.841985 263329
34.842487 259641
36.031130 257737
36.032134 257571
36.035284 257091
36.037111 256117
36.037614 254146
36.854677 252562
36.854846 251894
36.856763 248547
37.696745 248419
37.697547 248128
37.701319 247784
37.701797 247758
37.702429 246030
37.732614 243512
37.733563 239236
37.733722 238872
37.735448 238683
37.737666 237830
37.747679 237094
37.749744 235944
37.761636 234690
37.761957 233166
37.762277 232289
37.765429 230646
37.765906 226885
37.768589 226424
37.769695 222146
37.774563 220585
37.779440 218591
38.697316 218013
40.988767 215634
40.989925 214920
41.092596 214434
41.094493 214248
43.057244 209169
43.065268 208246
43.067477 201888
43.068445 199223
43.075193 198301
45.622968 197244
45.623778 196067
45.633537 191663
45.634647 191109
45.637808 187181
45.647891 182633
45.652938 182261
45.656577 181657
45.658467 178589
45.666634 173924
45.710547 173681
50.060796 172807
50.063318 172423
50.068841 171812
50.069477 170797
50.270977 170355
50.278382 170020
50.281226 167381
50.395346 165957
50.396782 163436
50.396943 161995
50.406072 161690
52.273782 160638
52.275215 160010
52.285448 159052
52.293604 158657
52.296917 157890
52.307615 157535
52.320824 157264
52.329618 157132
52.519155 156025
52.540508 153645
55.683624 153412
55.694653 152984
55.694816 152825
55.727625 152451
55.761907 151706
55.763486 150228
55.767901 149790
56.382747 149433
56.386082 149240
56.391756 148238
56.416878 148009
56.417386 147908
60.643832 147131
60.699682 146841
60.720888 146057
60.888566 144009
60.893028 143481
60.895999 143044
60.896356 141714
60.916504 141341
60.919654 140665
60.940647 140571
60.958656 140313
60.959327 140296
60.966269 139878
60.972221 138047
60.996015 136825
60.997033 136179
61.107208 136116
61.118465 136011
61.167723 134977
61.172880 134814
61.180996 133689
61.224742 133293
61.226949 133145
61.241878 131671
64.196479 130975
64.198540 130786
64.203722 130380
64.205473 128886
64.209253 125422
64.220426 125188
64.224523 124120
64.729443 123370
64.783904 123324
64.789376 123195
65.003229 122229
65.015109 121782
65.016785 121613
65.024891 120000
65.046220 119725
65.077391 119217
65.116130 117124
65.301537 117018
65.322272 117000
67.247220 116958
67.347684 116822
67.353983 115834
67.406534 115485
67.655621 115361
67.733438 114748
68.019668 114698
68.262740 114656
68.269721 114564
68.299265 113759
68.302599 113467
68.527152 113126
68.594217 112426
68.614364 110897
69.362080 110870
69.441120 110598
74.289560 110589
74.327587 110456
74.364602 109536
74.377338 109523
74.400465 109430
74.454839 109324
74.467073 109322
74.559050 109209
74.559221 109058
77.767908 108825
77.829576 108633
77.852183 108248
77.878798 108136
78.727793 107744
78.833762 107648
79.031809 107394
81.803003 106974
81.835218 106784
81.891992 106749
82.281853 106372
82.431113 106337
82.723912 105064
82.744099 104523
83.326325 103955
83.398024 103732
83.428161 103366
86.653917 103285
86.720480 102344
87.569665 102328
87.579602 102313
88.178235 102175
88.186495 101988
92.307385 101875
92.327876 101580
92.357935 101535
92.371949 101386
92.554286 101331
100.745870 101209
101.584378 101171
118.796805 101129
119.287523 101094
130.546781 101086
188.656272 101061
188.697851 101034
188.712004 100785
188.756898 100642
