0.001110 558261
0.002135 557167
0.005055 556713
0.006664 553104
0.027923 549691
0.028421 545567
0.032167 545172
0.045456 542985
0.136293 542011
0.137433 541440
0.171604 537441
0.556628 535450
0.557689 534356
0.560616 533902
0.562097 530293
0.583342 526880
0.585954 522754
0.587576 522361
0.600872 520174
0.692691 519489
0.806677 517481
0.858818 516699
0.944152 516694
1.098316 514703
1.099297 513609
1.102226 513155
1.106780 512241
1.110363 511730
1.111344 510872
1.119782 510450
1.121571 510292
1.124981 506133
1.127585 502007
1.129366 501440
1.235048 498742
1.240398 498267
1.335143 497398
1.636752 495407
1.637741 494313
1.645184 492945
1.648766 492434
1.649761 491576
1.658184 491154
1.659975 490996
1.663390 486837
1.666477 485958
1.671662 483801
1.675258 483515
1.679964 481535
1.779274 478586
2.078973 477652
2.179051 475661
2.180028 474567
2.186529 473544
2.189289 473208
2.191087 472688
2.192064 471830
2.202283 471250
2.205685 467091
2.208773 466212
2.212185 465703
2.216098 464542
2.217589 463769
2.222303 461789
2.320900 461137
2.333162 459899
2.705872 459694
2.717748 457703
2.718731 456609
2.725216 455586
2.728479 452546
2.744354 449133
2.748009 448254
2.751429 447745
2.756781 445811
2.761497 443831
2.767841 442427
2.873087 441941
3.269335 439950
3.271342 437488
3.280171 434793
3.296096 431380
3.297898 428344
3.299843 426687
3.318984 424674
3.812211 424367
3.812717 420480
3.813209 418746
3.837862 417959
3.838677 416479
3.839490 413471
3.843219 413234
3.846637 412725
3.882707 411470
3.884010 411092
3.923963 408835
4.358989 408528
4.359853 404953
4.367833 404727
4.372879 403460
4.384711 402120
4.386336 397632
4.390060 397395
4.393460 396886
4.431423 395631
4.432735 395253
4.558929 394040
4.842260 393941
4.843261 393571
4.899200 393264
4.900017 389689
4.908267 389118
4.912975 388196
4.921231 387327
4.924810 386856
4.926431 382368
4.930158 382131
4.969687 380367
4.971361 379777
5.123779 378796
5.442594 378489
5.443415 374914
5.451686 374343
5.456388 373421
5.464657 372552
5.468249 372081
5.469890 367593
5.473612 367356
5.513088 365592
5.514724 365002
5.772032 364417
5.979257 364110
5.980076 360535
5.985939 360309
5.993080 359042
5.997298 358595
6.004912 357702
6.006546 353214
6.011564 352468
6.014721 349163
6.526560 344710
6.533272 342015
6.648585 337327
6.769978 337053
6.771607 335581
7.064765 335274
7.065593 331699
7.078565 330206
7.082783 329759
7.145226 329378
7.186617 323745
7.406411 323434
7.601722 323127
7.602545 319552
7.615501 318059
7.670461 318036
7.681337 317691
7.682177 316422
7.723607 311598
8.138066 311291
8.138886 307716
8.151837 306223
8.206791 306200
8.217640 305855
8.218473 304586
8.387540 303945
8.468151 301703
8.550506 300785
8.591193 300407
8.674565 300100
8.675385 296525
8.688342 295032
8.824468 294381
8.832079 294112
8.924557 292754
9.083781 292266
9.084599 291753
9.085091 291325
9.211560 291018
9.212380 287443
9.225332 285950
9.291929 285122
9.368548 285030
9.460961 283672
9.687676 282468
9.748016 282161
9.748835 278586
9.761808 277093
9.817293 277070
9.828968 275456
9.997739 274815
10.284998 273630
10.285664 272610
10.286326 272478
10.300147 269818
10.355725 269417
10.367385 267803
10.505342 266309
10.824771 264104
10.825435 263972
10.837750 261312
10.893253 260911
10.904905 259297
11.153183 259020
11.157726 258658
11.361447 256453
11.368602 254800
11.374438 253661
11.439424 253490
11.442187 253335
11.510455 252632
11.661389 252181
11.842125 251658
11.898384 249453
11.905520 247800
11.911366 246661
11.976653 246490
11.979491 246335
12.049347 245632
12.204399 245181
12.316757 244959
12.445763 242754
12.452893 241101
12.458737 239962
12.525498 237947
12.984156 236096
12.990163 234089
13.003343 233905
13.013828 233806
13.119865 232912
13.143646 232572
13.358934 230925
13.545546 230031
13.557539 229466
13.557723 228936
13.560390 228694
13.566556 228465
13.569382 227356
13.679245 225890
13.703364 225374
13.707591 224899
14.092072 221041
14.105577 220857
14.116064 220758
14.226746 220633
14.397900 220143
14.488232 220139
14.588811 219944
14.621654 219910
14.621838 219727
14.643587 215869
14.657083 215685
14.667578 215586
14.778759 215461
14.950244 215274
14.976165 214887
15.140878 214772
15.195618 210914
15.209100 210730
15.219630 210631
15.330383 210506
15.499544 210319
15.524756 209932
15.742984 209038
15.747853 208588
15.748509 207723
15.760180 207472
15.761644 205791
15.869433 205666
15.873984 204897
16.285306 204003
16.293252 202666
16.295378 201943
16.306244 201384
16.492906 200781
16.585846 200544
16.767497 200137
16.822542 199243
16.830481 197906
16.832590 197183
16.843455 196624
17.365552 195730
17.375906 193670
17.401253 192133
17.909732 191239
17.919779 189179
17.969963 189021
17.970138 188116
18.450543 187222
18.454340 186772
18.462277 186657
18.462450 186127
18.523964 185978
18.524300 185481
18.525784 184232
18.987970 183338
18.992852 183011
18.993026 181555
19.059197 181156
19.059533 180620
19.524926 179726
19.533033 179161
19.533207 178631
19.591825 178608
19.716057 178455
19.726260 177584
19.892625 177465
19.932227 177380
20.061821 176486
20.069928 175921
20.070101 175391
20.128704 175368
20.252860 175215
20.263067 174344
20.431162 174095
20.605018 173201
20.613349 172636
20.613527 172106
20.673780 172083
20.802020 171930
20.812521 171059
21.157446 170165
21.165778 169600
21.165958 169070
21.226217 169047
21.353596 168544
21.631983 168191
21.709317 167297
21.717649 166732
21.717834 166202
21.778021 166179
21.905305 165676
22.123513 165581
22.164193 164286
22.261018 163392
22.269351 162827
22.269530 162297
22.329719 162274
22.456885 161771
22.812335 160877
22.820451 160312
22.820625 159782
22.879242 159759
23.124993 159751
23.141492 159264
23.349107 158370
23.357205 158043
23.357378 157624
23.415963 157252
23.859458 156989
23.863778 156803
23.892351 155909
23.900703 155582
23.900883 155163
23.961113 154791
24.419841 154404
24.420355 152722
24.444129 151828
24.452473 151501
24.452652 151082
24.512811 150710
24.962712 150447
24.971442 150271
24.994091 149377
25.002201 149050
25.002373 148631
25.060936 148259
25.530689 147365
25.538791 147038
25.538965 146619
25.656100 146136
25.660801 145793
26.067719 144899
26.073727 144334
26.209770 143445
26.604527 142551
26.613613 142224
26.613793 141805
26.865332 141731
26.942036 141634
27.125203 141494
27.141880 140600
27.150964 140273
27.151137 139854
27.402363 139780
27.478960 139683
27.678891 138789
27.687959 138462
27.688133 138043
27.939073 137969
28.216968 137075
28.226059 136748
28.226233 136329
28.724406 136288
28.753978 135394
28.763049 135067
28.763223 134648
29.291425 133754
29.317030 133715
29.362357 133577
29.382613 133521
29.406156 133464
29.406500 133395
29.725265 133099
29.831417 132205
29.857023 132166
29.902371 132028
29.922596 131972
29.945777 131915
29.946112 131846
30.310592 131586
30.368752 130692
30.394365 130653
30.439670 130515
30.459910 130459
30.483071 130402
30.483405 130333
30.906399 129439
30.931992 129400
30.977306 129262
31.238250 129190
31.425568 129123
31.446121 128229
31.471702 128190
31.517023 128052
31.775439 127980
31.983277 127086
32.008847 127047
32.054119 126909
32.513372 126858
32.523604 125964
32.549182 125925
32.594492 125787
33.049523 125484
33.061026 124590
33.086625 124551
33.131960 124413
33.601919 123519
33.627521 123480
33.842859 123419
34.068481 123343
34.139112 122449
34.164701 122410
34.382303 122349
34.612025 122290
34.678446 121396
34.704040 121357
34.920043 121296
35.215966 120402
35.241556 120363
35.761509 119469
36.044771 119436
36.298256 118542
36.877228 118156
36.938077 118073
37.005411 117881
37.318305 117822
37.414328 117436
37.475162 117353
37.542433 117161
37.951165 116775
38.012062 116692
38.150911 116570
38.427897 116524
38.488273 116138
38.549097 116055
38.688563 115933
39.036334 115547
39.098912 115464
39.348169 115362
39.412486 115349
39.588300 114963
39.650832 114880
39.900261 114778
39.970874 114757
40.136605 114371
40.197473 114288
40.439968 114186
40.673570 113800
40.734416 113717
40.980957 113514
41.221343 113128
41.283879 113045
41.715145 112973
41.770069 112587
41.830920 112504
42.314915 112118
42.494881 112082
42.852786 111696
43.439074 111516
43.715315 111350
43.715491 111345
43.976228 111165
44.252592 110989
44.513443 110809
44.870186 110659
44.916387 110655
44.985902 110538
45.051092 110475
45.409995 110325
45.528843 110208
45.595843 110145
45.956401 109933
46.080546 109816
46.147561 109753
46.630602 109636
46.707491 109466
46.719003 109256
47.168257 109139
47.679210 108487
48.342510 108374
48.998285 108294
86.674996 108142
86.890889 108058
87.214341 107636
87.416596 107572
87.750765 107150
88.654387 107114
88.770466 106908
89.193018 106872
89.792032 106837
227.159535 106553
315.105331 106320
315.125910 106200
315.126097 106142
315.213388 106124
315.615494 106123
315.663924 106003
315.664100 105945
315.751379 105927
315.838401 105557
315.859347 105063
316.201637 104943
316.201839 104885
316.289097 104867
316.457320 104529
316.457496 104484
316.739026 104364
316.739201 104306
316.826533 104288
316.996184 104153
317.276720 104033
317.276897 103975
317.364190 103957
317.814854 103837
317.815031 103779
318.351946 103646
318.462721 103645
318.870818 103614
318.893515 103481
319.007524 103480
319.447017 103347
320.013206 103285
320.319130 103255
320.560225 103193
321.084524 103018
