8.548717 600924
8.555669 599218
8.561189 599023
8.571172 596476
8.582523 593517
8.585145 592195
8.603534 592066
8.606240 589324
8.795378 588816
8.861549 586575
8.867067 586557
9.050035 585890
9.116437 583649
9.121919 583631
9.469816 572761
9.846807 564468
10.680798 564441
11.321817 561862
11.324468 559120
11.337079 556264
19.893899 556223
26.320679 555894
26.330474 555838
29.432167 555806
29.437673 554686
29.458052 552925
30.556406 552620
30.785749 551543
31.371355 545308
31.396130 543581
31.401607 538872
69.568948 534433
127.684658 533722
127.687210 533364
127.692557 533240
127.697897 532899
127.713155 532598
127.719920 532137
127.726807 530799
127.729390 530675
127.736145 530555
150.320247 526174
275.422066 525579
275.424569 525221
275.429783 525097
275.435031 524756
275.449903 524455
275.456503 523994
275.463235 522656
275.465750 522532
275.472353 522412
340.836235 522391
340.841472 522050
340.848309 521641
340.861863 521383
340.868554 520922
340.893312 518776
340.898683 516618
368.591227 514031
591.040558 513731
