0.000913 568805
0.005264 567834
0.011854 560425
0.012264 558957
0.016158 558219
0.067863 555553
0.077965 553950
0.349126 553371
0.385065 553063
0.466780 544856
0.471078 543885
0.477683 536476
0.478095 535008
0.481992 534270
0.533531 531604
0.543606 530001
0.912176 521794
0.916200 519607
0.923185 514022
0.931773 513124
0.932723 512466
0.978489 508011
1.358055 504986
1.358210 501048
1.360623 498833
1.368953 494643
1.370182 493024
1.373954 492813
1.374770 492414
1.376522 491134
1.377485 490476
1.521127 489467
1.651576 489423
1.655071 489012
1.802511 485987
1.802654 482049
1.807079 481243
1.813452 475644
1.814663 474025
1.816407 472824
1.821929 471477
1.964043 470939
2.112546 470337
2.124340 469760
2.247091 466735
2.247237 462797
2.254087 461223
2.257979 456392
2.259190 454773
2.264144 454562
2.264956 454163
2.404530 452429
2.406516 452182
2.554666 451884
2.692230 448859
2.692373 444921
2.699226 443347
2.703120 438516
2.704329 436897
2.709302 436686
2.710114 436287
2.849142 434553
3.137034 431528
3.137339 430881
3.138015 429780
3.138557 429133
3.142327 429114
3.144078 426016
3.148111 422598
3.148921 420835
3.154166 419355
3.154978 418956
3.170151 418579
3.399614 417730
3.561255 417617
3.587355 414592
3.587635 413945
3.588311 412844
3.588853 412197
3.592618 412178
3.594249 409848
3.598416 405662
3.599227 403899
3.620439 401643
3.981233 401526
4.032124 398501
4.032407 397854
4.033083 396753
4.033637 396106
4.042648 395415
4.043193 389571
4.044003 387808
4.065251 385552
4.485603 378948
4.486730 378464
4.496582 375467
4.499684 374978
4.503857 373244
4.504938 372887
4.611142 372284
4.889705 371675
4.930951 365071
4.932028 364587
4.939291 363138
4.941862 361590
4.944936 361101
4.973952 359465
4.981477 358875
5.040580 358140
5.375572 351536
5.386466 348055
5.389835 347198
5.390512 345891
5.392523 343016
5.823136 339278
5.827223 338243
5.831138 337800
5.853543 335030
5.855416 334350
5.857585 330514
6.267403 328310
6.267553 325400
6.276003 325298
6.300675 324862
6.353216 324841
6.356308 324495
6.373220 324334
6.377263 322224
6.433164 319948
6.463734 317246
6.712521 315042
6.712672 312132
6.716036 310642
6.822199 308956
6.898924 307475
7.028610 306234
7.157683 304030
7.157830 301120
7.166300 301018
7.194621 300582
7.241545 300100
7.267013 300054
7.281527 298027
7.326965 295668
7.603122 293464
7.603269 290554
7.611745 290452
7.689545 289649
7.712474 289488
7.724958 289399
7.760742 288327
7.785276 285580
8.048786 283376
8.048972 280466
8.137269 279446
8.177229 277373
8.241281 276127
8.242900 276053
8.389756 275809
8.494212 273605
8.494359 270695
8.582611 269675
8.622509 267602
8.686385 266356
8.938881 264152
8.939027 261242
8.941458 261140
9.027225 260222
9.042105 260176
9.067182 258149
9.383805 255945
9.389729 255254
9.393242 255166
9.418697 255142
9.421926 253649
9.466726 253084
9.468338 252130
9.513344 251750
9.514154 250842
9.659357 250833
9.749980 250092
9.828500 247888
9.834418 245319
9.834697 244876
9.912905 244073
9.935298 243912
9.954605 242348
9.963991 241547
10.272592 239343
10.273152 238652
10.282007 238564
10.305356 237047
10.359176 235413
10.463232 233723
10.717533 231519
10.718079 230828
10.726948 230740
10.750318 229223
10.804185 227589
10.962698 226557
11.162011 224353
11.162560 223662
11.171427 223574
11.194790 222057
11.248657 220423
11.555345 219851
11.606646 217647
11.607193 216956
11.616081 216868
11.639460 215351
11.693335 213717
11.984495 212694
12.051303 210490
12.051850 209799
12.060723 209711
12.084101 208194
12.138035 206560
12.499281 201787
12.499564 201344
12.674332 200730
12.833806 200339
12.944801 195566
12.945086 195123
13.039977 194954
13.118504 194309
13.387611 191414
13.393409 191001
13.419826 189809
13.484331 188924
13.834421 184151
13.834703 183708
14.273702 183450
14.282295 183271
14.284317 182838
14.295342 182800
14.300961 178811
14.726468 178374
14.728493 177941
14.747936 177058
14.778941 176953
14.787936 175869
14.797335 175661
14.885539 174471
14.889315 173984
14.890396 173721
15.079582 173154
15.171237 172717
15.173269 172284
15.192710 171401
15.223660 171296
15.232656 170212
15.330156 168814
15.332703 168392
15.335003 168064
15.615401 167627
15.617441 167194
15.636883 166311
15.667860 166206
15.681662 165976
15.683409 164914
15.804412 164857
15.819849 163742
16.059873 163305
16.061912 162872
16.081367 161989
16.112356 161884
16.126226 161654
16.129470 161235
16.129881 161010
16.248879 160535
16.504293 160098
16.506331 159665
16.525814 158782
16.556788 158677
16.572639 157385
16.948681 156948
16.950720 156515
16.970153 155632
17.001106 155527
17.028185 153961
17.393312 153524
17.395341 153091
17.414781 152208
17.445705 152103
17.460977 151961
17.521869 151835
17.522015 150810
17.838110 150373
17.840135 149940
17.859606 149057
17.890634 148952
18.016624 148081
18.024816 147975
18.283262 147538
18.285302 147105
18.304748 146222
18.335740 146117
18.349825 145975
18.620131 145174
18.727554 144737
18.729591 144304
18.749062 143421
18.780065 143316
18.794167 143174
19.090220 143090
19.131072 142558
19.173048 142121
19.175088 141688
19.194572 140805
19.225558 140700
19.239651 140558
19.534784 140474
19.617586 140037
19.619611 139604
19.639050 138721
19.670014 138616
19.684103 138474
20.062331 138037
20.064355 137604
20.083801 136721
20.114760 136616
20.508627 135746
20.713942 135089
20.930191 135086
20.952935 134216
21.158239 133559
21.397527 132689
21.771467 132669
21.781659 132666
21.785291 132503
21.842745 131633
22.122711 131390
22.287725 130520
22.744895 130311
22.765780 129754
22.954337 129752
23.036148 129715
23.137461 129675
23.167661 129502
23.189671 129293
23.210458 128736
23.399031 128734
23.480836 128697
23.582406 128657
23.634584 128448
23.655397 127891
23.810551 127844
24.079906 127635
24.100712 127078
24.227725 126954
24.247607 125974
24.524918 125765
24.545751 125208
24.727063 125206
24.810666 125169
24.970377 124960
24.991192 124403
25.100134 123912
25.224336 123849
25.236407 123738
25.415715 123529
25.436567 122972
25.562896 122848
25.634864 122630
25.670040 122418
25.861656 122209
25.882487 121652
26.063657 121650
26.306873 121441
26.327692 120884
26.803093 120247
26.851393 120120
27.247912 119483
27.343503 119416
27.544960 119378
27.692967 118741
27.788504 118674
28.002587 118461
28.137943 117824
28.233578 117757
28.509114 117753
28.583850 117116
28.679404 117049
29.029065 116412
29.124773 115323
29.474775 114686
29.614018 114651
29.934932 114014
30.263724 113990
30.383928 113353
30.755412 113347
30.829209 112710
31.357555 112675
31.399496 112518
31.435080 112393
31.496456 112294
31.613013 112169
31.802795 112134
31.844680 111977
31.880321 111852
31.941831 111753
32.244309 111746
32.248752 111718
32.290627 111561
32.326171 111436
32.367066 109850
32.689460 109843
32.693922 109815
32.735808 109658
32.771327 109533
32.878574 109468
33.135256 109461
33.139704 109433
33.181524 109276
33.217202 109248
33.419829 109088
33.580086 109081
33.626442 108896
33.662123 108868
33.866342 108565
33.866488 108196
34.025483 108189
34.071789 108004
34.107427 107976
34.516403 107784
34.917041 107777
34.944280 107644
34.952609 107584
35.441915 107443
35.805645 107436
35.887541 107124
36.463961 106990
71.813788 106968
71.813995 106935
71.878642 106847
71.896096 106828
71.983576 106685
72.258801 106638
72.258951 106605
72.323603 106517
72.341043 106498
72.428179 105425
72.703838 105378
72.703985 105345
72.768625 105257
72.786128 105238
73.148996 105191
73.149162 105158
73.213808 104872
73.594197 104825
73.594345 104792
73.724957 104697
74.039013 104650
74.039161 104617
74.347924 104606
74.484245 104559
74.484393 104526
74.796275 103629
74.929072 103582
74.929233 103549
75.383464 103529
188.250806 103430
188.675200 103396
188.679628 103214
188.695791 103110
189.119983 103065
189.140566 102961
189.572354 102942
189.584670 102838
190.040003 102663
190.918890 102550
