0.000652 572807
0.001962 572551
0.002381 568427
0.010291 568171
0.012737 564902
0.014250 563395
0.025258 556188
0.039501 555893
0.066269 555610
0.071966 555349
0.154990 553883
0.164026 551239
0.172437 547775
0.467687 545918
0.468975 545662
0.469545 545185
0.471985 541274
0.473763 539494
0.479749 538013
0.489729 537033
0.492571 535908
0.493681 529833
0.507926 526486
0.917498 526478
0.919262 522384
0.921027 520691
0.926877 519993
0.930143 519544
0.931235 518382
0.934230 518155
0.937500 517675
0.939538 514634
0.942661 512257
1.004136 509981
1.023149 505755
1.198680 505582
1.293529 505172
1.367611 505164
1.369385 501070
1.371146 499377
1.376972 498679
1.380241 498230
1.381338 497068
1.384585 493903
1.389613 493320
1.392725 490943
1.454376 488667
1.473350 484441
1.817865 484433
1.818817 481164
1.820037 476160
1.834798 473172
1.839880 472589
1.842061 470992
1.843015 470212
1.904529 467936
2.008546 467141
2.052927 466645
2.084434 465126
2.267829 465118
2.268779 461849
2.270035 456845
2.286912 455364
2.290495 453274
2.292640 451677
2.296664 447184
2.464086 446574
2.713136 446566
2.714099 443297
2.717597 441398
2.719743 440073
2.725794 439529
2.728478 435305
2.734963 434722
2.737385 432399
2.741162 428632
2.955474 428382
3.158736 428374
3.159680 425105
3.161842 420101
3.176977 418620
3.180480 416530
3.183561 414933
3.204537 414167
3.353666 411082
3.610339 411074
3.611288 407805
3.614775 405906
3.616920 403845
3.625660 399813
3.632108 399230
3.655394 396883
3.801609 396857
3.818063 393937
4.054995 393929
4.055943 390660
4.059432 388761
4.061607 386700
4.070324 382668
4.076856 382085
4.106064 380009
4.509452 374455
4.509777 373171
4.514882 372772
4.520145 372107
4.523913 371905
4.528098 371198
4.534678 370560
4.539523 370397
4.566223 368980
4.569185 366350
4.654484 366255
4.847795 366044
4.955312 360490
4.955592 359206
4.961633 357763
4.969962 357399
4.983941 354192
5.012407 352298
5.400507 348268
5.404281 347122
5.407245 344017
5.415191 341029
5.429594 340446
5.490936 339236
5.730989 338544
5.846592 334514
5.850358 333368
5.853328 330263
5.875588 326692
5.936970 325482
6.291843 321431
6.292927 318245
6.310108 316837
6.322746 315870
6.405362 314544
6.412213 314397
6.681318 314264
6.737792 310213
6.738876 307027
6.754174 305722
6.768023 304652
6.850557 303326
6.857403 303179
7.182395 302214
7.184278 301786
7.184822 300758
7.185515 296686
7.190359 294898
7.195464 294534
7.381027 293985
7.439966 293418
7.626451 292453
7.629006 291902
7.629148 286181
7.644485 284876
7.826077 284599
7.860509 284328
8.071275 283363
8.073308 279152
8.076262 276047
8.089298 275786
8.197009 275486
8.517462 275482
8.517609 273970
8.517750 268249
8.534903 266944
8.543900 265874
8.959713 264909
8.961740 260698
8.964699 257593
8.979235 257332
9.393611 257210
9.404747 256245
9.406772 252034
9.409731 248929
9.424901 248565
9.853897 248561
9.854045 247049
9.854187 241328
10.027473 241148
10.158856 240993
10.299063 240989
10.299209 239477
10.299351 239111
10.299493 235817
10.402848 235243
10.405332 235155
10.476964 234221
10.591489 233823
10.746735 233229
10.746885 233159
10.747028 232236
10.747303 228746
10.850852 227985
10.922322 227051
11.188992 226780
11.189289 226312
11.190772 224864
11.191448 221875
11.293976 220925
11.492131 220468
11.493086 219945
11.634488 219674
11.634768 219206
11.637598 218980
11.641916 218358
11.642193 214868
11.821395 211126
12.082165 208705
12.087022 206049
12.217524 205615
12.407066 205169
12.527724 204577
12.529494 203575
12.531927 200092
12.662509 199658
12.972615 199066
12.974379 198064
12.976802 194581
13.426855 193807
13.437756 192909
13.471233 190462
13.471782 190266
13.644635 189510
13.872070 188736
13.882986 187838
13.916410 185391
13.916958 185195
14.173966 184650
14.317572 183876
14.328566 182978
14.362229 180531
14.362774 180335
14.661644 179793
14.764406 179019
14.775285 178121
14.808913 175674
14.809475 175478
15.210009 174704
15.220868 173806
15.263285 172904
15.263430 172624
15.314251 172381
15.339080 171933
15.434135 171283
15.440826 171262
15.655091 170488
15.665977 169590
15.708478 168688
15.708622 168408
15.777306 168181
15.962429 167798
16.097645 167315
16.100986 166541
16.111891 165643
16.154396 164741
16.154539 164461
16.223183 164234
16.407911 163851
16.546514 163077
16.557378 162179
16.599769 161277
16.599914 160997
16.668404 160770
16.935827 160685
16.992123 159911
17.003154 159013
17.045526 158111
17.045671 157831
17.114001 157604
17.437363 156830
17.448224 155932
17.490693 155030
17.490838 154750
17.606118 154579
17.883035 153805
17.893963 152907
17.936350 152005
17.936494 151725
18.328741 150951
18.339744 150053
18.382522 148831
18.775639 148057
18.786588 147159
18.841491 147074
18.916286 146330
19.221673 145556
19.232584 144658
19.287217 144573
19.379643 144243
19.413797 143952
19.667689 143178
19.678690 142280
19.733625 142195
19.826082 142015
20.009175 141818
20.093324 141680
20.113231 140906
20.124293 140008
20.178953 139923
20.271931 139743
20.455318 139546
20.559374 138772
20.570285 137874
20.624980 137789
20.717400 137609
21.004451 136835
21.015379 135937
21.070110 135852
21.317233 135830
21.328755 135807
21.449931 135033
21.460939 134135
21.515822 134050
21.896139 133276
21.907010 132378
21.969530 132376
22.106272 131095
22.343049 130321
22.354023 129423
22.416485 129421
22.751558 129413
22.789976 128639
22.800858 127741
22.863470 127739
23.196948 127555
23.197094 127525
23.235839 126751
23.246781 125853
23.309571 125851
23.683323 125077
23.694213 124179
24.131394 124108
24.153047 124025
24.163639 122135
24.671013 120669
25.126712 120513
25.145305 120106
25.163645 119883
25.190687 119611
25.207303 119453
25.215620 119253
25.572894 119097
25.591513 118690
25.609855 118467
25.685832 118038
26.017780 117882
26.036358 117475
26.054757 117252
26.188640 117035
26.289405 116933
26.462019 116777
26.480677 116370
26.499059 116147
26.633652 115930
26.726098 115885
26.907884 115729
26.926495 115322
26.944932 115099
27.079129 114882
27.353192 114726
27.371878 114319
27.390213 114096
27.797462 113911
27.816094 113496
27.878131 113459
28.111282 113359
28.242262 113174
28.260884 112759
28.322888 112722
28.687027 112537
28.705641 112122
29.131782 112114
29.131935 111748
29.412593 111587
29.595740 111579
29.595895 111213
29.868509 110618
30.010784 110583
30.056725 110244
30.399441 110147
30.465185 110112
30.509409 109773
30.910365 109738
30.964230 109565
31.060107 109418
31.293398 109407
31.355458 109372
31.409087 109199
31.505146 109052
31.800942 109017
31.854791 108844
32.247142 108809
32.507535 108679
32.620121 108669
32.632921 108648
32.692328 108613
32.952899 108483
33.065520 108473
33.137991 108438
33.398283 108308
33.507287 108252
33.584120 108217
33.844766 108087
34.030159 108052
34.295669 107883
34.475249 107848
34.768222 107791
34.921028 107756
35.232553 107728
35.366075 107693
35.780233 107301
35.780381 107226
36.444777 107199
36.564346 106977
36.891026 106950
37.010095 106834
37.336900 106807
37.980748 106799
68.788974 106706
68.984103 106530
69.119569 106527
69.235871 106381
69.236019 106153
69.431136 105977
69.682669 105831
69.682821 105603
70.023242 105496
70.129479 105350
70.129626 105122
70.637544 104819
71.268302 104598
71.391832 104592
71.714060 104371
72.180233 104167
72.681124 104098
72.780674 103992
73.126933 103923
73.236026 103879
73.571817 103810
74.017640 102636
74.494424 102600
74.513538 102599
74.522385 102472
74.940134 102436
74.950271 102223
75.395944 102080
75.920044 102053
