0.000369 526784
0.000552 524453
0.001013 522333
0.001170 511083
0.003586 501329
0.003743 487639
0.011582 482870
0.014994 476309
0.015602 476149
0.016349 462932
0.017986 462832
0.018584 460653
0.018738 459280
0.018890 448118
0.046876 443982
0.047647 437840
0.048250 435542
0.048405 435318
0.048706 429353
0.049303 420946
0.049752 420473
0.361189 420002
0.534471 418352
0.535686 414877
0.535844 412520
0.536151 407952
0.536456 399164
0.747135 398974
0.747462 397957
0.748220 394595
0.749414 391823
8.301606 386985
8.301965 385397
8.391061 379910
8.391223 378373
12.141771 376814
12.141960 373461
13.405438 370109
14.350566 369157
14.351069 365700
14.351562 363081
17.311764 362819
17.586177 360200
18.968881 357189
19.441367 354983
19.441536 353261
19.442178 348643
19.926560 343338
19.927353 341483
19.928144 337717
23.368810 336098
23.369315 325020
23.369640 318587
26.339329 318271
26.341829 313115
26.342305 312271
26.345103 309733
26.345735 308792
26.363911 304752
26.365806 304694
26.365972 304220
26.366131 302211
27.194252 299232
27.196604 290785
28.859419 287227
28.862109 287107
28.892053 284262
30.209094 283192
30.209733 281901
30.211293 281250
30.595428 277456
30.597319 276041
30.599351 275887
30.607732 273269
30.614086 269749
32.709053 268038
32.710936 264557
32.711736 264004
34.191740 263098
34.192068 260346
34.192386 257339
34.192542 256954
34.192696 256680
35.816399 253292
35.817189 252232
36.188562 250703
36.413831 244821
36.461803 244122
36.471294 243877
37.095454 242363
37.095618 240909
37.154659 235338
37.156559 231175
37.158281 230326
39.854906 230156
39.856217 229026
39.861672 228962
39.861989 227189
39.869037 224831
39.915233 224673
39.915885 224245
39.917904 222223
39.991411 221681
40.043929 220969
40.051571 218214
43.262313 213190
43.263108 211041
43.267016 210008
43.267176 206785
43.268283 206386
43.272498 205294
43.273744 205147
43.275936 204254
43.276250 203889
43.276873 203634
43.287642 202807
43.291388 202599
43.944240 201429
43.945034 198748
43.946285 198617
43.949579 198531
43.950995 196284
43.951152 194247
43.951956 194150
43.960219 193423
43.960378 192697
43.962565 191589
43.964134 189249
43.969123 187848
43.972419 187616
44.738798 187237
44.739812 186529
44.769728 186490
47.108703 184942
47.112454 184759
47.121769 184021
47.152101 183053
47.158033 181548
47.158193 176419
47.158347 175838
49.250449 175446
49.258276 174293
50.243726 174077
50.244828 174044
50.596571 172134
50.601572 171464
50.627928 171379
50.628402 170156
50.629805 169495
50.631687 168294
50.632469 168004
50.717045 166632
50.719723 165091
50.720822 163753
50.727069 163486
50.741379 163473
52.072607 162980
52.799841 162871
52.801717 160031
52.802813 159689
52.811054 158901
53.746397 155924
53.747187 155902
53.750483 154528
53.752691 153895
53.941212 152159
54.129307 151840
54.146943 150919
54.147104 150776
54.268245 149708
54.274027 149411
54.274657 148546
54.302569 146470
54.311157 146078
54.336262 145147
54.338295 144739
54.339714 144124
54.343138 143439
54.349242 140246
54.378816 139667
57.850979 139627
57.883836 139326
57.900502 139306
57.901145 138808
57.908455 136961
57.934166 136834
57.945263 136814
59.138311 136750
59.139459 136466
59.140866 135266
59.143206 135236
59.227159 135169
59.241179 134907
59.244454 134692
59.533833 133559
59.645077 133375
60.992295 133299
61.435882 133113
61.457100 130602
61.560229 130051
63.499938 128325
63.555486 127932
63.592737 127159
63.813911 126927
63.814710 126841
64.164015 125687
65.030948 125188
65.038769 125021
65.046880 124908
65.088610 124659
65.308578 124035
65.390418 123920
65.396503 123893
65.428762 122229
65.576738 121590
65.578306 121444
65.580807 120886
65.610182 120882
65.611611 120800
65.650607 120383
65.664476 120358
65.957220 119876
65.991231 119349
65.992511 119210
66.010570 119158
66.016358 118406
66.124714 117757
66.154604 117545
66.166143 117303
66.249633 117159
66.260236 115941
66.303190 114707
66.325300 114184
66.450846 114057
70.753291 113730
70.791924 113471
71.714733 113406
71.716788 113229
71.878345 113032
71.915556 112939
72.627235 112323
72.671118 111952
73.097626 111467
73.231293 111229
73.243614 110844
73.329951 110817
74.039811 110523
75.038460 110217
75.782257 109627
75.808714 109459
75.824480 108971
75.964270 108610
76.475162 108291
76.525347 107869
77.309268 107794
77.337361 107409
79.068557 107181
79.149852 106699
79.339019 106108
79.391882 105699
79.413714 105679
79.464588 105385
84.965721 105301
84.972292 105057
85.457386 104527
85.497846 104338
85.530044 103610
85.869402 103159
86.025427 102984
102.641966 102895
105.031858 102769
132.705200 102616
