0.000355 560252
0.002755 552366
0.002913 549682
0.003066 543797
0.003367 531048
0.003518 528094
0.005912 516930
0.006801 512422
0.007103 511227
0.007403 510989
0.008598 510196
0.009489 507634
0.009641 500480
0.009943 495509
0.010095 494706
0.013496 486313
0.013650 484092
0.013802 471342
0.017208 461800
0.032708 459965
0.033161 459245
0.033314 442769
0.034641 435790
0.066798 433178
0.123943 432469
0.128086 431131
0.128982 430280
0.129464 429382
0.130246 425401
0.214094 422674
0.217341 422309
0.217815 422042
0.218736 421945
0.219662 421676
0.219990 420326
0.220149 415328
0.220462 412763
0.382584 407823
0.382914 398251
2.427040 395735
2.427215 392663
2.427705 385193
13.556913 380290
13.557104 368691
13.557723 368112
13.559129 359866
13.559603 359280
13.559778 358363
13.559931 352492
20.250132 352066
20.250481 350862
20.250958 349684
20.505288 347155
20.505610 346561
21.757074 339043
21.758541 338851
21.758706 335533
21.758868 333457
21.759186 329040
25.562710 325910
25.565987 325652
25.566154 322952
25.954359 322734
25.954531 322352
25.956988 321994
25.958253 319545
25.959347 318809
25.961392 313153
25.961551 312401
26.168174 310795
26.168499 310240
26.443946 310077
26.444116 309606
26.445217 307562
26.445846 305819
26.456353 304574
26.461601 302437
26.461761 300902
26.461915 300064
27.085440 298562
28.634611 295396
28.635437 291621
28.638940 291104
28.647415 286483
28.649755 283979
28.649914 279011
28.657801 277794
30.352994 277777
31.078705 277416
31.079370 271062
31.080208 270138
31.080541 265663
32.992292 260724
34.330418 259517
34.332009 259056
34.338027 257040
34.338345 256950
34.338969 255248
34.339439 250290
35.510998 246972
35.511662 246767
36.853086 240372
36.853752 238813
36.857184 236392
36.858004 232882
36.861273 232498
36.865040 231582
37.686379 230921
37.724562 230896
37.726365 228921
37.728332 227113
39.291837 222129
39.293868 218671
39.821668 215009
42.066948 212547
42.071504 212346
42.073458 211056
42.073625 210828
42.077387 209344
42.085931 207505
42.090291 204930
42.336172 204281
42.698030 196580
46.189126 195955
46.312894 192540
46.327600 191213
46.328552 189913
46.340497 189337
46.514790 187592
47.078756 186170
47.083653 184816
47.084664 183876
47.294598 183359
47.299170 183342
47.307623 182952
47.309927 182216
47.312711 180070
47.314669 177264
48.244573 176503
48.245519 175413
48.246459 175209
51.005807 175188
51.009242 174468
51.014980 171468
51.015300 171076
51.015784 169135
51.016101 164392
51.025260 163786
51.034097 161007
51.037513 160585
53.081029 160298
53.092448 159316
53.206968 158912
53.208458 158135
54.477615 157417
54.496148 156584
54.510138 155551
54.510634 155322
54.516833 155303
54.538476 154559
54.552016 153292
54.552678 152274
55.415512 149571
55.463218 149262
55.480901 148966
55.496553 148300
55.497336 147721
55.500909 147618
55.504632 146707
55.624120 146469
55.786432 145379
55.790786 144812
55.794061 143603
58.376699 142941
58.858826 142231
58.921507 141929
58.921669 140105
58.933016 139871
58.935032 139166
58.992078 138319
58.993170 137949
60.680465 137712
60.705865 137348
60.753065 136918
60.765655 136487
60.790085 135995
60.791394 135128
61.211942 134931
61.276079 134688
61.480387 134102
61.520238 133749
61.525458 133435
61.541531 132276
61.568088 131983
62.075099 130137
62.075271 129821
62.290202 128847
62.299659 128742
62.403292 128394
62.421533 127949
62.430657 126841
64.925408 125490
65.190526 124847
66.115354 124002
66.117705 123776
66.118643 122670
66.123623 122630
66.135895 121904
66.161608 120671
66.348618 120446
66.541211 120253
66.979647 119645
67.118990 119518
67.278991 119240
67.659479 118822
67.746081 117999
67.765808 117470
68.306456 117053
68.376398 116707
68.394358 116557
68.402717 116366
70.109552 115954
70.114943 115332
70.130455 113249
70.196212 112512
70.221360 111882
70.287351 111732
70.323237 111122
70.369942 109787
75.285055 109765
75.375209 109395
75.745668 109350
75.903621 109303
76.096074 108926
76.144437 108413
76.168241 107786
76.251827 107651
76.399422 107371
76.527260 106813
77.009667 106665
77.072574 106638
77.084004 106513
77.156978 106247
77.490718 106179
79.432116 105918
79.451389 105856
80.919631 105382
80.979639 105346
81.782951 105326
81.850087 105297
83.986156 104670
84.005894 104483
84.006393 104352
84.081094 103725
85.625631 103670
86.132976 103635
86.229094 103522
86.377057 102807
86.431547 102760
86.438073 102611
86.500049 102610
87.547241 102567
87.564163 102530
87.689866 102121
87.900241 102102
87.954507 101928
88.009700 101736
93.591083 101338
97.909754 101263
98.107224 101255
102.145666 101140
103.764344 101132
