0.000357 481254
0.001909 480146
0.007599 473729
0.011302 470867
0.012345 466752
0.020811 455670
0.020971 453487
0.023628 449896
0.030197 437106
0.031728 435833
0.031889 424746
0.032049 424318
0.032359 421884
0.033440 415293
0.034333 412942
0.034635 409442
0.035256 404297
0.038930 402768
0.039091 397941
0.040016 394740
0.040482 394421
0.324453 389660
0.669090 386945
0.669276 382572
0.669434 380424
0.669901 374927
0.670059 370552
0.670508 367135
0.672729 364454
0.673333 363202
0.678023 362709
11.958443 362090
11.958669 353956
11.959146 352905
11.959459 352079
17.881117 351337
17.881309 346079
17.901712 343015
17.903386 342922
17.903854 342898
17.904164 342816
17.906562 342535
17.906725 340680
17.909263 337143
23.371616 333250
23.620208 329956
23.825061 329703
23.825381 326604
23.825537 325152
23.825688 324302
24.067486 323222
24.067647 321907
24.075995 321348
24.076937 310998
24.077093 309061
24.619019 306709
28.455446 305709
28.456402 305665
28.457351 304680
28.458754 304658
28.458910 304582
28.460771 300367
28.462791 298548
28.464858 297705
28.469812 296556
29.179681 291052
29.181409 290494
30.338064 289965
30.356463 287876
31.843866 286134
31.846002 281322
31.846337 277515
31.850891 276467
31.868573 274615
31.869240 274560
31.872500 269336
31.873171 267862
31.873664 267418
33.295597 265999
33.298546 265491
34.856525 264341
34.872771 261244
34.874058 258919
34.876295 257595
34.877447 256143
35.455377 253125
37.852988 250542
37.855394 249940
37.856200 249689
37.861929 245695
37.867711 242595
37.997385 241468
37.998852 240263
38.000966 240202
38.002454 237783
38.004110 237195
38.005089 233543
38.011101 233376
38.011940 230094
38.864808 229280
38.876326 229108
39.963315 229030
39.972144 227624
40.628432 226132
40.697538 226043
42.735287 224229
42.740911 222612
42.741074 221001
42.741387 219821
43.057651 213919
43.058131 212293
43.059222 211474
43.062171 207828
43.728627 205841
43.746640 203632
46.239134 203282
46.242412 202953
46.243813 202596
46.451899 202517
46.454633 201199
46.683400 197733
46.692965 195998
46.696315 195554
46.696823 194636
46.696988 192137
46.710325 191747
46.792186 190357
46.864358 189932
47.728135 186278
47.731098 185275
47.733879 181939
47.734212 181274
48.148911 180466
49.894236 177395
49.936861 174939
50.029132 174310
50.038780 172746
50.042366 172126
50.046792 170978
50.061706 168876
50.063592 167835
50.070307 167022
50.154978 165857
50.158246 164450
50.161499 164212
52.082072 162177
52.129638 161956
52.137421 161761
52.139831 161568
52.156986 160671
52.161923 160618
52.209456 160295
52.210434 159089
52.210607 157770
52.211382 156326
52.397529 155200
52.403109 155135
52.403433 154058
54.204943 153601
54.218669 152586
57.212277 151726
57.223509 151621
57.234958 151127
57.236316 150320
57.245907 148707
57.435882 148470
57.454026 147711
57.456388 145902
57.518772 145268
59.402216 144890
59.406084 144634
59.442179 144254
59.449097 142808
59.460472 142534
59.463586 141717
59.473190 140853
59.485875 140785
59.499277 140575
59.559070 140458
59.574490 140149
59.586935 138346
59.687616 137637
59.690262 136292
59.776073 136162
59.796532 136158
59.895677 135779
59.932902 132783
59.934759 132572
59.956314 131521
60.011190 129803
62.857645 128632
64.104687 128220
64.171688 127843
64.213114 127782
64.422495 127524
64.477978 127434
64.553331 126862
65.685544 126775
65.692676 126357
65.697790 125402
65.729000 125080
65.749569 124742
65.975761 124051
66.003324 124041
66.011892 123912
66.158741 121770
66.223208 121077
66.232324 121058
66.268153 120784
66.268479 120725
66.277807 120525
66.297836 120042
66.434314 120013
66.551940 119720
66.608119 119387
66.641810 118564
66.678815 116857
66.721429 116767
67.041237 116336
67.043875 115730
67.165474 114903
67.263880 114807
67.332179 114764
68.003451 114052
68.064519 113574
68.127068 113530
68.179778 113209
68.206395 112200
68.214413 112187
68.547324 111782
68.553123 111336
70.585537 110675
70.628835 109732
70.661981 109619
70.724166 109402
71.121807 109289
71.483952 109276
72.101718 109259
72.191039 108946
72.197754 108580
72.259834 108533
72.263933 108306
76.969412 108193
77.229603 108076
77.262513 107849
77.472170 106681
77.480257 106441
78.430710 106380
78.534036 106074
83.466544 106035
83.518961 105458
83.672982 105346
85.402205 105025
85.427026 105017
89.642452 105008
89.643281 104972
90.221386 104971
90.283470 104935
90.790988 104859
91.132948 104762
92.551455 104572
92.563873 104459
92.829323 104454
93.550899 104175
94.208362 104152
94.471555 104125
94.565591 104024
94.782129 102380
98.000894 102216
98.215562 101747
98.284036 101662
98.809512 101449
99.595275 101306
99.906507 100920
100.564383 100893
