0.000409 541920
0.000718 536227
0.001672 528992
0.044359 528415
0.044641 526650
0.047894 522926
0.115618 522030
0.117520 518599
0.126361 518028
0.466781 516779
0.467179 511086
0.468144 503851
0.510568 503274
0.514114 497785
0.582972 493458
0.914609 492209
0.914916 486516
0.916164 486108
0.916575 482985
0.917941 480351
0.925076 479305
0.959400 476939
0.964426 473291
1.365464 472042
1.366097 463554
1.367089 461045
1.375847 459138
1.430249 455202
1.506273 453695
1.621471 453674
1.813808 452425
1.814357 443937
1.815315 441428
1.824104 439521
1.878343 435585
1.954172 434078
2.263024 432829
2.263630 424341
2.265123 423107
2.266354 422986
2.301805 420291
2.333417 416431
2.373502 415954
2.715794 414705
2.716350 406217
2.720588 405303
2.722363 403492
2.780984 403049
2.819538 401654
2.840338 398316
3.177254 397067
3.177810 388579
3.182069 387665
3.183862 385854
3.211481 384529
3.281139 384016
3.637702 382767
3.638261 374279
3.642931 373045
3.644181 372924
3.705048 369036
4.088880 367787
4.089840 359926
4.093260 359455
4.094084 358065
4.095359 357944
4.406520 357451
4.436147 356252
4.552614 355003
4.553577 347142
4.556974 346671
4.557933 345601
4.655328 345190
4.750629 345066
4.982259 344397
5.004407 343148
5.005363 335287
5.008765 334816
5.009722 333746
5.202266 333211
5.457142 331962
5.458105 324101
5.460970 320749
5.909197 319748
5.909482 317484
5.939925 316959
5.942261 314184
5.989448 312560
6.010622 312300
6.051865 311694
6.114266 310289
6.362428 309288
6.362711 307024
6.366115 306640
6.393017 306499
6.395355 303724
6.442330 302100
6.463540 301840
6.504392 301234
6.739289 301080
6.814599 300079
6.814884 297815
6.818339 297431
6.845316 297290
6.847673 294515
6.895316 294502
6.913649 293993
6.916385 292631
6.957424 292025
7.213117 291838
7.268747 290837
7.269032 288573
7.272490 288189
7.301625 285273
7.348846 285260
7.367154 284751
7.401635 284529
7.410860 282783
7.721213 281782
7.721498 279518
7.724906 279134
7.754073 276218
7.801356 276205
7.819630 275696
8.021157 274971
8.062311 273741
8.175136 272740
8.175426 270476
8.178829 270092
8.203084 269951
8.207914 267176
8.273420 265292
8.628620 264291
8.628943 262027
8.656716 261502
8.661496 258727
8.803004 257668
9.080798 256667
9.081083 254403
9.087080 254019
9.113660 251103
9.265108 249046
9.534973 248045
9.535271 245781
9.564364 245256
9.568035 242481
9.901751 242438
9.988909 241437
9.989196 239173
10.021805 235873
10.068691 235860
10.299982 234833
10.446128 233832
10.446415 231568
10.472906 231043
10.479046 228268
10.905585 227267
10.905870 226776
10.909678 225851
10.932211 224478
10.962639 224254
10.972434 223619
10.989174 222455
11.161824 222303
11.359350 221302
11.359635 220811
11.365516 220417
11.365665 219916
11.366759 218654
11.426433 218551
11.436694 217611
11.438600 215725
11.820248 214724
11.820547 214233
11.826399 213839
11.826550 213338
11.827657 212076
11.935250 210235
11.938513 209951
12.278813 208950
12.279113 208459
12.285055 208065
12.285203 207564
12.286298 206302
12.346150 206199
12.364699 206145
12.366876 205927
12.466865 204842
12.472362 204172
12.734615 203171
12.734901 202680
12.739285 201755
12.761877 200382
12.792452 200158
12.932027 199671
12.933261 199057
13.185233 198056
13.185518 197565
13.189068 197171
13.189215 196670
13.190300 195408
13.403107 194729
13.447797 194437
13.581106 193741
13.646534 192740
13.646818 192249
13.650410 191855
13.650557 191354
13.651666 190092
13.716908 189989
13.737693 189717
14.053000 189267
14.098356 188266
14.098638 187775
14.102166 187381
14.102316 186880
14.103424 185618
14.168715 185515
14.308168 184939
14.455359 184812
14.549096 183811
14.549382 183320
14.552918 182926
14.553066 182425
14.554167 181163
14.760269 180484
15.003366 179483
15.003651 178992
15.011031 178067
15.033674 176694
15.064563 176470
15.090239 176460
15.406661 174019
15.461990 173018
15.462275 172527
15.470825 172133
15.470974 171632
15.472080 170370
15.531982 170267
15.548614 169995
15.915424 168994
15.915709 168503
15.924258 168109
15.924408 167608
15.925505 166346
15.985147 166243
16.286884 166155
16.367168 165154
16.367494 164663
16.376127 164269
16.376279 163768
16.377387 162506
16.525191 162488
16.824586 161487
16.824873 160996
16.833489 160602
16.833640 160101
16.834750 158839
16.891264 158736
17.281438 157735
17.281726 157244
17.290303 156850
17.290453 156349
17.291578 155087
17.746553 154752
17.757651 152391
17.821823 151943
17.847999 151444
18.205260 151109
18.216560 148748
18.282707 148300
18.646694 147803
18.673121 145729
18.746561 144013
19.118174 143082
19.273464 141292
19.574547 140361
19.724034 140141
19.730717 140018
19.760052 139399
19.760338 139353
19.765388 139256
19.765945 138817
19.911783 138814
20.029286 137883
20.177965 137663
20.184671 137540
20.213836 136921
20.214122 136875
20.219191 136778
20.219750 136339
20.482224 135408
20.630637 134890
20.786963 134312
20.805875 133959
20.829000 133882
20.934803 132951
21.084284 132433
21.244232 131855
21.335531 131807
21.353254 131439
21.396863 130508
21.549290 129990
21.710100 129412
21.806232 129248
21.860616 128317
22.009696 127799
22.166673 127221
22.313824 126290
22.461890 125772
22.649164 125424
22.765699 124493
22.914410 123975
23.205269 123934
23.218180 123003
23.367211 122485
23.672203 121554
24.018140 121390
24.069920 121217
24.114102 121117
24.126412 120186
24.473103 120022
24.526041 119849
24.583751 118918
24.930651 118754
25.014007 118696
25.038317 117765
25.381745 117601
25.489922 116670
25.958059 115851
26.314164 115759
26.412297 114940
26.902158 114762
27.123391 114646
27.169220 114626
27.181044 114332
27.357989 114154
27.575609 114038
27.712291 113929
27.715565 113910
27.810671 113732
28.027606 113616
28.261823 113438
28.500409 113397
28.638003 113359
28.714773 113181
28.952966 113140
29.095580 112392
29.095729 112110
29.168504 111932
29.414022 111891
29.629643 111713
30.085558 110069
30.833950 110068
30.882151 110036
30.924784 109956
31.286081 109955
31.334333 109923
31.737183 109922
31.789504 109220
32.187225 109219
32.254433 109212
32.638248 109211
65.730777 109174
65.800073 109031
66.044381 108407
66.184964 108338
66.254466 108195
66.536788 108165
66.641870 108096
66.710922 107953
67.096093 107884
67.183983 107840
67.251757 107784
67.550497 107715
67.638608 107671
67.761168 107645
67.932178 107636
68.007508 107567
68.095726 107523
68.218740 107497
68.467825 107428
68.557609 107384
68.679948 106919
68.933684 106850
69.023501 106806
69.390210 106737
69.833731 105563
70.638550 105545
143.722481 105536
143.832053 105406
144.157740 105369
144.179589 105242
144.685868 105149
145.363609 105141
179.706787 104918
180.306244 104533
180.803720 104320
181.255923 103860
181.256077 103562
181.720602 103422
181.727294 103362
182.230575 103319
182.235933 103193
182.270268 103171
182.685537 103128
182.690853 103002
182.745731 102996
183.137324 102953
183.142668 102827
491.171906 102617
491.675067 102579
492.155576 102543
