0.000663 537859
0.001793 529829
0.122934 526962
0.467176 513627
0.469842 508670
0.470124 507772
0.659229 507490
0.663116 503355
0.912427 490020
0.915394 484042
0.917295 481522
1.153045 481311
1.358638 467976
1.362016 462229
1.698129 462003
1.731916 460365
1.804053 447030
1.807416 441283
2.097170 439914
2.249995 426579
2.253372 420832
2.515797 419971
2.696610 406636
2.705086 403788
2.706602 401010
3.141306 396713
3.147780 396296
3.150376 395633
3.152546 387165
3.208708 382552
3.595022 378255
3.596543 375495
3.606504 370901
3.681531 369786
3.762802 369577
3.763617 368860
3.892126 367309
4.040708 363012
4.042201 360252
4.052200 355658
4.208579 354334
4.498863 350037
4.500380 347277
4.510387 342683
4.785262 341377
4.944205 337080
4.945693 334320
4.955644 329726
5.390533 328840
5.390813 326662
5.392021 322669
5.444501 322534
5.455010 320456
5.458516 319362
5.685437 319087
5.837290 318201
5.837571 316023
5.838780 312030
5.891178 311895
5.901656 309817
5.984651 308728
6.284157 307842
6.284466 305664
6.288770 304014
6.294324 303351
6.350426 302541
6.356369 301649
6.435267 301434
6.439989 300342
6.492970 298920
6.495793 298905
6.550002 298853
6.729558 297967
6.729839 295789
6.737370 294387
6.739677 293476
6.795972 291430
6.800289 291251
6.885656 291014
6.899268 288800
6.900352 286840
7.175571 285954
7.175852 283776
7.183412 282374
7.185738 281463
7.242348 281235
7.246403 279238
7.272789 278992
7.408714 278406
7.450682 277498
7.621692 276612
7.621972 274434
7.629525 273032
7.631817 272121
7.688217 270075
7.692409 269896
7.718799 269650
7.854616 269064
7.915006 267613
8.068182 266727
8.068508 264549
8.074309 262899
8.078391 262236
8.136223 261426
8.189324 261154
8.207739 261056
8.208155 260850
8.221325 260319
8.515499 259433
8.515780 257255
8.521568 255605
8.525625 254942
8.580682 254632
8.627753 254141
8.636231 253860
8.654645 253762
8.655061 253556
8.813185 253447
8.814671 251885
8.961694 250999
8.961974 248821
8.969105 247419
8.971810 246508
9.026874 246198
9.058274 244037
9.407309 243151
9.407598 240973
9.414732 239571
9.417440 238660
9.473511 237850
9.735552 236434
9.853877 235548
9.854161 233370
9.859682 231720
9.864018 231057
9.920122 230247
10.214826 229454
10.299953 228568
10.300232 226390
10.311150 226098
10.365806 225501
10.366220 223267
10.596657 222897
10.746404 222011
10.746686 219833
10.750862 217520
10.812646 216710
11.147169 216688
11.193166 215802
11.193445 213624
11.197608 211311
11.259228 210501
11.612262 210032
11.639871 209146
11.640151 206968
11.644321 204655
11.706037 203845
12.085724 202959
12.086006 200781
12.090180 198468
12.353000 198351
12.532237 197465
12.532518 195287
12.543414 194882
12.665184 194031
12.670166 193277
12.965849 193240
12.966447 192888
12.978964 192002
12.979246 189824
12.988131 188174
13.203751 187989
13.424471 187103
13.424751 184925
13.433654 183275
13.500281 182931
13.681881 182881
13.870000 181995
13.870280 179817
13.879155 178167
14.322901 178102
14.333682 177505
14.342836 177131
14.353326 176332
14.358040 176297
14.363811 174618
14.365711 174136
14.662145 173856
14.707119 173593
14.726828 173210
14.768938 173145
14.779696 172548
14.788857 172174
14.799338 171375
14.804064 171340
14.809843 169661
14.852920 168941
15.107536 168899
15.152466 168636
15.217330 168251
15.228228 167932
15.234297 167600
15.244786 166801
15.255311 165087
15.257095 164801
15.495623 164782
15.662939 164397
15.673872 164078
15.679925 163746
15.690434 162947
15.700932 161233
15.702707 160947
16.108750 160562
16.119676 160243
16.122514 159729
16.131547 159077
16.133032 158173
16.202036 158121
16.221926 158110
16.491518 156678
16.554773 156293
16.565664 155974
16.568488 155460
16.577528 154808
16.579008 153904
16.647779 153852
16.667648 153841
16.971958 153209
16.999666 152824
17.010581 152505
17.013410 151991
17.022439 151339
17.023918 150435
17.092801 150383
17.112669 150372
17.444857 149987
17.455740 149668
17.458316 149336
17.467591 148502
17.498576 148453
17.528131 148331
17.529358 148203
17.547625 147721
17.557570 147361
17.890505 146976
17.901406 146657
17.903964 146143
17.913266 145491
17.914479 144587
18.336162 144202
18.347059 143883
18.347880 143551
18.400764 143196
18.409530 142644
18.544078 142345
18.743853 142036
18.781814 141651
18.792698 141332
18.793527 141000
18.846389 140645
18.855149 140093
18.989902 139794
19.227691 139409
19.238613 139090
19.239433 138758
19.292279 138403
19.301038 137851
19.493377 137522
19.673120 137137
19.684019 136818
19.684841 136486
19.737845 136131
19.746615 135579
19.924915 135048
20.118726 134663
20.129682 134344
20.130504 134012
20.183505 133657
20.192286 133105
20.564880 132720
20.575805 132401
20.576625 132069
20.629626 131714
20.648334 131430
20.667454 131355
20.667732 131281
20.942470 131190
21.010661 130805
21.021579 130486
21.022400 130154
21.075358 129799
21.094080 129515
21.113166 129440
21.113445 129366
21.456238 128981
21.467147 128662
21.467972 128330
21.490127 127850
21.539591 127447
21.902101 127062
21.913032 126743
21.913855 126411
21.936023 125931
21.986243 125901
22.348212 125516
22.359180 125197
22.360007 124865
22.606145 124531
22.793830 124146
22.804729 123827
22.805563 123495
23.198831 123417
23.239739 123032
23.250678 122713
23.251499 122381
23.685405 121996
23.696282 121677
23.707327 121649
23.719314 121618
23.749038 121386
24.131458 121001
24.142355 120682
24.153391 120654
24.165375 120623
24.252523 120459
24.252669 120445
24.566271 120418
24.577305 120033
24.588193 119695
24.611168 119655
24.698286 119491
24.698432 119477
25.022445 119092
25.033341 118754
25.143541 118567
25.468470 118182
25.479391 117844
25.915527 117743
25.926330 117695
25.948544 117125
26.348474 117112
26.361130 117011
26.371885 116963
26.394072 116393
26.806766 116292
26.817557 116244
26.869753 116181
26.869900 116111
26.871246 115307
27.253369 115206
27.264136 115158
27.316224 115060
27.316636 114821
27.317056 114050
27.399599 113863
27.699027 113762
27.709826 113714
27.761795 113616
27.762209 113377
27.762618 111102
27.770177 110773
28.144664 110672
28.155432 110624
28.237031 109399
28.590082 109298
28.600853 109250
28.755088 109246
28.755235 109191
28.904468 108858
28.998553 108395
29.003526 108066
29.036221 107965
29.047009 107917
29.201152 107913
29.201299 107858
29.350328 107525
29.481991 107424
29.492756 107376
29.646775 107372
29.646924 107317
29.832615 107304
29.873493 107164
29.927570 107063
29.938359 107015
30.092322 107011
30.092470 106956
30.278238 106943
30.315596 106882
30.339736 106817
30.373250 106716
30.384017 106668
30.538112 106664
30.538259 106609
30.724290 106596
30.761722 106535
30.819353 106434
30.830145 106386
30.984695 106382
30.984842 106327
31.170662 106314
31.265841 106213
31.276634 106165
31.430888 106161
31.431037 106106
31.712284 106005
31.723074 105957
32.158169 105572
32.636365 105564
33.023702 105514
33.082364 105506
33.469386 105371
33.528266 105363
106.059849 104617
106.499254 104522
106.511265 104482
106.945250 104387
106.950092 104302
106.970925 103821
107.391284 103726
107.830147 103101
108.390975 102755
108.859174 102719
441.032576 102660
441.185102 102652
441.281089 102598
441.630693 102590
441.744562 102423
442.076841 102415
