0.000398 563222
0.000706 558017
0.000849 556738
0.001394 548819
0.004102 546639
0.008842 545813
0.379434 545531
0.472027 540350
0.472315 535145
0.472459 533866
0.473001 525947
0.475701 523767
0.480441 522941
0.925200 521737
0.948249 521081
0.954722 513895
0.960809 510221
0.961897 509562
1.052740 509341
1.072891 508266
1.078017 507993
1.080726 504791
1.086922 503527
1.170268 500855
1.373038 499565
1.394576 499169
1.395956 498995
1.402299 491809
1.405129 488359
1.408376 488135
1.409459 487476
1.500172 487255
1.525568 485907
1.529483 481899
1.534532 481441
1.812063 480119
1.819704 478829
1.841292 478433
1.842643 478259
1.848976 471073
1.851811 467623
1.855050 467399
1.856132 466740
1.947265 466519
1.972571 465171
1.976508 461163
2.133788 460961
2.218767 460934
2.268518 459644
2.290322 459248
2.291684 459074
2.298070 451888
2.300894 448438
2.304675 447704
2.396213 447334
2.425435 441978
2.713343 440870
2.738970 440118
2.745442 439144
2.745585 436469
2.746263 436152
2.749774 435351
2.751302 435241
2.751987 428748
2.925661 423996
3.160331 422888
3.163445 422232
3.192467 421162
3.192613 418487
3.194117 416243
3.198976 410766
3.294468 410396
3.308975 409048
3.310452 406877
3.407378 406829
3.614532 405721
3.617644 405065
3.646606 403995
3.646752 401320
3.649991 400950
3.653093 393599
3.748539 393229
3.911600 392096
4.062437 390988
4.089422 390236
4.094417 389262
4.094561 386587
4.100894 378866
4.290377 377846
4.520059 376738
4.547342 375986
4.552357 375012
4.552501 372337
4.558839 364616
4.652253 364246
4.970686 362956
4.996229 362386
5.001737 360619
5.002971 357763
5.007696 351016
5.398680 350828
5.404527 350697
5.419748 349407
5.445207 348837
5.450731 347070
5.451956 344214
5.456681 337467
5.845519 333775
5.866918 332485
5.892489 331915
5.898045 330148
5.899278 327292
5.904158 322747
6.139087 320684
6.315919 319394
6.319056 318920
6.347044 317057
6.348664 316515
6.349875 313903
6.360067 313502
6.372350 313208
6.505939 310644
6.508134 309488
6.763988 308380
6.766685 307724
6.796181 306654
6.796331 303979
6.797556 302707
6.805234 302188
6.819969 302012
6.857581 301861
6.981818 299702
6.982636 299608
7.113594 299406
7.128712 298375
7.212333 297267
7.244271 295541
7.244415 292866
7.245626 291594
7.253322 291075
7.268007 290899
7.305403 290748
7.429878 288589
7.430737 288495
7.562087 288293
7.628993 288207
7.660617 287099
7.692746 285373
7.692892 282698
7.694097 281426
7.701844 280907
7.716532 280731
7.754200 280580
7.878240 278421
8.010961 278125
8.109683 277017
8.137327 276733
8.141792 275291
8.141937 272616
8.143165 271344
8.150805 270825
8.203029 270498
8.327418 269635
8.408935 269619
8.434217 268311
8.558745 267203
8.586416 266919
8.590872 265477
8.591017 262802
8.599928 261011
8.777852 260287
9.010126 258997
9.034147 258895
9.039964 253506
9.047627 252987
9.256055 252689
9.456666 251581
9.483743 251297
9.488851 249855
9.488995 247180
9.497212 245389
9.905094 244281
9.932217 243997
9.937327 242555
9.937472 239880
9.961408 239703
9.985739 238155
10.354618 237047
10.381742 236763
10.387007 235321
10.387164 232646
10.411107 232469
10.448798 231807
10.498759 231202
10.691718 231129
10.804382 230021
10.831747 229737
10.836885 228295
10.837033 225620
10.838247 224348
10.948406 224176
11.184700 221340
11.254689 220232
11.281672 219948
11.286809 218506
11.286964 215831
11.288178 214559
11.532037 214415
11.707232 213125
11.731086 213023
11.737935 212973
11.738080 211552
11.739841 210246
11.741870 210068
11.773796 209490
11.869262 209214
12.111577 209026
12.114803 208637
12.156671 207529
12.156818 207424
12.178710 207245
12.185568 207195
12.185713 205774
12.189487 204290
12.221359 203712
12.315957 203436
12.558629 203196
12.589078 202329
12.604743 201576
12.616396 201391
12.626372 200280
12.633412 199466
12.637211 197982
12.669514 197404
12.764947 197128
13.007074 196888
13.053025 196135
13.064628 195950
13.074619 194839
13.081630 194025
13.085433 192541
13.117510 191963
13.212522 191687
13.502291 190934
13.513915 190749
13.523881 189638
13.530905 188824
13.534669 187340
13.566682 186762
13.951235 186009
13.962825 185824
13.972760 184713
13.979792 183899
13.983571 182415
14.039381 182110
14.066204 180414
14.397973 179661
14.409746 179476
14.419719 178365
14.426729 177551
14.430517 176067
14.486319 175762
14.558675 175575
14.846623 174822
14.858220 174637
14.868225 173526
14.875229 172712
14.879022 171228
14.934889 170923
15.293137 170170
15.304739 169985
15.314714 168874
15.321750 168060
15.325547 166576
15.733344 165768
15.733491 165363
15.796426 164815
15.939486 164055
15.963577 162694
16.079094 162412
16.180927 161604
16.181073 161199
16.244002 160651
16.368989 160365
16.385448 159387
16.400575 158504
16.629424 157696
16.629570 157291
16.692751 156743
16.817275 156457
16.833701 155479
16.885701 155408
17.071126 155320
17.077202 154512
17.077346 154107
17.140015 153559
17.264489 153273
17.280871 152295
17.332612 152224
17.523586 151416
17.523731 151011
17.586350 150463
17.710493 150177
17.726932 149199
17.969358 148391
17.969504 147986
18.032471 147438
18.225796 147304
18.246432 146309
18.417366 145501
18.417512 145096
18.480654 144548
18.699511 144353
18.700727 143641
18.865500 142833
18.865647 142428
18.928774 141880
19.148035 141685
19.161087 141004
19.313743 140196
19.313891 139791
19.376862 139243
19.705137 139062
19.763332 138254
19.763479 137849
19.826602 137301
20.210606 136762
20.220810 136548
20.263362 135811
20.368379 135621
20.655958 135082
20.666219 134868
20.708781 134131
20.932189 133949
21.103653 133410
21.113935 133196
21.156657 132459
21.446558 132380
21.513689 132311
21.551098 131772
21.561304 131558
21.603896 130821
21.894600 130742
21.999305 130203
22.009543 129989
22.051938 129252
22.458002 128499
22.566325 128085
22.658267 127907
22.877036 127816
22.905952 127063
23.013607 126649
23.104528 126471
23.353192 125718
23.460954 125304
23.786262 125238
23.800683 124485
23.908565 124071
24.249405 123318
24.376002 122513
24.639556 122238
24.696987 121485
24.841041 121465
24.862621 121296
24.862916 121221
24.879423 121183
24.987372 121122
25.143860 120369
25.292819 120349
25.315031 120180
25.315322 120105
25.332446 120067
25.477798 120061
25.604564 119308
25.733523 118503
26.056454 117750
26.350339 117448
26.506364 116695
26.804592 116253
26.954323 115500
27.307316 115480
27.321567 115478
27.382877 115430
27.386898 115412
27.402379 114659
27.753512 114639
27.767739 114637
27.829342 114589
27.848861 113836
28.199400 113816
28.213603 113814
28.294494 113061
28.741788 112424
28.939993 112389
29.013714 112324
29.188870 111687
29.387076 111652
29.635438 111015
30.202144 110606
30.245653 110548
30.492852 110390
30.650359 110307
30.685673 109998
30.694495 109923
31.098199 109840
31.245720 109731
31.317608 109641
31.322585 109502
31.334506 109363
31.543880 108954
31.553177 108675
31.772319 108596
31.992683 108513
32.139927 108404
32.307100 108379
32.309522 108290
32.439482 108207
32.587866 108098
32.888300 108015
33.325255 107685
33.334803 107442
33.335102 106562
33.897105 106535
34.021959 106480
34.070168 106470
34.342767 106443
34.467183 106388
34.746087 106239
34.917975 105827
35.235525 105800
35.384161 105764
35.682773 105737
35.832311 105515
36.130721 105488
36.286046 105372
36.575659 105345
74.001727 105191
74.257157 105114
