0.000356 541346
0.000537 540517
0.000696 533936
0.000849 529158
0.001001 523112
0.001460 518072
0.001929 510297
0.002231 501416
0.003707 499085
0.003860 498879
0.004012 494697
0.004312 480523
0.004611 478518
0.004763 462428
0.004914 457624
0.042770 457044
0.043374 438534
0.046777 429757
0.096542 422928
0.096707 419328
0.097325 419125
0.099188 412432
0.099815 410171
0.099975 409778
0.100287 409621
0.116326 407189
0.352027 403289
0.352250 403235
0.378186 398583
0.380555 395999
0.380710 389787
0.682367 381127
0.682674 380493
17.394039 379677
17.395182 377177
17.403169 376316
17.403326 372231
17.407908 368779
17.408063 368365
18.188243 366183
18.299682 364566
18.301210 363398
18.301993 362406
18.307504 359260
19.855146 358805
19.904781 356157
19.904965 353901
19.905119 352818
19.905275 351953
19.905427 350424
20.094843 334726
20.095004 334484
20.095471 334054
20.100380 332900
21.198361 331539
21.198532 330489
21.199025 327889
21.199186 323958
23.028108 322473
23.031063 320949
23.036607 320248
23.036774 317193
23.038037 314962
23.040804 313405
23.040969 313163
23.044201 309872
23.044672 309291
23.046080 306687
23.047012 302819
25.203740 301753
25.204080 301454
25.210886 299374
27.484164 291202
27.489568 290642
27.491052 290370
27.887973 287599
27.888473 287522
30.900453 280480
30.901400 275339
30.901607 274039
31.273683 273542
31.274317 272854
31.275722 271350
31.276037 271131
32.075213 270709
32.075845 269794
32.076315 268676
32.077567 264332
32.079579 263260
32.080050 262246
32.086854 260409
32.088718 256445
33.589342 255501
33.592311 253431
35.140940 251241
35.141281 251153
36.172710 250864
36.173048 250458
36.173378 249760
36.173554 248323
36.174047 244273
36.176177 243306
36.194770 242246
36.195245 241707
36.195402 234696
36.199278 232434
36.202252 231269
38.876987 229610
38.880604 228783
38.885094 228060
39.393921 226656
39.396249 226355
39.396566 226005
39.398133 224159
39.400153 223859
39.407761 221726
39.411636 218722
39.413973 218311
39.415990 217737
40.244325 217185
40.244816 216586
40.254907 216174
40.600787 214522
40.601787 212797
40.608960 210867
40.611755 210061
40.614339 209906
40.614499 208666
40.616362 207271
44.552389 206832
44.552558 206642
44.563570 202771
44.564820 199980
44.565773 196335
44.567478 195589
44.567794 195260
45.994874 194455
45.997509 193818
46.053804 193258
46.057357 192821
46.062318 192205
46.064024 191794
46.065266 191147
46.068692 190926
46.073492 189634
46.073822 188021
46.075533 185137
46.094539 184801
47.864326 181864
48.054725 179473
48.056127 179440
48.056752 178178
48.057065 177838
48.064806 176604
48.066379 176294
48.066698 176188
48.068708 176025
48.255291 174945
48.259548 174551
48.261348 174270
48.293344 173454
48.664912 173273
49.310617 173111
49.317673 172986
49.318823 172760
49.319971 171864
49.320630 170180
49.341080 170145
50.132386 169390
50.394955 168271
50.407904 167836
50.409387 165466
50.426469 162327
50.440865 159185
50.461146 157707
50.465331 157089
50.466128 156861
50.485799 156341
50.500965 155707
50.589405 155508
50.589577 154062
50.621437 153987
50.623788 153141
50.628744 151765
50.665699 151684
50.679324 148423
50.694163 148146
50.700497 146674
54.555297 145536
54.555463 144567
54.559201 143842
54.568805 143714
54.570537 143489
54.571780 142682
54.576259 141592
54.599341 141448
54.600279 141350
54.600593 141164
54.616661 138554
54.617668 137465
57.999400 137426
58.004693 136235
58.007656 135203
60.525611 135164
60.627551 134874
60.628709 133901
60.656753 133797
60.662657 133680
60.702379 133618
60.824092 132661
60.824877 131445
60.832158 130260
61.982208 130259
61.984700 127429
61.985969 127391
61.996635 127377
62.116306 126343
62.124483 125938
62.127607 124536
62.282213 123821
62.483215 122848
62.494503 121359
62.620373 120955
62.628136 120787
68.100726 120763
68.165103 119085
68.448537 118375
68.555100 118233
68.556508 117914
68.607850 117910
68.608170 116018
68.641638 115512
68.689992 115352
68.695733 114689
68.696360 114271
68.710736 113809
68.752615 113278
68.772590 111291
68.799520 110274
68.872177 109721
68.877759 109410
69.039903 108250
69.073991 108074
73.324646 107180
73.756655 107074
73.806931 106171
73.954964 106040
81.923013 105596
81.955398 105419
82.016629 105392
82.121202 104062
82.140104 103885
82.677441 103375
217.784833 103291
219.111806 102586
227.230366 102560
227.292660 102411
227.298903 102381
227.301520 102343
227.475355 101975
227.482566 101937
235.812817 101845
240.534345 101713
240.710077 101686
245.830926 101651
