0.000366 577123
0.000852 572677
0.001307 569255
0.003070 568319
0.003223 565501
0.003375 565123
0.003525 550813
0.003675 546043
0.007495 534218
0.007650 530997
0.007960 527213
0.008257 526674
0.012946 506431
0.018516 502438
0.018671 494432
0.018822 493195
0.018971 484474
0.019414 478317
0.029168 473423
0.058296 466053
0.059334 457489
0.062710 456437
0.064949 450241
0.084006 447155
0.084308 440901
0.084609 436528
0.084908 434556
0.085356 429380
0.097961 428284
0.098850 416652
0.099442 402672
0.099753 397652
0.100494 394542
0.101231 384638
0.612793 383051
0.615498 381466
15.257256 376877
15.851948 372739
15.854036 369757
15.854365 361141
15.854844 358221
16.933132 350801
16.933300 350738
16.934088 345413
20.997850 344518
20.998064 344340
20.998884 342693
21.708968 341527
21.709758 340705
22.413287 339633
23.056376 339130
23.056693 337240
23.057465 332125
23.057930 329004
23.061616 327044
23.083183 326365
23.088987 324817
23.105265 323283
23.106337 318617
23.106515 317909
23.107167 317820
23.108119 317337
23.116082 316552
25.849186 314523
25.849704 310611
26.151199 309503
26.152444 308833
26.153066 308396
27.610709 307337
27.612659 306955
27.612827 303298
27.613483 300896
27.614953 296319
27.615618 294060
27.624214 291980
27.624374 289972
29.660947 289581
29.680832 287702
30.075295 286336
30.077188 285757
30.080918 281604
30.082005 281558
30.083396 277593
30.084652 276639
33.787427 275612
33.792653 271991
33.793472 268985
33.796001 268942
33.802939 263255
33.803104 261229
33.803263 261114
33.806533 260425
33.806864 260271
34.273213 260246
34.279384 260224
34.286323 256577
34.291054 255832
34.309759 254357
34.310583 254098
35.145523 252642
36.622612 252500
36.623919 251265
37.197773 249642
37.198111 247731
37.204923 245736
37.205394 241999
37.206171 241908
37.208339 241476
37.210960 237752
37.213446 236838
37.213915 236722
37.336503 233388
38.118927 230974
38.127681 226873
38.128168 224390
38.132790 224236
38.134030 224170
38.134497 223419
38.179912 222933
38.790171 221378
40.546299 221139
40.558703 217186
40.560179 216043
40.573118 215166
40.574260 214194
40.600618 211970
40.603371 210538
40.603870 209379
40.604527 209162
44.587025 208273
44.588453 207971
44.589083 207692
44.593697 206988
44.594631 206742
44.626449 205856
44.903255 205606
44.904826 202772
45.195693 202549
45.197996 198395
45.199141 198278
45.201426 198050
46.151783 197743
46.152453 197263
46.314993 197252
46.320568 196898
46.321965 195110
46.410382 194819
46.415186 194119
46.417367 193431
46.431995 192129
46.433543 192038
46.437854 190711
46.439710 190621
46.526961 190394
46.538386 188578
46.540835 187882
46.864353 186179
46.866676 184503
46.867772 183708
46.868399 181595
46.869792 179858
47.055436 179448
49.640389 179095
49.642105 177564
49.780745 176399
50.038775 173582
50.051859 171429
50.058809 168973
50.058967 168279
50.059756 168197
50.062684 168187
50.063775 167777
50.066239 166964
51.656593 166318
51.751620 166052
51.764926 165025
51.767249 164964
51.850220 164090
51.856113 163065
52.853662 162359
52.857421 159081
52.987920 159002
52.995193 158961
53.061769 158313
53.062548 158062
53.078611 156899
53.090956 156561
53.095278 156469
54.002918 156194
54.076914 155453
54.131396 155295
54.293172 154436
54.297408 153944
54.310434 153407
54.327159 151880
54.328482 151761
54.461695 151410
54.466419 150478
54.478268 150229
54.601261 149700
57.655697 148900
57.655891 148217
57.659297 148104
57.678124 147451
57.723132 147308
57.741410 145567
57.761919 144495
57.763620 144396
58.012602 144144
58.049974 144142
58.053676 143802
58.087163 143554
58.098296 142277
58.257478 141750
58.263499 141047
58.271674 139805
58.785006 139655
58.794871 138894
58.812594 138322
58.966535 138197
59.072380 137367
59.220974 137017
59.236431 136982
59.255211 136798
59.255683 135830
59.256621 135390
61.078793 134714
61.096547 133961
61.108283 133777
61.110751 133453
61.178598 132961
61.191875 131557
61.780771 129593
61.821981 128407
61.829240 128152
61.896950 127727
62.980635 127096
62.990362 126059
63.017939 125290
63.042720 125012
63.098421 124950
63.099352 124822
63.723805 124141
63.733707 124061
63.753235 123169
63.830440 122991
63.835833 122522
63.856127 122268
63.860048 121545
64.415081 120611
64.519226 118905
64.556728 118897
64.858028 118829
64.883720 118507
65.090206 117351
65.187974 115905
65.427414 115318
65.443204 115291
65.513776 114741
65.631160 114621
65.808390 114103
66.228230 113749
69.430888 113746
69.913151 113595
70.007173 113163
70.548334 113022
70.749310 110629
70.751109 109879
70.970120 109843
71.001826 109572
71.010618 109571
71.138915 109393
71.148174 109363
71.369840 108988
71.680229 108947
72.043373 108825
72.089466 108719
72.939646 107622
72.995258 107152
73.018390 107116
73.042718 107102
73.508431 107036
73.514125 106965
73.714269 106914
73.714766 106723
78.185997 106287
78.286291 106195
78.325017 106054
78.346326 105482
78.351764 104983
79.963521 104838
80.198812 104746
80.399287 104674
80.421418 104493
80.432030 104457
80.666928 104328
80.748617 104115
84.370438 103985
84.620186 103804
85.166075 103649
85.333646 103269
85.404973 103126
85.544616 103034
86.082646 103017
86.592759 102928
86.619699 102849
86.721282 102736
87.225583 102644
87.481384 102375
88.630297 102302
89.595551 102210
90.261661 102097
91.586081 101985
91.892123 101703
94.275465 101676
105.239727 101649
