0.000392 526082
0.000561 511359
0.135721 508380
0.220853 506699
0.224454 505920
0.329499 505685
0.331591 505191
0.340598 504708
0.347479 504326
0.500482 503624
0.500634 488901
0.633018 485922
0.719538 483462
0.804464 483227
0.806477 482733
0.944581 482470
0.975934 481768
0.976091 467045
1.108240 464066
1.295895 461640
1.452768 460938
1.452920 446215
1.585132 443236
1.869300 441839
1.928968 441137
1.929126 426414
2.061724 423435
2.406085 422733
2.406330 408010
2.884132 407961
2.884286 404350
2.895390 402663
2.895825 401369
2.896976 401037
2.899001 398190
2.933825 397423
2.962038 396388
2.985343 396073
2.988519 394757
3.122992 393782
3.367452 393733
3.367610 390122
3.378762 388435
3.379213 387141
3.380357 386809
3.417099 383282
3.445459 382160
3.455404 381355
3.476156 380266
3.648982 379957
3.761561 379930
3.843806 379881
3.843958 376270
3.855043 374583
3.855478 373289
3.856626 372957
3.864121 372546
3.864703 371641
3.893174 369430
3.895770 369343
3.921426 368308
3.931360 367503
3.950426 366677
3.952319 366414
4.101634 366328
4.331144 366279
4.331345 362668
4.342461 360981
4.342918 359687
4.344068 359355
4.349238 359108
4.351562 358944
4.352144 358039
4.381737 357327
4.383334 355741
4.409062 354706
4.419036 353901
4.438018 353075
4.439909 352812
4.739118 352503
4.809081 352454
4.809236 348843
4.820357 347156
4.820796 345862
4.821973 345530
4.830040 344214
4.859691 343502
4.887039 340881
4.896941 340076
4.917844 338987
5.284910 338938
5.285067 335327
5.296161 333640
5.296599 332346
5.298465 331767
5.330588 331361
5.332616 328400
5.760366 326263
5.762241 324278
5.771904 322239
5.772626 320111
5.839629 319257
5.971983 318507
6.079315 317869
6.236629 315732
6.238498 313747
6.248165 311708
6.248889 309580
6.315804 308726
6.637597 308659
6.714346 306522
6.716223 304537
6.725937 302498
6.726656 300370
6.793643 299516
7.190202 297232
7.191796 295394
7.202007 292968
7.203459 292928
7.300026 291888
7.340807 291109
7.471814 290434
7.667203 288150
7.668783 286312
7.679016 283886
7.680461 283846
7.777098 282806
7.826212 282334
8.142151 280050
8.153513 278544
8.153951 275786
8.241107 275736
8.316778 272637
8.618478 270353
8.629876 268847
8.630315 266089
8.734573 265009
9.105199 264109
9.105641 262847
9.107092 261219
9.112532 260711
9.113968 256720
9.571053 256323
9.576361 255804
9.580662 254558
9.587823 253999
9.621383 252799
9.621680 252552
9.621973 251536
9.640173 249093
10.051534 248177
10.055876 246931
10.063076 246372
10.096629 245172
10.096926 244925
10.097220 243909
10.293378 243467
10.317341 242350
10.527998 241434
10.532342 240188
10.539493 239629
10.573016 238429
10.573314 238182
10.573608 237166
10.777198 236613
10.967912 235895
10.985567 235615
11.002585 234699
11.006923 233453
11.014093 232894
11.047713 231694
11.048012 231447
11.048305 230431
11.251479 229878
11.441728 229544
11.477405 228628
11.481718 227382
11.488900 226823
11.522613 225623
11.522928 225376
11.523222 224360
11.727672 223807
11.954436 222891
11.958769 221645
11.965930 221086
11.999447 219886
11.999744 219639
12.000040 218623
12.307832 218529
12.434797 218018
12.436251 216367
12.477057 214811
12.477354 214361
12.477648 213345
12.907699 212948
12.912717 212834
12.914158 211183
12.948790 209816
12.970514 208702
13.013940 208522
13.382273 208125
13.387324 208011
13.388768 206360
13.423468 204993
13.445349 203879
13.859110 203482
13.864148 203368
13.865592 201717
13.939772 201556
14.007480 201202
14.016246 200752
14.038484 200610
14.096436 199629
14.303169 199534
14.317492 199449
14.334631 199052
14.341130 197287
14.415048 197126
14.483097 196772
14.491875 196322
14.514104 196180
14.572222 195199
14.780263 195104
14.811826 194707
14.818289 192942
14.892546 192781
14.960502 192427
14.969323 191977
14.991503 191835
15.049515 190854
15.294447 188692
15.368793 188531
15.386590 188391
15.397075 187584
15.464311 187052
15.550415 187032
15.655613 186231
15.772189 184069
15.846299 183908
15.864037 183768
15.874376 182961
15.941034 182429
16.248275 180267
16.323346 180106
16.341041 179966
16.351389 179159
16.464174 178607
16.528045 178438
16.721894 178041
16.725824 176276
16.865490 175761
16.879615 175311
17.168795 174934
17.186170 174832
17.191043 174648
17.200402 174251
17.204298 172486
17.343201 171971
17.357235 171521
17.644913 171144
17.662273 171042
17.676512 170645
17.680297 170531
17.680449 169079
17.779537 169034
17.819805 168365
17.833862 167915
18.122075 167538
18.145655 166898
18.153644 166501
18.157703 165542
18.198983 165450
18.231414 165327
18.256546 164890
18.296744 164221
18.310768 163771
18.599785 163394
18.631388 162997
18.635436 162038
18.676627 161946
18.709051 161823
18.734225 161386
18.774722 160717
18.788854 160267
19.109156 159870
19.113201 158911
19.154595 158819
19.187023 158696
19.212110 158259
19.252177 158066
19.266059 157993
19.271270 157676
19.499953 157573
19.517467 157359
19.590040 156003
19.664301 155645
19.688765 155351
19.694506 153824
20.067710 152468
20.142050 152110
20.176433 152096
20.220748 151550
20.433818 151233
20.545832 149877
20.620264 149519
20.654456 149505
20.698436 148959
21.022537 147603
21.096695 147245
21.130868 147231
21.181281 146968
21.261607 146901
21.312546 146772
21.498795 145416
21.572943 145058
21.607202 145044
21.657698 144781
21.738175 144714
21.977497 143358
22.051919 143000
22.086141 142986
22.139085 141717
22.454170 140361
22.528596 140003
22.562775 139989
22.715169 139933
22.839808 139720
22.931587 138364
23.005927 138006
23.040179 137992
23.192988 137936
23.409811 136580
23.484462 136222
23.518731 136208
23.886831 134768
23.891137 134462
23.957078 134117
24.364550 132677
24.402720 132669
24.522044 132498
24.558890 132416
24.841385 130976
24.879633 130968
24.998885 130797
25.316858 129357
25.355207 129349
25.652048 129305
25.747069 129280
25.794513 127840
25.832785 127832
26.130774 127788
26.272773 126348
26.310892 126340
26.747266 124900
26.855650 124849
26.855950 124717
27.225474 123149
27.690723 122932
27.724914 122087
27.736076 121887
27.894893 121600
28.165727 121383
28.199858 120538
28.211072 120338
28.708538 120053
28.866246 119604
28.930561 119559
28.950809 119541
29.090994 119487
29.185847 119202
29.343332 118753
29.407857 118708
29.428034 118690
29.564925 118125
29.662718 117840
29.820462 117391
29.884644 117346
29.904846 117328
30.067497 117312
30.139411 117027
30.296122 116578
30.360248 116533
30.380412 116515
30.614948 116230
30.772046 116173
30.836309 115736
31.091405 115451
31.248708 115002
31.566795 114717
31.730056 114299
31.780734 113518
32.044156 113233
32.207308 112815
32.305032 112106
32.521016 111821
32.684269 111403
32.997080 111118
33.223794 111076
33.322196 110741
33.474679 110456
33.700446 110414
33.844609 110290
33.877782 110259
33.952073 109974
34.178304 109932
34.322220 109808
34.345188 109699
34.429929 109414
34.656233 109372
34.799586 109248
34.822352 109217
34.906961 108932
35.133137 108890
35.276938 108766
35.384533 108481
35.610611 108439
35.861666 108154
36.336643 107925
37.129449 107748
37.139198 107734
37.604816 107652
37.604973 107557
37.609869 107414
38.082312 107237
38.559310 106644
38.559466 106395
39.113886 106329
39.590477 105887
76.306535 105797
76.331273 105792
76.396257 105790
76.781648 105366
76.806442 105361
77.258200 104051
77.763564 104015
77.863954 103989
77.876007 103864
78.239817 103828
78.340081 103802
78.716932 103766
78.821021 103627
79.191804 103591
244.465478 103160
245.061918 102939
245.689660 102743
246.171012 102735
246.214841 102713
246.244046 102571
246.647663 102563
246.691559 102541
246.713696 102526
246.728664 102479
247.125087 102471
247.169029 102449
247.191068 102434
247.602060 102426
247.645845 102404
247.670303 102285
248.077660 102277
248.121455 102255
248.152785 102247
248.553866 102239
248.597642 102217
249.030793 102209
249.078114 102203
249.506414 102195
