0.000355 566306
0.000698 558595
0.000856 557657
0.001311 555654
0.001762 551571
0.001916 539505
0.002362 535611
0.002677 535089
0.002831 525788
0.003132 517436
0.003285 509227
0.004027 500489
0.005061 500239
0.005363 500165
0.005957 498873
0.006402 488252
0.006555 482599
0.006870 475716
0.010689 469174
0.010993 467977
0.011438 461927
0.012033 459489
0.012919 454019
0.013071 453827
0.013222 452422
0.016603 446242
0.017346 444354
0.017940 439018
0.018240 429132
0.018540 416035
0.023796 410070
0.240576 404711
0.240742 403696
0.241631 402373
0.360998 401458
0.361525 395884
0.361681 392920
0.361832 390908
0.361985 390438
11.134222 389440
11.134452 387021
11.135414 378895
11.135573 377741
13.174124 376171
13.174328 375911
13.174674 374994
13.176129 373633
13.177061 369819
13.177220 367962
13.177372 366476
13.177848 364129
15.355609 363466
15.356600 362072
15.356924 355280
15.360177 350296
15.361115 345439
20.499998 344673
22.678936 342977
22.680593 342928
22.696365 336768
23.356033 336743
23.356210 335382
23.356847 334944
23.357320 319081
25.367799 319069
25.765751 317350
25.773513 315994
26.824454 312690
26.825784 311800
28.385246 307375
28.390674 307029
28.392000 301557
28.393795 301016
28.394312 298405
29.035344 297971
29.037223 284229
29.335555 282835
29.337283 282253
29.338706 277675
29.339237 272914
29.341429 271152
34.749684 270784
34.751671 270487
34.753815 269653
34.754824 265823
35.754515 255172
35.755198 254434
35.756174 253447
35.756494 253295
35.756649 249201
35.756803 247324
36.982102 246923
36.988200 244563
36.999485 243907
37.953701 242582
37.963868 242162
37.979125 241011
38.429021 240507
39.183490 239037
39.184489 238458
39.196168 237084
39.196835 236623
39.202602 236320
39.854620 232840
39.858753 230665
39.861061 229807
39.869276 229298
40.153275 228794
40.179778 224979
40.181098 223795
42.028396 223752
42.484323 220799
42.484806 220754
42.494005 220350
42.495122 217560
42.585569 215117
42.590266 213743
42.594175 212577
42.860743 211493
43.039797 210712
43.045090 209438
43.046999 207849
43.051858 206081
43.055452 205339
43.060143 203694
43.069170 201961
43.078191 201726
43.079521 200257
43.082506 199815
44.848443 195302
44.851595 194547
44.885511 194035
44.887418 192660
44.888665 187046
44.895232 186936
44.899452 183081
44.899773 182916
45.802486 181230
50.610444 180965
50.620796 179982
50.622119 179292
50.640687 179170
50.644648 179163
50.645477 179021
50.656834 178978
50.719951 178922
50.722448 175217
50.726517 174566
52.260946 173871
52.289688 172737
52.332682 170753
52.333162 169883
52.351639 169880
52.506096 168294
52.508308 163553
52.642029 160759
52.649215 159607
52.652967 159590
52.667348 158295
52.670631 156762
52.680605 156641
52.681432 156046
52.682928 155976
52.687533 155221
52.691825 154328
53.547854 153064
53.707469 153020
53.708300 152732
53.709945 152105
53.732197 150698
53.800309 150091
53.876081 147839
56.181373 147688
56.236732 147282
56.240377 146602
56.243362 145923
59.269520 145912
59.287483 145163
59.321260 144032
59.324405 143625
59.326124 143614
59.384677 143105
59.408109 140863
59.410141 140494
59.412501 139454
59.461804 138897
59.474651 137573
59.480406 137070
59.483717 137015
59.484543 135533
59.514098 135499
59.522628 135411
61.488168 135360
64.113921 135084
64.127746 133510
64.211424 133188
64.226557 132904
64.241198 132101
64.266925 131265
64.300263 129416
64.332655 128568
64.350556 127442
64.364457 127142
64.371592 126022
64.397004 125870
64.397340 125773
64.416706 125576
64.644879 125556
64.708822 125438
64.709491 124812
64.756710 124641
64.760824 123999
64.771703 123991
64.779430 123220
64.801746 123098
64.806031 122973
64.810828 122931
64.831862 121972
64.840745 121507
64.844863 120684
65.118457 120159
65.119641 119918
65.127866 119265
65.248335 118339
65.259737 117458
65.265688 116085
65.290990 115625
65.296576 115413
65.315303 115404
65.426049 114837
65.450852 113837
65.455628 113442
65.497241 112931
65.790902 112909
65.794187 112863
65.838164 112312
65.853290 112232
65.853955 112202
65.856436 112139
65.858085 111688
65.860244 111461
65.861073 111312
77.949648 111163
77.964295 109890
78.222034 109658
78.557320 108735
78.623785 108396
78.755267 108262
78.864395 108227
79.420274 108217
79.694310 108197
80.552521 108096
80.580796 107883
80.829872 107491
81.368815 107283
81.838067 107041
81.982688 106461
82.018576 106423
82.174268 106338
82.358520 106310
83.742929 106145
83.764461 105519
84.216528 105354
84.541470 105330
84.546100 105073
84.551723 104712
84.594162 104627
84.942122 104593
85.431777 104429
86.779373 104096
86.991544 104094
87.667051 103983
87.688615 103948
87.997897 103938
88.024026 103789
89.473095 103415
89.722050 103385
89.757450 103371
89.839721 102979
89.867217 102971
91.628122 102936
93.391298 102463
93.852115 102269
95.930816 102242
96.092745 102055
104.673329 102047
115.614046 102020
540.971313 101899
541.990196 101864
542.636064 101752
542.689106 101515
545.804308 101487
549.575311 101333
550.030061 101298
559.217401 101296
562.966608 101261
