0.000356 607803
0.000695 602661
0.000853 597198
0.001006 594643
0.001160 594014
0.001311 581983
0.003221 581935
0.005439 577703
0.005593 577311
0.006186 570120
0.006484 569653
0.006635 560904
0.006785 556804
0.006935 555673
0.007086 555398
0.007236 548398
0.007546 544834
0.007845 543604
0.007995 543597
0.008146 531940
0.008444 530063
0.009187 515894
0.011853 499017
0.012301 484656
0.013476 484452
0.018916 484386
0.020842 481267
0.021873 475058
0.022173 457962
0.023376 454927
0.026018 450181
0.026756 449169
0.029403 443519
0.029556 435789
0.029706 434876
0.030004 427742
0.030594 426649
0.030893 424152
0.031043 416126
0.031193 413652
0.031357 410786
0.031657 408850
0.032540 406799
0.033575 404385
0.033875 404309
0.034467 403693
0.034766 402794
0.631112 399398
0.889943 381523
0.892278 379010
0.892439 375428
14.241740 374037
14.475366 365606
14.475696 364051
16.124023 362444
16.125173 361679
16.125337 360699
16.125830 359043
16.125992 358544
16.228583 358221
16.228923 353036
16.229573 346659
19.677114 345455
20.090627 343523
20.697100 338331
22.391724 332796
22.394021 332660
22.394187 332127
22.743640 329139
22.748259 322181
25.068773 317847
25.069274 317387
25.072023 313151
25.084838 309725
25.085173 307869
27.226616 300935
27.226787 296746
27.227740 291186
28.378644 289230
30.043514 287999
30.420174 286903
32.663446 286874
32.690277 279577
32.690600 275236
32.690914 269994
34.005982 266358
34.007086 264889
34.008509 264486
34.008981 262276
34.861036 258902
34.863003 258641
34.879367 256943
34.882474 255583
35.407720 253956
35.408200 253942
35.409449 250971
35.415485 250294
35.416267 249737
35.419195 247120
35.421687 244522
35.451527 243668
36.717468 243312
36.718878 242464
36.726447 240985
36.727231 239349
38.166937 237398
38.434822 234633
38.510798 233900
38.516242 232282
38.517184 231270
38.517655 229227
38.518896 227231
38.521372 227096
38.575449 224193
40.900734 218855
40.901991 217472
40.905578 217132
40.906978 216620
40.911590 215390
40.912418 214758
41.547016 212817
41.547183 208649
41.548614 208066
41.549864 203367
41.550022 202166
43.292663 201073
46.746968 200899
46.849966 200616
46.872583 193754
46.873060 188549
46.900697 186624
46.902866 185925
46.913402 185904
47.087318 184717
47.089199 183692
47.089517 182560
47.093093 182511
47.097746 181454
47.101464 180491
47.104281 179981
47.116340 177964
47.120222 175752
47.123167 173339
48.988014 172982
49.151916 170808
49.177470 170701
49.198461 170697
49.198624 170230
49.205121 169160
49.205594 166553
49.284629 165884
50.605813 165442
50.606760 164916
50.607231 164724
50.650645 164536
50.652064 164109
50.807505 163614
50.810914 162332
51.623580 159736
51.627931 159305
51.632135 157658
51.632612 157493
51.634165 156651
51.635259 155676
51.642673 155577
51.644708 155044
54.170163 154897
54.229391 154883
54.375493 154721
56.577276 154549
56.581188 154387
56.581350 154191
56.582285 154183
56.586786 154046
56.615116 152307
56.621187 151169
56.672013 150852
56.688425 150808
56.946173 150544
57.005480 150493
57.035887 149332
57.047210 148011
57.049719 147876
57.053918 147852
57.078800 146362
57.117719 146183
57.121916 143728
57.124580 143539
57.124897 141688
57.125521 141592
57.130952 141331
57.167208 140582
57.281678 140016
57.337866 137865
57.485833 137486
57.492965 136694
57.495469 136213
57.509559 135465
57.520717 135156
57.523829 135089
57.557367 134955
57.607368 134937
57.608630 134928
57.619161 133678
57.628490 133369
57.629272 132654
57.674386 132483
58.569105 131802
58.590895 130826
58.594172 130577
61.013439 129596
61.023733 129458
61.038275 129114
61.075170 128779
61.134599 128520
61.137873 127849
61.150609 125377
61.203122 123614
61.213206 123596
61.231389 123388
61.317888 122989
65.115911 122833
65.131170 121576
65.131670 121502
65.194436 121025
65.225074 120664
65.234257 120535
65.235192 119845
65.241711 119779
65.272155 119743
65.316738 118578
65.324662 118542
65.337654 117912
65.452590 117086
65.486218 116638
65.493507 116600
65.498012 116412
65.581757 115662
65.591076 115050
65.591236 114863
66.849444 114258
66.934310 113935
66.974475 113878
66.976444 113708
66.983096 113106
67.234448 112663
68.980345 112120
72.652992 111904
72.930892 111707
73.031011 111016
77.654537 110831
77.701794 109558
77.770862 109244
78.019100 109109
78.094548 108739
78.206224 108219
78.311658 107775
78.744154 106612
78.803161 106463
79.331733 106231
81.588353 105272
82.669272 105160
82.671596 105130
82.685416 104953
82.852854 104936
86.240984 104684
86.584716 104533
87.969386 104395
88.028018 104387
91.530733 104337
96.936533 104259
98.171322 104232
99.836127 104144
100.648301 104032
100.726401 103926
102.818592 103918
102.891257 103843
103.033795 103825
106.521468 103805
109.650276 103749
111.559400 103575
112.882662 103124
113.631417 102838
113.998864 102830
125.808400 102811
128.126507 102803
190.170451 102759
190.326524 102582
190.940564 102563
191.062640 102555
193.514904 102285
195.590966 102182
197.743437 102174
297.490063 102100
298.090835 102052
451.455482 101964
456.832640 101804
456.845917 101627
456.855085 101600
462.412963 101066
464.690884 101039
