3.871144 7753368
3.872882 7714400
3.875517 7700849
3.877197 7696938
3.941725 7689157
3.981516 7684671
3.983189 7665922
3.990600 7653805
3.997037 7636372
4.028947 7624057
4.144644 7609457
4.152008 7596769
6.703773 7596187
6.726561 7573720
6.730089 7562008
6.733612 7544575
6.741605 7544543
6.745125 7532260
6.748653 7518443
14.341278 7517140
25.116559 7510290
39.743839 7508666
42.779916 7505204
44.009669 7473472
44.013301 7447501
117.114001 7428468
117.115674 7423629
117.118272 7412571
117.119964 7409507
187.811908 7402875
187.910434 7400183
187.934035 7387869
187.937622 7376157
187.941213 7358724
187.949284 7358692
187.952859 7346409
187.956434 7332592
187.976364 7303508
187.989976 7285287
188.122286 7280538
188.125866 7280441
188.355877 7265199
188.360557 7265179
188.494471 7262765
188.496185 7244016
188.537287 7232279
189.062857 7222258
189.102107 7211037
189.222590 7204266
189.265474 7189121
189.380139 7176002
189.422954 7160857
189.598609 7148714
189.641332 7133569
