0.000329 7295556
0.000467 7245913
0.001028 7180372
0.006163 7168043
0.013463 7166687
0.023035 7099027
0.024919 7034665
0.026969 6972355
0.027976 6930672
0.035012 6863728
0.264535 6861020
0.264756 6811377
0.265320 6728358
0.290668 6570856
0.292566 6552896
0.448150 6522786
0.512118 6520078
0.512240 6470435
0.512798 6387416
0.534630 6229914
0.536519 6211954
0.755862 6209246
0.755989 6080127
0.779554 6051298
0.785004 6011417
0.786567 5937858
0.876459 5932381
1.000228 5929673
1.000349 5800554
1.002450 5797011
1.023664 5769548
1.029303 5731844
1.030639 5726285
1.033184 5723088
1.034193 5696119
1.079037 5693666
1.110031 5662154
1.244885 5659446
1.245007 5530327
1.268282 5501498
1.274058 5461617
1.275293 5388058
1.489945 5385350
1.490067 5256231
1.529636 5242999
1.530655 5222696
1.559481 5222389
1.560923 5217788
1.567127 5179532
1.578891 5140748
1.695082 5120191
1.734009 5117483
1.734130 4988364
1.774446 4961147
1.803750 4954522
1.806978 4947778
1.813503 4914180
1.835737 4881476
1.979090 4878768
1.979218 4749649
2.019482 4722432
2.051963 4709063
2.058515 4675465
2.109113 4660776
2.223533 4658068
2.223655 4528949
2.261986 4515717
2.292643 4511358
2.296523 4495107
2.299763 4452250
2.312291 4432575
2.469332 4429867
2.469454 4300748
2.505492 4297113
2.541389 4266906
2.713508 4264198
2.713633 4135079
2.750697 4107862
2.858282 4093945
2.958230 4091237
2.958353 3962118
2.997681 3958483
3.040272 3936308
3.202450 3933600
3.202573 3804481
3.242072 3800846
3.394696 3798777
3.418069 3782004
3.456157 3779296
3.456281 3650177
3.641310 3617467
3.701920 3614759
3.702045 3485640
3.740472 3482005
3.946409 3479297
3.946533 3350178
4.181986 3348988
4.191270 3346280
4.191391 3217161
4.437778 3209916
4.440043 3203776
4.446290 3184658
4.446854 3161683
4.453405 3142285
4.480961 3127925
4.496925 3124047
4.546254 3111938
4.552249 3093641
4.682162 3086396
4.684376 3080256
4.690724 3065808
4.691175 3045790
4.697963 3006322
4.741279 3000527
4.790586 2988418
4.926973 2981173
4.934195 2975981
4.939517 2962811
4.939639 2960346
4.939869 2910344
4.947077 2895455
4.983411 2891985
5.171509 2884740
5.178738 2879548
5.184095 2866378
5.184217 2863913
5.184447 2813911
5.191667 2799022
5.227081 2790194
5.416186 2782949
5.423418 2777757
5.423539 2770759
5.428766 2764587
5.428887 2762122
5.429115 2712120
5.436343 2697231
5.569728 2693856
5.660736 2686611
5.667958 2681419
5.668079 2674421
5.673304 2668249
5.673425 2665784
5.673654 2615782
5.680877 2600893
5.905250 2598292
5.905593 2587508
5.912601 2560713
5.960720 2554261
5.966389 2551609
5.983781 2523486
6.149667 2520885
6.150027 2510101
6.157007 2483306
6.210811 2474202
6.274464 2461042
6.394383 2458441
6.394726 2447657
6.401704 2420862
6.452410 2414410
6.601176 2406820
6.624668 2399470
6.639460 2396869
6.639799 2386085
6.646793 2359290
6.697139 2352838
6.845361 2345248
6.883384 2342647
6.883726 2331863
6.890718 2305068
6.941040 2298616
7.097731 2297647
7.128184 2295046
7.128525 2284262
7.135552 2257467
7.185890 2251015
7.372377 2248414
7.372718 2237630
7.379714 2210835
7.452564 2199410
7.617617 2196809
7.617964 2186025
7.624923 2159230
7.830150 2148114
7.861695 2145513
7.862044 2134729
7.869019 2107934
8.067679 2105114
8.106414 2102513
8.106757 2091729
8.113752 2064934
8.352871 2051549
8.373013 2047433
8.373141 2036094
8.464904 2032139
8.532508 2028219
8.598505 2014834
8.618641 2010718
8.618765 1999379
8.710409 1995424
8.843456 1982039
8.863504 1977923
8.863627 1966584
9.022375 1966388
9.022497 1962820
9.088462 1949435
9.108530 1945319
9.108654 1933980
9.338424 1932519
9.345872 1923513
9.352961 1918752
9.353082 1912644
9.366499 1905440
9.582576 1903979
9.590024 1894973
9.597147 1890212
9.597269 1884104
9.672568 1881578
9.752031 1878862
9.827070 1877401
9.834513 1868395
9.841625 1863634
9.841747 1857526
9.916943 1855000
10.071398 1853539
10.078865 1844533
10.085967 1839772
10.086089 1833664
10.310708 1820279
10.339073 1819966
10.370267 1819639
10.544743 1817672
10.553432 1817434
10.554889 1804049
10.583227 1803736
10.614430 1803409
10.790097 1801442
10.800265 1788057
10.828553 1787744
10.859788 1787417
11.042120 1785734
11.044564 1772349
11.072912 1772036
11.104117 1771709
11.289102 1758324
11.317503 1758011
11.540018 1756550
11.547478 1747760
11.619477 1747655
11.672370 1745794
11.784364 1744333
11.791812 1735543
11.863625 1735438
11.931299 1733788
12.031695 1732327
12.039435 1723537
12.114161 1723432
12.221909 1723282
12.285944 1721821
12.293661 1713031
12.365529 1712926
12.530397 1711465
12.537842 1702675
12.775413 1699757
12.775649 1694627
13.009863 1693382
13.019812 1690464
13.020048 1685334
13.254368 1683068
13.264439 1680150
13.264674 1675020
13.508414 1672102
13.541328 1669495
13.641168 1667865
13.752575 1664947
13.785437 1662340
13.997648 1659422
14.049642 1658744
14.202162 1658700
14.242003 1655782
14.294101 1651240
14.486314 1648322
14.544660 1646065
14.544782 1641595
14.730539 1638677
15.190286 1636790
15.190410 1635819
15.436318 1635559
15.436440 1628179
63.262702 1618772
63.448315 1618766
63.448445 1617854
63.473203 1616608
63.503069 1614064
63.692170 1614058
63.692295 1613146
63.717119 1611900
63.937513 1611894
63.937640 1610982
64.185905 1610828
112.494584 1605074
112.647490 1604993
112.658704 1603474
112.790981 1602971
112.792980 1601297
112.891729 1601216
112.902928 1599697
113.034519 1599194
113.135412 1599113
113.146612 1597594
113.379618 1596731
113.480622 1596676
113.519000 1596362
113.624113 1595499
113.725323 1595444
113.868464 1594581
177.894279 1590774
178.116935 1585620
178.166337 1585407
178.360949 1580253
178.610395 1579021
178.704408 1577850
178.854535 1576618
178.980985 1576437
179.098492 1575205
179.385999 1574563
195.370380 1572401
195.803061 1570485
195.805399 1567877
196.063070 1564959
196.317401 1562577
