0.000389 7364436
0.001012 7263960
0.001578 7234326
0.002365 7201327
0.016630 7050771
0.017663 7024460
0.050069 6989401
0.245205 6937064
0.245881 6809573
0.247108 6773955
0.261251 6623399
0.262260 6597088
0.370420 6590715
0.495576 6538378
0.496256 6410887
0.509159 6375146
0.511609 6224713
0.742023 6208538
0.742263 6076715
0.753387 6071128
0.754627 6009144
0.768976 5969645
0.817603 5940696
0.818505 5900721
0.821642 5881879
0.987912 5774314
0.989603 5752098
0.995296 5698882
1.009378 5692337
1.009720 5569644
1.232805 5557785
1.235468 5544561
1.235588 5439863
1.240263 5421542
1.268115 5368797
1.278775 5323689
1.405207 5279210
1.478497 5267351
1.481178 5254127
1.481299 5245903
1.481417 5178584
1.486013 5131108
1.513964 5078363
1.654323 5056611
1.660521 5014364
1.731452 5002505
1.734130 4989281
1.734249 4981057
1.734367 4975595
1.738087 4971419
1.738899 4922795
1.739036 4866262
1.766952 4813517
1.902623 4791765
1.940173 4780027
1.977303 4768168
1.979963 4754944
1.980109 4746720
1.980234 4741258
1.983927 4737082
1.984737 4688458
1.984857 4631925
2.012801 4579180
2.150396 4557428
2.225043 4545569
2.231627 4539875
2.232086 4532116
2.232425 4465859
2.232543 4409326
2.260486 4356581
2.471433 4249016
2.481761 4247221
2.520714 4224261
2.521945 4195752
2.536746 4174360
2.717174 4066795
2.765876 4054862
2.766660 4046699
2.767333 4012449
2.842837 3994350
2.962114 3886785
3.011044 3874852
3.012052 3833521
3.103762 3833072
3.207545 3725507
3.256577 3713574
3.257619 3672243
3.455995 3611719
3.463364 3584394
3.467717 3564856
3.572956 3561756
3.617166 3524032
3.701142 3463508
3.708364 3436183
3.777973 3429823
3.807040 3428401
3.817036 3423259
3.876269 3410854
3.946007 3350330
3.953263 3323005
3.956153 3303467
4.131318 3284100
4.191144 3223576
4.198373 3196251
4.269769 3186795
4.298489 3183194
4.309389 3173613
4.437484 3113089
4.444723 3085764
4.512417 3079404
4.541590 3077982
4.558705 3067319
4.683112 3006795
4.690375 2979470
4.927194 2973254
4.933773 2944023
4.976342 2888952
5.171922 2882736
5.178481 2853505
5.246719 2851324
5.247286 2850595
5.247627 2840392
5.248299 2802593
5.279686 2801749
5.418001 2795533
5.424662 2766302
5.489850 2754663
5.497181 2747240
5.513172 2731004
5.543850 2719828
5.663088 2713612
5.669645 2684381
5.734771 2672742
5.742124 2665319
5.758091 2649083
5.830758 2645641
5.908275 2639425
5.914837 2610194
5.980115 2598555
5.987454 2591132
6.003404 2574896
6.153129 2568680
6.159686 2539449
6.225101 2527810
6.232431 2520387
6.298782 2514474
6.320751 2514420
6.399082 2508204
6.405654 2478973
6.470837 2467334
6.478169 2459911
6.544247 2452488
6.644472 2446272
6.651114 2417041
6.716343 2405402
6.723685 2397979
6.845544 2393413
6.889878 2387197
6.896424 2357966
6.962848 2353695
6.968075 2337828
7.135602 2331612
7.142181 2302381
7.204230 2290742
7.237694 2279248
7.380396 2273032
7.386991 2243801
7.524130 2238629
7.625541 2232413
7.632079 2203182
7.751266 2200341
7.782978 2192785
7.870118 2186569
7.876717 2157338
8.119667 2149774
8.120398 2114887
8.121766 2064127
8.367602 2055664
8.415962 2050907
8.422665 2038133
8.435210 2037259
8.524138 2029896
8.613180 2021433
8.661524 2016676
8.668187 2003902
8.680782 2003028
8.774181 1981771
8.859147 1973308
8.907518 1968551
8.914219 1955777
8.926771 1954903
9.044290 1954430
9.055647 1948001
9.105015 1939538
9.153256 1934781
9.159916 1922007
9.172470 1921133
9.289685 1920660
9.350292 1912197
9.398741 1907440
9.405439 1894666
9.418004 1893792
9.596333 1885329
9.645008 1869014
9.675782 1850190
9.843037 1841727
9.891597 1836970
9.938546 1824314
10.088153 1815851
10.136691 1808646
10.143169 1791275
10.333627 1782812
10.529198 1778008
10.578172 1769545
10.707970 1769351
10.790047 1768391
10.822993 1759928
10.953061 1759734
11.041998 1759660
11.068200 1751197
11.194842 1750503
11.313985 1742040
11.483652 1741846
11.558946 1733383
11.803657 1729662
11.803781 1703304
12.050025 1702072
12.064529 1694029
12.309246 1693166
12.343344 1690969
12.361315 1689450
12.375128 1685674
12.554822 1684811
12.588840 1682614
12.606588 1681095
12.625826 1677495
12.662247 1677364
12.800236 1676501
12.834173 1674304
12.851954 1672785
12.871123 1669185
13.045464 1668322
13.079580 1666125
13.097343 1664606
13.180012 1662651
13.196553 1661124
13.291111 1660261
13.325121 1658064
13.342905 1656545
13.425405 1654590
13.459782 1653969
13.501440 1653270
13.536323 1652407
13.570334 1650210
13.588065 1648691
13.670663 1646736
13.705130 1646115
13.781551 1645252
13.815606 1643055
13.833381 1641536
13.915977 1639581
14.026685 1638718
14.060715 1636521
14.078446 1635002
14.272063 1634139
14.311123 1632317
14.311247 1614822
14.518821 1613959
14.577747 1612419
14.730379 1610572
14.738026 1610114
14.763625 1609251
14.822533 1607711
14.975499 1605864
15.008676 1605001
15.067627 1603461
15.254634 1602598
15.454025 1601767
15.507862 1600904
15.738547 1600354
15.762142 1599491
111.267013 1597498
111.519711 1594231
111.532828 1592271
111.766388 1587017
112.144906 1586671
112.152708 1586531
112.197728 1585417
112.389907 1585071
112.397701 1584931
112.438677 1584554
112.634724 1584208
112.642513 1584068
208.425933 1583774
208.775423 1582174
208.845640 1582080
209.020852 1580480
209.275767 1579617
209.348867 1578930
209.521320 1578067
