0.000361 7055464
0.000656 7025816
0.000921 6958764
0.001434 6850109
0.001565 6822580
0.001695 6808102
0.002076 6790619
0.002455 6680596
0.002833 6633795
0.003086 6633017
0.003588 6500613
0.003718 6461589
0.003847 6392374
0.005038 6322326
0.005419 6272151
0.005675 6165168
0.006054 6114292
0.006183 6078397
0.006437 6051411
0.006692 6048440
0.007317 5834901
0.007694 5831146
0.007949 5796961
0.008078 5752920
0.008347 5735771
0.008478 5587620
0.008606 5437636
0.008859 5353750
0.009116 5314463
0.009620 5297973
0.011493 5141024
0.012248 5125156
0.014503 5116862
0.014635 5102864
0.014765 4985634
0.014895 4928992
0.015522 4874492
0.016540 4865650
0.018408 4856559
0.020031 4792579
0.021042 4784603
0.021174 4772974
0.021675 4766937
0.023791 4747802
0.025421 4721854
0.026054 4543420
0.027211 4523916
0.028110 4411740
0.029539 4297937
0.029678 4279074
0.030710 4178877
0.033675 4162862
0.036763 4162003
0.038178 4144997
0.040755 4137119
0.042289 3997541
0.042808 3988567
0.058338 3988178
0.060016 3977695
0.060155 3943950
0.063493 3933195
0.067623 3841976
0.071236 3793968
0.072144 3779300
0.072296 3771009
0.072433 3762961
0.072823 3762715
0.073343 3713707
0.076031 3618651
0.077731 3589652
0.083377 3506413
0.083776 3496316
0.086837 3466805
0.088481 3248743
0.090476 3246047
0.094416 3236098
0.094687 3215937
0.101492 3181835
0.104711 3160208
0.105109 3140769
0.108839 3103887
0.114219 3053056
0.116041 3027867
0.116464 2943217
0.153129 2900794
0.154966 2885470
0.156816 2842021
0.169848 2810935
0.175837 2804836
0.179860 2695808
0.187705 2542121
0.230975 2542052
0.243096 2541799
0.247086 2529999
0.274519 2521149
0.277194 2509125
0.285845 2495126
0.292571 2488053
0.317840 2481294
0.321484 2480133
0.331010 2472745
0.333441 2455463
0.344321 2455115
0.518721 2434382
0.544779 2418620
0.545935 2405506
0.547106 2404517
0.547890 2403378
0.550516 2358655
0.554873 2357328
0.564632 2338193
0.573514 2331573
0.591780 2316555
0.600771 2314139
0.613320 2313232
0.623699 2270241
0.648208 2270066
0.664063 2266021
0.667170 2256728
0.669378 2252502
0.669907 2246416
0.671972 2239394
0.672631 2233988
0.674131 2221021
0.676004 2219290
0.739276 2215550
0.757543 2211603
0.758577 2210870
0.766910 2193454
0.779503 2187367
0.787272 2184379
0.790009 2147569
0.875352 2138997
1.188047 2138205
1.193799 2132195
1.665448 2124192
1.720596 2118442
1.760529 2111502
1.764205 2106976
2.012891 2105354
2.018224 2093120
2.057413 2088765
2.075395 2085892
2.093537 2067993
2.131817 2065957
2.197905 2051231
2.231351 2045442
2.233194 2041319
2.636424 2036259
2.655744 2017088
2.659828 2013714
2.662026 2010072
2.664336 1994180
2.665563 1993198
2.755654 1981858
3.372365 1973764
3.377468 1973755
3.386449 1971069
3.406602 1954852
3.412018 1940917
3.412161 1939168
3.414218 1932468
3.426871 1923635
6.353202 1906840
6.380437 1902045
6.407179 1898216
6.554233 1896488
6.832421 1895654
6.836920 1891442
7.022136 1871839
7.215548 1871097
7.230369 1860147
7.245832 1835532
7.259999 1833668
7.266800 1823388
7.821766 1813820
7.822775 1810043
7.848281 1809193
8.571992 1805881
8.885284 1804784
8.996584 1796953
8.998226 1796257
9.007714 1794880
9.020560 1785850
9.479748 1784379
9.615545 1776226
9.711321 1775226
9.711464 1768027
9.760948 1767335
9.762175 1761036
9.763262 1757149
9.810949 1754102
9.816380 1748345
9.828322 1747347
9.885656 1737845
9.887820 1737592
9.892327 1736863
9.912422 1734203
9.962683 1720671
9.964879 1719994
10.076379 1718033
10.078142 1711978
10.577995 1705995
10.881984 1704723
10.884724 1702569
10.891498 1690303
10.896423 1688340
10.911295 1682547
14.608255 1682439
14.624880 1678017
14.652157 1670053
15.284627 1669992
15.724406 1657986
17.271328 1657674
17.272214 1651664
17.287443 1650063
17.299114 1645434
17.340733 1634738
17.361935 1628671
17.366291 1628439
17.480472 1626432
17.578055 1622577
17.722459 1621935
17.974182 1619714
18.009642 1618911
18.059421 1617311
18.098508 1616448
18.185267 1615833
19.296765 1615286
19.325973 1607800
19.353831 1603873
19.397228 1600187
19.398525 1597728
19.414686 1596320
19.450787 1592659
26.463515 1588448
26.473374 1587962
26.649450 1584308
27.070792 1583691
27.226706 1581232
27.348765 1579116
27.369666 1576713
29.098932 1576346
29.307356 1573941
29.418484 1572025
30.191987 1570895
36.750893 1570561
37.570094 1569839
38.118415 1569063
176.995270 1566902
176.998946 1566260
183.529384 1565938
185.227273 1565423
187.299399 1564525
187.759616 1563883
189.364222 1563020
