0.000340 7567412
0.000501 7563960
0.000763 7502118
0.001146 7392297
0.001527 7389756
0.001907 7356328
0.002036 7312252
0.002165 7288987
0.002419 7279390
0.002685 7123938
0.002815 7075744
0.003068 7063784
0.003197 6986731
0.003699 6950586
0.004201 6870872
0.004579 6647439
0.004707 6644258
0.004959 6638421
0.005335 6633879
0.005589 6623367
0.006090 6600856
0.006853 6557042
0.006983 6550864
0.007605 6438065
0.007736 6414579
0.008357 6358403
0.008486 6187323
0.008738 6182877
0.009118 6053243
0.009744 5949017
0.010632 5896997
0.011137 5870480
0.011391 5753708
0.011519 5743290
0.012265 5703944
0.012641 5662201
0.013141 5653893
0.014383 5516726
0.014776 5456465
0.014906 5452323
0.015900 5450148
0.016525 5436510
0.016901 5389317
0.017648 5298753
0.018394 5223456
0.018533 5206997
0.019158 5171782
0.019288 5117788
0.020406 5106911
0.022147 4935545
0.023904 4928019
0.024158 4910331
0.024410 4853264
0.024538 4789092
0.024791 4730861
0.025537 4651313
0.025791 4639527
0.026293 4564585
0.027934 4489797
0.028190 4440786
0.030807 4415414
0.031312 4414383
0.032184 4313173
0.032313 4295651
0.034294 4295087
0.034734 4276087
0.037218 4226334
0.041200 4174492
0.044199 4137966
0.044458 4085776
0.045579 4081069
0.046330 3979735
0.048831 3873455
0.055656 3861496
0.055790 3823911
0.060647 3770747
0.060780 3755620
0.063888 3744104
0.067126 3734150
0.067384 3713740
0.074092 3713225
0.080342 3705678
0.080729 3702079
0.082097 3628643
0.091161 3621264
0.093645 3603759
0.094396 3585008
0.095662 3584037
0.102171 3568783
0.102584 3546058
0.105810 3481648
0.106713 3481065
0.109313 3451680
0.111686 3444987
0.121361 3412907
0.123242 3407900
0.123498 3397960
0.129563 3393589
0.129697 3391559
0.132324 3387863
0.132954 3332071
0.135824 3248361
0.137069 3247464
0.139561 3240732
0.142803 3240572
0.142936 3169789
0.143561 3090359
0.144061 3077758
0.145677 3075262
0.149051 3065240
0.150803 3060066
0.151059 2913584
0.153535 2906427
0.171686 2874118
0.171822 2852910
0.175914 2798128
0.195238 2791036
0.196734 2790735
0.300443 2776335
0.303518 2773152
0.310348 2690897
0.327202 2682265
0.330178 2679693
0.331806 2677263
0.335827 2672450
0.342388 2649610
0.350327 2625593
0.350592 2609154
0.353072 2600665
0.353575 2595913
0.356069 2590704
0.366704 2562619
0.368072 2556869
0.368945 2555286
0.372183 2546062
0.426755 2542439
0.476616 2534220
0.484066 2530306
0.495622 2529839
0.496993 2517908
0.505685 2474758
0.506071 2468516
0.508323 2441515
0.509820 2413890
0.509952 2405474
0.605443 2390000
0.610087 2389949
0.613859 2386188
0.624662 2384769
0.641391 2383057
0.646112 2377941
0.753622 2356866
0.796930 2355846
0.805378 2304530
0.810263 2301000
0.888380 2294510
0.894718 2292939
0.902758 2273768
1.196003 2271343
1.276041 2238193
1.294212 2233874
1.297701 2222416
1.302586 2221021
1.305090 2215459
1.306779 2187350
1.307892 2184413
1.310247 2183386
1.313851 2182574
1.314842 2169566
1.316911 2157080
1.317882 2151361
1.331352 2147042
1.344103 2142722
1.388338 2136626
1.401158 2132823
1.415067 2125167
1.431235 2108174
1.462435 2052360
1.462859 2022054
1.763144 2015745
1.768940 2010608
1.769739 2009738
1.809812 2006911
1.815101 2002913
3.353882 1996956
3.357222 1991204
3.363184 1979537
3.365170 1969894
3.372333 1967961
3.374055 1962194
5.337576 1959472
5.343645 1955441
5.366631 1954166
5.368231 1942455
5.371041 1928564
5.380458 1910085
5.487735 1890248
5.498077 1890069
5.736859 1878175
5.928728 1869002
6.423673 1864340
6.438734 1858066
6.446076 1856242
6.490771 1855927
7.530456 1854549
7.533163 1847800
10.553428 1846881
10.554705 1839479
11.064370 1830084
11.174573 1823623
11.179500 1804870
11.236634 1800867
11.256681 1795986
11.626629 1784680
13.403579 1775887
13.408574 1775545
13.460936 1765201
13.465458 1765053
13.569322 1759590
13.572649 1758580
13.587901 1757405
13.602903 1745468
13.683749 1732644
13.693737 1732629
13.699860 1730439
13.701459 1726780
13.710369 1722757
13.787318 1720276
13.821799 1714751
15.755342 1698274
15.759476 1692061
15.760808 1691614
15.763611 1688343
15.771863 1683010
18.179761 1680666
18.187210 1678284
18.392650 1674885
18.419613 1672184
18.432594 1669687
18.557699 1657519
18.657846 1656058
22.412911 1652407
22.415552 1637359
22.452436 1636496
22.460290 1634959
22.880443 1620328
22.885110 1614259
22.888581 1614170
22.899854 1610959
22.912214 1609727
22.926667 1603270
23.025495 1601338
23.049052 1601177
23.057823 1595676
24.194202 1595401
24.195295 1591537
24.222511 1588619
24.722542 1587985
25.315324 1587760
25.353207 1580605
26.022020 1579005
26.618341 1577311
27.355302 1572692
28.197388 1572022
28.719048 1571106
28.860107 1570467
28.939247 1568338
29.357015 1563853
30.327383 1563615
30.356548 1562976
30.656446 1561744
32.400540 1560881
39.157753 1560098
41.837106 1558970
42.491311 1558749
44.350135 1558107
