0.000370 7633136
0.000692 7485836
0.000835 7471352
0.001236 7440557
0.001636 7337496
0.002161 7309014
0.002296 7241129
0.002957 7197262
0.003221 6929263
0.004264 6833852
0.004398 6815297
0.004804 6809650
0.005068 6750364
0.005463 6656733
0.005725 6621450
0.005860 6611103
0.005994 6607527
0.006909 6472509
0.007171 6427399
0.007692 6209952
0.007827 6194775
0.008626 6156428
0.008895 6126222
0.009441 6056404
0.010657 6053495
0.011318 6042732
0.011869 5985182
0.012564 5948171
0.012699 5917070
0.013648 5868528
0.013783 5825629
0.015124 5753524
0.015513 5752986
0.015648 5581408
0.016312 5487992
0.016859 5478340
0.020837 5436022
0.023069 5421188
0.023338 5366136
0.024689 5352764
0.025099 5339525
0.025629 5318318
0.025899 5310368
0.028459 5247600
0.028609 5238401
0.030921 5236646
0.031711 4961615
0.032108 4960178
0.032646 4753301
0.033478 4748800
0.034161 4725135
0.034992 4709883
0.035545 4666495
0.035678 4602893
0.037259 4576859
0.037652 4575909
0.038046 4550013
0.038323 4534432
0.040804 4433250
0.042066 4360876
0.043014 4350211
0.044713 4346506
0.046019 4342727
0.046159 4301337
0.046930 4291094
0.047584 4230634
0.047720 4215709
0.048819 4180593
0.048955 4169370
0.049362 4087006
0.052627 3997152
0.052781 3926584
0.053176 3925268
0.053843 3855441
0.055401 3833708
0.055924 3830207
0.056848 3826760
0.059920 3745719
0.061277 3729471
0.064815 3644354
0.065729 3618926
0.072283 3604769
0.079335 3486878
0.085087 3477067
0.086699 3462212
0.087484 3451433
0.089477 3432827
0.092450 3426231
0.094546 3266478
0.099260 3162626
0.102450 3106191
0.103112 3079027
0.112305 3057289
0.113456 3046602
0.115924 3039919
0.117929 3020389
0.121175 3019813
0.126862 3006286
0.129530 2997155
0.129926 2940270
0.134280 2932413
0.135711 2912153
0.135850 2911565
0.143726 2901599
0.147622 2856493
0.164650 2807980
0.167131 2764783
0.173744 2754734
0.183661 2753018
0.190723 2724661
0.203374 2672780
0.207177 2654442
0.208101 2654077
0.214192 2636188
0.233472 2622855
0.450569 2613958
0.455592 2600977
0.468801 2504916
0.471503 2502848
0.472056 2502513
0.473643 2438313
0.474432 2413088
0.474570 2384519
0.477657 2376363
0.482173 2370858
0.482570 2310961
0.483370 2309411
0.488578 2298682
0.492631 2251243
0.494200 2238005
0.784749 2236047
0.785027 2226335
0.789444 2177534
0.795892 2101264
0.935756 2100799
1.071514 2096169
1.071670 2086571
1.072218 2081319
1.075261 2069057
1.078415 2055437
1.079100 2042509
1.409452 2038830
1.411812 2027914
3.255855 2011398
3.309921 1997244
3.316646 1994829
3.328829 1990394
3.695494 1975205
3.711836 1968146
3.890577 1966808
3.893576 1945024
5.611913 1934203
5.615727 1882230
5.618342 1881164
5.620121 1876170
5.633975 1874551
5.653638 1850816
5.668607 1848447
5.672639 1847034
5.678997 1837028
5.696217 1829567
8.535473 1825922
9.265629 1816448
9.266337 1799480
9.272514 1787809
9.310747 1778009
9.316885 1771861
9.378494 1757689
9.380407 1739308
9.621019 1736270
9.623488 1732863
9.696938 1732266
13.823416 1731291
13.826175 1724150
13.830337 1724134
13.837899 1721553
13.839014 1711470
14.084956 1698628
14.184613 1688297
21.702849 1683912
21.795223 1683197
21.825070 1672105
21.894621 1665067
21.958430 1663303
22.046668 1660243
22.180858 1657538
22.218018 1651048
22.238411 1650995
22.395583 1647921
22.577314 1647452
22.581221 1647298
22.581773 1647165
22.638341 1637284
22.644366 1637130
22.798257 1636109
22.843897 1635246
23.811333 1634293
23.834318 1633053
23.845597 1629185
23.848332 1627267
23.882532 1613151
23.892144 1611457
24.910345 1610211
37.958218 1605862
38.554822 1605714
38.698075 1605574
38.776481 1603824
39.056398 1603600
41.969229 1603589
42.675083 1603333
44.523139 1603043
45.233908 1602821
175.691342 1601288
175.708636 1600646
176.123316 1599414
176.347726 1599281
176.378830 1599075
176.378976 1595950
177.191431 1594241
187.388105 1594034
