0.000397 6858203
0.000829 6739145
0.001089 6701624
0.001343 6691279
0.001474 6626694
0.002220 6556380
0.002607 6518097
0.002739 6489797
0.002990 6436617
0.003119 6248865
0.004725 6222576
0.006078 6135083
0.006328 6104314
0.006633 6094450
0.007132 6055821
0.007262 6049711
0.008004 6040136
0.008131 6003025
0.008632 5971985
0.008760 5943811
0.008888 5905778
0.009015 5852160
0.009388 5834039
0.010495 5796638
0.010677 5688158
0.010938 5680872
0.011065 5617559
0.011685 5613755
0.013411 5533868
0.014033 5491986
0.014164 5467396
0.015170 5449254
0.015421 5443741
0.015549 5403630
0.017523 5283226
0.018146 5245618
0.018397 5160148
0.018658 5146514
0.019159 5134276
0.019659 5018913
0.022000 4947244
0.022758 4930956
0.023010 4863057
0.023386 4857817
0.023884 4800536
0.025116 4746689
0.026105 4734423
0.026658 4671149
0.026788 4496852
0.029626 4446211
0.031006 4426026
0.032864 4305494
0.033118 4242349
0.033738 4178539
0.033991 4141465
0.034366 4140639
0.034632 3980235
0.039934 3967780
0.046586 3923588
0.048191 3912708
0.050288 3851946
0.050673 3830956
0.052277 3773036
0.052531 3769639
0.052659 3700919
0.053894 3582038
0.054270 3577266
0.055955 3530720
0.057651 3511360
0.057916 3494275
0.063449 3492477
0.063961 3477512
0.065580 3436845
0.073036 3429392
0.074043 3417733
0.075927 3341838
0.076806 3285770
0.078305 3271292
0.079695 3143366
0.081186 3137721
0.086563 3123796
0.091048 3116694
0.097735 3114145
0.097997 3113293
0.101110 3095720
0.102743 3094409
0.107094 3086007
0.107972 3083167
0.112821 3052212
0.119177 3012157
0.119686 3011331
0.124643 2943215
0.132579 2883906
0.134833 2878987
0.138306 2801939
0.139441 2784670
0.139575 2770626
0.145290 2737962
0.152234 2731605
0.156335 2723212
0.158210 2721653
0.158344 2719400
0.169030 2667318
0.180191 2662080
0.180453 2654217
0.183819 2643536
0.188918 2617439
0.189551 2598423
0.193038 2591666
0.196777 2579799
0.205355 2558339
0.215781 2556119
0.219643 2545396
0.219780 2538228
0.233542 2514833
0.239267 2508525
0.249925 2471205
0.257496 2447950
0.292157 2444199
0.295303 2433688
0.296930 2433607
0.303046 2413244
0.303989 2406867
0.308741 2396985
0.313720 2389275
0.315113 2374207
0.316240 2358294
0.323453 2352653
0.324464 2333930
0.324974 2333153
0.356809 2325647
0.360052 2324300
0.365145 2316451
0.367527 2293923
0.367662 2256131
0.370918 2252084
0.374031 2241393
0.375171 2232094
0.380262 2220148
0.498522 2210509
0.499431 2159504
0.499816 2143787
0.546845 2138402
0.551212 2135882
0.566346 2104421
0.570209 2088216
0.589058 2087418
0.591061 2086592
0.605430 2072558
0.610159 2062856
0.620708 2058958
0.629785 2051245
0.632665 2047374
0.640553 2038822
0.644572 2025423
0.648332 2021867
0.653254 2004071
0.653396 1993662
0.653664 1977145
0.655110 1972066
0.843240 1964429
0.845706 1956906
0.857002 1946302
0.861367 1945263
0.914298 1944153
0.916783 1930135
0.920468 1907060
0.928112 1906979
0.935866 1896887
0.977943 1880204
0.978498 1880123
2.753678 1869711
2.756234 1869264
2.774000 1865688
2.784340 1818291
2.786169 1813341
5.945283 1808398
5.961542 1804626
5.968251 1800188
5.985507 1787521
5.988542 1762156
6.035853 1761867
8.213782 1752203
8.214497 1750653
8.217403 1744320
8.470382 1737458
9.980710 1733179
9.981032 1730615
12.024837 1695017
12.026210 1693480
12.035811 1688239
12.041473 1677703
12.143620 1677008
12.159103 1675288
12.226162 1674601
13.249681 1671576
14.638689 1668812
14.674540 1661945
14.694568 1657237
14.809512 1652289
14.837543 1647411
14.956746 1646592
15.069024 1642301
15.085600 1637593
15.173666 1634515
15.178936 1631626
15.179916 1618857
22.792579 1617882
22.801729 1616973
22.834849 1613962
22.839842 1603466
22.849151 1599883
22.924167 1597519
22.924972 1596877
23.177356 1594862
23.273642 1594406
23.301294 1592818
23.439786 1592311
23.448725 1591124
23.562681 1588193
24.404459 1585287
24.407763 1584592
24.446333 1577437
24.449625 1576658
24.599876 1570790
26.653803 1565339
27.147413 1563423
30.978324 1563296
31.424353 1560378
179.178486 1560098
179.752339 1559456
181.017721 1558481
181.066571 1556565
187.775833 1555060
