0.000366 6934419
0.000660 6880540
0.001061 6776479
0.001318 6742849
0.001465 6708632
0.002216 6685899
0.003706 6633861
0.003960 6616811
0.004336 6544936
0.004711 6513358
0.005087 6512905
0.005721 6397889
0.006096 6336249
0.006348 6262751
0.006599 6244138
0.006849 6205513
0.007223 6032121
0.007474 5942221
0.007974 5770584
0.008349 5693136
0.008475 5641604
0.008602 5399547
0.008731 5381129
0.009623 5261471
0.009753 5243519
0.010371 5095648
0.011483 5078536
0.012717 5068721
0.013520 5016896
0.016366 4943248
0.017113 4917591
0.017746 4907987
0.018490 4884032
0.020212 4868848
0.020837 4835163
0.020965 4819617
0.022585 4805459
0.025805 4767637
0.026428 4752557
0.026557 4736074
0.026806 4705335
0.027057 4704539
0.027678 4675958
0.028544 4665334
0.030771 4644458
0.030900 4625434
0.031273 4617238
0.031769 4602030
0.033250 4486594
0.033521 4362815
0.035000 4353422
0.036482 4353086
0.037228 4244173
0.037867 4204312
0.038119 4187508
0.041318 4153869
0.044926 4108696
0.048905 4100216
0.052255 4060959
0.054991 4056647
0.055989 4041971
0.057353 4035700
0.062076 4005590
0.065408 3997943
0.065804 3955012
0.066181 3944379
0.069394 3932193
0.069679 3883343
0.070546 3856390
0.072649 3827553
0.073150 3818846
0.073279 3792611
0.086654 3781330
0.088885 3734638
0.090259 3703062
0.092854 3696134
0.093989 3696064
0.095109 3687420
0.095363 3685062
0.095986 3682970
0.096608 3665436
0.096861 3664296
0.097875 3600978
0.100845 3567116
0.101610 3539514
0.102730 3521501
0.105832 3425903
0.106334 3404171
0.112680 3315335
0.128558 3269146
0.129947 3267792
0.131193 3267297
0.136383 3266444
0.150041 3264288
0.151044 3262604
0.151546 3262030
0.152542 3218577
0.157249 3203771
0.181574 3192592
0.181834 3187116
0.190483 3178568
0.191975 3177189
0.192355 3175820
0.198163 3166037
0.202361 3165845
0.204945 3142663
0.205077 3138200
0.205487 3131359
0.206114 3121916
0.210328 3117636
0.233353 3114927
0.234974 3061486
0.237202 3043084
0.247964 3037053
0.248591 3036522
0.252438 3033934
0.256230 2980685
0.263977 2977456
0.267576 2956304
0.268448 2954046
0.268825 2828361
0.283866 2803708
0.284745 2677672
0.285502 2647938
0.337262 2645674
0.387177 2637761
0.388421 2616049
0.423057 2578552
0.431674 2564184
0.446057 2548757
0.447791 2535124
0.447922 2534177
0.455100 2530776
0.456866 2512621
0.471832 2481768
0.472464 2474128
0.478276 2470201
0.515421 2468855
0.541520 2466811
0.542892 2458501
0.544130 2442016
0.548207 2425715
0.549464 2423425
0.550827 2404465
0.551573 2399073
0.558229 2382627
0.559469 2378188
0.560584 2374325
0.564662 2372895
0.566898 2345706
0.598531 2332392
0.598666 2330798
0.602720 2326461
0.605308 2323610
0.606683 2315540
0.609900 2308905
0.616536 2298721
0.618529 2289398
0.620136 2284845
0.699190 2280873
0.709795 2271327
0.711530 2269764
0.769436 2267229
0.769977 2261988
0.772092 2249414
0.778109 2248317
0.782045 2239623
0.784272 2238215
0.787042 2222507
0.800483 2188133
0.800753 2166673
0.801149 2166153
0.806007 2165988
0.806797 2165148
0.806929 2148361
1.789482 2140035
1.790313 2134222
1.792930 2132079
1.797136 2096565
1.816974 2091189
1.825005 2065963
1.827506 2065506
1.830418 2060346
1.925665 2053598
1.978876 2050375
1.980581 2044886
1.981513 2044801
2.772636 2030660
2.778847 2019077
2.786360 2016646
4.486386 2012779
4.731219 1993685
4.731762 1988960
5.069109 1981400
5.123318 1981034
5.130315 1965949
5.134255 1960682
5.137805 1955656
5.139649 1954377
5.140048 1944441
5.141899 1942038
5.167029 1938664
5.175400 1932549
5.177648 1928184
5.178444 1898982
5.179364 1895350
5.180545 1873529
5.188807 1869970
6.945113 1866637
6.956578 1848513
6.959750 1846416
6.967345 1845573
6.983069 1845198
7.003761 1845098
7.006920 1843389
7.009275 1840856
7.009962 1835517
7.012450 1831759
7.040577 1827193
7.056191 1824015
7.056328 1813606
7.059234 1807442
7.059368 1804908
7.111600 1803616
10.322145 1796253
10.322329 1790807
10.371132 1781509
10.371670 1746700
10.532242 1742189
10.556758 1733012
11.054610 1717853
11.572416 1709159
11.695475 1708551
12.213501 1708498
12.215920 1707586
12.224056 1707530
12.266684 1704560
12.292185 1690893
12.304225 1686471
12.309085 1685600
12.323267 1683781
12.329034 1681778
12.365175 1671132
12.369131 1663084
15.016951 1661808
15.362910 1656430
15.365950 1653317
15.512896 1649915
16.329679 1647296
16.331521 1646153
16.395365 1641093
17.047924 1640391
17.101968 1636948
17.206813 1633087
17.280395 1630530
17.528640 1626726
17.533629 1626331
17.555598 1622897
18.889441 1620164
18.939975 1612839
18.959364 1609002
19.125685 1604280
19.413382 1594393
27.537451 1592509
27.546184 1590106
27.648643 1587480
27.667195 1584217
27.668256 1582301
28.000187 1581196
35.584491 1567975
40.722391 1567247
42.739080 1566800
43.892949 1566519
90.905386 1564790
