0.000984 7532454
0.003263 7523118
0.006631 7518143
0.015847 7511843
0.016411 7480116
0.016640 7425421
0.026974 7425304
0.028644 7372461
0.108789 7302869
0.109028 7231649
0.258893 7130967
0.260898 7121631
0.264256 7116656
0.272572 7108208
0.278958 7078629
0.280406 7070145
0.283254 7067046
0.289465 7023817
0.291138 6970974
0.367416 6898458
0.373091 6897263
0.375097 6895552
0.406187 6885812
0.414470 6864086
0.508483 6763404
0.512364 6749094
0.513838 6749093
0.517396 6740645
0.523504 6711066
0.526655 6690850
0.533325 6639247
0.535677 6603411
0.591791 6586333
0.612801 6530895
0.651413 6518249
0.753988 6417567
0.756432 6409385
0.756662 6408231
0.759334 6403256
0.768461 6396956
0.769019 6365229
0.771132 6356745
0.773244 6353646
0.777571 6278093
0.781117 6257574
0.860696 6236345
0.866578 6194452
0.999238 6093770
1.002566 6079460
1.004570 6079459
1.013697 6073159
1.014265 6041432
1.016823 6021216
1.023489 5969613
1.026398 5933777
1.081426 5916699
1.244560 5816017
1.247904 5801707
1.249948 5801706
1.259069 5795406
1.261645 5788590
1.262208 5743463
1.269549 5708867
1.271778 5656024
1.385365 5640843
1.490757 5540161
1.494132 5525851
1.496144 5525850
1.505246 5519550
1.508366 5467607
1.515673 5433011
1.517929 5380168
1.735813 5372279
1.736048 5343994
1.738191 5271304
1.738422 5270150
1.750717 5209726
1.775793 5201822
1.786969 5195896
1.790334 5182879
1.874734 5168409
1.893748 5147455
1.982418 5139566
1.982649 5111281
1.984746 5038591
1.997381 4977013
2.033104 4963183
2.036448 4950166
2.228423 4942277
2.228656 4913992
2.232213 4835174
2.243793 4797146
2.259857 4794011
2.266101 4771820
2.405659 4762927
2.435096 4748551
2.474939 4740662
2.475170 4712377
2.478725 4633559
2.490218 4595531
2.506272 4592396
2.512495 4570205
2.653427 4536792
2.721172 4528903
2.721421 4500618
2.724641 4499061
2.726591 4427928
2.736493 4383772
2.758800 4358446
2.968184 4350557
2.970086 4289958
2.973554 4249582
2.999358 4247628
2.999920 4238732
3.001147 4232205
3.021776 4230511
3.064624 4222817
3.130180 4221224
3.135859 4184510
3.214512 4176621
3.216394 4116022
3.218739 4069518
3.249081 4063513
3.249446 4056180
3.315680 4031680
3.465105 4027444
3.466463 4019555
3.468359 3958956
3.470712 3912452
3.502326 3906447
3.563493 3874614
3.712843 3866725
3.714530 3765750
3.731320 3721594
3.959931 3707541
3.960277 3606602
4.021160 3601872
4.055770 3585712
4.205715 3547981
4.209617 3476848
4.268820 3474894
4.270511 3448490
4.449877 3401183
4.456479 3397823
4.457265 3396662
4.498235 3392818
4.521028 3380487
4.522269 3371347
4.536327 3320555
4.598488 3320160
4.687679 3319714
4.694876 3272407
4.701456 3269047
4.702240 3267886
4.743056 3264042
4.765877 3251711
4.781184 3191779
4.866818 3191549
4.939751 3144242
4.946310 3140882
4.947090 3139721
4.988128 3135877
5.026486 3063614
5.184983 3016307
5.191560 3012947
5.192345 3011786
5.233319 3007942
5.273677 2960394
5.275456 2934530
5.430140 2887223
5.436679 2883863
5.437474 2882702
5.478229 2878858
5.500248 2866527
5.574410 2851714
5.589447 2845153
5.635604 2834081
5.674693 2786774
5.681237 2783414
5.682033 2782253
5.722853 2778409
5.744920 2766078
5.819083 2751265
5.844540 2748734
5.919365 2701427
5.925930 2698067
5.926713 2696906
5.967615 2693062
6.066314 2691066
6.122271 2667513
6.164613 2620206
6.171227 2616846
6.172012 2615685
6.212993 2611841
6.311698 2609845
6.409840 2562538
6.416403 2559178
6.417186 2558017
6.458217 2554173
6.654747 2550081
6.659644 2546284
6.659990 2516442
6.661460 2503506
6.662019 2502885
6.727308 2496941
6.899740 2492849
6.905077 2491232
6.905309 2489486
6.906004 2479277
6.906458 2446274
6.907015 2445653
7.036529 2442691
7.144863 2438599
7.150206 2436982
7.150440 2435236
7.151110 2425027
7.151563 2392024
7.152120 2391403
7.395459 2385694
7.395694 2383948
7.396366 2373739
7.404045 2343675
7.431772 2336425
7.640900 2330716
7.641135 2328970
7.641818 2318761
7.649496 2288697
7.744089 2288250
7.844195 2286825
7.885539 2281116
7.885773 2279370
7.886448 2269161
7.894166 2239097
7.988820 2238650
8.130594 2232941
8.130829 2231195
8.131508 2220986
8.139158 2190922
8.377689 2185213
8.377967 2183467
8.378652 2173258
8.446338 2160904
8.462888 2151279
8.504300 2150012
8.612706 2147254
8.622909 2141545
8.672671 2138826
8.691679 2117236
8.696685 2111047
8.708274 2107611
8.749650 2106344
8.868259 2100635
8.917955 2097916
8.936985 2076326
8.941985 2070137
8.953538 2066701
9.102591 2065544
9.114574 2047880
9.182813 2035526
9.302655 2031797
9.360557 2014133
9.428741 2001779
9.529986 1989871
9.605874 1972207
9.674244 1959853
9.776026 1953107
9.851663 1935443
9.919785 1923089
10.097024 1905425
10.198375 1901618
10.209393 1901184
10.215816 1895011
10.232618 1893442
10.342460 1875778
10.444027 1871971
10.455027 1871537
10.461482 1868373
10.587756 1850709
10.690028 1846902
10.701053 1846468
10.823283 1845118
10.833722 1825199
10.935095 1823647
11.078591 1803728
11.210685 1797653
11.323031 1777734
11.568323 1777118
11.573570 1772480
11.580693 1771679
11.586605 1757878
11.813032 1757262
11.818290 1752624
11.825445 1751823
11.832536 1747882
11.832658 1746540
11.848395 1741352
11.989495 1739818
12.057499 1739202
12.062720 1734564
12.069826 1733763
12.076912 1729822
12.077033 1728480
12.092762 1723292
12.301957 1722676
12.307194 1718038
12.314313 1717237
12.321410 1713296
12.321532 1711954
12.420471 1710299
12.453552 1709810
12.546456 1709194
12.551682 1704556
12.558825 1703755
12.565953 1699814
12.566075 1698472
12.665339 1696817
12.791289 1696201
12.796524 1691563
12.803650 1690762
12.810763 1686821
12.810886 1685479
13.035818 1684863
13.036498 1680665
13.043609 1678077
13.169282 1676983
13.258927 1674619
13.280845 1674003
13.281535 1669805
13.288634 1667217
13.414369 1666123
13.505030 1665897
13.525867 1665281
13.526550 1661083
13.533672 1658495
13.659204 1657401
13.770788 1656785
13.771469 1652587
13.778605 1649999
14.015053 1649383
14.015402 1644745
14.167050 1643400
14.241048 1643265
14.260037 1642649
14.260388 1638011
14.411877 1636666
14.504661 1636050
14.505012 1631412
14.660491 1630223
14.749200 1629607
14.749563 1624969
14.994703 1624353
15.001946 1621253
15.016340 1620520
15.239641 1619904
15.246882 1616804
15.611654 1615267
15.659119 1615204
15.720955 1610974
15.856328 1609437
15.904059 1609374
16.100754 1607837
16.401810 1606974
16.448218 1606850
16.453783 1606589
16.647249 1605726
16.693326 1605602
16.891946 1604739
50.903296 1603226
50.903512 1594996
50.903647 1590330
51.124360 1587927
51.146970 1580494
51.370005 1578091
51.520215 1577212
51.616150 1574809
51.766203 1569572
51.862174 1567169
52.167045 1564787
52.507821 1563093
336.610471 1562608
336.727097 1560081
336.857173 1558165
337.157019 1557523
337.324219 1556565
337.403021 1555923
337.574211 1555702
337.650264 1555060
