0.000542 7451902
0.000897 7345223
0.001348 7258483
0.002130 7248836
0.007230 7212066
0.052845 7194231
0.054286 7112616
0.057489 7042982
0.221996 7033699
0.254028 7022793
0.254369 6916114
0.254816 6829374
0.255610 6819727
0.261951 6782957
0.304235 6765122
0.305679 6683507
0.344404 6673437
0.499753 6662531
0.500094 6555852
0.500549 6469112
0.504426 6464898
0.506425 6422695
0.548558 6404860
0.550000 6302424
0.743299 6291518
0.743879 6199149
0.744655 6144065
0.745433 6080475
0.749971 6051682
0.851810 6033576
0.885390 6003447
0.987148 5992541
0.987718 5900172
0.988492 5845088
0.990147 5789475
0.993805 5752705
1.091612 5736118
1.095246 5734599
1.164625 5693858
1.230644 5682952
1.231201 5590583
1.231991 5535499
1.233760 5511126
1.294923 5494590
1.330160 5482617
1.335916 5466087
1.454765 5463729
1.463669 5415243
1.475146 5404337
1.475725 5311968
1.476529 5256884
1.478310 5232511
1.538905 5215975
1.574071 5204002
1.579823 5187472
1.603097 5165510
1.720458 5154604
1.721039 5062235
1.721826 5007151
1.722950 4998328
1.725843 4961185
1.820750 4944708
1.831027 4943022
1.964683 4932116
1.965250 4839747
1.966027 4784663
1.967248 4764274
1.970024 4738697
2.064916 4722220
2.172415 4721809
2.208761 4710903
2.209356 4618534
2.210141 4563450
2.211399 4543061
2.215638 4539077
2.276965 4522541
2.312198 4510568
2.317968 4494038
2.453393 4483132
2.453955 4390763
2.454955 4368584
2.455972 4289713
2.611588 4282586
2.696789 4271680
2.697352 4179311
2.698352 4157132
2.699581 4152161
2.701358 4122333
2.702471 4115404
2.758967 4086354
2.940771 4075448
2.941661 3986358
2.943554 3955929
2.945336 3926101
2.946445 3919172
3.068133 3915935
3.108725 3912156
3.184802 3901250
3.185692 3812160
3.187704 3811164
3.189258 3759939
3.190484 3744974
3.428119 3742334
3.439957 3731428
3.440858 3642338
3.442866 3641342
3.444482 3590117
3.445515 3563586
3.687679 3502801
3.747531 3424405
3.807255 3422793
3.932034 3386979
3.935702 3376966
3.935823 3372765
3.991116 3314820
3.992792 3282450
4.179479 3275763
4.179605 3236623
4.179723 3232422
4.240642 3232383
4.242524 3213553
4.278040 3207906
4.288777 3175555
4.291778 3165719
4.318938 3159416
4.360282 3152906
4.423355 3146219
4.423492 3107079
4.423610 3102878
4.484476 3102839
4.487461 3093820
4.488132 3070037
4.535477 3036175
4.667183 3029488
4.667306 2990348
4.667434 2986147
4.728488 2986108
4.733357 2983788
4.765267 2961631
4.795035 2961459
4.798902 2959854
4.806311 2958112
4.817813 2954808
4.831531 2933591
4.890037 2919646
4.911847 2912959
4.911970 2873819
4.912088 2869618
4.973038 2869579
4.977897 2867259
5.009862 2845102
5.039683 2844930
5.043548 2843325
5.050723 2841583
5.061875 2838279
5.075578 2817062
5.155778 2810375
5.155902 2771235
5.156019 2767034
5.216877 2766995
5.221739 2764675
5.283302 2742346
5.287171 2740741
5.294337 2738999
5.305523 2735695
5.347451 2722803
5.401169 2716116
5.401380 2676976
5.401505 2672775
5.462638 2672736
5.467743 2663717
5.529187 2648087
5.533278 2646130
5.540455 2641686
5.551615 2633419
5.645661 2626732
5.645821 2587592
5.645944 2583391
5.707039 2583352
5.710257 2581032
5.775921 2557098
5.890411 2550411
5.890555 2511271
5.890677 2507070
5.951656 2507031
6.061623 2492640
6.107951 2490088
6.134426 2483401
6.134550 2444261
6.134669 2440060
6.196898 2440021
6.237074 2438093
6.311027 2425630
6.386240 2418943
6.386371 2379803
6.386494 2375602
6.449146 2375563
6.488074 2373635
6.597691 2369790
6.631929 2363103
6.632054 2323963
6.632173 2319762
6.693187 2319723
6.875594 2313036
6.875718 2273896
6.875836 2269695
7.167585 2259365
7.186882 2251428
7.187229 2239348
7.187472 2238134
7.190345 2219965
7.412512 2209635
7.414236 2207604
7.434442 2204114
7.446961 2190966
7.487332 2181404
7.656187 2171074
7.657852 2169043
7.678093 2165553
7.690590 2152405
7.763662 2147516
7.842318 2145401
7.900210 2135071
7.901874 2133040
7.922137 2129550
7.934639 2116402
8.007735 2111513
8.144185 2101183
8.145846 2099152
8.166038 2095662
8.178540 2082514
8.271203 2080677
8.316465 2079356
8.388055 2069026
8.389718 2066995
8.409907 2063505
8.422406 2050357
8.515129 2048520
8.633045 2038190
8.634769 2036159
8.655722 2032669
8.668639 2019521
8.826304 2019311
8.886249 2008981
8.887982 2006950
8.908252 2003460
8.920977 1990312
9.130185 1979982
9.149877 1974014
9.224084 1973638
9.246882 1972026
9.374271 1961696
9.377502 1959665
9.393927 1955728
9.469460 1955352
9.484082 1947367
9.620361 1937037
9.640205 1931069
9.714877 1930693
9.755330 1929826
9.865706 1919496
9.885477 1913528
9.960192 1913152
10.110920 1902822
10.130733 1896854
10.356040 1886524
10.396633 1878233
10.602897 1867903
10.605375 1865872
10.795147 1835922
10.850098 1832408
11.120871 1822394
11.123791 1821718
11.212732 1818611
11.366018 1808597
11.368927 1807921
11.428199 1801688
11.610952 1791674
11.613870 1790998
11.682184 1780075
11.856541 1770061
11.859460 1769385
12.008182 1767956
12.101566 1757942
12.104484 1757266
12.346722 1747252
12.388555 1747085
12.507591 1746933
12.591910 1736919
12.633734 1736752
12.836877 1726738
12.950189 1726647
13.081947 1716633
13.337963 1714679
13.338088 1712383
13.343664 1710623
13.456169 1704235
13.583494 1702281
13.583622 1699985
13.589173 1698225
13.708630 1698058
13.710853 1697262
13.716954 1697094
13.828561 1695140
13.828687 1692844
13.834238 1691084
14.073067 1670132
14.354023 1669269
14.386675 1667214
14.438244 1667119
14.598957 1666256
14.631587 1664201
14.843804 1663338
14.933390 1661603
14.945230 1661343
15.088912 1660480
15.178826 1655189
15.334223 1654326
15.428483 1653162
15.579469 1652299
15.675566 1652244
15.675689 1651457
15.827893 1650594
15.910287 1650270
16.073934 1649407
16.155440 1646406
16.169947 1642630
16.319479 1641767
16.401021 1638766
16.564505 1637903
16.670552 1637623
16.809432 1636760
32.836926 1628862
33.097825 1625691
33.348386 1625410
47.760750 1623579
47.871281 1623132
47.972536 1622716
48.012827 1621176
48.024388 1620690
48.116591 1620243
48.217731 1619827
48.257953 1618287
48.269312 1614685
48.361690 1614238
48.462996 1613822
48.503300 1612282
48.607189 1611835
48.708346 1611419
48.784145 1610732
48.852227 1610285
48.953437 1609869
49.097437 1609422
79.633007 1609076
79.885698 1607104
79.885835 1603551
80.171182 1603297
80.199686 1602114
80.416472 1601860
80.567961 1601472
80.662008 1601218
80.906897 1597327
131.277691 1596048
131.607933 1593130
131.888596 1592267
131.963081 1591154
132.133568 1590291
132.230865 1589979
132.378752 1589116
280.556170 1588150
280.679047 1587965
280.696513 1587752
280.727119 1585370
280.801883 1583044
280.924792 1582859
280.972777 1580477
281.047475 1578151
281.218545 1575769
281.512720 1574356
281.584187 1573853
281.758773 1572440
282.158140 1571208
282.426578 1570566
586.288285 1567014
586.586003 1564632
586.901722 1563990
586.906625 1563937
586.907302 1563082
587.147502 1562440
587.152393 1562387
587.392718 1561745
587.397486 1555702
587.638216 1555060
