0.002558 6819493
0.008974 6680832
0.009987 6518182
0.124268 6487372
0.267395 6447308
0.274476 6310001
0.277996 6269642
0.279373 6246081
0.365746 6241337
0.440764 6187300
0.461041 6155407
0.517160 6115343
0.522833 5978036
0.526058 5964546
0.527526 5914116
0.609458 5906254
0.610245 5901959
0.685412 5855335
0.761997 5815271
0.767672 5677964
0.770935 5664474
0.772387 5614044
0.854201 5606182
0.855006 5601887
1.006963 5563177
1.012532 5534824
1.012765 5384157
1.014322 5261866
1.247378 5247845
1.253268 5232073
1.261815 5220251
1.267686 5173503
1.274650 5145596
1.277534 5108846
1.280335 5093850
1.343667 5045936
1.486186 5018438
1.491931 5004417
1.497787 4988645
1.506346 4976823
1.514665 4971834
1.514804 4943906
1.514929 4939839
1.522135 4865418
1.524480 4850422
1.587807 4802508
1.736230 4788487
1.742111 4772715
1.750678 4760893
1.759275 4738532
1.762499 4714952
1.766410 4626052
1.980599 4612031
1.986509 4596259
1.995068 4584437
2.002501 4565699
2.006830 4538496
2.024925 4494198
2.026947 4462026
2.224821 4448005
2.230684 4432233
2.239255 4420411
2.246891 4420065
2.248880 4406389
2.250988 4374470
2.282000 4371043
2.285014 4358805
2.287781 4349446
2.288689 4316594
2.291477 4299971
2.373114 4254134
2.470240 4240113
2.476131 4224341
2.484675 4212519
2.492324 4212173
2.494320 4207530
2.494440 4179602
2.530401 4150913
2.532634 4141554
2.536639 4128529
2.553186 4078186
2.714429 4064165
2.720318 4048393
2.728851 4036571
2.736485 4036225
2.737816 4024233
2.737935 3990630
2.774615 3974965
2.778156 3974040
2.780835 3952581
2.848497 3951533
2.880233 3949834
2.951929 3920037
2.959451 3906016
2.973665 3904711
2.973902 3878422
2.981556 3878076
2.982908 3866084
2.983030 3832481
3.019788 3816816
3.023352 3815891
3.026019 3794432
3.026252 3758666
3.204499 3744645
3.218696 3743340
3.218954 3717051
3.227502 3703029
3.230280 3684134
3.260108 3670464
3.260672 3667683
3.272886 3642900
3.276441 3641800
3.281426 3630314
3.459923 3616293
3.474308 3614988
3.474547 3588699
3.484507 3571273
3.485862 3555782
3.523279 3546295
3.533853 3513448
3.566583 3506257
3.586566 3504532
3.706266 3490511
3.720522 3489206
3.720758 3462917
3.731854 3450579
3.731977 3416976
3.766566 3413549
3.778783 3388766
3.950731 3374745
3.964939 3373440
3.965176 3347151
3.973830 3342162
3.973952 3314234
4.010772 3297783
4.069434 3294668
4.089534 3274712
4.166410 3264709
4.195635 3250688
4.209980 3249383
4.210243 3223094
4.218910 3218105
4.219036 3190177
4.310937 3176177
4.370694 3151293
4.443959 3137272
4.458432 3135967
4.458670 3109678
4.467293 3104689
4.467416 3076761
4.558680 3062761
4.688030 3048740
4.702198 3047435
4.702434 3021146
4.711311 3008808
4.711432 2956704
4.932764 2942683
4.946962 2941378
4.947198 2915089
5.028295 2902887
5.036836 2878690
5.039624 2865721
5.177343 2851700
5.191557 2850395
5.191831 2824106
5.252303 2814030
5.289578 2809245
5.299759 2802939
5.348672 2801524
5.360248 2797293
5.423506 2783272
5.437711 2781967
5.437946 2755678
5.498333 2745602
5.554014 2743015
5.556356 2721471
5.667843 2707450
5.682029 2706145
5.682264 2679856
5.742617 2669780
5.777740 2664995
5.866295 2660166
5.869734 2650897
5.912651 2636876
5.926874 2635571
5.927109 2609282
5.987339 2599206
6.022200 2594421
6.076653 2583629
6.157003 2569608
6.171231 2568303
6.171467 2542014
6.232009 2531938
6.267042 2527153
6.326467 2525837
6.333771 2519703
6.334891 2514407
6.401755 2500386
6.415938 2499081
6.416172 2472792
6.476254 2462716
6.511204 2457931
6.646041 2443910
6.660216 2442605
6.660451 2416316
6.817039 2404352
6.890057 2401962
6.890188 2387941
6.904578 2385455
6.911682 2377719
6.920034 2375225
6.952089 2370277
7.015219 2367748
7.026486 2366931
7.061357 2348383
7.134420 2334362
7.148820 2331876
7.155931 2324140
7.164200 2321646
7.196375 2316698
7.259692 2314169
7.314260 2311079
7.380382 2297058
7.394953 2294572
7.402039 2286836
7.410346 2284342
7.442291 2279394
7.505399 2276865
7.583030 2274455
7.624467 2260434
7.638888 2257948
7.645988 2250212
7.654262 2247718
7.686361 2242770
7.749626 2240241
7.868803 2226220
7.883187 2223734
7.890280 2215998
7.898570 2213504
7.930587 2208556
8.112560 2194535
8.127001 2192049
8.134088 2184313
8.142404 2181819
8.148310 2181616
8.357209 2167595
8.371634 2165109
8.378721 2157373
8.387052 2154879
8.601243 2140858
8.615652 2138372
8.622733 2130636
8.650073 2129665
8.651196 2123268
8.845423 2109247
8.859828 2106761
8.866930 2099025
8.919545 2097264
9.089753 2083243
9.104145 2080757
9.111286 2073021
9.333404 2042047
9.592718 2014241
9.871215 2007476
9.877673 2003908
9.948886 1997553
9.958891 1996988
9.972298 1995503
10.015896 1994429
10.022763 1991916
10.115733 1985151
10.122164 1981583
10.192767 1975228
10.202774 1974663
10.216165 1973178
10.252984 1972568
10.359853 1965803
10.366273 1962235
10.437165 1955880
10.460477 1953830
10.513523 1953498
10.542007 1953405
10.604085 1946640
10.610518 1943072
10.681224 1936717
10.705892 1934667
10.758915 1934335
10.849392 1927570
10.855825 1924002
10.926638 1917647
10.949971 1915597
11.093086 1908832
11.099539 1905264
11.170412 1898909
11.250508 1898299
11.337359 1891534
11.345417 1887966
11.416317 1881611
11.583884 1874846
11.590350 1871278
11.660743 1869482
11.667106 1854943
11.828355 1848178
11.834797 1844610
11.905346 1838013
12.073090 1831248
12.079540 1827680
12.173342 1824229
12.232438 1822388
12.316916 1815623
12.323385 1812055
12.417766 1808604
12.561434 1801839
12.567895 1798271
12.730090 1795621
12.806173 1788856
12.812619 1785288
13.051061 1778133
13.088580 1776863
13.111760 1776566
13.236119 1776274
13.295652 1769119
13.333178 1767849
13.356353 1767552
13.539728 1760397
13.577210 1759127
13.605791 1758996
13.612228 1756081
13.783898 1748926
13.821418 1747656
13.851120 1746548
14.028118 1739393
14.065631 1738123
14.272374 1730968
14.560692 1729793
14.577677 1726525
14.643435 1726101
14.651102 1725246
14.707061 1724369
14.805085 1723194
14.822037 1719926
14.888037 1719502
14.895680 1718647
14.949171 1717410
15.049951 1716235
15.066965 1712967
15.132678 1712543
15.140363 1711688
15.196203 1708135
15.294126 1706960
15.311069 1703692
15.376973 1703268
15.384623 1702413
15.538669 1701238
15.555664 1697970
15.690083 1697705
15.782824 1696530
15.799839 1693262
15.927725 1686147
16.027980 1684972
16.044933 1681704
16.170991 1669572
16.273116 1668397
16.290098 1665129
16.518209 1663954
16.575381 1663881
16.600779 1660878
16.762238 1659703
16.819529 1659630
16.875939 1659569
16.886770 1658342
17.007129 1657167
17.064305 1657094
17.120741 1657033
17.251758 1655858
17.309132 1655785
17.496477 1654610
17.768328 1654238
17.884335 1654235
17.889855 1653747
18.012643 1653375
18.128614 1653372
18.257262 1653000
18.575760 1652950
18.833491 1644986
33.439424 1642737
33.570041 1642140
33.590676 1641594
33.616537 1637631
33.792549 1635582
33.814227 1634985
33.834881 1634439
33.860709 1630476
34.058536 1629879
34.079124 1629333
34.134871 1625530
34.302484 1624933
34.323095 1624387
34.390284 1623210
34.452097 1622994
34.459921 1622479
34.514963 1620822
34.548429 1620225
34.569044 1619679
34.635954 1618502
34.697615 1618286
34.705476 1617771
34.792598 1617174
34.813171 1616628
34.880149 1615451
34.941660 1615368
34.967492 1615046
35.036527 1614449
35.057095 1613903
35.123962 1612726
35.185606 1612643
35.211302 1601793
35.280647 1601196
35.301214 1600650
35.369928 1599473
35.431547 1599390
35.526405 1598793
35.547005 1598247
35.613810 1597070
35.713235 1597008
35.770500 1596411
35.791083 1595865
35.858155 1594688
36.014372 1594091
36.034978 1593545
36.107083 1590824
36.258435 1590227
36.279005 1589681
36.381536 1588908
36.503263 1588311
36.523852 1587765
36.747200 1587168
36.787856 1586894
36.991092 1586297
37.037835 1576811
37.235319 1576214
234.179036 1575942
252.085984 1574628
252.529079 1573765
252.801259 1573123
302.424145 1565830
302.895719 1561122
