0.000394 7236807
0.002116 7207441
0.002252 7026084
0.002630 6904313
0.003373 6862010
0.003750 6815274
0.003879 6755473
0.004130 6737590
0.004273 6608135
0.004771 6596903
0.005269 6523404
0.005402 6444202
0.005665 6429045
0.005792 6428895
0.006167 6241022
0.006417 6056818
0.006550 6025597
0.007540 5997912
0.007668 5870694
0.008041 5545677
0.009173 5499330
0.009673 5462814
0.010417 5418352
0.010546 5267407
0.011662 5207852
0.011919 5206236
0.012552 5178873
0.013301 5178188
0.014534 5053633
0.017021 5027169
0.017764 4888495
0.020633 4884202
0.021026 4779963
0.022013 4729941
0.022264 4702669
0.022392 4597768
0.024252 4509522
0.024876 4383976
0.025372 4283476
0.026605 4137080
0.027225 4078276
0.027600 4068573
0.027852 4019409
0.029838 3960468
0.030704 3930179
0.032059 3920684
0.032451 3872906
0.032828 3749091
0.033693 3736880
0.039115 3676411
0.039769 3561585
0.040143 3558342
0.041026 3535247
0.042521 3497902
0.048408 3454700
0.049728 3454336
0.052494 3418944
0.060038 3375568
0.063516 3371516
0.068469 3367472
0.068604 3288182
0.080692 3283888
0.082181 3282565
0.086251 3261480
0.090710 3180194
0.090968 3134644
0.091466 3130719
0.100138 3116660
0.105083 3048078
0.116964 3038376
0.122884 3037594
0.123291 3027173
0.131534 3010702
0.132416 3006214
0.180143 2981860
0.187184 2971588
0.188929 2954663
0.206668 2932269
0.215449 2916006
0.218352 2904219
0.228671 2893338
0.229076 2889857
0.232266 2858978
0.238700 2847817
0.251373 2784803
0.263332 2775445
0.263851 2740044
0.267823 2710358
0.272846 2697361
0.274538 2687028
0.277513 2677155
0.278148 2675363
0.286048 2662865
0.287643 2617319
0.289304 2603734
0.296880 2544047
0.334441 2502452
0.349284 2481237
0.364828 2337368
0.414995 2305339
0.437151 2301057
0.442504 2295915
0.443623 2284362
0.458012 2228086
0.458393 2215316
0.475485 2207880
0.489238 2184262
0.577420 2184051
0.579282 2173081
0.580783 2160359
0.581409 2111762
0.591596 2110425
0.707959 2101138
0.712880 2097043
0.732626 2093105
1.132151 2090268
1.134297 2088027
1.234353 2082645
1.258085 2079654
1.262976 2065999
1.267675 2064119
1.268207 2055431
1.268884 2047338
1.615180 2038749
1.616122 2027835
1.618775 2022899
1.622342 2022226
1.622618 2005303
1.628364 2001978
1.744678 1993948
1.764339 1986271
1.765743 1985318
1.767728 1982555
2.735635 1974983
3.602228 1956262
3.604084 1955891
3.612260 1945838
3.756910 1916603
3.807907 1904209
3.810304 1900059
3.842118 1875148
3.871139 1874230
7.028911 1872806
7.029248 1860503
7.036760 1846285
7.041241 1825204
7.053053 1818109
7.054373 1813538
7.782056 1800207
7.879740 1797218
8.010508 1791486
8.011044 1788152
15.887722 1781101
15.898691 1754763
15.935835 1752308
15.938232 1751306
15.986259 1751260
15.999424 1744204
16.003119 1740532
16.067186 1738898
16.085323 1727483
16.128453 1722909
16.135319 1721984
16.153729 1720394
16.159007 1717021
16.745518 1712833
16.963357 1706789
17.074871 1697925
17.079879 1696750
17.094241 1689243
18.187254 1686385
18.345595 1683782
18.835557 1679430
18.874320 1677828
19.113455 1675452
19.120551 1668479
19.518589 1663555
19.525984 1660222
19.542315 1658113
19.558684 1655625
19.559102 1650519
23.206386 1644735
24.028471 1643809
25.108039 1642282
28.156656 1641289
28.322428 1636570
28.434295 1636550
28.840440 1633851
28.840588 1632619
28.885165 1627082
30.198736 1620634
30.334407 1619402
30.768011 1616999
31.087149 1615824
182.772671 1607529
183.916815 1607323
184.393446 1604339
184.450327 1603733
186.486053 1600918
187.869598 1592379
188.463562 1588146
188.531032 1584544
188.944610 1582141
190.088482 1580891
190.525451 1580249
190.861743 1579074
206.218088 1568248
206.641015 1567073
