0.000329 7519093
0.001124 7515288
0.001511 7299135
0.002510 7227096
0.002888 7113834
0.003524 7086414
0.004023 7066721
0.004152 6966092
0.004527 6788707
0.004778 6758533
0.004907 6744744
0.005159 6541291
0.005410 6493002
0.005661 6410235
0.006281 6194018
0.006902 6143928
0.007154 6139861
0.007405 6058269
0.007550 6029590
0.007679 5960832
0.008424 5898762
0.009420 5874525
0.010288 5844446
0.011904 5840771
0.012898 5826151
0.013029 5722514
0.013281 5711033
0.013654 5703986
0.014027 5702066
0.014400 5698869
0.014528 5691195
0.014902 5685230
0.015537 5524411
0.016160 5488572
0.017275 5466012
0.017527 5428174
0.017777 5401860
0.018027 5371024
0.018278 5317308
0.018406 5270237
0.018903 5265771
0.019278 5205780
0.020752 5189157
0.021009 5184257
0.021260 5179381
0.021511 5079581
0.021887 4998837
0.022261 4998357
0.022389 4981906
0.022640 4909053
0.023016 4903136
0.023653 4861222
0.023783 4829292
0.024280 4668971
0.024408 4663068
0.024536 4570926
0.024662 4520964
0.025285 4517263
0.029122 4493441
0.029628 4483279
0.030373 4443403
0.031122 4326951
0.031511 4252472
0.032134 4251268
0.033622 4188909
0.036956 4089753
0.037336 4048588
0.038205 4017042
0.039462 4010691
0.040579 3977201
0.040956 3959862
0.041085 3851662
0.044421 3841694
0.046880 3763003
0.048991 3746050
0.049981 3732120
0.051091 3648376
0.062074 3541935
0.063695 3513825
0.069638 3495287
0.076394 3486676
0.076899 3477698
0.082073 3459792
0.082576 3455632
0.084319 3424639
0.084574 3369918
0.085195 3359919
0.085324 3295230
0.086556 3269713
0.086933 3250917
0.087568 3238757
0.097435 3220808
0.098061 3161247
0.100053 3126613
0.109804 3110398
0.111170 3030152
0.113526 3016292
0.118709 3011700
0.122902 3000328
0.124888 2982779
0.135993 2980260
0.136746 2958592
0.136877 2944470
0.141446 2916791
0.172092 2861201
0.186002 2787416
0.188485 2775873
0.193047 2744258
0.196380 2710730
0.199733 2708346
0.227466 2708182
0.232408 2706181
0.239950 2703922
0.240454 2696717
0.292999 2694116
0.295772 2693165
0.300361 2669856
0.300496 2646949
0.301362 2636645
0.303334 2633973
0.304096 2613595
0.305093 2610155
0.305224 2603764
0.306339 2600461
0.307331 2599846
0.308955 2563428
0.309211 2555464
0.313796 2549603
0.317524 2541009
0.342222 2535856
0.395476 2523352
0.397947 2514093
0.398696 2511712
0.400067 2511107
0.400201 2496961
0.400821 2494828
0.403160 2489129
0.404661 2477938
0.405896 2467817
0.452789 2459600
0.463982 2450823
0.476777 2432612
0.479899 2427206
0.483367 2415787
0.486586 2409015
0.487091 2406115
0.487603 2401254
0.494128 2396340
0.500057 2332373
0.506611 2318717
0.582794 2318692
0.587857 2317507
0.588362 2317490
0.592068 2314364
0.595769 2247871
0.600721 2225831
0.603951 2223509
0.604944 2223134
0.607292 2187663
0.607424 2186050
0.607937 2184145
0.614217 2147141
0.616821 2141187
1.398464 2115759
1.398875 2115709
1.409604 2114440
1.533341 2110242
1.535306 2094824
1.555629 2087668
1.559823 2073654
1.605784 2073143
1.610622 2055770
1.616396 2052682
1.628280 2045031
1.630244 2044455
1.638499 2027112
1.644508 2023339
1.654789 2015235
1.959734 2009624
1.967017 1993131
1.976940 1990397
1.990361 1989287
1.998068 1965332
2.001073 1965275
2.002383 1955026
2.011226 1953177
3.549324 1940446
3.568254 1937728
5.834093 1928465
5.840045 1909056
5.850478 1906501
5.851144 1901503
6.496375 1898803
6.576277 1885355
6.581274 1880008
6.581543 1858110
6.720976 1856618
6.756974 1856117
6.759192 1844140
6.760014 1838414
6.764456 1836011
6.765507 1832145
6.796852 1826744
6.966345 1821027
6.986591 1813384
7.013168 1808504
7.025576 1795139
7.072611 1794407
7.172313 1786624
7.225027 1781184
7.273640 1773871
7.279537 1772271
7.316655 1770443
7.324893 1767133
7.694082 1759978
7.714505 1752823
13.285719 1752032
13.393124 1751856
13.422430 1748396
13.427610 1743177
13.459090 1738651
13.467334 1737342
13.478511 1728992
13.559832 1720564
13.571411 1719421
13.605371 1717936
13.739389 1715687
13.773695 1714924
13.785576 1705828
13.797692 1701845
14.294805 1696372
14.310748 1691272
14.315359 1686027
14.344422 1673739
14.422394 1673399
14.425525 1673183
14.432297 1667099
14.456350 1660238
14.683876 1655423
14.684429 1653962
14.698594 1651559
19.891990 1649532
19.906556 1646227
19.962183 1643016
20.385208 1640000
20.385402 1639635
20.447862 1632530
20.471598 1629686
20.491589 1629479
22.596964 1629384
22.620832 1623236
27.393946 1622785
27.456121 1621220
27.475786 1619680
28.358024 1619081
28.449884 1614087
28.471421 1613711
28.483864 1612017
28.518591 1608912
35.045458 1604038
37.920218 1602882
169.438952 1600521
169.710821 1598932
169.730136 1592927
169.843392 1589063
169.856731 1581423
169.867051 1579415
170.209845 1577565
182.633565 1566809
184.041392 1566167
184.389365 1565919
184.981132 1565785
184.996503 1564553
185.580917 1564207
187.544754 1563344
194.225897 1562562
316.992911 1561962
317.747288 1561278
318.142452 1560046
320.452068 1558924
322.101948 1558208
322.176270 1556976
324.266393 1556565
325.767159 1555702
326.871072 1555060
