0.000320 7416387
0.000568 7414917
0.000819 7396977
0.002160 7396912
0.003827 7375473
0.015228 7371506
0.015678 7297936
0.017888 7136824
0.020331 7114084
0.174865 7104755
0.188301 7100461
0.243868 7095023
0.257681 7069137
0.258836 7040782
0.259071 7039312
0.259302 7021372
0.260642 7021307
0.262346 6999868
0.273730 6995901
0.274182 6922331
0.276181 6761219
0.278640 6738479
0.426163 6729150
0.506014 6700795
0.506247 6699325
0.506476 6681385
0.507806 6681320
0.509818 6680789
0.510714 6658853
0.520861 6655914
0.521312 6582344
0.523974 6443612
0.699209 6439504
0.732231 6384869
0.751718 6356514
0.751947 6355044
0.752174 6337104
0.753525 6337039
0.755531 6336508
0.756428 6314572
0.766564 6311633
0.767019 6238063
0.769688 6099331
0.771468 6042134
0.997535 5972865
1.019109 5839214
1.020435 5714604
1.242458 5671765
1.242689 5666243
1.243586 5644307
1.273359 5621661
1.275708 5610662
1.275938 5609375
1.278419 5519837
1.282646 5511842
1.282989 5439864
1.284104 5428702
1.489432 5420129
1.490334 5398877
1.490569 5380937
1.491906 5380872
1.493933 5359433
1.518547 5350080
1.518891 5323595
1.521117 5307387
1.533315 5260120
1.539973 5246447
1.542432 5231778
1.575142 5221393
1.649286 5176274
1.734820 5167701
1.735717 5146449
1.735947 5128509
1.739284 5107005
1.763901 5097652
1.764244 5071167
1.777795 5060331
1.787355 5042984
1.787808 4979350
1.820357 4968965
1.833670 4957450
1.977623 4945746
1.979619 4937173
1.980510 4915921
1.980751 4897981
1.984089 4876477
2.008767 4867124
2.009110 4840639
2.022621 4829803
2.032140 4812456
2.032591 4748822
2.078601 4726922
2.223979 4718349
2.224995 4712294
2.225114 4710677
2.225673 4700208
2.226011 4678871
2.228452 4657653
2.254074 4622980
2.254305 4621693
2.269595 4613197
2.270628 4612552
2.276839 4593632
2.277294 4529998
2.468949 4459701
2.499056 4408683
2.510801 4330608
2.689105 4322689
2.713824 4252392
2.744262 4201374
2.756018 4123299
2.959628 4054030
2.990222 4001984
3.010760 3993499
3.017367 3950615
3.205326 3881346
3.233773 3845386
3.258451 3824549
3.293433 3823595
3.400939 3806689
3.401287 3797459
3.456534 3728190
3.485866 3692230
3.509235 3674614
3.546688 3670439
3.564355 3668736
3.704049 3599467
3.732452 3563507
3.753359 3542670
3.766693 3537631
3.949038 3468362
3.978410 3416316
4.194502 3401883
4.194626 3383894
4.194856 3367955
4.195415 3347764
4.250126 3319134
4.252458 3287987
4.439455 3273554
4.439580 3255565
4.441924 3218718
4.508271 3202625
4.631349 3193875
4.642955 3173449
4.685018 3159016
4.685142 3141027
4.687472 3104180
4.753724 3088087
4.876793 3079337
4.908139 3074469
4.917439 3060316
4.930502 3045883
4.930622 3027894
4.932967 2991047
4.999162 2974954
5.153548 2961336
5.175847 2946903
5.175969 2928914
5.178308 2892067
5.242729 2891021
5.244625 2875974
5.383033 2870990
5.421571 2856557
5.421692 2838568
5.424012 2801721
5.488502 2800675
5.490405 2785628
5.654013 2783793
5.666358 2769360
5.666479 2751371
5.668818 2714524
5.735162 2698431
5.909073 2696878
5.912684 2682445
5.912835 2664456
5.915182 2627609
5.981586 2611516
6.158938 2597083
6.159061 2579094
6.161406 2542247
6.317790 2529401
6.404279 2514968
6.404401 2496979
6.406851 2460849
6.617149 2454318
6.650445 2439885
6.650568 2421896
6.653006 2385766
6.897202 2385527
6.897325 2369240
6.909869 2368696
6.916748 2363480
6.930734 2357097
7.015054 2355848
7.015837 2331446
7.019838 2318827
7.146154 2315268
7.146277 2308073
7.154418 2301757
7.161301 2296541
7.175444 2290158
7.265963 2290116
7.267642 2286466
7.282849 2275746
7.334467 2251975
7.391368 2248416
7.391492 2241221
7.399671 2234905
7.406585 2229689
7.420873 2223306
7.514380 2223264
7.525359 2218495
7.531907 2208894
7.592298 2206315
7.643514 2202756
7.643639 2195561
7.651814 2189245
7.658753 2184029
7.672815 2177646
7.765746 2177604
7.783209 2164145
7.895559 2160586
7.895689 2153391
7.904097 2147075
7.911219 2141859
7.925724 2135476
8.029489 2134925
8.055792 2124776
8.128260 2122899
8.144641 2119340
8.144793 2112145
8.152946 2105829
8.159860 2100613
8.173908 2094230
8.277365 2093679
8.303616 2083530
8.392521 2079971
8.392647 2072776
8.400776 2066460
8.407729 2061244
8.422185 2054861
8.525670 2054310
8.579853 2048943
8.640356 2045384
8.640481 2038189
8.648957 2031873
8.656063 2026657
8.670522 2020274
8.765132 2020232
8.837980 2019668
8.870417 2018595
8.881660 2017783
8.893337 2001257
8.902197 2000713
8.909121 1995497
8.923503 1989114
9.018221 1989072
9.088922 1988508
9.120223 1985192
9.142760 1968666
9.151581 1968122
9.158478 1962906
9.172596 1956523
9.263981 1956481
9.334503 1955917
9.388345 1939391
9.397141 1938847
9.404019 1933631
9.417989 1927248
9.632932 1910722
9.641837 1907453
9.754482 1904865
9.877829 1888339
9.886748 1885070
10.122669 1868544
10.138613 1865509
10.368714 1848983
10.437779 1848814
10.480100 1848705
10.485368 1846134
10.614273 1829608
10.683157 1829439
10.790469 1829005
10.804977 1827973
10.862355 1811447
10.931465 1811278
11.036241 1810844
11.055011 1810257
11.108056 1793731
11.177010 1793562
11.281846 1793128
11.342708 1792626
11.354939 1789067
11.422904 1775931
11.529811 1775497
11.604993 1771938
11.674953 1758802
11.794909 1758109
11.856571 1754550
11.925367 1741414
12.095262 1741356
12.106068 1737797
12.175894 1724661
12.356698 1721102
12.443575 1667407
12.609094 1663848
12.783457 1661505
12.802436 1659614
12.841796 1655805
12.846491 1653011
12.862777 1649452
13.032583 1647109
13.051027 1645218
13.098483 1640380
13.109487 1636821
13.282338 1634478
13.301272 1632587
13.351378 1630919
13.359603 1627360
13.528312 1625017
13.546688 1623126
13.604962 1619567
13.773566 1617224
13.850325 1613665
14.036664 1612944
14.054879 1612775
14.074831 1612605
14.095151 1609046
14.282382 1608325
14.300587 1608156
14.340756 1604597
14.531326 1603876
14.589606 1600317
14.776143 1598770
14.834553 1595211
15.152590 1593089
15.392398 1592603
15.458215 1591395
15.637958 1590909
15.742794 1590163
15.883468 1589677
163.529055 1589075
163.754809 1587843
163.885104 1586672
164.003595 1585440
164.373714 1584577
251.629300 1581090
251.790117 1580643
464.016292 1579656
464.355450 1578424
464.708745 1577561
561.427143 1573102
