0.630870 1673675
0.642989 1666490
0.661746 1666266
0.764447 1663981
0.765746 1655345
0.766698 1654706
0.778857 1647521
0.797610 1647297
0.900924 1645012
0.903162 1644373
0.915266 1637188
0.934105 1636964
1.039346 1636325
1.051512 1629140
1.175633 1628501
1.227239 1626080
1.239772 1622440
1.296806 1621500
1.312721 1620861
1.364422 1618440
1.376919 1614800
1.447687 1614345
1.449448 1613706
1.501123 1611285
1.513637 1607645
1.586167 1607006
1.637736 1604585
1.701137 1601927
1.722928 1601288
1.774477 1598867
1.859476 1598063
1.859574 1597424
1.911180 1595003
1.996787 1594364
2.069296 1592621
2.133338 1591982
3.623641 1587385
3.757418 1585003
3.904881 1584517
7.042527 1581940
7.257412 1579932
7.303695 1579558
7.396631 1577550
7.590607 1577064
