0.000355 7274584
0.000524 7268022
0.000792 7266893
0.000922 7138520
0.001177 7053483
0.001432 6999235
0.001932 6989018
0.002062 6899056
0.002491 6839315
0.002621 6758675
0.002873 6750596
0.003002 6736265
0.004119 6710133
0.004494 6655788
0.004993 6652521
0.005121 6639289
0.005248 6397311
0.006369 6374476
0.007361 6264292
0.007614 6202798
0.008232 6195096
0.008609 6193934
0.008740 6190949
0.008992 6154859
0.009247 6064007
0.009505 5992856
0.010640 5979833
0.011143 5876761
0.011518 5853993
0.013125 5838640
0.013255 5714753
0.013753 5676158
0.013881 5575649
0.015255 5452315
0.015631 5446408
0.015761 5311587
0.016258 5271121
0.016631 5243841
0.017006 5238900
0.017870 5212998
0.017999 5212689
0.019003 5146259
0.019998 5106981
0.020127 5029434
0.020255 4957965
0.020508 4810977
0.020883 4803084
0.021627 4726958
0.022645 4630719
0.022774 4630546
0.023397 4619836
0.023773 4616665
0.024272 4594444
0.025510 4579094
0.025762 4552913
0.026014 4500143
0.026140 4407845
0.026270 4377910
0.027473 4354051
0.027855 4336260
0.028848 4316505
0.029720 4277532
0.030099 4277375
0.031231 4212167
0.034328 4202500
0.034587 4042372
0.035460 4010881
0.035961 3948944
0.036340 3947362
0.037703 3945271
0.039689 3933806
0.041307 3929907
0.041684 3927296
0.042185 3825655
0.043560 3814859
0.043814 3812804
0.044065 3801184
0.045549 3744130
0.047426 3734089
0.047805 3722427
0.048181 3666305
0.050547 3656508
0.055028 3651517
0.057875 3641733
0.059138 3636372
0.059644 3601205
0.067172 3585444
0.070014 3394846
0.071271 3375165
0.071648 3345553
0.072516 3328601
0.074246 3213001
0.075991 3212544
0.083653 3193677
0.087986 3162214
0.089107 3137556
0.091587 3136651
0.092456 3132307
0.093694 3130831
0.094333 3111973
0.094588 3109216
0.098933 3092668
0.127159 3089618
0.128901 3011286
0.137047 2976825
0.145939 2974167
0.146456 2966029
0.149178 2953378
0.149803 2951709
0.151918 2914619
0.152910 2883372
0.153534 2849485
0.157976 2844886
0.163307 2842566
0.168256 2826745
0.169002 2813762
0.170119 2769634
0.171369 2750119
0.171747 2725430
0.178657 2655422
0.178792 2650800
0.181012 2650786
0.193338 2642987
0.194589 2634057
0.211838 2618506
0.252567 2496847
0.298081 2491829
0.299599 2490004
0.306488 2469122
0.308824 2445617
0.312525 2442769
0.314754 2415534
0.504578 2404499
0.551787 2392940
0.574501 2388029
0.576598 2385966
0.592561 2376796
0.595273 2346236
0.603494 2344427
0.607186 2332810
0.607929 2321771
0.865702 2306636
0.976234 2300841
1.141020 2292874
1.142130 2279735
1.143794 2263218
1.161472 2228581
1.175978 2184093
1.334394 2181459
1.335320 2180284
1.341578 2177297
1.347964 2158541
1.514808 2135898
1.527667 2129641
1.537129 2122152
1.538323 2115427
1.539112 2114629
1.541438 2105932
1.559091 2094653
1.561948 2086480
1.585227 2038370
1.605711 2026928
1.617945 2026604
1.625616 2026072
1.628114 2022814
1.630211 2012091
1.659376 2007832
1.694586 1990920
1.718133 1990650
1.741039 1982088
1.744171 1969464
1.746794 1959907
1.771920 1952211
1.790124 1933981
1.797405 1915879
1.799768 1905477
1.807566 1889025
6.907469 1886232
6.928563 1881119
6.955751 1863257
7.133375 1858614
7.157086 1843558
7.234511 1827247
7.271928 1823408
7.272848 1823110
7.298051 1811927
7.301952 1780229
9.166472 1775412
9.176775 1766623
9.238104 1732567
9.242562 1728252
9.244906 1725367
9.256847 1722475
9.281474 1721859
9.322004 1719841
9.906376 1712967
9.907043 1709064
9.914716 1701995
9.915506 1699592
9.917323 1698703
9.938453 1697304
14.572338 1694756
14.618938 1691393
14.636208 1690060
17.658414 1689310
17.659387 1684784
18.449994 1682072
18.523594 1681677
18.552329 1676988
18.563693 1674732
18.575314 1674386
18.628968 1673518
18.639641 1658533
18.642794 1657625
18.665285 1656884
18.783346 1655967
18.980977 1654983
18.996980 1643829
19.389984 1641225
19.575104 1638528
20.522321 1633721
24.019926 1633634
24.210534 1631712
24.368603 1631095
24.371473 1625516
24.651619 1621555
24.733726 1620015
24.756851 1618872
24.865924 1617322
24.892918 1614055
24.898242 1613785
25.710791 1611240
25.923293 1608547
26.535619 1607303
31.006207 1607016
31.053641 1605784
31.053780 1605439
31.907149 1604515
31.945018 1601344
43.370716 1600925
45.703371 1599693
49.367376 1596212
50.075702 1594980
62.571719 1593267
62.576190 1592892
62.668296 1592611
381.783520 1586717
381.792460 1584314
388.955390 1572359
390.206462 1571528
391.954765 1567032
402.605843 1563985
