0.000323 7344592
0.001003 7333221
0.001630 6923003
0.001885 6912317
0.002013 6887550
0.002141 6774668
0.002517 6755757
0.002645 6705323
0.002772 6696899
0.003147 6688421
0.003399 6670160
0.003527 6653653
0.003778 6644866
0.004152 6594662
0.004649 6583401
0.005043 6518482
0.005170 6416372
0.005790 6305345
0.006780 6252830
0.007274 6217271
0.007524 6141411
0.008390 6122743
0.008643 6049733
0.009272 5932858
0.009524 5930087
0.009897 5913216
0.010271 5898431
0.011015 5778186
0.011513 5767183
0.012133 5741666
0.012262 5733632
0.012512 5692555
0.012638 5680921
0.016131 5604271
0.016632 5580974
0.017514 5576188
0.017766 5446845
0.018139 5444619
0.018267 5318652
0.018765 5260779
0.019017 5238093
0.019268 5229603
0.019766 5165122
0.020886 5144299
0.022858 5137588
0.023355 5136150
0.023850 5083339
0.024224 5079364
0.024597 4925054
0.024864 4878829
0.025237 4807397
0.025489 4806352
0.026966 4777653
0.027707 4766424
0.028955 4703167
0.029454 4693564
0.029582 4672313
0.029836 4581622
0.030335 4494084
0.030592 4331739
0.030844 4301662
0.031468 4279000
0.034033 4202782
0.034291 4196133
0.036265 4190936
0.037268 4172582
0.038996 4089563
0.041116 4068940
0.044446 4045042
0.045457 4006847
0.046204 3954017
0.047933 3928795
0.050292 3885185
0.050918 3860988
0.052648 3828320
0.053171 3822841
0.053302 3798525
0.054292 3797190
0.054546 3782084
0.055043 3755723
0.056399 3723402
0.056529 3711210
0.060007 3710702
0.060140 3702856
0.066209 3629958
0.066344 3613679
0.067951 3571795
0.069568 3565226
0.072249 3555498
0.074192 3553402
0.074537 3534776
0.075044 3509759
0.082559 3496422
0.082696 3479678
0.083442 3414444
0.084816 3374089
0.085565 3373741
0.088909 3371216
0.089536 3357070
0.090037 3340545
0.093492 3335730
0.093624 3333729
0.125378 3320157
0.129605 3300922
0.130723 3266440
0.132118 3228955
0.136529 3203555
0.141020 3164070
0.145756 3135834
0.154183 3111189
0.157240 3075225
0.158082 3051294
0.164100 3002148
0.168973 2999362
0.172057 2983658
0.180197 2914664
0.188985 2898052
0.189366 2887050
0.193202 2849854
0.209488 2837511
0.211710 2816445
0.215801 2796956
0.235010 2743746
0.235175 2726878
0.239504 2725138
0.243121 2708080
0.244240 2705945
0.248207 2693195
0.249452 2692412
0.249953 2682200
0.251927 2681765
0.255263 2675401
0.283600 2673372
0.283764 2663917
0.284774 2661059
0.286515 2660211
0.288489 2624961
0.297747 2575227
0.300108 2553336
0.304176 2517717
0.305181 2482979
0.376788 2475113
0.382935 2472804
0.383318 2446617
0.399430 2440542
0.401664 2431751
0.404622 2424596
0.407104 2422643
0.408707 2412310
0.421788 2399555
0.425136 2373648
0.426006 2368891
0.438373 2344044
0.451084 2334035
0.457995 2328467
0.509207 2296888
0.514631 2288457
0.526563 2232487
0.616167 2221689
0.617412 2217656
0.633543 2211189
0.645473 2209591
0.646962 2208651
0.647714 2182114
0.665450 2178536
0.670638 2178346
0.690756 2139207
0.692122 2125161
0.694614 2097535
0.699432 2094065
0.700059 2092327
0.702894 2087803
0.703396 2079829
0.704903 2077619
0.705403 2072534
0.729991 2059619
0.760828 2057115
0.763317 2056476
2.314031 2052384
2.318447 2042876
2.339277 2029020
2.353908 2021885
2.354789 1999723
2.355092 1980623
3.887463 1978580
3.939463 1964736
3.940467 1963323
4.412127 1942636
4.417814 1941030
4.428105 1938498
4.440906 1938433
4.442498 1919410
4.457763 1900757
4.479441 1892961
4.504062 1881886
4.600207 1878883
4.654118 1877999
4.654860 1845245
4.661645 1844652
4.670759 1840601
4.683462 1838094
4.773792 1837050
5.274559 1828102
5.277236 1816983
6.785084 1815035
6.793705 1809727
6.793843 1809413
8.997786 1809245
8.999278 1808762
9.032148 1790804
9.049615 1790384
11.296100 1786465
11.299917 1784179
11.301380 1773222
13.090251 1761422
13.336320 1760272
13.357176 1758660
13.478766 1758066
13.481505 1754931
13.488695 1737100
13.499802 1736967
14.256269 1735685
14.336183 1734954
14.358984 1734010
14.379366 1728951
14.413078 1727110
14.443101 1716394
14.490094 1715293
14.508846 1715012
14.605923 1714672
15.182972 1708255
15.279785 1697726
15.296586 1695323
15.301452 1694091
15.376859 1665182
18.400166 1664809
18.462502 1664103
18.791098 1660866
18.801594 1659574
18.804839 1658964
18.810658 1657236
18.987694 1653447
18.991537 1653052
19.009277 1642690
19.015925 1639995
19.627702 1620335
19.899419 1613454
19.902441 1607860
19.913389 1604942
20.040791 1601366
20.045352 1599672
20.255145 1598648
20.318239 1593469
23.712271 1591335
26.160840 1588401
26.212940 1584989
26.255468 1583295
26.335572 1582989
26.341377 1576998
27.063485 1574539
27.189740 1574109
27.252573 1571151
34.265927 1569994
34.517787 1569352
43.000157 1568104
175.192083 1567998
175.377638 1565040
176.339955 1563225
180.226644 1560762
180.667743 1559530
222.846764 1558924
222.931620 1555702
222.943835 1555060
