0.000336 7416773
0.000495 7358592
0.000887 6963266
0.001270 6825042
0.001526 6745126
0.001781 6597790
0.002159 6582905
0.002290 6458728
0.002666 6364125
0.002796 6305384
0.003188 6178054
0.003571 6158792
0.003949 6130917
0.004696 6126668
0.004950 6109490
0.005698 5976122
0.006196 5898381
0.006450 5893312
0.006702 5888726
0.006831 5817110
0.007468 5816052
0.007599 5801276
0.007976 5798745
0.008229 5685701
0.008358 5570206
0.009107 5527394
0.010100 5504079
0.010724 5426542
0.011243 5268841
0.011624 5232578
0.012861 5123970
0.013115 5091906
0.013858 5004581
0.015965 4946498
0.016095 4920809
0.016347 4865248
0.019691 4698838
0.020930 4698693
0.022046 4671984
0.023037 4633539
0.023607 4621322
0.025339 4596711
0.026207 4589289
0.026336 4581589
0.027079 4482634
0.028471 4422171
0.028850 4405690
0.028982 4404248
0.029480 4402845
0.030103 4382814
0.031592 4370839
0.037538 4358426
0.039496 4300495
0.040022 4252024
0.042330 4226418
0.042854 4191833
0.043902 4191685
0.044042 4159419
0.046886 4130324
0.047154 4097206
0.048211 4080902
0.048479 3967997
0.048876 3947497
0.058674 3936282
0.059742 3928713
0.061303 3908872
0.064550 3879756
0.064823 3873566
0.071526 3845812
0.073336 3812060
0.073476 3761346
0.079665 3741634
0.081993 3714029
0.083441 3694735
0.083839 3667431
0.091856 3592895
0.092896 3579877
0.094190 3578023
0.095372 3572698
0.098982 3559289
0.102477 3555377
0.129358 3528162
0.130792 3525630
0.132488 3513587
0.132887 3506186
0.133284 3483025
0.137429 3449650
0.140542 3405582
0.143000 3391012
0.143140 3365941
0.143810 3356908
0.144077 3353646
0.151276 3317795
0.155813 3290939
0.167179 3290554
0.168486 3286596
0.175728 3218181
0.178948 3196273
0.180006 3193585
0.186197 3158597
0.189435 3157280
0.189835 3155052
0.190102 3148245
0.210177 3109193
0.211495 3103925
0.212408 3031249
0.213832 3008895
0.215274 2985509
0.220392 2983414
0.221278 2954593
0.231188 2950817
0.234788 2933228
0.237155 2888497
0.237908 2878964
0.252467 2867538
0.252976 2866084
0.262392 2805039
0.263661 2769244
0.269840 2766073
0.271475 2755436
0.271609 2754024
0.271864 2753522
0.323274 2750063
0.328017 2744250
0.329686 2735679
0.330692 2734858
0.332083 2717946
0.333209 2709249
0.334818 2704701
0.335586 2686864
0.337193 2674174
0.348756 2670054
0.351502 2637754
0.353120 2617908
0.356588 2611821
0.357953 2600152
0.362897 2581306
0.363670 2570359
0.364913 2548494
0.365660 2539881
0.369373 2516230
0.387679 2510573
0.387816 2510182
0.390412 2481999
0.399049 2442077
0.424403 2416553
0.425279 2416158
0.429741 2412396
0.431366 2412023
0.433394 2406389
0.437144 2386950
0.437671 2378935
0.458007 2371352
0.463184 2367083
0.469363 2360043
0.472079 2345125
0.476862 2343893
0.649805 2341724
0.651762 2332195
0.657308 2331350
0.660425 2329285
0.665844 2312465
0.690517 2309375
0.764129 2286143
0.767859 2283691
0.772335 2272562
0.775658 2269724
0.781482 2246010
0.783212 2241870
0.785192 2214256
0.815431 2204671
0.894129 2204596
1.255114 2174120
1.284095 2173661
1.870949 2170633
1.876121 2131926
1.893397 2131262
1.897847 2124834
1.899395 2121841
1.926623 2121402
1.943792 2117801
1.969455 2114509
1.970381 2111828
1.975405 2109912
1.977121 2103101
1.982512 2100218
1.988182 2093673
1.988848 2076044
1.991083 2074710
1.996092 2068799
2.000792 2056281
2.009274 2049671
2.013709 2038253
2.016355 2025740
2.022731 2011638
2.745748 1951816
2.747428 1937449
2.787964 1921105
2.799037 1911867
5.386637 1895517
5.479986 1893403
5.480269 1886477
5.503015 1885426
5.503565 1884443
5.522060 1860027
5.526684 1854305
5.573508 1840278
5.595437 1833697
8.821655 1832729
8.852909 1807940
8.857962 1803584
8.865984 1798834
8.895603 1795635
8.979052 1786907
8.987329 1782656
8.992033 1780094
9.000010 1774193
9.960145 1773337
9.968985 1772540
9.973615 1766369
9.982308 1762925
9.990447 1758527
9.991699 1757410
10.019021 1747272
10.031093 1733629
11.353785 1732726
12.495541 1725747
12.550131 1719990
12.586545 1717360
12.641459 1715679
12.667631 1705386
12.717181 1704399
12.724129 1697244
12.888603 1692742
12.902072 1692694
12.912145 1688807
13.161744 1664228
13.174533 1661825
16.373731 1659850
16.516636 1651937
16.539426 1647227
17.223143 1644485
17.224021 1636838
17.264854 1636522
17.271352 1631021
21.328761 1620489
21.542347 1618362
21.572036 1616446
22.408319 1607343
22.641099 1601610
23.827130 1599161
24.588777 1594697
24.776444 1591999
24.890154 1590591
25.089143 1590100
25.097350 1584090
25.413950 1583236
25.433267 1581320
26.384650 1578959
26.434946 1575095
27.201920 1572845
27.294301 1572550
29.433107 1570721
29.582971 1569578
31.508121 1567858
31.515083 1567216
31.542217 1564298
31.860372 1561741
32.548411 1557155
33.515313 1556292
34.030489 1555060
