0.001101 7561363
0.001237 7527906
0.002577 7492763
0.007676 7487925
0.008475 7468356
0.009809 7397713
0.050117 7314008
0.063652 7284614
0.065659 7248635
0.071981 7222459
0.076732 7195766
0.143245 7191601
0.257781 7185552
0.257991 7152095
0.259491 7128355
0.264596 7112114
0.265380 7092545
0.266825 7017323
0.310944 6938197
0.324534 6908803
0.330414 6874849
0.332202 6864723
0.334092 6855868
0.343881 6820370
0.454918 6783135
0.510676 6777086
0.510798 6743629
0.512256 6719889
0.515585 6692778
0.518038 6684079
0.519477 6608857
0.559336 6529731
0.572891 6500337
0.578750 6466383
0.582078 6392484
0.754956 6386435
0.755077 6346557
0.758080 6318660
0.759869 6302127
0.765275 6219278
0.805106 6184631
0.808566 6152212
0.818634 6073707
0.997547 6055500
0.998992 6049451
0.999110 6009573
1.002112 5981676
1.003906 5965143
1.009331 5882294
1.049140 5847647
1.052609 5815228
1.062677 5736723
1.244353 5719246
1.245244 5708972
1.247017 5662899
1.248806 5646366
1.251795 5618261
1.254274 5563517
1.293439 5494529
1.346553 5444705
1.450697 5443689
1.452700 5425540
1.489894 5408063
1.490789 5397789
1.492590 5351716
1.496061 5346053
1.497394 5307078
1.499848 5252334
1.538234 5183346
1.543585 5172136
1.739445 5170017
1.739690 5081779
1.746982 5024149
1.747661 5012202
1.793642 4943337
1.820607 4919390
1.986239 4892812
1.986366 4857042
1.990703 4839903
1.993606 4756277
2.038707 4690591
2.117268 4627372
2.230666 4599621
2.232466 4553548
2.233139 4537015
2.238482 4519257
2.239712 4454166
2.284212 4398573
2.443834 4349992
2.476806 4322241
2.478816 4287644
2.481393 4270505
2.484192 4265587
2.484647 4241877
2.486100 4186879
2.529737 4121193
2.727286 4093442
2.729373 4058845
2.731957 4041706
2.734731 4036788
2.735183 4013078
2.736647 3958080
2.863370 3934433
2.973294 3932314
2.973864 3888506
2.977653 3854946
2.981215 3852367
2.981667 3844112
2.987666 3807464
3.036090 3805475
3.036878 3772306
3.216274 3744555
3.218280 3709958
3.222186 3692819
3.223632 3687901
3.224100 3664191
3.225557 3609193
3.472112 3608770
3.472623 3563266
3.515789 3537734
3.522380 3497366
3.546545 3452796
3.719477 3452373
3.719947 3406869
3.767440 3379294
3.774022 3368826
3.786917 3349704
3.834048 3335188
3.843729 3312854
3.964463 3312431
3.964919 3266927
4.012280 3239352
4.018880 3228884
4.031758 3209762
4.075730 3209324
4.079179 3195246
4.209698 3194823
4.210152 3149319
4.260665 3128532
4.272889 3125645
4.275919 3118757
4.292973 3115602
4.305582 3103319
4.339409 3090749
4.382909 3083721
4.456436 3083298
4.456891 3037794
4.507143 3017007
4.519352 3014120
4.522364 3007232
4.551270 2991794
4.584897 2979224
4.701703 2978801
4.702156 2933297
4.748123 2905722
4.754678 2895254
4.767573 2876132
4.947034 2875709
4.947488 2830205
4.996273 2809418
5.083502 2780177
5.192429 2779754
5.192882 2734250
5.241636 2713463
5.346842 2654498
5.437231 2654075
5.437687 2608571
5.486437 2587784
5.624689 2573665
5.682883 2573242
5.683336 2527738
5.732136 2506951
5.928689 2506528
5.929146 2461024
5.971103 2433449
6.174101 2433026
6.175327 2424383
6.188585 2390234
6.236349 2388747
6.338955 2379851
6.419179 2379428
6.420420 2370785
6.433667 2336636
6.481596 2335149
6.618472 2334162
6.625269 2329101
6.665299 2328678
6.666523 2320035
6.679784 2285886
6.727734 2284399
6.843322 2277583
6.910819 2277160
6.912062 2268517
6.925305 2234368
6.973249 2232881
7.103789 2231735
7.156633 2231312
7.157861 2222669
7.171125 2188520
7.219085 2187033
7.402165 2186610
7.403060 2185913
7.410309 2179180
7.416695 2143818
7.499156 2139829
7.648029 2139406
7.648924 2138709
7.656162 2131976
7.662500 2096614
7.752470 2095336
7.893482 2094913
7.894375 2094216
7.901601 2087483
7.907962 2052121
8.020039 2049647
8.139243 2049224
8.140156 2048527
8.147362 2041794
8.153716 2006432
8.391676 1997366
8.392602 1979854
8.489558 1975571
8.489681 1972783
8.521628 1968514
8.636930 1959448
8.637838 1941936
8.734914 1937653
8.735038 1934865
8.863771 1934394
8.882806 1925328
8.883709 1907816
8.980685 1903533
8.980807 1900745
9.128572 1891679
9.129478 1874167
9.382399 1867012
9.411269 1864836
9.450638 1862626
9.451571 1854053
9.480024 1853930
9.527758 1852962
9.637415 1845807
9.666170 1843631
9.705599 1841421
9.706534 1832848
9.734926 1832725
9.891558 1825570
9.920413 1823394
9.959891 1821184
9.971298 1801617
10.145976 1794462
10.174703 1792286
10.213998 1790076
10.243261 1785219
10.381527 1782572
10.399551 1775417
10.428319 1773241
10.467568 1771031
10.517721 1769136
10.653452 1761981
10.682213 1759805
10.721407 1757595
10.903069 1750440
10.930827 1748264
10.962793 1745573
11.147747 1738418
11.175595 1736242
11.241342 1735522
11.253944 1734481
11.377272 1734102
11.394025 1726947
11.421921 1724771
11.487481 1724051
11.500126 1723010
11.640037 1715855
11.667822 1713679
11.733315 1712959
11.845685 1712698
11.885442 1705543
11.913335 1703367
11.978828 1702647
12.131537 1695492
12.159336 1693316
12.219171 1691485
12.376849 1684330
12.404717 1682154
12.621957 1674999
12.927835 1673355
13.054243 1671939
13.088913 1669572
13.173390 1667928
13.299411 1666512
13.335570 1663776
13.335692 1662624
13.418481 1660980
13.544931 1659564
13.580964 1657123
13.664107 1655479
13.790353 1654063
13.909429 1652419
13.972242 1638723
14.154557 1637079
14.205579 1627597
14.222541 1622148
14.401802 1620504
14.454515 1611022
14.651628 1609378
14.795750 1607971
14.898260 1606327
15.045854 1605568
15.143467 1603924
15.395138 1603895
15.478181 1602511
15.505411 1602324
15.640557 1602295
15.723545 1600911
15.885526 1600882
16.002179 1600048
16.130487 1600019
16.289341 1599406
16.376918 1599377
16.604092 1577970
17.031970 1576827
