0.000756 6905822
0.001000 6896560
0.001452 6867948
0.003468 6851621
0.005349 6815967
0.007257 6805238
0.009025 6746680
0.012137 6739214
0.042634 6698738
0.043093 6592346
0.237986 6572568
0.254916 6544128
0.255161 6534866
0.255608 6506254
0.257602 6489927
0.259496 6454273
0.261388 6443544
0.263172 6384986
0.271431 6377520
0.302945 6337044
0.303429 6230652
0.508325 6219087
0.508457 6153870
0.510774 6148011
0.512685 6112357
0.514570 6101628
0.516349 6043070
0.519451 6035604
0.569215 5988595
0.576404 5966297
0.594258 5929581
0.605287 5912531
0.751866 5900966
0.751985 5835749
0.754303 5829890
0.756203 5794236
0.758088 5783507
0.759978 5759944
0.762959 5717483
0.812877 5670474
0.820064 5648176
0.837929 5611460
0.995927 5599895
0.996049 5534678
0.997156 5532193
0.998375 5528819
1.000260 5493165
1.002146 5482436
1.004477 5446562
1.007046 5416412
1.056892 5369403
1.105367 5330065
1.239649 5318500
1.239769 5253283
1.241639 5220202
1.243978 5211770
1.245858 5201041
1.248660 5187071
1.250768 5135017
1.301269 5088008
1.483772 5076443
1.484006 5050306
1.485773 4978145
1.488125 4969713
1.490013 4958984
1.492780 4945014
1.494886 4892960
1.693792 4876651
1.708015 4846628
1.727929 4835063
1.728158 4808926
1.729922 4736765
1.736912 4703634
1.739016 4651580
1.800738 4617486
1.971789 4605921
1.972133 4561623
1.974010 4491518
1.979452 4434351
1.981444 4417361
2.215166 4371748
2.217045 4341194
2.219383 4310257
2.241206 4255780
2.287755 4250792
2.436130 4245929
2.459609 4200316
2.461484 4169762
2.463821 4138825
2.487666 4108157
2.502685 4095229
2.538685 4062864
2.704068 4017251
2.706716 4008953
2.706836 3980223
2.725716 3978800
2.728270 3963149
2.730595 3926437
2.732158 3925092
2.742648 3903456
2.882091 3896486
2.947907 3850873
2.950557 3842575
2.950675 3813845
2.969504 3812422
2.972061 3796771
2.985882 3783720
2.986666 3764683
2.994202 3745786
3.082705 3742980
3.174775 3731966
3.191989 3686353
3.194638 3678055
3.194758 3649325
3.213619 3647902
3.216171 3632251
3.230014 3619200
3.230798 3600163
3.232366 3572558
3.443411 3526945
3.446292 3465454
3.466904 3434786
3.522458 3421858
3.689929 3376245
3.693146 3367947
3.693268 3339217
3.714585 3322143
3.788150 3310539
3.847813 3268352
3.933945 3222739
3.940369 3161248
3.960948 3130580
4.177925 3084967
4.180810 3074717
4.184378 3023476
4.225575 3022518
4.377606 3019261
4.427013 2973648
4.429992 2963398
4.433662 2912157
4.476191 2911199
4.679098 2865586
4.685516 2804095
4.925386 2790863
4.929937 2777030
4.935724 2747720
4.937837 2712009
4.988655 2699548
5.175663 2695749
5.179130 2695104
5.180031 2672483
5.183146 2658355
5.185800 2643173
5.187943 2607462
5.415778 2603032
5.419450 2599233
5.422875 2598588
5.424121 2578553
5.426878 2561839
5.429546 2546657
5.431667 2510946
5.663276 2507147
5.666721 2506502
5.667960 2486467
5.670728 2469753
5.673397 2454571
5.758809 2419519
5.907247 2415720
5.910680 2415075
5.911916 2395040
5.914680 2378326
5.917357 2363144
6.061186 2348930
6.151399 2345131
6.151632 2338749
6.156064 2324451
6.158938 2323128
6.163166 2304364
6.173119 2300190
6.392984 2296830
6.393223 2286958
6.399869 2275711
6.406956 2255624
6.459482 2254445
6.534316 2244590
6.636817 2241230
6.637049 2231358
6.643691 2220111
6.650779 2200024
6.704008 2198845
6.797018 2179421
6.881494 2176061
6.881729 2166189
6.888379 2154942
6.895485 2134855
6.947966 2133676
7.125450 2130316
7.125682 2120444
7.132319 2109197
7.133322 2107361
7.139435 2089110
7.375814 2084666
7.376379 2078929
7.376941 2064631
7.583261 2058977
7.583493 2056761
7.585811 2056412
7.588250 2055647
7.590573 2054990
7.608525 2047239
7.620140 2043879
7.620372 2034007
7.628680 2023631
7.827678 2017106
7.827910 2014890
7.830231 2014541
7.832683 2013776
7.834999 2013119
7.856403 2008033
7.865036 2004234
7.865269 1997852
7.873011 1997081
7.873130 1984425
8.071915 1977900
8.072147 1975684
8.074467 1975335
8.076918 1974570
8.079246 1973913
8.109242 1970114
8.109475 1963732
8.117228 1962961
8.117348 1950305
8.316584 1943780
8.319244 1939897
8.353832 1936098
8.354066 1929716
8.361816 1928945
8.361937 1916289
8.598495 1912490
8.598731 1906108
8.613581 1890429
8.843513 1886630
8.843791 1880248
8.865246 1869038
9.016736 1868910
9.027335 1866935
9.088328 1863136
9.088562 1856754
9.110035 1845544
9.332519 1841745
9.332755 1835363
9.479751 1829392
9.576849 1825593
9.577084 1819211
9.766827 1817480
9.798886 1817006
9.820626 1813207
9.820862 1806825
10.011262 1805094
10.064904 1801295
10.065139 1794913
10.300104 1794579
10.309084 1793991
10.309318 1784398
10.545054 1784223
10.545176 1782602
10.553573 1782171
10.553807 1772421
10.807064 1772288
10.807195 1771587
10.813837 1769543
10.814293 1767297
10.841854 1762977
10.907804 1762878
11.056729 1762745
11.056861 1762044
11.063741 1760000
11.064212 1757754
11.092669 1753434
11.176737 1753397
11.309101 1753264
11.309276 1752563
11.315920 1750519
11.316378 1748273
11.343921 1743953
11.553792 1743820
11.553923 1743119
11.560591 1741075
11.561048 1738829
11.697765 1736939
11.710437 1734571
11.798037 1734438
11.798163 1733737
11.804822 1731693
11.805280 1729447
11.914750 1728102
11.942257 1727937
12.042741 1727804
12.042867 1727103
12.049550 1725059
12.050006 1722813
12.286963 1722680
12.293722 1719935
12.437611 1719700
12.537101 1719567
12.544107 1716822
12.785041 1716689
12.792136 1716409
12.806090 1715959
12.949295 1715272
13.029315 1715139
13.036425 1714859
13.050333 1714409
13.204860 1713823
13.273177 1713690
13.280294 1713410
13.294196 1712960
13.445191 1710694
13.448620 1710327
13.517095 1710194
13.524209 1709914
13.538142 1709464
13.713990 1708723
13.761209 1708590
13.768308 1708310
13.782207 1707860
13.965684 1707079
14.005422 1706946
14.012528 1706666
14.026477 1706216
14.205066 1706150
14.249858 1706017
14.256956 1705737
14.270870 1705287
14.494584 1705154
14.501759 1704874
14.547542 1704503
14.738792 1704370
14.745883 1704090
14.791648 1685861
14.982684 1685728
14.989790 1685448
15.210435 1682690
15.226476 1682557
15.233574 1682277
15.463391 1679226
30.124189 1678059
30.124369 1677700
30.367772 1675965
30.367897 1675380
30.410076 1673984
30.568070 1673774
30.612093 1672039
30.612215 1671454
30.654439 1670058
30.856539 1668323
30.856662 1667738
30.898648 1664228
31.100519 1662493
31.100644 1661908
31.344354 1658044
31.691765 1656869
31.763143 1656309
31.815768 1656089
31.936047 1654914
32.007511 1654354
32.074388 1654173
32.180397 1652998
32.251759 1652438
32.424506 1651263
32.495608 1637971
32.668403 1636796
50.111472 1634609
50.354952 1632161
50.355099 1631453
65.076364 1631193
65.170952 1630820
65.195547 1630018
65.353300 1629458
65.415407 1629085
65.440224 1628283
65.603573 1614991
65.667132 1614618
65.691705 1613816
65.910985 1613443
66.090161 1612953
66.154836 1612580
83.260906 1597515
141.344386 1595533
141.462429 1593171
141.588749 1591163
141.716708 1590635
141.726335 1590120
141.833029 1588112
141.960969 1587717
142.077097 1585709
142.309430 1585409
142.323724 1583401
142.609461 1582759
365.449135 1581994
365.493838 1581458
365.651727 1580045
365.692668 1579076
365.894885 1577663
366.012623 1577160
366.138198 1575747
366.549454 1574604
