0.000433 7049969
0.000567 7032737
0.000911 7019437
0.001824 7014513
0.002389 7008666
0.005742 7006707
0.008321 6934314
0.008884 6909378
0.009462 6786384
0.010800 6717304
0.013946 6669504
0.028247 6664120
0.105403 6650734
0.260745 6645239
0.260873 6628007
0.261213 6614707
0.264135 6609396
0.264390 6608961
0.267231 6601977
0.269857 6529584
0.270422 6504648
0.270764 6482092
0.272335 6312574
0.275483 6264774
0.289861 6259390
0.511072 6207075
0.518562 6037757
0.520686 5986289
0.539851 5929469
0.594124 5928458
0.711026 5854448
0.757360 5802133
0.764821 5632815
0.766939 5581347
0.786227 5524527
1.003329 5520337
1.003673 5479693
1.010908 5413275
1.012698 5251426
1.087743 5214938
1.249831 5210748
1.250181 5170104
1.257476 5103686
1.259258 4876778
1.495405 4847263
1.496524 4840751
1.497197 4824463
1.510162 4819402
1.510833 4793918
1.511291 4717960
1.513970 4712422
1.515098 4703818
1.531739 4677301
1.545182 4649775
1.609388 4629696
1.680557 4610205
1.728843 4607178
1.741564 4577663
1.742693 4571151
1.743373 4554863
1.756361 4549802
1.757040 4524318
1.757503 4448360
1.760178 4442822
1.778135 4407701
1.791702 4380175
1.987851 4350660
1.988640 4340168
1.989654 4327860
2.002929 4319663
2.003716 4279722
2.004279 4261139
2.005517 4234317
2.006415 4215819
2.128178 4176814
2.167273 4175994
2.171860 4173342
2.234971 4143827
2.235762 4133335
2.236774 4121027
2.250099 4112830
2.250889 4072889
2.251457 4054306
2.254381 4013902
2.400149 3964486
2.481893 3934971
2.482686 3924479
2.483699 3912171
2.497056 3903974
2.497862 3864033
2.498429 3845450
2.501349 3805046
2.727510 3799515
2.727748 3764371
2.765493 3707508
2.768299 3658190
2.781858 3633452
2.974385 3627921
2.974733 3593977
2.976531 3593445
2.977563 3581137
3.010231 3543978
3.010468 3532287
3.012596 3531662
3.015817 3531222
3.016749 3496317
3.221620 3495401
3.221747 3492917
3.222538 3488367
3.225704 3477892
3.226176 3473590
3.226531 3460290
3.227900 3457404
3.270911 3428056
3.272372 3377061
3.276872 3370780
3.476474 3369864
3.476611 3367380
3.476737 3363080
3.476859 3354942
3.476979 3347849
3.477790 3341265
3.478582 3330773
3.479597 3318465
3.535621 3300298
3.540967 3299670
3.550459 3294539
3.586055 3292483
3.593532 3271387
3.593879 3262721
3.669832 3261233
3.692244 3253034
3.726729 3252118
3.726897 3249634
3.727019 3245334
3.727139 3237196
3.727259 3230103
3.728051 3223519
3.728841 3213027
3.729902 3200719
3.782480 3182552
3.797241 3176793
3.832598 3174737
3.840326 3163082
3.861027 3148061
3.861398 3128455
3.973404 3127539
3.973530 3125055
3.973648 3120755
3.973767 3112617
3.973884 3105524
3.974666 3098940
3.978687 3092428
4.027166 3087763
4.029017 3057973
4.031150 3057345
4.032746 3049946
4.034020 3048751
4.045410 3047467
4.083893 3020396
4.220500 3019480
4.220626 3016996
4.220745 3012696
4.220864 3004558
4.221005 2997465
4.221832 2990881
4.225880 2984369
4.274177 2979704
4.275984 2949914
4.278001 2949286
4.279567 2941887
4.280802 2940692
4.292198 2939408
4.386048 2932755
4.467626 2931839
4.467754 2929355
4.467877 2925055
4.467998 2916917
4.468120 2909824
4.468911 2903240
4.472966 2896728
4.521193 2892063
4.522999 2862273
4.527779 2853051
4.642063 2848531
4.642298 2848220
4.667135 2831029
4.713682 2830113
4.713805 2827629
4.713924 2823329
4.714042 2815191
4.714160 2808098
4.714946 2801514
4.717959 2791022
4.769113 2760547
4.786041 2754788
4.946078 2751715
4.959814 2750799
4.959936 2748315
4.960054 2744015
4.960171 2735877
4.960289 2728784
4.961071 2722200
4.964099 2711708
5.015093 2681233
5.032052 2675474
5.205487 2674558
5.205611 2672074
5.205730 2667774
5.205848 2659636
5.205967 2652543
5.206865 2639447
5.255523 2634782
5.261901 2623435
5.262134 2595770
5.452909 2594854
5.453034 2592370
5.453154 2588070
5.453401 2587006
5.453520 2555763
5.521088 2529810
5.702440 2528894
5.702635 2526410
5.702767 2522110
5.703116 2514678
5.705964 2506879
5.713987 2497939
5.834412 2486999
5.844209 2485803
5.845350 2478119
5.852717 2477656
5.945940 2475012
5.948407 2474096
5.948530 2471612
5.948651 2467312
5.948992 2459880
5.951798 2452081
5.959740 2443141
6.080777 2432201
6.090622 2431005
6.091746 2423321
6.099149 2422858
6.195036 2421942
6.195188 2419458
6.195311 2415158
6.195655 2407726
6.198471 2399927
6.206424 2390987
6.326672 2380047
6.337117 2378851
6.338249 2371167
6.441638 2370251
6.441765 2367767
6.441884 2363467
6.442226 2356035
6.443905 2331160
6.519565 2304876
6.688425 2303960
6.688557 2301476
6.688680 2297176
6.689021 2289744
6.689398 2281945
6.690412 2281511
6.697373 2273005
6.775771 2265756
6.908038 2244862
6.934727 2243946
6.934851 2241462
6.934970 2237162
6.935309 2229730
6.935650 2221931
6.936655 2221497
6.943562 2212991
7.021797 2205742
7.181184 2204826
7.181342 2202342
7.181463 2198042
7.181804 2190610
7.182368 2165735
7.428045 2150998
7.435325 2144550
7.456987 2124067
7.672595 2119265
7.679758 2106830
7.692536 2104352
7.746627 2092196
7.908878 2089001
7.918651 2084199
7.925826 2071764
7.992614 2057130
8.139122 2047439
8.164630 2042637
8.171777 2030202
8.238423 2015568
8.410693 2010766
8.417950 1998331
8.636737 1994355
8.657697 1989553
8.664907 1977118
8.894267 1973877
8.903738 1969075
8.910896 1956640
9.137571 1951591
9.150042 1946789
9.157190 1934354
9.385674 1930944
9.396176 1926142
9.403329 1913707
9.637680 1911545
9.641255 1906743
9.648372 1894308
9.886054 1891342
9.887962 1886540
9.895079 1874105
10.134551 1869303
10.141852 1859379
10.296760 1858921
10.316821 1857738
10.380384 1852936
10.387662 1843012
10.526058 1841923
10.626178 1837121
10.633414 1827197
10.773720 1821391
10.773856 1819237
10.782953 1816108
10.874010 1811306
10.881233 1801382
11.045186 1800924
11.120018 1796122
11.127277 1786198
11.282620 1774346
11.365655 1769544
11.372986 1759620
11.652649 1756779
11.652886 1749624
11.691532 1747391
11.899132 1744550
11.899368 1737395
11.961373 1736426
11.961497 1730400
12.145438 1727559
12.145676 1720404
12.207186 1718631
12.393148 1715790
12.393401 1708635
12.526458 1707908
12.583452 1707730
12.640476 1704889
12.640719 1697734
12.774196 1697007
12.887102 1694166
12.887337 1687011
13.090992 1687000
13.133010 1677973
13.398217 1676068
13.398344 1673882
13.404615 1672379
13.434761 1670333
13.481807 1670239
13.643697 1668334
13.643829 1666148
13.650108 1664645
13.680383 1662599
13.890496 1660694
13.890623 1658508
13.896871 1657005
14.136728 1652089
14.179076 1651899
14.383935 1646983
14.642724 1646341
14.694289 1645751
14.694535 1644601
14.794640 1642375
14.894246 1641733
14.945547 1641143
14.945784 1639993
15.042314 1637143
15.140364 1636501
15.191381 1635911
15.191617 1634761
15.307671 1634225
15.386186 1633583
15.437764 1632993
15.437998 1631843
15.633375 1631201
15.934479 1630962
16.182065 1629819
46.648348 1628649
46.683538 1628007
46.725751 1626674
46.929108 1626032
47.105636 1625811
47.175324 1625169
47.569496 1624962
98.008591 1622117
98.144816 1620942
98.152317 1620885
98.193583 1620869
98.206487 1620141
98.345942 1619714
98.359391 1618994
98.377772 1617796
98.392314 1616621
98.399826 1616564
98.440883 1616548
98.453756 1615820
98.592399 1615393
98.605883 1614673
98.638496 1613498
98.646045 1613441
98.688551 1613425
98.701865 1612697
98.844858 1612270
98.858717 1608663
98.892686 1607488
98.900372 1607431
98.941482 1607415
98.954298 1606687
99.092909 1606260
99.139238 1605085
99.146731 1605028
99.187915 1605012
99.200790 1604284
99.385292 1603109
99.392780 1603052
99.631345 1601877
99.970949 1601238
100.056292 1601014
100.217491 1600375
114.054545 1598396
114.238313 1596796
114.301345 1596247
114.311298 1594026
114.485272 1592426
114.547768 1591623
114.562504 1585477
114.731136 1583877
114.793833 1583074
114.873577 1582765
114.878832 1582189
114.977778 1580589
115.040351 1579786
115.154026 1579163
115.224253 1577563
115.286952 1576760
115.471792 1575160
115.601165 1575066
115.718506 1573466
115.977356 1572603
116.112294 1571916
116.224080 1571053
116.368068 1570773
116.470098 1569910
183.417160 1569839
183.455737 1568078
183.663662 1567436
183.727379 1567215
183.912711 1566573
