0.000322 7290270
0.005588 7256084
0.009813 7253682
0.019949 7246433
0.036062 7090016
0.040706 7054375
0.261087 6825552
0.267391 6786753
0.415300 6738388
0.420197 6730524
0.420651 6711201
0.478711 6642822
0.508732 6413999
0.512174 6375200
0.660147 6309642
0.665252 6299648
0.740607 6278832
0.753289 6050009
0.756750 6011210
0.905313 5945652
0.998731 5716829
1.006400 5684749
1.009842 5680241
1.045179 5600262
1.244595 5371439
1.328750 5369217
1.378973 5363782
1.461984 5325515
1.466956 5298489
1.489649 5069666
1.573520 5067444
1.623951 5062009
1.734728 4833186
1.982730 4833072
1.983074 4830808
1.985536 4741782
1.986114 4713922
1.987006 4706664
1.988903 4692787
2.008658 4657512
2.061794 4652271
2.062707 4627011
2.210107 4618634
2.230377 4618520
2.230719 4616256
2.233169 4527230
2.233727 4499370
2.234632 4492112
2.236521 4478235
2.238650 4477348
2.239244 4468532
2.255678 4442960
2.307660 4437719
2.308583 4412459
2.475685 4412345
2.476030 4410081
2.478492 4321055
2.479077 4293195
2.479755 4258203
2.521545 4242748
2.677840 4236075
2.720558 4233310
2.723413 4144671
2.723974 4116811
2.724643 4081819
2.766394 4066364
2.966049 4063599
2.968841 3974960
2.969845 3967986
2.970861 3913171
3.178018 3910535
3.212975 3819131
3.213996 3812157
3.214998 3757342
3.470034 3750926
3.471753 3731429
3.475010 3650650
3.479689 3617569
3.550224 3588241
3.717922 3562328
3.721177 3481549
3.722851 3465206
3.725866 3448468
3.916830 3442646
3.963900 3430002
3.966263 3424555
3.966836 3335954
3.968495 3319611
3.972056 3304889
4.203930 3289720
4.210836 3286798
4.218407 3228285
4.232521 3210096
4.335659 3205535
4.358664 3177669
4.448950 3162500
4.455846 3159578
4.463413 3101065
4.477501 3082876
4.518691 3076397
4.520369 3065681
4.580366 3056856
4.693411 3041687
4.700340 3038765
4.707907 2980252
4.722037 2962063
4.842300 2951476
4.939464 2936307
4.946356 2933385
4.953931 2874872
4.968030 2856683
5.097300 2818513
5.184414 2803344
5.191342 2800422
5.198925 2741909
5.213072 2723720
5.430142 2708551
5.437081 2705629
5.448063 2701325
5.451297 2666049
5.497872 2665864
5.501106 2632094
5.674811 2616925
5.681732 2614003
5.695824 2612707
5.695952 2574423
5.810239 2573719
5.868737 2566609
5.899920 2550173
5.919955 2535004
5.926855 2532082
5.940995 2530786
5.941117 2492502
6.055636 2491798
6.114143 2484688
6.165258 2469519
6.172145 2466597
6.186232 2465301
6.186354 2427017
6.242364 2426436
6.369261 2422362
6.410700 2407193
6.417564 2404271
6.431648 2402975
6.431770 2364691
6.655460 2349487
6.675795 2343292
6.677143 2342749
6.677372 2332406
6.677710 2327800
6.738387 2310814
6.900315 2295610
6.920618 2289415
6.921973 2288872
6.922202 2278529
6.922541 2268304
7.043583 2267955
7.116053 2252562
7.145556 2237358
7.165876 2231163
7.167230 2230620
7.167459 2220277
7.167798 2210052
7.289004 2209703
7.390939 2194499
7.412062 2188304
7.413456 2187761
7.413686 2177418
7.414043 2167193
7.637290 2151989
7.657672 2145794
7.704652 2136743
7.711321 2134026
7.723294 2116126
7.882590 2100922
7.902938 2094727
7.950008 2090190
7.956237 2089284
7.986046 2080993
8.011279 2078113
8.128235 2062909
8.148602 2056714
8.195557 2052177
8.201783 2051271
8.231548 2042980
8.347166 2042548
8.373335 2027344
8.393663 2021149
8.440742 2016612
8.447002 2015706
8.476905 2007415
8.588472 1990466
8.618960 1975262
8.639323 1969067
8.686343 1964530
8.692567 1963624
8.722401 1955333
8.864268 1940129
8.884619 1933934
8.931653 1929397
8.937917 1928491
9.087590 1924359
9.109752 1909155
9.130077 1902960
9.176974 1898423
9.183210 1897517
9.354594 1882313
9.374929 1876118
9.493350 1870829
9.600098 1855625
9.620414 1849430
9.845175 1846164
9.845298 1838984
9.947597 1838917
9.947720 1828548
10.090635 1825282
10.090758 1818102
10.250566 1814140
10.250799 1813830
10.307458 1808164
10.335542 1804898
10.335664 1797718
10.496082 1793756
10.496315 1793446
10.581160 1790180
10.581283 1783000
10.742740 1781909
10.751712 1778000
10.827741 1774734
10.827864 1767554
11.044467 1767477
11.055433 1765700
11.072802 1762434
11.072924 1755254
11.293609 1755177
11.312799 1754057
11.322015 1750791
11.322138 1743611
11.539569 1743534
11.568029 1740268
11.568157 1733088
11.820937 1730037
11.854950 1722732
12.067000 1719681
12.108873 1715622
12.115453 1715085
12.196030 1714826
12.311761 1711775
12.353852 1707716
12.360428 1707179
12.483968 1706432
12.557331 1703381
12.599307 1699322
12.605864 1698785
12.802267 1695734
12.940510 1693077
13.026979 1692931
13.047545 1689880
13.185612 1687223
13.292533 1684172
13.430363 1681722
13.538091 1678671
13.680002 1677858
13.782660 1674807
14.141802 1674721
14.141937 1673954
14.147055 1673575
14.249680 1673394
14.387232 1673308
14.387356 1672541
14.392464 1672162
14.633015 1671704
14.756813 1671299
14.878410 1670841
29.921972 1667178
29.922266 1665498
30.152018 1665129
30.166490 1660023
30.166730 1658343
30.410988 1653237
30.663652 1652398
30.670756 1649955
30.824408 1648629
30.907805 1647790
30.914922 1645347
31.069076 1643397
31.152887 1642558
31.159995 1640115
31.314089 1639838
31.381041 1638948
31.398136 1638109
31.405220 1635666
31.558774 1635389
31.624873 1630424
31.642813 1629585
31.649969 1627142
31.803285 1626865
31.887187 1626026
31.894324 1623583
32.125312 1623323
32.132553 1615943
32.558946 1615080
64.844949 1607933
64.923221 1607294
64.990831 1607201
65.001018 1606701
65.110602 1606198
65.124811 1605015
65.167807 1604376
65.235391 1604283
65.245575 1603783
65.355245 1603280
65.412376 1602641
65.480325 1602548
65.490560 1602048
65.600307 1588813
65.657517 1588174
65.725506 1588081
65.735701 1587581
65.903159 1586942
65.970758 1586849
66.147810 1586210
66.220777 1563341
66.392352 1562702
