0.000367 7310830
0.000810 7276522
0.001082 7223511
0.001349 7211082
0.001483 7210259
0.001617 7203819
0.001882 7156416
0.002147 6938309
0.002280 6925440
0.002543 6915386
0.002809 6876089
0.003202 6873225
0.003466 6800199
0.004261 6751437
0.004397 6458213
0.004531 6444313
0.004665 6442440
0.005058 6412418
0.005323 6393610
0.005846 6381563
0.005980 6301948
0.006760 6294864
0.008342 6263475
0.008867 6240962
0.009260 6228980
0.009395 6204381
0.009789 6182098
0.010439 6181953
0.010703 5991014
0.011355 5989208
0.011886 5959113
0.012798 5825719
0.013062 5822530
0.013196 5752208
0.013460 5692397
0.013983 5554510
0.015281 5547283
0.015415 5541201
0.015614 5531903
0.015755 5529856
0.017314 5527976
0.018098 5514305
0.018492 5405496
0.019404 5391431
0.019951 5358990
0.020478 5340565
0.021000 5197928
0.022295 5192158
0.023857 5171216
0.024639 5164614
0.024774 5145487
0.025294 5137147
0.026200 5116626
0.027239 5108446
0.027373 5081066
0.027655 5065526
0.028307 5055196
0.028834 5044234
0.028970 5032650
0.029622 5021349
0.032753 4945260
0.033666 4908394
0.034840 4891842
0.036671 4682404
0.041334 4682389
0.041988 4504853
0.042901 4482695
0.044866 4472981
0.045439 4451929
0.046372 4437951
0.046514 4437252
0.046915 4420255
0.047999 4398533
0.049836 4328921
0.053915 4327094
0.057971 4149461
0.059024 4132763
0.059704 4041908
0.060365 4012193
0.060764 4003263
0.063332 3965648
0.063820 3900186
0.068610 3871786
0.070452 3871455
0.074988 3858382
0.078254 3833115
0.080480 3831532
0.080880 3826346
0.084255 3821794
0.085553 3684175
0.092158 3650835
0.093042 3647943
0.093187 3634394
0.093481 3600825
0.094448 3598351
0.095566 3556572
0.097128 3483480
0.100248 3406208
0.104013 3355037
0.104411 3335731
0.107794 3319186
0.109993 3302507
0.110390 3287485
0.111173 3274641
0.111964 3213571
0.112101 3211563
0.115197 3193687
0.115335 3006130
0.115754 2991499
0.120043 2989342
0.129763 2977626
0.131452 2964333
0.133279 2898238
0.135622 2889103
0.138463 2864892
0.150612 2859916
0.151795 2833305
0.158654 2805428
0.170655 2789104
0.178415 2784863
0.178817 2759453
0.180269 2747703
0.186463 2743423
0.215587 2739135
0.220631 2694019
0.225940 2641664
0.233157 2609549
0.238486 2608538
0.241880 2607984
0.243444 2583417
0.255551 2538512
0.262621 2538128
0.271474 2536863
0.277123 2535128
0.279532 2532204
0.281575 2517737
0.289847 2494537
0.290763 2491237
0.316053 2465769
0.322499 2401621
0.330153 2398940
0.345985 2394985
0.397599 2374863
0.401340 2348617
0.416437 2302184
0.417610 2290115
0.418780 2285358
0.421631 2283903
0.421768 2278496
0.423058 2275673
0.423194 2257016
0.425275 2256591
0.429800 2250854
0.432401 2245133
0.436538 2234041
0.463199 2226910
0.479311 2210066
0.479723 2181956
0.484619 2180996
0.488381 2177915
0.489162 2171612
0.489940 2156661
0.916006 2143911
0.923978 2133176
0.945218 2087054
0.952003 2076135
1.292152 2072790
1.293864 2057043
1.304651 2056474
1.435430 2045283
1.435748 2040096
1.436586 2016393
1.438673 2016262
1.569972 2014060
1.600522 2012784
1.601770 2011165
1.639780 2008807
1.659960 2000797
1.692257 1999998
1.692698 1971344
1.694406 1963221
2.925887 1961723
2.972966 1960619
2.974033 1942973
2.977254 1916907
2.980387 1913724
2.984380 1907781
2.996925 1900834
4.506458 1896812
4.539713 1887493
4.545251 1878832
4.552608 1877517
4.561156 1865696
4.569165 1848269
7.842404 1829796
7.844412 1819515
7.951103 1804328
7.961754 1775437
8.049090 1774722
14.355284 1770466
14.357890 1768907
14.366753 1768814
14.376449 1761947
14.425045 1753225
14.541209 1750710
14.546040 1742307
14.548688 1741971
14.557294 1741817
14.561830 1740609
14.565341 1733406
15.258329 1723670
15.368633 1718907
15.503385 1718692
15.511853 1718450
15.541302 1716244
15.567942 1715949
15.578168 1712381
15.814720 1711418
16.004809 1700180
16.050656 1697906
16.287337 1692237
16.352056 1683730
16.356345 1682678
16.359246 1677163
16.396957 1674777
16.527513 1672930
16.534163 1671466
16.535014 1670548
16.545683 1663863
16.588997 1658332
16.615320 1657100
16.658067 1647609
16.718000 1644861
20.819727 1643559
20.838424 1639450
20.852684 1637844
21.003461 1637700
21.009887 1626820
25.371656 1626471
25.416412 1618423
25.459551 1615152
25.477083 1608396
25.487731 1603872
25.512102 1597867
25.571258 1597158
26.123877 1587123
26.148498 1582415
30.447789 1580103
30.456304 1579461
32.482361 1579437
32.558459 1572752
32.710838 1571009
32.766576 1570663
33.248985 1568349
33.260763 1567707
34.545131 1566607
37.270807 1565025
37.333530 1563425
44.814098 1562562
73.615429 1558107
527.342207 1558105
527.382878 1555702
543.039536 1555060
