0.000664 7308882
0.000809 7300403
0.000969 7147178
0.005096 7118818
0.008323 6962251
0.011895 6947981
0.024031 6897017
0.254486 6873752
0.254617 6721289
0.258847 6704530
0.262742 6673149
0.263858 6627490
0.265641 6533693
0.505151 6492541
0.505298 6471483
0.505529 6471099
0.505759 6390701
0.507095 6369566
0.509459 6341206
0.520003 6328347
0.521583 6296676
0.610917 6283558
0.613166 6234158
0.616837 6197506
0.750345 6156354
0.750472 6135296
0.750702 6134912
0.750929 6054514
0.752259 6021778
0.754606 6005019
0.765215 5992160
0.794664 5904494
0.858179 5897971
0.995756 5856819
0.995880 5835761
0.996109 5835377
0.996336 5754979
0.997571 5751193
0.999360 5733844
1.010597 5692625
1.013849 5660954
1.163807 5621808
1.199288 5611379
1.241260 5570227
1.241379 5549169
1.241605 5548785
1.241831 5468387
1.243048 5464601
1.244825 5447252
1.256032 5406033
1.286870 5390481
1.486595 5366091
1.487158 5197994
1.503570 5158736
1.732254 5106911
1.733500 5011958
1.736267 4994609
1.755648 4968000
1.825089 4967161
1.860672 4952192
1.977084 4900367
1.978317 4805414
1.999845 4796707
2.038775 4781300
2.087961 4766907
2.088198 4750327
2.223202 4698502
2.224456 4603549
2.245897 4594842
2.279706 4585066
2.284600 4579435
2.348394 4557208
2.467283 4553692
2.468432 4501867
2.469674 4406914
2.491193 4398207
2.525043 4388431
2.631629 4384256
2.713303 4332431
2.714531 4237478
2.735964 4228771
2.769775 4218995
2.958641 4167170
2.959871 4084486
2.981364 4068118
3.178560 4054171
3.204737 4002346
3.205975 3919662
3.227456 3903294
3.453803 3851469
3.456359 3824823
3.461299 3805458
3.487302 3793179
3.502502 3779819
3.517260 3775561
3.540209 3763406
3.703571 3711581
3.704930 3659184
3.705720 3629651
3.950331 3626331
3.950677 3592562
3.992653 3568915
3.999336 3556319
4.001251 3552716
4.020408 3544917
4.024744 3542771
4.040880 3484559
4.195709 3481239
4.196055 3447470
4.234461 3446966
4.238156 3423823
4.241299 3411385
4.244886 3411227
4.248918 3408071
4.266088 3392197
4.323052 3363761
4.441662 3360441
4.442007 3326672
4.480497 3326168
4.484207 3303025
4.487328 3290587
4.490918 3290429
4.494929 3287273
4.515353 3281836
4.516368 3276881
4.592705 3264433
4.595505 3256486
4.620581 3249229
4.688031 3245909
4.688374 3212140
4.730332 3188493
4.737033 3175897
4.741705 3172294
4.760850 3164495
4.762429 3162349
4.842406 3159658
4.868210 3148516
4.933228 3145196
4.933572 3111427
4.975588 3087780
4.982336 3075184
4.987020 3071581
5.006286 3063782
5.007858 3061636
5.088380 3058945
5.121636 3052364
5.146608 3050680
5.179781 3047360
5.180122 3013591
5.222186 2989944
5.228903 2977348
5.233579 2973745
5.252678 2965946
5.254256 2963800
5.334500 2961109
5.367605 2954528
5.425578 2951208
5.425923 2917439
5.468108 2893792
5.474815 2881196
5.479478 2877593
5.498694 2869794
5.500258 2867648
5.581598 2864957
5.673006 2861637
5.673351 2827868
5.712104 2827364
5.715251 2804221
5.718918 2791783
5.721941 2791625
5.743992 2788908
5.828608 2776242
5.918015 2772922
5.918362 2739153
5.960384 2715506
5.964060 2703068
5.967092 2702910
5.988633 2694317
6.163719 2690997
6.164064 2657228
6.206087 2633581
6.209766 2621143
6.212781 2620985
6.409074 2617665
6.409417 2583896
6.455128 2547811
6.655306 2544491
6.655648 2510722
6.748651 2489731
6.750273 2475905
6.900918 2472585
6.901265 2438816
7.027107 2434193
7.065174 2419099
7.147029 2415779
7.147376 2382010
7.273249 2377387
7.337458 2351096
7.392778 2347776
7.393134 2314007
7.518311 2309384
7.604534 2299780
7.637663 2296460
7.638005 2262691
7.763534 2258068
7.875292 2251837
7.883841 2248517
7.884182 2214748
8.011004 2210125
8.117762 2197973
8.134589 2194653
8.134943 2160884
8.264075 2156261
8.385899 2155858
8.387859 2152538
8.388211 2118769
8.515224 2114146
8.635520 2110826
8.635865 2077057
8.750522 2076024
8.844325 2075436
8.880234 2072116
8.880580 2038347
8.995730 2037314
9.126618 2033994
9.126962 2000225
9.372649 1999734
9.378409 1997637
9.379873 1992261
9.385652 1992036
9.385998 1987109
9.393169 1981065
9.400303 1975018
9.427507 1973993
9.488512 1971211
9.602416 1971189
9.602538 1967621
9.618529 1967130
9.624228 1965033
9.625700 1959657
9.631507 1959432
9.631851 1954505
9.639032 1948461
9.646169 1942414
9.673483 1941389
9.734504 1938607
9.864636 1938116
9.870325 1936019
9.871775 1930643
9.877568 1930418
9.877913 1925491
9.885038 1919447
9.892169 1913400
9.919569 1912375
9.984591 1910790
10.027992 1908448
10.032215 1899802
10.109997 1899311
10.115705 1897214
10.117179 1891838
10.122992 1891613
10.123342 1886686
10.130513 1880642
10.137638 1874595
10.164968 1873570
10.230036 1871985
10.356185 1871494
10.361871 1869397
10.363323 1864021
10.369117 1863796
10.369461 1858869
10.376578 1852825
10.383724 1846778
10.411102 1845753
10.607420 1843165
10.614714 1837564
10.615061 1832637
10.622246 1826593
10.629389 1820546
10.731550 1820297
10.853611 1817709
10.860909 1812108
10.861258 1807181
10.868431 1801137
10.875592 1795090
11.092136 1794132
11.099510 1793926
11.099741 1793849
11.105780 1787126
11.120807 1772584
11.351871 1764620
11.373077 1760538
11.386931 1744274
11.590211 1742714
11.597480 1737301
11.598492 1735617
11.612315 1732803
11.663998 1729621
11.836347 1728061
11.843610 1722648
11.844621 1720964
11.858413 1718150
11.997375 1717813
12.058254 1717669
12.082371 1716109
12.089640 1710696
12.090658 1709012
12.104522 1706198
12.244166 1705861
12.329121 1704301
12.336361 1698888
12.337385 1697204
12.351253 1694390
12.575461 1692830
12.582714 1687417
12.583722 1685733
12.642834 1683998
12.814129 1683507
12.820254 1682438
12.827504 1677025
12.893822 1676319
13.014377 1675460
13.060535 1674969
13.066713 1673900
13.073945 1668487
13.140386 1667781
13.306867 1666863
13.354841 1666549
13.386467 1662833
13.450890 1660626
13.551932 1659708
13.600124 1659394
13.631926 1655678
13.798333 1655585
13.805473 1655160
13.846144 1654446
13.889627 1652358
13.991622 1650954
13.992129 1650879
14.030054 1650851
14.044319 1650758
14.051527 1650333
14.092619 1649619
14.136276 1647531
14.237791 1646127
14.238244 1646052
14.290438 1645959
14.297551 1645534
14.338421 1644820
14.381799 1642732
14.483030 1642126
14.489808 1627699
14.535553 1627606
14.542678 1627181
14.583548 1626467
14.627149 1624379
14.781328 1624286
14.788436 1623861
14.829037 1623147
15.026240 1623054
15.033392 1622629
15.231675 1622284
15.271575 1622191
15.278735 1621766
15.516737 1621673
15.602545 1621539
15.656752 1621485
15.762812 1621392
15.848109 1621258
16.008535 1620340
30.958946 1615434
31.006627 1614195
31.197683 1613020
31.205143 1607040
31.442084 1605865
31.520835 1605597
31.565929 1604504
31.575855 1603989
31.650184 1602332
31.672196 1601673
31.674869 1600055
31.687994 1598880
31.810925 1597519
31.820780 1597004
31.894734 1595347
31.912282 1595220
31.915287 1594943
31.916731 1592595
31.932335 1591420
32.056154 1590059
32.066040 1589544
32.140601 1587887
32.161113 1587795
32.178347 1586620
32.301517 1585259
32.311380 1584744
32.385436 1583087
32.402686 1582042
32.423025 1580867
32.546837 1579506
32.556705 1578991
32.631075 1577334
32.668605 1576159
32.792271 1574798
32.802139 1574283
32.914310 1573108
33.037355 1571880
33.159150 1570705
33.330976 1569498
33.403720 1568323
33.867701 1567837
250.343306 1567490
399.932604 1567161
400.267458 1566519
