0.000269 4004488
0.000383 3990174
0.000469 3626797
0.000633 3566984
0.000795 3544899
0.001187 3352160
0.001425 2947955
0.001662 2730424
0.001820 2715480
0.002055 2659318
0.002137 2592388
0.003370 2592304
0.003452 2534532
0.003610 2444295
0.003920 2427508
0.004553 2344516
0.004943 2319993
0.006619 2242928
0.006891 2209786
0.007432 2162472
0.007638 2121338
0.010253 2088732
0.011262 2044161
0.012283 2041577
0.014494 2033847
0.016456 2030823
0.019462 1993979
0.021287 1980972
0.021895 1969135
0.022640 1935997
0.026331 1917781
0.028626 1909824
0.030102 1898316
0.033808 1888039
0.034216 1859666
0.036085 1841546
0.039977 1810689
0.040401 1809792
0.040676 1801972
0.042286 1768780
0.044907 1766085
0.047657 1765345
0.048065 1758548
0.052155 1708660
0.053520 1666578
0.055195 1659390
0.057817 1645338
0.059161 1597643
0.062513 1587338
0.066090 1580859
0.077386 1574158
0.078597 1572515
0.085089 1559804
0.085164 1553038
0.094587 1545692
0.094996 1537424
0.097162 1537398
0.097239 1510211
0.105474 1500113
0.106686 1494069
0.107964 1493917
0.119465 1476823
0.121633 1474550
0.123380 1474537
0.126289 1471769
0.132403 1471201
0.153785 1470448
0.206829 1466960
0.312640 1462251
0.329608 1460584
0.336414 1446268
0.763453 1444334
0.765864 1434518
0.769542 1432089
0.792796 1428102
0.803825 1413455
0.956665 1412458
1.015229 1411141
1.071450 1410225
1.105068 1407925
1.124348 1406475
1.125620 1401599
3.584858 1400614
3.624147 1400046
5.657601 1395981
