0.000256 4678318
0.000938 4669984
0.002203 4636469
0.002790 4628579
0.003237 4623601
0.003813 4311088
0.004006 4212770
0.008957 4128187
0.025743 4122291
0.026125 4119195
0.026701 4117198
0.027775 4100188
0.028095 4070508
0.028663 4067574
0.029234 3755061
0.029676 3691683
0.042216 3648128
0.049722 3642232
0.050038 3639136
0.050360 3636176
0.051402 3620129
0.051768 3608034
0.051878 3604545
0.051987 3597359
0.052613 3275002
0.053491 3176684
0.070855 3172982
0.070913 3170756
0.070971 3165695
0.071439 3162454
0.072324 3139964
0.072586 3116071
0.080144 3100782
0.080925 3010431
0.086454 2944646
0.086820 2910390
0.088366 2847085
0.088577 2846609
0.089458 2831293
0.089977 2795861
0.091913 2792159
0.091972 2789933
0.092030 2784872
0.092500 2781631
0.093386 2759141
0.093649 2735248
0.101212 2719959
0.101997 2629608
0.107523 2563823
0.107890 2529567
0.109539 2473940
0.112960 2470238
0.113018 2468012
0.113075 2462951
0.113541 2459710
0.114448 2437220
0.114711 2413327
0.122281 2398038
0.123068 2307687
0.128971 2207646
0.134035 2203944
0.134096 2201718
0.134154 2196657
0.135516 2170926
0.135780 2147033
0.144107 2041393
0.153363 1992068
0.155085 1988366
0.155145 1986140
0.155202 1981079
0.156087 1977838
0.156562 1955348
0.156824 1931455
0.164765 1916166
0.165137 1825815
0.176095 1822113
0.176155 1819887
0.176213 1814826
0.176372 1813863
0.177101 1811585
0.177575 1789095
0.177787 1785721
0.182715 1770697
0.185807 1749913
0.197110 1746211
0.197171 1743985
0.197279 1740921
0.198597 1713193
0.202007 1696479
0.204495 1693680
0.218872 1692148
0.218985 1689554
0.219355 1686100
0.220290 1670919
0.230398 1655492
0.235403 1635123
0.240069 1629195
0.240182 1626131
0.241481 1598403
0.251464 1596935
0.260089 1595040
0.261134 1589112
0.261244 1586048
0.262551 1558320
0.272501 1556852
0.282159 1550924
0.282280 1547860
0.283581 1520132
0.311203 1511140
0.312700 1505264
0.312815 1505208
0.315369 1505150
0.325778 1504149
0.330786 1502564
0.332297 1493572
0.333701 1487696
0.336367 1487582
0.346836 1486581
0.353364 1477589
0.354779 1471713
0.357422 1471599
0.374653 1463735
0.376108 1462030
0.381296 1460057
0.393611 1458686
0.395656 1450822
0.397108 1449117
0.402302 1447144
0.416613 1439280
0.418072 1437575
0.422065 1436496
0.438205 1428632
0.439667 1426927
0.457850 1426359
0.463392 1420036
0.478834 1419468
0.486755 1411143
0.499807 1410575
0.512933 1404901
0.520829 1404333
0.998144 1402675
1.021196 1400878
1.021311 1400710
1.041399 1399985
1.042132 1395981
