0.000222 3877720
0.002097 3858161
0.002233 3842151
0.004119 3822458
0.004313 3820854
0.004883 3785608
0.005140 3760572
0.012911 3503896
0.015434 3394000
0.026077 3353971
0.027901 3334412
0.028032 3318402
0.030300 3304460
0.030684 3261859
0.030942 3236823
0.038547 3059623
0.039926 3002300
0.040087 2986180
0.049535 2946151
0.051048 2926592
0.051158 2910582
0.053012 2899582
0.053328 2854039
0.053540 2829003
0.059796 2599297
0.070511 2559268
0.072014 2539709
0.072122 2523699
0.073626 2509757
0.074326 2467156
0.074540 2442120
0.082324 2361337
0.090587 2350527
0.091576 2310498
0.093081 2290939
0.093190 2274929
0.094724 2260987
0.095501 2197524
0.108488 2195141
0.112694 2155112
0.114228 2135553
0.114338 2119543
0.115844 2105601
0.118862 2059836
0.133781 2019807
0.136032 2008528
0.136300 1987958
0.137340 1976410
0.140626 1969054
0.154937 1929025
0.157118 1917746
0.157383 1897176
0.158443 1885628
0.172071 1882056
0.174978 1882017
0.175966 1841988
0.178146 1830709
0.179446 1798591
0.193095 1795019
0.196967 1754990
0.199533 1751867
0.200679 1735883
0.212460 1734081
0.218070 1694052
0.220414 1682773
0.239195 1674550
0.239256 1666043
0.242133 1657795
0.245403 1644222
0.246639 1639966
0.253280 1633894
0.260325 1625671
0.260385 1617164
0.263298 1608916
0.266567 1595343
0.267768 1591087
0.281506 1582864
0.281567 1574357
0.281676 1571040
0.285740 1563759
0.288369 1559040
0.311494 1550817
0.311746 1542310
0.315921 1538398
0.331029 1535381
0.332756 1527158
0.332815 1518651
0.336998 1514739
0.353916 1506516
0.353980 1505393
0.354038 1498544
0.372302 1498131
0.374403 1496480
0.375059 1488257
0.375119 1487134
0.375176 1480285
0.396063 1475416
0.397526 1475409
0.398956 1465330
0.431051 1458142
0.435494 1457411
0.436021 1456359
0.436389 1455357
0.452162 1448169
0.455931 1439265
0.473319 1432077
0.495115 1429777
0.498752 1429190
0.499227 1426020
0.500006 1425093
0.516065 1422793
0.519717 1408183
0.537159 1405883
0.564175 1404569
0.585277 1404001
1.549773 1403850
3.770284 1401303
3.795432 1400614
3.796015 1400517
3.816339 1400046
7.163977 1396549
7.176523 1395981
