0.000221 4297505
0.000375 4008538
0.004241 3969892
0.004438 3925972
0.020206 3893834
0.025742 3823839
0.025875 3534872
0.029721 3496226
0.030919 3469959
0.051256 3399964
0.051515 2969606
0.079058 2965767
0.079319 2857700
0.080727 2849103
0.083875 2528760
0.109636 2416854
0.115998 2355743
0.116163 2137070
0.131468 2076903
0.138954 2009561
0.150838 1998521
0.152639 1938354
0.160108 1871012
0.174831 1855029
0.175099 1844293
0.175156 1834189
0.184668 1783975
0.195994 1767992
0.196263 1757256
0.196320 1747152
0.206471 1742255
0.207101 1739789
0.209912 1725329
0.217182 1709346
0.217450 1698610
0.217507 1688506
0.228289 1681143
0.231446 1676075
0.238346 1660092
0.238614 1649356
0.238672 1639252
0.249462 1631889
0.259547 1615906
0.259841 1605170
0.259899 1595066
0.280652 1579083
0.282274 1530602
0.302959 1514619
0.313058 1514510
0.314831 1504242
0.324189 1488259
0.340619 1485417
0.345303 1469434
0.366485 1468338
0.366956 1461880
0.376762 1453910
0.387499 1452814
0.390193 1447362
0.391451 1446879
0.401785 1443621
0.401845 1441840
0.408658 1440744
0.411314 1435292
0.412580 1434809
0.422907 1431621
0.429765 1430525
0.432446 1425073
0.433697 1424590
0.450851 1423494
0.465022 1420498
0.471932 1419402
0.955787 1414503
0.955856 1412977
0.976778 1408885
0.981819 1408425
0.982861 1408418
0.997833 1404326
1.007681 1404138
1.018879 1400046
2.067422 1399973
2.095846 1398849
2.117875 1396549
2.147178 1395981
