0.000242 4342973
0.000526 4268975
0.000617 4233855
0.001961 4191003
0.002206 4008251
0.002292 4007746
0.002377 3999509
0.004839 3996660
0.004927 3989645
0.005248 3987954
0.005729 3797810
0.005893 3487775
0.006055 3450992
0.006378 3410280
0.006620 3267474
0.007096 3262526
0.007361 3247498
0.008372 3188985
0.009051 2740253
0.009257 2273186
0.009397 2272398
0.009939 2219946
0.010412 2210980
0.010688 1951562
0.010762 1950290
0.011103 1925970
0.011197 1914859
0.011874 1896631
0.012625 1884062
0.014303 1874765
0.014511 1843036
0.015530 1823723
0.015941 1806044
0.018485 1801486
0.028460 1789401
0.031484 1756457
0.032231 1748674
0.033782 1742330
0.041754 1731796
0.041900 1728184
0.042912 1726082
0.043456 1678162
0.045543 1638935
0.048637 1631955
0.054825 1630084
0.085138 1605272
0.091572 1599422
0.092684 1590869
0.093238 1589498
0.226204 1587099
0.226614 1579905
0.226753 1579814
0.226889 1571950
0.228290 1569677
0.228903 1567940
0.229173 1566143
0.230079 1565988
0.233045 1565975
0.244520 1564399
0.258350 1560429
0.267142 1475075
0.268686 1448866
0.303887 1444211
0.311525 1443481
0.356454 1430202
0.361619 1425816
0.443061 1423189
0.445846 1421457
0.452440 1417452
0.984224 1417051
0.985186 1415737
0.990305 1412473
1.065338 1412149
1.071101 1409575
1.078314 1406311
1.098296 1404050
1.100730 1403482
1.860983 1398281
1.955967 1396549
10.658302 1395981
