0.000257 4250612
0.000366 4229433
0.000451 4219371
0.000688 4214521
0.000844 4207747
0.001631 4202505
0.001790 4138431
0.001869 4121565
0.002023 4105827
0.002101 3919122
0.003154 3880574
0.003610 3729254
0.003691 3721636
0.004145 3681215
0.004374 3450843
0.004901 3414931
0.005603 3382322
0.005994 3278549
0.006063 3261125
0.006446 2963578
0.006513 2955360
0.006834 2661868
0.006965 2657218
0.007038 2614090
0.007610 2590603
0.007995 2586323
0.008315 2576305
0.008635 2570698
0.009331 2560760
0.009730 2543491
0.011941 2496043
0.012201 2471870
0.013526 2457082
0.013873 2454966
0.014510 2097666
0.014956 2084723
0.015651 2066266
0.016411 1976622
0.016480 1957942
0.017493 1953315
0.018104 1950227
0.018241 1940248
0.018562 1937000
0.019639 1936470
0.020212 1929419
0.030311 1923039
0.031140 1922509
0.033818 1744661
0.035021 1735938
0.035592 1719460
0.036351 1714853
0.037728 1707555
0.038053 1645574
0.038372 1642817
0.041206 1574081
0.044426 1568605
0.044562 1564693
0.046279 1553961
0.058826 1547095
0.061934 1529525
0.062449 1529498
0.072062 1514490
0.073853 1503567
0.074744 1498698
0.081492 1496752
0.083414 1494891
0.136664 1494422
0.152861 1493049
0.154721 1477066
0.156618 1475670
0.169385 1471300
0.216785 1468226
0.278645 1433821
0.280485 1433408
0.801155 1431580
0.815796 1430244
0.855894 1428875
0.862510 1426510
0.893528 1426447
0.900475 1422207
0.900551 1419907
0.930994 1418137
0.941719 1415837
1.844991 1415440
1.854438 1414238
1.870975 1413167
1.983536 1403725
2.021987 1402561
2.442896 1402423
2.459124 1401109
2.468956 1399973
2.912178 1398999
7.029912 1396549
7.032866 1395981
