0.000244 4174165
0.000355 4165674
0.000441 3995945
0.000523 3787922
0.000604 3780874
0.000770 3630076
0.000928 3629930
0.001311 3498292
0.001467 3479053
0.001848 3448687
0.001929 3195701
0.002460 3130695
0.002616 3089101
0.002697 3043758
0.002776 3005379
0.003081 2914369
0.003927 2891954
0.004694 2889866
0.005589 2837258
0.007243 2810562
0.008845 2802009
0.009926 2766428
0.010821 2449942
0.011019 2415458
0.011414 2412744
0.013001 2384304
0.013640 2356013
0.014215 2348266
0.017651 2347214
0.018105 2344778
0.018302 2343881
0.018372 2338407
0.019133 2333757
0.019772 2304695
0.020858 2294766
0.022198 2294603
0.023421 2270859
0.023682 2242325
0.023750 2201233
0.023883 2195976
0.024456 2184199
0.026045 1983722
0.029660 1933354
0.032018 1910540
0.035812 1848764
0.037905 1844743
0.038167 1840163
0.038300 1834106
0.038560 1817332
0.040164 1797392
0.040934 1730211
0.042212 1719367
0.047179 1714848
0.055456 1710127
0.058064 1700643
0.059409 1677113
0.076749 1664028
0.078727 1659126
0.087516 1658903
0.088038 1657513
0.089188 1653797
0.091559 1645506
0.091888 1610416
0.092593 1606155
0.100336 1590434
0.100664 1580294
0.101746 1576202
0.108026 1570469
0.115287 1569901
0.115765 1566356
0.120761 1562602
0.124660 1554757
0.124736 1551055
0.126075 1524787
0.131809 1514197
0.132075 1508862
0.132783 1503720
0.134318 1493902
0.148480 1491189
0.165708 1484996
0.167382 1483206
0.170936 1474313
0.176670 1446787
0.178519 1442695
0.212037 1435811
0.222071 1423848
0.276191 1420584
0.407042 1415246
0.426415 1412708
0.428218 1405174
0.489500 1404706
0.508227 1401750
0.508738 1401182
11.309776 1400857
11.313343 1395981
