0.000495 3748688
0.002067 3671519
0.002330 3633948
0.002527 3590998
0.002909 3541553
0.003356 3511686
0.015292 3386983
0.015489 3379986
0.015621 3376066
0.016440 3356005
0.023221 3265688
0.026190 3258764
0.027705 3181595
0.027962 3144024
0.028157 3101074
0.028539 3051629
0.041032 2897059
0.041250 2890278
0.041996 2866081
0.049948 2859157
0.051202 2781988
0.051416 2744417
0.051578 2701467
0.052104 2666923
0.053046 2645098
0.062409 2490671
0.064178 2487386
0.071051 2480462
0.072302 2403293
0.072516 2365722
0.072677 2322772
0.073305 2288281
0.074210 2279854
0.083551 2113153
0.092084 2106229
0.093336 2029060
0.093550 1991489
0.094188 1913995
0.113628 1904001
0.114545 1887617
0.115121 1886557
0.122071 1877762
0.122184 1852522
0.126011 1848055
0.127105 1812993
0.128448 1806633
0.135324 1799709
0.135645 1780255
0.140974 1780249
0.143273 1770400
0.144369 1766414
0.147348 1763228
0.147820 1756207
0.148243 1748592
0.151516 1706722
0.156570 1699798
0.156890 1680344
0.157420 1679284
0.164478 1670489
0.165581 1666503
0.168557 1663317
0.169497 1605720
0.177756 1598796
0.178096 1579342
0.183423 1579336
0.185653 1569487
0.186824 1565167
0.187866 1561116
0.198905 1554192
0.199226 1534738
0.199492 1523435
0.219938 1516511
0.220055 1508250
0.220217 1503583
0.222887 1488241
0.247037 1481317
0.247164 1475427
0.247224 1469002
0.268163 1462078
0.269584 1458900
0.291070 1453209
0.292480 1447123
0.317492 1446710
0.317609 1439663
0.339865 1438349
0.345029 1437307
0.350613 1436417
0.350677 1434545
0.351098 1432475
0.360874 1431161
0.366050 1430119
0.381951 1428805
0.388843 1426027
0.403069 1424713
0.413805 1423727
0.424126 1422413
0.437116 1421866
0.445225 1420552
0.458234 1405883
0.466400 1404569
0.487408 1404001
1.020571 1401993
1.031534 1400857
1.040860 1397117
1.052588 1395981
