0.000232 3917749
0.000423 3915407
0.000587 3902547
0.000668 3682651
0.000826 3600178
0.001060 3594064
0.001601 3591277
0.001759 3586381
0.001839 3537991
0.002071 3451824
0.002227 3431151
0.002382 3419434
0.002765 3393445
0.003300 3225039
0.003554 3141199
0.003937 3129931
0.004243 3102358
0.004312 2969163
0.004444 2961502
0.004513 2954955
0.004900 2950818
0.005160 2908884
0.005230 2757141
0.006066 2744595
0.006199 2739404
0.006588 2715538
0.006722 2685760
0.007236 2674209
0.007722 2664935
0.007857 2643821
0.007926 2624078
0.008060 2601620
0.011144 2484528
0.012411 2479345
0.013822 2399754
0.013957 2176010
0.014727 2142407
0.015179 2142401
0.015396 2139993
0.015657 2126169
0.015726 2116961
0.017266 2087064
0.017655 2080555
0.018877 2078001
0.019669 1998299
0.021598 1858220
0.021670 1856845
0.022765 1850680
0.023365 1845590
0.023501 1802702
0.023635 1797593
0.024150 1796958
0.029860 1648955
0.031084 1647831
0.031218 1619171
0.032771 1554707
0.037580 1547288
0.058649 1542572
0.062198 1520796
0.069880 1515596
0.070847 1514742
0.071446 1505476
0.076391 1504315
0.077168 1478701
0.077433 1461465
0.079886 1456942
0.080723 1451352
0.083368 1448515
0.088661 1438924
0.089119 1438562
0.090019 1431714
0.110041 1426821
0.112816 1423488
0.146703 1423017
0.461751 1413729
0.465154 1408939
0.945034 1408249
0.945262 1402346
1.873430 1400517
4.746083 1395981
