0.000221 3971391
0.000563 3774687
0.000888 3751400
0.008800 3706475
0.009185 3633315
0.011415 3600578
0.022663 3597811
0.025947 3564714
0.026268 3368010
0.026587 3344723
0.034525 3299798
0.034918 3226638
0.037129 3193901
0.051746 3160804
0.052067 2885779
0.060569 2822728
0.062972 2741108
0.074785 2708011
0.075117 2518279
0.075744 2503808
0.082111 2369935
0.095883 2336838
0.096304 2335559
0.096831 2132635
0.117253 2072400
0.128728 2063147
0.134499 2055785
0.135618 2041689
0.137019 2041538
0.138428 1981303
0.147242 1963525
0.156735 1954860
0.159572 1894625
0.168351 1876847
0.180631 1830251
0.192770 1816986
0.195390 1813939
0.198668 1799997
0.206403 1753401
0.218548 1740136
0.227662 1693540
0.243599 1684993
0.248795 1638397
0.269691 1589127
0.301585 1551933
0.302046 1549155
0.322592 1540325
0.322943 1538273
0.325855 1533276
0.325914 1514196
0.343756 1505366
0.343868 1487878
0.366107 1478985
0.374349 1474625
0.375308 1473120
0.375932 1467769
0.387282 1458876
0.396462 1453011
0.408419 1444118
0.416685 1434889
0.416746 1430787
0.429600 1421894
0.456270 1420908
0.456331 1419026
0.475767 1417890
0.482563 1417165
0.496878 1416029
0.503780 1401182
0.517972 1400046
2.197839 1399985
2.213076 1399973
2.218987 1398849
2.240060 1396549
2.275550 1395981
