0.000235 4603993
0.000343 4516612
0.000589 4387088
0.000823 4337669
0.000903 4332684
0.001209 4332362
0.001591 4171614
0.001760 4151662
0.001841 4098305
0.001920 4086531
0.002075 4056837
0.002530 3988455
0.003060 3987414
0.003440 3979303
0.003744 3977764
0.003824 3960193
0.004128 3906304
0.004262 3896745
0.004524 3728884
0.005035 3366915
0.005233 3254812
0.005493 3251206
0.005626 3107871
0.005923 3104731
0.006129 3058261
0.006327 2978647
0.006588 2959233
0.007490 2954322
0.007560 2935690
0.007630 2915548
0.008083 2639509
0.008409 2630737
0.009248 2600054
0.009719 2598264
0.010235 2586091
0.010370 2572934
0.011270 2501609
0.013255 2490572
0.014369 2464821
0.016672 2442655
0.019265 2438110
0.021126 2429238
0.023577 2425446
0.025730 2301233
0.027973 2293658
0.030033 1953361
0.045427 1928479
0.049222 1883503
0.049614 1881421
0.050020 1873557
0.050923 1873050
0.054782 1865821
0.056691 1856503
0.056762 1833293
0.056962 1825873
0.059783 1824161
0.063302 1816028
0.063635 1737475
0.067740 1671733
0.073646 1616928
0.075344 1596309
0.076252 1580280
0.078519 1575230
0.079671 1560297
0.081524 1559004
0.092385 1530115
0.097700 1530006
0.101104 1529201
0.101435 1521034
0.168889 1484082
0.173408 1482926
0.214005 1468977
0.708072 1467072
0.711062 1462820
0.712426 1462186
0.718716 1456788
0.722441 1451622
0.746090 1447753
0.747170 1446629
0.748107 1444329
0.751978 1434479
0.753050 1431661
0.760221 1425318
0.891560 1423939
0.902306 1422653
0.909682 1422293
0.915398 1417535
0.915478 1415896
2.844423 1409023
3.300314 1407548
3.334437 1404333
3.410385 1402314
5.053117 1401425
5.093020 1400878
5.107720 1398281
7.838068 1397685
7.839265 1396549
7.839996 1395981
