0.000361 4192258
0.001660 4188291
0.002118 4184783
0.002568 4174264
0.004612 4168106
0.005128 4097737
0.005641 4044086
0.006026 3924353
0.006348 3868504
0.006862 3806324
0.007689 3797048
0.014981 3741401
0.026129 3719379
0.027850 3711904
0.029051 3700945
0.030813 3650774
0.031377 3571207
0.031749 3400614
0.032380 3333445
0.033062 3332876
0.046892 3290755
0.048252 3268733
0.049712 3261258
0.050846 3250739
0.052636 3120561
0.053006 2949968
0.054313 2882230
0.069810 2856241
0.071299 2854776
0.072086 2842214
0.072664 2765687
0.073969 2739658
0.074338 2721643
0.074449 2548057
0.090684 2532841
0.090848 2522937
0.092272 2512970
0.093265 2508041
0.093533 2501883
0.094891 2454483
0.095272 2386596
0.096422 2305608
0.111964 2290392
0.112128 2288387
0.113121 2284555
0.114530 2265592
0.116311 2249375
0.116526 2144147
0.123513 2094834
0.133143 2079618
0.133306 2077613
0.133673 2068845
0.135150 2067380
0.135729 2054818
0.136513 1978291
0.138341 1953341
0.154790 1939116
0.155127 1928221
0.156539 1918254
0.156860 1913325
0.158887 1911123
0.161034 1903113
0.161354 1887491
0.173273 1886506
0.175987 1872281
0.176519 1869285
0.179444 1862535
0.180077 1844288
0.182211 1836278
0.182529 1820656
0.197232 1792735
0.205967 1766225
0.211594 1752608
0.218428 1726619
0.227117 1706012
0.235008 1704732
0.235275 1676224
0.239583 1650235
0.248281 1629628
0.260771 1603639
0.269206 1580749
0.281845 1554760
0.297512 1539774
0.303402 1525609
0.303569 1522553
0.324003 1520955
0.327619 1506790
0.329701 1497493
0.354678 1492941
0.355809 1487896
0.355924 1477270
0.371797 1460049
0.394185 1452753
0.395310 1447016
0.415353 1439720
0.429751 1439069
0.436593 1431773
0.460671 1427690
0.475993 1424585
0.481746 1420502
0.502879 1416357
0.507566 1415837
0.521047 1414571
0.523838 1408674
0.559150 1406374
0.582986 1404820
1.677728 1404569
1.698596 1404001
3.972224 1402675
3.973815 1400878
3.973931 1400710
3.994828 1400619
3.994892 1395981
