0.000241 4090360
0.000351 4046108
0.000822 3859677
0.001281 3851144
0.001438 3787770
0.002499 3780932
0.002732 3764443
0.003487 3749550
0.003891 3742911
0.004349 3691155
0.004429 3688974
0.004659 3683345
0.004965 3678742
0.005569 3668987
0.006252 3614321
0.006556 3392511
0.006711 3392115
0.007157 3052615
0.007871 3044155
0.008004 2935375
0.008135 2895621
0.008392 2892438
0.008651 2880818
0.009413 2864060
0.010492 2832969
0.010562 2805807
0.011072 2712991
0.011395 2694879
0.011730 2629551
0.012497 2618988
0.012695 2607980
0.012955 2601745
0.013214 2585716
0.013535 2547680
0.013794 2539503
0.013989 2514244
0.014375 2494868
0.014507 2494143
0.014766 2477705
0.014834 2445891
0.016950 2444810
0.017275 2430913
0.017598 2393005
0.018365 2268833
0.018435 1915941
0.018758 1892377
0.019081 1859681
0.019277 1855172
0.023432 1844997
0.023836 1828521
0.024602 1821220
0.025746 1820208
0.029470 1805241
0.029923 1790481
0.030309 1788583
0.035853 1786327
0.036304 1770012
0.038958 1767516
0.039157 1766981
0.039291 1764842
0.040070 1748674
0.043320 1740450
0.044538 1725891
0.046069 1718042
0.053644 1686640
0.062802 1682293
0.064404 1667905
0.072236 1662423
0.089331 1524325
0.089597 1522844
0.090998 1513602
0.098134 1513209
0.118054 1511857
0.121357 1502981
0.121747 1493636
0.122703 1492650
0.185739 1475151
0.197897 1472952
0.204159 1469440
0.204362 1452834
0.208373 1424011
0.283944 1421769
0.293866 1419003
0.296182 1408601
1.579759 1406869
1.579982 1404001
3.362886 1398849
7.934583 1396549
7.934717 1395981
