0.000341 4241724
0.000682 4234952
0.002236 3823547
0.014824 3803683
0.026139 3792391
0.027979 3374214
0.028301 3309565
0.051962 3295268
0.053803 3280151
0.054329 3271483
0.054904 3247457
0.055292 2895221
0.055549 2881570
0.077454 2870278
0.079302 2830359
0.080568 2819462
0.085697 2468708
0.100886 2457416
0.102514 2413105
0.103617 2406600
0.109009 2390911
0.110948 2305581
0.111227 2253910
0.119790 2198927
0.123505 2187635
0.125183 2143324
0.126356 2136819
0.132021 2121130
0.134285 2021451
0.146985 2010159
0.148665 1965848
0.149824 1959343
0.155500 1943654
0.160235 1877782
0.170435 1866490
0.172110 1822179
0.184982 1777188
0.200836 1765896
0.202492 1721585
0.224524 1713299
0.229851 1694991
0.236143 1675928
0.236612 1674810
0.246175 1673709
0.246355 1666560
0.247973 1658274
0.253704 1650392
0.259814 1649889
0.259994 1620553
0.273582 1618306
0.275198 1616828
0.276709 1593357
0.286000 1587707
0.292410 1577823
0.297102 1575576
0.298684 1574098
0.300188 1550627
0.309490 1544977
0.316079 1539635
0.320580 1537388
0.322169 1535910
0.323675 1512439
0.333016 1506789
0.343962 1504542
0.345454 1503064
0.346906 1479593
0.366535 1468301
0.382755 1463564
0.383632 1461805
0.390072 1450513
0.406184 1435487
0.413595 1424195
0.434219 1421322
0.437118 1410030
0.463941 1407757
0.464008 1407274
0.500949 1406150
0.524404 1403850
1.713303 1401209
1.716567 1399985
1.736814 1397117
1.762066 1395981
