0.000219 3875849
0.003661 3842952
0.003862 3725439
0.004056 3586521
0.023659 3574634
0.024168 3477582
0.025812 3386266
0.029222 3353369
0.029418 3235856
0.029610 3096938
0.051346 2971922
0.057620 2891184
0.058070 2879358
0.058825 2849372
0.061683 2835956
0.075947 2794679
0.076986 2669663
0.079805 2665684
0.082535 2577099
0.083163 2547113
0.085532 2533697
0.098177 2408681
0.101010 2404702
0.103776 2350442
0.119320 2225426
0.122134 2221447
0.130196 2200840
0.140525 2075824
0.143341 2071845
0.161639 2068775
0.162946 2018644
0.170116 1983755
0.171577 1951518
0.182848 1948448
0.184147 1898317
0.204533 1890005
0.209784 1886935
0.211093 1836804
0.231037 1809540
0.232399 1786989
0.253714 1786737
0.257866 1778406
0.258550 1764193
0.259082 1762874
0.259760 1760529
0.261035 1760421
0.261720 1744153
0.261881 1739964
0.274987 1739712
0.277877 1738944
0.279134 1728493
0.279812 1717168
0.281033 1713504
0.282289 1713396
0.283283 1707513
0.286156 1705468
0.296230 1705216
0.299123 1704448
0.300381 1693997
0.301080 1682672
0.302284 1679008
0.303541 1678900
0.304538 1673017
0.318572 1672765
0.321488 1665725
0.322795 1652031
0.325896 1646449
0.338210 1646298
0.339835 1646046
0.342717 1639006
0.344024 1625312
0.347115 1619730
0.361028 1619478
0.364671 1605847
0.379032 1596351
0.382294 1596099
0.386014 1589059
0.387218 1583874
0.400968 1582561
0.403521 1582309
0.408288 1577624
0.408506 1576675
0.408892 1576429
0.410093 1575265
0.414403 1571269
0.424764 1571017
0.429558 1566332
0.429778 1565383
0.430149 1565137
0.431348 1563973
0.439817 1561554
0.446036 1561302
0.450790 1556617
0.451013 1555668
0.451387 1555422
0.452595 1554258
0.467271 1554006
0.472031 1549321
0.472252 1548372
0.474984 1547624
0.488474 1547372
0.493237 1542687
0.493453 1541738
0.509632 1541486
0.512403 1537390
0.530777 1536980
0.548228 1534522
0.552010 1534112
0.934077 1522806
0.951728 1517363
0.953682 1507968
0.955303 1491045
0.971782 1487876
0.974870 1478481
0.976489 1461558
0.996052 1452163
1.011130 1436197
1.017178 1426802
1.036259 1426669
1.036737 1424159
1.038420 1414764
1.058232 1414196
1.062480 1409507
1.078654 1405871
1.079446 1405303
1.083670 1400614
1.100619 1400046
5.902503 1395981
