0.000331 3967165
0.000615 3953403
0.000703 3912942
0.001184 3893279
0.001269 3761509
0.001434 3754479
0.001832 3742824
0.001995 3712227
0.002078 3702633
0.002238 3650068
0.002321 3604783
0.002716 3238559
0.003035 3141105
0.003745 3140368
0.004062 2978752
0.004794 2933963
0.005269 2932837
0.005409 2874879
0.005480 2873820
0.005948 2873331
0.006020 2871329
0.006092 2850058
0.006162 2848819
0.006233 2842279
0.006374 2837357
0.006910 2834808
0.008662 2816595
0.009135 2781505
0.010134 2598173
0.010274 2549948
0.010415 2532898
0.011219 2513778
0.011759 2493245
0.013833 2489535
0.014155 2478680
0.014919 2467973
0.015114 2461495
0.015244 2455303
0.018111 2435302
0.018561 2406999
0.020484 2114740
0.020680 2105832
0.021498 2089740
0.022071 2081065
0.026566 2061984
0.028486 2013695
0.030642 1941899
0.030774 1787526
0.032446 1682510
0.039624 1642808
0.042788 1641155
0.047005 1625527
0.048984 1618842
0.049742 1617723
0.050751 1616024
0.051007 1614495
0.051201 1610125
0.059711 1588092
0.060679 1552938
0.062258 1538999
0.063962 1526929
0.066561 1515902
0.113702 1514824
0.113777 1512374
0.116326 1510710
0.136345 1507695
0.137108 1495841
0.137558 1474641
0.164064 1467929
0.165785 1460921
0.178858 1449082
0.192462 1442560
0.195110 1440855
0.201193 1440287
0.203394 1435917
0.262888 1435434
1.441028 1432810
1.507569 1429474
1.510276 1421610
1.514917 1417914
1.516269 1414770
1.518657 1413038
1.530382 1406840
2.290355 1405825
2.306674 1402561
2.308533 1397685
2.451178 1396549
10.581263 1395981
