0.000789 4343240
0.001196 4340798
0.001776 4295035
0.003830 4241449
0.003903 4185703
0.004098 4007817
0.004668 3968069
0.005556 3911609
0.006314 3909459
0.011491 3845522
0.026599 3833976
0.027674 3796281
0.029685 3742695
0.029756 3686949
0.030078 3643938
0.030520 3469315
0.031804 3440522
0.032119 3410705
0.042211 3387724
0.048629 3376178
0.048998 3374356
0.049469 3338483
0.051135 3284897
0.051193 3229151
0.051455 3186140
0.052596 3015409
0.069623 3003863
0.069992 3002041
0.070463 2966168
0.072436 2813825
0.077812 2785746
0.087945 2683240
0.088417 2644655
0.090576 2633109
0.090944 2631287
0.091432 2595414
0.093394 2443071
0.094017 2442710
0.098907 2406564
0.111772 2403086
0.112349 2357323
0.114563 2030357
0.132180 2016989
0.133268 1981116
0.139713 1961285
0.140082 1937610
0.153082 1924242
0.154168 1888369
0.160615 1868538
0.165994 1846828
0.174006 1833460
0.175106 1797587
0.181548 1777756
0.192897 1771144
0.194960 1757776
0.199057 1741563
0.199884 1733537
0.200357 1729498
0.202527 1728792
0.204560 1718998
0.204672 1716772
0.215990 1703404
0.216205 1667531
0.222660 1647700
0.237036 1634819
0.248583 1624330
0.250717 1621194
0.253040 1612880
0.261166 1598821
0.265460 1585940
0.269727 1575451
0.271863 1572315
0.274137 1564001
0.287601 1552455
0.291284 1541643
0.291449 1534420
0.309409 1532397
0.310758 1522874
0.325795 1512676
0.329819 1506260
0.330603 1504237
0.333319 1503958
0.333378 1502051
0.333448 1501790
0.334695 1500374
0.334764 1495864
0.346887 1484516
0.351716 1482493
0.354411 1482214
0.354483 1480307
0.354541 1480046
0.355810 1478630
0.355870 1474120
0.369762 1472974
0.369823 1465966
0.372781 1463943
0.375477 1463664
0.375536 1461757
0.375624 1461496
0.376861 1460080
0.376919 1455570
0.393074 1453773
0.393753 1451750
0.396454 1451471
0.396513 1449564
0.396569 1449303
0.397821 1447887
0.397880 1443377
0.416139 1436369
0.417537 1434484
0.418832 1432807
0.435678 1430784
0.438408 1428598
0.445746 1427689
0.446731 1425619
0.453718 1424860
0.456706 1422837
0.459492 1420651
0.466824 1419742
0.467834 1417672
0.477731 1415649
0.480481 1413463
0.508720 1411163
0.979192 1411059
0.982245 1406989
1.001797 1406421
1.012601 1404689
1.019973 1403725
1.022747 1403157
1.033551 1401425
1.041298 1398849
1.043758 1398281
1.054584 1396549
1.064758 1395981
