0.000308 4207170
0.000419 3863987
0.001154 3800850
0.001361 3799710
0.010130 3760879
0.027536 3717437
0.027613 3374254
0.027947 3224480
0.056179 3188302
0.056520 3179094
0.057985 2983720
0.058321 2826906
0.082941 2724071
0.086380 2445511
0.109312 2445301
0.109386 2443261
0.111042 2414046
0.114465 2400928
0.114802 2393055
0.115741 2258806
0.126021 2233020
0.131895 2232810
0.131957 2230770
0.133328 2190290
0.137063 2133455
0.137127 2132426
0.138404 2059063
0.154206 2058853
0.154269 2056813
0.155647 2016333
0.158522 2006607
0.162091 1985488
0.166754 1971734
0.176464 1971524
0.176529 1969484
0.177905 1929004
0.180761 1919278
0.184318 1898159
0.198767 1897949
0.198829 1895909
0.200202 1855429
0.203085 1812011
0.221079 1811801
0.221142 1810498
0.222562 1769281
0.234433 1753534
0.234824 1750041
0.241547 1737836
0.243393 1737626
0.243455 1736323
0.244829 1695106
0.262856 1679359
0.263253 1675866
0.271849 1675656
0.271917 1674353
0.273291 1633136
0.296927 1594948
0.300247 1593053
0.319428 1554865
0.343394 1533121
0.347480 1531963
0.348643 1524472
0.365677 1502728
0.391847 1491186
0.398468 1490934
0.399194 1490645
0.399583 1485747
0.414213 1474205
0.420082 1473013
0.420969 1457661
0.436647 1446119
0.443978 1445468
0.459011 1433926
0.471161 1433398
0.481434 1421856
0.504977 1418592
0.515742 1416438
0.515806 1411637
0.527336 1408373
0.538079 1407545
0.549672 1404281
0.573118 1399405
0.606918 1398281
0.629307 1395981
