0.157810 4585416
0.158157 4536291
0.162226 4533641
0.169231 4197784
0.170119 4178524
0.170663 4173323
0.170985 4152073
0.177204 4133124
0.177914 4129944
0.187479 4127294
0.193245 4118067
0.193953 4114887
0.195487 4105418
0.196192 4102190
0.234992 3936352
0.235876 3917092
0.236441 3911891
0.236763 3890641
0.239844 3887494
0.240166 3869750
0.354868 3864721
0.378024 3857280
0.507752 3841264
0.508455 3838084
0.517767 3835434
0.523322 3826207
0.524016 3823027
0.525555 3813558
0.526254 3810330
0.595282 3808595
0.595981 3805415
0.597502 3795946
0.598191 3792718
0.615279 3788505
0.615977 3785277
0.856700 3666199
0.857580 3646939
0.858124 3641738
0.858444 3620488
0.867144 3561193
0.867840 3560077
0.898284 3427193
0.899146 3407933
0.899677 3402732
0.899990 3381482
0.903025 3378335
0.903335 3360591
0.938167 3355562
0.952339 3348121
1.428803 3341419
1.482526 3331520
1.497103 3324079
2.446395 3316758
2.616766 3313583
5.002294 3312365
11.338387 3311603
11.357590 3310349
11.491924 3306312
11.514145 3300450
17.367656 3297733
17.375648 3296523
18.723811 3289202
19.147891 3283937
19.153813 3273341
19.204395 3265900
21.167377 3259198
21.327642 3249299
21.378199 3241858
29.141389 3237013
29.300141 3227114
29.349409 3219673
29.891169 3217708
95.240807 3217328
98.078427 3214153
118.125429 3211303
118.173451 3203862
118.713218 3201897
170.720973 3200720
285.743708 3199098
331.669448 3187198
331.669959 3181997
331.670263 3160747
331.686252 3104317
331.715235 3072139
331.715909 3068964
331.717011 3046843
331.729953 3043565
331.731051 3043555
331.731837 3036124
331.737388 3034159
331.755963 3025352
331.832650 3022234
331.832943 3021595
331.833584 3017279
331.854476 3016814
331.854770 3016175
331.855409 3011859
331.991302 3009535
331.993336 3007847
331.997314 2973945
332.000516 2973234
332.001749 2947954
462.546329 2941816
465.313624 2937118
465.982839 2934753
469.629337 2933599
518.027030 2924111
518.050786 2916670
520.776090 2914933
521.442675 2912568
525.370017 2908239
