0.000232 4360104
0.000497 4346535
0.000581 4330443
0.000662 3932835
0.000741 3861148
0.000820 3860989
0.000899 3808285
0.001280 3747875
0.001658 3581987
0.001738 3497228
0.001816 3338311
0.001970 3334628
0.002124 3334601
0.002203 3302773
0.003003 3260019
0.003542 3257827
0.003846 3255051
0.004104 2871185
0.005298 2846850
0.005556 2843610
0.005686 2816738
0.005881 2764887
0.006322 2760841
0.006898 2654953
0.007593 2649423
0.009351 2585396
0.009736 2555023
0.009804 2537836
0.010371 2524770
0.010753 2339566
0.011334 2226134
0.012466 2181236
0.013600 2179986
0.014234 2166744
0.014429 2135831
0.014894 2117920
0.015341 2116531
0.015409 1939165
0.015601 1788816
0.018828 1788147
0.020709 1772147
0.021284 1762795
0.021540 1757547
0.022482 1741564
0.022551 1738972
0.022948 1738224
0.025949 1734785
0.027798 1731382
0.031214 1709738
0.032718 1704318
0.033287 1685076
0.034995 1624714
0.035127 1610756
0.039894 1603568
0.047048 1599605
0.049105 1589863
0.052491 1587185
0.052630 1585534
0.056336 1577484
0.058849 1558578
0.063749 1553489
0.072587 1541000
0.080371 1540968
0.083205 1534511
0.085399 1523857
0.086033 1483421
0.088987 1443210
0.109348 1427049
0.127653 1425963
0.139193 1425053
0.144442 1423663
0.151107 1422046
0.175122 1421972
0.377452 1416655
0.394685 1414461
0.415086 1413633
0.424033 1412183
0.970603 1409271
1.442037 1409244
2.983204 1402791
3.006484 1396549
5.243499 1395981
