0.000258 3755612
0.000451 3741574
0.000536 3693167
0.000771 3594602
0.000853 3551219
0.001011 3494753
0.002006 3490473
0.002087 3461769
0.002166 3439427
0.002567 3438633
0.002875 3210625
0.002956 3204004
0.003263 3198900
0.003417 3176137
0.004102 3163997
0.004183 3161755
0.004795 3159432
0.004865 2965000
0.006079 2955697
0.006290 2951032
0.006359 2896246
0.006685 2889845
0.007011 2803832
0.007144 2777256
0.007531 2769414
0.008556 2765246
0.008945 2754288
0.009331 2737877
0.009976 2715336
0.010110 2706761
0.010384 2698495
0.010965 2691168
0.011165 2678619
0.011681 2678143
0.012706 2673010
0.012775 2671564
0.013034 2662061
0.013674 2363216
0.014777 2354576
0.014846 2346264
0.016821 2194665
0.017847 2186891
0.018259 2160295
0.019857 2147490
0.020821 2145877
0.023261 2143785
0.025109 2140079
0.026298 2140018
0.027013 2137881
0.027792 2135641
0.033502 2131398
0.033770 2131276
0.034503 2128622
0.035653 2041195
0.036548 1991925
0.039875 1970265
0.040710 1650896
0.040911 1642944
0.044565 1633159
0.045084 1624029
0.047139 1620947
0.075612 1609614
0.079328 1581444
0.083652 1564965
0.083854 1551027
0.089693 1545629
0.092065 1526974
0.093087 1511464
0.105597 1511182
0.108528 1508630
0.111845 1500305
0.112235 1490918
0.129432 1486510
0.137566 1478650
0.165491 1451361
0.166876 1448645
0.173915 1440121
0.177730 1435568
0.183527 1434937
0.199997 1427369
0.203617 1426045
0.210119 1420927
0.220322 1418226
0.516968 1410054
0.769925 1408500
2.267261 1403725
2.284998 1398849
5.948783 1397685
5.968502 1397117
6.263238 1395981
