0.000367 3709366
0.000846 3697638
0.008891 3590007
0.026729 3209013
0.053956 3128563
0.054283 2747569
0.081258 2745330
0.082829 2719577
0.083022 2442545
0.095330 2408095
0.107722 2407563
0.108230 2380103
0.108986 2311934
0.109073 2299246
0.109392 2265304
0.110828 2261202
0.128435 2218368
0.132340 2217836
0.132763 2190376
0.133447 2135898
0.133713 2075577
0.153325 2075045
0.153542 2025137
0.154787 1972767
0.160907 1963336
0.174298 1962804
0.174515 1912896
0.175750 1860526
0.194038 1859254
0.198225 1855624
0.198286 1810214
0.201252 1802231
0.201568 1787256
0.208181 1776913
0.215843 1775641
0.220518 1772011
0.220587 1726601
0.224272 1703643
0.239663 1702371
0.243982 1698741
0.244050 1665001
0.259701 1661105
0.265714 1659833
0.269890 1656203
0.269951 1622463
0.286848 1621191
0.291027 1617561
0.292482 1592253
0.303644 1584138
0.309102 1582866
0.313273 1579236
0.314737 1553928
0.330102 1552656
0.334269 1549026
0.335773 1544279
0.335887 1543358
0.335944 1539302
0.337167 1539118
0.339455 1538701
0.341381 1537017
0.351173 1535745
0.355327 1532115
0.356886 1527720
0.356995 1522391
0.358210 1522207
0.360484 1521790
0.368206 1520849
0.372242 1519577
0.376394 1515947
0.377966 1511552
0.378077 1506223
0.379275 1506039
0.381583 1505622
0.392223 1504866
0.393345 1503594
0.397488 1499964
0.399036 1495569
0.399145 1490240
0.400334 1490056
0.402629 1489639
0.414303 1488367
0.418443 1484737
0.419946 1480746
0.434968 1479334
0.435289 1478062
0.439437 1474432
0.440939 1470441
0.456296 1469169
0.460455 1465539
0.463180 1465332
0.463239 1463256
0.477356 1461984
0.481516 1458354
0.487518 1453820
0.498370 1452548
0.502523 1448918
0.522130 1448178
0.534940 1447178
0.539813 1444826
0.543123 1444086
0.555913 1443086
0.564129 1442346
0.578301 1438344
0.585068 1437604
1.006469 1434955
1.007730 1426287
1.025188 1418423
1.054454 1416123
1.572312 1414393
1.600051 1412532
1.620979 1396549
1.649445 1395981
