0.000295 4253016
0.000487 4233948
0.000900 4227575
0.000982 4186485
0.001062 4183444
0.001140 4176514
0.001219 3966096
0.001374 3956718
0.001453 3930830
0.002057 3926026
0.002137 3719181
0.002367 3484243
0.002596 3469358
0.003124 3417589
0.003279 3325194
0.003358 3287213
0.003660 3150194
0.004045 2986681
0.004239 2755968
0.004434 2754841
0.004501 2753033
0.005059 2723622
0.005195 2706470
0.005516 2694097
0.006402 2690823
0.006787 2688192
0.006855 2685755
0.007049 2647316
0.007305 2644951
0.008256 2643456
0.008975 2616390
0.009861 2612613
0.011316 2474281
0.011386 2467920
0.011582 2454216
0.015376 2400681
0.015698 2398280
0.018233 2392811
0.019942 2375436
0.025185 2375179
0.025572 2372726
0.025705 2358272
0.028156 2336805
0.028872 2268061
0.031012 2249739
0.031463 2249182
0.031908 2249177
0.033758 2145396
0.034079 2144634
0.035091 2004653
0.035350 1996203
0.035672 1993699
0.035930 1992220
0.036252 1931448
0.036775 1906126
0.038168 1883624
0.038427 1880596
0.039439 1865706
0.039887 1848670
0.039957 1833344
0.043247 1829471
0.046109 1803465
0.055312 1677935
0.057684 1643378
0.058323 1642638
0.059087 1617087
0.062189 1616454
0.063704 1593078
0.064342 1586881
0.064539 1576782
0.067204 1560690
0.067779 1558060
0.068163 1542238
0.089009 1530946
0.089840 1523388
0.089976 1518782
0.097075 1518653
0.097903 1510785
0.099605 1501519
0.159242 1489997
0.161154 1482050
0.164363 1466067
0.197537 1463711
0.236806 1457637
0.260770 1455922
0.298698 1451239
0.350132 1449365
0.460394 1434543
0.466260 1428953
0.531682 1428768
0.545773 1423887
0.548089 1422302
0.553480 1419484
0.818991 1419127
0.828456 1417698
0.945565 1412834
1.999098 1409377
2.801904 1408418
3.891625 1408298
3.897149 1407174
3.957646 1407045
4.088623 1399417
4.792130 1395981
