0.000843 6900654
0.001265 6886095
0.002045 6876163
0.002435 6860759
0.003225 6847138
0.003620 6845328
0.005915 6802008
0.007459 6801024
0.008611 6725418
0.009764 6716920
0.010152 6705726
0.010537 6700498
0.010924 6694972
0.012460 6686160
0.012847 6670921
0.013234 6653306
0.013624 6649818
0.014771 6649020
0.015558 6647679
0.016328 6607114
0.020902 6606261
0.021292 6597204
0.022059 6545984
0.022449 6541618
0.022846 6507323
0.024016 6504974
0.030519 6480374
0.030907 6460869
0.031683 6433300
0.033212 6403891
0.033979 6400470
0.035139 6396542
0.035527 6362926
0.036670 6361914
0.037055 6339982
0.042768 6312675
0.045449 6304424
0.054601 6279483
0.055398 6274557
0.055785 6253800
0.058070 6247237
0.059229 6238595
0.059616 6237896
0.060004 6217864
0.060770 6198378
0.061535 6197385
0.061921 6174110
0.062307 6170950
0.063853 6163363
0.064240 6162524
0.074166 6129035
0.074557 6119484
0.076491 6113935
0.084120 6099837
0.104294 6080649
0.104685 6060667
0.109645 6060570
0.110790 6030194
0.111184 5913392
0.118028 5885919
0.119947 5850213
0.120716 5843743
0.149214 5792020
0.159898 5766750
0.160285 5744396
0.163717 5739682
0.164104 5730321
0.164489 5723693
0.167168 5708687
0.167557 5698981
0.167943 5697170
0.169087 5681177
0.169472 5677794
0.170236 5675160
0.170622 5674282
0.171401 5665777
0.173308 5664593
0.174454 5644260
0.175617 5636354
0.176385 5632034
0.184363 5629785
0.185134 5628132
0.185898 5627837
0.186285 5614158
0.210625 5613400
0.211014 5596557
0.211423 5593285
0.211809 5585548
0.212193 5583896
0.212578 5581556
0.213343 5581113
0.213727 5569349
0.214493 5562809
0.216406 5553987
0.283481 5551980
0.285015 5535579
0.285403 5514004
0.286549 5512892
0.311689 5512394
0.312461 5511867
0.313987 5509139
0.317044 5507608
0.318189 5501532
0.318957 5493855
0.319358 5460436
0.320502 5450515
0.320888 5449345
0.321273 5439614
0.321658 5423858
0.322423 5417269
0.323590 5414434
0.324741 5404266
0.325130 5396073
0.325895 5389195
0.328567 5381057
0.330093 5378767
0.330479 5286616
0.339640 5279281
0.343834 5252650
0.344222 5252172
0.652728 5235908
0.653506 5230790
0.653894 5204045
0.656947 5182811
0.661917 5179937
0.663462 5161451
0.664234 5158140
0.664621 5149781
0.665389 5136833
0.666151 5121988
0.666536 5115346
0.681397 5109966
0.692837 5103288
0.712245 5094936
0.716453 5087451
0.717979 5069320
0.718367 5047029
0.718751 5045212
2.737449 5044008
2.737858 5041142
2.784335 5011030
2.784730 4995466
2.792489 4983958
10.773483 4971600
10.773907 4966078
10.775489 4965119
10.776274 4964080
10.782459 4956367
10.785975 4918694
15.337803 4893003
15.338227 4891279
15.347922 4886213
15.349475 4876207
15.797718 4851164
15.798115 4841081
17.457286 4827606
17.458102 4823071
17.461740 4803120
21.024749 4797735
21.037957 4795063
21.038742 4794987
21.039145 4791760
21.041079 4784039
21.044978 4777770
21.046527 4774200
21.046916 4773711
21.049261 4741124
21.049650 4706241
21.051217 4705451
21.051606 4703063
21.084867 4698562
21.086037 4695808
21.086423 4687374
24.667281 4639152
24.669657 4615408
24.670050 4610987
24.670831 4601359
24.671249 4600810
24.671637 4580645
24.933956 4562046
27.049927 4555493
27.051511 4518245
27.052295 4513243
27.052681 4501248
27.053068 4497563
27.067429 4488917
27.068991 4483588
27.070550 4483225
27.070939 4458462
27.071732 4457537
27.072901 4454334
28.433507 4372145
28.435973 4360974
28.437602 4350363
28.438418 4346102
28.440066 4325612
29.342599 4313202
29.344191 4312638
29.344582 4309716
29.368592 4308357
29.369378 4300923
29.390652 4299903
29.391450 4294564
29.392622 4291680
29.394179 4290122
29.394567 4289751
29.396529 4287955
29.406582 4279690
29.447274 4263262
29.448837 4261883
29.449226 4178244
29.451948 4094501
29.453501 4064062
29.453890 4055408
29.458936 4049640
34.486232 4046356
34.488693 4037513
34.489098 4027978
34.489908 4019890
34.511714 4019690
34.512527 4018529
34.512931 4017513
34.515374 4004827
34.515778 3991173
34.526589 3991126
34.534236 3977547
34.534640 3967122
34.535038 3961012
34.535463 3934452
34.555552 3928716
34.727233 3928635
34.734893 3926665
34.736129 3926349
34.737344 3925705
34.737748 3909346
34.738148 3905657
34.755436 3895571
34.762671 3893737
34.768338 3887842
34.774758 3883284
34.777613 3880965
34.778019 3869204
34.780065 3865948
40.282735 3864295
41.324021 3850876
41.324418 3834115
41.328699 3830621
41.329091 3816702
41.331037 3805388
41.332233 3785321
41.333790 3779084
41.338866 3775493
42.217132 3775475
42.217921 3761819
42.221049 3745604
42.221832 3726861
42.229209 3717189
42.229601 3664797
42.949943 3652499
42.975979 3640810
42.977537 3630630
44.306316 3608231
44.306742 3603978
44.309115 3593244
44.310672 3561343
44.323110 3559186
44.325076 3554652
44.362323 3554334
44.362716 3546942
47.315888 3544356
47.347296 3542975
47.349247 3542529
47.349639 3537267
47.350419 3532357
47.362456 3473924
47.363251 3471723
47.370617 3470951
47.371009 3469315
47.371420 3458184
47.373751 3433741
47.375326 3430435
47.379606 3428910
47.379998 3423805
47.380385 3421723
47.424846 3415658
47.518846 3403108
47.521301 3382197
47.522110 3358992
47.522512 3358507
50.869871 3332366
50.870693 3318700
50.877192 3311688
50.878007 3306887
50.879248 3306632
50.884101 3270326
50.886535 3261388
50.887787 3258424
50.891449 3253290
50.907678 3244133
50.909309 3231568
52.533151 3225109
52.533549 3223429
52.535511 3223074
52.536294 3211531
52.540582 3200623
52.540972 3200330
52.547570 3198133
52.552645 3197222
54.322581 3196721
54.354801 3194850
57.539211 3186605
57.540003 3183621
57.540393 3182410
57.544670 3178974
57.545061 3165492
57.567592 3161205
57.571492 3148113
57.577336 3146061
57.580851 3141698
57.704179 3140612
57.705354 3140353
57.709627 3117377
58.013051 3114904
58.013836 3108062
58.015004 3106665
58.017362 3100235
58.021649 3055319
58.022041 3054858
58.655004 3044362
58.666687 2999113
58.687216 2993293
58.688003 2989329
58.774349 2983113
58.776702 2979650
58.897564 2974500
58.899135 2972754
58.901468 2968750
58.903827 2963691
58.905383 2963557
58.908510 2962050
58.972051 2958859
58.974770 2958857
58.975178 2955616
60.283856 2953001
60.284643 2940314
60.690169 2914792
60.691362 2883263
60.698364 2868102
60.699551 2868092
61.360416 2858423
61.360813 2842448
61.507934 2841084
61.508723 2832030
61.509894 2825995
61.820740 2822904
64.119832 2810520
64.122174 2810134
64.122566 2798708
64.553123 2770022
64.555864 2764290
64.597373 2764172
64.597767 2763367
64.599334 2750133
64.600117 2720058
65.874432 2697946
65.874855 2691047
65.878371 2690706
65.878763 2687559
65.883466 2678086
65.888158 2667228
65.889717 2666212
65.890885 2658461
65.898683 2655118
65.899866 2649766
65.901032 2640726
65.902196 2632811
65.903772 2632458
65.908048 2608663
65.922057 2596241
65.936821 2592648
65.937213 2588063
65.937601 2573131
65.939185 2552416
65.943072 2552045
65.945036 2546941
69.984137 2545986
71.731712 2542091
71.733276 2540688
71.735629 2539740
71.736411 2530653
71.736812 2528918
71.786199 2520343
72.188637 2503708
72.190670 2490283
72.191079 2477679
72.461982 2475065
72.466883 2458309
72.474187 2457677
72.476962 2452900
72.478522 2449553
72.513461 2445801
72.517750 2443674
72.521258 2441060
72.967598 2437614
72.968777 2434194
72.973819 2430404
73.103013 2413599
73.152325 2412114
73.153888 2393993
73.160515 2380346
73.427431 2359200
73.433670 2358232
73.441870 2355723
74.465445 2342519
74.474383 2341991
74.477120 2322292
74.494218 2315454
74.505139 2303593
74.515287 2289461
74.518012 2283861
74.527737 2281153
78.400407 2279659
78.400820 2277758
78.402425 2272391
78.405272 2262827
78.411361 2261754
78.419445 2257124
78.589358 2224493
83.380467 2203801
83.465490 2200615
83.469783 2197110
83.470176 2192826
83.950042 2167718
84.362416 2162789
84.403578 2162711
84.404362 2158794
84.407871 2151153
84.410588 2149606
84.481597 2140663
84.482779 2138848
84.487872 2138679
84.539578 2133113
84.539972 2125222
84.543485 2123811
84.645241 2122195
84.647209 2119549
84.950060 2117519
84.962109 2111184
84.963688 2101228
84.974191 2081193
84.974973 2069938
84.978870 2067845
84.979276 2063147
84.981981 2059645
84.984329 2054894
85.091732 2053420
85.132091 2052857
85.155007 2048662
85.155820 2048591
85.156213 2046037
85.158157 2045969
85.158547 2045516
87.412226 2040026
87.599003 2033372
87.599413 2032749
87.606029 2028607
87.608776 2027307
87.612279 2019781
87.612668 2012697
87.627832 1995961
87.630552 1995469
87.684226 1991951
87.686664 1990432
87.689545 1988871
87.690764 1980149
89.864023 1972018
89.870639 1964988
89.871838 1963711
89.874564 1960250
89.880032 1956430
89.880816 1951322
89.883555 1943762
89.892899 1940643
89.903431 1937364
89.905377 1934418
89.906157 1931652
89.910831 1919990
89.917069 1918422
89.926796 1915973
89.929157 1911037
89.929937 1905183
89.931518 1897645
89.933465 1889487
89.937760 1885813
89.940496 1881083
92.167106 1874826
97.487708 1873195
98.015797 1863580
98.023231 1863287
98.023626 1859138
98.031825 1858349
98.034550 1857279
98.036903 1856828
98.126737 1855766
98.127941 1852672
98.133405 1852441
98.134188 1850887
98.135377 1847749
98.147435 1844938
98.165748 1834524
98.166922 1832209
98.180176 1826382
98.370693 1823215
98.387054 1820996
98.404971 1818302
98.417038 1811437
98.434534 1808662
98.435732 1803184
99.319324 1798132
100.879561 1796950
100.973926 1796230
101.314014 1794565
101.321802 1789864
101.326486 1789258
101.330770 1782540
101.336625 1768454
101.337409 1766690
101.342844 1766180
101.343257 1765815
101.627081 1757392
101.633994 1750853
101.660432 1750671
101.700985 1748250
101.704253 1746773
101.715665 1744850
101.724607 1737251
101.748203 1723601
101.766474 1722952
101.772592 1722589
101.772999 1722104
101.785190 1718172
101.785598 1718116
101.907216 1716476
101.912901 1711527
101.920235 1703913
101.927160 1703587
101.927982 1700819
101.969423 1689717
102.011757 1682555
102.012168 1677724
102.017046 1676703
102.021121 1675056
102.023173 1658233
102.033730 1656616
102.111290 1654807
102.116582 1654580
102.293311 1654169
102.293707 1651663
102.296451 1648596
102.313559 1648368
102.326403 1646673
103.329343 1645138
103.335199 1640999
103.335986 1636484
103.342206 1629683
103.345728 1624402
103.346120 1618805
103.348848 1617572
103.365547 1616603
103.383836 1615932
103.388122 1610285
103.474494 1600083
103.476077 1595980
104.000271 1585556
104.002610 1577612
104.031369 1575164
105.466503 1569167
105.467313 1563633
105.468097 1554274
105.903206 1548064
105.907675 1541283
105.920313 1536716
105.992532 1535390
105.999063 1532065
106.010046 1523693
106.011696 1523672
106.015762 1523481
106.020650 1518872
106.024716 1517946
106.026339 1513959
110.183429 1510856
110.185041 1509682
110.219695 1503791
111.403005 1501331
111.414322 1493397
111.419003 1492596
111.457119 1491482
111.460630 1491150
111.462578 1490560
111.472329 1482796
112.185491 1481065
112.188232 1480945
112.194469 1474545
112.721105 1469940
113.000586 1469752
113.012280 1466519
113.013844 1465110
113.015819 1465078
113.021656 1464775
113.024022 1456357
118.356796 1454839
118.360324 1443904
118.363053 1443852
118.366187 1440994
118.373589 1436266
118.391895 1435395
118.395418 1427969
118.396974 1427776
118.397753 1423867
118.403208 1422844
118.984133 1417478
119.254320 1417142
119.303738 1416571
119.309575 1415844
119.324397 1414704
120.491345 1412400
120.539564 1406254
120.639913 1405810
120.736716 1403754
120.741404 1400281
120.754620 1400097
120.759715 1398292
120.845920 1397717
120.849048 1396372
120.858012 1395709
121.167456 1395610
121.199808 1395375
121.200596 1392095
121.812751 1388943
121.818978 1379184
121.819786 1379042
121.828740 1378033
121.843952 1377591
121.845905 1372477
121.890313 1368967
122.442934 1363552
122.445782 1362569
122.447417 1362399
122.490290 1357235
122.511683 1356120
122.608207 1354283
122.619547 1349301
122.625215 1344209
122.626433 1343621
122.628469 1340946
122.633726 1334243
122.661588 1332542
122.665226 1329071
122.706335 1327911
122.709610 1325655
122.716494 1324819
125.339958 1315322
125.392729 1314133
125.460039 1313513
125.463959 1309704
125.473294 1306526
125.482245 1300828
125.484994 1299177
125.486553 1298406
125.493972 1297929
125.523541 1297323
125.610654 1296124
128.574457 1291739
128.593925 1290664
128.615370 1285177
128.629197 1280821
128.647029 1280638
128.986194 1277999
128.998831 1277342
129.014302 1277306
129.017152 1269216
129.018781 1265831
129.028959 1256620
129.037118 1254191
129.040789 1251138
129.101656 1249144
129.104941 1247746
129.106972 1245533
129.215082 1244537
129.215500 1243680
129.228366 1243017
129.240073 1242099
129.259105 1235901
129.261856 1235560
129.273134 1234905
129.276650 1234845
129.640045 1232574
129.641660 1230791
129.643291 1230752
129.665906 1228782
129.940789 1214324
129.944838 1213212
129.950109 1212789
130.380182 1210400
130.402443 1210003
130.404891 1209958
130.425478 1209044
130.429929 1202782
130.435612 1199638
136.007008 1197271
136.013668 1195618
136.055309 1193843
136.057651 1193225
136.100474 1191699
136.113686 1191081
137.307758 1189336
137.315954 1185488
137.322958 1185075
137.349068 1184141
137.747962 1173426
137.837099 1173274
137.877547 1173257
137.975496 1172638
138.131072 1172538
138.467701 1171741
138.479391 1162335
138.484074 1162243
138.498848 1156686
138.541237 1155958
138.586720 1149706
138.590625 1148527
138.643505 1147307
138.673076 1146642
138.692890 1146468
138.724389 1145490
138.775644 1142223
138.788103 1141066
138.789278 1139792
139.891965 1137435
140.774289 1136867
140.780541 1136108
141.098470 1134385
141.112883 1133993
141.431197 1132838
141.456148 1132217
141.493136 1130941
141.512970 1126568
141.514146 1123133
141.540593 1122888
141.546827 1120862
141.552687 1119568
141.648302 1110947
143.884450 1109815
143.884850 1109213
143.921421 1108522
143.939321 1107421
143.952934 1104602
144.820378 1101800
144.990621 1100595
145.017907 1097578
145.034264 1094027
145.448485 1094026
145.924045 1091830
145.974554 1090600
146.348977 1090432
146.364179 1084944
146.396872 1079710
147.001591 1078236
147.111744 1075303
147.122643 1074114
147.165057 1069520
147.255002 1068850
147.280854 1067344
147.281668 1064891
147.695481 1060551
147.727002 1058354
147.735993 1058142
147.753498 1054744
148.450139 1053899
149.764989 1053686
149.800051 1051983
149.804736 1051918
149.846370 1049262
149.870901 1043187
149.893463 1039038
149.921074 1037849
149.988784 1034974
150.206775 1033517
150.265134 1031860
150.403842 1029646
150.416303 1028047
150.435352 1023294
150.499144 1022153
150.566478 1021879
150.579361 1017079
155.997253 1015747
156.361869 1015034
156.383460 1014885
156.395686 1013714
156.422509 1013680
156.425788 1012620
156.429055 1012617
156.448124 1012590
156.449700 1010701
156.466089 1008648
156.467278 1007848
156.477783 1007442
156.509320 1006888
156.517147 1005805
156.566177 1002081
157.528910 999728
157.920970 997000
158.447401 994608
158.463368 992955
158.479781 989343
158.514815 985267
158.518338 983188
158.532362 982997
158.662540 981986
158.699534 981780
158.744307 981430
158.853671 980811
158.945996 976643
159.019134 972903
159.635841 972279
159.670431 972071
159.675533 971103
159.749369 970623
159.751727 969696
159.760313 969566
159.795690 968080
159.806615 966093
159.808196 965396
159.811700 964255
160.740978 963689
160.745842 962304
160.755957 961926
160.782537 958165
160.792241 957852
160.821262 955420
161.023584 955260
161.428733 954975
161.450908 954967
161.498316 953819
161.582772 953789
161.645436 949200
161.701080 948773
161.742678 946596
161.746213 945184
161.850795 944844
162.011075 943200
162.180651 942784
162.250769 942179
162.277645 941120
162.358971 934983
162.417079 934564
162.617515 933263
162.624985 931574
162.779074 931200
162.809814 923001
163.061711 921475
163.132374 920704
163.152645 917621
163.205897 917273
163.319419 915268
163.402236 913458
163.586961 913085
163.599847 910414
164.674206 909569
164.677456 909189
167.526711 908435
167.616626 906716
167.799474 905174
167.802201 905113
167.855906 902654
167.876598 902338
170.441145 901752
170.473428 901529
170.619321 892829
170.664067 892592
170.676137 892016
170.681207 890468
170.885730 888540
170.961857 888176
171.044069 887988
171.057706 887247
171.058493 884820
171.154638 883211
171.980645 881968
171.995458 881928
172.014149 879328
172.037899 878190
172.190732 877909
172.300396 876518
172.666628 876377
173.397774 875688
173.400138 871756
173.416117 871070
174.452025 870697
174.469910 866819
175.064115 864779
175.068417 864345
175.533114 862903
175.573192 861886
177.059751 860085
177.142592 859945
179.366657 858615
179.899404 857958
179.911513 857097
180.278440 856023
180.497303 855856
180.576603 855454
180.678441 855216
180.732061 854231
180.847412 854079
186.279922 853006
186.291623 852463
186.297088 851896
186.306021 850839
186.351742 850660
186.397725 849851
186.400158 848421
186.621397 847608
186.667863 846480
187.119179 846448
187.519139 843957
187.529271 843538
187.533567 841217
187.537841 840852
187.604649 840804
187.606214 840506
187.610491 838959
187.910706 838537
187.979568 837174
188.089986 836753
188.104448 836140
188.734242 836117
188.911536 835735
189.251001 834360
190.412945 833007
190.449057 832404
190.531895 831856
190.646356 831088
190.650264 829970
190.679011 829790
191.009270 827161
191.343336 825771
191.349564 825738
191.360489 824255
191.885523 821699
192.083006 820443
192.097676 820161
193.404711 819951
193.429158 818925
193.661420 817498
193.670779 817139
193.683810 816574
193.696830 816209
193.707422 816088
196.070437 815869
196.084091 815238
196.086430 814634
196.125000 814624
196.986078 811194
197.057012 809608
197.965112 809462
198.191651 809420
198.267972 808883
198.385008 807641
198.433696 807121
198.512252 806946
198.713487 806079
199.340145 805190
199.374765 804479
199.407168 803859
199.500118 803045
200.098110 802037
200.130738 801273
200.176619 798632
200.184417 797859
200.229973 797451
200.701199 797246
201.195416 795189
201.352185 794734
201.369336 794655
201.440626 793276
201.571979 793092
201.589493 792175
201.650553 791635
202.227655 791620
202.332007 791069
202.371226 790360
202.682626 790310
204.659551 790043
204.717922 789508
204.797147 789307
204.883474 789107
215.841113 787690
216.004697 787056
216.208470 784824
216.444465 783668
216.581302 781534
217.130012 780668
218.628058 779843
219.334434 778105
219.599213 775663
220.654983 774935
220.666699 773549
220.790345 772346
221.501613 771878
221.535108 771179
221.595465 768851
221.727302 768114
221.996110 768008
222.081514 767583
222.387957 767150
222.391877 767003
222.507027 766583
222.554588 766504
222.717159 764504
222.941031 762167
222.965713 760616
222.988721 760165
223.240808 759630
223.295668 759322
223.467895 758612
223.602852 757801
224.004872 757233
224.030078 756745
224.085764 756209
224.090247 755972
224.329632 755926
224.628641 754947
229.303069 754769
229.612323 754192
229.672517 753608
230.279976 753472
230.386901 752022
230.486074 750572
230.642744 750168
230.685986 748687
236.286848 748324
236.461064 748116
236.498721 747241
236.631536 747162
236.652174 746869
236.694202 746754
236.748331 746559
236.779507 745842
237.509267 742607
237.653242 741169
237.704999 740027
237.745094 739679
239.342702 739565
239.407853 738972
239.794982 738726
239.983262 738086
240.435077 737865
240.896204 737792
241.023063 737198
241.100810 736807
242.265300 735659
243.729405 734704
248.522608 734110
248.621321 732746
250.248520 732722
250.297943 732663
250.727034 732569
251.868300 732530
251.923561 732495
252.222071 732241
256.909209 732221
257.595617 731972
257.683591 731913
257.839755 731746
259.242391 731122
259.394550 731092
259.735707 729643
259.844867 729583
259.970873 729524
260.667980 729270
263.182688 728919
267.670208 728839
268.312186 728626
268.606982 728604
269.071614 728433
269.173882 728186
269.722276 726778
269.762775 726188
271.105579 725538
271.159671 725469
271.201739 725369
271.281497 725122
272.475529 724521
272.493833 724376
272.951903 724287
274.551740 724082
275.465626 723521
275.520965 723392
275.932190 723187
277.718093 721094
282.999034 721006
286.128770 720410
286.318954 719977
287.544492 719887
288.037787 719755
288.449459 719171
290.317151 718798
291.696351 717483
292.245835 717284
293.272840 717079
294.066382 716945
294.323277 716252
294.424177 715797
295.164565 714119
295.978103 713169
296.109331 712345
296.756467 711543
296.976694 710688
297.618423 710294
298.756544 709084
299.026483 708212
299.087532 706872
299.296366 706838
299.633799 706698
300.197673 706690
300.464501 706269
300.559985 705960
300.774423 703160
300.909954 703019
301.955406 701717
304.369110 701607
305.393760 701580
305.973802 701512
308.810471 701249
314.234763 700996
314.259730 700936
315.038572 700872
315.468599 700865
315.687133 700830
316.259834 700485
319.645479 699346
319.973461 699164
320.135622 698989
320.211101 698465
320.334185 698309
322.485105 697665
326.419848 697651
327.857173 696997
328.912567 696106
329.722022 695713
334.688317 695537
335.358579 694422
336.522689 693428
337.376051 693028
339.331788 691691
347.240167 691650
350.608311 691116
350.863784 690929
351.110987 690926
367.976966 690436
370.055561 689124
371.953890 689023
373.295085 688409
375.141459 688186
376.428207 687519
382.795789 687357
384.776144 686923
385.982739 686703
529.362287 685520
530.093755 685479
533.762203 685366
535.065388 685255
538.469584 685165
538.913479 684931
539.030366 684094
543.211640 683932
544.230375 683336
551.530408 682668
556.687914 682390
561.875259 682134
564.583032 681729
589.101056 681727
594.570083 681658
596.701804 681578
597.828873 681396
598.404143 681378
