0.001023 7062919
0.001456 7054418
0.003802 7053200
0.005757 7041312
0.006929 7033446
0.013927 6962797
0.014322 6950755
0.015102 6922421
0.016669 6908073
0.017062 6896187
0.017452 6893674
0.017846 6889237
0.018236 6881387
0.019402 6866651
0.019794 6847414
0.020183 6844974
0.023676 6823578
0.031802 6813584
0.032195 6811272
0.032982 6803525
0.034145 6796869
0.034536 6795569
0.034927 6763735
0.036485 6763480
0.042313 6761320
0.042710 6747861
0.043101 6735020
0.043492 6734295
0.044272 6720209
0.044678 6719686
0.045071 6686972
0.045462 6669705
0.053201 6662563
0.053981 6661561
0.055912 6658256
0.062526 6597218
0.063305 6587648
0.068354 6581063
0.069923 6553555
0.070702 6532477
0.076179 6528884
0.076593 6517371
0.089384 6477557
0.089776 6471940
0.090165 6440181
0.094818 6410886
0.095213 6399254
0.102617 6386489
0.103010 6380137
0.103791 6379194
0.105347 6375555
0.106125 6371284
0.106516 6368651
0.110017 6368249
0.110412 6365626
0.110800 6359932
0.114293 6346367
0.115457 6334357
0.115847 6314996
0.117019 6299818
0.117412 6215162
0.117802 6212854
0.118579 6200114
0.119747 6192101
0.120137 6183101
0.122475 6155821
0.141437 6144512
0.143386 6131481
0.144973 6071167
0.145366 6068648
0.150023 6036941
0.152755 6020913
0.159760 6013380
0.160153 6006267
0.160563 5960290
0.162499 5940056
0.162892 5926241
0.164050 5924897
0.164442 5898882
0.165231 5892695
0.166779 5889596
0.167555 5877929
0.167948 5760071
0.168751 5743935
0.169144 5741066
0.170701 5731637
0.171094 5706379
0.189359 5643586
0.190137 5630690
0.192464 5624436
0.193263 5614703
0.196754 5531860
0.207239 5517779
0.217365 5513394
0.217758 5511859
0.218536 5509487
0.218927 5506864
0.219706 5491397
0.221652 5475319
0.227471 5457272
0.228653 5439676
0.229046 5434107
0.229437 5413232
0.229829 5327474
0.230609 5313328
0.233331 5312350
0.239150 5290343
0.239543 5279239
0.241107 5259313
0.260925 5214086
0.264819 5209765
0.265605 5205251
0.269090 5179772
0.274888 5158101
0.291203 5154275
0.325370 5151779
0.325768 5147926
0.326161 5015527
0.328480 5002813
0.330053 4966583
0.405185 4964706
0.405968 4964620
0.406748 4964431
0.407530 4963445
11.607923 4927140
11.608385 4926557
11.609599 4914141
11.609995 4912781
11.610789 4910462
11.611182 4849211
12.060786 4833480
12.061623 4820971
12.062035 4816490
12.064099 4795513
12.114979 4793942
12.115778 4775991
12.118536 4755400
12.118930 4749564
12.128790 4709618
12.129187 4703438
12.135511 4695128
12.135908 4692242
12.157565 4684155
12.161109 4668883
12.167782 4647974
12.168594 4617972
12.169786 4613345
23.457900 4598787
23.458339 4598389
23.459930 4595003
23.461531 4577967
23.463495 4574683
23.466652 4568926
27.100958 4549155
27.469707 4539569
27.470108 4536576
27.473665 4517354
27.474062 4511854
27.477623 4510019
27.478812 4508330
30.306820 4447324
30.307619 4446914
30.332717 4444272
30.335082 4429316
30.335874 4423718
30.336267 4401647
30.388999 4394462
30.389793 4380485
30.484057 4380403
30.484458 4332023
30.790068 4322539
30.790868 4271816
30.793246 4259490
30.794835 4257481
30.796826 4251077
30.801541 4250674
30.807447 4247219
30.807843 4212302
30.808237 4203855
30.809435 4191919
30.811015 4186951
30.814963 4134350
30.818142 4113162
30.829175 4103755
38.918777 4099118
38.959600 4089626
38.960397 4077671
38.960815 4077242
39.133763 4040336
39.134165 4029349
39.134557 4027795
39.135352 4026983
39.137342 4017618
39.176297 4006438
39.176716 4005531
39.177511 4004185
39.182623 4000685
39.183811 3954665
39.184616 3936629
39.185012 3933065
39.186196 3931381
39.186589 3919115
39.196895 3877014
39.198474 3868960
39.975315 3831127
39.976522 3823191
39.977314 3819131
39.999259 3806524
39.999655 3800091
40.005205 3788123
40.005602 3770974
40.028168 3693833
42.600035 3670656
42.600437 3661578
42.678920 3648373
42.679755 3647850
42.681420 3637133
42.683079 3636547
42.823350 3568871
42.823763 3567570
42.824170 3565163
42.862442 3535520
42.863639 3534644
42.881417 3531715
42.928678 3521548
42.930663 3512208
42.954311 3468834
42.955106 3461679
42.958272 3455030
42.960253 3450381
42.961062 3444388
42.966991 3417576
42.968176 3396506
42.970960 3392142
42.971752 3382141
42.972552 3373930
47.731746 3372123
47.734127 3371935
47.734921 3357936
47.736909 3340161
47.737700 3339030
47.839706 3315508
47.842092 3312400
47.845283 3303788
47.854358 3300787
47.855934 3294533
47.859101 3284489
54.549462 3281842
54.550265 3278211
54.554605 3277430
54.568830 3248271
54.712849 3245678
54.713648 3239706
54.721559 3194383
54.722351 3175865
54.727486 3174739
54.728689 3162700
54.729485 3162231
54.739741 3158985
54.741745 3158199
54.743327 3148847
54.747288 3144920
54.749286 3134744
54.750078 3132003
54.751660 3129994
54.758023 3129796
54.759206 3123328
54.759994 3113576
54.761589 3102560
54.766344 3100385
59.607677 3088386
59.608473 3085466
60.419645 3073101
60.954886 3063728
60.959228 3061349
60.960828 3058435
60.961223 3017174
60.962016 3015986
60.965581 3013101
60.967163 3012899
60.967556 3011043
60.975092 3007253
60.975888 2995925
60.980238 2985123
60.981833 2982292
61.005427 2965053
61.008183 2950303
63.783681 2948194
63.784112 2946858
63.788463 2943910
63.790062 2942942
63.791250 2917129
63.792041 2912552
63.792436 2908555
63.824334 2899800
64.004046 2897693
65.986374 2841417
65.987570 2840012
65.987965 2800874
65.989948 2799215
65.990741 2796995
67.591386 2790011
67.595759 2788947
67.597367 2786725
67.605324 2766026
67.610868 2765204
69.363398 2760803
69.365785 2751976
69.367366 2747398
69.370530 2742463
69.775796 2737105
69.777416 2727820
69.779391 2720730
69.780999 2718637
71.311067 2706505
71.311469 2686350
71.311863 2680810
71.314636 2678336
71.439144 2678167
71.440754 2676669
71.442351 2665935
71.457720 2664026
71.462454 2655562
71.463644 2649855
71.465252 2648781
71.468828 2628513
71.471207 2625971
71.472811 2619669
71.473607 2615644
71.473999 2615586
71.477171 2606758
71.514149 2602246
71.521258 2593175
71.523222 2591749
71.526405 2589200
71.573309 2575064
71.585467 2573863
71.586262 2571921
73.003182 2566294
73.017421 2560264
73.026849 2556796
73.040247 2555796
73.063114 2548678
73.069051 2541732
73.073415 2531803
73.080548 2507597
73.084890 2494399
73.102225 2492174
73.103018 2487135
73.105013 2449116
73.382359 2445075
73.383941 2439702
73.384335 2438356
73.384751 2428804
73.386734 2427542
73.455327 2423150
73.455728 2422640
73.459680 2417087
73.480587 2412980
73.484940 2409963
73.486133 2404029
73.492888 2388182
73.496439 2380367
73.498042 2374370
73.500406 2366948
73.516127 2361754
73.516933 2337915
73.522873 2337161
73.524449 2331633
73.526055 2324551
73.529617 2319854
73.531582 2318360
73.535137 2307203
73.536320 2305907
73.537527 2296985
73.541101 2284429
73.541892 2283061
73.542284 2279219
73.545068 2274281
73.551393 2272588
73.552998 2272582
73.561312 2267485
79.884611 2262878
79.889375 2261432
79.891742 2259569
79.896465 2236618
82.873633 2233224
82.881194 2228009
82.891510 2227779
83.084324 2227434
83.086337 2227087
83.088312 2226430
83.117070 2224826
83.119044 2224113
83.122217 2219452
83.123795 2219346
83.172943 2197885
83.176528 2196272
83.176927 2184441
83.185636 2177747
83.242891 2172609
83.278989 2167995
83.290098 2162335
83.293662 2131067
83.303096 2108084
83.303890 2105405
83.318526 2104698
88.671638 2097737
88.815650 2091831
88.817654 2091656
88.831535 2088840
88.837497 2088666
88.838288 2084705
88.861121 2080999
89.366826 2076471
92.949617 2052712
93.005119 2051287
93.008690 2047914
93.304816 2045711
93.485156 2042621
93.487220 2036998
93.540482 2029280
93.552452 2022858
93.558222 2018136
93.578015 2004300
93.606473 2001621
93.610053 1989451
93.610850 1981541
93.617990 1979975
93.640991 1979198
93.641790 1976909
93.660836 1975121
93.665572 1973040
93.666759 1965768
93.668337 1960734
93.671107 1959448
93.672698 1957453
93.677814 1953279
93.679782 1949135
93.684927 1938422
93.688089 1934523
93.694042 1931822
93.697212 1913673
93.814032 1909876
93.823096 1881436
93.828645 1877877
93.985041 1875855
93.988191 1875834
93.994931 1875503
93.995725 1872861
93.998482 1866317
94.029900 1864213
94.032677 1857731
94.038202 1857618
94.039778 1857569
94.067024 1855028
97.041428 1852502
97.045019 1848261
97.049769 1846969
97.182519 1846801
97.208684 1845722
97.209488 1843818
97.215047 1840239
97.224173 1831449
97.229733 1827422
97.236048 1824147
97.313618 1818737
97.752934 1814625
97.758476 1804317
97.760055 1800954
97.765191 1793045
97.971738 1792115
97.977660 1787613
97.982009 1786956
98.061074 1783834
98.061473 1781037
98.071771 1780340
98.076556 1776106
98.079319 1771144
98.080110 1771020
98.089568 1770308
98.295075 1770030
101.886534 1764572
101.888928 1764381
101.895229 1752239
101.914939 1747981
101.917335 1732324
101.962295 1731224
101.971410 1715894
103.090829 1714447
103.094389 1712662
103.161696 1710548
103.186468 1707882
103.860669 1699509
103.866629 1699426
103.872991 1695204
103.883649 1693023
103.890398 1689899
103.898326 1688538
103.910962 1682056
103.914499 1679108
103.927526 1677720
103.928740 1677275
103.931099 1668767
103.935057 1664906
103.940600 1658468
103.941396 1657290
103.944160 1644079
103.948121 1633109
103.951693 1631983
103.969898 1631155
103.973860 1630562
103.975840 1630489
103.977434 1626998
105.207683 1624846
105.210881 1615098
105.218023 1611564
105.219213 1610129
105.220006 1608281
105.232701 1606837
107.634031 1603941
107.634835 1602954
108.011217 1602798
108.015343 1600809
108.062013 1593737
108.062423 1592484
108.064408 1569339
108.070395 1568876
108.073582 1564215
108.191590 1554903
108.215343 1542963
108.254004 1536895
108.254802 1530781
108.255990 1529475
108.512687 1521586
108.517076 1521000
108.530886 1519625
108.598621 1517691
108.657165 1508947
108.659928 1506667
108.672100 1506656
115.322609 1504359
115.329610 1504216
115.331257 1495388
115.331670 1493351
115.332080 1487368
115.340796 1483735
115.472724 1483569
115.473965 1483491
115.485498 1481168
115.492063 1478332
115.521386 1476465
115.533765 1475872
115.540379 1469915
115.620263 1468640
115.620686 1468278
115.623449 1467304
115.627407 1456516
115.633734 1453768
115.816020 1453438
115.821945 1453372
115.823129 1447480
119.189612 1446092
119.353093 1445047
119.423956 1443305
119.425169 1441058
119.444954 1439452
119.682929 1438188
119.818522 1437372
119.938072 1437309
119.939312 1432119
120.180779 1430485
120.191406 1424076
120.228910 1420969
120.229312 1417613
120.415810 1413562
120.418995 1410403
120.419794 1408648
120.663953 1408112
120.665169 1407984
120.669121 1406715
120.674663 1406165
120.675062 1406034
120.675456 1404845
120.682198 1397807
120.684967 1396597
120.685364 1394276
120.712890 1382670
120.723948 1378675
120.861081 1376612
120.868588 1374182
120.876056 1368757
120.876875 1365086
121.657485 1361971
121.685915 1354971
121.692253 1344858
121.694242 1342865
121.710014 1342060
122.536690 1338453
122.541844 1336787
123.882882 1335234
123.951532 1333460
123.966981 1329410
123.969364 1327014
123.973715 1325004
123.976894 1324466
124.496144 1321353
124.506828 1320694
124.507622 1314579
124.520227 1314561
124.567166 1310945
124.645710 1303122
124.669407 1296005
124.678459 1292849
124.692690 1291851
124.737206 1291254
124.759282 1289977
124.784277 1288953
124.830687 1287744
133.415001 1287033
133.424931 1285305
133.511113 1280454
133.538541 1279821
133.547299 1279446
133.563910 1279406
133.575398 1273837
133.593958 1271766
133.633504 1265558
133.662640 1265329
133.671739 1264835
133.796904 1263539
133.807629 1257713
133.897676 1257202
136.714189 1251910
136.715385 1251442
136.753270 1251129
136.855132 1250625
136.871387 1250157
136.933113 1248353
137.197069 1243422
137.201444 1242727
137.280573 1242147
137.283344 1240964
137.284553 1238183
137.286530 1237620
137.303553 1236920
137.345013 1236192
137.350576 1236024
138.144095 1235504
138.148067 1232113
138.178459 1231961
138.202468 1229285
138.204869 1228570
138.205268 1226351
138.209614 1224940
138.212765 1224838
138.215126 1224551
138.221079 1224086
138.265476 1221891
138.283614 1219837
138.307358 1215258
138.308151 1213843
138.325174 1212471
138.382060 1208384
138.446486 1207287
139.096792 1200242
139.101186 1198936
139.275975 1196350
139.290296 1196041
139.308845 1195345
139.386792 1192721
139.573029 1185917
139.582583 1185408
139.590107 1182992
139.590505 1182016
139.601184 1181064
139.605151 1180700
141.696788 1179772
141.703883 1177456
141.718105 1176007
142.130996 1175287
142.157821 1170120
142.159012 1168349
142.177183 1165993
142.181538 1157488
142.189077 1156098
142.190266 1154463
142.984345 1154216
144.741566 1152043
144.862052 1145860
144.943080 1141691
144.958496 1140596
144.988205 1134460
145.000919 1130877
145.015902 1129240
145.035682 1126701
145.349684 1126387
145.374658 1124703
145.375457 1124202
145.393249 1123059
145.411363 1119543
145.420901 1116872
145.426428 1116330
145.466409 1114224
145.473539 1109939
145.479081 1106788
145.526221 1103964
145.850426 1099552
145.853597 1097027
145.874435 1093832
145.878793 1093519
145.880775 1091595
145.903698 1088725
145.935417 1088332
145.959591 1086234
145.980992 1082003
145.987349 1079049
146.255452 1078247
146.278812 1075604
146.285585 1075379
146.297445 1074107
146.342050 1073163
146.407070 1072767
146.422576 1070982
146.626938 1067601
146.666402 1067221
146.681719 1066072
146.854715 1065122
146.874949 1063998
155.659123 1060817
156.393035 1060667
156.400133 1059961
156.436611 1058788
156.470746 1057882
156.481043 1056639
156.489684 1054547
156.514855 1053199
158.473843 1052055
158.479391 1050718
158.493186 1049496
158.635436 1044788
158.642961 1039793
158.691724 1030986
158.720478 1030592
158.752125 1028634
159.861824 1027024
159.884359 1025573
163.253169 1025308
164.740471 1022790
164.793320 1020472
165.315437 1016565
165.499515 1016128
165.533350 1011910
165.537707 1010707
165.589536 1010528
165.636602 1010183
165.676185 1009801
165.694032 1008967
165.763685 1006799
165.838982 1005030
165.866223 1002685
165.867417 1002025
165.878131 1000880
165.911635 997483
165.965314 996792
166.624877 992864
166.637907 992480
166.902738 990539
166.903930 990000
166.920092 989986
166.944306 988332
166.946699 987921
166.981122 986523
166.989042 985055
166.991411 985007
166.992206 980930
167.634566 977482
167.652288 977301
167.688161 976830
167.756979 975293
167.778785 973330
167.859915 972544
169.315227 970900
169.492945 969884
169.494933 969053
169.518646 965282
169.570605 965262
169.842497 962534
169.900393 962414
170.491356 962159
170.531251 961090
170.581201 960710
170.627420 950879
170.666755 950664
170.832910 949836
170.888603 946336
170.900399 945616
171.068442 942592
171.166268 940151
171.181311 939419
171.232173 939137
171.247663 934122
172.376298 933885
173.728678 933836
174.122782 933676
174.459465 932704
174.498476 931281
174.664740 930889
174.745810 926541
174.752124 925766
174.774345 924375
175.212341 924041
176.528520 923840
176.702823 923313
176.704419 923280
177.677871 923209
177.839850 922234
177.938946 921767
177.985290 921248
178.003558 920329
178.015468 918478
178.601812 918251
178.613624 916708
178.644376 911943
178.778889 910069
178.798677 909550
178.971674 909471
178.983139 909285
178.985138 907388
178.988284 907224
178.992239 906381
179.104787 905742
179.132809 905632
179.169356 905518
179.248928 904651
179.250127 901607
179.393774 900856
179.400091 900126
179.671707 899617
183.310078 898003
183.313662 896012
183.459840 895483
183.613408 895240
183.642585 888279
183.688709 887787
183.961455 883275
184.490327 880100
184.564652 877900
184.579261 875797
184.648015 874674
184.943979 872848
185.023159 871783
185.103394 866843
185.220951 866290
185.311988 865951
185.501958 865923
185.743565 862237
185.789416 861413
185.823018 861050
185.917290 860571
186.068654 859831
186.133503 857125
188.799221 855257
189.530103 854360
189.576475 853724
190.040905 852759
190.051630 852690
190.093224 849353
190.160040 849159
190.336696 848445
190.383374 847996
190.498777 847552
190.568185 847324
190.606372 846231
190.658104 844466
190.919369 844178
190.935180 843027
190.949840 841990
190.955403 841853
190.962553 841419
191.329944 838567
191.433055 837629
191.441759 837142
191.554591 837040
191.602360 836372
191.615416 835145
191.635156 834571
191.640322 833522
191.772226 832248
193.294997 832031
193.402688 828695
193.407453 827651
193.556827 827646
193.643333 827339
193.718164 827324
195.720762 824734
195.803274 823666
195.846041 823352
195.961480 823164
195.964252 822022
195.971358 820630
196.002570 818488
196.046372 817601
196.203853 817244
196.219269 816669
196.226385 814982
196.238213 814950
196.341313 814916
196.355498 812209
196.436494 812195
196.550023 812116
196.613562 809298
196.687616 808775
196.705441 808396
196.786343 807149
196.792695 806910
197.089886 806398
197.109087 805584
197.118129 805466
197.122487 805152
197.173927 803462
197.205220 803170
197.383810 802647
197.399707 802402
197.558755 801841
197.640126 801706
197.654930 800876
197.656584 799565
197.688178 798170
197.776039 796563
197.798258 795669
198.548271 794906
198.722558 793204
198.971651 792181
199.019123 791605
199.111099 790475
199.119807 788331
199.130893 787651
199.152743 787477
207.715866 787075
207.836931 786246
208.281901 785087
208.915492 784175
209.297531 783857
209.339537 783802
209.433717 781180
209.439300 779502
210.011071 777543
210.913962 777509
210.978490 776559
212.274491 775914
212.553768 774577
212.607874 774264
213.452256 774096
213.487820 773832
213.991353 773066
213.991755 772674
214.037495 772391
214.705716 771437
217.524674 770814
217.700783 770453
218.070398 769643
218.231408 769444
218.919363 769222
220.152547 769030
221.191503 767989
221.232527 767967
221.581182 767889
222.103793 766896
222.542359 766812
222.723478 766555
223.192158 766062
224.010442 765825
229.394979 765201
231.243343 762849
231.689362 760598
232.107949 759907
232.423865 759628
233.788099 759106
233.807937 755425
233.952580 754243
233.980282 752903
234.102265 750011
234.494692 749282
234.502242 748089
237.212791 747545
237.418492 747126
237.437305 746741
238.414603 746479
238.420959 745082
238.579824 743333
238.634609 740641
238.707063 739958
239.714670 739085
239.968537 738663
240.225469 738284
240.778815 738183
241.588079 735939
241.910419 734445
241.962203 734155
241.982739 733537
242.482199 732844
242.547712 731964
242.976588 731641
243.147213 731560
243.991754 730343
244.300360 727184
244.338676 727010
244.463645 726780
244.608191 725561
245.179297 725047
245.431630 724986
249.444789 724169
255.341118 723910
259.328768 723873
259.356461 723691
259.871003 722555
259.910471 722500
260.259891 721889
260.333869 721307
260.797724 721277
260.817030 720561
260.871886 719880
261.035702 719629
261.401845 718988
261.459763 718521
261.489071 717483
262.530416 716171
264.674886 715848
264.896469 705312
265.414050 704698
265.538362 704297
265.900066 704090
265.929400 703800
266.116245 703770
266.177586 703229
266.372839 702938
266.484425 702785
266.486431 701349
266.644231 701184
266.910782 700960
267.009995 700928
267.038114 700713
267.075599 700687
267.107191 699889
268.373633 699862
268.787611 699338
268.860128 697509
269.256219 697425
270.446512 697148
270.616550 697085
271.592854 696842
271.687331 696542
272.418376 696517
272.657087 696005
272.974560 695797
273.111272 695391
273.203047 694882
273.243524 693203
273.376369 692275
273.480102 690956
273.829808 690123
274.105194 688909
274.241482 688792
274.593803 687870
274.598159 687792
275.087187 686946
276.407770 686013
277.881197 685956
277.931635 685651
277.966488 685040
278.128948 684927
282.616778 684926
283.236494 684364
283.441637 684303
286.379489 684251
288.953416 683845
288.995202 683723
293.815190 683432
294.096143 683303
294.357134 682805
294.579996 682739
295.243601 682302
295.296130 681652
297.443439 681218
298.018187 680733
298.849549 680256
299.383276 680090
300.653777 679640
301.600680 679510
301.913319 679122
302.231241 678463
302.508441 678275
303.625789 677969
303.852269 677912
306.701669 677364
318.392026 677058
318.516393 676735
318.739150 676329
334.967057 676072
335.647181 676044
336.590824 675865
336.792101 675255
337.112085 674228
343.333324 674151
349.523156 673700
349.598027 673672
349.793679 673357
350.095935 673325
354.802846 672899
354.827304 672867
357.319424 672349
361.107839 672180
363.321989 672163
364.523197 671630
366.618953 671203
366.703915 669937
380.187984 669856
380.280488 669422
