0.001671 7232492
0.002552 7228081
0.040354 7228027
0.084936 7197523
0.106470 7196484
0.118533 7196409
0.133097 7196188
0.154652 7196099
0.167795 7192504
0.238537 7192371
0.270948 7188252
0.297541 7186948
0.315393 7186314
0.320868 7186085
0.332541 7111644
0.335104 7085113
0.369631 7082232
0.385322 7073994
0.401346 7049470
9.534805 7048951
9.536747 7047263
9.537487 7046092
9.538610 7045506
9.541171 7045478
9.551415 7044653
9.567119 7044539
9.617955 7013982
9.631436 7013103
9.635105 7012880
9.701590 7008694
9.788911 7007987
9.795118 7004713
9.853448 7003409
9.854194 7002544
10.029547 6996169
10.036480 6941864
10.070802 6936396
10.076655 6912784
10.762923 6897325
13.182335 6890612
15.670232 6888657
19.079414 6888138
19.081281 6886450
19.082016 6885279
19.083135 6884693
19.085676 6884665
19.095880 6883840
19.112283 6883727
19.149835 6883673
19.162295 6853169
19.175752 6852290
19.179401 6852067
19.227833 6852055
19.245728 6847881
19.332798 6847174
19.339012 6843900
19.380086 6843898
19.398005 6841731
19.572581 6835356
19.579506 6781051
19.603859 6766506
19.639621 6753430
20.313540 6736512
22.706457 6736290
28.623263 6735771
28.625087 6734083
28.625822 6732912
28.626935 6732326
28.629480 6732298
28.647343 6731922
28.674328 6731580
28.676882 6731428
28.682729 6731398
28.693652 6731306
28.706102 6700802
28.719582 6699923
28.732675 6699467
28.789525 6695514
28.876656 6694807
28.882875 6691533
28.897078 6690227
28.942045 6689364
29.116901 6682989
29.123831 6628684
29.148251 6614139
29.183994 6601063
30.820697 6594653
30.840735 6587018
38.148146 6586499
38.150006 6584811
38.150763 6583640
38.151856 6583054
38.154403 6583026
38.159848 6582643
38.172587 6582370
38.174793 6582303
38.201736 6582156
38.207586 6582126
38.218547 6582034
38.231021 6551530
38.244101 6550428
38.296528 6550416
38.314458 6546242
38.401465 6545535
38.408374 6543959
38.448709 6542259
38.466594 6540092
38.641084 6533717
38.650183 6492456
38.660008 6484551
38.691990 6483330
38.708054 6451791
39.375480 6434873
47.651363 6434354
47.653188 6432666
47.653921 6431495
47.655038 6430909
47.672841 6430820
47.675752 6430225
47.677936 6430158
47.704879 6430011
47.710727 6429981
47.721656 6429889
47.734081 6399385
47.751882 6399327
47.787562 6398346
47.799583 6398271
47.817474 6394097
47.916255 6388176
47.969856 6387947
48.144422 6381572
48.153148 6312722
48.211360 6299646
53.348272 6294743
57.164264 6294224
57.166088 6292536
57.166841 6291365
57.167940 6290779
57.185763 6290690
57.188696 6290095
57.190895 6290028
57.198917 6289904
57.247120 6259255
57.264987 6259197
57.280635 6259126
57.292714 6258574
57.315039 6258376
57.330798 6253967
57.429451 6248046
57.483068 6247817
57.657590 6241442
57.666352 6172592
57.701334 6158057
66.659132 6157538
66.660995 6157512
66.666106 6153165
66.742085 6122569
66.755201 6121455
66.770555 6121234
66.833072 6120124
66.841448 6119489
66.853846 6117343
66.917008 6115970
66.919948 6113681
66.935261 6111994
66.978373 6111131
67.556878 6105333
67.564183 6061092
67.581673 6059476
67.599198 6051660
68.338963 6050651
68.376500 6047925
70.331077 6047311
70.358390 6045162
70.774766 6033896
70.778051 6026209
76.191095 6025690
76.192929 6025664
76.198031 6021317
76.273960 5990721
76.287119 5989607
76.302487 5989386
76.364906 5988276
76.373302 5987641
76.385751 5985495
76.448931 5984122
76.451883 5981833
76.467258 5980146
76.510355 5979283
77.089205 5973485
77.096519 5929244
77.107495 5923765
77.131593 5919812
77.871175 5918803
77.908815 5916077
79.874971 5913314
80.375604 5911301
82.777218 5900959
85.709924 5900440
85.711769 5900414
85.716855 5896067
85.792795 5865471
85.805903 5864357
85.821271 5864136
85.883657 5863026
85.892038 5862391
85.904452 5860245
85.967598 5858872
85.970520 5856583
85.985805 5854896
86.028971 5854033
86.615258 5848235
86.622769 5803994
86.634010 5798515
86.657650 5795555
87.407164 5793553
89.413054 5786660
89.423316 5781984
90.406804 5781275
91.640776 5769710
95.264729 5769191
95.266589 5769165
95.271687 5764818
95.347608 5734222
95.360743 5733108
95.376126 5732887
95.438457 5731777
95.446847 5731142
95.459206 5728996
95.522310 5727623
95.525227 5725334
95.540528 5723647
95.583647 5722784
96.160964 5716986
96.168249 5672745
96.179175 5667266
96.195560 5663313
96.941242 5662304
96.971109 5659578
98.933345 5656815
98.947592 5650735
104.762664 5650216
104.764500 5650190
104.769599 5645843
104.845584 5615247
104.858731 5614133
104.929699 5614004
104.936630 5612802
104.977459 5611001
104.999392 5610095
105.020632 5608648
105.023557 5606359
105.058968 5604038
105.081930 5603809
105.660859 5598011
105.668187 5553770
105.674032 5552154
105.690447 5545331
111.743239 5535827
111.748472 5530283
114.296685 5529764
114.298544 5529738
114.303648 5525391
114.379783 5494795
114.392912 5493681
114.432832 5493460
114.470817 5492350
114.516019 5489569
114.554646 5488196
114.557559 5485907
114.597261 5484220
114.615960 5483357
115.193774 5477559
115.201055 5433318
115.206931 5431702
115.223362 5424879
121.859989 5418897
123.827436 5418378
123.829353 5418352
123.834514 5414005
123.910481 5383409
123.923569 5382295
123.994316 5382166
124.001229 5380964
124.049075 5379163
124.064042 5378257
124.085232 5376810
124.088175 5374521
124.130423 5372200
124.146487 5371971
124.724337 5366173
124.731624 5321932
124.737462 5320316
124.753879 5313493
133.368301 5312974
133.370135 5312948
133.371259 5311514
133.374920 5309223
133.376745 5308978
133.394968 5308654
133.451243 5278005
133.476708 5277876
133.519060 5277126
133.535101 5276762
133.559472 5275100
133.589768 5273759
133.604785 5272853
133.641274 5271804
133.646412 5269551
133.671201 5266796
133.687303 5266567
134.431377 5264932
134.444860 5259192
134.667737 5258751
135.335474 5247181
135.358788 5217130
135.578840 5216487
136.503778 5213095
140.069041 5211398
142.905093 5210879
142.906936 5210853
142.908033 5209419
142.911686 5207128
142.913505 5206883
142.931685 5206559
142.987874 5175910
143.013294 5175781
143.045819 5174575
143.096097 5173005
143.108831 5172812
143.112854 5170714
143.128863 5170684
143.177623 5169709
143.182752 5167456
143.192211 5165305
143.195151 5164739
143.967597 5162837
143.981048 5157097
143.993785 5156670
144.203427 5156656
144.533461 5153671
144.870472 5145086
144.893721 5115035
145.113587 5114392
146.020040 5111000
152.411865 5110481
152.413697 5110455
152.414819 5109021
152.418480 5106730
152.420308 5106485
152.438563 5106161
152.494824 5075512
152.512684 5074410
152.552971 5074177
152.603408 5072607
152.616164 5072414
152.620199 5070316
152.636301 5070286
152.677672 5067941
152.690496 5067058
152.700022 5064907
152.702975 5064341
153.483361 5060638
153.490673 5056699
153.503506 5056272
153.636474 5054135
154.044902 5053273
154.382896 5044688
154.406244 5014637
154.626723 5013994
156.543970 5012017
161.931065 5011498
161.932899 5011472
161.933995 5010038
161.937655 5007747
161.939499 5007502
161.972684 5007125
162.014012 4976529
162.031857 4975427
162.061832 4975415
162.072091 4975194
162.127230 4971377
162.155353 4971303
162.196539 4968958
162.204942 4967260
162.209691 4965091
163.016127 4958741
163.222159 4958307
163.299936 4957618
163.569661 4954880
163.910393 4945705
163.922727 4945012
163.924975 4919461
163.943688 4901885
171.471142 4901366
171.472975 4901340
171.474073 4899906
171.477733 4897615
171.500388 4897237
171.512812 4896993
171.554033 4866397
171.601726 4865283
171.611942 4865062
171.650642 4863299
171.654667 4861201
171.695093 4861171
171.734165 4855792
171.737098 4855226
172.535815 4847157
173.076693 4844158
174.119052 4834016
174.120940 4817781
174.132179 4806650
178.735498 4803357
180.983190 4802838
180.985014 4802812
180.986111 4801378
180.989759 4799087
181.012347 4798709
181.033519 4798518
181.066135 4767869
181.115275 4767740
181.124049 4766534
181.162712 4764771
181.166740 4762673
181.207210 4762643
181.246163 4757264
181.249099 4756698
182.051180 4748629
182.606179 4745630
183.660551 4735488
183.662405 4719253
183.688951 4713473
183.884364 4711646
185.826617 4708839
190.527761 4708320
190.529598 4708294
190.530710 4706860
190.534380 4704569
190.571130 4704084
190.611688 4673351
190.645938 4673293
190.655090 4672237
190.695780 4672108
190.708527 4670253
190.712552 4668155
190.791999 4662746
190.794940 4662180
190.810687 4662142
191.594422 4654111
192.135670 4651112
193.166213 4624276
193.182607 4613604
199.650862 4611906
200.035798 4611387
200.037625 4611361
200.038740 4609927
200.042391 4607636
200.079222 4607151
200.118683 4576418
200.152983 4576360
200.162138 4575304
200.202846 4575175
200.215583 4573320
200.219612 4571222
200.299138 4565813
200.302056 4565247
200.317787 4565209
201.101675 4557178
201.642856 4554179
202.676765 4527343
202.693143 4516671
209.560051 4516152
209.561885 4516126
209.563000 4514692
209.566649 4512401
209.572834 4511832
209.643914 4481183
209.655861 4481054
209.664819 4479848
209.740821 4478278
209.750183 4475957
209.824832 4474982
209.830053 4472729
209.833813 4470608
209.851003 4469745
210.632195 4462370
210.931146 4462272
211.412497 4462134
212.694072 4460194
212.696657 4439897
213.143894 4426361
219.091554 4425842
219.093380 4425816
219.094493 4424382
219.098132 4422091
219.104316 4421522
219.174321 4390873
219.185965 4390744
219.191455 4389980
219.258085 4389630
219.268621 4387968
219.312608 4387775
219.316639 4385677
219.350120 4384672
219.355587 4382842
219.395999 4380268
219.398944 4379702
219.414670 4379664
220.153184 4372060
220.197392 4371633
220.738182 4368634
222.231624 4353733
224.169756 4339154
226.434778 4336736
228.599295 4336217
228.601125 4336191
228.602220 4334757
228.605879 4332466
228.612074 4331897
228.682196 4301248
228.693827 4301119
228.699316 4300355
228.766206 4300005
228.776765 4298343
228.820964 4298150
228.824996 4296052
228.858645 4295047
228.864128 4293217
228.904590 4290643
228.907534 4290077
228.923231 4290039
229.661675 4282435
229.705837 4282008
230.246369 4279009
231.724816 4264108
233.727458 4255091
235.907569 4251071
238.103893 4250552
238.105716 4250526
238.106839 4249092
238.110491 4246801
238.116675 4246232
238.186728 4215583
238.198415 4215454
238.203898 4214690
238.270678 4214340
238.281239 4212678
238.320199 4210431
238.362992 4209382
238.368452 4207552
238.398006 4206314
238.402766 4204145
239.167877 4196770
239.466674 4196672
239.962319 4196534
241.234541 4178443
241.249120 4174297
243.191932 4163864
247.622004 4163345
247.623891 4163319
247.624995 4161885
247.628648 4159594
247.634841 4159025
247.704923 4128376
247.716583 4128247
247.722060 4127483
247.753767 4127274
247.788790 4127133
247.799365 4125471
247.816453 4125278
247.820465 4123180
247.880928 4122175
247.886413 4120345
247.899855 4117771
247.902792 4117205
247.945500 4117167
248.690641 4109563
248.707760 4109136
249.248382 4106137
250.823895 4105849
250.826087 4091535
254.598359 4087123
254.771007 4078698
257.139480 4078179
257.141316 4078153
257.142434 4076719
257.146065 4074428
257.152281 4073859
257.222355 4043210
257.233995 4043081
257.239497 4042317
257.306258 4041967
257.316833 4040305
257.333950 4040112
257.337972 4038014
257.398563 4037009
257.404029 4035179
257.417521 4032605
257.420457 4032039
257.463252 4032001
258.203316 4024397
258.220437 4023970
258.761788 4020971
260.283993 4006070
266.688287 4005551
266.690166 4005525
266.691297 4004091
266.695046 4001800
266.701243 4001231
266.771193 3970582
266.782837 3970453
266.795596 3969703
266.855004 3969339
266.865536 3967677
266.881158 3965430
266.947151 3964381
266.958775 3961313
266.963522 3959144
267.770657 3952794
268.064352 3951671
268.545606 3951533
270.200913 3939635
271.900616 3933741
276.227781 3933222
276.229666 3933196
276.230815 3931762
276.234554 3929471
276.240897 3928902
276.312873 3898253
276.324856 3898124
276.337970 3897374
276.342495 3897360
276.399127 3897010
276.409955 3895348
276.439507 3895155
276.443645 3893057
276.493852 3892052
276.505826 3888984
276.525330 3887648
276.528353 3887082
276.560212 3887044
277.320809 3879440
277.337989 3879013
279.733153 3867306
283.418673 3866659
285.030481 3863965
285.770364 3863446
285.772194 3863420
285.773292 3861986
285.776953 3859695
285.783167 3859126
285.853348 3828477
285.864989 3828348
285.877719 3827598
285.882102 3827584
285.937132 3827234
285.947699 3825572
285.976918 3825379
285.981045 3823281
286.031416 3822276
286.043407 3819208
286.062838 3817872
286.065832 3817306
286.097626 3817268
286.849881 3809664
286.867079 3809237
290.601289 3806687
291.131283 3801472
293.005166 3796883
295.345303 3796364
295.347153 3796338
295.348251 3794904
295.351896 3792613
295.358078 3792044
295.428226 3761395
295.439872 3761266
295.452651 3760516
295.457035 3760502
295.512233 3760152
295.522791 3758490
295.554086 3757080
295.604519 3755194
295.616197 3752126
295.638130 3750224
295.669223 3750186
296.420034 3742582
296.707170 3742484
297.181126 3742346
300.120162 3739605
301.180874 3734877
303.702621 3730550
304.869712 3730031
304.871607 3730005
304.872703 3728571
304.876357 3726280
304.882550 3725711
304.952806 3695062
304.964463 3694933
304.977253 3694183
304.981632 3694169
305.036873 3693819
305.047427 3692157
305.078741 3690747
305.129109 3688861
305.140760 3685793
305.162622 3683891
305.193650 3683853
305.944094 3676249
306.232177 3676151
306.705087 3676013
308.384157 3666076
314.392120 3665557
314.393952 3665531
314.395079 3664097
314.398743 3661806
314.404944 3661237
314.475045 3630588
314.486712 3630459
314.505314 3629486
314.559100 3629345
314.569693 3627683
314.591237 3625436
314.651642 3624387
314.670257 3623017
314.675412 3619983
314.716367 3619379
315.461045 3617943
315.464721 3615714
315.477504 3611348
318.841161 3607793
318.916967 3594491
323.925220 3593972
323.927069 3593946
323.928166 3592512
323.931807 3590221
323.937990 3589652
324.008093 3559003
324.019744 3558874
324.041209 3558124
324.045596 3558110
324.091984 3557760
324.102541 3556098
324.142646 3554688
324.184226 3552802
324.204610 3549734
324.226488 3547832
324.248801 3547794
324.992645 3546358
325.007568 3540190
325.285704 3540092
325.766996 3539954
328.336838 3539701
328.339772 3537378
329.995365 3537213
330.888487 3532485
333.478398 3531966
333.480232 3531940
333.481331 3530506
333.484998 3528215
333.491235 3527646
333.561517 3496997
333.573160 3496868
333.594730 3496118
333.599137 3496104
333.645642 3495754
333.656209 3494092
333.696368 3492682
333.738043 3490796
333.758547 3487728
333.780486 3485826
333.802913 3485788
334.547938 3484352
334.562927 3478184
334.841519 3478086
335.322852 3477948
337.911531 3477695
337.914466 3475372
339.570018 3475207
343.010014 3474688
343.011868 3474662
343.012968 3473228
343.016641 3470937
343.022855 3470368
343.093063 3439719
343.104737 3439590
343.130656 3438826
343.177111 3438476
343.187719 3436814
343.227745 3435404
343.269461 3433518
343.295359 3431688
343.311833 3428548
343.334120 3428510
344.080085 3427074
344.095014 3420906
344.373805 3420808
347.451920 3419498
352.546141 3418979
352.547996 3418953
352.549094 3417519
352.552734 3415228
352.558946 3414659
352.629144 3384010
352.640820 3383881
352.652517 3383131
352.666720 3383117
352.713102 3382767
352.723643 3381105
352.763845 3379695
352.805578 3377809
352.815786 3377411
352.831422 3375979
352.847842 3372839
352.870102 3372801
353.659697 3370937
353.901722 3369522
353.912655 3365099
362.070445 3364580
362.072281 3364554
362.073383 3363120
362.077411 3361809
362.079990 3360812
362.109233 3360389
362.145024 3360344
362.153476 3329611
362.162974 3328276
362.246062 3324385
362.323956 3321157
362.327621 3319036
362.352426 3319006
363.141675 3314737
363.154480 3310371
371.633355 3309852
371.635249 3309826
371.636356 3308392
371.637821 3307979
371.644756 3306611
371.661551 3306417
371.672160 3305661
371.708056 3305616
371.716515 3274883
371.746491 3274825
371.791115 3273769
371.800624 3273640
371.805000 3270568
371.888906 3263712
371.911137 3263674
373.058077 3254891
381.175801 3254372
381.177627 3254346
381.178745 3252912
381.180202 3252499
381.190028 3251513
381.191161 3250988
381.194455 3250056
381.258638 3219403
381.277172 3218510
381.295392 3218068
381.378565 3214177
381.441680 3211372
381.456276 3210949
381.459945 3208828
381.484767 3208798
383.058453 3201103
390.681097 3200584
390.682943 3200558
390.684042 3199124
390.685505 3198711
390.688810 3196737
390.725270 3196393
390.755687 3196348
390.764139 3165615
390.773963 3164736
390.838517 3164501
390.848090 3164372
390.857934 3161300
390.937371 3159016
390.942117 3154444
390.964456 3154406
392.727624 3148274
400.186595 3147755
400.188425 3147729
400.189527 3146295
400.191017 3145882
400.194302 3143908
400.230783 3143564
400.261178 3143519
400.269636 3112786
400.305004 3112728
400.344139 3111672
400.353677 3111543
400.388337 3108540
400.444647 3102181
400.469809 3101577
402.642036 3101185
402.906919 3097615
403.808270 3096220
409.723966 3095701
409.725802 3095675
409.726912 3094241
409.728376 3093828
409.731674 3091854
409.768189 3091510
409.798513 3091465
409.806953 3060732
409.881480 3059618
409.891040 3059489
409.906712 3055506
409.981943 3050127
411.564676 3042993
419.251911 3042474
419.253745 3042448
419.254859 3041014
419.256326 3040601
419.266935 3039871
419.268404 3039039
419.296044 3038283
419.326474 3038238
419.334897 3007505
419.353113 3007447
419.358593 3006626
419.409405 3006391
419.418950 3006262
419.442642 3003190
419.517821 2996296
422.252137 2995419
425.158317 2991778
428.780366 2991259
428.782201 2991233
428.783319 2989799
428.784791 2989386
428.795347 2988656
428.796815 2987824
428.811761 2986943
428.863254 2956290
428.881469 2956232
428.886959 2955411
428.894634 2955397
428.937647 2955176
428.947166 2955047
428.970911 2951975
429.046022 2945081
432.704693 2944602
432.726940 2944213
434.823940 2940993
435.808710 2940983
438.346197 2940464
438.348031 2940438
438.349130 2939004
438.350616 2938591
438.361184 2937861
438.362668 2937029
438.377606 2936148
438.392544 2936144
438.429027 2905495
438.447207 2905437
438.452684 2904616
438.460337 2904602
438.512854 2904252
438.536498 2901180
438.611558 2894286
441.382833 2893409
447.848963 2892890
447.850816 2892864
447.851917 2891430
447.853381 2891017
447.864657 2890119
447.867597 2889649
447.885108 2889189
447.889140 2888761
447.892085 2888654
447.931936 2857921
447.974976 2856807
448.015900 2856678
448.071667 2855902
448.084851 2852695
448.111166 2849467
448.139602 2849033
448.160080 2847316
452.100212 2846242
455.766321 2844374
456.235752 2843383
457.362860 2842864
457.364690 2842838
457.365787 2841404
457.367264 2840991
457.378543 2840093
457.381463 2839623
457.399006 2839163
457.403042 2838735
457.405965 2838628
457.436313 2838548
457.445827 2807895
457.488811 2806781
457.529751 2806652
457.595279 2803580
457.624833 2799441
457.653280 2799007
457.670511 2796686
460.679790 2795818
464.824600 2792598
466.903915 2792079
466.905744 2792053
466.906862 2790619
466.908327 2790206
466.919685 2789308
466.922627 2788838
466.940187 2788378
466.944234 2787950
466.982653 2787888
466.987077 2757110
467.060134 2756981
467.071112 2755867
467.125877 2751884
467.166586 2748656
467.201251 2746505
471.720287 2743905
476.436361 2743386
476.438201 2743360
476.439317 2741926
476.440785 2741513
476.452109 2740615
476.455066 2740145
476.470418 2739951
476.486175 2739066
476.519506 2708417
476.555291 2708359
476.560813 2707538
476.603609 2707174
476.644886 2704102
476.699007 2699963
476.720172 2697208
479.709562 2696340
485.974554 2695821
485.976448 2695795
485.977559 2694361
485.979050 2693948
485.990754 2693104
485.992947 2692369
486.000979 2692070
486.024313 2691501
486.057579 2660852
486.098694 2659973
486.141391 2659609
486.182470 2656537
486.262948 2654307
491.141372 2653308
491.155560 2652544
491.164668 2650387
495.487587 2649868
495.489417 2649842
495.490532 2648408
495.492004 2647995
495.503708 2647151
495.505902 2646416
495.514694 2645739
495.566196 2645677
495.570630 2614899
495.643653 2614770
495.654661 2613656
495.771418 2604294
505.042965 2603504
505.043712 2603438
505.044814 2603219
505.045915 2600675
505.049568 2599455
505.125752 2598228
505.126130 2586988
505.132335 2570212
505.160007 2568125
505.544915 2562189
511.403349 2559948
514.583491 2559158
514.584243 2559092
514.585344 2558873
514.586455 2556329
514.590104 2555109
514.666451 2553882
514.666831 2542642
514.673015 2525866
514.736180 2523581
514.821496 2523217
515.086375 2517843
517.250148 2517369
524.101327 2516579
524.102077 2516513
524.103195 2516294
524.104299 2513750
524.107962 2512530
524.184240 2511303
524.184621 2500063
524.190874 2483287
524.218999 2481752
524.254088 2481002
524.339538 2480638
524.629394 2479560
525.239089 2478560
525.304512 2475941
530.279928 2472886
533.649230 2472096
533.649995 2472030
533.651150 2471811
533.652282 2469267
533.656038 2468047
533.732811 2466820
533.733193 2455580
533.739410 2438804
533.882942 2437180
533.888480 2436155
534.787825 2434077
534.812651 2433108
534.843273 2432669
534.853199 2431458
541.846462 2431114
543.186676 2430324
543.187423 2430258
543.188526 2430039
543.189623 2427495
543.193278 2426275
543.269627 2425048
543.270006 2413808
543.276243 2397032
543.325465 2395497
543.735867 2393305
544.323696 2392305
544.348606 2391336
544.389187 2389686
552.722890 2388896
552.723638 2388830
552.724746 2388611
552.725850 2386067
552.728790 2385732
552.782055 2385466
552.785383 2385416
552.790914 2385038
552.801193 2384976
552.805969 2383620
552.806360 2372380
552.825319 2369935
552.839596 2368011
552.844725 2363580
552.848768 2362187
552.865628 2360397
552.909511 2353980
555.071442 2350464
555.215318 2349111
562.330063 2348321
562.330831 2348255
562.331933 2348036
562.333032 2345492
562.335959 2345157
562.389321 2344891
562.392638 2344841
562.398134 2344463
562.408407 2344401
562.413188 2343045
562.413565 2331805
562.432522 2329360
562.446751 2327436
562.451877 2323005
562.455908 2321612
562.472732 2319822
562.516578 2313405
566.086941 2310849
570.539995 2310446
571.887139 2309656
571.887884 2309590
571.888985 2309371
571.890086 2306827
571.893019 2306492
571.955083 2305798
571.965329 2305736
571.970100 2304380
571.970497 2293140
571.989433 2290695
572.003664 2288771
572.008784 2284340
572.012808 2282947
572.025234 2279717
572.073410 2274740
576.321568 2273401
578.672684 2273336
580.875884 2272019
581.414642 2271229
581.415389 2271163
581.416486 2270944
581.417591 2268400
581.420528 2268065
581.482627 2267371
581.492920 2267309
581.497709 2265953
581.498086 2254713
581.517055 2252268
581.531334 2250344
581.536471 2245913
581.540512 2244520
581.552976 2241290
581.601135 2236313
585.880227 2234974
588.222809 2234909
590.963893 2234119
590.964640 2234053
590.965740 2233834
590.966856 2231290
590.969770 2230955
591.004833 2230070
591.046819 2228843
591.047197 2217603
591.066140 2215158
591.080405 2213234
591.087704 2200827
591.150188 2199203
594.702480 2195592
597.358857 2190934
