0.000935 7181409
0.002530 7152280
0.003352 7134847
0.003744 7119055
0.004134 7114461
0.004911 7108604
0.009901 7104497
0.012596 7083492
0.013374 7070647
0.013766 7024446
0.014157 7023854
0.015323 6989140
0.016861 6965711
0.031377 6934737
0.031765 6922183
0.033682 6888508
0.034455 6865886
0.034852 6862518
0.035241 6856400
0.035630 6851475
0.037167 6846599
0.037561 6845558
0.039102 6842488
0.041023 6827537
0.041411 6819347
0.041802 6817795
0.044869 6781908
0.045637 6713120
0.046022 6700745
0.046796 6687363
0.047182 6680638
0.048712 6665804
0.049097 6579235
0.049480 6573109
0.049863 6564560
0.050250 6550042
0.051027 6535014
0.051795 6500132
0.052563 6499245
0.052950 6482962
0.053335 6476477
0.056389 6471840
0.061741 6436904
0.062127 6415120
0.062512 6413236
0.063286 6402691
0.063673 6400885
0.064820 6361823
0.076620 6352978
0.077009 6352943
0.077394 6339335
0.078163 6324357
0.080455 6283267
0.084657 6282997
0.085045 6281314
0.085813 6244549
0.086579 6240058
0.152795 6233986
0.153185 6227252
0.153571 6202799
0.153957 6166017
0.155501 6153468
0.159318 6054347
0.160086 6051662
0.162371 6027782
0.163909 5965217
0.164678 5960596
0.165062 5956254
0.166599 5952731
0.170412 5940039
0.171571 5910769
0.172338 5907030
0.173106 5903610
0.175015 5891934
0.178062 5891612
0.178450 5878176
0.179994 5872473
0.181520 5865166
0.191441 5817489
0.191830 5807191
0.192596 5801999
0.194127 5799731
0.194512 5792663
0.195286 5790677
0.197570 5771193
0.198729 5766158
0.201774 5765305
0.202938 5743749
0.205599 5741327
0.205986 5728217
0.207930 5714131
0.210998 5709463
0.211767 5708552
0.213292 5698063
0.215212 5676764
0.277303 5661026
0.345898 5629639
0.346288 5628736
0.347071 5614962
0.347458 5611313
0.347842 5606587
0.351278 5606030
0.354328 5595392
0.356250 5594101
0.356637 5567534
0.359318 5565578
0.361224 5484391
0.405076 5473764
0.405846 5462517
0.407009 5450175
0.407775 5430596
0.408160 5429644
0.408929 5402293
0.447811 5371837
0.448581 5336161
0.449350 5329516
0.635219 5315885
0.636373 5314510
0.642481 5305204
0.647081 5299864
0.648990 5282213
0.649759 5254542
0.650912 5252857
0.652440 5248966
0.685614 5248759
0.686005 5241999
0.686392 5240777
0.687549 5235710
0.688317 5226467
0.689464 5221600
0.691762 5185573
0.692149 5182351
1.445851 5176960
1.446251 5158559
1.446649 5133942
1.447038 5131487
1.447808 5130007
1.448961 5120435
1.455069 5098449
1.455837 5096806
1.456222 5082454
1.456990 5044321
1.457377 5041491
1.458143 4916971
2.046331 4906079
2.047136 4901263
2.048288 4899705
2.052485 4877074
2.053634 4875643
2.056307 4866526
2.058218 4814221
2.074636 4794602
2.078068 4777094
2.078458 4767382
2.086474 4747650
20.163360 4740371
20.168850 4725973
20.169638 4723665
20.178995 4720952
20.179389 4715344
20.180560 4703906
20.281554 4683456
20.282343 4679032
20.282743 4678099
20.283132 4657871
20.286247 4654479
20.295171 4650250
20.309133 4640116
20.309523 4636467
20.324240 4633644
21.658958 4629747
21.659357 4627369
21.686098 4616955
21.687291 4614657
21.688466 4604292
21.696646 4592315
21.699770 4588621
21.700161 4569512
21.707148 4566353
21.707935 4564870
21.710280 4527993
21.717297 4516222
21.717689 4499016
21.718470 4479079
22.067150 4451671
22.069523 4438541
27.044340 4424928
27.047473 4340794
27.050203 4288219
27.050606 4252388
27.051393 4241436
27.051781 4226005
27.052168 4224559
27.318870 4223529
31.385219 4221119
31.386827 4205676
31.388783 4203919
31.391532 4203690
31.392315 4195201
31.392705 4190229
31.393873 4186015
31.394262 4170620
31.688885 4165614
31.689280 4157170
31.689667 4155423
31.690053 4121738
31.694751 4106244
31.695145 4098820
31.709490 4098776
31.711449 4076544
31.711841 4070713
35.858488 4047115
35.871714 4045065
37.257879 3989564
37.260600 3983812
37.260993 3971685
37.261383 3966179
37.265682 3952213
37.266466 3946542
38.796038 3940234
38.796435 3898438
38.804202 3893888
38.806153 3877740
38.808894 3852867
38.814741 3798974
38.815133 3781986
38.815518 3780892
38.815903 3755434
38.863933 3730268
38.864720 3719559
38.865112 3717424
38.870945 3711466
38.871336 3696610
44.804553 3687766
44.806599 3656685
44.814291 3653120
44.815934 3646570
44.817149 3642442
44.817552 3641588
44.818775 3636021
44.819586 3624164
44.921482 3619271
44.926158 3618772
44.933963 3614744
44.934762 3610941
44.935942 3594958
44.939461 3588092
44.939852 3586038
44.940238 3582412
44.941405 3579993
44.946464 3524370
44.948051 3505720
44.948439 3499409
44.949218 3469555
44.949998 3458086
44.950385 3443347
44.951179 3442110
44.953906 3437817
49.561042 3433483
49.563052 3425468
49.683873 3420504
49.687005 3420320
49.693245 3417297
49.701018 3414937
49.701804 3406092
49.703376 3397026
49.704168 3395868
49.706506 3395129
49.706908 3386028
49.707693 3373874
49.708083 3371969
49.708471 3371410
49.708858 3353249
49.709245 3352382
54.160799 3332561
54.162374 3275232
54.167449 3222374
54.167843 3207396
54.168623 3202896
54.169793 3192198
54.201323 3163062
54.213739 3159741
54.215321 3144762
54.216103 3099654
57.393691 3086097
57.394487 3082576
57.395676 3081614
57.400711 3059430
57.406548 3041930
57.406952 3037328
57.408888 3036406
57.409278 3014743
57.409663 3009885
58.584895 2997251
58.586866 2997219
58.590767 2982241
58.594281 2966376
58.595083 2955115
58.646371 2948052
58.647561 2946955
58.650288 2945986
58.652634 2945373
58.666250 2936815
58.668222 2928174
58.683012 2923154
58.686917 2920900
58.687309 2905478
58.696243 2901680
58.697415 2899856
58.715727 2899697
58.716904 2894175
58.717296 2887875
58.718075 2881389
59.715258 2875791
59.716050 2850986
59.719179 2850195
59.722294 2848889
59.723088 2841936
59.728168 2841024
59.729344 2838537
59.731693 2833954
66.635576 2832468
66.637611 2795719
66.638021 2793562
66.638844 2792280
66.642080 2783296
66.644924 2750018
66.646137 2741954
66.647361 2741382
66.653026 2736966
66.654655 2722488
66.656274 2721862
66.663114 2693441
66.663931 2687949
67.166798 2685149
67.170448 2674435
67.172888 2673139
67.173699 2671980
67.175755 2659763
67.188659 2656296
67.192707 2645497
67.193518 2639316
67.197963 2633267
70.681271 2624940
70.681671 2605405
70.700380 2605061
70.700774 2604804
70.707806 2600242
70.708982 2584082
70.709766 2580754
70.710548 2574874
70.724958 2574571
70.740134 2574305
70.821814 2571921
70.823007 2555726
70.823398 2552591
70.827305 2518653
70.830421 2514646
70.842886 2510291
70.930304 2497363
70.938096 2488199
70.962230 2484829
70.963028 2445008
70.968489 2442545
70.973181 2435637
71.017480 2426192
71.017875 2425920
71.020246 2407652
71.022985 2403551
71.028443 2393729
71.028833 2391542
71.033910 2391373
71.034302 2377924
77.402143 2371031
77.598881 2370232
77.600063 2366846
77.600847 2358912
80.404393 2358211
80.405217 2356283
80.409518 2353973
80.412648 2353358
80.413040 2351441
80.415780 2349781
80.451190 2324452
80.458610 2317043
80.459003 2316300
80.459390 2313228
80.482352 2310126
80.483154 2304292
82.935897 2302009
82.941388 2292774
82.942563 2291172
82.944911 2279960
82.946469 2273167
82.947659 2258326
82.953909 2242359
82.956652 2228587
82.958226 2219114
82.958630 2215910
82.966422 2215429
82.966819 2213916
82.980046 2208505
82.986678 2206455
82.988634 2201573
82.989025 2187264
82.996447 2186663
85.555536 2186406
85.557502 2184095
85.571915 2183914
85.577766 2179259
85.587531 2177478
85.588704 2176392
85.589484 2174381
85.590265 2173022
85.591443 2162083
85.593781 2159891
85.596522 2159792
86.250729 2158398
87.684057 2157628
88.865068 2148984
88.905219 2147941
88.905614 2138774
88.906397 2138587
88.946695 2123328
88.966108 2123315
88.973783 2119508
88.979853 2116196
88.989136 2112365
89.069831 2111936
89.071070 2105247
89.074293 2103961
89.077131 2095620
89.086843 2094196
89.087253 2093841
89.088065 2089552
89.095348 2088005
89.185317 2084355
89.187770 2082227
89.191417 2081345
89.192232 2079337
89.277665 2077317
89.280030 2075583
89.284710 2074739
90.499476 2063079
90.700237 2054334
90.769988 2045738
90.775073 2037779
90.778987 2031343
90.779772 2030700
90.780161 2026060
90.780941 2018764
90.784069 2018327
90.784460 2016934
90.799302 2007689
90.803606 2007523
90.803999 2005174
90.820367 2001304
90.833238 1999741
90.834023 1995760
90.843023 1995206
90.848102 1988210
90.850836 1982408
91.919201 1980950
91.951166 1968216
91.957414 1955869
91.959769 1955484
91.964451 1940692
91.976167 1937494
92.046168 1935110
92.071540 1934240
92.077407 1929410
92.081329 1924584
92.087183 1923352
92.089141 1923274
92.090314 1913043
92.101619 1909433
92.112179 1907969
92.112967 1906248
94.077833 1903498
94.090728 1898166
95.002316 1896583
95.009370 1894741
95.016406 1886999
95.024610 1884555
95.034340 1868661
95.037090 1868465
95.040230 1868272
95.049593 1865726
95.050786 1865083
97.608145 1863871
97.608938 1863403
97.638901 1839990
97.885500 1839834
97.914325 1837118
97.929558 1833319
97.932306 1825517
97.933484 1823188
97.934667 1822705
97.939750 1819485
97.966260 1814202
98.016948 1813322
98.019692 1806670
98.038781 1804924
100.860364 1800168
100.860763 1790367
100.865068 1789378
100.865858 1785542
102.781335 1784980
102.789843 1783793
102.808928 1779129
102.856322 1773293
102.860381 1768443
102.864463 1759935
102.866087 1759169
102.882252 1759040
102.904534 1754617
102.942497 1752987
103.325116 1751081
103.467041 1747335
103.471924 1738043
103.477623 1729706
103.507571 1726956
103.517294 1724965
103.954481 1713967
105.879342 1690899
105.887549 1671862
106.051368 1666060
106.065409 1665308
106.101684 1661365
107.382678 1659019
107.385036 1658226
107.406915 1656966
107.418624 1656109
107.420586 1655095
107.423712 1647984
107.432703 1645644
107.440523 1645495
107.448735 1644007
107.465525 1643209
107.486205 1638967
107.522105 1624388
107.529543 1621182
107.536997 1620654
107.551050 1619784
107.551837 1617661
107.553014 1610239
107.584187 1608801
107.593172 1594494
107.611496 1591668
107.640326 1588357
107.641898 1581102
107.656334 1580463
107.739064 1580406
108.031586 1579586
108.039394 1575946
108.191735 1571601
108.193304 1571262
108.294548 1565479
108.307430 1563259
108.344388 1561982
108.365426 1551673
108.378686 1546015
108.381816 1544993
108.389237 1544581
109.672340 1543088
109.683688 1538386
109.695777 1537770
109.842593 1537496
109.978511 1535933
109.980094 1533427
110.004307 1531210
110.010951 1528307
110.023813 1527872
112.762188 1526095
112.763780 1522436
112.766511 1518525
112.767306 1518175
112.769257 1509738
112.775518 1507055
112.788387 1504081
112.788782 1502475
112.796970 1499947
112.820745 1498889
112.826208 1493702
112.830494 1493511
114.972332 1493177
114.990672 1491971
115.022244 1487781
115.074130 1481660
115.077269 1478713
115.244609 1478406
115.472782 1474842
115.484870 1469545
115.487607 1459095
116.347157 1457203
116.361996 1456869
116.367088 1456081
116.367875 1455319
116.375297 1440642
116.408395 1435706
116.411923 1429845
116.412711 1429573
116.416241 1428518
116.422494 1420510
116.464259 1405835
116.467399 1403647
116.515616 1403377
116.575978 1398748
116.577154 1398279
116.616876 1398014
116.675664 1397020
116.681150 1392151
116.696736 1392094
116.701042 1387238
116.709230 1386700
116.711978 1382205
116.713931 1382065
116.734214 1377561
116.738919 1367203
121.837813 1365880
121.952737 1363695
121.953528 1354332
122.004640 1353697
122.010118 1353590
122.015220 1353300
122.039417 1350403
122.064025 1346927
126.204584 1345919
126.204998 1335839
126.320811 1333708
126.325667 1333610
126.559867 1333496
126.593767 1331011
127.764413 1329268
127.765595 1327700
127.768729 1324791
127.796044 1324590
127.820220 1322779
127.833495 1321231
127.983185 1318518
128.011288 1315246
128.114098 1310200
128.319553 1298989
129.551405 1298179
129.562326 1295073
129.587251 1293654
129.591958 1292545
129.611461 1291860
129.620819 1291151
130.226483 1282365
130.259299 1280344
133.942368 1278386
133.962265 1263663
133.973196 1257958
134.353556 1257474
134.364522 1252448
134.374266 1251925
134.448769 1248348
134.484259 1238579
134.486619 1234710
134.491311 1232974
134.513533 1229209
134.700863 1226751
134.721867 1224870
134.726330 1223372
134.759548 1218749
134.763591 1217410
134.893221 1216546
134.894856 1216132
135.052659 1215420
135.053877 1214830
135.077290 1214249
135.095087 1213314
141.430242 1212541
141.434994 1210614
141.565154 1207483
141.692547 1201059
141.700371 1200870
141.735505 1200780
141.739412 1199850
141.800962 1192123
141.825830 1189437
141.914242 1188957
141.946924 1188067
141.972430 1186468
141.993507 1185544
142.031335 1182859
142.034069 1181834
142.049673 1181015
142.051642 1176592
142.076956 1176499
142.078131 1174777
142.570542 1169177
142.581475 1168868
147.147265 1165932
147.238903 1164779
147.239302 1163599
147.247123 1162657
147.509688 1161379
147.512829 1161359
147.531943 1160480
147.544018 1159905
147.644892 1159434
147.653474 1155229
147.712749 1154426
147.812911 1153764
147.815278 1153287
147.900323 1153181
147.901893 1153164
147.922955 1151401
147.931156 1150699
147.958046 1150535
147.971318 1146192
148.010284 1144461
148.012646 1142005
149.667004 1141310
149.673256 1134775
149.766010 1130731
150.495966 1130433
150.515454 1130121
150.518976 1127463
150.526007 1126424
150.527192 1126105
150.685093 1125866
150.691348 1125863
150.712808 1121972
150.740498 1119422
150.778285 1119004
150.789211 1117712
150.874610 1117228
150.903079 1113461
150.926877 1107600
150.933896 1104228
150.949924 1102661
150.953070 1102011
151.106120 1100912
151.206117 1092335
151.364185 1092124
151.374723 1091608
151.849282 1087050
151.904992 1084902
151.922175 1083814
151.946741 1083587
152.341264 1082938
152.391195 1082170
152.419637 1070697
152.421979 1070291
152.483926 1066955
152.535692 1064927
152.604266 1064875
152.619473 1064855
152.629219 1062570
152.703129 1062353
152.705086 1055466
159.219048 1054761
159.361191 1053031
159.371745 1051500
159.395173 1050742
159.412335 1050352
159.476241 1050242
159.510536 1047241
159.639927 1046755
159.642666 1046675
162.833572 1045122
162.924296 1044771
162.933286 1044735
162.953140 1043885
163.004596 1039674
163.027236 1039664
163.190136 1035679
163.243548 1034979
163.249420 1033269
163.269716 1032704
163.274018 1031409
163.307570 1029884
163.309140 1029163
163.469995 1029064
163.518676 1027311
164.089796 1026609
164.098326 1025753
164.105590 1024408
164.154437 1024178
164.156075 1023303
164.200540 1023267
164.299051 1022215
164.344688 1021431
164.359647 1019364
164.423747 1018188
164.627543 1016454
164.644514 1014187
165.399566 1014162
165.424092 1013896
165.446742 1013805
165.481011 1011803
165.488053 1011497
165.559757 1011002
165.577283 1010361
166.907779 1009713
166.908179 1009533
166.912086 1007170
166.992393 1006353
167.019304 1004469
167.022833 1004003
167.031814 1003534
167.130741 1003105
167.148672 1001793
167.149067 1001087
167.166602 999516
167.175580 997670
167.187695 995570
167.526805 994398
167.568469 994332
167.591447 992984
169.103068 983278
169.202260 980992
169.360337 980677
169.447470 979337
169.466461 978517
169.546852 978115
169.699692 977579
169.713735 974593
169.929929 973773
169.963835 972072
170.039763 971291
170.061608 971079
170.074487 970642
170.089320 969870
170.103355 968514
171.347193 967933
171.353069 965726
172.086772 957674
174.097871 956681
176.479488 955723
176.497845 952752
176.513855 951941
176.954866 951797
177.039389 948828
177.061998 943483
177.106840 943127
177.293616 942545
177.708511 940500
177.772493 935310
177.873776 932700
178.046806 931443
181.565959 928380
181.787361 928275
181.814258 920460
182.320975 920064
182.738341 919951
182.801867 918884
182.856000 916415
182.864191 914991
182.865370 913899
183.009231 912735
183.021320 911697
183.050157 910712
183.060703 908029
183.902284 907771
184.320800 907202
184.386276 906397
184.399563 905960
186.705256 904097
186.706894 903258
186.905637 903085
187.137418 902651
187.139397 901412
187.231235 901362
187.253846 900916
187.491195 900596
187.722971 899482
187.942176 899232
188.020482 898955
188.132561 898848
188.177768 898697
188.215947 898469
188.217518 896761
188.255288 894948
188.269335 894404
188.289976 893711
188.299732 893318
188.300517 892923
188.402100 892808
188.421971 892459
188.429009 891777
188.598895 890300
188.605932 889199
188.610628 888079
188.611807 886434
188.720514 883695
188.890035 880231
189.183383 879975
189.318523 879677
191.555829 879463
191.704143 879437
191.833802 877661
192.220585 877221
192.303551 877046
193.694274 876520
195.385626 876517
195.449503 874965
195.465868 874607
195.573820 873668
196.125995 873078
196.929952 872877
197.515857 872190
197.761824 870671
197.770024 868692
197.929736 868265
198.226660 868047
198.479952 867778
198.626403 866808
198.709834 865689
198.725438 863479
199.306540 863215
199.329541 861116
199.465891 858923
199.468648 858154
199.572353 857113
199.628464 844452
199.720013 840812
200.342969 840359
200.611933 839345
200.711241 838349
201.115778 837951
201.180141 837623
201.188239 837578
201.416753 834736
202.831110 834654
202.998914 834361
203.038275 822342
203.170823 819792
203.293206 819745
207.779141 818742
207.796707 816852
208.926065 813200
209.589975 812839
209.890452 811489
209.991138 811023
210.544377 809812
210.581785 809142
210.585314 808828
210.609470 807747
210.870206 807264
210.874906 807080
211.032094 806271
211.222748 804119
211.278560 803893
211.683869 802898
211.869733 802457
212.148190 801676
212.246892 801432
212.262499 799101
212.558852 798497
212.657102 798486
212.723071 798398
212.728543 796782
213.035883 795388
213.300401 794854
213.693234 793891
214.388018 793754
214.406389 793057
214.475752 792783
216.447672 792542
216.452745 790037
216.476146 789104
216.569648 788893
216.640098 787911
216.673228 787243
216.707135 786018
216.883375 784605
219.480770 784315
219.516877 783735
223.567115 783161
223.967232 782578
224.129488 782366
224.395652 781813
224.649870 780745
224.973047 780472
225.016360 780306
225.325074 779086
226.037843 779058
226.159923 778933
226.215325 778375
226.289019 778347
227.971769 776686
228.526134 776538
228.745318 775405
228.834249 775377
230.769307 774080
231.401743 773933
231.796181 773631
231.804789 771978
232.771184 771375
233.691460 771163
234.124802 769764
234.887384 768771
235.055777 768765
236.083596 768628
236.191413 767627
236.591624 767547
237.244390 765144
238.105152 764063
239.001667 763868
239.217284 763573
240.756544 763238
240.883220 762905
241.864388 762849
241.885838 762822
244.261569 762503
244.879197 762331
246.132195 761962
246.169878 761668
248.987868 760846
249.210131 760204
249.295695 759621
249.306632 758680
250.513575 758220
250.821975 757651
250.902183 757557
250.918960 757452
251.611514 757046
251.633301 756862
251.800584 756257
253.813938 754708
253.944598 754214
256.229375 754109
256.521242 753384
256.891620 752005
257.014747 751724
257.194659 751667
257.880918 750038
258.611985 747391
259.233954 747374
259.270017 745937
259.870605 745595
260.158078 745518
260.794416 745169
260.888144 745164
261.178686 744595
261.756118 744073
261.927402 743602
263.097541 743343
263.844443 743221
266.130867 743066
266.228251 742171
267.779719 742062
269.982908 741388
270.985691 741235
271.736710 741152
272.321102 740914
272.356391 738037
272.396403 737593
273.208126 737418
273.440248 736977
276.253927 735426
276.297421 733553
276.428728 733241
276.446727 732946
276.469015 732326
276.492453 732164
276.809160 731982
277.008633 730715
277.214644 729727
277.270811 729512
277.315300 728804
278.088865 728640
278.197418 728358
278.489176 727827
279.276417 727451
281.752299 726905
281.929467 726444
286.648179 725931
286.786843 725551
288.574532 725404
289.745829 724813
292.013299 722446
293.820654 721900
293.895228 721507
294.619567 721270
296.236852 720870
296.795854 720551
298.101730 720367
299.004394 719486
301.560446 719438
304.423414 718846
312.875429 718596
318.884159 718297
319.360808 718261
321.563010 717820
328.143794 716685
330.539995 716501
336.798716 715829
338.594207 715818
340.204418 715777
341.697472 715648
344.686220 715355
344.728665 715253
345.344095 714632
345.347298 714095
345.467907 713493
349.194389 713471
357.143055 713228
384.097357 707591
388.742016 707052
389.298967 706747
389.526443 706683
485.828701 706425
488.501449 706307
500.667913 704373
500.769786 704155
508.184550 704017
509.307672 703838
510.904382 703621
511.172521 703445
511.741331 702475
514.109573 701503
516.781883 701146
518.924284 700671
518.970337 700600
519.235411 700580
519.262381 700460
519.369238 700236
519.665932 699839
523.006697 699838
524.597957 699709
524.652971 699638
525.033107 699334
531.801448 699174
532.124601 698695
537.211316 698667
538.366518 698650
539.487425 698622
565.504266 698543
567.768474 697909
568.483739 697279
570.429190 696933
570.875311 696587
575.147663 696579
576.137999 696488
582.378340 696341
584.454076 696305
584.756876 696061
592.043712 694997
594.068200 694971
