0.000793 7063951
0.001232 7053161
0.005948 7035748
0.006751 7035108
0.007146 7024553
0.007542 7022290
0.007932 7019708
0.008321 7010590
0.009100 6966550
0.009494 6962202
0.010275 6938887
0.010680 6929080
0.011080 6926441
0.013024 6922326
0.013803 6909293
0.014601 6887889
0.014999 6865471
0.015391 6864387
0.015782 6860805
0.016173 6857284
0.020046 6828642
0.020441 6804075
0.020836 6732793
0.023571 6726824
0.023967 6700726
0.024750 6698309
0.025141 6698231
0.025918 6695559
0.027481 6670969
0.027874 6662481
0.029420 6656213
0.030197 6550040
0.030596 6530552
0.030986 6513104
0.032144 6512654
0.033304 6504799
0.034080 6497934
0.035255 6463098
0.036414 6458156
0.037190 6419788
0.037581 6386430
0.040662 6357199
0.077670 6354460
0.099632 6352159
0.100414 6334708
0.100805 6317386
0.101195 6284357
0.108945 6244333
0.109343 6234251
0.113981 6229220
0.138645 6189282
0.143667 6172109
0.144061 6153913
0.152156 6145189
0.152550 6140609
0.153326 6139355
0.167229 6117903
0.169549 6116705
0.170720 6108819
0.172650 6102321
0.208896 6084155
0.209679 6074875
0.210456 6073834
0.225516 6068638
0.227456 6055520
0.228619 6035769
0.230938 6005826
0.293038 5983841
0.293433 5968510
0.293823 5964225
0.294212 5958685
0.296926 5930235
0.297702 5926413
0.301558 5894020
0.429549 5892084
0.429945 5880861
0.430743 5878240
0.431908 5876782
0.433457 5872405
0.443097 5824186
0.446957 5809774
0.447735 5779725
0.448892 5774066
0.449282 5771217
0.450057 5710287
0.450448 5673127
0.453161 5670089
0.453551 5664627
0.455123 5663495
0.455898 5658637
0.456289 5658080
0.522090 5634208
0.573361 5631769
0.574971 5624939
0.575363 5603348
0.576141 5593176
0.578073 5591232
0.578865 5569259
0.585019 5539409
0.586580 5534302
0.592394 5533871
0.593945 5524965
0.909892 5523942
0.911079 5515700
1.001313 5507100
1.002096 5504726
1.002897 5501761
1.005979 5476737
1.015247 5475353
1.015641 5471892
1.028369 5459587
1.028763 5434906
1.219315 5375435
1.220100 5373057
1.244026 5358665
1.244421 5345317
1.251351 5318115
1.335378 5282445
1.339255 5269279
1.339649 5235369
1.350411 5212928
1.350822 5211392
1.424335 5198616
1.424731 5133217
1.454830 5130664
1.456381 5099164
1.458315 5098206
1.459112 5085044
1.461812 5074182
1.462202 5073159
1.462610 5011478
1.463005 5006824
1.463781 4977264
1.476894 4940737
1.479237 4935291
1.485019 4914371
1.485796 4911144
1.490038 4904827
1.490430 4902962
1.494283 4901456
1.496997 4861205
1.498940 4857807
1.500485 4844074
1.500877 4840354
1.502039 4825352
1.519787 4823981
1.520566 4818216
1.521345 4817649
1.521735 4807670
1.522124 4803441
1.522522 4781197
1.528685 4758134
1.529076 4757303
1.530232 4750384
1.530645 4717714
1.531035 4716592
1.531809 4715018
1.532584 4666072
1.534910 4651916
1.535302 4651505
1.535692 4634821
1.536082 4627942
1.537241 4627405
1.571238 4605057
1.571634 4599649
1.573950 4583929
1.574342 4558327
1.575129 4555820
1.588249 4548229
1.588643 4517567
25.061135 4513572
25.064301 4504896
25.065202 4486785
25.066557 4484247
25.082232 4430079
25.083033 4423701
25.083427 4376942
25.085782 4362785
27.587392 4360725
27.603593 4350129
27.604444 4338563
27.605793 4334836
27.606241 4332419
27.607156 4330791
28.059983 4328960
32.044092 4320908
32.045678 4318885
32.046075 4311124
32.047665 4306524
33.274940 4289758
33.277314 4267692
33.405065 4244083
33.465016 4244082
33.467174 4240595
33.626053 4237749
33.626862 4233783
33.627258 4227069
33.628834 4211755
33.629621 4191756
33.630827 4175462
33.631276 4161760
33.631723 4154273
33.633967 4142932
33.634888 4096737
34.773539 4093133
34.773944 4065812
34.807668 4056414
34.808578 4050140
34.813527 4048918
34.814898 4036071
34.815800 4030007
34.817987 4029018
34.819300 4027743
34.821106 4015841
35.679174 4015127
35.681602 4012717
37.347169 4003634
37.347626 4003115
37.348076 3988186
37.350321 3987733
41.802450 3980668
41.804285 3979713
41.804737 3978899
41.805182 3973978
41.806030 3968438
41.806834 3942528
41.807736 3941585
41.810424 3930880
41.813985 3922402
41.814436 3913322
41.814898 3908131
41.815344 3901752
41.816243 3896380
41.816690 3881543
41.817582 3876189
41.818049 3784531
42.224053 3754772
42.224511 3732354
42.224959 3720498
42.228566 3715470
42.231276 3713683
42.233072 3711036
42.234362 3697833
42.235159 3697824
42.235947 3679730
46.992881 3673351
46.995660 3617920
47.002852 3569536
47.003646 3557817
47.221566 3553581
47.222023 3548596
47.324517 3541164
47.327069 3535590
47.327522 3526327
50.143184 3524636
50.154431 3507268
50.157764 3507097
50.159522 3505640
51.170101 3502234
51.172541 3501093
51.173783 3499318
51.199062 3488774
51.217530 3479134
51.226847 3471072
51.229545 3467182
51.230902 3447794
51.235728 3446908
51.238892 3445496
51.247887 3439505
51.248283 3436804
51.249860 3434554
51.460466 3429730
51.461683 3421603
52.971161 3393676
52.971581 3388115
52.973218 3371515
52.993163 3367519
52.995199 3342253
52.996828 3330528
53.000105 3321488
53.115272 3311944
56.948387 3302091
56.948846 3297027
56.952007 3282993
56.953809 3278600
56.954718 3273335
56.958784 3272599
56.964020 3271543
56.976704 3270907
56.977608 3258252
56.978525 3252929
56.983266 3213452
56.991159 3206686
57.038836 3160969
57.117854 3156016
57.118268 3153140
57.120739 3149696
57.122378 3142349
57.123218 3141047
60.804572 3118396
60.946566 3113275
61.026741 3090618
61.028799 3087235
61.029621 3062711
61.030878 3061348
61.031287 3053727
61.046879 3052664
61.049754 3051590
61.062925 3037030
63.609374 3021221
63.614101 2998540
63.636075 2982233
63.637267 2981478
63.638058 2979131
63.660525 2966794
63.708526 2960779
63.727693 2926845
63.728542 2922041
63.740963 2921331
63.742611 2918749
63.831204 2910860
63.832001 2898354
63.832904 2895434
63.833352 2878151
63.834249 2854906
63.836067 2838182
63.843260 2834578
63.888558 2821782
63.995269 2817903
63.998829 2798461
63.999227 2790689
64.549039 2757423
64.550631 2749562
64.552378 2737030
64.553280 2725816
64.555540 2725682
64.555991 2725521
64.590122 2724024
64.591037 2723301
64.592390 2711553
64.595099 2706142
64.600047 2696994
64.605000 2694515
64.614056 2694298
64.616319 2683571
64.618121 2677477
64.621507 2663484
64.633222 2660597
64.648181 2645658
64.648577 2639703
64.649365 2634589
64.649757 2628200
64.840839 2619151
64.842654 2616125
64.843106 2605076
64.861539 2602455
64.906005 2596945
69.826920 2596902
69.835088 2594566
69.840060 2592018
71.051524 2590786
71.052377 2570993
71.052826 2569168
71.064466 2564889
71.068920 2559162
71.083500 2554859
71.221998 2549328
71.222400 2548451
71.223715 2542985
71.254382 2527229
71.256600 2515609
71.257052 2511147
71.262005 2506409
71.288256 2504827
71.317058 2502361
71.328832 2492991
71.329651 2478324
71.337788 2470555
71.339861 2450258
71.341483 2444096
71.342718 2443421
71.395249 2417481
71.404237 2404803
71.405060 2387605
71.405880 2386028
71.425445 2366405
71.430781 2348600
80.644184 2337591
80.646664 2334297
80.647492 2333850
80.649960 2322769
80.652063 2315931
82.625650 2306266
82.626055 2298181
82.628769 2291641
82.630123 2291495
82.630588 2290506
83.589820 2260959
83.600170 2253415
83.601523 2252614
83.601975 2246397
83.617155 2236628
83.620093 2231586
83.762753 2219331
83.763948 2199052
85.141527 2192518
85.142905 2186657
85.153316 2179772
85.270922 2179362
85.271323 2177672
85.503423 2170905
85.506192 2167249
90.457892 2152758
90.494144 2148374
90.494570 2147820
90.497893 2142924
90.498817 2142909
90.503756 2127695
90.506451 2123186
90.563704 2104849
91.505699 2104841
91.534631 2092435
91.538292 2081364
91.546436 2076583
91.548502 2062200
91.548910 2057321
91.568875 2046614
91.573775 2046054
91.583192 2045598
91.594662 2038653
91.599977 2034704
91.603271 2034125
93.097079 2031557
93.099237 2018010
93.102385 2009992
93.105570 2007299
93.107397 2007101
93.115343 2003094
93.133575 1999087
93.136753 1996517
93.137150 1988662
93.137546 1986945
93.144276 1986474
95.570917 1984573
95.601872 1983188
95.603138 1979262
95.605841 1973684
95.609007 1965829
95.612966 1950740
95.671820 1945917
95.673413 1931363
95.676308 1930697
95.686552 1929823
96.051356 1926996
96.052211 1923828
96.053059 1921253
96.053959 1915018
96.054407 1913209
96.057048 1912575
96.079070 1893139
96.079976 1890347
96.080425 1888040
96.096901 1873625
98.695941 1870077
98.700580 1870031
98.702843 1869600
98.718452 1864711
98.722542 1859358
98.729292 1859070
98.732009 1853575
98.750862 1849869
98.753064 1849380
98.813902 1839979
98.815105 1839968
98.817132 1838486
98.851997 1838025
98.855950 1835656
98.865782 1835137
98.894540 1831357
98.900352 1829677
98.903677 1829125
98.913309 1827923
98.913708 1814698
98.918516 1812567
98.926667 1808608
99.447944 1807123
99.448741 1805467
99.579796 1801615
99.590063 1795856
99.594174 1792651
99.596647 1792367
99.597469 1786448
99.600340 1785834
99.606088 1772858
99.608161 1761145
99.620501 1760428
104.167288 1757250
104.217021 1755711
104.227463 1753471
104.231415 1751971
104.237033 1751312
104.238668 1732129
104.243572 1725474
104.258190 1720564
104.260632 1720405
104.265808 1715721
104.267464 1715574
104.285878 1713273
104.290223 1712236
104.292600 1712133
104.298236 1711013
104.310649 1707167
104.530789 1703625
104.531191 1702612
104.531641 1693792
104.552345 1691771
104.603791 1691498
104.606378 1691147
104.956382 1686271
105.049874 1678945
106.347960 1677314
106.349665 1673015
106.357775 1672994
106.364883 1667387
106.368834 1666763
106.369629 1665074
106.412174 1663227
106.421515 1662613
106.773344 1656966
106.776132 1656229
106.790539 1650059
106.801296 1647176
106.892330 1645847
106.916270 1643607
106.919040 1642895
106.920615 1641962
106.934956 1641933
106.936253 1640678
106.937044 1640113
109.429572 1638371
109.493784 1636837
109.497004 1636822
109.888496 1628107
109.899130 1624708
109.908742 1622072
109.912759 1619782
109.916258 1619032
109.916709 1612257
109.923023 1610426
109.925274 1609421
109.942022 1605021
109.990390 1599975
109.993999 1594314
109.997375 1587921
110.026457 1585984
110.027694 1585953
110.062418 1577987
113.629504 1577393
113.632018 1572716
113.635347 1570223
113.641997 1566485
113.651024 1564779
113.857239 1561796
113.860128 1559747
117.957815 1558459
118.057871 1558245
118.058691 1549374
118.611981 1545769
118.613623 1539264
118.897130 1531610
118.920416 1529369
118.920816 1529119
118.921209 1528458
118.924868 1527618
118.930433 1524850
119.400743 1515994
119.401543 1514475
119.607710 1512482
119.669741 1505934
120.406336 1500608
120.409115 1498014
120.409910 1496517
120.411960 1475156
120.412753 1467429
120.443669 1467199
120.468199 1466370
123.789543 1464724
124.681283 1460651
124.689298 1460431
124.707604 1456693
124.708415 1455861
124.710045 1454495
124.727888 1448542
124.740568 1445651
124.754337 1442112
124.760275 1437746
124.763159 1436751
124.769418 1434906
124.769871 1434451
124.772985 1434217
124.796298 1429953
124.818763 1429390
124.846112 1428282
124.981829 1425638
124.985951 1424682
125.006704 1422742
125.028068 1422310
125.029652 1420330
125.035876 1419811
125.052551 1416840
125.069757 1414353
125.084141 1411621
125.094001 1408014
125.224709 1391331
125.227498 1390725
125.265357 1389222
125.266263 1388857
125.268975 1387238
125.273946 1383043
125.586565 1376111
125.599606 1370624
126.014263 1364309
126.025725 1362431
126.073743 1361109
126.100093 1355888
126.107096 1355352
126.108334 1354878
126.123587 1351357
126.137962 1350688
126.147421 1348056
126.152757 1340421
126.157698 1339768
126.173778 1337717
126.189599 1337491
126.209952 1333054
126.215102 1331609
126.315335 1330535
126.318210 1323380
126.516511 1319600
129.688111 1315096
129.690147 1314890
129.708076 1314856
131.907111 1310941
131.911535 1308614
132.581561 1307651
132.593852 1306609
132.595122 1306458
132.596422 1304996
132.606328 1304801
132.610334 1304383
132.617929 1301404
132.645054 1299690
133.509440 1299578
133.549065 1299564
133.621604 1297734
133.634310 1296170
133.653224 1292946
133.653623 1288645
133.656006 1285934
133.679399 1285814
133.750267 1284979
133.759081 1284588
133.827693 1279244
133.860309 1273720
133.863143 1269883
133.885342 1267272
133.885741 1265719
133.886135 1263725
133.886541 1260405
133.893651 1251823
133.895359 1250989
133.938894 1245746
133.976734 1242889
134.030694 1242549
136.234293 1241244
136.243371 1235658
137.046748 1233332
137.052041 1228495
137.077931 1227788
137.099414 1226090
137.121980 1224017
137.199679 1223663
138.046016 1222341
138.048483 1222259
138.150443 1221735
138.164516 1217704
138.250144 1216319
140.599114 1215173
140.616166 1212687
140.672590 1209757
140.694576 1206644
140.696397 1205647
140.736255 1202728
140.737050 1201284
140.756624 1199119
140.761761 1194892
141.856624 1187970
141.861970 1187249
142.594744 1178301
144.816919 1178097
144.820088 1178076
144.820882 1175571
144.822076 1170566
144.829354 1168977
144.831394 1168766
144.852564 1164465
144.866095 1161928
144.866955 1159072
144.887633 1153662
144.888482 1148435
144.894101 1145883
144.936708 1145485
145.054781 1143677
145.084418 1142117
145.135715 1140871
145.136114 1137930
145.145391 1135069
145.147836 1134307
145.152298 1131659
145.157823 1130936
145.162175 1130035
145.164568 1128575
145.358567 1127958
146.435074 1125152
146.438344 1124440
146.608048 1123844
146.641215 1123567
146.641616 1119891
146.667069 1115823
146.669327 1113569
147.038681 1113418
147.288770 1111760
147.293251 1109887
147.299857 1107710
147.302339 1106706
147.308602 1106447
147.311089 1105523
147.316739 1105029
147.318371 1102830
147.340179 1101561
147.364890 1097600
147.368450 1095244
147.385882 1094105
147.431116 1092461
147.435626 1088326
147.483637 1088252
148.018556 1087302
148.076111 1083806
148.092866 1082287
148.112895 1080125
148.166223 1078853
155.831716 1078041
155.833046 1072235
155.951491 1066397
155.962925 1065458
156.000673 1061996
156.001076 1060599
156.020048 1057349
156.213318 1054531
156.245234 1053144
156.279800 1053053
156.301792 1051733
156.358417 1050677
158.221497 1048762
158.763995 1045543
158.778487 1039941
159.178356 1038055
160.873746 1035241
160.893823 1034613
161.063141 1033440
161.079551 1029978
161.236117 1029263
161.248733 1028277
161.893835 1027083
162.565693 1025160
162.573827 1024930
162.799270 1022042
162.833709 1022018
162.899235 1015404
162.929081 1014808
163.101715 1013922
163.187303 1011963
163.204836 1009995
163.237373 1008087
163.265398 1007794
163.305501 1004777
163.380459 1002901
163.474047 1000112
163.496381 998690
163.582328 998027
163.599045 997776
163.738714 996684
163.754914 994227
163.799885 991491
163.843007 981652
163.860415 979269
169.126923 977077
169.174598 974691
169.175000 972078
169.198418 970627
169.698330 970272
169.754673 966736
169.961902 965157
169.993755 962957
170.128927 961620
170.799192 959490
171.207613 956319
171.343804 953952
171.463869 950596
171.523885 948891
171.546646 948066
171.562395 947856
171.565514 947560
171.588194 947380
171.618230 945331
173.345059 944811
173.363769 944436
173.377183 943551
173.424314 939822
173.472635 939417
173.478293 937253
173.490616 936170
173.633892 936076
174.537318 934585
176.011689 934493
176.079729 934139
176.084359 933352
176.253561 932359
176.257123 932215
176.262406 932139
176.274495 931473
176.289078 930886
176.381949 928097
176.385621 926391
176.995226 922125
177.097661 920898
177.169896 920669
177.188378 918384
177.217464 918048
179.107815 916108
179.133896 915586
179.488250 914313
179.491918 913776
179.509146 912559
179.509942 911442
179.515491 909639
179.518251 909490
179.521022 908545
183.008856 907628
183.010863 903780
183.087417 903055
183.120156 902965
183.131424 901688
183.133398 900736
186.413563 900196
186.451797 899495
186.470258 898347
187.724269 897682
188.019879 896989
188.106055 896755
188.117652 895351
188.164111 892647
195.080103 889867
195.083774 889670
195.199305 887701
195.268121 886965
195.387825 885757
195.581524 885470
195.706732 885066
195.734022 884832
196.263032 884005
196.829497 883210
199.195721 879741
199.377146 876900
199.414773 875373
199.608253 874717
199.926464 869794
199.932281 868367
200.053037 867571
200.054854 866912
200.111940 866539
200.235594 863740
200.359788 860758
200.392815 852120
202.747535 851313
202.811080 850792
202.903168 849027
203.368712 843259
203.385157 842461
203.411121 837881
203.469016 835969
203.560638 835177
203.675205 831564
203.773755 830387
205.182584 827811
208.265613 823216
208.656668 823202
208.715900 820331
209.969716 820048
209.977282 818697
210.156463 818341
210.160980 817725
210.232917 817668
210.285105 817406
210.675796 817176
210.736977 817004
210.762416 816605
210.825498 816049
210.840762 814007
211.092802 813023
211.095312 812821
211.930233 809697
211.945832 808329
212.022456 807266
212.115812 806988
213.790902 806799
213.809666 806089
213.949220 805904
215.797447 805894
215.836581 805891
215.993512 804925
216.012231 803715
216.563044 803297
216.666147 801840
216.688389 800346
216.731218 799906
216.816811 799692
216.819261 799522
216.826289 798591
216.912177 798579
217.014044 798103
217.141550 797564
217.168947 796269
217.198131 793393
217.591079 792997
219.141386 792541
219.212187 792352
219.311641 791513
219.513894 790377
219.589793 789863
219.885593 788788
220.058761 788115
220.155694 787985
220.327294 786295
222.924034 786256
223.006540 785659
223.031726 785384
223.073924 785225
223.112775 784195
223.171052 784182
223.207690 784171
223.233764 784125
223.377191 784015
223.668661 783325
223.768482 782530
223.831821 781600
223.845594 781567
224.059546 781100
224.078035 780651
225.061799 779982
225.070532 779949
225.434923 779835
225.681320 779649
225.689058 777283
228.418109 776892
228.484868 776571
228.594002 775578
228.677543 774812
228.822343 773625
229.012808 772547
229.082047 772320
229.098745 772315
229.102349 771694
229.140809 771078
229.448581 770774
231.264291 769228
231.357556 768403
231.361290 767464
231.683262 767328
232.187904 767068
232.516054 766947
232.943966 766902
233.533747 761529
234.231263 760204
235.205202 758864
235.875642 758576
236.484302 758397
236.973253 758317
237.447951 758248
237.943262 758161
239.319715 758140
240.407713 756808
240.543118 756769
240.608500 756746
240.668170 756530
240.968233 756520
241.150056 756052
242.979603 753960
243.190753 752587
243.276816 752016
243.987852 751416
244.101049 751223
244.177485 751164
244.425803 749760
244.445140 749396
244.519047 749274
244.598691 749128
244.661471 748448
244.682071 748134
244.736218 747174
244.750767 745519
244.975028 745007
245.238334 744984
245.542630 744941
245.934972 744325
246.844101 743900
246.988074 743721
247.052208 742664
248.440034 741790
249.018825 740858
250.531532 740636
251.333845 740373
252.217417 740290
252.283591 740184
252.987345 738485
253.013851 738210
253.028749 737846
253.117960 737473
253.662969 736110
254.051425 729494
254.262726 728971
254.290843 728780
255.650490 728661
255.817313 728602
255.890737 728362
257.549081 728361
257.553613 727971
258.966424 727057
259.064694 726886
259.474002 726503
260.436719 726330
260.699825 725347
260.829920 725028
261.671187 724133
261.746759 723889
261.991124 723161
262.236435 721201
263.425810 720918
264.104103 720895
264.604511 720603
264.615183 719321
264.716597 718664
265.623298 718562
267.007292 718353
267.184495 718251
267.786582 718162
269.145017 718047
269.413741 717694
269.531179 717176
269.760575 716820
270.397774 716395
270.924438 716175
270.968084 715716
271.015378 715444
271.060892 715043
273.247772 714616
273.342727 714400
273.618248 713868
273.884280 713864
273.899922 713774
274.261507 713273
274.726426 712989
275.607482 712890
275.777284 712566
275.829914 711824
276.059476 711655
277.397861 711594
277.425740 711036
278.060807 710382
278.245237 710266
280.373604 709951
283.111076 709891
284.372889 709572
285.285577 708864
287.869563 708276
287.959844 707307
288.165201 707159
293.564375 706823
293.652302 706308
293.681559 704347
294.067943 704297
294.314179 703364
295.282830 703148
296.411545 702970
298.607933 702626
302.661895 702088
306.283433 701798
307.796821 701152
309.695180 700881
311.248215 698348
311.954180 697205
312.031949 696910
312.189892 696708
312.520138 695134
312.728957 694972
312.764302 693556
314.153897 692684
315.059615 691362
315.780567 690531
316.212546 690095
317.158472 689975
317.555983 689918
317.715109 689667
317.839026 688916
317.870798 688594
317.882137 688192
318.489617 687800
319.286986 687797
322.871500 687787
323.200950 687777
323.595025 687361
324.301250 687173
325.526326 686702
325.605804 686556
325.708085 685523
326.050376 685241
327.018024 685230
327.129863 684610
327.731779 684291
334.249237 683589
334.323772 683511
334.602372 681684
334.743111 681479
335.966355 681035
336.844786 679347
336.905255 678453
337.966082 677970
338.244169 677544
340.668995 677154
343.999944 676923
344.729036 676892
344.744171 676672
345.273147 676473
345.604920 675931
345.646727 675765
351.961705 675762
375.702843 675734
376.282673 674903
377.002768 674698
380.345943 674666
381.638391 674633
393.791340 674526
594.162193 674500
595.327194 674240
