0.005301 7026992
0.014594 7026581
0.018095 7021687
0.086433 7015583
0.088649 6993899
0.089779 6988847
0.095261 6988267
0.099296 6977181
0.102261 6973482
0.142957 6972451
0.153629 6961854
1.078360 6937013
1.137526 6935800
1.139376 6930588
1.307198 6890541
3.617065 6875654
4.622769 6858103
9.611069 6847157
9.620303 6846746
9.623628 6841852
9.691632 6835748
9.693863 6814064
9.694987 6809012
9.700494 6808432
9.704552 6797346
9.707490 6793647
10.677525 6785795
10.694043 6751150
10.699920 6738659
10.915409 6710706
14.096599 6707187
18.556116 6699859
19.205498 6688913
19.214669 6688502
19.217978 6683608
19.286005 6677504
19.288201 6655820
19.289304 6650768
19.294810 6650188
19.298851 6639102
19.301785 6635403
20.269826 6627551
20.286315 6592906
20.292197 6580415
20.507824 6552462
23.706228 6548943
28.819199 6537997
28.828357 6537586
28.831667 6532692
28.899645 6526588
28.901858 6504904
28.902960 6499852
28.908439 6499272
28.912470 6488186
28.915409 6484487
28.949163 6483456
28.959841 6472859
29.952925 6441593
30.121110 6401546
32.450478 6395083
38.415041 6384137
38.424203 6383726
38.427521 6378832
38.495517 6372728
38.497736 6351044
38.498840 6345992
38.504335 6345412
38.508369 6334326
38.545072 6329596
38.555750 6318999
39.549614 6287733
39.720450 6286871
39.723411 6275457
39.762305 6273885
41.561161 6265923
41.630124 6253878
47.347674 6244613
47.993664 6233667
48.002817 6233256
48.006124 6228362
48.073950 6222258
48.076146 6200574
48.077247 6195522
48.082745 6194942
48.086784 6183856
48.123452 6179126
49.057220 6172305
49.107496 6171334
49.111539 6168983
49.127367 6137263
49.297886 6136401
49.300813 6124987
50.959117 6106316
51.204574 6103408
57.635583 6092462
57.645036 6092051
57.684349 6088386
57.716716 6081053
57.718932 6059369
57.720036 6054317
57.725535 6053737
57.729571 6042651
57.766211 6037921
58.698770 6031100
58.711604 6028591
58.753074 6027778
58.768921 5996058
58.948716 5987791
58.968173 5986155
58.993915 5984964
59.046352 5983817
60.602164 5965111
65.391709 5963177
67.206720 5952231
67.215890 5951820
67.254781 5948155
67.287148 5940822
67.289343 5919138
67.290459 5914086
67.295938 5913506
67.299977 5902420
67.336638 5897690
68.269982 5890869
68.282808 5888360
68.324267 5887547
68.340092 5855827
68.519843 5847560
68.564976 5844733
70.171886 5824880
76.818229 5813934
76.829910 5813847
76.834072 5812282
76.837860 5811091
76.860162 5808629
76.901095 5802525
76.903381 5780841
76.904518 5775789
76.910200 5775209
76.920338 5763114
77.915651 5755130
77.918706 5751809
77.920599 5749249
77.986338 5717530
78.172203 5707627
78.194090 5705254
82.590322 5688220
86.504355 5677274
86.515743 5677187
86.519777 5675622
86.523464 5674431
86.584819 5665865
86.587037 5644181
86.588140 5639129
86.593656 5638549
86.603542 5626454
87.569396 5618470
87.572328 5615149
87.574178 5612589
87.638073 5580870
87.844149 5572603
87.921975 5571218
87.941505 5571126
95.050523 5567601
96.109875 5556655
96.121218 5556568
96.125265 5555003
96.128949 5553812
96.175259 5551350
96.190366 5545246
96.192567 5523562
96.193699 5518510
96.199199 5517930
96.209123 5505835
97.176860 5497851
97.179816 5494530
97.181670 5491970
97.245521 5460251
97.475014 5459389
97.557406 5450507
105.712460 5439561
105.739986 5438201
105.748446 5437830
105.764258 5435485
105.792917 5428152
105.795136 5406468
105.796241 5401416
105.834359 5389607
105.846137 5385020
106.828984 5382279
106.830528 5374877
106.857007 5365448
106.870295 5343157
107.054360 5330881
115.323114 5319935
115.341111 5314630
115.403628 5308526
115.405854 5286842
115.406961 5281790
115.445125 5269981
115.456925 5265394
116.416940 5262653
116.418435 5255251
116.444162 5245822
116.457049 5223531
122.210744 5222007
122.342079 5221484
124.686758 5216614
124.896721 5205668
124.914710 5200363
124.977161 5194259
124.979381 5172575
124.980484 5167523
125.018632 5155714
125.030393 5151127
125.995606 5148386
125.997130 5140984
126.523412 5132294
126.531487 5123541
126.550614 5116603
130.418164 5110869
131.817998 5107740
131.949282 5107217
134.504118 5096271
134.522105 5090966
134.584500 5084862
134.586717 5063178
134.587821 5058126
134.625605 5045451
135.594493 5034146
135.596334 5031586
136.113556 5022897
136.121633 5014144
136.154669 5008658
136.231366 5008469
136.792217 5008015
140.019922 5001910
144.090893 4990964
144.108888 4985659
144.171388 4979555
144.173601 4957871
144.174705 4952819
144.208724 4936423
145.170972 4926280
145.701005 4917590
145.709074 4908837
145.789052 4904077
146.315047 4904027
146.379688 4902708
150.361084 4900270
153.679797 4889324
153.697776 4884019
153.760171 4877915
153.762419 4856231
153.763522 4851179
153.796162 4844027
153.818566 4840453
153.821897 4839513
153.824829 4838511
154.759207 4824640
155.289100 4815950
155.297176 4807197
155.377228 4802437
155.903041 4802387
155.967640 4801068
163.266153 4790122
163.294745 4789944
163.298430 4787279
163.346617 4778713
163.348813 4757029
163.349941 4751977
163.382528 4744825
163.404937 4741251
163.408254 4740311
163.411225 4739309
164.333744 4736117
164.344741 4725438
164.875320 4711099
164.962762 4703235
165.488386 4703185
170.092577 4703010
172.855615 4692064
172.884267 4691886
172.887972 4689221
172.936137 4680655
172.938357 4658971
172.939461 4653919
172.972092 4646767
172.975418 4641244
172.980924 4637523
173.935156 4627380
173.946189 4627379
174.465566 4613041
174.552902 4605177
175.078529 4605127
180.616049 4602051
182.426382 4591105
182.455020 4590927
182.458710 4588262
182.506893 4579696
182.509086 4558012
182.510216 4552960
182.542780 4545808
182.546102 4540285
182.551596 4536564
183.505328 4526421
183.516339 4526420
184.036865 4512082
184.124041 4504218
184.649970 4504168
192.073049 4493222
192.099073 4487917
192.153435 4481813
192.155631 4460129
192.156732 4455077
192.162605 4448375
192.189317 4447925
192.192631 4442402
192.198156 4438681
193.150109 4437879
193.179484 4428537
193.702253 4424735
193.705184 4405609
201.662874 4394663
201.669127 4394485
201.688934 4389358
201.743290 4383254
201.745505 4361570
201.746608 4356518
201.779211 4349366
201.782535 4343843
201.788042 4340122
202.761102 4329978
203.832266 4326190
203.890447 4321289
203.919919 4320665
206.781239 4313692
211.286387 4302746
211.292779 4302568
211.315906 4301015
211.340900 4298670
211.367033 4291337
211.369231 4269653
211.370358 4264601
211.401878 4252792
212.367440 4243942
213.415496 4234273
213.429435 4226360
220.847425 4215414
220.874646 4215327
220.876860 4213683
220.901854 4211338
220.927915 4204005
220.930128 4182321
220.931230 4177269
220.953193 4170567
220.962740 4165460
221.909288 4161409
221.928011 4156610
223.227655 4155848
223.245676 4151322
223.492521 4144456
229.719272 4142523
230.436411 4131577
230.464484 4131490
230.466785 4129846
230.492557 4127501
230.506664 4126272
230.519573 4120168
230.521859 4098484
230.523009 4093432
230.545707 4086730
230.555529 4081623
231.531075 4077572
231.550338 4072773
232.881978 4072011
233.152213 4060619
240.081645 4049673
240.108836 4049586
240.111084 4047942
240.136083 4045597
240.149680 4044368
240.162200 4038264
240.164394 4016580
240.165507 4011528
240.187470 4004826
240.197001 3999719
241.162155 3990869
242.477011 3990107
247.819756 3989936
248.747679 3983606
249.737714 3972660
249.764899 3972573
249.767130 3970929
249.805692 3967355
249.818191 3961251
249.820387 3939567
249.821500 3934515
249.843452 3927813
249.852981 3922706
250.817880 3913856
252.147918 3913094
259.418474 3902148
259.435375 3900974
259.486612 3896843
259.499174 3890739
259.501411 3869055
259.502516 3864003
259.516779 3853277
259.520083 3852337
259.523022 3851335
260.487981 3846725
263.346168 3844552
264.790213 3842620
268.994345 3831674
269.011779 3830500
269.064628 3826369
269.077167 3820265
269.079387 3798581
269.080493 3793529
269.094817 3782803
269.098134 3781863
269.101061 3780861
270.065418 3776251
272.924088 3774078
275.750145 3773612
276.706093 3773326
278.566267 3762380
278.583104 3761206
278.626373 3758304
278.646643 3750971
278.648839 3729287
278.649966 3724235
278.664221 3713509
278.667529 3712569
278.670472 3711567
278.711629 3711560
278.717139 3707839
279.635208 3706957
279.673715 3704216
288.178553 3698532
288.182255 3687965
288.255089 3681861
288.257295 3660177
288.262851 3656861
288.292547 3656471
288.297088 3643316
288.321290 3642450
288.326995 3638729
294.878793 3635674
297.766464 3629990
297.770154 3619423
297.842480 3613319
297.844680 3591635
297.850191 3588319
297.879860 3587078
297.881719 3574917
297.907436 3573908
297.912953 3570187
300.567428 3567389
307.484065 3561705
307.488912 3556605
307.523022 3555083
307.539906 3552367
307.560130 3545034
307.562345 3523350
307.567834 3520034
307.572593 3506489
307.625078 3505623
307.630607 3501902
317.057942 3500024
317.058325 3496721
317.061989 3490896
317.065271 3490773
317.088703 3489225
317.224778 3470292
317.228089 3465427
317.230302 3461158
317.231768 3453867
317.252977 3447538
318.383899 3444707
318.410687 3440744
323.855572 3438763
326.720807 3436885
326.721191 3433582
326.724867 3427757
326.728177 3427634
326.751622 3426086
326.887695 3407153
326.891006 3402288
326.893201 3398019
326.894694 3390728
326.915931 3384399
328.039070 3381568
328.285538 3377166
333.316769 3376800
336.292590 3374922
336.292971 3371619
336.296637 3365794
336.299953 3365671
336.323378 3364123
336.459601 3345190
336.462905 3340325
336.465099 3336056
336.466582 3328765
336.487832 3322436
337.610508 3319605
337.857061 3315203
345.919679 3313325
345.920064 3310022
345.923742 3304197
345.948333 3302897
345.965247 3300181
346.086993 3283593
346.090303 3278728
346.101669 3268443
346.183796 3261268
346.192244 3257797
349.194602 3257281
349.679378 3255625
355.540888 3253747
355.541272 3250444
355.544950 3244619
355.578278 3244592
355.580485 3242948
355.586391 3240603
355.707996 3224015
355.711305 3219150
355.722681 3208865
355.745033 3201261
356.870389 3198430
365.151351 3196552
365.151778 3193249
365.155446 3187424
365.163513 3186124
365.196953 3183408
365.318746 3166820
365.322063 3161955
365.347728 3146852
365.407611 3141024
374.755206 3139146
374.758888 3131606
374.762930 3131295
374.767331 3128718
374.800728 3126002
374.925144 3119956
374.926633 3117116
374.929940 3109938
374.944219 3104810
374.951194 3089446
379.569771 3084980
384.397811 3083102
384.401599 3075562
384.405776 3075251
384.410332 3072674
384.573395 3071466
384.574543 3063912
384.576057 3061072
384.579472 3053894
384.594182 3048766
384.597975 3036945
386.037017 3035325
386.412997 3034909
390.200879 3031896
394.068206 3030018
394.071893 3022478
394.075941 3022167
394.080335 3019590
394.237167 3018382
394.238315 3010828
394.239786 3007988
394.243102 3000810
394.257402 2995682
394.261059 2983861
394.268423 2980318
399.275606 2978371
400.242187 2976109
403.642388 2974231
403.646082 2966691
403.650140 2966380
403.654559 2963803
403.813011 2962595
403.814144 2955041
403.815618 2952201
403.818931 2945023
403.833253 2939895
403.836935 2928074
405.268691 2926454
405.647734 2926038
409.230181 2922582
413.293710 2920704
413.297388 2913164
413.301428 2912853
413.305834 2910276
413.462771 2909068
413.463877 2901514
413.465345 2898674
413.468648 2891496
413.482941 2886368
413.486622 2874547
414.917118 2872927
415.304472 2872511
422.613139 2870409
422.934558 2868531
422.938251 2860991
422.942316 2860680
422.946726 2858103
423.104790 2856895
423.105917 2849341
423.107387 2846501
423.110701 2839323
423.125021 2834195
423.128714 2822374
424.555955 2820754
424.932363 2820338
432.515984 2818460
432.519667 2810920
432.523721 2810609
432.541358 2810560
432.542125 2809209
432.685516 2806824
432.686625 2799270
432.688093 2796430
432.691759 2790588
432.709304 2772303
436.541408 2767475
442.088017 2765597
442.091693 2758057
442.095737 2757746
442.122168 2756691
442.133946 2752453
442.258162 2746407
442.259633 2743567
442.263305 2737725
442.280171 2715897
449.865012 2715795
451.702017 2713917
451.705715 2706377
451.709785 2706066
451.736242 2705011
451.748102 2700773
451.873091 2694727
451.874588 2691887
451.878283 2686045
451.895162 2664217
461.397425 2662996
461.397814 2661216
461.414413 2653563
461.415887 2653184
461.443530 2649195
461.653878 2640956
461.654995 2640070
461.656106 2631710
461.668284 2622280
461.695887 2618301
471.023368 2617080
471.023755 2615107
471.024864 2607172
471.546963 2602291
471.611993 2597793
471.624086 2592603
471.629227 2579455
472.884312 2579094
473.955744 2575418
474.578195 2573635
480.651609 2572414
480.651995 2570441
480.653099 2562506
481.214494 2554721
481.240605 2553127
481.245405 2550832
481.255675 2545559
481.297881 2541072
481.301189 2532053
484.406010 2529403
490.239376 2528182
490.239765 2526209
490.240870 2518274
490.801800 2510489
490.827881 2508895
490.833012 2504508
490.862380 2501905
490.885170 2496840
490.888497 2487821
494.102473 2487355
494.860074 2485174
499.834185 2483953
499.834568 2481980
499.835672 2474045
500.396697 2466260
500.422805 2464666
500.427949 2460279
500.480066 2452611
500.483396 2443592
503.690061 2443126
509.417235 2441905
509.417637 2439932
509.418742 2431997
509.939318 2427116
510.004698 2422618
510.016438 2417428
510.021582 2404280
515.140002 2401719
518.981051 2400498
518.981451 2398525
518.982555 2390590
519.504201 2385709
519.569555 2381211
519.581254 2376021
519.586395 2369402
519.712787 2369232
520.148661 2365186
522.249217 2364752
522.261681 2361226
528.589027 2360005
528.589436 2358032
528.590540 2350097
529.101666 2348418
529.173557 2345632
529.177601 2340718
529.183453 2328663
529.186769 2319644
538.148092 2318423
538.148478 2316450
538.149606 2308515
538.648750 2303634
538.833517 2301923
538.842351 2297243
538.893085 2295794
538.917282 2286973
539.447277 2283164
540.649170 2276761
547.766655 2275540
547.767087 2273567
547.768198 2265632
548.267880 2260751
548.505191 2258139
548.506698 2255717
548.512210 2252911
548.521404 2252856
548.532762 2246455
548.693667 2245023
549.066319 2240281
552.677908 2237554
557.348541 2236333
557.348924 2234360
557.350046 2226425
557.849511 2221544
558.042209 2219833
558.051044 2215153
558.093663 2213704
558.102832 2213649
558.125936 2204883
558.647749 2201074
563.101805 2200345
566.934471 2199124
566.934854 2197151
566.935955 2189216
567.434325 2184335
567.671514 2181723
567.672997 2179301
567.678513 2176495
567.687671 2176440
567.705630 2170039
567.866291 2168607
568.232134 2163865
572.367418 2163812
576.562746 2162591
576.563131 2160618
576.564236 2152683
577.063452 2147802
577.249441 2141411
577.307478 2139962
577.316642 2139907
577.330226 2137670
577.513341 2135937
577.593022 2134366
577.860282 2132104
577.861409 2127332
585.256195 2125673
586.154853 2124452
586.155234 2122479
586.156337 2114544
586.664324 2109663
586.855649 2103272
586.915363 2101823
586.924777 2101768
586.938728 2099531
586.970802 2093002
587.480300 2089193
595.816689 2087972
595.817075 2085999
595.818199 2078064
596.320247 2076385
596.479662 2075324
596.503819 2066792
596.571016 2065288
596.584588 2063051
596.615774 2056522
597.213567 2054483
599.344292 2053955
