0.002985 6756992
0.005098 6753506
0.015446 6705992
0.024817 6697432
0.044871 6679561
0.128723 6679196
1.004076 6656862
1.055156 6640344
1.130357 6627301
9.345996 6626132
9.864202 6599424
9.866096 6595938
9.875206 6548424
9.884385 6539864
9.904507 6521993
9.988870 6521628
10.851910 6499294
10.930634 6485149
13.275147 6478762
13.342001 6478027
19.588341 6451319
19.590233 6447833
19.599359 6400319
19.622097 6398429
19.628719 6373888
19.713194 6373523
20.611778 6351189
20.694428 6329640
29.430312 6302932
29.432222 6299446
29.436795 6257934
29.465318 6250042
29.472190 6225501
29.559752 6225136
30.501571 6219735
30.506935 6213359
30.746590 6191573
36.076007 6186256
36.125585 6185603
39.261248 6158895
39.263079 6155409
39.267462 6113897
39.294815 6106005
39.298110 6102750
39.317589 6100443
39.330397 6092029
39.378620 6083676
40.283726 6042247
45.915021 6041904
49.154187 6015196
49.156014 6011710
49.160397 5970198
49.190431 5958312
49.210484 5956744
49.223263 5948330
49.274367 5947429
49.307383 5945209
50.187055 5942837
50.189276 5898548
58.953022 5871840
58.954881 5868354
58.963326 5807755
59.022525 5804974
59.047885 5796621
60.444170 5796326
60.458287 5781837
60.461370 5779009
65.178352 5778965
66.794097 5765311
66.799262 5760481
68.685744 5733773
68.687583 5730287
68.696015 5669688
68.754941 5666907
68.780180 5658554
70.192373 5658259
70.210269 5639778
77.070999 5638599
77.355206 5627816
78.542523 5601108
78.544351 5597622
78.552719 5537023
78.603440 5523677
78.688965 5523312
80.105021 5507113
87.257888 5503962
88.263838 5477254
88.265768 5473768
88.274514 5413169
88.330747 5410388
88.362096 5402035
89.769127 5401740
89.787102 5383259
98.122092 5356551
98.123933 5353065
98.134537 5311553
98.164573 5299667
98.186552 5289685
98.250779 5288784
98.273638 5286564
99.791886 5283895
99.799887 5280677
99.860266 5275868
101.465671 5270574
101.471765 5263676
108.008924 5236968
108.010854 5233482
108.021867 5191970
108.052934 5180084
108.075777 5170102
108.147703 5169201
108.173550 5166981
109.663524 5166012
109.728466 5156285
111.680034 5154610
116.869678 5148014
117.822967 5121306
117.824872 5117820
117.835874 5076308
117.866866 5064422
117.884865 5062854
117.894634 5043875
117.980847 5043510
121.517103 5038948
127.665891 5012240
127.667831 5008754
127.678850 4967242
127.689144 4948155
127.736311 4934809
127.820144 4934444
132.611130 4933271
137.384466 4906563
137.386318 4903077
137.396858 4861565
137.452572 4849679
137.498860 4847327
137.537491 4828767
147.203495 4800221
147.210333 4788713
147.211855 4771857
147.216425 4746385
147.243005 4743607
147.814902 4738965
147.861280 4738756
150.205828 4726363
157.147480 4697817
157.154309 4686309
157.155832 4669453
157.172904 4663434
157.175579 4657968
157.746416 4653199
157.748972 4651048
157.752995 4635743
160.373770 4626165
160.391282 4623781
163.581941 4623370
166.874019 4594824
166.880863 4583316
166.882410 4566460
166.899524 4560441
166.902199 4554975
166.917019 4551664
167.496880 4550206
167.499573 4548055
167.503606 4532750
170.179900 4531951
170.198234 4527056
170.327149 4525183
176.731169 4496637
176.738036 4485129
176.739562 4468273
176.755911 4456902
176.766934 4440023
177.355371 4435172
180.071114 4434390
180.113300 4428869
186.628511 4400323
186.635143 4388815
186.636609 4371959
186.663246 4365940
186.665825 4360474
186.680071 4357163
187.234845 4355705
187.237420 4353554
187.241461 4338249
196.274757 4309703
196.280446 4274273
196.328191 4266543
197.820222 4262356
197.823901 4262287
200.785026 4261472
200.787693 4252011
200.790350 4248747
206.106146 4220201
206.111846 4184771
206.159709 4177041
207.624983 4172878
207.649842 4172854
207.653521 4172785
213.493932 4164261
213.499629 4161977
214.858226 4160270
215.961856 4131724
215.967343 4096294
216.013289 4088564
217.459849 4084401
217.485693 4084377
217.573334 4084337
223.402771 4074296
225.871089 4045750
225.876805 4010320
225.920794 4006015
227.392525 3998427
227.407314 3998334
235.743675 3969788
235.760713 3968174
235.761106 3962282
235.763775 3934376
235.785898 3929939
240.044595 3925841
245.520037 3897295
245.537158 3895681
245.537568 3889789
245.540239 3861883
245.601294 3859183
249.889955 3855915
253.325281 3855583
255.261008 3827037
255.277420 3825423
255.277799 3819531
255.280358 3791625
255.338663 3788925
259.683074 3785657
264.971946 3757111
264.988390 3755497
264.988770 3749605
264.991352 3721699
265.050118 3718999
274.800418 3718274
274.802986 3712983
274.803724 3711771
274.823847 3711333
274.829359 3710944
274.885968 3694972
275.051817 3681867
275.067846 3681151
275.107075 3680880
275.416121 3679053
275.618370 3677495
275.633697 3671791
275.636245 3663510
275.653405 3657985
275.752673 3655521
278.763674 3653918
284.586866 3653193
284.589541 3647902
284.590306 3646690
284.616429 3646560
284.633099 3646305
284.668851 3646069
284.675725 3629891
284.847201 3616786
284.874106 3615683
285.196751 3613452
285.411767 3612414
285.429282 3606680
285.457693 3597623
285.517595 3588323
290.401806 3586976
294.119824 3586251
294.122395 3580960
294.123134 3579748
294.148293 3579618
294.162878 3579310
294.168363 3578921
294.205443 3562949
294.370573 3549844
294.406455 3549128
294.720709 3546510
294.937296 3545472
294.954874 3539738
294.966919 3534281
294.974972 3531487
295.006539 3531155
295.014616 3530994
295.052327 3527284
302.234734 3524970
304.016638 3524245
304.019305 3518954
304.020070 3517742
304.046258 3517612
304.061459 3517304
304.098697 3517121
304.105593 3500943
304.277221 3487838
304.314382 3487122
304.640817 3484504
304.856430 3483466
304.873868 3477732
304.885885 3472275
304.893905 3469481
304.933299 3468988
304.970760 3465278
313.132658 3461150
313.852801 3460425
313.855466 3455134
313.856233 3453922
313.882510 3453792
313.897115 3453484
313.921355 3453095
313.939740 3437123
314.105544 3424018
314.141462 3423302
314.456726 3420684
314.673075 3419646
314.690545 3413912
314.702653 3408455
314.710700 3405661
314.750421 3405168
314.788161 3401458
323.667398 3400733
323.670094 3395442
323.687560 3394604
323.688712 3394403
323.706981 3394295
323.712335 3393792
323.737515 3393403
323.756597 3377431
323.925885 3366357
323.931358 3366073
323.935737 3364059
324.262717 3361512
324.499868 3357505
324.508307 3357213
324.529932 3345969
324.569542 3345476
326.336333 3343003
333.548516 3342278
333.551211 3336987
333.574042 3336100
333.580530 3335390
333.618701 3334948
333.637853 3318976
333.810641 3307902
333.816326 3307618
333.841762 3306932
333.862217 3306863
333.888538 3305709
334.150093 3303286
334.194982 3302537
334.390765 3292810
334.457489 3287021
335.657716 3283690
343.290356 3282965
343.292928 3277674
343.299175 3276635
343.316805 3276527
343.321956 3276024
343.357836 3275635
343.376181 3259663
343.541952 3248589
343.547806 3248004
343.585152 3247747
343.618858 3246396
343.924712 3243224
344.113484 3239951
344.133963 3228201
344.185259 3227708
352.971423 3226983
352.974357 3221260
352.999651 3220854
353.016417 3220805
353.022697 3220095
353.057668 3205370
353.074121 3205022
353.223055 3193336
353.241681 3190309
353.568348 3187762
353.889204 3175930
362.172503 3174110
362.765394 3173385
362.768441 3167662
362.794735 3167256
362.812224 3167207
362.818731 3166497
362.855019 3151772
362.872118 3151424
363.027013 3139738
363.046375 3136711
363.387151 3134164
363.715661 3122332
372.475624 3121607
372.482519 3114277
372.563086 3112794
372.578460 3100977
372.596130 3100121
372.732212 3097984
372.747227 3084933
373.055666 3083841
373.075432 3082386
373.492912 3081638
373.592821 3080753
373.657799 3072279
378.276176 3071219
382.260911 3070494
382.267499 3063164
382.348064 3061681
382.363396 3049864
382.378113 3049179
382.516789 3046871
382.531778 3033820
382.842305 3032728
382.861979 3031273
383.451784 3030323
383.981058 3025656
386.966408 3023460
391.092917 3023337
391.330745 3020418
392.020392 3019693
392.026987 3012363
392.108204 3010880
392.124173 2999063
392.139419 2998378
392.283337 2996070
392.298943 2983019
392.618459 2981927
392.638983 2980472
393.240157 2979522
393.772047 2974855
396.781164 2972659
400.820192 2972536
401.753038 2971811
401.759886 2964481
401.843575 2962998
401.859553 2951181
401.874270 2950496
402.013010 2948188
402.028035 2935137
402.335820 2934045
402.355518 2932590
402.949445 2931640
403.481815 2926973
406.497605 2924777
411.541732 2924052
411.548555 2916722
411.631832 2915239
411.647782 2903422
411.667512 2902566
411.806646 2900429
411.822949 2890788
411.852214 2890448
411.970643 2890133
412.007800 2887807
412.140992 2886286
412.176265 2885060
412.201764 2884311
412.576113 2884083
412.671508 2883198
412.733955 2874724
421.365887 2873999
421.370651 2873626
421.371393 2871071
421.385988 2867561
421.418565 2867111
421.452601 2865186
421.470152 2863429
421.470895 2860851
421.491041 2855345
421.528782 2853679
421.619485 2838781
421.837160 2838730
421.873429 2837795
421.954883 2836233
422.013341 2834258
422.483264 2833145
422.713662 2828391
428.181963 2823371
431.159734 2822646
431.164496 2822273
431.165262 2819718
431.179860 2816208
431.224856 2815705
431.241744 2815316
431.246512 2813833
431.264037 2812076
431.264779 2809498
431.280156 2808513
431.310189 2801331
431.412602 2787428
431.657836 2786442
431.736483 2784880
431.789946 2783425
432.467015 2782422
432.481673 2779722
434.897681 2779579
437.621741 2779024
438.677434 2777080
441.048494 2776355
441.053453 2775982
441.054225 2773427
441.069411 2769917
441.102512 2769467
441.133726 2769025
441.138486 2767542
441.155976 2765785
441.156718 2763207
441.172064 2762222
441.304528 2741137
441.513890 2741086
441.549486 2740151
441.627984 2738589
441.685574 2736614
442.154286 2735501
442.371737 2733431
442.383411 2730747
450.856411 2730022
450.862143 2723677
450.887944 2722898
450.941704 2722692
450.946641 2721209
450.956565 2713014
450.960000 2709702
450.975244 2709392
451.124410 2697935
451.151095 2696758
451.286860 2696103
451.336692 2693777
451.457047 2692256
451.503090 2691030
451.514869 2690281
451.901394 2690053
451.984622 2689168
454.512633 2687921
455.445074 2686400
455.577492 2686345
456.818747 2685184
460.503814 2684459
460.509299 2678114
460.563666 2677518
460.590386 2675646
460.599918 2667451
460.603211 2664139
460.760668 2652372
460.832698 2650812
460.916768 2650540
461.047481 2648262
461.059256 2648255
461.080575 2646693
461.128735 2645238
461.887029 2645130
462.008910 2642471
464.371503 2641120
464.925218 2641002
465.060156 2639116
470.255459 2638391
470.260915 2632046
470.315133 2631450
470.341810 2629578
470.351262 2621383
470.354554 2618071
470.511642 2606304
470.583557 2604744
470.666964 2604472
470.797535 2602194
470.809192 2602187
470.830435 2600625
470.878446 2599170
471.629979 2599062
471.751579 2596403
474.066886 2595052
476.385568 2592788
479.897515 2592063
479.903205 2585718
479.939680 2585175
479.987819 2583250
479.997692 2575055
480.001115 2571743
480.165508 2559976
480.240411 2558416
480.324144 2558144
480.360540 2555818
480.487758 2554297
480.522552 2553071
480.534268 2552322
480.922005 2552094
481.004967 2551209
487.160396 2549912
489.573283 2549187
489.578754 2542842
489.614780 2542299
489.662860 2540374
489.672742 2532179
489.676061 2528867
489.834222 2517100
489.906249 2515540
489.991153 2515268
490.029118 2512942
490.161555 2511421
490.197687 2510195
490.209936 2509446
490.611913 2509218
493.441569 2505848
499.369757 2505123
499.375253 2498778
499.447155 2498685
499.455989 2498572
499.456369 2496310
499.465902 2488115
499.469196 2484803
499.627328 2473036
499.699357 2471476
499.783356 2471204
499.885251 2468919
499.947263 2467357
499.993590 2465382
500.835357 2463135
509.243453 2462410
509.251485 2455522
509.330026 2453597
509.336222 2453053
509.340231 2450735
509.340607 2449951
509.405469 2449262
509.495969 2443247
509.502193 2428034
509.661166 2427141
509.784280 2426792
509.819003 2424644
509.865197 2422669
512.000421 2420309
518.958269 2419584
518.966308 2412696
519.044936 2410771
519.051159 2410227
519.054822 2407035
519.119402 2402576
519.212584 2400421
519.220953 2400148
519.222802 2386320
519.372706 2385665
519.378583 2384315
519.495534 2383387
519.536923 2381818
519.576714 2380363
523.070291 2379728
526.221802 2379531
528.764457 2378806
528.772805 2371918
528.854800 2369993
528.861249 2369449
528.864903 2366257
528.929457 2361798
529.021537 2359643
529.029600 2359370
529.031428 2345542
529.181736 2344887
529.187571 2343537
529.334167 2343188
529.345884 2341040
529.415439 2339065
532.811790 2338950
538.574825 2338225
538.582873 2331337
538.661627 2329412
538.667838 2328868
538.671500 2325676
538.735941 2321217
538.828308 2319062
538.836335 2318789
538.838192 2304961
538.988189 2304306
538.994064 2302956
539.140394 2302607
539.152153 2300459
539.221704 2298484
548.410434 2297759
548.418472 2293001
548.443121 2291769
548.472048 2291321
548.504504 2289349
548.504882 2288339
548.557022 2287189
548.557780 2284611
548.574635 2280751
548.664407 2277511
548.669516 2275590
548.693939 2265672
548.876889 2264758
548.896649 2260503
556.019167 2259466
558.032415 2258741
558.040067 2253983
558.063791 2252751
558.092639 2252303
558.125414 2250331
558.125807 2249321
558.171859 2249047
558.178847 2248171
558.179589 2245593
558.196511 2241733
558.286410 2238493
558.291553 2236572
558.316104 2226654
558.519010 2221485
567.243721 2221201
567.883941 2220476
567.891954 2215718
567.916642 2214486
567.944480 2214038
567.949273 2213588
567.975984 2212066
567.976363 2211056
568.021724 2210782
568.028692 2209906
568.046317 2203468
568.136441 2200228
568.141587 2198307
568.166081 2188389
568.360384 2185207
568.369591 2183220
573.904899 2182327
576.690844 2181980
577.420605 2181255
577.428273 2176497
577.451961 2175265
577.511240 2172845
577.511620 2171835
577.556907 2171561
577.566132 2168706
577.581521 2164247
577.671264 2161007
577.676399 2159086
577.700954 2149168
577.904204 2143999
587.057957 2143274
587.066335 2140149
587.098360 2137096
587.142903 2136723
587.143281 2134461
587.150933 2132704
587.218218 2126266
587.324723 2123868
587.332788 2123003
587.346680 2115241
587.370458 2113594
587.383638 2113125
587.803786 2110058
587.858536 2108581
589.847652 2106633
596.754998 2105908
596.763388 2102783
596.772503 2101150
596.796237 2099918
596.840295 2099357
596.840673 2097095
596.848345 2095338
596.915933 2088900
597.015603 2085660
597.020711 2083739
597.045162 2073821
597.502390 2066731
