0.001297 7016173
0.004254 6999008
0.006092 6990476
0.013011 6987612
0.415144 6930870
0.421004 6916486
0.422118 6915181
0.434120 6910751
0.460338 6910065
1.752603 6902496
2.191519 6893074
2.203553 6892748
2.336523 6892052
4.626640 6888513
9.584902 6868963
9.587875 6851798
9.589726 6843266
9.596641 6840402
9.998753 6783660
10.004588 6769276
10.005688 6767971
10.033746 6765942
10.043959 6762855
11.336307 6755286
11.774882 6745864
11.919985 6744842
12.298929 6741380
19.122606 6721830
19.125560 6704665
19.127399 6696133
19.134329 6693269
19.536439 6636527
19.542271 6622143
19.543368 6620838
19.571429 6618809
19.581639 6615722
21.314102 6598731
21.459161 6597709
28.651313 6578159
28.654240 6560994
28.656063 6552462
28.663001 6549598
29.064889 6492856
29.070733 6478472
29.099825 6475138
29.110054 6472051
30.849922 6468671
30.879089 6457606
38.165591 6438056
38.168569 6420891
38.170416 6412359
38.212691 6411543
38.231694 6410004
38.579417 6352753
38.595074 6344289
38.595811 6334049
39.928360 6324379
47.675424 6304829
47.678355 6287664
47.680177 6279132
47.722457 6278316
47.741436 6276777
48.089711 6219526
48.098815 6208007
48.100279 6201808
48.180929 6200122
50.511298 6194750
50.742511 6192766
57.236591 6173216
57.239559 6156051
57.241380 6147519
57.283674 6146703
57.302680 6145164
57.650934 6087913
57.660038 6076394
57.695087 6072224
57.766767 6069495
60.126206 6066879
66.780839 6047329
66.783807 6030164
66.785629 6021632
66.794729 6018768
67.194781 5962026
67.213332 5944308
69.278416 5941803
76.346838 5922253
76.349769 5905088
76.351591 5896556
76.360673 5895740
76.368349 5894327
76.412845 5894201
76.760684 5836950
76.779261 5819232
85.855159 5799682
85.857726 5779160
85.864992 5771121
86.436561 5752591
86.914789 5736976
86.994289 5727377
87.076221 5719957
87.080230 5717472
87.181551 5712314
89.434871 5709367
89.630772 5707017
89.640232 5699554
89.677408 5672500
95.410514 5652950
95.413067 5632428
95.420347 5624389
95.991775 5605859
96.470245 5590244
96.549801 5580645
96.678180 5572767
96.715722 5566891
96.728976 5559831
101.812030 5551752
104.934152 5532202
104.936702 5511680
104.943975 5503641
105.515921 5485111
105.994575 5469496
106.074033 5459897
106.195753 5459697
106.202339 5452019
106.239879 5446143
106.274101 5444834
109.862499 5441748
114.478594 5422198
114.481146 5401676
114.488421 5393637
115.059569 5375107
115.545372 5359492
115.627044 5349893
115.755356 5342015
118.072183 5336153
118.089281 5332680
124.004562 5313130
124.007172 5292608
124.014461 5284569
124.586275 5266039
125.064863 5250424
125.144335 5240825
125.241684 5240625
125.272713 5232947
130.316611 5226919
133.525598 5207369
133.528166 5186847
133.535446 5178808
134.106681 5160278
134.584991 5144663
134.664535 5135064
134.761810 5134864
134.765093 5125159
134.845940 5114250
143.046044 5094700
143.048592 5074178
143.067525 5072188
143.076994 5070635
143.081769 5068187
143.107320 5067047
143.639732 5057806
143.647043 5056251
143.652515 5041880
144.131683 5036630
144.192922 5035037
144.211154 5024680
144.266602 5014517
145.163612 5014511
145.597419 5014489
152.564078 4994939
152.566639 4974417
152.595018 4969364
152.617624 4966378
153.150075 4960981
153.165759 4950605
153.189242 4947848
153.652136 4934593
153.673288 4932233
153.752729 4922634
153.850193 4922434
154.626070 4918445
154.681110 4914750
162.096842 4895200
162.099413 4874678
162.116506 4872688
162.125995 4871135
162.130735 4868687
162.156255 4867547
162.689206 4858306
162.696505 4856751
162.701994 4842380
163.174036 4837130
163.235340 4835537
163.253543 4825180
163.363611 4823048
171.623663 4803498
171.626231 4782976
171.636068 4777923
171.658663 4774937
172.200476 4774422
172.204487 4771387
172.207045 4759164
172.229961 4756407
172.686836 4743152
172.707958 4740792
172.787361 4731193
179.493775 4729990
181.128507 4710440
181.131074 4689918
181.140896 4684865
181.163452 4681879
181.705523 4681364
181.709538 4678329
181.712100 4666106
181.735035 4663349
182.192250 4650094
182.213354 4647734
182.292836 4638135
190.638487 4618585
190.641078 4598063
190.646929 4592072
190.672424 4590932
191.218271 4565765
192.099247 4549496
200.173660 4529946
200.176219 4509424
200.182422 4509366
200.184610 4505536
200.198455 4501385
200.752562 4499856
200.753301 4497755
200.770060 4482855
201.293723 4481678
202.290344 4480151
204.251142 4469964
204.403004 4466238
209.686026 4446688
209.688575 4426166
209.694758 4426108
209.696941 4422278
209.711527 4420175
209.719916 4419035
210.264687 4416598
210.265426 4414497
210.282894 4393868
213.759349 4386706
215.478486 4385088
219.193839 4365538
219.196388 4345016
219.202584 4344958
219.204767 4341128
219.219342 4339025
219.783512 4335448
219.784252 4333347
219.801746 4312718
223.288396 4304901
226.852470 4302736
228.743195 4283186
228.745762 4262664
228.751943 4262606
228.754146 4258776
228.768705 4256673
228.794581 4255533
229.321911 4253096
229.322651 4250995
229.340112 4230366
237.173618 4230037
238.253120 4210487
238.255684 4189965
238.261878 4189907
238.264058 4186077
238.278635 4183974
238.304513 4182834
238.831598 4180397
238.832337 4178296
238.849798 4157667
246.848940 4144095
247.766265 4124545
247.768812 4104023
247.775014 4103965
247.777195 4100135
247.791764 4098032
247.817641 4096892
248.345114 4094455
248.345872 4092354
248.363342 4071725
257.269805 4052175
257.273084 4045816
257.274917 4031609
257.289843 4027582
257.295310 4025662
257.321181 4024522
258.525131 4023797
258.866841 4015552
258.910945 4015089
259.136857 4013579
259.137598 4005075
263.915577 4004927
265.255681 4004903
265.731430 4001269
266.779872 3981719
266.783166 3975360
266.784988 3961153
266.799917 3957126
266.805375 3955206
266.831263 3954066
268.033266 3953341
268.375020 3945096
268.419099 3944633
268.647091 3937639
271.472186 3937177
273.432402 3935783
273.441173 3934471
274.789366 3934447
276.328477 3914897
276.331782 3908538
276.333604 3894331
276.348534 3890304
276.354024 3888384
277.924036 3878274
278.198867 3867797
282.982401 3867649
285.848428 3848099
285.851726 3841740
285.853550 3827533
285.868497 3823506
285.873979 3821586
285.890033 3820446
287.093050 3819721
287.444436 3811476
287.478654 3811013
287.708964 3804019
290.521305 3803557
292.526309 3801052
295.389092 3781502
295.392385 3775143
295.394228 3760936
295.409123 3756909
295.414602 3754989
296.984405 3744879
297.240871 3734402
304.921749 3714852
304.925069 3708493
304.926913 3694286
304.931649 3692340
304.954619 3690442
304.967037 3689155
306.561029 3681109
309.636824 3679872
309.653983 3676664
309.670022 3676151
310.065817 3670310
314.446100 3650760
314.449374 3644401
314.451225 3630194
314.455962 3628248
314.480730 3626695
314.498600 3626167
314.516840 3625185
316.061581 3618850
316.074012 3614137
319.160797 3614016
319.174674 3610046
321.975606 3609154
323.956513 3589604
323.959802 3583245
323.961625 3569038
323.966380 3567092
323.991159 3565539
324.003214 3565194
324.009067 3565011
324.027331 3564029
325.571922 3557694
325.584299 3552981
328.670453 3552860
328.699538 3550903
329.292722 3550568
329.690994 3549002
333.467793 3529452
333.471090 3523093
333.472913 3508886
333.477656 3506940
333.514849 3503755
335.379660 3501666
335.417590 3497754
338.184355 3494472
338.186570 3494211
338.188394 3488738
340.634893 3487179
343.004532 3467629
343.007829 3461270
343.009648 3447063
343.014403 3445117
343.053345 3443564
343.066882 3443256
343.075288 3442054
344.917717 3439843
344.955626 3435931
347.735695 3432649
347.737913 3432388
347.739738 3426915
352.535120 3407365
352.538416 3401006
352.540237 3386799
352.544973 3384853
352.563177 3382772
352.605904 3381790
354.151620 3373622
357.546713 3373072
358.329368 3370789
360.527091 3369872
362.062211 3350322
362.065488 3343963
362.067326 3329756
362.072063 3327810
362.090292 3325729
362.122801 3322669
363.326012 3321944
363.680089 3316579
364.004136 3316518
367.061085 3316029
367.844029 3313746
371.578956 3294196
371.582243 3287837
371.584067 3273630
371.588800 3271684
371.607030 3269603
371.639517 3266543
372.841953 3265818
373.518903 3260392
376.588417 3259903
378.693809 3257771
381.109732 3238221
381.113005 3231862
381.114845 3217655
381.119579 3215709
381.137818 3213628
381.170299 3210568
382.373672 3209843
382.748520 3204478
386.108494 3203928
387.151730 3199185
390.623727 3179635
390.627015 3173276
390.628836 3159069
390.633572 3157123
390.651800 3155042
390.684267 3151982
391.887373 3151257
392.550925 3145831
395.619579 3145342
400.145961 3125792
400.149238 3119433
400.151085 3105226
400.155820 3103280
400.174038 3101199
400.206507 3098139
401.409774 3097414
402.073296 3091988
408.990544 3091892
409.671770 3072342
409.675073 3065983
409.676899 3051776
409.681633 3049830
409.700592 3047749
409.747750 3046645
411.665284 3038538
419.259496 3018988
419.262785 3012629
419.264608 2998422
419.299284 2994777
419.328873 2993291
422.546396 2988745
426.899090 2987648
428.796238 2968098
428.799549 2961739
428.801374 2947532
428.835979 2943887
428.843655 2943725
428.865559 2942401
432.123516 2942237
432.577824 2936883
438.349579 2917333
438.352880 2910974
438.354709 2896767
438.377624 2895585
438.385278 2894821
438.403553 2892740
438.418919 2891636
441.614894 2887090
443.251991 2886983
447.874852 2867433
447.878155 2861074
447.879980 2846867
447.901445 2843222
447.909118 2843060
447.928835 2842840
447.944204 2841736
451.175855 2840881
453.159929 2837311
457.406710 2817761
457.410008 2811402
457.411830 2797195
457.434015 2790108
460.663595 2789702
460.693461 2787518
466.913509 2767968
466.916801 2761609
466.918639 2747402
466.947002 2743375
468.188223 2743364
470.453646 2742908
472.863325 2741311
473.157355 2740984
476.421449 2721434
476.424744 2715075
476.426590 2700868
476.455364 2697061
476.468868 2693781
482.361867 2692821
485.934222 2673271
485.937540 2666912
485.939381 2652705
485.969968 2650759
487.208478 2648667
489.460543 2648211
492.308531 2646755
494.768337 2646035
495.441419 2626485
495.444712 2620126
495.446559 2605919
495.477123 2603973
497.082423 2603832
498.968347 2601425
501.815979 2599969
504.958138 2580419
504.961411 2574060
504.963243 2559853
505.032095 2558124
506.599743 2557766
508.484813 2555359
513.030672 2553976
514.493079 2534426
514.496369 2528067
514.498203 2513860
515.688090 2511820
515.760234 2509822
518.035696 2509366
524.016992 2489816
524.020281 2483457
524.022114 2469250
525.210761 2467210
525.282005 2465212
533.523611 2445662
533.526902 2439303
533.537461 2434699
533.539668 2423367
533.543671 2423150
534.723197 2423056
536.064823 2421823
543.051174 2402273
543.054474 2395914
543.063571 2381707
544.245985 2379667
551.497886 2379211
552.561514 2359661
552.564799 2353302
552.573912 2339095
552.640345 2337366
555.654203 2337008
562.062891 2317458
562.066191 2311099
562.075285 2296892
562.141640 2295163
571.602223 2292309
571.606618 2289578
571.679909 2286202
571.681374 2285119
571.718953 2284495
571.722263 2282348
571.728110 2278891
571.733980 2267511
572.156982 2262335
572.571831 2259822
574.401735 2259802
575.034664 2259101
576.224244 2257878
581.123279 2255024
581.127667 2252293
581.200992 2248917
581.202478 2247834
581.220693 2239110
581.282810 2237297
581.317426 2232315
581.678425 2225050
581.711612 2223898
582.095323 2222537
583.044614 2218347
590.641773 2216422
590.642155 2213926
590.661451 2213245
590.725029 2202075
590.730884 2190695
591.204886 2185519
591.640566 2181471
594.379474 2181387
596.247613 2180489
