7.476863 707040
7.477092 706776
7.767799 705491
11.157871 702372
12.329260 701938
12.329467 701674
12.622136 700389
16.432018 699405
16.432414 698715
17.178351 698281
17.178588 698017
17.469575 696732
21.308080 693822
22.022584 693388
22.022808 693124
22.313955 691839
26.838253 691088
26.894215 690654
26.894426 690390
27.191904 689105
31.781929 688671
31.782286 688407
32.357312 687977
36.554560 687887
36.619604 687453
36.619808 687189
37.192465 686759
41.476939 686325
41.477151 686061
43.026753 685856
43.959851 685645
46.357690 685211
46.357948 684947
47.930784 684742
50.357955 684641
51.247879 684207
51.248084 683943
52.799861 683738
56.109984 683304
56.110244 683040
57.929035 682907
58.098371 682868
60.966268 682434
60.966512 682170
62.784267 682037
64.452268 682030
65.814434 681596
65.814636 681332
67.623397 681199
69.385867 681194
70.314643 681193
70.640832 680759
70.641032 680495
72.459733 680362
74.219501 680357
75.493561 679923
75.493763 679659
77.356004 679526
80.373267 679092
80.373509 678828
82.439621 678706
85.209219 678272
85.209420 678008
90.116562 676845
95.605113 676769
95.721140 676157
100.487705 676081
101.490713 675875
103.307545 675711
103.488004 675696
104.299346 675614
104.603763 675552
105.339916 675476
106.352693 675270
108.173134 675106
108.353614 675091
109.165384 675009
110.207623 674933
111.199643 674727
113.023964 674563
113.203792 674548
114.007572 674252
115.057189 674176
116.046294 673970
117.863511 673806
118.043366 673791
119.900077 673715
120.915340 673509
122.768669 673345
122.907783 673324
122.929022 673264
124.835885 673188
125.823127 672982
127.660348 672818
129.693805 672742
130.710817 672536
134.568416 672460
135.954429 672331
138.550287 672268
139.413732 672192
140.801150 672063
144.289084 671987
148.184950 671897
149.150822 671821
153.081982 671728
154.027202 671652
158.835416 671389
158.874502 670295
166.818201 670259
260.582661 669773
266.089817 669697
266.208759 669085
271.005706 669009
271.996178 668803
273.816930 668639
273.996416 668624
274.809614 668542
275.112329 668480
275.849834 668404
276.853626 668198
278.681767 668034
278.861204 668019
279.673985 667937
280.712209 667861
281.701129 667655
283.524525 667491
283.705210 667476
284.505040 667180
285.553761 667104
286.542496 666898
288.374425 666734
288.554414 666719
290.401613 666643
291.411938 666437
293.227725 666273
293.366719 666252
293.387220 666192
295.263284 666116
296.247530 665910
298.069776 665746
300.104848 665670
301.117653 665464
304.963778 665388
306.346885 665259
308.934424 665196
309.800787 665120
311.182054 664991
314.644834 664915
318.531094 664825
319.490429 664749
323.417950 664656
324.359668 664580
329.173652 664317
329.212610 663223
337.066681 663187
