0.001580 7015716
0.003688 6989354
0.004496 6988159
0.005296 6976094
0.005690 6952947
0.007247 6939759
0.008819 6910931
0.009214 6869895
0.009606 6748536
0.010404 6722903
0.010801 6691331
0.011974 6690365
0.012385 6688710
0.012815 6587150
0.014036 6583509
0.014449 6573663
0.015222 6502476
0.016417 6492910
0.016842 6435547
0.017231 6427975
0.018047 6425819
0.021763 6365187
0.022173 6341181
0.022976 6340890
0.023378 6301986
0.023781 6269572
0.025381 6260091
0.027376 6253298
0.029792 6231815
0.030205 6228666
0.038156 6214583
0.038973 6185665
0.039811 6169354
0.043847 6120401
0.050948 6110226
0.052115 6057066
0.052908 6026073
0.058831 5983350
0.059222 5977558
0.059607 5970473
0.060384 5950043
0.060785 5839155
0.061563 5807144
0.065025 5751103
0.066938 5711940
0.067327 5695960
0.067713 5685993
0.069263 5654712
0.071169 5645443
0.072318 5639910
0.075016 5575788
0.075809 5572844
0.076580 5552151
0.078128 5548198
0.078514 5546604
0.085426 5492419
0.086197 5480571
0.087349 5451566
0.087737 5428003
0.088122 5406669
0.113855 5405814
0.114250 5367158
0.127746 5290213
0.129358 5282547
0.198980 5282129
0.200192 5278356
0.202595 5243961
0.370528 5243314
0.391084 5227696
0.430727 5201693
0.431139 5185345
0.432325 5184448
0.432742 5164258
0.479637 5126353
0.481959 5120029
0.482350 5114757
0.483119 5114216
0.534980 5086516
0.567504 5082623
0.580118 5078578
0.580908 5077094
0.584351 5041153
0.585134 5036875
0.592026 5033037
0.592807 5024302
0.593576 4914780
0.597031 4881282
0.598943 4877702
0.599714 4855093
0.601261 4852485
0.602030 4844484
0.602799 4838840
0.603186 4827119
0.607393 4813795
0.611992 4811385
17.636659 4799456
17.642926 4744172
17.680985 4706074
17.681778 4694995
17.682168 4679771
17.720215 4673897
17.720623 4658115
17.722968 4644972
17.723750 4643616
23.950313 4610151
23.951924 4589810
23.952334 4584308
23.952759 4557022
23.953977 4554928
23.954788 4548904
23.955190 4546145
23.961658 4539405
25.462212 4531937
25.468286 4495642
25.468711 4495541
25.477575 4477372
25.477983 4453639
25.480810 4451011
25.488460 4447306
25.731477 4433082
25.731889 4424168
25.860342 4417123
25.862308 4410599
28.643626 4399529
28.645227 4396283
28.647954 4391693
28.753566 4362484
28.754786 4362469
28.755596 4359230
28.756403 4334387
28.756825 4331345
28.757636 4296768
28.758845 4273595
28.759248 4269383
28.759647 4225566
28.760455 4222861
28.767709 4208009
28.768113 4205316
28.768514 4189186
28.793892 4182727
28.794285 4180759
30.789557 4170296
30.793536 4164806
30.885679 4163465
30.893730 4162220
30.896947 4161330
30.897762 4155582
30.898572 4154149
30.910236 4119338
30.913464 4106748
30.916691 4101980
30.937161 4100619
31.493133 4077235
31.493951 4076968
31.494355 4066986
31.494756 4063378
31.495156 4053015
31.495554 4045546
31.496787 4044989
31.497191 4039898
31.497996 4034419
31.498396 4033318
31.508476 4025242
31.509714 4024091
31.510117 4015493
31.556290 4005062
31.557924 4004796
32.669972 4004580
32.670383 4002037
32.703365 3942716
33.168558 3940190
33.169370 3939811
33.169763 3893209
41.468498 3888431
41.470519 3878950
41.472089 3872846
41.476770 3870887
41.477562 3870173
41.496981 3865843
41.500103 3863519
41.502075 3850339
41.502467 3823049
41.503634 3821324
41.505216 3809174
41.511840 3790653
41.513415 3782820
41.513805 3765809
45.421626 3741663
45.423663 3722592
45.424475 3720932
45.424897 3719503
45.426920 3712217
45.430568 3707550
45.439429 3695886
45.443871 3689427
45.589379 3683949
45.590169 3667027
49.906062 3663014
49.908029 3652516
49.908839 3650495
49.915464 3641618
49.915858 3639298
49.916657 3592676
49.917048 3549297
50.617703 3516066
52.766663 3512803
52.769519 3506469
52.784007 3497529
52.785650 3491749
52.794123 3467542
52.794532 3463900
52.797376 3358200
52.846781 3345624
52.901777 3342176
52.909211 3330966
54.223111 3329066
54.224294 3322514
54.224710 3318321
54.225889 3317465
54.226671 3314029
54.227455 3304103
54.228238 3299585
54.286602 3293427
54.937699 3288031
54.939315 3279780
55.013441 3279628
55.015007 3263835
55.067584 3248653
55.108724 3237183
55.111553 3202352
55.113993 3175319
55.114397 3170183
55.114799 3169248
55.118838 3163110
55.127709 3142926
55.161174 3137750
55.167266 3130123
55.221245 3113618
55.226505 3110306
58.556822 3099646
58.557235 3093181
58.563290 3061811
58.567729 3061753
58.595562 3055138
58.598805 3039664
58.600843 3021394
61.621937 3002517
61.663746 2965322
61.664155 2943544
61.670624 2896138
61.812530 2893579
61.894571 2891137
61.894980 2887222
61.896187 2882621
61.897812 2881425
61.905859 2856654
61.908273 2854458
61.914746 2845436
61.919552 2844330
61.926009 2843842
61.926412 2843353
61.927218 2830804
61.929652 2830073
61.931268 2828117
63.435936 2823064
63.438749 2820699
63.507645 2817697
63.520097 2779531
63.523237 2778128
63.536517 2748002
63.536920 2746769
63.630277 2719312
63.635377 2710398
71.139784 2706150
71.140625 2701668
71.152718 2701220
71.154739 2700942
71.373935 2687989
71.377975 2682160
71.378383 2679871
71.437910 2676407
71.549532 2674826
71.553986 2667450
71.557636 2665020
71.560059 2662742
71.561681 2645218
73.549402 2643939
73.551756 2642679
73.554512 2631202
73.555299 2626465
73.556477 2625509
73.560791 2612323
73.564716 2601565
73.565506 2601497
73.569817 2599410
73.571380 2589576
73.574901 2587035
73.576866 2584123
73.684646 2580379
73.685044 2577065
74.543508 2573913
74.543925 2573761
74.545152 2569558
74.551009 2569369
74.553760 2558145
74.602930 2556440
74.605382 2544174
74.607803 2541872
74.649126 2539203
74.649524 2538584
74.656322 2533489
74.657565 2529964
74.661479 2527315
74.664320 2515048
74.664752 2510937
74.665940 2495642
74.676318 2490832
74.677518 2490430
74.970844 2487598
74.972067 2480715
75.048509 2476131
75.049749 2474773
75.050966 2470625
75.052181 2467224
75.058252 2464390
75.058656 2464051
75.078785 2463578
75.084875 2463468
75.229556 2459789
75.231580 2446359
75.234415 2423461
75.240484 2399131
77.449738 2376931
77.451368 2372734
77.492925 2371568
77.624620 2370741
77.627454 2358414
77.630714 2357064
77.641601 2350296
77.660957 2349919
77.672271 2345729
77.674323 2322248
77.678769 2318535
77.679173 2314041
78.964549 2307798
78.964981 2306657
81.467492 2294713
81.477646 2289221
81.479601 2285255
81.480387 2283801
81.537303 2280424
81.540843 2279593
83.489934 2277365
83.491506 2272704
83.519653 2271565
83.522025 2270086
83.578493 2254198
83.583959 2244780
83.584353 2241764
83.589953 2222776
83.618193 2219036
83.620219 2212814
83.688147 2210188
83.789197 2207556
83.872257 2206890
83.877115 2202068
83.877929 2188268
85.642460 2188145
85.642878 2185877
85.646012 2185858
85.672910 2185534
85.688160 2184937
85.691314 2176432
85.692101 2168644
85.697199 2164135
85.706948 2161265
85.708509 2160437
85.713605 2154754
85.715169 2152457
85.715561 2152112
85.835213 2151043
85.836006 2139664
85.838761 2137189
85.842300 2135567
85.846197 2129420
85.848152 2105180
85.850894 2101041
85.852067 2091319
85.855211 2082428
85.856384 2081210
90.373665 2080012
90.375294 2072459
90.389421 2070687
90.390642 2070125
90.398724 2069328
90.399129 2060631
90.403184 2059982
90.409270 2058715
90.414919 2056569
90.416961 2048882
90.427131 2041154
90.456547 2034635
90.459794 2034180
90.461032 2029186
90.468703 2000742
90.473997 2000737
90.810111 2000363
90.819003 1995763
90.822256 1990220
90.823068 1980124
90.826713 1971801
90.834738 1965477
90.843708 1954826
90.844893 1954688
90.845681 1953298
91.445890 1950781
91.447918 1949956
91.448324 1947432
91.449150 1945661
91.488362 1940717
91.491907 1940691
91.492703 1939674
91.498579 1936683
91.581309 1935426
91.600713 1934533
92.772512 1932662
92.777632 1929434
93.121754 1922876
93.138693 1918116
93.354845 1908610
93.470695 1902387
93.630177 1898622
95.473501 1895295
96.924420 1887304
97.161114 1879779
97.170007 1865008
97.183127 1850231
97.276353 1848110
97.279493 1844436
97.285359 1825458
97.583137 1812339
97.617254 1811292
97.627800 1809401
97.639466 1808448
97.658759 1807564
97.707974 1799732
97.722024 1777096
97.723979 1767741
97.724370 1752912
98.045988 1751219
98.053838 1747503
98.065170 1745782
98.092515 1741055
99.274208 1738364
99.347925 1732578
99.353621 1710184
99.528347 1707371
105.730076 1705978
105.741507 1703513
105.741903 1702011
105.743077 1689483
105.746208 1685092
105.751306 1681554
105.759913 1681507
105.786901 1671997
106.029239 1668116
106.270797 1661081
106.282248 1659543
106.288889 1659100
106.294361 1658563
106.308068 1653928
106.316698 1651326
106.321007 1649590
106.622962 1649067
106.632687 1647748
106.646019 1644183
106.649176 1642127
106.654276 1638392
106.663312 1632783
110.674960 1629518
110.678677 1627564
110.679905 1625555
111.021619 1623484
111.023582 1622326
111.023974 1621187
111.029852 1620520
111.062493 1620409
111.364658 1618065
111.365845 1616227
111.366237 1615623
111.382220 1604465
111.385348 1597905
111.393931 1596436
111.492580 1594606
111.635805 1593729
111.684591 1592864
111.696309 1581504
111.697904 1558837
112.192290 1558411
112.193930 1550023
112.197178 1549271
112.233587 1540862
112.236831 1534841
112.258656 1532083
112.265536 1529517
112.267155 1528909
112.269611 1525888
112.444438 1522144
112.448101 1517888
112.663193 1514427
112.699909 1510638
112.700724 1507367
112.701899 1506644
112.710472 1506488
112.854319 1505020
112.867222 1496666
112.871265 1496240
112.872898 1490064
112.877343 1481116
112.891077 1474537
112.891485 1472371
113.027998 1468794
113.069912 1468587
113.443595 1468337
113.554267 1465136
113.631842 1455058
113.756642 1452177
114.270055 1451981
114.353295 1450275
114.509991 1449399
114.517424 1448803
114.532259 1446378
114.536559 1441233
115.731152 1437745
115.734012 1434583
115.758646 1434546
115.760270 1432840
115.762707 1421409
115.770380 1420413
115.794198 1416304
116.031840 1411809
116.319143 1409796
116.329287 1409589
116.344507 1408094
116.355861 1407248
116.376192 1395193
116.383084 1390641
119.907381 1387370
119.939257 1381096
119.943646 1371799
122.134669 1362719
122.196501 1358306
122.266951 1355418
122.285561 1354632
122.358517 1353687
122.362818 1352038
122.368306 1350456
122.379651 1347301
122.386691 1336946
122.473719 1334575
124.957179 1330562
124.957595 1330407
124.961232 1327063
126.399798 1326802
126.656881 1326496
126.747256 1325485
127.007671 1315563
127.022539 1312679
127.030753 1311557
127.061610 1308231
129.474096 1305817
133.860575 1303851
133.862959 1303112
133.905107 1295737
133.916823 1294267
134.011656 1291736
134.013295 1283667
134.022988 1283286
134.028247 1279930
134.369792 1278744
134.381164 1270100
134.403099 1265323
136.642377 1256303
136.648264 1253626
136.777746 1239593
136.797128 1239265
136.799963 1238392
136.833332 1233590
137.139091 1232276
137.144165 1219401
137.144979 1214613
137.146940 1213402
137.147333 1212915
137.150469 1207831
137.158300 1207118
137.171200 1205668
137.177469 1204397
137.196201 1204135
137.198572 1203738
137.236588 1203590
137.238565 1202850
139.439986 1198441
139.448087 1195289
139.456591 1191314
139.474749 1189185
139.932212 1187383
140.131578 1182663
140.199721 1167347
140.210251 1162472
140.216315 1160725
141.022764 1160679
141.154684 1158043
141.169165 1157987
141.526166 1157659
141.544564 1150800
141.555512 1150643
142.009375 1148231
142.021501 1142368
142.025949 1142041
142.026761 1137106
142.046128 1135952
142.048965 1128143
142.073227 1125940
143.821109 1122587
143.827598 1111570
144.033600 1109792
144.046858 1107953
144.066358 1107192
144.417973 1105463
144.422011 1102575
144.422416 1100642
144.438531 1098616
144.446190 1097820
144.595388 1097505
144.597841 1094150
146.057961 1092092
146.086903 1091569
148.072085 1090662
148.425137 1090289
148.429066 1089443
148.525456 1085701
148.532562 1083029
148.568102 1082055
148.577558 1079925
149.906845 1079519
149.908029 1078825
149.960470 1078231
149.988379 1076507
149.995272 1074734
150.023896 1072843
150.027802 1070174
150.208533 1069045
150.917495 1066793
151.009169 1064419
151.021671 1063479
151.022068 1061687
151.102509 1060964
151.295523 1060512
151.342917 1059519
151.400673 1059356
151.401898 1057358
151.457188 1054476
151.464883 1053980
151.472969 1052005
151.554830 1051511
151.620841 1049765
151.755511 1048966
151.795931 1048746
151.877653 1046354
151.897892 1044517
151.917272 1041611
151.921735 1041609
152.234753 1041430
152.264909 1038876
152.501749 1037140
153.862264 1037018
153.898220 1036478
153.927324 1034291
156.970897 1032344
156.983879 1031059
156.989166 1030042
157.069309 1029551
157.072432 1027014
157.431232 1025968
157.445697 1025618
158.303045 1024209
158.317593 1024150
159.092920 1021158
159.103879 1018235
159.119155 1017253
159.136790 1017214
159.427873 1013824
159.435972 1012284
161.740315 1009981
162.389645 1008686
162.513336 1006498
162.546554 1005709
162.565030 1005198
162.584389 1003826
162.617360 1003034
162.651400 996395
162.763407 995625
163.546772 994523
163.548351 992209
163.572524 991852
163.842824 989358
163.859318 988419
163.875057 984484
164.257641 984379
164.285799 984351
164.288941 981414
164.566904 979823
164.578243 977250
164.590769 975707
164.598459 973959
164.603727 973244
164.615042 973222
164.729558 972567
164.928866 969210
164.965588 969188
165.293515 967120
165.545238 965143
165.557746 964621
165.575658 964380
165.687935 963373
165.691859 963105
165.711366 960908
165.807477 960392
165.837516 959968
165.942011 959831
165.948477 959708
166.823424 959652
166.917351 956015
167.232965 954031
167.238501 953865
167.264668 953837
168.305094 953492
168.358446 947318
168.432653 946724
168.462361 944850
168.480261 944627
169.558982 943554
169.571490 941840
169.639736 941041
169.641707 940980
169.688836 939385
169.720006 937755
169.729790 937420
169.780877 935649
169.793347 934058
169.818282 933956
169.951813 933726
169.953048 933231
170.582876 933125
170.592177 931991
170.608890 930852
170.612012 928501
170.613979 927472
170.618656 927438
170.622958 925194
177.434154 925052
177.441223 924372
177.447487 924117
177.465243 922617
177.501558 921854
177.532364 917596
177.580032 917591
177.625467 917431
177.721680 914358
177.751547 913008
177.769216 911758
177.820435 911185
177.836048 910795
177.857977 910179
177.863469 909753
179.831756 909239
179.870515 909137
179.886271 908441
179.886680 908004
179.901220 907936
179.924920 907566
181.055930 904102
181.078453 901576
181.078864 899204
181.238810 898743
182.304667 897551
182.366868 897145
182.421470 897099
182.496159 894968
182.724191 893852
183.241650 893133
183.276802 892464
183.301450 892060
183.427428 890134
184.769320 890129
184.798186 887105
184.808762 886883
184.866074 885805
184.955499 884718
185.126158 883538
185.147266 883469
185.252933 880770
185.360288 880299
185.382169 879602
185.409681 878867
185.413320 876807
192.284267 876439
192.790911 876336
192.844869 875965
192.861642 875942
192.875315 875246
195.642190 874785
196.362185 873512
196.416677 873505
196.455249 873379
196.490782 873126
196.564975 872570
197.298595 867453
198.314661 864744
198.485528 864665
198.547830 864522
199.389483 862770
201.013154 862649
201.013954 861707
201.044383 861672
201.093845 859880
201.441912 855916
201.631935 855485
201.668223 854454
201.668652 853220
203.099180 852751
203.162722 850247
203.211312 849556
203.311876 849189
204.535800 848890
204.568486 848584
204.723219 847951
204.732644 847280
205.650882 847024
205.669776 846355
205.715097 844599
205.724000 844594
205.747035 841396
205.809018 840370
206.034868 839415
206.099858 838798
206.619566 838782
206.656910 836899
207.064117 836859
207.076681 836755
207.318015 836730
207.976064 836342
208.144636 835647
209.818072 833027
209.990804 833022
211.667753 828716
211.755501 826889
211.817173 826775
211.844068 824886
212.019017 823338
212.122871 823136
212.405491 821848
212.463020 821192
212.502455 818575
212.529861 817154
212.569039 816618
212.574899 815859
212.576465 815332
212.770026 815014
212.836443 814304
212.955915 813286
212.956315 812625
212.963359 810393
212.978613 810338
212.993820 809768
213.127600 809476
213.247144 809120
213.271468 805074
213.381285 804642
213.703385 804446
213.740051 803626
213.770606 802569
213.816287 802469
213.831133 800969
213.959533 800276
214.076636 798700
214.231975 798058
214.259411 797388
215.886099 794352
216.093114 794329
216.095085 792879
216.132244 791201
216.841054 788342
217.960741 787514
218.703042 787329
218.997779 786763
219.001838 786428
219.308458 785161
219.310434 785014
219.361516 784305
219.552983 782870
220.566295 782290
220.671854 780568
222.725152 780160
223.289170 780017
223.459280 779910
223.516129 779735
224.355941 777936
224.709471 777051
225.832612 777010
225.903642 775052
226.626233 774719
227.295666 774067
227.752875 774019
227.782790 773687
227.828842 773431
227.888457 772953
227.971784 772887
228.145740 772526
228.211419 771806
228.336752 771775
228.397594 771392
228.427909 770341
228.519471 769237
228.731858 768961
228.856365 768573
228.887231 768394
228.938572 767834
229.046466 767832
229.147941 767556
229.385126 766868
229.457396 766858
229.502145 766509
229.950764 766060
230.462845 765678
232.096091 765565
232.109403 765531
232.291692 764379
232.294551 764321
232.345700 763142
232.349246 762866
232.438817 762197
232.457740 761202
232.461664 760746
232.522559 760508
233.304987 760138
233.338509 759482
233.544685 758268
233.566945 756828
233.568925 756807
233.807365 756739
234.528292 756580
234.561059 756333
235.307898 755883
235.435897 755516
235.437141 754913
235.746033 754896
236.416568 754509
236.463813 754406
236.839564 753610
237.157102 751955
237.447423 751923
238.341540 751423
238.772996 751363
239.116910 751258
239.288065 750811
239.522419 750794
240.179182 750093
240.839032 749083
241.098546 748169
241.111455 747528
241.141680 747347
241.254626 746392
241.291623 746389
242.903015 746100
242.962301 745633
243.300771 745159
243.519606 744655
243.538882 742493
243.792010 742389
244.975176 742238
246.436815 741341
246.791649 739822
249.039282 739385
253.831724 738705
254.168342 738547
254.337318 738116
254.831370 738078
255.883735 737953
256.083508 737882
256.433255 737059
256.943106 736954
258.244281 736688
258.597300 735920
258.609168 735618
258.922271 735596
260.670850 735421
260.929983 735360
261.991865 735338
262.326286 735166
265.062601 735137
265.257520 734919
265.578927 733543
265.638802 733183
266.355216 731059
267.185614 730274
268.859679 728354
268.882727 724985
269.002447 724228
269.015716 723891
269.735462 723377
269.970381 721991
270.920870 721490
271.115613 720809
271.212905 720788
271.356124 720749
271.388829 720621
271.475232 720307
274.339228 719908
277.577813 718459
277.683157 717766
286.102790 717038
288.544335 716963
288.706100 716668
289.391519 715570
291.974299 715113
292.078035 714644
292.173293 710983
292.314967 710969
292.643952 710671
292.826135 710218
292.985670 710204
293.111748 709969
294.397454 709861
294.494512 709850
295.412255 709459
295.445210 709368
295.544480 709362
295.610822 709343
295.761827 709326
295.793394 708856
295.853901 708699
296.196393 708353
296.399824 707890
296.579998 707347
296.629233 706979
297.222654 706503
297.356992 705645
297.496288 704107
297.704549 703964
298.959454 703841
299.046495 703565
299.398132 703180
300.338272 703152
312.071821 701865
317.922610 701693
319.187741 701136
320.337253 701108
321.842853 700884
323.655677 700819
330.136757 700217
333.391517 699804
334.156326 699716
335.174243 699695
335.637118 699382
337.058139 699109
337.293869 698543
339.112191 698487
339.342578 698082
342.084763 697082
353.133732 696451
354.735193 696429
355.879053 696038
356.091309 695918
356.672869 695651
356.805986 694643
358.872922 694190
362.101381 693643
363.676284 693611
364.594643 693596
366.136290 693552
366.508764 693530
368.185112 692397
374.416926 691625
384.097035 691406
387.369240 690963
387.924982 690916
388.159466 690642
388.750884 690019
389.080343 689737
389.712324 688774
390.096383 687887
