0.000947 7231806
0.005068 7230031
0.006185 7226825
0.016539 7217619
0.025008 7217129
0.039825 7216397
0.090057 7127601
0.094540 7108500
0.111542 7104677
0.120603 7100702
0.206177 7099416
0.224363 7098398
0.253457 7097043
1.454751 7069151
1.483271 7066710
2.286666 7062032
2.304607 7061936
6.619313 7040365
9.805431 7030839
9.809533 7029064
9.810655 7025858
9.821053 7016652
9.829604 7016162
9.895122 6926634
9.899568 6907533
9.916719 6903710
9.943099 6899904
9.972401 6899783
10.027924 6897431
10.056913 6896076
11.251732 6868184
11.280460 6865743
12.121233 6861078
18.370140 6845821
19.589254 6836295
19.593331 6834520
19.594445 6831314
19.604928 6822108
19.613397 6821618
19.678687 6732090
19.683117 6712989
19.700147 6709166
19.726447 6705360
19.811454 6701680
21.023274 6671101
29.341995 6661575
29.346149 6659800
29.347272 6656594
29.351710 6646166
29.431778 6557370
29.459488 6539295
29.476628 6538285
29.517806 6529185
31.000361 6528253
31.017554 6525721
31.047452 6524571
35.234669 6522322
37.588779 6504044
39.116094 6494518
39.120181 6492743
39.121306 6489537
39.125765 6479109
39.205998 6390313
39.233374 6372238
39.250640 6371228
39.252946 6367887
39.291961 6362128
40.768996 6361196
45.005772 6355265
48.897344 6345739
48.901446 6343964
48.902568 6340758
48.907024 6330330
48.986958 6241534
49.021112 6218610
49.072232 6213349
56.006776 6211953
57.112560 6208374
58.725144 6198848
58.729217 6197073
58.730340 6193867
58.734820 6183439
58.815163 6094643
58.849381 6071719
58.900806 6066458
68.568565 6064116
68.568986 6055942
68.570101 6045781
68.576803 6041523
68.662193 6012155
68.663312 6000235
68.664069 5964868
68.690788 5929803
69.125350 5928287
78.339090 5919082
78.340271 5905858
78.352883 5904574
78.360698 5904406
78.387959 5904300
78.425624 5904270
78.429323 5795746
78.941792 5795583
85.253455 5777685
88.129558 5768480
88.130686 5755256
88.143404 5753972
88.151153 5753804
88.198635 5752750
88.219361 5645144
88.733310 5644981
97.850029 5637652
97.850819 5632574
97.853789 5632568
97.856781 5626579
97.871152 5621100
97.918725 5620046
97.935064 5575751
97.945853 5525465
98.532510 5516174
103.640634 5514865
107.306676 5514554
107.669129 5507225
107.669883 5502147
107.672864 5502141
107.675832 5496152
107.690338 5490673
107.740405 5490567
107.748935 5490518
107.754532 5445324
107.765314 5395038
108.360785 5385747
113.426370 5384438
115.865747 5381854
117.425486 5374525
117.426240 5369447
117.429207 5369441
117.432177 5363452
117.446554 5357973
117.496327 5357867
117.504843 5357818
117.510417 5312624
117.521110 5262338
118.110292 5253047
127.126870 5247077
127.131341 5239284
127.133931 5229334
127.147026 5229166
127.197708 5229060
127.206475 5229011
127.223212 5200548
127.241112 5155037
130.269167 5124549
136.890222 5118579
136.894698 5110786
136.897289 5100836
136.907667 5100346
136.984576 5072050
137.002020 5026539
140.298150 5004298
146.625902 4998328
146.630371 4990535
146.632992 4980585
146.655993 4980417
146.695787 4980311
146.704326 4980262
146.720663 4951799
146.726591 4936035
146.729217 4917005
146.756906 4906875
147.593736 4906447
151.265553 4896502
156.147646 4895807
156.399765 4889837
156.404256 4882044
156.406839 4872094
156.429707 4871926
156.477626 4870872
156.494341 4843308
156.500292 4827544
156.502892 4808514
156.530588 4798384
157.356621 4797956
161.013345 4788011
166.193805 4782041
166.198297 4774248
166.200894 4764298
166.247765 4763808
166.271991 4763076
166.288673 4735512
166.294613 4719748
166.306172 4707678
166.314664 4686365
170.891676 4684199
175.997023 4678229
176.001493 4670436
176.004093 4660486
176.051024 4659996
176.075119 4659264
176.091860 4631700
176.097778 4615936
176.107870 4602726
176.117838 4582553
183.048262 4581030
185.704831 4575060
185.709289 4567267
185.711901 4557317
185.752016 4557149
185.783078 4556095
185.799857 4528531
185.805834 4512767
185.815899 4499557
185.853428 4483607
192.773967 4482585
195.400415 4478113
195.490832 4472143
195.495297 4464350
195.497900 4454400
195.538176 4454232
195.566127 4454126
195.585903 4425614
195.591855 4409850
195.601865 4396640
195.639135 4380690
202.556974 4379668
205.280969 4373698
205.285431 4365905
205.288038 4355955
205.338934 4355465
205.375739 4327169
205.381684 4311405
205.391708 4298195
205.405068 4289160
205.445446 4284464
211.288390 4283454
211.601473 4280148
215.028951 4274178
215.033398 4266385
215.036013 4256435
215.086933 4255945
215.123827 4227649
215.129730 4211885
215.139758 4198675
215.153078 4189640
215.193226 4184944
220.999125 4183934
224.741738 4177964
224.746182 4170171
224.748789 4160221
224.800188 4159731
224.837744 4131435
224.843876 4115671
224.854116 4102461
224.867862 4093426
224.909018 4088730
234.491672 4084672
234.492131 4080813
234.495871 4078617
234.496619 4063795
234.661588 4056172
234.673088 4047483
234.674578 4040156
234.757496 4036042
234.788694 4032295
235.584755 4030524
235.905446 4002827
238.232218 3993543
244.223209 3989485
244.223600 3985626
244.227325 3983430
244.228091 3968608
244.392992 3960985
244.404520 3952296
244.406020 3944969
244.489124 3940855
244.514966 3939544
245.312509 3935337
245.627770 3907640
249.553499 3903573
254.096761 3899515
254.097149 3895656
254.100870 3893460
254.101618 3878638
254.265179 3871015
254.276652 3862326
254.278142 3854999
254.361187 3850885
254.379025 3847138
255.187671 3845367
255.503315 3817670
263.875522 3813612
263.875932 3809753
263.879634 3807557
263.880389 3792735
264.048049 3785112
264.059637 3776423
264.061150 3769096
264.144380 3764982
264.162192 3761235
264.962001 3759464
265.834380 3754721
265.874018 3751861
266.113618 3749897
266.851896 3741318
267.502599 3739161
271.202532 3738692
273.643220 3734634
273.643608 3730775
273.647344 3728579
273.648123 3713757
273.812868 3706134
273.824367 3697445
273.825857 3690118
273.909660 3686004
273.927910 3682257
273.953746 3680746
274.740368 3680486
275.601837 3675743
275.653953 3672846
277.277214 3660183
283.452709 3656125
283.453097 3652266
283.456823 3650070
283.457573 3635248
283.621753 3627625
283.633266 3618936
283.634765 3611609
283.719325 3607495
283.737442 3603748
283.762751 3602237
284.536957 3601977
285.424704 3600563
285.459226 3594337
287.991407 3594220
290.294228 3591820
293.237371 3587762
293.237758 3583903
293.241480 3581707
293.242228 3566885
293.406732 3559262
293.418212 3550573
293.419707 3543246
293.502471 3539132
293.520386 3535385
294.335248 3533614
295.223069 3532200
295.258580 3525974
295.460811 3524047
303.057304 3519989
303.057693 3516130
303.061418 3513934
303.062164 3499112
303.226137 3491489
303.238031 3482535
303.260804 3474565
303.331028 3470048
304.153679 3469342
304.181552 3467025
305.033707 3460780
305.075295 3458201
306.003673 3458084
312.850308 3454026
312.850692 3450167
312.854382 3447971
312.855126 3433149
313.019328 3425526
313.031114 3416572
313.037043 3416504
313.042605 3409528
313.053777 3408602
313.124155 3401649
313.963028 3401062
314.795102 3398464
314.797730 3394817
314.838434 3392238
322.565772 3388180
322.566156 3384321
322.569870 3382125
322.570614 3367303
322.735346 3359680
322.750070 3345328
322.767186 3344203
322.775928 3343664
322.855010 3334292
323.676439 3334032
325.673115 3330518
325.749276 3329342
325.761558 3327734
329.745067 3326760
332.307725 3322702
332.308178 3318843
332.311908 3316647
332.312660 3301825
332.480096 3294202
332.495284 3279850
332.512822 3278725
332.568796 3278548
332.599632 3268814
335.463860 3265040
335.542103 3263864
335.554524 3262256
340.256857 3261604
342.107201 3257546
342.107588 3253687
342.111308 3251491
342.112079 3236669
342.276738 3229046
342.291543 3214694
342.308676 3213569
342.364067 3213392
342.394769 3203658
345.267247 3199884
345.343774 3198708
345.356288 3197100
351.978106 3193042
351.978492 3189183
351.982191 3186987
351.982938 3172165
352.146723 3164542
352.162617 3153395
352.164493 3150155
352.234108 3148888
352.249237 3147184
352.289528 3143101
353.071792 3140078
355.117582 3135432
355.835021 3134899
359.230326 3134645
361.748675 3130587
361.749061 3126728
361.752766 3124532
361.753513 3109710
361.917905 3102087
361.933834 3090940
361.935687 3087700
362.004974 3086433
362.019748 3084729
362.059104 3080646
362.846397 3077623
364.884547 3072977
371.496643 3068919
371.497028 3065060
371.500778 3062864
371.501526 3048042
371.666314 3040419
371.684596 3040397
371.687557 3024942
371.753558 3024765
371.773975 3015031
376.015013 3014548
378.935218 3012832
381.278595 3008774
381.278982 3004915
381.282713 3002719
381.283460 2987897
381.450767 2980274
381.469370 2980252
381.472440 2964797
381.539609 2964620
381.560076 2954886
385.778808 2954403
390.991107 2950345
390.991543 2946486
390.995266 2944290
390.996034 2929468
391.160670 2921845
391.178786 2921823
391.182520 2907458
391.247639 2906191
391.267762 2896457
400.727889 2892399
400.729749 2889010
400.731987 2888049
400.733469 2878055
400.743427 2872576
400.747920 2872470
400.765745 2872421
400.903079 2851091
400.917530 2847911
402.209162 2843646
402.228538 2838719
410.511315 2834661
410.513241 2831272
410.515470 2830311
410.516973 2820317
410.519937 2819015
410.537466 2813784
410.690146 2791809
411.122731 2786738
418.964539 2785679
420.269968 2781621
420.271844 2778232
420.274079 2777271
420.275573 2767277
420.278540 2765975
420.296266 2760744
420.451945 2738769
420.890195 2733698
430.131666 2729640
430.146501 2725414
430.149474 2724031
430.150959 2709662
430.157636 2708763
430.304989 2696125
430.345477 2688219
431.870334 2686867
436.295051 2686332
437.811982 2685902
437.815316 2682884
439.965556 2678826
439.980365 2674600
439.983321 2673217
439.984818 2658848
439.991457 2657949
440.139545 2645311
440.182091 2637777
441.708937 2636053
446.081108 2635518
447.887638 2634057
447.905531 2629702
449.749803 2625644
449.764692 2621418
449.767657 2620035
449.769155 2605666
449.775851 2604767
449.922877 2592129
449.976319 2588190
449.982319 2588122
449.999581 2584223
451.139132 2578069
455.027216 2576134
459.492517 2572076
459.507330 2567850
459.510313 2566467
459.511825 2552098
459.518477 2551199
459.665938 2538561
459.719479 2534622
459.725446 2534554
459.742655 2530655
460.872757 2524501
469.309495 2520443
469.315428 2510502
469.322081 2503824
469.336938 2500298
469.482313 2486928
469.490860 2483221
469.533044 2477591
474.957717 2477282
479.053992 2473224
479.059941 2463283
479.066615 2456605
479.081429 2453079
479.087381 2452347
479.226722 2439709
479.235224 2436002
479.277401 2430372
488.740471 2429409
488.740859 2420705
488.742340 2406336
489.166460 2397138
489.184643 2393452
492.578807 2392249
493.616783 2387716
493.645533 2386391
496.130896 2384473
497.576134 2383541
498.491367 2382578
498.491755 2373874
498.493260 2359505
498.922175 2350307
498.940788 2346621
502.405904 2345418
503.435919 2340885
503.464600 2339560
505.908576 2337642
508.283905 2336679
508.284291 2327975
508.285779 2313606
508.707513 2304408
508.725652 2300722
508.780930 2298448
513.182294 2297270
513.209781 2295161
518.013510 2294198
518.013900 2285494
518.015391 2271125
518.090463 2270958
518.441548 2261927
518.486546 2260420
518.608706 2258335
523.328342 2252922
527.803040 2251959
527.803429 2243255
527.804935 2228886
527.878914 2228719
528.235332 2219688
528.266200 2218492
528.404733 2216096
534.407736 2215101
534.548422 2211031
537.601663 2210068
537.602052 2201364
537.603541 2186995
538.035699 2177797
538.066442 2176601
538.201960 2174205
547.370584 2173242
547.370972 2164538
547.372840 2156477
547.392851 2150218
547.809937 2142210
547.824117 2139775
555.931143 2138639
557.080181 2137676
557.080569 2128972
557.082431 2120911
557.102391 2114652
557.525140 2106644
557.539393 2104209
557.807644 2103177
562.842848 2102437
566.826762 2101474
566.827148 2092770
566.829020 2084709
566.849090 2078450
566.869962 2078234
567.270502 2070442
569.268940 2068934
571.019561 2068177
576.595409 2067214
576.595825 2058510
576.597680 2050449
576.639199 2044296
576.660109 2043242
577.054598 2033747
586.347178 2032784
586.347566 2024080
586.367248 2022775
586.385087 2022446
586.389549 2018537
586.390672 2009866
586.411530 2008812
586.885717 2004167
587.465408 1999827
596.158780 1998864
596.159168 1990160
596.166209 1989311
596.168854 1982099
596.202397 1975946
596.223262 1974892
596.664988 1971695
596.667210 1966765
