0.001241 6783700
0.002919 6782155
0.003353 6779869
0.004915 6752971
0.005306 6730896
0.007236 6728349
0.011097 6715316
0.011502 6702964
0.011894 6697985
0.012666 6686798
0.013056 6648185
0.013444 6647892
0.014227 6647222
0.015002 6640708
0.021967 6634550
0.022359 6632641
0.023131 6631360
0.024672 6626320
0.033092 6622877
0.033483 6585197
0.033870 6571319
0.034257 6546515
0.034646 6541194
0.037734 6531567
0.039276 6520393
0.052646 6518620
0.053416 6471226
0.054188 6442626
0.054574 6439163
0.054959 6433247
0.057276 6429507
0.063817 6413759
0.064214 6384468
0.064986 6382705
0.066897 6374813
0.068065 6354172
0.068452 6347805
0.069223 6331868
0.069609 6187543
0.069994 6164927
0.071540 6163901
0.072685 6091813
0.074210 6091643
0.074595 6083187
0.078043 6036126
0.078430 6035615
0.078816 6034945
0.079978 5995838
0.080747 5962989
0.081510 5928066
0.084567 5892126
0.094100 5882336
0.094866 5879114
0.095262 5878571
0.096032 5848927
0.096797 5840678
0.097183 5836156
0.097950 5828125
0.098337 5788269
0.103321 5687744
0.151832 5650644
0.152229 5649732
0.152616 5636416
0.153001 5627100
0.154151 5619827
0.260088 5603448
0.268052 5599898
0.269585 5591682
0.269972 5578277
0.270756 5543723
0.271966 5536090
0.330239 5521260
0.331011 5491255
0.332553 5483993
0.423698 5427610
0.424094 5424505
0.424482 5405863
0.464520 5380848
0.466434 5380413
0.467983 5377966
0.468754 5348844
0.474848 5323905
0.479447 5314236
0.481359 5313868
0.484419 5303843
0.504259 5301907
0.506169 5195839
0.509610 5154548
0.509999 5135057
0.512303 5132459
0.513070 5115855
0.513455 5090143
0.514219 5075324
0.520348 5039123
0.773842 5038432
0.774244 5016939
0.790242 5011331
0.791014 5009282
0.797113 5004985
0.798261 4991419
0.861513 4986607
0.886297 4980895
0.886690 4979963
0.887568 4975756
0.888762 4972282
0.889527 4954560
0.891051 4942678
15.409883 4903283
15.410729 4902930
15.430115 4890666
15.430949 4887768
15.439655 4873153
18.756210 4870778
18.759023 4845106
18.759436 4840875
18.760659 4797747
21.127640 4763293
21.128896 4752606
21.133997 4738107
21.136403 4729265
21.137187 4720064
21.137577 4714072
21.140692 4712119
21.141522 4708750
21.141909 4705807
21.143635 4701160
21.144073 4654295
21.146675 4650723
21.147915 4616227
21.149129 4608702
25.136752 4606663
25.138733 4603977
25.140762 4570934
26.767969 4556000
26.768367 4551905
26.769965 4536071
26.770747 4526870
26.774304 4494399
26.775133 4492897
26.779288 4479540
26.781233 4477653
26.783955 4476230
26.784737 4451088
26.795629 4450113
26.803913 4444234
26.846132 4429793
26.847324 4426519
29.542820 4423146
29.543649 4418371
29.545207 4410555
29.547994 4365782
29.548389 4348720
29.567220 4340223
32.936191 4336979
32.980947 4300327
32.981342 4300258
32.981730 4300020
32.982115 4294072
32.982500 4205185
32.982887 4199573
32.987880 4182924
32.988662 4172117
33.034648 4163974
36.718204 4155065
36.719025 4138787
36.731271 4135408
36.733247 4133241
36.734854 4132853
36.736108 4129766
36.738150 4103149
36.738984 4100205
36.739432 4070898
36.740261 4070340
36.745468 4070057
37.987354 4066399
38.015058 4059441
38.017125 4043531
38.018003 4043322
38.024383 4042747
38.031700 4041242
38.034086 4038559
40.232368 4037128
40.234008 4036553
40.234415 4019120
40.235227 4007202
40.235658 3994596
40.249489 3965046
40.249894 3944057
40.252362 3931845
40.253995 3918815
40.254401 3918614
40.257702 3918191
40.392473 3897748
40.393288 3893822
40.396216 3893675
40.400278 3887671
40.400685 3880501
40.405961 3863664
40.406770 3844354
40.408846 3814524
40.410061 3789822
40.411301 3786868
40.412522 3783839
40.703284 3781697
43.481580 3773140
43.481979 3769388
43.551267 3742413
43.553227 3739604
43.554104 3731341
43.681788 3729593
43.682182 3727428
43.685788 3684114
43.686177 3667134
43.687402 3662740
43.695272 3659910
43.696492 3656451
43.698875 3655782
43.699285 3653232
45.795464 3646521
45.833328 3644393
45.834168 3639271
45.834604 3604041
45.970516 3543120
45.971763 3542978
49.104623 3536007
49.139322 3535178
49.185358 3527548
49.186534 3512260
49.198198 3500095
49.199387 3488429
49.206463 3485569
49.206852 3463451
49.211176 3457590
49.211986 3420705
49.212374 3415697
49.226918 3415007
49.228537 3411891
49.241413 3383752
49.243372 3373710
49.246100 3370051
49.246488 3366925
49.246875 3360277
49.251165 3358244
49.251574 3354571
49.253508 3352582
49.254286 3347879
49.255855 3336702
49.256635 3330787
49.265383 3296927
58.167981 3293469
58.169596 3289068
58.170766 3283643
58.172340 3272521
58.173559 3269119
58.173967 3257607
58.174402 3247262
58.175734 3245013
58.177001 3233591
58.182120 3231934
58.187237 3227814
58.190384 3209108
58.192440 3191392
58.192832 3188147
59.075170 3179203
59.079500 3176502
59.080290 3174880
59.081899 3174776
59.082729 3153365
59.103259 3153032
59.120063 3142984
59.138685 3128006
59.139078 3120374
59.139924 3108476
59.142983 3088297
59.143834 3088246
59.145976 3083838
59.149990 3083473
59.150819 3080523
59.155166 3079912
59.157916 3076165
59.158308 3073480
59.159134 3069269
59.160447 3055350
60.298241 3047977
60.299031 3045517
60.299453 3043255
60.300681 3041294
60.301946 3040758
60.305506 3031853
61.847147 3025572
61.877797 3016193
61.880983 3013689
61.885313 3009073
61.885705 3006508
61.886532 2993594
61.892160 2987486
61.898838 2987188
61.899634 2986248
61.976690 2962329
61.986748 2955031
61.988087 2948905
61.991146 2944848
62.011506 2943869
62.013125 2942910
62.021365 2940132
62.022540 2938734
62.024124 2929298
62.033873 2908709
64.140130 2906922
64.141362 2905595
64.153957 2902375
65.901173 2872361
65.903533 2868465
65.905144 2852028
65.910254 2840715
65.911085 2836026
65.921974 2835295
65.922806 2832438
65.931827 2825564
65.934277 2820158
65.934668 2809050
67.299864 2803645
67.300262 2790027
67.308559 2788398
67.311754 2783568
67.323067 2779993
67.324651 2779170
67.328553 2778003
67.329331 2764186
67.329720 2760172
67.331782 2759273
67.374590 2755720
67.407059 2730994
67.407471 2729532
67.408689 2728735
67.480976 2719125
67.527370 2708358
67.529371 2703474
69.499308 2692319
69.549440 2685146
69.551003 2683406
69.551849 2681190
69.552728 2675202
69.553159 2671816
69.554009 2664753
69.559127 2650609
69.561863 2637985
70.421227 2625771
70.422067 2624844
71.251345 2623663
71.256528 2615798
71.261604 2611014
71.265544 2610998
71.266378 2592942
71.347831 2571774
71.349584 2570796
71.434045 2565799
71.449786 2559278
71.451104 2559050
71.451519 2552493
71.785539 2549358
71.787549 2540590
71.787940 2534088
71.789945 2527905
73.142521 2516840
73.145316 2515262
73.146537 2514446
73.147392 2506607
73.148709 2506288
73.150411 2499100
73.151648 2497066
73.153255 2494436
73.153650 2481357
73.156101 2479967
73.170556 2477536
73.174529 2472013
73.174923 2465212
73.269406 2464164
73.278883 2463661
73.309267 2454222
75.628424 2452589
75.641585 2451471
75.655444 2449792
75.657443 2449466
75.662564 2449226
75.795337 2448110
75.798352 2446752
77.220001 2430499
77.223579 2396197
77.226161 2393712
77.227041 2384117
77.229044 2380059
77.257888 2367295
77.259165 2361894
77.259638 2361314
80.685143 2343266
80.689829 2340956
80.781142 2331548
80.782811 2321943
80.786757 2320000
80.791569 2280542
80.791967 2272552
80.793927 2269149
80.796692 2267184
80.812571 2235068
80.814718 2226167
80.817361 2222099
80.914552 2215733
80.936063 2213932
80.958074 2206087
80.973062 2197937
80.978252 2181416
80.999188 2166166
81.000915 2134226
81.003010 2124209
81.004242 2122251
81.008585 2121326
81.020686 2120097
81.023121 2118091
87.565559 2115670
87.567681 2111451
87.663615 2108890
87.670147 2104953
87.670540 2103012
87.670976 2092147
87.672307 2078348
87.673182 2073544
87.683750 2073470
87.685021 2070166
87.696618 2066190
87.698953 2050719
88.707366 2040370
88.718296 2025750
88.727652 2016816
88.809475 2009367
88.811230 2008212
90.495938 2008047
92.907883 2003688
92.913483 1999656
92.920889 1997525
92.925237 1996704
93.197142 1995191
93.198367 1989033
93.200829 1987588
93.331903 1987527
93.332704 1986329
93.340940 1984977
93.342258 1978910
93.343135 1971876
93.402046 1927258
93.402834 1916707
93.410886 1910867
93.421431 1909837
93.422263 1906722
93.435215 1897323
93.439925 1892635
93.441197 1890865
93.461299 1889135
93.463409 1887413
93.477688 1886974
93.480877 1878680
93.485706 1875091
93.487334 1870027
93.519433 1868174
93.527702 1866941
93.531201 1862875
93.539982 1860520
93.540375 1859468
93.545503 1855444
93.545898 1852543
93.558805 1848757
93.567362 1848204
93.569749 1846219
93.586231 1844654
93.586627 1828450
93.589958 1825681
93.692613 1822789
93.905055 1814741
93.905500 1811473
94.566873 1810728
94.596071 1807292
99.171107 1803779
99.185162 1793243
99.188441 1792956
99.192778 1787514
99.193171 1777596
99.194727 1775435
99.225454 1772034
99.227919 1771806
99.228799 1767589
99.229676 1763611
99.230066 1761686
99.254183 1761337
101.824350 1758599
101.963846 1757685
101.966967 1753105
102.082327 1750731
102.193714 1741990
102.213554 1737101
102.222129 1733438
102.222526 1729562
102.225349 1727461
102.226911 1726227
102.229313 1715709
102.232115 1715445
102.232896 1712226
102.236797 1710172
102.354145 1691246
102.354552 1688583
102.365551 1682954
102.397320 1671852
102.399339 1667005
102.414994 1662087
103.608038 1656326
103.609754 1655024
103.614581 1653932
103.616358 1650896
107.481599 1644726
107.487851 1642166
107.501541 1639294
107.507820 1636475
108.769533 1631419
108.908790 1627883
108.953785 1622767
108.968686 1622125
108.979858 1619447
109.017897 1618601
109.039941 1617988
109.066542 1612649
109.069683 1604917
109.317143 1602460
109.318373 1595788
109.323286 1591766
109.364190 1581592
109.375631 1579253
109.377204 1578704
109.382715 1576253
109.389437 1553110
109.391140 1547995
109.400580 1545554
109.409558 1538408
109.418520 1531798
109.690582 1531792
109.703295 1531678
109.717038 1531564
113.225036 1530440
113.234936 1528702
113.367621 1526044
113.371179 1518042
113.373591 1513223
116.301860 1513002
116.320003 1502642
116.340668 1501385
116.342230 1493619
116.882795 1491869
116.895855 1488816
116.906084 1486539
116.954357 1483189
118.658529 1481216
118.679602 1480228
118.684736 1471522
118.694855 1470679
118.769540 1468937
118.794599 1466788
118.800103 1466719
118.836676 1462590
118.862580 1459332
118.863385 1455425
119.091033 1453860
119.151719 1447654
119.165594 1443266
119.166383 1440943
122.433308 1437983
122.636069 1426077
122.642442 1423791
122.660936 1421949
122.673229 1421813
124.260472 1419353
124.260903 1415897
124.261694 1410848
124.305727 1409280
124.316222 1406822
124.317491 1405154
124.327776 1404573
124.467184 1400494
125.506951 1399797
125.513090 1398310
125.623735 1391998
125.627311 1390018
125.629309 1387666
125.641850 1382831
125.650052 1381236
125.650492 1377060
125.703613 1367875
125.729229 1357183
125.732853 1356636
125.744031 1352748
125.755299 1348140
125.967936 1346725
126.035055 1344292
126.036347 1343985
126.046407 1342545
126.059886 1340651
126.084671 1336367
126.094584 1331006
126.118717 1325093
126.282500 1321507
126.724277 1316449
126.725072 1316301
126.731380 1313871
126.741961 1312307
126.750552 1301344
126.766610 1298241
126.767945 1298171
126.789541 1297862
126.821003 1287743
130.633008 1287637
130.633409 1279588
130.643304 1276888
130.647239 1275899
130.649859 1274526
130.662418 1274112
130.664051 1271259
130.669847 1268111
130.673356 1265638
130.731758 1263447
130.794774 1262901
133.873120 1258547
133.878062 1249528
136.030976 1248817
136.073541 1248542
136.085388 1247816
136.088139 1246203
136.090914 1239797
136.120733 1233681
136.423586 1233573
136.424814 1233551
136.434804 1233082
136.446567 1231797
136.484026 1225657
136.545939 1222805
136.731306 1220170
136.830349 1218261
136.849199 1217238
136.890537 1214202
137.266271 1214053
138.269419 1211382
138.274931 1207915
138.299363 1204486
138.353565 1201382
138.361718 1199767
138.363039 1188961
138.366698 1188256
138.367089 1187146
138.406131 1185004
138.761775 1184680
138.764569 1182147
138.778265 1181871
138.783526 1178670
140.849690 1177122
140.851722 1176471
140.872119 1172026
140.878741 1167165
140.895329 1159237
140.929792 1158752
140.950848 1156454
141.017232 1154157
141.020429 1151548
141.020821 1150992
141.037383 1150886
141.596650 1149558
141.746458 1148656
145.681848 1141675
145.777955 1138627
145.802280 1135231
145.807837 1133091
145.809498 1131388
145.810329 1129922
145.830072 1129561
145.913381 1129455
145.948589 1128605
145.976802 1122835
145.980139 1119642
145.982960 1117710
148.709766 1114618
148.789769 1114563
148.835197 1113719
148.860642 1108916
149.099842 1105720
149.116571 1099966
149.126798 1099660
149.161020 1094240
149.175028 1091118
149.243190 1090302
149.262841 1088924
149.415928 1088429
149.416324 1088329
149.467372 1080080
149.575616 1078676
149.582260 1077571
149.583860 1077353
150.061539 1076893
150.076639 1076570
150.938870 1070931
150.955427 1068346
150.980698 1067356
151.012361 1067191
151.049675 1066406
151.169674 1062945
151.366524 1058296
151.396677 1058025
151.397072 1054124
151.397902 1052667
151.406285 1052413
151.421304 1045481
151.421697 1044589
152.797360 1043381
152.814675 1042403
152.826121 1042395
152.844993 1042221
152.845388 1036879
152.857957 1035756
154.390072 1034068
154.391279 1032910
154.394055 1032634
154.407801 1031188
154.417658 1030785
154.443804 1030008
154.452112 1028342
157.275858 1027632
157.279038 1027156
157.326006 1025381
157.326402 1024285
157.333875 1021114
157.970677 1019861
158.025841 1017905
158.044670 1017201
158.069911 1015289
158.082839 1015017
158.096208 1012652
158.104715 1012093
158.126037 1006129
160.517537 1005612
160.783777 1004983
160.887488 1003696
161.123620 1000088
161.138118 994852
161.139307 993193
161.439124 992751
161.876066 987588
161.913090 987531
161.959503 982047
161.975639 981113
162.662259 978949
164.140822 976768
164.216034 976332
164.217649 976326
164.788704 974866
164.841763 974647
164.885933 972277
164.888780 972164
164.910611 969332
164.926339 969152
166.244811 966723
166.308021 965442
166.663327 961588
166.765291 960698
167.889578 957040
167.908458 956869
167.917438 955082
167.935075 952818
168.052213 952524
168.339401 951124
168.375963 951106
168.425563 946593
168.436973 942858
168.526891 940855
168.527299 939420
168.547732 938819
168.585041 938512
168.586993 933927
168.963598 932924
168.979298 932171
169.083018 930145
172.564144 929783
172.601708 929173
172.602934 927296
172.813038 925892
172.814660 924292
172.822149 922561
172.913970 920403
172.916827 919312
172.921740 919221
172.922148 916867
172.935740 914634
172.939412 912057
172.993510 911898
173.019936 911698
173.063273 910068
173.080104 910043
173.783053 908729
173.810232 907140
173.811019 907095
173.839697 906368
173.912814 906064
173.929977 905021
173.941320 902869
173.976654 901456
175.152114 901324
175.168973 901202
175.173700 901044
175.477846 900441
175.478244 898721
175.598841 897193
175.615277 896935
175.681577 896692
175.684429 896606
175.760003 895880
176.046033 894425
176.081660 894041
176.559027 892283
186.938216 891202
187.102979 889143
187.109244 885915
187.127664 881007
187.267481 880867
187.396788 879080
187.466047 874510
187.473923 874079
187.479787 873102
188.117255 872065
188.196906 869917
188.269860 867399
188.300404 866395
188.308234 865894
190.603361 865135
190.627634 863893
190.768120 863390
190.894217 862043
191.041870 861095
191.044480 859042
191.186358 858843
191.244710 858413
195.896488 857523
195.911320 857182
195.914491 856764
195.950950 854917
195.958372 853375
195.969807 851703
196.297251 849365
196.322228 848943
196.440180 847922
197.474880 846603
197.482360 846167
197.539442 846115
197.540627 845211
197.587028 845151
197.597383 845138
197.783441 844024
197.786172 843896
198.366891 843419
198.376172 843412
198.398063 843056
198.427436 842585
200.819434 842264
200.822226 841889
201.095902 840633
201.345933 838849
202.418300 838238
202.779703 837775
202.934339 837261
203.014551 836834
203.361152 836177
204.399708 836077
204.406821 833797
204.410418 832274
204.633071 831170
204.681748 831018
205.891410 830109
206.411395 829252
206.450735 828776
206.509682 827625
206.856009 826985
206.958511 826963
207.818808 826656
207.838498 825573
210.925567 825565
210.964650 824044
211.300257 823568
211.396069 822776
211.572853 822738
211.749866 822489
211.853269 822327
211.866324 821591
212.427573 821383
212.502489 821104
212.544999 820392
212.631946 820356
215.170416 820130
215.360617 819914
217.245630 819179
217.974550 819109
218.449452 818270
218.517048 816979
218.800758 815966
218.934689 815507
219.796979 815241
220.025852 814888
220.206074 814865
220.321325 814824
220.398783 813779
220.545854 813546
220.904749 812850
220.912179 812030
221.043528 811155
221.311340 810885
221.395810 810514
221.490622 810492
221.827494 810191
222.238790 809430
222.392703 808879
222.437151 808390
222.665428 807063
222.713002 806634
223.116759 806404
223.191672 805615
223.215483 805529
223.227298 805454
225.564272 804071
225.990859 801220
226.807917 800537
227.241556 796581
228.021294 793564
228.535414 793189
228.553057 793149
228.788529 793047
228.858411 792433
228.900102 792275
228.989064 792258
229.031176 792203
229.051892 791921
229.996326 788750
230.002668 788470
230.471843 787113
230.619024 785891
230.948154 785017
231.629896 782106
231.707529 782031
232.185584 780629
232.300311 780486
232.423010 780222
232.656166 779980
233.208347 779454
233.400675 775410
233.483209 774779
233.943759 774737
234.100754 773559
234.472875 772371
234.773513 772356
237.520185 770135
238.233912 769884
240.068346 767734
240.394418 765936
241.301643 762137
244.056513 760709
244.129860 759521
244.708740 759102
244.785100 758432
245.313758 758165
246.427976 757438
246.837788 757162
247.020620 755422
247.104349 753704
247.678428 753565
248.850935 753195
248.875569 752150
248.884299 752058
248.990732 752030
249.419386 750946
249.916390 750771
250.118111 749259
250.253022 748631
250.533705 748482
250.554743 748473
250.713127 747209
250.998412 746785
251.110566 746600
251.544515 745991
251.809659 745843
252.234986 745589
252.306273 745312
254.092898 745262
255.354743 744314
255.768672 744193
256.995687 743422
257.099520 743205
257.775062 743104
257.853675 743071
258.777112 743025
259.132255 742656
259.447113 742439
259.515173 741901
259.617012 741702
260.137676 739644
260.163315 739585
260.198972 739384
260.596850 739337
260.630140 737538
262.306715 736577
262.515700 736103
262.692880 736065
263.805518 733225
264.289660 732224
264.443588 731327
264.666114 730803
265.036366 728367
268.831874 727497
272.491579 726851
272.492379 726545
272.532085 726126
272.750974 725759
272.785695 725606
273.977918 724853
275.971901 724792
276.124901 724756
276.739783 724634
277.984969 724199
278.342561 721823
278.581357 721552
278.590777 721516
279.039159 720956
283.443298 720315
283.519058 720255
284.306146 719273
286.927720 718895
287.137234 717756
287.772678 717660
291.517846 715636
293.947496 715552
295.701791 714080
295.761673 714072
296.703195 714048
301.144760 714026
302.490998 713692
304.557626 712865
304.799292 712589
307.879970 712000
311.169014 709900
317.142468 709359
318.417605 709190
318.515514 709093
318.813286 708017
320.545137 707335
320.728540 707228
320.828235 706283
322.389445 706089
324.326445 705884
324.623889 705708
336.993813 705631
340.113590 702555
342.845665 702433
349.431764 702411
349.796193 702097
350.891682 701453
351.317105 699382
353.537028 699265
360.222150 699247
360.297179 698831
367.907267 698803
384.620984 698405
390.467948 698133
565.916035 697472
566.968498 697405
566.973312 697213
569.594501 696933
589.078768 696348
592.775282 695434
593.464624 695292
594.010909 694977
