0.001570 7204956
0.003322 7158415
0.003721 7134264
0.004113 7118278
0.004540 7102785
0.005326 7055315
0.006103 6998515
0.006876 6954022
0.007270 6945164
0.009231 6944375
0.010006 6941466
0.010400 6918396
0.011202 6899099
0.015822 6848238
0.016214 6807478
0.016617 6787542
0.018535 6786434
0.018925 6741957
0.019697 6728821
0.020094 6720116
0.020484 6718856
0.021271 6705463
0.022044 6686227
0.022439 6679604
0.023216 6638611
0.023993 6635288
0.024383 6629965
0.025168 6624606
0.027088 6614737
0.027477 6544478
0.033980 6542331
0.034372 6530664
0.038198 6522389
0.039353 6493411
0.042421 6491204
0.048168 6476568
0.049344 6444637
0.049734 6427117
0.050121 6420671
0.055858 6362994
0.056250 6354553
0.057043 6341882
0.058576 6312679
0.058966 6300331
0.059353 6280626
0.060514 6228754
0.062047 6227057
0.062437 6226202
0.066650 6209625
0.069724 6205169
0.071260 6204391
0.075094 6203031
0.082391 6176586
0.083168 6164498
0.084322 6162006
0.088918 6159596
0.089692 6155887
0.091985 6148727
0.092375 6140835
0.092777 6135472
0.098127 6094200
0.098516 6093656
0.098904 6092935
0.099674 6068773
0.100061 6067137
0.100447 6062707
0.101231 6057783
0.102382 6015672
0.102773 6007791
0.103542 5967684
0.185893 5923483
0.186672 5902274
0.188986 5882297
0.189758 5840052
0.191666 5835086
0.192436 5806279
0.192834 5784120
0.193987 5775672
0.194757 5754524
0.195527 5752278
0.215386 5746555
0.215779 5726967
0.216943 5709423
0.217713 5660168
0.218864 5654943
0.220016 5618590
0.220793 5617701
0.226149 5614965
0.226542 5588919
0.228454 5582694
0.229243 5581529
0.264357 5577648
0.267052 5566069
0.270117 5544347
0.270891 5515186
0.280822 5505447
0.281216 5498132
0.282366 5445882
0.282755 5434615
0.283522 5420726
0.283910 5416196
0.290783 5413126
0.291175 5410177
0.291563 5404249
0.291950 5401131
0.295403 5399922
0.295794 5364223
0.297724 5348559
0.298113 5333521
0.298500 5330865
0.298886 5322129
0.715842 5266953
0.718167 5244874
0.733823 5234487
0.734978 5195026
0.738794 5186007
0.739188 5175423
0.744556 5168970
0.745329 5167249
0.746099 5148865
0.747630 5144018
0.748019 5142698
0.752996 5142408
0.771666 5127360
0.772058 5117656
0.772841 5083190
0.773231 5076135
0.773618 5056009
0.774004 5041467
0.775534 5018826
0.775922 5016140
0.776309 4976022
0.837684 4969834
0.839603 4939388
0.842288 4930157
0.886577 4907656
0.889659 4849714
0.890431 4823288
0.891200 4808394
0.891589 4788149
0.891975 4782768
0.893135 4778313
2.274506 4777917
2.276534 4775444
2.277695 4714646
2.279607 4714084
2.281157 4709371
2.294715 4704073
22.330496 4692378
22.413773 4689702
22.414572 4679579
22.472984 4675915
22.473381 4656627
22.582386 4608069
22.582784 4601217
22.583174 4598760
22.584345 4576678
22.586465 4574550
22.661312 4569207
22.661709 4563741
22.662100 4554406
23.110179 4546349
23.110577 4539062
25.684283 4531044
25.853179 4522931
27.875620 4509076
27.876022 4497858
33.348935 4488330
34.667960 4429074
34.672304 4349388
34.674930 4339125
34.675372 4330360
34.677132 4328209
34.678858 4328082
34.681959 4324264
34.683736 4263403
34.684176 4262343
34.686838 4234448
34.701614 4227002
34.705162 4219651
34.705604 4205412
34.715815 4203485
34.738854 4173305
34.764069 4137799
34.788240 4065423
34.792751 4065137
39.454611 4052216
39.455413 4022294
39.457412 4010795
39.647797 3999844
39.649881 3998022
39.652353 3971297
39.653169 3969126
39.660764 3963437
39.661609 3963107
39.662053 3919897
41.820291 3915877
41.820714 3907717
41.896605 3900883
41.897947 3897263
41.898836 3879350
41.899277 3870532
41.901064 3859011
41.908577 3856042
41.952845 3855282
41.953645 3847509
41.955229 3841157
41.955621 3837367
41.962739 3833591
41.968669 3820047
41.969908 3818618
41.970350 3808821
41.971676 3808027
42.386200 3781670
42.387000 3775471
42.518071 3739568
42.519709 3725067
42.523669 3723383
42.524462 3722317
42.579369 3716741
43.857208 3699324
44.737426 3659586
44.738768 3656186
44.740558 3654394
44.741451 3648482
44.742785 3640850
44.746048 3636344
44.841871 3636271
44.842270 3620303
50.973327 3614290
50.980813 3587424
50.981615 3583132
50.983689 3568573
50.985683 3568550
51.002118 3558674
51.002514 3553643
51.002902 3553516
51.189553 3550331
51.189954 3544444
51.192428 3539641
51.198093 3526539
51.203212 3522993
51.203655 3522750
51.204093 3520841
51.205388 3513728
51.205828 3510081
51.252929 3505467
51.254567 3492033
51.255407 3431923
51.256660 3422328
51.258694 3415395
51.594016 3415250
51.596103 3409857
51.596525 3403272
51.598747 3398436
51.600078 3397559
51.601370 3395180
52.604996 3392536
53.030926 3391063
53.033374 3366615
53.266044 3364895
53.268127 3362567
53.270163 3328272
53.270556 3328023
53.273733 3326583
53.278683 3320973
53.294620 3308529
56.961689 3286507
56.962887 3285596
56.964933 3285267
56.968287 3254896
56.970049 3244861
60.077774 3240261
60.081008 3238655
60.082639 3237755
60.083033 3222988
60.084265 3221384
60.085596 3220479
60.101118 3216515
60.101515 3204747
60.133551 3197122
60.141962 3179097
60.142806 3172052
60.144045 3167119
60.146086 3153424
60.149420 3148341
60.152081 3123824
60.152535 3110111
60.154262 3108582
60.156470 3107346
60.156879 3100403
60.158209 3093315
60.164369 3079956
60.169842 3078247
60.903461 3074883
60.933530 3074822
61.020684 3067437
61.794378 3058003
61.795231 3056181
61.800010 3056090
61.801229 3045805
61.813813 3037706
61.815398 3035066
61.850013 3022118
61.852586 3010263
61.861914 2999477
61.869193 2998818
61.870382 2995728
61.872360 2988087
61.875532 2978793
61.885620 2975798
61.886414 2970601
61.887253 2965515
61.887692 2960079
61.889349 2919376
62.280078 2913446
62.280990 2910958
62.289996 2896085
62.290797 2892159
62.292429 2891855
62.462723 2883320
62.465572 2879587
62.470171 2867221
62.471950 2865807
62.473217 2858637
65.376380 2853476
65.556098 2834307
66.139336 2813502
66.141358 2810571
66.142198 2793720
66.241185 2793022
66.243217 2789689
66.244815 2771204
66.247585 2768566
66.256319 2760460
69.933881 2755231
69.936675 2751324
69.937073 2743528
71.118165 2742404
71.684766 2741439
71.686109 2734342
71.687440 2709287
71.689199 2703477
72.753876 2692602
72.759218 2680347
72.777063 2668983
73.521239 2654809
73.527580 2649625
73.540227 2639801
73.541038 2639512
73.573609 2636505
73.575738 2627160
73.577416 2619765
73.585171 2618964
73.587592 2611379
73.590040 2611313
73.596125 2601156
73.598610 2598734
75.612169 2596474
75.612598 2592635
75.625957 2589787
75.626353 2589368
75.636633 2588336
75.771766 2578662
75.773111 2578138
75.798618 2577477
75.799064 2534590
75.803481 2528377
75.804370 2520533
75.806556 2516852
75.809176 2515358
75.967585 2502774
77.076348 2495651
77.087136 2488340
77.090454 2470999
77.091744 2466458
77.136445 2465065
77.328690 2462724
77.329591 2452259
77.334907 2448124
77.618185 2447031
77.621497 2446448
77.793080 2445021
77.814182 2419466
77.831971 2416531
77.839808 2408542
77.840204 2408117
77.841102 2407083
77.841991 2405901
77.843666 2399723
77.844058 2376991
80.886882 2376858
80.887779 2365954
80.928368 2358708
80.973221 2354814
80.973622 2346929
80.990740 2341977
81.933866 2340687
81.942745 2339537
81.944790 2336033
81.950980 2329509
81.958915 2328926
81.959710 2315179
81.964263 2310520
81.970751 2286369
81.972802 2286298
81.998817 2277976
82.002748 2276764
82.051712 2269281
82.053753 2267516
82.056219 2260208
82.059134 2248769
82.062612 2243416
85.425780 2243177
85.481483 2234618
85.482332 2233268
85.482773 2221121
87.747149 2214386
87.749161 2213932
87.750353 2213902
87.750746 2213901
87.760741 2212909
87.765470 2207765
87.767249 2202324
87.767690 2200289
87.996891 2200270
87.998136 2196804
88.000355 2196731
88.003429 2194578
88.003872 2180885
88.010000 2177882
88.011632 2158850
88.017198 2158731
89.259411 2151443
89.273123 2149640
89.289488 2141448
89.290335 2135993
89.291670 2135286
89.379450 2122970
89.417366 2118158
89.425531 2105176
89.428430 2104694
90.424001 2103627
90.426155 2091114
90.436272 2080804
90.437612 2079788
90.451567 2076352
90.451962 2063505
90.468380 2059205
90.566872 2044538
90.569548 2042517
90.575302 2034449
90.606584 2031652
90.626860 2028602
90.629406 2024975
90.630298 2024166
91.177979 2005881
91.179182 2002243
91.183281 1997756
91.193691 1990194
91.195471 1989584
91.640078 1972042
91.911390 1970670
92.069119 1969957
92.069519 1962932
92.070756 1962558
92.072087 1957804
92.073831 1957581
92.075114 1956114
92.112880 1955547
92.158453 1953168
92.179943 1933603
92.182000 1929530
92.187232 1886336
92.197909 1886147
92.424021 1877925
92.592533 1877037
92.596514 1871014
96.541749 1869747
98.608426 1846453
98.610893 1843839
98.674512 1843447
98.724728 1830696
98.750322 1829141
98.750721 1821868
98.751510 1810116
98.760411 1800795
98.782625 1797872
98.787478 1783293
98.802989 1781353
98.930488 1781237
98.934905 1778885
98.942445 1776912
98.979162 1776037
99.003892 1775778
99.005117 1768434
99.016649 1761599
99.085861 1760470
99.093404 1745548
99.118755 1745420
99.119548 1729447
99.121153 1728293
99.162047 1718313
99.164892 1717686
99.167559 1709434
110.376793 1700605
110.377254 1692683
110.384702 1691109
110.386293 1690402
110.388362 1671760
110.393640 1671154
110.404231 1670540
110.413254 1669436
110.415634 1668716
110.417243 1667758
110.437253 1664283
110.744114 1657910
110.759094 1656352
110.763220 1653974
110.764018 1651679
110.839681 1651260
110.848009 1649925
110.850943 1645370
110.851786 1639605
110.855297 1638414
110.975818 1637058
110.978482 1631134
111.400411 1623160
111.520273 1617607
111.545326 1614253
111.552061 1609650
111.561101 1609203
111.842709 1603732
112.026537 1599743
112.026938 1592934
112.059721 1585426
112.068875 1583945
112.090365 1579805
112.348853 1579680
112.351081 1577267
112.356362 1568012
112.359676 1552838
112.366902 1539221
112.367695 1538453
112.373639 1535439
112.381797 1531969
112.387614 1530113
112.410921 1524459
112.499676 1522685
112.500480 1516044
115.889311 1505709
115.900824 1505115
120.804634 1501005
120.810868 1494934
120.834755 1493584
121.328126 1493577
121.341301 1486859
121.469415 1483391
121.470214 1481765
121.472297 1478786
121.515825 1477874
121.520667 1476506
121.521469 1470023
121.550432 1468569
121.550831 1465772
121.559293 1463704
121.572343 1463167
121.572775 1456250
121.868942 1454732
121.874153 1454198
121.878125 1452897
121.883421 1452651
122.021929 1451055
122.027705 1450249
122.038470 1450086
122.039665 1446302
122.051191 1437045
122.062075 1435589
122.285055 1430620
122.350810 1430403
126.983367 1427376
126.987536 1426637
127.244076 1421577
127.247996 1421499
127.252805 1417042
127.288878 1414026
127.299548 1410405
127.322881 1410048
127.369209 1409997
127.705903 1408279
127.706303 1406659
127.779711 1405748
127.780923 1405724
127.782509 1401950
127.788242 1395260
127.810494 1395065
127.810893 1394681
127.812942 1383144
127.900863 1382915
127.902902 1382732
127.961720 1374994
127.964294 1372902
127.977295 1372893
128.058487 1372131
128.059335 1371651
128.060616 1361098
128.064575 1357320
128.065018 1353506
128.071660 1351460
128.078568 1350806
128.095787 1346165
128.111452 1341478
130.504861 1332174
130.516163 1328993
130.539296 1325328
130.541875 1316657
130.545915 1312922
130.571234 1308623
130.578374 1307993
130.606406 1304953
130.616736 1304683
130.621303 1302061
130.628367 1298254
130.635187 1289075
130.638470 1288756
130.651246 1285226
135.923659 1282914
136.150702 1275785
136.265249 1272738
136.273528 1271044
136.286383 1270541
136.293497 1269665
136.360549 1269264
136.371247 1268424
136.376819 1267004
136.378015 1265414
136.405354 1264825
136.407335 1261483
136.409427 1260381
136.493612 1260142
136.531511 1258119
136.543411 1257798
137.015981 1256313
137.017239 1251860
137.065723 1242725
137.070263 1238018
137.071501 1237305
137.072766 1236261
137.365446 1233943
137.538588 1229539
137.549274 1229170
137.573483 1224829
137.582106 1224182
137.605925 1224153
137.612987 1222676
137.614276 1222655
140.749224 1218176
143.949057 1217620
143.965822 1216796
143.967459 1216526
143.967855 1214235
143.977269 1211900
143.992158 1209686
144.314132 1208579
144.327154 1205408
144.363219 1204920
144.365670 1199378
144.370926 1197569
144.375388 1195885
144.376626 1195156
144.377961 1193092
144.386741 1193010
144.389417 1192411
144.389860 1191410
144.405262 1190935
144.442020 1188879
145.170588 1187788
145.952640 1185547
145.954678 1182280
146.103180 1181138
146.114137 1180390
146.120329 1179676
146.250256 1178440
146.254143 1175456
146.266983 1175139
146.272189 1170953
146.276170 1168459
146.279358 1166531
146.432778 1166431
146.436918 1165614
146.441852 1165011
155.211111 1162551
156.328280 1149966
156.483703 1147839
156.484154 1147539
156.549220 1147391
156.573855 1145930
156.582469 1145259
156.631666 1141712
157.613290 1140731
157.693468 1138818
157.755207 1137881
157.794548 1134657
158.054837 1134103
158.179021 1133127
158.194983 1132493
158.234070 1130142
158.234966 1130018
158.295463 1129653
158.304091 1124924
158.395485 1118845
158.410453 1113822
158.499252 1111717
158.551008 1109382
158.554694 1109209
158.568711 1108868
158.655623 1103993
158.678989 1103734
158.680233 1101946
160.302438 1091029
160.326698 1089288
160.338206 1087347
160.379245 1082713
160.384579 1076047
160.387941 1067674
160.402925 1066184
160.462922 1065834
160.547816 1065114
160.619000 1061323
160.625099 1057237
160.820560 1043867
161.174316 1043833
161.188595 1042315
161.191427 1038614
161.193458 1034517
161.213293 1032720
161.249189 1031920
161.294339 1031721
161.302765 1031383
161.380551 1030708
161.385446 1029388
161.415188 1028272
161.432082 1027947
166.423266 1027532
166.436569 1025848
166.443233 1024154
166.457838 1023722
166.527487 1023475
166.541867 1023252
166.724086 1021366
166.746324 1016881
166.779071 1015560
167.059323 1015044
170.745551 1014765
171.775026 1013971
171.802876 1011968
171.936572 1009692
171.999011 1009531
172.100683 1008620
172.155516 1008070
172.185456 1006453
172.195384 1005415
172.241463 1004104
172.259220 1003099
172.266430 1002042
172.619260 999972
172.661448 999948
172.732455 999692
172.894590 999136
173.131532 998588
174.198847 997999
174.201469 994396
174.201913 991362
174.834866 989015
174.939212 987102
174.947617 985958
175.065655 984850
175.118022 984818
175.364801 983466
175.368706 982560
175.451145 977456
175.508632 977418
175.509032 973022
175.666326 972018
175.684601 970538
175.775911 969588
176.271170 958824
176.298617 957820
176.306932 954847
176.614051 954089
176.737653 953332
177.586309 950995
178.235040 950488
178.382323 945674
179.979180 945470
180.708838 945181
180.710928 942143
180.867051 942072
183.936153 939166
183.966129 938826
184.058674 938701
184.181274 935975
184.188264 935460
184.205885 935100
184.300963 934769
184.375820 933554
184.427858 931796
184.517389 931190
184.661516 930017
184.672056 925195
185.012450 924715
185.079851 924097
185.120101 923237
185.145308 920474
185.154778 920359
185.509359 917355
185.685639 915402
185.692577 914955
185.731681 913831
185.859766 910951
186.456004 908658
186.460542 904864
186.524807 904013
186.581339 902874
186.680588 902353
188.199449 901659
188.218699 901559
188.236317 901324
188.269812 900629
188.277268 898211
188.289889 893530
188.375675 892239
188.427380 891400
188.513522 889660
188.537378 888680
188.601748 888627
188.644439 886562
188.721657 885246
189.844455 881065
190.107075 879931
190.140320 876645
190.147126 876377
190.193632 875768
190.217860 871627
190.271418 871302
190.320448 870320
190.404025 869851
190.559409 867651
190.657076 866733
190.663338 861883
190.678091 861548
191.314210 859278
191.483798 858989
191.524086 858218
191.540277 857729
191.581288 854071
191.626234 853796
191.683770 853472
191.826993 853318
191.937208 852384
193.265608 850265
193.499410 850034
193.594360 849907
193.651228 845561
193.919348 845483
193.941997 844662
194.023896 842111
194.145438 842003
194.756115 841235
195.165650 841125
195.281783 840709
195.842716 840371
195.989387 836241
195.992674 836213
196.336179 835640
196.382652 835618
196.434786 835539
196.830427 834455
197.664384 834443
197.990400 833001
199.199722 832859
200.197694 832792
200.207856 832782
200.213161 832246
200.227824 831840
200.232741 831362
200.288768 830488
200.350195 830121
200.395780 829225
200.403222 828724
200.679833 828652
200.690542 827888
200.696093 825462
200.852092 824485
200.859959 824455
200.972478 824178
201.052563 824173
201.067218 823921
201.129999 822826
201.147933 822404
201.193603 821806
205.609243 820218
205.776933 820050
205.786008 819173
205.904967 818273
206.073344 817374
206.326093 817279
208.365063 816956
208.366845 815038
213.493690 813358
213.887396 811465
217.018797 811256
218.048862 811211
218.131363 809612
218.464938 809346
218.505977 808957
219.480300 808945
219.597261 808831
219.736058 808273
221.084966 807974
221.688137 807928
222.091928 807704
222.250226 805849
222.486871 805150
222.600297 804985
222.912130 804376
222.954406 804324
222.959423 804163
223.003990 803619
223.480541 803580
223.763600 803186
223.811870 803150
223.904481 802613
224.666594 802437
224.784822 800949
224.885043 800598
225.471166 800481
226.329436 800390
226.781449 799976
226.891376 799764
229.222767 799674
229.257604 799414
229.681111 799027
229.769955 798745
229.916276 798215
230.491465 797156
230.579534 796859
230.731045 796798
230.771759 796768
230.964069 796672
231.096716 795927
231.110982 795926
231.183229 795846
231.245158 795414
231.254562 795333
232.451293 794912
233.052121 794492
233.094038 794072
233.096709 793952
233.176363 793872
233.389694 793457
233.435185 793399
233.927365 792646
234.011067 792434
234.087340 792387
234.438918 792367
236.916747 791568
237.010617 791392
237.460279 791298
237.677333 790473
238.311696 790202
238.741453 790058
239.084040 789732
239.314072 789567
239.761439 789129
240.187922 789069
240.296441 788616
240.559975 788220
240.744861 788082
242.807419 787842
242.887659 787359
242.961712 787131
244.293080 786780
244.507663 786633
246.066567 784911
248.145879 784885
248.241884 784754
248.711634 784411
248.769513 784189
248.827313 784175
249.313848 783799
249.454126 783524
250.920910 783250
251.237531 782408
251.272789 782059
252.182383 781233
254.401609 780422
255.190637 780394
255.645407 779182
256.339161 779174
256.669355 778697
256.743454 778421
257.341083 778393
258.986039 777157
259.241379 776801
259.773536 776495
260.128207 776351
260.437120 776234
260.453932 776206
260.978836 775242
263.447677 775019
263.947244 774989
264.163934 774815
264.198736 774712
265.447576 773412
265.968628 773397
266.153117 773241
266.593363 773138
267.817795 772883
269.437888 772674
270.697024 771818
270.838770 771557
271.162866 771529
271.954230 771495
272.374734 771233
272.380297 770710
272.417800 770702
272.496990 770558
272.646897 770233
272.672863 770035
272.783494 769952
273.135988 768911
273.587326 768498
273.604799 768492
273.671201 768104
273.704685 767066
273.807987 766822
273.891289 765732
274.844264 765575
276.372168 764810
276.390536 764788
278.841705 763460
279.087509 762023
279.163234 761899
279.241825 760818
285.015514 758539
285.656482 758322
285.803823 757072
286.437044 756757
287.100602 754498
287.744691 753268
287.914560 753143
288.472244 752979
289.254020 752583
289.556767 752132
294.712091 752020
296.229681 751382
300.529827 751188
301.015283 749375
301.019292 748945
301.089019 748682
301.308250 747360
301.509047 747014
301.622409 746279
303.355418 746034
303.481012 745923
303.729657 745494
304.725449 744508
305.450193 743886
311.594328 743101
312.290563 742062
314.515488 741884
314.530389 741819
314.606260 741792
316.911863 741766
316.940437 740750
317.293201 740480
317.504513 739461
318.326382 739225
318.371604 738934
322.157528 738646
322.812090 738594
323.406732 737282
323.895642 736654
330.795509 736530
330.817054 736505
330.939231 736427
331.834997 736328
332.034978 735942
332.081072 735872
332.637867 735007
332.801612 734434
333.157594 733668
333.463061 733329
334.671077 733282
335.338150 733170
335.594199 733041
337.220173 732448
337.487216 732405
339.388719 732373
339.495839 731146
340.218577 730929
341.958462 729612
342.768721 729538
343.135214 728278
344.261568 727837
344.322048 727082
349.939031 726936
349.965279 726803
354.522305 726700
357.563405 726361
357.872036 726100
362.810880 725781
363.530742 723231
377.706029 722374
387.320666 722086
389.974086 721893
398.601561 721792
398.604678 720836
401.157421 720398
499.405015 719409
500.238478 718992
500.239791 718929
501.589623 718539
501.699840 717785
501.711450 717510
504.549600 717490
505.089393 717132
506.697821 716897
508.209408 716447
510.621276 716048
514.190259 716020
517.859871 715940
518.046881 715730
518.344275 715583
518.497174 714983
518.518370 714836
518.528297 714515
520.108996 714100
523.532988 713518
530.935526 713515
531.201215 713514
531.636723 713364
536.182587 713336
536.549703 713018
536.586414 713015
536.600707 712913
536.633975 712264
536.825652 711754
538.366130 710995
539.484751 710686
542.399553 710567
547.156337 710484
547.231255 710339
547.627946 710086
547.808030 709790
547.887183 709645
549.204357 709219
551.450327 709002
568.131058 708355
571.076513 708262
571.805510 707144
573.108450 706350
573.260554 706274
576.744087 706227
579.139607 705904
579.159337 705842
586.133629 705809
589.245959 705579
589.426020 705362
594.020675 705293
595.096839 705194
595.178112 704704
598.530784 704644
598.536786 704506
