0.001187 7067693
0.001648 7066192
0.002452 7055245
0.002846 7053028
0.003630 7044494
0.004066 7036816
0.004459 7023952
0.010284 7020805
0.010679 7019179
0.013385 7003812
0.013781 6996861
0.014171 6992303
0.014564 6983597
0.015342 6978227
0.016901 6958775
0.017295 6944355
0.019998 6928291
0.020390 6928028
0.028869 6926247
0.029649 6920389
0.030040 6918525
0.030433 6887424
0.031208 6874789
0.035441 6867790
0.044247 6866020
0.045809 6792585
0.046199 6787748
0.051228 6718762
0.051623 6714746
0.052020 6712425
0.052409 6707126
0.053946 6706285
0.054334 6702658
0.055487 6699368
0.056277 6693410
0.059728 6687957
0.061290 6678890
0.061680 6549133
0.062070 6540144
0.069434 6523469
0.074982 6417430
0.075386 6378020
0.075789 6347246
0.076199 6340960
0.076998 6328974
0.077796 6315140
0.079387 6296042
0.080196 6295232
0.080601 6287300
0.081400 6284898
0.081802 6272954
0.082204 6272925
0.083801 6272764
0.084230 6230371
0.087009 6224293
0.087415 6217086
0.089407 6034863
0.091391 6027082
0.092201 5998605
0.092605 5995554
0.096996 5963190
0.097794 5959345
0.098196 5955201
0.098597 5896512
0.102560 5889965
0.102965 5887681
0.103767 5873869
0.104581 5855073
0.116926 5825004
0.117335 5809319
0.117740 5782991
0.143509 5772986
0.147082 5771533
0.149095 5741536
0.150688 5738301
0.152291 5725346
0.153880 5698233
0.155858 5687594
0.156285 5648803
0.157085 5644121
0.157486 5626189
0.158682 5602816
0.159084 5587698
0.159889 5586332
0.160689 5571470
0.161488 5516881
0.161892 5507944
0.162689 5500753
0.163093 5498472
0.183770 5473748
0.184185 5418387
0.186960 5417059
0.194893 5387246
0.195297 5286966
0.196493 5276336
0.196894 5261237
0.197297 5242901
0.197699 5194149
0.654608 5193725
2.062394 5193064
2.063199 5189994
2.084261 5188084
2.086568 5188024
2.087343 5177115
2.087731 5170367
2.090812 5160575
2.093135 5142767
2.094675 5139703
2.095065 5089136
2.095832 5080463
2.097008 5007163
2.097780 4988398
2.098166 4954714
2.098555 4940036
2.099707 4933736
2.102806 4901533
2.103983 4895820
2.270575 4891244
2.293256 4879162
2.299377 4873113
2.304012 4844714
18.072820 4789719
18.073651 4775354
18.075238 4770580
18.077225 4758783
18.080014 4744962
18.080407 4741436
18.081592 4740811
18.464498 4717500
21.833862 4707008
21.834264 4650183
25.309369 4640745
25.311841 4639279
25.313084 4619335
25.617385 4594321
25.618182 4553601
25.618574 4550465
25.618965 4522286
25.620167 4484178
25.623697 4467395
25.694014 4461573
25.695601 4445686
25.697596 4395102
25.697989 4345366
25.698378 4345317
25.698765 4333416
25.701123 4329213
25.701918 4327234
25.702703 4310771
25.703092 4307435
25.703894 4300830
25.704284 4289194
25.708632 4221040
25.709025 4216309
25.712986 4212418
25.713776 4207632
25.714168 4199805
25.714951 4175189
32.275901 4172448
32.279854 4162849
32.281452 4129965
32.282240 4115477
32.282633 4112270
32.283820 4091165
32.284625 4091102
32.455235 4089475
32.456450 4072758
32.457635 4058474
32.458426 4058372
33.018533 4056688
33.019752 4055602
33.020955 4050672
33.021746 4049312
33.022137 4048758
33.022523 4024552
33.253941 4014128
33.254738 4005717
33.261031 4003028
33.261424 3992734
33.266176 3979032
33.363021 3937456
33.363419 3932119
33.363811 3931623
33.366194 3930492
33.366589 3917021
33.371338 3913196
33.395727 3834791
33.397727 3825161
33.399302 3824530
33.400098 3787040
33.401281 3725299
33.402462 3715211
41.239451 3689594
41.240664 3689582
41.245816 3671406
41.246211 3670540
44.739432 3665569
44.739837 3630166
44.740241 3617921
44.740631 3610370
44.750085 3604937
44.750480 3600970
44.751271 3596560
44.752868 3593357
44.761152 3584488
44.866001 3582056
44.866398 3581431
44.868777 3576121
44.896383 3536187
44.896780 3526947
44.899155 3525643
45.743900 3521342
45.749810 3517188
45.750605 3505812
45.756539 3499425
45.757331 3499221
45.758511 3488280
45.759301 3485599
45.763648 3470982
45.766806 3470767
45.767201 3469530
49.896230 3461653
49.898608 3460888
49.902163 3457213
50.249494 3451188
50.250685 3437622
50.263294 3435666
50.299904 3435096
50.300699 3426345
50.314103 3396279
50.315292 3396125
50.315685 3395721
50.316503 3394221
50.317686 3381895
50.407647 3375112
50.408460 3374314
50.408855 3374265
51.874835 3358555
51.880796 3357542
51.881588 3354130
51.882376 3351230
51.920891 3337464
51.922478 3337301
52.297757 3334991
52.298948 3330394
52.304508 3330066
52.304901 3326779
52.313977 3325871
52.315147 3321086
52.316751 3309552
52.317144 3307940
52.318722 3305991
52.319114 3298725
52.324245 3293310
52.325453 3253076
52.328232 3252120
52.333783 3237281
52.335363 3237136
52.337349 3232462
52.338928 3228574
52.340528 3218893
52.499110 3195220
52.503852 3195013
52.505452 3192218
52.525547 3135672
52.526341 3131180
55.125294 3125106
55.132430 3124190
55.132825 3123353
59.666199 3092731
60.191654 3086931
60.196432 3080047
60.557027 3068406
60.561395 3067948
60.562190 3067856
60.563372 3062166
60.569710 3036081
60.571688 2980970
60.573681 2976352
60.578418 2965439
60.579604 2956106
60.580030 2954266
60.581614 2950362
60.583586 2943990
60.584003 2940936
60.584798 2931818
60.585189 2921759
60.597793 2891100
60.598190 2874805
60.598983 2870153
60.599374 2863640
60.602131 2862441
60.604508 2845429
60.605691 2839308
60.606084 2822914
60.607270 2822803
60.607661 2819179
60.613216 2816004
60.613610 2803651
60.614401 2794716
60.614795 2794420
60.615183 2793018
60.621127 2787411
60.622313 2782099
60.677134 2775588
60.677532 2774732
65.608770 2763799
65.616774 2756164
65.619950 2749216
65.620743 2747737
65.622716 2747181
65.650771 2726992
65.661410 2726804
69.258925 2713980
69.259327 2691672
69.261307 2660742
69.262097 2620327
69.289045 2616025
69.289444 2603818
69.290632 2602103
69.292233 2601361
69.297777 2589560
69.298169 2568806
69.299348 2568354
71.703752 2562250
71.708139 2557672
71.715211 2556511
71.776074 2555651
71.778056 2531949
71.791125 2527196
71.923465 2526103
71.935729 2523501
71.939300 2522299
71.979227 2519342
71.981218 2511180
72.015176 2509781
72.019543 2506396
72.025887 2505606
72.036978 2490868
72.042910 2489544
76.808294 2484120
77.117416 2474427
77.121008 2469658
77.121803 2468438
77.122988 2461834
77.180978 2452593
77.182168 2451347
77.188513 2440169
77.207834 2437911
77.251751 2435566
77.260866 2432088
77.262835 2408713
77.694905 2408086
77.695706 2397983
78.162254 2394135
78.162656 2393522
78.189093 2392654
78.197810 2391307
78.203416 2370835
78.237439 2363952
78.237837 2350817
78.239414 2341457
78.239807 2334016
78.241009 2331889
78.248551 2320300
78.250136 2314414
78.251715 2312546
78.254495 2311086
78.608205 2311000
80.917396 2310656
80.920281 2298139
80.922745 2292501
85.593342 2292465
85.597330 2286980
85.608007 2284021
85.611565 2279424
85.645975 2276908
85.653906 2263839
85.658258 2262596
85.658653 2260828
85.670460 2260201
85.679553 2253388
85.680359 2243434
85.692594 2219655
85.694184 2215084
85.695763 2208906
85.734812 2206140
85.886290 2186099
85.887089 2175394
85.898546 2166601
85.900150 2148067
85.972078 2147520
86.040201 2147346
86.040999 2144408
86.042972 2136924
86.063042 2131090
86.077639 2105594
86.085543 2096053
86.093470 2095721
86.096370 2083426
86.097952 2080427
86.261608 2079311
86.271908 2076307
86.274675 2073326
86.289300 2072532
86.301557 2068524
86.309067 2068259
87.453431 2061718
87.467718 2061541
87.503706 2058481
87.515543 2051376
87.530209 2050582
87.638548 2032376
87.640158 2021356
87.641744 2019985
89.566666 2017977
89.571429 2017894
89.571827 2014839
89.573426 2009769
89.578186 1999093
89.578978 1997899
89.581378 1994096
89.584958 1993608
89.669746 1991827
89.675690 1990598
89.678477 1969398
89.681253 1966711
89.682444 1960302
89.682836 1959255
89.839062 1953592
90.214640 1947751
90.247361 1946261
90.250146 1945874
96.845245 1945753
96.845663 1944511
96.848054 1944069
96.874254 1928764
96.884530 1927404
96.910251 1913339
96.910649 1908689
96.924879 1903275
97.015603 1901029
97.228703 1870602
97.230298 1863913
97.237415 1863488
97.241376 1858356
97.274150 1843884
97.276547 1843476
97.278911 1841944
97.280912 1837797
97.281702 1827311
97.283281 1821484
97.288442 1818905
97.348539 1818161
97.455373 1814547
97.610626 1806268
97.614201 1801498
97.897325 1796602
97.944612 1794737
98.601853 1791405
98.650096 1785273
98.658789 1785140
98.682481 1783025
98.684865 1779514
98.685656 1778715
98.691191 1768738
98.941868 1766899
98.947422 1765159
99.133316 1738668
99.135288 1735879
99.189975 1719600
99.195121 1714897
99.195926 1713506
99.359290 1709505
99.360494 1705737
101.664072 1699643
101.666462 1696564
101.668475 1695467
101.669268 1694749
101.672447 1687386
101.692904 1676764
101.693301 1675070
101.693693 1668385
101.694481 1665868
101.886468 1660811
101.920080 1658953
101.920480 1655930
104.541528 1652819
104.555009 1646023
104.567655 1639810
104.573221 1636571
104.573618 1627350
104.580751 1623336
104.585509 1621784
104.590275 1620547
104.600202 1617333
104.602581 1611005
104.634905 1610738
104.635303 1607106
104.638950 1604876
104.701565 1598276
112.078119 1597439
112.083320 1591667
112.083718 1589478
112.097959 1588239
112.207765 1586055
113.275800 1585327
113.283723 1580380
113.286118 1576050
113.288891 1574649
113.289289 1571078
113.320157 1562243
113.459938 1559888
113.461136 1557598
113.464815 1555251
113.465611 1555240
113.471181 1552509
113.475970 1552175
113.477159 1551714
113.623463 1551196
113.626652 1545165
113.721667 1538026
113.722469 1535809
113.725640 1535465
113.777003 1525398
113.788487 1519976
113.797963 1517341
113.945143 1509160
113.946738 1507998
113.959828 1502751
117.589938 1499800
117.596313 1498902
117.606605 1495113
117.631983 1493076
118.432211 1490347
118.490315 1485682
118.548085 1484489
118.574285 1483097
118.589326 1481151
118.591703 1480135
119.156242 1478699
119.158233 1478593
119.185170 1478222
119.289785 1471122
119.294936 1468986
119.301302 1465986
119.306863 1456995
119.312437 1454627
119.320354 1449906
119.362170 1447884
120.165949 1446485
120.223427 1445527
120.226212 1444640
120.242445 1440639
120.250770 1439999
120.738811 1439945
121.818698 1439519
121.822693 1430089
121.841332 1416052
121.843316 1414218
122.569727 1412178
122.578576 1407420
122.591274 1407035
122.596449 1401880
122.616668 1400742
122.617066 1399150
122.622210 1388474
122.628576 1384898
122.644004 1376067
122.648350 1375335
122.656343 1374119
122.678121 1368589
122.678917 1362989
125.264947 1351571
125.291498 1346344
125.295889 1344115
125.428213 1341965
125.440486 1341109
125.442072 1340819
125.572678 1334255
125.808551 1334065
126.191867 1333288
126.207319 1326969
126.207715 1324467
126.228705 1323750
126.239016 1321587
126.341937 1320026
126.345124 1318037
126.366047 1310005
126.378370 1304741
126.549838 1300604
126.565361 1297869
126.576543 1290161
126.579710 1285568
128.680276 1284550
128.703662 1283949
128.712014 1279578
128.713601 1279502
128.726280 1275098
128.733052 1269659
128.752065 1268549
129.460880 1264747
129.491425 1263026
129.491825 1252519
129.494224 1251605
129.521518 1249290
129.523908 1248748
130.213001 1247049
130.220131 1246849
130.270896 1246546
130.273684 1244004
136.784564 1242062
136.789339 1239239
136.811970 1238900
137.662798 1237335
137.727832 1234732
137.735817 1234666
138.892597 1231841
138.906992 1231523
138.973528 1220424
138.994605 1220267
139.040184 1215961
139.343980 1214542
141.611017 1214096
141.631262 1210065
141.884374 1207763
141.890718 1207509
141.901041 1206350
145.520376 1204185
145.524746 1202500
145.640806 1197117
145.745848 1196573
146.808212 1193548
146.809014 1186180
146.822898 1184856
146.999731 1182018
147.006100 1180070
147.059503 1176463
147.120977 1176447
147.126514 1176203
147.142357 1165168
147.151896 1159897
147.158685 1159367
147.178927 1159202
147.209013 1159159
147.228454 1158877
147.240338 1156192
147.272833 1149871
147.308793 1148456
147.309193 1147771
147.319100 1146768
147.385993 1145539
147.422947 1141499
147.429687 1140712
147.433268 1135614
147.444331 1131381
147.456228 1130083
147.458996 1129470
148.652688 1123261
148.683991 1118673
148.690719 1117366
148.698253 1114300
148.700274 1111944
148.712173 1110483
148.722829 1108518
149.905551 1107123
149.924155 1106767
149.978077 1103123
149.986398 1102953
150.638856 1100197
150.653546 1100078
150.735322 1096387
150.785505 1094988
151.900744 1093217
151.919799 1092692
151.963085 1092535
152.328978 1090978
152.401150 1090566
152.500727 1089460
152.518570 1088731
152.526103 1088506
152.528106 1083611
152.531259 1081174
156.516799 1080779
156.529473 1079784
156.705865 1078296
156.716979 1076973
156.717376 1076023
156.724918 1075070
156.734073 1070367
156.745965 1070216
156.758271 1069760
156.759063 1069586
156.900767 1064939
157.146934 1063608
157.197694 1054234
157.412291 1054078
157.415460 1051787
157.420229 1050843
157.494687 1040666
157.514120 1038202
157.873057 1035646
157.936349 1034668
158.459170 1033453
158.460792 1032352
160.276681 1032311
160.480025 1031112
164.853142 1030638
164.968908 1023517
164.972111 1023169
164.996366 1021831
165.083632 1021137
165.092000 1019467
166.807641 1017699
166.808065 1015929
166.819956 1012581
166.848049 1011006
166.893852 1009992
166.915278 1008842
167.193909 1008204
167.257253 1008186
167.282118 1008117
167.310954 1006571
167.338663 1005427
167.711832 1002306
167.903346 1001749
167.924778 1001675
168.040338 1001288
168.067894 1000999
168.078203 999703
168.160657 999448
168.185651 999332
168.209464 997208
168.283906 992471
168.291427 990469
168.294615 990424
168.308158 990255
168.358065 988342
168.455143 988195
169.264904 986716
169.271258 984799
169.289457 984160
169.306123 982599
169.337799 980802
169.338987 979895
169.343759 979838
169.559867 978432
169.697483 977530
169.703037 977205
169.760187 974536
169.821377 971226
169.824561 966391
169.828133 964046
169.831684 963339
169.871602 962225
169.879529 960435
170.530016 959510
170.544716 959137
170.576879 959016
170.645002 958545
170.680660 956023
170.754756 955469
170.771911 954337
170.862315 953754
170.997569 951395
171.004726 951084
171.026540 949654
171.072204 949196
171.120131 948088
171.152981 947317
171.969087 946909
171.978188 945427
171.986519 944821
171.996043 943917
171.999599 941118
172.051148 940953
172.059476 938118
172.825254 936766
172.901782 936684
172.908537 935703
172.925610 935315
173.656963 934679
173.706083 933305
173.712876 933071
173.757951 931828
173.866306 931676
173.889360 927172
173.890556 923836
173.896914 923040
182.684301 922156
182.765219 921896
182.934186 921654
182.976601 921503
183.008687 919656
183.517067 919401
183.524223 917443
183.547623 917204
183.610047 914173
183.635153 912457
183.690427 911384
184.773644 910779
184.789503 910030
184.789904 906909
184.798210 899638
184.829093 897745
184.860465 896885
184.862051 896785
185.023891 896610
186.928050 895729
186.964172 894216
187.040185 893843
187.210497 893581
187.250077 892543
188.110469 892325
188.147230 890440
188.159152 887825
189.001057 886328
189.002261 885442
189.090024 883788
189.145258 883132
189.153213 882980
189.259346 881495
189.268874 881254
189.272056 881047
193.165344 879576
193.244689 878928
193.260203 878331
193.463467 875488
193.497159 874091
193.605293 873934
193.606487 873836
193.901455 873316
193.908216 873037
193.920132 872701
194.183697 872134
194.186096 870137
194.194024 868473
195.943398 867257
195.952986 866726
196.078997 866665
196.083748 866524
196.257831 865440
196.312170 865372
196.329976 863871
196.342397 863272
196.445177 861864
196.451543 861286
197.163188 860880
197.179495 860231
197.993765 860155
198.034947 859856
198.086852 859231
198.251920 859188
198.321909 858963
198.465556 858137
201.870099 857926
202.350956 857432
202.364076 857302
202.382713 854706
202.410111 854508
202.480898 854478
202.505460 852802
202.844306 852455
204.727673 851674
204.861573 851061
204.863166 850850
204.867959 850268
204.890846 849333
205.009984 848543
205.356102 847467
205.452479 844525
205.457251 841072
205.500335 840913
205.619926 840761
205.666239 840309
205.781194 839778
205.860689 839447
205.876514 838922
206.809249 838908
207.416155 838904
207.612750 838575
207.709888 838039
207.782360 837400
208.587780 836619
208.595370 835121
208.673517 835078
209.273306 833682
209.346555 833315
209.405461 832168
210.178892 831847
210.182861 831290
210.307869 831289
210.647413 830999
210.785215 830451
210.914814 830349
212.543717 830181
213.987685 828929
214.205580 828255
214.375854 828233
214.425546 826989
214.453269 826057
214.531726 823449
214.538086 822843
214.597986 822618
214.634474 822179
214.670176 820898
214.868225 820749
215.000441 820122
215.006398 820012
215.012341 819342
215.109772 819327
215.132737 819314
215.624461 810774
215.689817 810279
215.817452 810180
215.921602 809308
216.048851 808705
217.432895 808311
218.009248 808283
218.011227 808054
218.295411 807934
218.565568 807017
219.272390 806740
219.316803 805756
219.825977 803633
223.791801 803007
224.567744 802643
224.711722 800536
224.931589 800132
224.953401 799057
225.326331 798753
225.354050 798646
225.359989 797157
225.463659 797077
225.658930 795890
225.680737 795841
226.163377 795652
226.245884 795233
226.296173 794786
226.374167 794740
226.941748 794375
227.023938 794318
227.340358 793055
227.435134 792515
227.942699 788446
228.355726 785574
228.804393 785539
228.869348 785346
228.874912 785124
228.954433 783259
229.079493 782946
229.096152 782849
229.333204 782759
229.685905 782624
229.900297 781115
229.926395 780094
230.289160 779850
230.364921 779590
230.590546 779070
230.753881 776683
231.396950 775433
232.149899 774870
232.761873 770682
232.784140 770563
232.794798 770047
234.152065 768926
234.218003 767825
234.238606 766103
234.476083 765620
234.683727 765260
234.918780 764904
234.921188 764652
235.119767 764576
235.130072 763469
235.259443 762651
235.738888 762648
236.010896 762212
236.114675 762183
236.418455 761560
237.253571 761204
237.331321 761044
237.845657 761023
239.292299 760433
239.428341 760399
239.757980 760337
239.895180 760061
240.994728 760058
242.127947 760036
242.923404 759434
243.736071 759160
243.911525 758594
245.255242 757923
245.349325 757757
249.963143 755846
250.995594 755414
251.294177 752863
251.352775 752694
253.303682 752687
253.350455 752540
255.077644 752332
255.128089 752160
255.169310 752013
255.516924 751455
255.573244 751308
256.061903 750995
257.005048 750973
257.030425 750930
266.635917 744862
266.727921 744483
267.895154 744313
270.351091 742868
270.390767 742692
270.443896 742632
270.449840 741880
271.721454 740981
271.918998 740870
272.761090 740694
274.032148 740642
274.152882 740330
275.075777 740270
277.972302 738918
281.369945 737650
281.379498 737185
281.401771 737154
282.018390 737074
282.098483 736413
282.125859 735273
282.364454 734922
283.580228 734695
286.825014 731769
289.946372 731449
291.308521 730377
291.450681 730248
292.151048 725567
292.746100 723010
292.981345 722491
293.923658 722392
294.711255 721287
295.046684 720164
296.192371 719865
296.403748 719405
298.605175 717044
298.788610 716826
298.906240 716533
299.543233 712488
299.639705 712474
300.241163 707406
300.302893 706880
303.830733 706556
305.042561 704605
305.082903 702551
305.339553 701300
305.387485 700706
307.107691 700086
307.646474 699183
309.675631 699108
309.741028 698706
310.029477 698704
313.309217 695580
321.120435 695558
330.852583 695161
331.768816 694593
334.834576 694310
336.957954 693815
342.966360 693395
344.676322 693140
348.088543 692657
357.490096 692597
358.243844 691630
379.778419 691413
380.089794 691336
380.146422 691119
380.320779 688974
380.709802 687676
383.018008 687026
