0.000980 7022995
0.001481 7005207
0.002693 6999281
0.003092 6980322
0.003881 6974525
0.004678 6953761
0.006259 6946005
0.006656 6903502
0.007058 6887556
0.007453 6871653
0.007850 6824711
0.008635 6791789
0.009039 6782233
0.009434 6781296
0.011383 6750108
0.018718 6749141
0.019507 6732061
0.019904 6655888
0.020691 6649841
0.021086 6648024
0.034283 6636006
0.037784 6614552
0.041670 6607366
0.043229 6600673
0.047081 6576373
0.047483 6568382
0.047877 6563108
0.048270 6539032
0.048665 6534331
0.049059 6529262
0.049847 6503722
0.051400 6488421
0.053340 6470249
0.054135 6469719
0.079106 6469096
0.079891 6466528
0.080283 6436226
0.081057 6405849
0.081448 6389982
0.082279 6365804
0.083832 6349002
0.085001 6330440
0.086570 6318726
0.086964 6298823
0.103934 6285904
0.104332 6273342
0.137068 6200001
0.137466 6195631
0.139406 6190191
0.139802 6187950
0.140585 6152604
0.141774 6149612
0.142561 6134451
0.142950 6127192
0.144492 6119399
0.144883 6060061
0.145272 6056561
0.152994 6028035
0.153783 5941163
0.154177 5921336
0.157263 5884074
0.157687 5846029
0.158084 5759340
0.166983 5714629
0.170504 5714280
0.175153 5673514
0.185328 5664855
0.186947 5653528
0.187354 5651663
0.188155 5644496
0.189351 5611349
0.190166 5600485
0.191366 5590864
0.191772 5580670
0.195769 5567070
0.207133 5557121
0.207915 5547564
0.208698 5543456
0.213332 5538068
0.214894 5537124
0.220685 5534157
0.222640 5524073
0.223422 5522723
0.333307 5518685
0.334868 5497053
0.336033 5478233
0.337191 5465008
0.337583 5458220
0.337981 5457755
0.338375 5436431
0.339158 5422059
0.339551 5414686
0.342652 5402487
0.359194 5394156
0.360353 5391181
0.361133 5380482
0.367714 5365316
0.369261 5359137
0.663241 5359101
0.665183 5346686
0.668273 5316243
0.669442 5295079
0.670239 5291934
0.671017 5268547
0.976453 5176317
0.977262 5161154
1.038712 5140989
1.039516 5124653
1.041510 5123027
1.042332 5118802
1.043135 5061087
1.044722 5032108
1.046716 4999299
1.048312 4998418
1.049507 4991612
1.049940 4988649
1.050352 4982179
1.050760 4955194
1.056320 4938396
1.499302 4934669
1.508446 4929468
1.509256 4907389
1.520785 4784989
1.521191 4781256
1.522805 4772794
1.524403 4748835
1.525209 4745030
1.530365 4717421
1.530771 4714937
1.531174 4682805
1.531977 4650647
1.532381 4639208
22.232768 4624914
22.234861 4611926
22.239253 4521344
22.240457 4519914
22.241260 4489463
22.244065 4479133
22.244867 4455585
22.245689 4452948
22.246092 4444788
22.246488 4443018
22.246880 4438872
26.454277 4433647
26.459024 4426854
26.596068 4370054
26.600449 4354198
26.601646 4350838
26.603629 4343978
26.617370 4337565
26.618195 4323412
26.619393 4286091
30.856931 4272597
30.865235 4262003
30.866856 4256364
30.867255 4234541
34.217014 4206429
34.217835 4202944
34.228551 4199843
34.230564 4197444
34.232147 4194463
34.232547 4174901
34.553005 4168583
34.609802 4145239
34.610220 4127675
34.675008 4121351
34.676603 4117826
34.680579 4081051
34.680977 4068072
34.682585 4051478
37.296261 4048462
37.298321 4046486
37.299527 4045221
37.726461 4021070
39.210567 4020538
39.211814 4012037
39.440474 3981980
39.440880 3973828
39.441278 3967597
39.442903 3961323
39.443306 3951785
39.443702 3928796
39.444502 3925722
39.445300 3919956
39.480560 3904721
39.481362 3899929
39.481781 3899347
39.484156 3893564
39.485772 3869375
39.486170 3861011
39.492473 3858246
39.494487 3858212
41.291190 3855754
41.292794 3843022
41.293192 3832333
41.370025 3823472
41.370442 3817527
41.371269 3802760
41.378636 3798848
41.381929 3798623
41.389716 3792441
41.390549 3781761
41.391373 3778034
41.391782 3777856
41.392190 3767927
41.395069 3755146
41.397113 3743358
41.602739 3736432
41.603941 3718268
41.607128 3714972
41.607527 3708146
41.607923 3688241
41.881463 3656644
41.917083 3654907
41.917487 3642242
41.919518 3633565
41.920761 3632251
41.921589 3608834
41.930168 3581997
41.933843 3581237
41.936305 3573450
41.937955 3570002
42.017091 3562738
42.018734 3547267
42.445297 3539311
42.452312 3538585
42.454773 3530791
42.457615 3517657
48.028613 3514782
48.030261 3493889
52.021450 3482243
52.022717 3469577
52.034608 3467101
52.035439 3456701
52.049366 3455669
52.050209 3448431
52.055095 3422688
52.063731 3415939
52.979970 3409702
53.182719 3395306
53.183133 3395050
53.185579 3378149
53.190097 3376266
53.195008 3372017
53.205641 3370106
53.213018 3369671
53.213429 3356744
53.216733 3350963
53.221285 3346442
53.222535 3331764
53.228305 3329134
53.625486 3327732
53.629596 3322649
53.630017 3319824
53.654681 3318249
53.670513 3294485
53.671318 3290398
55.365010 3281864
55.846157 3280670
55.846561 3267145
55.847759 3266407
55.879061 3247834
61.178414 3236592
61.178853 3235402
61.180451 3234294
61.182863 3227206
61.190420 3215940
61.191619 3214626
61.192423 3212431
61.194043 3210354
61.194441 3208137
61.196036 3203907
61.196833 3203555
62.405864 3188125
62.409541 3172047
62.409978 3170044
62.412848 3153923
62.420248 3148907
62.431275 3140032
62.431691 3122874
62.434995 3121471
62.442398 3094890
62.493575 3085816
62.496005 3074314
62.497608 3048062
62.500010 3046234
62.501211 3045993
62.510750 3030443
62.523498 3003266
62.527491 3001746
62.592574 3001485
62.593786 2992145
62.605354 2973617
62.607372 2973154
62.638358 2958828
62.649467 2957008
62.649885 2954164
62.652660 2946392
62.659841 2936582
64.008468 2934212
64.014091 2930241
64.014495 2923179
64.017703 2918032
66.504268 2912352
66.521404 2900362
66.560425 2898483
67.605685 2884652
67.612436 2884359
67.612838 2883795
67.613231 2869626
67.613628 2864192
68.170671 2857866
68.172320 2850102
68.172733 2841978
68.175616 2832074
68.176854 2828459
68.178944 2825989
68.182255 2820511
68.183897 2820490
68.184725 2794535
68.185551 2789999
68.390433 2786676
68.391268 2768366
68.392910 2756242
68.394984 2746238
68.395812 2743830
68.397052 2735827
68.397463 2732713
68.399530 2728660
68.399943 2725353
68.458248 2722735
69.152747 2697821
69.157520 2677699
69.430971 2666740
70.290321 2657535
70.293497 2654218
70.306641 2638885
70.315219 2636447
70.329556 2635989
70.330398 2631261
70.334482 2627764
70.362272 2623918
70.363921 2620562
70.372551 2617126
70.374631 2616887
70.375869 2613369
70.546620 2609842
70.554224 2607236
70.569802 2585183
72.727561 2583036
76.618097 2574005
76.636025 2536543
76.637693 2527055
76.640967 2524228
77.513154 2486291
77.515173 2466078
77.517178 2455605
77.519196 2451773
77.519600 2438967
77.522388 2415915
77.528697 2410278
77.529099 2408734
77.531515 2402251
77.537901 2391734
77.544645 2391066
77.547069 2391002
77.547473 2382402
77.554251 2379174
77.560598 2374062
77.561000 2370084
77.563798 2361451
77.564198 2361440
77.651466 2350380
77.653876 2345414
77.654276 2335480
77.659448 2330681
79.396585 2324449
79.425931 2320259
79.449099 2316490
81.279452 2311129
81.320764 2304957
81.336243 2301983
81.337450 2300131
81.343022 2293133
81.344615 2289805
81.370396 2287069
82.304804 2282705
82.456782 2274161
82.474979 2271027
82.489310 2261235
82.492908 2257433
82.498889 2253649
82.500880 2253172
82.854410 2249798
82.893589 2247021
82.895197 2245051
83.024432 2240231
83.029670 2227198
83.030075 2223586
83.041604 2217558
83.055585 2217254
83.077975 2200427
83.214159 2198449
83.215400 2192956
83.217044 2192020
83.236737 2190534
83.240447 2179355
83.244959 2165529
84.650141 2163622
84.661251 2137995
84.998549 2127362
85.016872 2126394
85.021262 2125377
86.585009 2122921
86.588742 2122819
86.608833 2118107
86.617056 2113786
86.642881 2098006
86.647785 2093382
86.652207 2089264
86.652609 2088368
86.653412 2081883
87.993480 2080791
88.145843 2080049
88.162592 2075590
88.169362 2073607
88.174560 2072124
89.121796 2069146
89.148127 2064209
89.259507 2055641
89.260713 2052194
89.412324 2048482
89.424293 2040481
89.425097 2036499
89.435090 2029568
89.447830 2025368
89.449846 2018936
89.455820 2003289
89.478559 1994597
89.480936 1991513
89.489720 1987612
94.247518 1971880
94.250348 1968541
94.254732 1963646
94.265493 1962142
94.269099 1957609
94.288573 1948608
95.700121 1947968
95.701357 1935536
95.717321 1920944
95.753491 1917443
95.755982 1913130
95.767046 1912732
95.800581 1906396
96.764406 1899773
96.769645 1892017
96.772866 1888800
96.773696 1885515
96.776890 1880848
96.778122 1877463
96.782901 1872559
96.812334 1871388
96.835857 1867640
96.836259 1865593
96.841863 1860614
98.206330 1858450
98.217823 1851432
98.237954 1850923
101.308326 1842930
102.020137 1832957
102.021764 1829716
102.077721 1820223
102.081728 1819057
102.096938 1802723
102.109713 1797543
102.132588 1773791
102.134270 1773753
102.144106 1769207
102.150306 1766764
102.152359 1758500
102.439129 1756572
102.440783 1755470
102.445310 1749098
102.445733 1748785
102.451318 1747732
106.113433 1745582
106.957056 1744394
106.958731 1744235
107.019333 1743918
107.020987 1743734
107.023897 1742462
107.028407 1739316
107.074728 1738142
107.077968 1737476
107.078777 1735462
107.085144 1724914
107.115835 1722526
107.119850 1708915
107.130613 1706103
107.131018 1704876
107.131823 1704661
107.136217 1701744
107.163646 1701566
107.309325 1698417
107.314144 1695854
107.315739 1694871
107.324850 1691551
107.325252 1690591
107.334024 1689554
107.621991 1689149
107.622806 1684536
107.623211 1683893
107.631980 1679728
107.636376 1675519
107.638790 1673847
107.653873 1672363
107.657065 1672356
107.665551 1659402
107.916643 1657026
107.917455 1655817
107.919082 1644937
112.489490 1644280
112.491127 1642617
112.503492 1636550
112.508697 1635590
112.514376 1632012
112.517684 1631664
112.533319 1627873
112.543978 1627849
112.545573 1626904
112.546393 1618358
112.547597 1616767
112.559628 1609370
112.783821 1606989
112.786637 1602741
112.787836 1598340
115.819333 1596254
115.826327 1594906
115.846333 1590203
119.338445 1589899
119.357168 1589801
119.371562 1589024
119.389396 1582918
119.392982 1582001
119.399372 1580450
119.444349 1576355
119.459884 1575659
119.496000 1571828
119.519235 1571095
119.526384 1568434
119.527984 1567805
119.581724 1566882
119.657547 1563617
119.661120 1563421
119.668718 1559142
120.287644 1556902
120.288889 1554187
120.293871 1552487
120.308624 1551826
120.311875 1550198
120.315881 1547390
120.334621 1543479
120.340961 1542352
120.377118 1538069
120.391178 1538036
120.403486 1537465
120.403899 1536495
120.433111 1534997
120.484839 1533827
120.486112 1533647
120.537237 1532182
120.538084 1530141
120.816975 1523209
120.839341 1522828
120.886590 1519866
121.051491 1513174
121.059895 1509583
121.060704 1508684
121.066704 1506838
121.068308 1500749
121.078275 1495201
121.088241 1494027
121.457641 1485339
121.812827 1484745
121.815649 1483657
121.894595 1482970
121.911702 1481687
121.931257 1476950
122.006656 1468664
122.009858 1468506
122.015810 1467023
123.397165 1462010
123.405490 1455708
123.406718 1452629
124.337642 1447739
125.182500 1447417
125.191290 1447098
125.203618 1445249
125.228787 1444337
125.232788 1439063
125.235198 1438487
125.240784 1437529
125.251947 1436809
125.762095 1432573
125.776034 1427481
125.778120 1427306
125.778529 1425943
125.788374 1411987
125.799071 1410377
125.799897 1402545
126.057242 1397853
126.071257 1395098
126.081551 1386903
129.748664 1381764
129.749886 1381260
129.751487 1381203
129.760280 1379049
129.808319 1364224
129.820284 1362250
130.050091 1357973
130.091582 1346217
130.094480 1343656
130.137463 1341779
130.528111 1336116
131.321168 1331979
131.579401 1331230
131.580613 1329419
131.604108 1329393
131.887461 1324650
131.893067 1320876
131.901907 1320808
132.424354 1319396
132.474334 1317293
132.481077 1309817
132.754995 1305020
132.781297 1302221
132.884532 1302088
132.891715 1298739
133.079915 1292888
133.081936 1290790
133.110413 1278602
133.179999 1278158
133.206271 1277657
133.299099 1275722
133.307312 1275334
133.315499 1274634
133.316321 1274264
133.317150 1273450
133.318413 1272999
133.394285 1265444
133.394692 1264441
133.400675 1264352
134.326011 1261263
135.383790 1259969
135.385822 1258277
135.854640 1256813
135.866974 1249562
135.868571 1248861
135.959094 1247087
135.962715 1247030
135.997434 1245389
136.006245 1243332
136.013400 1235340
136.032872 1233985
136.035687 1231808
136.160626 1228238
136.161033 1221601
136.297375 1221575
136.381320 1220067
136.433332 1219629
136.436941 1218127
136.452458 1217550
136.480327 1216943
136.487466 1215329
136.493846 1208723
136.494653 1207112
136.525754 1205391
136.536854 1203698
136.540177 1203322
136.550032 1201999
136.550866 1200840
136.562365 1198496
136.848262 1197376
137.325014 1196663
137.326674 1196397
137.341397 1196154
137.369970 1192938
137.437729 1192755
137.438136 1188046
137.438942 1186106
137.520742 1185192
137.531094 1182523
137.532298 1181885
137.535495 1181676
137.547358 1180640
137.570659 1179782
137.598101 1178577
137.602521 1177973
137.606519 1176877
144.740245 1176399
144.792340 1176057
144.803538 1176055
144.825043 1175368
144.840640 1172807
144.853865 1165494
144.933037 1163645
144.939026 1163217
144.942244 1161689
144.943833 1158318
144.966467 1153482
145.005610 1151351
145.031449 1148134
145.042501 1143196
145.050685 1141101
145.081189 1134295
145.096058 1127878
145.172505 1126038
145.180126 1124562
145.436461 1118600
149.616862 1115196
149.617735 1115092
149.622544 1114579
149.662361 1113714
149.824370 1108018
149.844224 1105324
149.848599 1102144
149.916140 1099315
149.924065 1098625
149.996210 1097744
150.007354 1097300
150.042764 1095210
150.051126 1094904
150.082211 1093996
150.103329 1093018
150.106551 1092962
150.117246 1083648
150.136338 1082473
150.150248 1081390
150.178086 1079210
151.944663 1078385
152.072576 1077246
152.078176 1077180
152.110486 1077081
152.157997 1075034
152.189306 1073810
152.203992 1071615
154.915412 1065247
154.945498 1063291
155.262332 1060656
155.361017 1060262
155.366391 1057905
155.402930 1056931
155.472196 1055900
155.850060 1054527
155.988752 1053919
156.008099 1052971
156.024241 1052458
156.054895 1051234
156.066089 1049228
156.070499 1048215
156.073697 1048185
156.189632 1046740
158.081558 1045993
160.032787 1043302
160.111007 1042207
160.141272 1041096
160.153176 1037291
160.164323 1036359
160.339849 1032456
160.921436 1030163
160.933793 1030071
161.018250 1029633
161.469295 1028855
162.129453 1027883
162.157325 1022358
162.176682 1018210
162.211051 1017957
162.249312 1017921
162.312112 1012818
162.372166 1011035
162.417485 1010999
162.513939 1008868
162.568063 1006145
162.576868 1005387
162.582091 994801
162.621824 992027
162.833118 988319
162.865257 988043
162.930870 987433
166.099562 983467
166.179205 982941
166.206328 982713
166.344750 982672
166.351733 981988
166.379567 981230
166.482086 978313
166.625684 976198
166.629684 975310
166.800977 972078
166.860726 970740
166.977796 967535
167.124249 965212
167.179068 962769
167.226540 962285
167.299077 961703
167.408008 960430
167.472925 954841
168.864231 954210
168.902679 953458
169.132588 952656
169.256265 951042
169.380825 950603
169.408322 949016
169.560856 948936
169.722545 946603
169.840520 944069
169.845337 943500
170.053468 941377
170.123649 939711
170.158606 938843
170.436834 936637
170.442035 935446
170.669703 934899
170.810244 931889
171.804239 930605
171.820634 928950
171.850601 927727
171.854635 926950
171.950309 926726
171.963045 923924
171.972622 923525
172.952834 922715
175.031401 918919
178.304968 917957
178.325283 916502
178.358411 912975
178.598715 911330
179.166183 910223
179.220233 910201
181.163817 909601
181.238326 909468
181.242329 909269
181.343470 905786
181.479361 905155
182.835585 904746
182.847963 903363
182.912057 900268
182.931999 900197
183.347495 899223
183.348708 897535
183.376477 895282
183.380191 892921
183.383495 892836
183.721486 892480
183.732614 891327
183.775845 889936
183.892395 889920
183.921779 888393
183.942285 887011
183.957060 885774
183.957922 885657
183.997726 884752
184.002115 884406
184.052615 880609
184.089995 880053
184.136528 879939
184.385442 879890
184.506626 879715
184.618419 879507
184.645886 878511
184.691889 877879
184.772097 876060
187.653558 875239
187.664784 873491
187.799950 872974
187.832121 871215
187.855645 868438
187.900625 867428
187.917493 865656
187.917929 864589
188.004341 861142
188.004756 861039
188.236017 859783
188.274485 859734
188.426597 855055
188.609943 854882
190.157146 854204
190.264022 854170
190.305231 853480
190.351856 850929
190.759706 850852
190.782310 850019
191.178534 849990
191.187177 845300
192.202662 845294
193.159970 845159
194.841945 842668
194.956352 840957
195.604053 840389
195.774000 840341
195.903887 839669
196.235200 839138
196.382615 838533
196.681891 837714
196.958149 837579
196.994299 836490
197.064514 836017
197.360905 835176
197.692524 834823
197.854271 833229
197.877377 832658
198.430275 832621
198.970286 832604
198.996132 832069
199.731247 831843
199.741585 831421
199.779121 830449
202.360084 829645
202.565716 829016
203.452439 828656
203.736878 828360
203.772539 827857
205.082289 826038
205.523313 824276
205.588325 823534
205.604590 822885
205.760298 822596
205.760705 821284
206.126405 820916
206.295895 820375
206.365203 819331
206.493289 818357
206.936438 817914
206.967893 816665
208.405039 816332
208.417410 815943
208.424570 815328
208.494251 814524
208.544204 813946
208.671733 812560
208.977674 811821
209.206818 811347
209.219193 810980
209.330025 810842
209.346801 809431
210.475922 809128
210.603637 808297
210.928110 807683
211.038320 807469
212.346859 805162
212.576040 804972
213.161221 804489
213.254178 804354
213.304952 801500
214.170781 800358
214.367623 800336
214.781563 795214
214.836346 794388
215.086343 793733
215.235738 793568
215.741862 793329
215.977969 791633
216.478542 790369
216.503615 789133
216.867183 788894
217.270173 786931
217.582991 786777
217.658953 782404
217.718020 778768
217.720420 771215
218.650880 769480
218.672827 768240
218.717340 766629
218.726575 766546
218.954245 766473
218.986040 764757
219.037372 764152
219.119138 763121
219.236958 762266
219.542044 758932
220.061559 757181
226.146359 757093
226.520470 756911
227.678038 756692
227.903522 756612
228.147728 755169
228.162045 755082
228.262467 754787
228.262877 754770
228.715693 754077
228.959854 752538
229.210127 751928
229.441935 751894
229.450309 751201
231.102406 750485
231.207114 749748
231.237378 749703
231.311384 749498
231.658488 748925
231.696219 747537
231.948241 747449
232.077775 746405
232.138618 746374
232.177909 746305
232.280976 746297
232.315952 745681
232.605712 745591
232.718421 745483
232.906509 744778
234.251355 744278
234.366387 743058
234.376193 742968
234.377435 742698
234.840263 741787
235.009806 741654
235.021302 741422
235.086737 741266
235.215060 741154
235.516727 741107
235.548714 741092
235.634645 740701
235.815768 740645
236.214538 740021
236.333797 739590
236.345359 739436
236.360037 739181
238.631278 739162
239.169754 738994
239.368770 738635
239.449884 738544
239.474930 738358
239.775292 737459
240.510939 736836
241.211781 733244
241.858348 732878
242.198639 731754
242.333773 730174
243.254639 728379
245.081927 727591
245.526877 727511
246.264960 723994
246.332166 723606
246.629392 722987
246.685606 722701
246.696810 721648
246.932713 721342
248.770411 720021
248.870541 718791
248.933628 718439
250.062159 718048
250.674004 717383
250.823343 716448
250.883982 715585
250.902831 714869
251.066960 714790
251.464678 714591
251.929165 714075
252.002529 713984
252.131037 713514
252.186105 713504
252.608671 713457
252.686253 713132
253.138785 712196
253.230481 711482
253.285077 711095
253.826607 710791
253.851993 710769
254.097930 710611
254.356313 710566
254.557135 709812
255.544464 709600
256.800125 707862
257.601492 706331
257.795330 706322
258.277248 706121
261.876422 704991
262.037067 704794
264.524425 704029
265.019308 703805
268.236859 703279
269.657855 703113
271.074772 702886
278.648341 702625
281.913939 702506
283.408461 702470
283.995587 701648
284.903279 699467
284.955178 699364
286.092620 698643
286.180874 698058
288.349295 697613
288.755863 696607
289.583713 696402
289.954249 696342
292.016672 695928
294.587226 695585
294.823283 695499
296.213330 694446
296.497032 694007
296.814985 693314
297.652855 692685
298.604446 691363
299.937832 690957
303.853413 690935
304.852123 690773
307.115943 690763
316.871369 690268
318.956296 688265
319.236817 688237
322.215764 687502
322.385882 687189
324.062224 684554
326.655799 684088
326.871641 684008
327.415616 683980
336.864696 683620
339.303603 683607
341.127398 683387
341.226889 683360
342.150734 683137
343.473566 682853
356.065024 682833
372.021534 682220
378.084436 682192
387.576504 680752
388.607840 679325
389.248713 679082
394.667184 678026
395.057839 677747
395.440712 677727
396.141902 677483
396.323139 677367
