0.000987 7234891
0.001929 7224284
0.003616 7218201
0.006512 7210140
0.007335 7194066
0.008130 7178421
0.008515 7177300
0.009287 7177281
0.009675 7175414
0.010062 7157275
0.010451 7156848
0.010853 7103630
0.011243 7083691
0.017734 7080896
0.018896 7068897
0.020806 7066052
0.021577 7032661
0.021964 7022662
0.022354 7001653
0.023145 6872420
0.023545 6766199
0.025192 6757598
0.025609 6754122
0.027270 6750034
0.028097 6732204
0.028516 6718195
0.028930 6696044
0.029343 6690827
0.029756 6684130
0.030168 6682683
0.030595 6667208
0.031009 6596081
0.033060 6572233
0.033882 6565689
0.037167 6564448
0.037992 6556377
0.038830 6530338
0.039243 6523749
0.040475 6485133
0.041299 6475971
0.045813 6467960
0.048683 6466664
0.049507 6462626
0.050331 6453465
0.051173 6416605
0.054877 6416394
0.056519 6412239
0.060624 6409820
0.061009 6329898
0.061394 6315847
0.062158 6311622
0.064071 6309970
0.068711 6289183
0.069539 6279129
0.069952 6266637
0.070788 6228874
0.072429 6220906
0.072843 6220114
0.073668 6212943
0.074082 6207072
0.074495 6168611
0.076116 6159057
0.078405 6145372
0.078808 6144215
0.080718 6132720
0.088342 6118381
0.091405 6108936
0.092927 6103698
0.097661 6096575
0.098428 6087571
0.099206 6034589
0.099592 6034384
0.099977 6023538
0.109779 6021809
0.110198 5963652
0.111454 5962930
0.116386 5944112
0.117622 5940808
0.118446 5937423
0.137494 5899390
0.323318 5890671
0.324880 5880612
0.347581 5842716
0.347971 5838046
0.350658 5833933
0.351811 5819220
0.352196 5785528
0.352961 5782104
0.387709 5774202
0.399208 5769841
0.399629 5767553
0.417704 5765879
0.428405 5729429
0.437023 5718833
0.437848 5666777
0.439013 5648196
0.510030 5598764
0.512726 5595051
0.514253 5588822
0.515424 5531957
0.523815 5505146
0.524203 5502483
0.560683 5494329
0.561074 5475280
0.561842 5462851
0.562226 5445209
0.562629 5440871
0.563014 5440100
0.563398 5427309
0.564165 5411723
0.564552 5393899
0.565697 5389514
0.566462 5379324
0.567248 5378856
0.572583 5362042
0.573731 5352479
0.574538 5341954
0.574944 5335289
0.576093 5331848
0.583240 5207363
0.584067 5207057
0.594180 5202217
0.594588 5192879
0.622418 5189718
0.624716 5177850
0.626248 5173356
0.626647 5160337
0.627031 5155060
0.902739 5103155
0.903899 5102434
0.908483 5093366
0.928339 5080414
0.929169 5078948
0.929584 5075451
0.956522 5061770
0.962627 5044245
0.970302 5040553
0.973796 5030491
0.975342 4986023
0.984108 4980959
0.984877 4965904
0.985263 4957935
0.986027 4945913
1.077897 4940010
1.079151 4933771
1.079568 4932803
1.676707 4923866
2.368594 4907762
2.370202 4880213
2.372888 4865439
2.373277 4845015
8.603624 4841468
8.604076 4819674
8.605751 4812819
8.606605 4787295
8.608281 4786273
8.609452 4779608
8.610633 4760258
8.624558 4734221
8.628451 4718250
8.629231 4714941
8.629618 4712214
8.635048 4709895
8.639758 4707942
19.740909 4699660
19.749128 4697580
19.757536 4696083
19.761807 4692573
19.772311 4678749
19.773154 4665878
19.775573 4664103
19.775967 4646259
19.776743 4636372
19.778703 4627854
22.289376 4616348
22.289773 4611637
22.296386 4582102
22.297226 4570478
22.299751 4567201
22.368082 4560529
22.368924 4559887
22.369342 4533930
22.410344 4517733
22.418907 4507700
22.421622 4465660
22.422402 4460758
22.423217 4458456
22.424003 4426890
22.424418 4381027
22.426938 4375653
22.428192 4367723
29.646449 4359512
29.646861 4353259
29.647251 4342941
29.647636 4340081
29.669823 4339020
29.671928 4311589
29.680265 4306922
29.681108 4265886
30.103749 4256641
30.104173 4255276
30.115843 4221134
30.147185 4219864
31.835290 4216894
31.839929 4210326
31.842868 4202658
31.844963 4197681
31.846657 4193734
31.857472 4192378
31.857892 4189455
31.944176 4166031
32.326944 4143070
32.327342 4140644
32.328124 4136733
32.328515 4127236
32.328901 4127030
32.330859 4111929
32.332406 4089382
32.333573 4085878
32.335537 4069585
32.335927 4065913
32.340180 4063573
39.725042 4053778
39.725493 4050042
39.725912 4040649
39.735815 4015623
39.748205 4014522
39.748597 4004203
39.788827 4003861
39.789610 3990626
41.474332 3990269
41.475914 3984864
41.481636 3981804
41.486689 3957692
41.490877 3905788
41.508773 3898590
41.509193 3868474
41.511297 3864448
41.512077 3849499
41.513242 3837157
41.513631 3830848
41.514817 3822511
41.515598 3811514
41.521309 3811005
41.524647 3804924
41.526319 3765114
41.531340 3759945
41.534687 3757474
41.535525 3757086
41.537202 3727107
41.537616 3681636
41.542201 3679383
41.543476 3678872
41.552195 3678104
41.552613 3674854
41.553864 3644889
41.555143 3640408
41.556395 3628940
41.556813 3599177
41.558903 3595517
41.562235 3595080
45.755710 3588393
45.756135 3584917
45.759497 3580938
45.760337 3576019
45.762004 3563220
45.768281 3537310
45.774591 3508416
45.824023 3479123
45.824443 3465683
49.428034 3456910
49.429599 3446374
49.429989 3445710
49.430375 3445237
49.430780 3438091
49.431564 3419043
49.442037 3406000
49.444781 3397564
49.449424 3394751
49.450219 3357782
49.451787 3337788
49.452564 3331189
52.280615 3312808
52.281404 3309960
52.282185 3303177
52.282600 3288455
52.284931 3284768
52.285321 3281639
52.285708 3276012
52.288053 3273557
53.809344 3273116
53.812987 3272364
53.830389 3266159
53.837651 3251957
53.844142 3245824
53.860283 3238148
53.863129 3231258
53.865952 3219775
53.879257 3213824
53.892550 3183800
53.893765 3182977
53.894583 3174393
53.895396 3166118
53.896204 3160499
53.923327 3154534
53.928594 3147773
58.409627 3140072
58.413424 3135310
58.415962 3131809
58.419314 3114012
58.419734 3107061
58.420568 3105522
58.421403 3101004
58.432307 3090942
58.451808 3080251
58.452598 3075168
58.456503 3063453
58.457283 3059727
58.458059 3053424
58.458858 3051164
58.559227 3047688
58.560015 3046475
58.560796 3004181
58.562350 2993234
58.562765 2981577
58.563995 2980870
58.565666 2964586
58.567355 2964057
58.577387 2939934
58.581979 2935739
58.582398 2932620
59.381359 2930269
59.452836 2902853
59.459468 2899682
59.488141 2895346
59.493604 2894391
59.493994 2893518
59.498700 2881491
59.511095 2865457
59.514433 2856879
59.514869 2856282
59.516125 2855409
63.551510 2855006
63.553611 2845933
63.555722 2845559
63.556142 2831999
63.556922 2831806
63.557312 2791224
63.558879 2773637
63.559657 2769854
63.560439 2763672
63.560826 2763267
63.561603 2762451
63.562790 2758250
63.568257 2742366
63.571534 2723374
63.572788 2719554
63.573207 2713618
63.573622 2706556
71.470498 2684514
71.470937 2675836
71.471355 2673465
71.472192 2670768
71.541619 2661140
71.542809 2656715
73.391430 2650615
73.451171 2632249
73.453900 2631641
73.454291 2618918
73.505085 2618175
73.571566 2608753
74.854075 2603400
74.862437 2601886
74.871648 2585561
74.886709 2583132
74.895081 2572786
74.895501 2567400
74.897171 2563052
74.897587 2536595
74.898002 2529785
76.322793 2513444
76.324057 2513280
76.324893 2508535
76.333137 2507305
76.333916 2488826
76.344035 2488743
76.344427 2487790
76.351068 2483844
76.420835 2483527
76.422790 2483418
76.423572 2483342
76.441479 2465878
76.441870 2462744
76.450049 2446083
76.451235 2436977
76.453951 2426849
76.454748 2407282
76.457463 2382004
81.475579 2369723
81.476406 2360135
81.482254 2356996
81.482662 2332356
81.483070 2321403
83.842660 2315719
86.457401 2306054
86.459515 2293080
86.492950 2289064
86.494909 2281471
86.499112 2275232
86.500696 2272549
86.501083 2263404
86.501858 2261388
86.503434 2257479
86.515482 2241989
86.517055 2230529
86.522936 2228540
86.534207 2215915
86.534615 2213871
86.537344 2213779
86.561069 2210751
86.566945 2203445
86.567784 2197416
86.569724 2193292
86.570913 2191388
86.575209 2190696
86.580287 2190624
86.583817 2177018
86.588494 2165459
86.591229 2164115
87.223909 2163247
87.231711 2160339
87.234846 2150721
87.494271 2149449
87.501301 2146459
87.502476 2112958
87.504437 2112821
87.506381 2110626
88.880461 2103254
88.882031 2100832
88.883222 2098132
88.917422 2096996
88.917815 2096408
88.920153 2095998
88.921710 2094875
88.922098 2092700
88.924828 2089092
88.926792 2087086
88.932601 2085845
88.936171 2083206
90.088917 2082903
90.094364 2078833
90.839258 2077833
90.839685 2075987
90.840525 2070259
90.844717 2065258
90.845137 2062499
90.845975 2054572
90.855175 2053470
90.861024 2045882
90.863962 2045621
90.865217 2042133
90.870690 2040427
90.983270 2037987
90.986197 2037743
90.989983 2032126
95.072878 2030034
95.074848 2029053
95.150064 2026049
95.152033 2014504
95.152424 2006109
95.153598 2004336
95.155290 1998380
95.167733 1997482
95.527373 1991305
95.529056 1988139
95.529477 1972199
95.532005 1958245
95.534511 1950306
95.583791 1948525
95.587568 1947549
95.590923 1944146
97.221882 1942480
97.228628 1938257
97.256459 1900745
97.256853 1900577
97.261163 1899779
97.273375 1899136
97.279256 1898718
97.280510 1889661
99.183059 1877779
99.223887 1876329
99.235715 1864422
99.236977 1857108
99.244511 1855497
99.268141 1855485
99.933834 1848824
99.935548 1846525
99.942363 1843682
99.947825 1835514
99.952896 1828598
99.956184 1824465
100.164039 1818217
100.176604 1807768
100.223480 1802206
100.226210 1794006
100.267695 1793608
100.324666 1786276
101.074860 1782263
101.075258 1780833
101.081633 1780800
101.101703 1774634
101.115495 1767692
101.128920 1767680
101.146090 1766449
101.158263 1758112
101.160384 1753705
101.167123 1744863
102.082307 1742464
102.091133 1742052
102.117619 1739274
102.119730 1722931
102.147484 1721974
102.149433 1720666
102.183390 1714468
102.187312 1704453
102.209566 1695890
102.210751 1683958
102.214250 1683722
102.214656 1682654
102.411077 1676722
102.425768 1675978
102.426554 1673022
102.427358 1669329
102.428149 1664656
102.430098 1660490
102.431292 1655436
107.343476 1646475
107.365422 1645442
107.440272 1641316
107.441082 1640157
107.518356 1633905
107.526323 1631638
107.985222 1629824
107.991468 1620726
108.005047 1619664
108.007800 1617350
108.008190 1614073
108.026481 1612306
108.062091 1611720
108.114598 1609763
109.827401 1605802
109.836775 1605616
110.124417 1602716
110.127165 1602653
110.130280 1594508
110.133024 1590635
114.777897 1587239
114.789935 1587229
114.793292 1585189
116.930060 1582983
117.033939 1567470
117.036055 1564626
117.050720 1555656
118.839507 1549657
118.840689 1549582
118.857850 1541869
118.893946 1541147
118.895659 1540440
118.909922 1539399
118.920624 1539019
118.924146 1538319
118.940501 1535647
118.955726 1534388
119.077484 1533879
119.264358 1527198
119.269396 1523016
119.288274 1521493
119.290370 1520401
119.303775 1519691
119.310474 1517925
119.320550 1517193
119.920602 1514623
119.923555 1513229
120.052002 1512285
120.052428 1509149
120.067115 1507677
120.069213 1503184
120.075529 1502181
120.098515 1502054
120.133790 1500282
120.149812 1499624
120.152562 1495302
122.912077 1494554
122.949821 1490888
122.972874 1490436
122.978328 1489457
123.004019 1484580
123.038890 1482742
123.055657 1482373
123.224479 1478996
123.334004 1475991
123.432304 1462858
123.432726 1462769
123.461976 1462066
123.472430 1460726
123.488753 1454895
123.492278 1454872
123.496583 1452230
123.709142 1451979
123.718344 1443794
123.725058 1440881
125.235634 1436864
125.237738 1436074
125.249063 1432760
125.293011 1424316
125.347967 1424152
125.350922 1421598
125.360158 1418606
125.376069 1414531
125.412081 1408398
125.418733 1406815
125.439041 1392775
125.445876 1392359
125.466410 1386060
125.588819 1385231
125.597206 1384359
125.600154 1383966
125.756831 1383805
126.141290 1382498
126.145982 1374789
126.161573 1373839
126.163155 1373836
126.225309 1370164
126.277224 1369661
126.282968 1367807
126.296620 1358974
126.309438 1358719
126.315698 1357390
126.319223 1357352
126.352812 1356579
126.357014 1355960
126.415008 1351775
126.453813 1345108
126.457338 1342526
126.473347 1342023
126.485415 1339675
126.506456 1338254
126.531045 1334735
126.539246 1334157
126.557996 1333450
126.769829 1332193
126.828858 1331515
126.840191 1329063
126.840618 1326512
126.912535 1322411
126.914098 1322043
126.928535 1321707
131.147646 1318818
131.174902 1317014
131.189310 1316709
131.235824 1314370
131.237086 1313276
131.263042 1313269
131.358827 1311560
131.381008 1311019
131.386452 1299361
131.432614 1294364
131.447432 1286355
131.454860 1285460
131.455250 1285009
131.455637 1284929
131.459160 1282887
133.476885 1282303
133.491719 1271803
133.494436 1271152
133.657084 1268951
133.657478 1262352
133.810403 1261118
133.811277 1255699
133.814201 1253445
133.981825 1252163
133.987693 1251700
134.009254 1251586
134.009677 1249665
134.165275 1239969
134.168021 1237134
134.172702 1235459
134.560483 1233473
134.568449 1231363
134.569293 1231152
138.723820 1226872
138.923235 1221908
138.923662 1218985
138.952100 1217036
138.996365 1215030
139.003019 1212274
139.004968 1206040
139.015523 1202418
139.049884 1202365
139.074623 1199409
139.087308 1198591
139.599961 1198518
139.611061 1193796
139.640039 1193068
139.640436 1192989
139.644735 1189549
139.651762 1189140
139.662279 1186310
139.950329 1185789
139.953275 1178006
140.300695 1172172
140.405432 1171174
140.453005 1168984
140.455370 1168597
140.493679 1167519
140.509356 1167348
140.531258 1167231
140.533987 1166511
140.562390 1156616
140.563979 1151540
140.565923 1151515
140.567112 1150621
140.582320 1149946
140.583903 1146704
140.659743 1146208
140.772138 1145604
140.785413 1145457
140.836510 1143550
140.851567 1141276
140.864065 1135213
140.886806 1134187
140.887230 1133771
140.890597 1132658
140.924418 1130756
140.930681 1129264
140.956156 1124082
154.992446 1123351
154.995824 1120000
155.005033 1118845
155.005454 1117886
155.008407 1115763
155.010087 1115762
155.049366 1110503
155.054835 1110203
155.062781 1107540
155.067814 1107167
155.138201 1106674
155.153861 1105787
155.190558 1104890
155.194476 1102120
155.194895 1101862
155.208162 1095406
155.224038 1095226
155.286478 1093730
155.288452 1087167
155.298180 1080367
155.311209 1079568
155.333853 1077753
155.381485 1077043
155.381882 1075374
155.386583 1075349
155.394763 1075249
155.420077 1074341
155.445746 1073519
155.485098 1072330
155.549830 1069655
155.610907 1066984
155.685779 1066127
155.689570 1065565
155.923815 1064277
155.924210 1057747
157.088070 1057210
157.174109 1055654
157.260412 1055517
157.312790 1055242
157.357848 1054621
157.387503 1053616
161.193988 1052145
161.195207 1050347
161.237893 1049190
161.801096 1049168
161.842284 1047441
161.866374 1046656
161.988312 1046373
162.852482 1046113
162.857562 1043801
163.153117 1043031
163.197649 1041438
163.204303 1040852
164.256282 1039527
164.265819 1038993
165.316901 1038379
165.329023 1037889
165.331813 1036235
165.355277 1036109
166.065844 1033997
166.074246 1030671
166.087738 1027928
166.089833 1026671
166.137569 1026583
166.140106 1025524
166.142621 1024636
166.149328 1021045
166.491752 1020177
166.605479 1011818
166.608855 1010996
166.655282 1009339
168.172229 1006183
168.190607 1005119
168.193962 1004110
168.200279 1000893
169.126740 1000548
169.630216 996056
169.632577 994588
169.634143 992607
169.638432 990612
169.643528 987005
171.237410 982932
171.275362 981262
171.382867 978849
171.817529 977155
172.557531 972321
172.759595 972050
172.988645 969566
173.153593 969487
173.197668 967785
173.248717 967596
173.307996 966617
173.405209 965732
173.406789 964798
173.415003 964263
176.586449 963633
176.617138 963466
177.069637 961921
177.074268 961307
177.789886 958387
177.816705 952463
177.837423 952111
178.091356 949624
178.098906 948980
178.192583 945631
178.416623 945166
178.628355 942563
178.710107 941080
179.072287 940451
179.272967 939927
179.324455 937856
179.341567 937604
179.361474 936483
179.364422 935728
179.458891 935518
179.466423 934100
179.468122 932396
179.471245 930690
179.471636 929915
179.506746 928000
181.035811 927910
181.043374 927451
181.055111 927104
181.081042 925976
181.089010 924639
181.192557 923769
181.392455 922621
181.467757 922562
181.502286 922529
181.760057 920203
182.068893 919913
182.083190 917387
182.098764 915242
182.701870 913332
187.429987 911980
187.530594 910801
187.558683 910699
187.593864 909607
187.623113 907215
188.403571 904745
188.605299 904323
189.183445 904116
189.234992 904006
189.273505 903362
189.276259 901588
189.304179 901569
189.313734 899677
189.326299 897488
189.354976 896637
189.361947 896316
189.363931 894358
189.389550 893709
189.443607 892927
189.499235 892402
189.693963 889407
189.743678 887199
190.522251 886860
190.571674 886358
190.874758 885678
192.130978 881918
192.303138 881463
192.329644 881225
192.420822 880433
195.738187 879097
195.804392 877244
196.123437 877215
196.256209 876597
196.753676 876435
196.920979 875816
197.179786 875332
197.210167 869719
197.272113 869464
197.300517 869230
197.365053 868838
197.433881 868796
197.445662 868591
197.493267 868456
197.502971 868118
200.545593 867896
200.563035 866066
200.602319 864947
200.656355 863733
200.838559 862857
200.854169 862839
200.873681 862675
200.884215 860909
201.070617 860333
203.427771 859676
203.523326 858131
203.714861 856389
203.812804 856232
203.831897 854375
203.851371 854114
205.034146 852581
205.741837 851761
205.747104 851673
205.753341 850952
207.182146 850251
208.816231 850182
208.833721 848504
208.882723 847673
209.042626 847317
209.132607 846603
209.598932 846340
210.532706 846053
211.593574 845454
211.910510 845405
212.144384 843786
212.660327 843497
212.677867 842399
212.680225 839983
213.152969 838998
213.366919 838684
213.415926 837893
213.574372 837592
213.726209 835560
213.759748 835262
213.821805 832737
213.990890 830719
214.456433 830717
214.986709 828310
215.534154 827560
216.028676 826637
216.103957 826090
216.281255 824612
216.908637 824236
217.035126 824143
217.200850 821483
217.618976 820976
218.678201 820160
219.331067 819685
219.355362 819485
219.367055 819164
219.369005 818850
219.857903 817505
219.994101 817272
220.012630 817124
220.417953 816573
221.716374 815126
222.283307 806789
222.309631 804693
222.410150 804524
222.732766 803104
224.544062 802819
224.716049 802082
224.921954 801302
225.058581 800859
225.151972 800794
227.563697 800756
227.732806 799696
228.816072 798414
229.286532 798376
229.733546 797318
230.584140 796718
230.706930 796050
231.134288 795265
231.217636 794843
232.347451 794232
232.483367 794169
232.536590 793832
232.580613 793690
232.619482 792936
232.962715 791824
234.555565 790352
236.096101 790224
237.648405 789909
237.751788 788573
237.950343 788222
238.344905 787241
238.665839 787007
239.100406 786107
239.625545 786046
239.652366 785928
242.363944 784829
242.545511 784635
243.056393 784560
243.495394 784552
243.590294 782823
244.002991 781829
245.060115 779083
247.457811 774701
247.500523 773700
249.421653 773649
249.884754 771635
249.920762 770473
251.823108 767056
253.313419 764005
253.802472 763493
254.641882 761640
254.774668 761636
254.867763 761476
254.971031 761449
256.422211 761309
256.985961 760399
257.867230 756747
258.315736 756312
258.561907 756153
258.726497 754887
259.259446 753537
259.445738 753166
259.532157 752472
259.731388 751991
260.079160 751500
260.334672 750333
260.879457 749907
260.921284 748527
261.665747 747319
261.827401 745876
262.724082 745604
262.795065 745368
262.924460 744958
266.245977 743881
267.562691 743470
268.723713 743200
268.745049 742834
269.576280 742607
270.298108 741914
270.488689 740667
270.592815 740322
272.047013 736988
272.082442 735609
274.655655 735363
276.075848 735138
276.107323 734528
276.296719 734472
277.239497 733813
278.657802 733207
279.561231 733202
279.723173 731947
279.880513 731917
280.229569 727277
280.532882 726386
281.876443 725875
282.063301 725372
282.636378 724453
282.762541 724391
283.011273 723957
283.358902 723321
283.510021 722549
283.655689 721459
283.745585 720896
283.816215 720222
283.871489 720082
283.889514 719978
284.394151 719147
284.409773 718239
285.573600 717960
285.681591 717903
286.430013 717807
287.300126 715858
287.397355 715230
287.604403 712522
287.809550 712514
288.194778 712390
288.418780 712318
289.430977 712230
290.379694 712132
291.415777 710820
291.793950 710329
301.759900 710088
306.591150 709743
307.139650 709683
307.967902 709406
308.110622 709159
308.905238 708970
309.640333 708724
313.112828 708585
313.476547 708338
313.949542 706992
315.560148 706804
318.678443 706260
323.608153 705968
330.480857 705897
331.414234 705893
332.199075 705417
332.260173 705346
333.042666 705217
333.045412 705168
335.459101 705098
336.260616 704687
338.224144 703554
338.371810 703549
350.597589 702766
350.806696 700987
351.373588 700822
353.310913 700717
353.590699 700339
353.640480 699700
355.329485 699048
355.659284 698643
355.944589 698571
356.558628 698204
363.003736 698124
363.714842 697699
364.753193 697137
364.868857 696245
365.143279 696244
365.280159 696186
384.386610 695682
384.686281 695646
389.455930 695484
399.947470 694231
534.168718 694130
541.970375 694028
542.837402 693364
548.282693 693346
548.283126 693006
548.601366 692562
548.976769 692543
551.609858 691515
552.925274 690997
555.355138 690945
555.389643 690669
557.119540 690641
561.587139 690123
566.680606 690093
568.471302 689557
570.008887 689514
572.369639 688894
579.745142 688839
579.909399 687616
582.314871 687004
585.692606 686923
587.095838 686484
589.684838 686393
595.308716 686118
