0.000981 6675830
0.002511 6669069
0.004694 6663875
0.044046 6662433
0.071005 6661383
0.176206 6651488
0.181299 6650453
0.184655 6649058
0.352708 6648756
0.367266 6647750
0.398453 6647594
0.401735 6647465
0.413526 6646010
0.506231 6625716
0.550216 6624259
0.672375 6597714
0.684389 6570448
0.867150 6561852
0.879723 6561808
0.884877 6534041
3.092107 6529025
4.093956 6525004
4.114758 6523127
9.581814 6520827
9.583485 6514066
9.585666 6508872
9.614166 6507135
9.652163 6506380
9.750563 6496485
9.755653 6495450
9.758937 6494055
9.926560 6493753
9.945502 6492882
9.972141 6492591
9.975440 6492462
9.987145 6491007
10.077887 6470713
10.124850 6468338
10.242713 6442711
10.255092 6422466
10.283509 6421506
10.297741 6418266
10.455083 6379038
12.734515 6345891
19.149525 6343591
19.151045 6336830
19.153226 6331636
19.173577 6330194
19.219491 6329144
19.317724 6319249
19.322839 6318214
19.326103 6316819
19.539397 6315355
19.542698 6315226
19.554393 6313771
19.645281 6293477
19.669266 6292020
19.692240 6291102
19.810230 6265475
19.818580 6243166
19.865510 6241030
19.986185 6229613
19.998584 6229569
20.022737 6201802
22.541531 6196723
22.567018 6189308
28.681140 6187008
28.682649 6180247
28.684830 6175053
28.721499 6173316
28.751389 6172561
28.849387 6162666
28.854499 6161631
28.857767 6160236
29.028676 6158928
29.070638 6158772
29.073924 6158643
29.085611 6157188
29.176412 6136894
29.223728 6134519
29.341721 6108892
29.362079 6088647
29.396870 6084447
29.554360 6045219
38.200902 6042919
38.202385 6036158
38.207840 6034425
38.212934 6032383
38.213666 6031760
38.224261 6029522
38.271141 6028472
38.372496 6023674
38.379059 6021505
38.387844 6020290
38.412376 6017824
38.543862 6017530
38.579787 6017102
38.595121 6014554
38.606817 6013099
38.706849 5993112
38.721059 5991348
38.863365 5979623
38.870656 5969391
38.877914 5961774
38.918411 5940358
39.181722 5917632
39.188976 5911312
39.254979 5909035
41.396296 5908909
41.404738 5904031
47.740440 5901731
47.741937 5894970
47.747410 5893237
47.752507 5891195
47.753242 5890572
47.762367 5888039
47.810519 5887284
47.911926 5882486
47.918667 5880317
47.924269 5877800
47.952378 5876636
48.083087 5876342
48.093984 5873786
48.134062 5873366
48.145744 5871911
48.246173 5851924
48.298423 5850800
48.401934 5838435
48.416500 5817170
48.456903 5799170
48.720547 5776444
48.735483 5771170
48.794000 5767847
52.404532 5764375
57.282930 5762075
57.284393 5755314
57.289842 5753581
57.294980 5751539
57.295715 5750916
57.304812 5748383
57.353072 5747628
57.454176 5742830
57.460755 5740661
57.466252 5738144
57.494158 5736980
57.625426 5736686
57.661482 5736258
57.676977 5733710
57.688762 5732255
57.789638 5712268
57.841830 5711144
57.947464 5698779
57.962529 5677514
58.004367 5659514
58.275934 5636788
58.296643 5630468
58.349093 5628191
62.912601 5627770
66.833375 5625470
66.834856 5618709
66.840297 5616976
66.845389 5614934
66.846122 5614311
66.855250 5611778
66.864721 5611419
67.004457 5606225
67.011012 5604056
67.016470 5601539
67.043787 5601017
67.053624 5600093
67.056929 5598698
67.193831 5597257
67.330234 5595652
67.338248 5575663
67.376121 5575356
67.493879 5562174
67.508428 5540909
67.534662 5523744
67.812830 5500183
67.833979 5490650
76.360058 5488350
76.361525 5481589
76.371350 5474953
76.391375 5474299
76.531024 5471938
76.539863 5468394
76.545316 5464110
76.570685 5463897
76.580536 5462973
76.583834 5461578
76.720518 5460137
76.858297 5444824
76.866672 5436779
76.872129 5435861
77.023099 5432023
77.028916 5424226
77.037325 5423997
77.051983 5423101
77.060024 5412524
77.060760 5386624
78.537319 5375642
78.558488 5357989
85.902346 5355689
85.903848 5348928
85.912919 5348208
85.913655 5341997
85.933646 5341638
86.074187 5339277
86.083158 5335733
86.088774 5331449
86.114600 5331236
86.124723 5330312
86.128117 5328917
86.265391 5327476
86.403862 5312163
86.412317 5304118
86.417840 5303200
86.569372 5271128
86.606283 5253963
88.083043 5242981
88.618577 5237698
95.439690 5235398
95.441155 5228637
95.450275 5227917
95.451011 5221706
95.471077 5221347
95.611432 5218986
95.621954 5213984
95.627456 5211467
95.650794 5210945
95.660721 5210021
95.664066 5208626
95.800298 5207185
95.939845 5191872
95.950312 5185591
95.985022 5185284
96.109663 5150837
96.147474 5133672
97.622402 5122690
104.989330 5120390
104.990802 5113629
105.006786 5112835
105.007884 5110657
105.017703 5108095
105.022830 5105943
105.160681 5103978
105.166594 5099379
105.169498 5095305
105.330306 5094573
105.345573 5092025
105.357229 5090570
105.487277 5076864
105.509149 5069459
105.532577 5068819
105.538054 5067901
105.660442 5051495
105.666644 5045666
105.667378 5017829
107.868941 5015601
114.524395 5013301
114.525862 5006540
114.542570 5000795
114.545125 4999250
114.574753 4999183
114.696511 4996889
114.702348 4992290
114.725333 4988848
114.735188 4987924
114.738480 4986529
114.874989 4985088
115.023814 4969775
115.057342 4963187
115.069013 4961730
115.074505 4960812
115.207467 4948052
115.215591 4937475
115.216341 4911575
120.226402 4906109
124.044019 4903809
124.045483 4897048
124.062223 4891303
124.064772 4889758
124.215804 4887397
124.221632 4882798
124.244564 4882395
124.250030 4879878
124.253314 4878724
124.386331 4877992
124.395068 4875596
124.430481 4875444
124.543765 4860283
124.572363 4854002
124.594729 4852878
124.727137 4838560
124.746058 4834914
124.752295 4829085
124.753032 4801248
133.593768 4798948
133.595248 4792187
133.596344 4791078
133.598902 4786993
133.609053 4784830
133.762442 4783319
133.765799 4780855
133.768788 4773571
133.772168 4772176
133.959374 4769128
134.097075 4748834
134.108724 4747377
134.114217 4746459
134.342722 4697433
143.127789 4695133
143.129294 4688372
143.132578 4686993
143.138026 4685538
143.143144 4681015
143.297780 4676275
143.299621 4671025
143.302910 4669756
143.306175 4668361
143.489921 4665313
143.625194 4664439
143.630682 4645606
143.637219 4643562
143.642703 4642644
144.671374 4640691
144.901401 4637743
144.916312 4635971
144.968980 4634575
144.977601 4628553
145.022184 4603710
145.281670 4603073
146.313320 4602853
147.228758 4602490
147.291783 4600783
150.723458 4600523
152.664021 4598223
152.665485 4591462
152.668764 4590083
152.674243 4588628
152.679356 4584105
152.833954 4579365
152.835788 4574115
152.839066 4572846
152.842349 4571451
153.025391 4568403
153.160701 4567529
153.166321 4548696
153.173039 4546652
153.178688 4545734
154.204220 4543781
154.233469 4542192
154.435391 4540833
154.450310 4539061
154.502051 4537665
154.510434 4531643
154.553987 4506800
154.810141 4506163
155.846083 4505943
156.773602 4505580
156.836671 4503873
162.203369 4501573
162.204834 4494812
162.208112 4493433
162.213568 4491978
162.218687 4487455
162.372955 4482715
162.374796 4477465
162.378065 4476196
162.381350 4474801
162.573639 4473208
162.700398 4470879
162.705856 4452046
162.712421 4450002
163.970007 4438620
164.045386 4416821
164.204606 4414148
164.233447 4413739
164.367537 4411124
165.324023 4410398
165.392931 4408183
171.719805 4405883
171.721267 4399122
171.724553 4397743
171.730008 4396288
171.740924 4395078
171.761845 4393588
171.767346 4392486
171.776829 4391832
171.889552 4387025
171.891398 4381775
171.894667 4380506
171.897930 4379111
172.089816 4377518
172.216592 4375189
172.222053 4356356
172.254231 4354952
173.256513 4348225
173.483899 4339197
173.565499 4321131
173.725451 4318458
173.754257 4318049
173.887534 4315434
181.261248 4313134
181.262724 4306373
181.265989 4304994
181.276533 4304457
181.280914 4299661
181.302052 4299016
181.431313 4294276
181.433136 4289026
181.445138 4288681
181.473783 4288049
181.595613 4287416
181.621442 4287317
181.623653 4285054
181.647722 4284921
181.758160 4282440
181.772060 4271160
181.773159 4270557
181.778636 4269608
181.795794 4261563
182.793569 4257103
183.033755 4255601
183.113230 4221711
190.807797 4219411
190.809261 4212650
190.812608 4211271
190.818447 4209015
190.832647 4207116
190.838124 4206014
190.848722 4205293
190.978129 4200553
190.980038 4195303
191.020611 4194326
191.142321 4193693
191.161258 4191046
191.304840 4188717
191.309575 4182125
191.310680 4179676
191.312863 4179666
191.324883 4168480
191.342399 4167840
192.372451 4164749
192.711120 4159160
192.742583 4158913
192.745134 4150962
192.779372 4140876
194.254892 4137115
194.830307 4133627
196.652869 4127640
200.352244 4125340
200.353710 4118579
200.356982 4117200
200.362811 4114944
200.377013 4113045
200.382508 4111943
200.410049 4111289
200.522925 4106482
200.524750 4101232
200.565146 4100255
200.686899 4099622
200.705840 4096975
200.849755 4094646
200.854510 4088054
200.855608 4085605
200.857790 4085595
200.869917 4074409
201.911199 4067682
202.139833 4058654
202.288360 4057156
202.301480 4056891
202.335762 4046805
203.812837 4043044
204.365487 4037915
207.539739 4037506
209.911414 4035206
209.912877 4028445
209.916204 4027066
209.922031 4024810
209.936215 4022911
209.941690 4021809
210.081575 4016348
210.083426 4011098
210.132225 4009829
210.135529 4008434
210.264334 4006841
210.286277 4005386
210.408392 4004512
210.413251 3997920
210.414397 3995471
210.416643 3995461
210.428998 3984275
211.462747 3977548
211.690927 3968520
211.839845 3967022
211.886851 3956671
213.363975 3952910
219.454048 3950610
219.455524 3943849
219.458810 3942470
219.464700 3940214
219.474160 3938071
219.495331 3936559
219.509567 3936492
219.624186 3931752
219.626010 3926502
219.638809 3926370
219.650905 3925525
219.789161 3924892
219.825602 3922397
219.952457 3919916
219.957241 3913324
219.958368 3910875
219.960550 3910865
219.967115 3898121
220.989949 3896168
221.005397 3895948
221.036457 3894579
221.219631 3893220
221.359689 3890359
221.369501 3877257
221.427411 3872075
227.984382 3870608
228.995363 3868308
228.996826 3861547
229.000152 3860168
229.005974 3857912
229.015442 3855769
229.036568 3854257
229.164857 3849450
229.166708 3844200
229.179430 3844068
229.191431 3843223
229.330530 3842590
229.367914 3840095
229.497750 3837614
229.502629 3831022
229.503756 3828573
229.505998 3828563
229.512729 3815819
230.544094 3813866
230.559612 3813646
230.582343 3810650
230.810162 3801622
230.924586 3794955
230.982771 3789773
238.571256 3787473
238.572732 3780712
238.576023 3779333
238.580770 3778924
238.593874 3775178
238.599350 3774076
238.741961 3768615
238.743811 3763365
238.790730 3762096
238.794011 3760701
238.923004 3759108
238.944850 3757653
239.069024 3756779
239.076317 3744176
239.077053 3737963
239.086888 3736542
239.095372 3735902
240.365786 3728311
240.549206 3720457
240.713074 3714230
240.745348 3713885
241.688164 3711195
247.279718 3709201
248.117534 3706901
248.119032 3700140
248.122305 3698761
248.127037 3698352
248.140136 3694606
248.145649 3693504
248.287963 3688043
248.289787 3682793
248.336469 3681524
248.339774 3680129
248.468800 3678536
248.490761 3677081
248.615162 3676207
248.622447 3663604
248.623182 3657391
248.633000 3655970
248.641378 3655330
248.675318 3654412
249.697207 3652459
249.909560 3647739
250.093277 3639885
250.256308 3633658
253.885726 3631558
257.656630 3629258
257.658095 3622497
257.661389 3621118
257.666133 3620709
257.679269 3616963
257.684731 3615861
257.713166 3615207
257.826898 3610400
257.828724 3605150
257.868855 3604173
257.991039 3603540
258.007888 3600893
258.154382 3598564
258.161648 3585961
258.162402 3579748
258.172213 3578327
259.209682 3578114
259.220997 3574596
259.243703 3571600
259.470194 3562572
259.630588 3562242
259.793994 3556015
267.193338 3553715
267.194870 3546954
267.198143 3545575
267.205168 3545392
267.207046 3540242
267.250043 3539664
267.363877 3534857
267.365704 3529607
267.371549 3529262
267.405777 3528630
267.527774 3527997
267.545263 3525770
267.579629 3525502
267.690602 3523021
267.698260 3511741
267.699360 3511138
267.704824 3510189
267.708122 3509979
267.724535 3503908
268.720503 3497684
268.780665 3496057
269.007302 3487029
270.323511 3485856
270.991584 3480509
276.735189 3478209
276.736664 3471448
276.739954 3470069
276.746884 3469886
276.748709 3464736
276.792216 3464158
276.905747 3459351
276.907585 3454101
276.913511 3453756
276.948126 3453124
277.069880 3452491
277.110312 3452392
277.121607 3449996
277.232888 3447515
277.240533 3436235
277.241631 3435632
277.256915 3434912
277.257652 3428699
277.266784 3428402
278.268711 3422178
278.328853 3420551
278.555454 3411523
278.732185 3411193
282.356886 3410467
286.277580 3408167
286.279057 3401406
286.282332 3400027
286.289245 3399844
286.291088 3394694
286.334261 3394116
286.448223 3389309
286.450046 3384059
286.455943 3383714
286.490395 3383082
286.613038 3382449
286.641007 3380222
286.665517 3379954
286.776371 3377473
286.784072 3366193
286.785172 3365590
286.800483 3364870
286.810348 3358360
287.806008 3352136
287.866424 3350509
288.093497 3341481
288.270965 3341151
295.827649 3338851
295.829118 3332090
295.832413 3330711
295.838962 3325454
295.884286 3324800
295.997487 3319993
295.999328 3314743
296.039554 3313766
296.162194 3313133
296.178983 3310486
296.325259 3308157
296.343098 3287920
297.393049 3287707
297.404391 3284189
297.426992 3281193
297.654347 3272165
305.385600 3269865
305.387110 3263104
305.390409 3261725
305.393325 3257819
305.427882 3257326
305.444452 3256392
305.556327 3251007
305.558165 3245757
305.581548 3244488
305.584839 3243093
305.736878 3240045
305.885368 3239171
305.888293 3218294
305.922276 3217376
306.945492 3215423
306.961534 3213834
307.350429 3213196
307.504948 3204739
314.922561 3202439
314.924039 3195678
314.927325 3194299
314.930240 3190393
314.939762 3189042
314.985864 3188388
315.095807 3183581
315.097632 3178331
315.143529 3177354
315.259826 3176721
315.282613 3174074
315.423335 3171745
315.426263 3150868
316.500544 3147777
316.774718 3143825
318.800045 3140422
322.218025 3140306
324.465199 3138006
324.466689 3131245
324.469953 3129866
324.472878 3125960
324.482341 3124609
324.527536 3123955
324.635022 3119148
324.636843 3113898
324.675622 3112629
324.678915 3111234
324.821999 3109641
324.962166 3107312
324.965088 3086435
325.015062 3085517
326.035002 3083564
326.309066 3079392
328.325474 3075989
333.989270 3073689
333.990752 3066928
333.994018 3065549
333.996945 3061643
334.006421 3060292
334.016319 3060216
334.051685 3059638
334.159346 3054831
334.161169 3049581
334.180460 3049236
334.199775 3048312
334.203074 3046917
334.356852 3045744
334.380923 3045476
334.485980 3042995
334.488904 3022118
334.538035 3021200
335.531111 3017658
338.046256 3015291
343.551321 3012991
343.552787 3006230
343.556080 3004851
343.559031 3000945
343.568541 2999594
343.578445 2999518
343.613869 2998940
343.723807 2994133
343.725685 2988883
343.765402 2987614
343.768784 2986219
343.925521 2985046
343.949759 2984778
344.054863 2982297
344.057775 2961420
344.107120 2960502
345.126339 2958549
345.417616 2957772
353.089054 2955472
353.090540 2948711
353.093816 2947332
353.097457 2945739
353.139541 2945602
353.146867 2942933
353.151655 2941421
353.259278 2936614
353.261102 2931364
353.303134 2928700
353.447747 2927107
353.590210 2924778
353.600985 2905962
353.642988 2902983
354.687457 2901030
361.061683 2900781
362.652762 2898481
362.654247 2891720
362.657519 2890341
362.661180 2888748
362.710572 2885942
362.715326 2884430
362.822943 2879623
362.824770 2874373
362.867000 2871709
363.009182 2870116
363.150131 2867787
363.160714 2848971
363.202271 2845992
364.225320 2844039
372.194821 2841739
372.196286 2834978
372.199564 2833599
372.205740 2831869
372.221406 2828342
372.231267 2828266
372.257145 2827688
372.364992 2822881
372.370865 2820354
372.375605 2817115
372.415099 2816362
372.529315 2816021
372.572399 2813794
372.587175 2813526
372.692930 2811045
372.697727 2810907
372.699214 2801994
372.702869 2799360
372.724708 2799162
372.745256 2789250
375.942027 2788236
381.729680 2785936
381.731201 2779175
381.734507 2777796
381.740696 2776066
381.787643 2773397
381.792401 2771885
381.900075 2767078
381.905899 2764551
381.910645 2761312
381.950182 2760559
382.064267 2760218
382.086842 2757571
382.227093 2755242
382.231830 2755104
382.233289 2746191
382.236939 2743557
382.279210 2733447
384.997314 2731194
391.275723 2728894
391.277191 2722133
391.280487 2720754
391.286687 2719024
391.291796 2715421
391.338353 2714843
391.445547 2710036
391.451376 2707509
391.495688 2703517
391.609396 2703176
391.652575 2700949
391.667189 2700681
391.772515 2698200
391.777344 2698062
391.778851 2689149
391.782611 2686515
391.784116 2686317
391.825247 2676405
400.822770 2674105
400.826792 2664372
400.844263 2660708
400.885069 2660054
400.993401 2659362
400.995249 2654921
401.017080 2653590
401.031701 2647333
401.194895 2645740
401.921830 2642959
402.190344 2640069
402.312810 2638744
402.323040 2636179
402.643267 2629714
408.141109 2627783
410.363135 2625483
410.367152 2615750
410.384638 2612086
410.425487 2611432
410.534044 2610740
410.535882 2606299
410.557846 2604968
410.577718 2600398
410.754695 2597270
411.465615 2590271
411.861151 2590122
411.871430 2587557
412.191573 2581092
419.340854 2579512
419.912640 2577212
419.916640 2567479
419.934106 2563815
420.083887 2562469
420.085712 2558028
420.107585 2556697
420.127381 2552127
420.310801 2547392
421.009611 2542000
421.403381 2541851
421.706745 2540946
421.725692 2535049
421.733716 2532821
429.462080 2530521
429.466092 2520788
429.471550 2520125
429.474097 2519716
429.476665 2516470
429.633594 2515778
429.636887 2510451
429.639454 2509997
429.666746 2509136
429.668942 2503749
429.868161 2502576
430.527607 2501486
430.550905 2495177
430.916654 2492595
431.666821 2487895
439.012958 2485595
439.016976 2475862
439.027194 2475055
439.123037 2474602
439.161609 2473245
439.184528 2470852
439.187818 2465525
439.217735 2464210
439.219942 2458823
439.419091 2457650
440.102509 2450251
440.468104 2447669
442.332704 2446174
446.183997 2443727
448.543864 2441427
448.547890 2431694
448.558074 2430887
448.595296 2428030
448.715186 2426684
448.718479 2421357
448.748594 2420042
448.882837 2417636
448.907009 2415709
449.637345 2415213
449.639615 2414104
449.644487 2406083
450.008639 2403501
451.879139 2402006
458.100433 2399706
458.104450 2389973
458.114722 2389166
458.165350 2387167
458.271611 2384963
458.274898 2379636
458.322506 2374621
458.506388 2369886
459.213958 2368560
459.509241 2367261
459.550144 2366621
459.608067 2364345
459.987167 2360827
460.130379 2360044
467.641661 2357744
467.645686 2348011
467.662784 2344347
467.812243 2343001
467.835513 2337229
467.857738 2337220
467.862878 2332659
468.046146 2327924
468.748283 2326598
469.044633 2325899
469.081097 2324659
469.138961 2322383
469.518005 2318865
477.184719 2316565
477.188757 2306832
477.203673 2306025
477.249585 2304026
477.355655 2301822
477.358589 2300691
477.361907 2299818
477.363741 2296495
477.413298 2294052
477.529382 2292774
477.591809 2286745
478.250813 2281221
479.232619 2276554
486.737834 2274254
486.741855 2264521
486.760493 2263718
486.777605 2260857
486.909173 2259511
486.912454 2258856
486.914293 2255051
486.951144 2253739
486.973543 2253730
486.978673 2249169
487.094278 2248536
487.810525 2248040
487.857216 2247705
487.862360 2243108
488.159044 2242409
494.317067 2241227
496.294702 2238927
496.298866 2229194
496.318064 2228391
496.335213 2225530
496.465932 2224184
496.469223 2223529
496.471063 2219724
496.506788 2218857
496.649967 2213209
497.368878 2212713
497.389985 2203583
501.445083 2201547
505.834415 2199247
505.838445 2189514
505.856977 2188711
505.886197 2188707
505.937427 2188254
505.953241 2186897
506.005396 2184504
506.008765 2183849
506.010617 2180044
506.030392 2174162
506.910809 2173033
507.213482 2172996
507.220776 2172129
507.276579 2169137
507.333699 2167750
509.311857 2167722
510.106693 2165295
515.385137 2162995
515.389165 2153262
515.424913 2149598
515.555847 2148252
515.559146 2147597
515.560969 2143792
515.575557 2142471
515.601957 2140482
515.761102 2139204
516.478545 2127651
524.930843 2125351
524.936296 2124042
524.937394 2122357
524.937767 2117028
524.956315 2114811
524.959975 2112845
524.984016 2112812
525.125003 2108939
525.129015 2108475
525.139961 2106106
525.142904 2105281
525.148059 2102838
525.298637 2095531
530.269739 2094895
532.486230 2093506
534.538833 2091206
534.544302 2089897
534.545402 2088212
534.545775 2082883
534.564343 2080666
534.567997 2078700
534.733244 2074794
534.737375 2074330
534.748449 2071961
534.878919 2071253
534.907514 2061386
539.404461 2061187
539.808562 2060750
542.151431 2051228
544.081920 2048928
544.087395 2047619
544.088495 2045934
544.088886 2040605
544.107958 2038388
544.111718 2036422
544.149654 2036389
544.278881 2032516
544.282910 2032052
544.293854 2029683
544.309565 2028858
544.314704 2026415
544.452150 2019108
549.413101 2014963
553.639985 2012663
553.645453 2011354
553.646570 2009669
553.646945 2004340
553.665538 2002123
553.706274 2000124
553.849682 1997265
553.851585 1993460
553.867340 1992593
553.872598 1990150
554.035576 1988872
555.067277 1986835
557.638373 1984830
559.447228 1983515
560.607601 1982908
563.200082 1980608
563.205547 1979299
563.206686 1977614
563.207083 1972285
563.225687 1970068
563.266329 1968069
563.410225 1966743
563.416078 1964693
563.424841 1960538
563.429966 1958095
563.574081 1950788
570.755948 1950731
572.731415 1948431
572.736885 1947122
572.737985 1945437
572.738375 1940108
572.756914 1937891
572.781786 1935925
572.797494 1935892
572.946272 1932019
572.955044 1929228
572.960883 1925918
574.935380 1925023
576.387088 1924354
576.710251 1920598
578.516852 1919283
581.031437 1918806
582.278942 1916506
582.284403 1915197
582.285503 1913512
582.285878 1908183
582.304413 1905966
582.329236 1904000
582.493989 1900094
582.502409 1895991
582.678446 1893908
583.699383 1887090
591.820140 1884790
591.826781 1882627
591.827520 1877356
591.836602 1876296
591.842445 1875842
591.873640 1871393
592.008746 1869161
592.024483 1864266
592.219859 1862192
594.789418 1861890
596.517193 1856880
597.332778 1855642
