0.001472 7022061
0.002007 7008821
0.009317 7005407
0.020674 7003448
0.059808 7001320
0.251805 6999933
0.260582 6995577
0.333743 6934914
0.334489 6842741
9.623776 6841807
9.624638 6832035
9.627951 6830897
9.631625 6825153
9.643008 6823194
9.682350 6821066
9.881936 6815323
10.037587 6760623
10.039421 6734221
10.051493 6720258
10.133040 6707589
12.508753 6703830
13.123185 6679563
13.189661 6662719
19.272150 6661785
19.272959 6652013
19.276251 6650875
19.279930 6645131
19.303444 6643756
19.330617 6641044
19.531614 6635301
19.687086 6580601
19.688927 6554199
19.701004 6540236
19.782428 6527567
22.156875 6523808
22.771579 6511577
24.603444 6510859
26.220632 6500308
28.893655 6499374
28.894398 6489602
28.897693 6488464
28.901362 6482720
28.924728 6481345
28.932776 6480025
28.951903 6478633
29.153101 6472890
29.308688 6418190
29.310593 6391788
29.322672 6377825
29.405491 6365156
31.808306 6361748
34.270074 6355128
35.186428 6354077
38.507702 6353143
38.508445 6343371
38.511746 6342233
38.515403 6336489
38.538856 6335114
38.553479 6333923
38.558992 6333670
38.562304 6332190
38.766372 6326659
38.921123 6271959
38.922956 6245557
38.934967 6231594
39.016630 6218925
39.308928 6211014
48.153210 6210080
48.153955 6200308
48.157257 6196516
48.168611 6189339
48.405353 6183949
48.567444 6128896
48.617823 6114955
48.631707 6096285
48.699998 6091404
48.781402 6085557
49.371713 6084097
49.403846 6078413
49.430667 6074261
49.712949 6072914
50.600811 6072473
56.862254 6072454
57.740545 6071520
57.741313 6061748
57.744599 6057956
57.755936 6050779
57.993607 6045389
58.059161 6045036
58.159066 5990336
58.210980 5976395
58.220020 5963934
58.295619 5952844
58.379224 5946997
58.971166 5945537
59.003335 5939853
59.313160 5934354
60.199782 5933913
67.296295 5932979
67.297103 5923207
67.300397 5919415
67.310645 5914950
67.325302 5913759
67.330821 5913506
67.334141 5912026
67.549526 5906848
67.613434 5906495
67.710855 5851795
67.737142 5841729
67.761272 5837854
67.770053 5825393
67.843913 5814303
67.925959 5808456
68.550448 5801739
68.860500 5795813
76.996662 5794879
76.997430 5785107
77.000716 5781315
77.008024 5774138
77.249695 5768748
77.313763 5768395
77.413575 5713695
77.464599 5699754
77.473417 5687293
77.547037 5676203
77.628930 5670356
78.508132 5664427
86.608611 5663493
86.609378 5653721
86.612659 5649929
86.632734 5645464
86.647389 5644273
86.652925 5644020
86.656225 5642540
86.861098 5637362
86.925372 5637009
87.022649 5582309
87.027389 5560427
87.081893 5555907
87.236725 5538970
87.869579 5532253
96.198260 5531319
96.199010 5521547
96.202309 5517755
96.207428 5510578
96.450593 5505188
96.514703 5504835
96.611995 5450135
96.660208 5436194
96.671176 5423733
96.826108 5406796
105.758848 5405862
105.759595 5396090
105.772052 5394341
105.780857 5392405
105.781964 5387833
105.796581 5386642
105.802105 5386389
105.805426 5384909
106.021558 5379880
106.075048 5379378
106.176388 5302796
106.232159 5298276
106.871390 5290719
108.011505 5281669
113.609013 5280445
115.416039 5279511
115.416824 5269739
115.429612 5267990
115.438638 5266054
115.439777 5261482
115.454850 5260291
115.460493 5260038
115.685338 5253529
115.738909 5253380
115.843878 5176445
115.896920 5165716
115.904081 5157962
125.088305 5157028
125.089431 5148702
125.096378 5146118
125.100042 5140374
125.108856 5137909
125.351257 5130544
125.589213 5121908
125.591043 5119464
125.623713 5111901
125.994894 5070758
126.040611 5058797
126.360078 5058668
126.362741 5041100
134.735308 5040166
134.736449 5031840
134.743794 5031823
134.744172 5028645
134.752941 5026709
134.754045 5022137
134.768699 5020946
134.774209 5020693
134.994025 5014184
135.050544 5014035
135.238750 4992733
135.637914 4945249
136.073906 4937363
136.646722 4924612
144.344422 4923678
144.345543 4915352
144.353573 4909074
144.358316 4904329
144.360141 4902725
144.606257 4901940
144.613211 4898844
144.634112 4897194
144.853419 4865043
145.248948 4828761
145.661889 4816655
146.144409 4810563
154.056068 4809629
154.057194 4801303
154.063736 4793582
154.087089 4792997
154.092201 4791016
154.103607 4790510
154.312242 4790125
154.327582 4783498
154.345138 4783145
154.559023 4769858
154.578649 4768979
154.617798 4764502
154.967735 4727961
154.985990 4716367
156.480477 4711463
156.518538 4707874
163.626162 4706940
163.627273 4698614
163.633852 4690893
163.637505 4687720
163.642970 4687467
163.662301 4685987
163.908075 4685202
163.915023 4682106
164.129126 4667169
164.154242 4648305
164.544049 4637202
164.548824 4621806
164.936355 4617575
164.942211 4612166
164.960495 4599917
173.211871 4598983
173.213005 4590657
173.222474 4585419
173.229416 4582351
173.234519 4580370
173.245838 4579864
173.470296 4572852
173.487926 4572499
173.721312 4558333
173.773904 4553856
174.119749 4527705
174.129265 4505721
182.795442 4504787
182.796552 4496461
182.799486 4490183
182.804243 4485438
182.806093 4483834
183.052511 4483049
183.059465 4479953
183.071992 4478303
183.299173 4446152
183.812158 4443659
183.973876 4441530
184.029108 4436272
184.151845 4434466
184.496348 4432196
184.502946 4424483
185.624431 4419035
186.351633 4415169
190.172088 4412050
192.440116 4411116
192.441245 4402790
192.444168 4396512
192.448960 4391767
192.450794 4390163
192.702627 4389378
192.709593 4386282
192.722054 4384632
192.948182 4352481
193.459467 4349988
193.616370 4347859
193.670662 4342601
193.774266 4338668
194.126578 4338525
194.133182 4330812
195.237139 4325364
195.968111 4321498
202.081508 4320564
202.082620 4312238
202.085575 4305960
202.090327 4301215
202.092149 4299611
202.337974 4298826
202.344947 4295730
202.584244 4261929
203.079286 4258926
203.099824 4257956
203.236580 4254746
203.333171 4254113
203.436854 4245750
203.772180 4231693
211.634323 4230759
211.635431 4222433
211.638369 4216155
211.652612 4214127
211.662493 4213062
211.678573 4211539
211.684065 4211286
211.898038 4206509
212.138243 4204662
212.143730 4190109
212.614354 4183431
212.624849 4175486
212.632331 4169121
212.653396 4168151
212.789735 4164613
212.893310 4164308
212.998797 4155945
214.959515 4145007
220.285653 4144513
220.286770 4142587
221.257651 4141653
221.258756 4133327
221.261695 4127049
221.275972 4125021
221.285848 4123956
221.301935 4122433
221.307449 4122180
221.522754 4117403
221.580377 4115169
221.768576 4101003
222.237738 4094325
222.247941 4086380
222.255360 4080015
222.275888 4079045
222.410074 4075507
222.513668 4075202
222.533947 4073138
224.503762 4068986
224.511439 4064136
224.584876 4060882
230.804059 4059948
230.805182 4051622
230.808090 4045344
230.838516 4040829
230.871022 4040599
230.872874 4038995
231.108438 4037796
231.125303 4033464
231.323986 4028913
231.326559 4028670
231.335305 4023204
231.360885 4022946
231.364180 4001313
231.815957 3998820
231.977313 3996691
232.118763 3985134
235.162578 3980487
240.402991 3979553
240.404095 3971227
240.407019 3964949
240.424176 3960333
240.429677 3960080
240.471584 3958600
240.707125 3957401
240.723954 3953069
240.918598 3947868
240.955136 3946319
240.959542 3942551
240.962845 3920918
241.396065 3916945
241.598833 3916814
241.655916 3911038
241.738818 3907105
243.621731 3906886
244.724424 3906547
245.697453 3896446
246.541688 3893122
249.959385 3892188
249.960537 3883862
249.963476 3877584
249.980636 3872968
249.986162 3872715
250.028302 3871235
250.275534 3870450
250.282495 3865704
250.477671 3860503
250.486813 3859307
250.487917 3858532
250.503295 3854624
250.522011 3833553
250.954439 3829580
251.126601 3826370
251.223795 3825737
251.304590 3817374
255.251032 3809081
259.531274 3808147
259.532385 3799821
259.535316 3793543
259.552496 3788927
259.600003 3787194
259.806854 3784174
259.852910 3781663
260.047711 3776462
260.082204 3774913
260.097634 3772869
260.100574 3769601
260.103164 3769297
260.509001 3760819
260.524025 3745539
260.688498 3742001
260.774492 3739632
260.855293 3735699
262.745163 3735480
263.853702 3735141
269.109774 3734207
269.110883 3725881
269.113810 3719603
269.134622 3714858
269.178494 3713254
269.382319 3712469
269.412282 3712055
269.431356 3707723
269.628613 3675572
270.126417 3673079
270.287761 3670950
270.373538 3665692
270.456966 3661759
278.719224 3660825
278.720346 3652499
278.723280 3646221
278.733210 3641605
278.788135 3639872
278.988863 3636852
279.002425 3635991
279.042622 3634341
279.226818 3629790
279.230132 3629140
279.271809 3627591
279.287232 3625547
279.290182 3622279
279.292753 3621975
279.704026 3612406
279.708060 3598217
279.873895 3594679
280.768207 3590379
288.373322 3589445
288.374430 3581119
288.377356 3574841
288.383193 3571748
288.417530 3570096
288.442231 3568492
288.665105 3567707
288.681931 3567358
288.694756 3562961
288.884882 3551881
288.910975 3530810
289.396855 3528317
289.554305 3526188
292.608426 3524881
295.806287 3520100
297.694778 3519836
297.941825 3518902
297.942933 3510576
297.945860 3504298
297.951715 3501205
297.986081 3499553
298.235034 3497164
298.251906 3496815
298.262366 3492920
298.455526 3481338
298.481768 3460267
298.968102 3457774
299.125274 3455645
302.149436 3454338
305.349073 3449557
307.503786 3448623
307.504959 3440297
307.507880 3434019
307.513807 3430926
307.554967 3429403
307.805072 3428437
307.809468 3424650
307.822983 3422641
308.015251 3411059
308.066451 3401190
308.494947 3391066
308.525909 3386015
308.690865 3385884
316.121291 3383657
317.086733 3382723
317.087838 3374397
317.090777 3368119
317.096624 3365026
317.137935 3363503
317.149301 3363374
317.387878 3362537
317.393759 3361887
317.397078 3360985
317.405866 3356741
317.598573 3345159
317.642846 3324088
318.110469 3320115
321.348573 3316344
326.761448 3315410
326.762591 3307084
326.765596 3300806
326.771613 3297713
326.813152 3297381
326.825300 3296061
327.033186 3293323
327.061728 3290576
327.083212 3289428
327.276411 3277846
327.320672 3256775
327.766862 3254282
327.924494 3252153
336.397444 3251219
336.398551 3242893
336.401848 3231999
336.459954 3231870
336.652328 3231033
336.658196 3230383
336.669929 3229067
336.695978 3226385
336.717346 3225237
336.898052 3219534
336.902806 3218338
336.903911 3217563
336.954813 3192584
343.260497 3191104
345.965247 3190170
345.966358 3181844
345.969689 3170950
346.027909 3170821
346.220705 3169984
346.226591 3169334
346.238253 3168018
346.264324 3165336
346.285552 3164188
346.466764 3158485
346.471523 3157289
346.472627 3156514
346.523904 3131535
355.597625 3130601
355.599095 3126624
355.599833 3113969
355.638190 3112904
355.658831 3111988
355.664703 3111482
355.672433 3111386
355.849975 3106628
355.920867 3104619
356.327676 3102160
356.425277 3093378
356.462265 3093231
357.564476 3088163
357.599399 3074522
364.633435 3072534
365.237045 3071600
365.238512 3067623
365.239247 3054968
365.277796 3053903
365.311839 3052127
365.487572 3047627
365.553393 3045116
365.952882 3043159
365.960558 3036913
366.083570 3034230
366.119617 3032971
367.163036 3029162
367.440080 3027254
367.459107 3024392
368.133772 3023409
370.808906 3017914
371.024397 3016663
371.770983 3013833
374.825892 3012899
374.827359 3008922
374.828099 2996267
374.863490 2993780
374.871169 2993684
374.878904 2993679
375.076354 2988926
375.116130 2986917
375.455217 2986186
375.522566 2984818
375.608438 2975676
375.675394 2975529
376.768055 2970461
377.051552 2968553
377.071095 2965691
377.752399 2963789
377.761832 2958291
384.566166 2957357
384.567684 2953380
384.568446 2940725
384.579316 2940439
384.603360 2937884
384.823703 2933384
384.851838 2930873
385.262036 2928916
385.269940 2922670
385.430447 2918728
386.071447 2918421
386.535279 2908277
389.083101 2907949
389.091880 2905972
389.101445 2903163
394.159619 2902229
394.161149 2898252
394.161911 2885597
394.172733 2885311
394.191501 2883110
394.199407 2883014
394.416357 2878256
394.450542 2876247
394.867714 2874148
394.953664 2865006
395.020663 2864859
396.115441 2859791
396.397078 2857883
396.409487 2855021
398.977286 2848339
403.797654 2847405
403.799128 2843428
403.799868 2830773
403.810468 2830487
403.821479 2829708
403.862309 2827932
404.048066 2823432
404.103823 2820921
404.513059 2812718
404.672524 2808776
405.311176 2808469
406.001859 2803059
406.046564 2801608
410.866827 2793673
413.408253 2792739
413.409738 2788762
413.410477 2776107
413.421060 2775821
413.432010 2775042
413.452110 2773620
413.459814 2773524
413.658548 2768766
413.704422 2766757
414.111524 2764658
414.195253 2755516
414.266937 2755513
415.605940 2748393
415.637977 2747855
419.631181 2747763
420.926976 2747065
421.051757 2741988
421.827846 2738264
423.026779 2737330
423.028250 2733353
423.029002 2720698
423.039551 2720412
423.050538 2719633
423.070614 2718211
423.078310 2718115
423.276944 2713357
423.323005 2711348
423.730399 2709249
423.814236 2700107
423.886454 2700104
425.249987 2692984
425.282732 2692446
429.287601 2692354
430.557235 2691656
430.680867 2686579
432.666739 2685645
432.668208 2681668
432.668967 2669013
432.679571 2668727
432.690563 2667948
432.710633 2666526
432.917565 2661672
432.961294 2659161
433.369263 2650958
433.527726 2648419
434.869191 2641299
434.900934 2640761
440.362982 2638893
442.239153 2637959
442.240626 2633982
442.241388 2621327
442.252040 2621041
442.262976 2620262
442.283177 2618840
442.489521 2613986
442.534032 2611977
442.940704 2609878
443.059708 2608267
443.064099 2604302
443.086168 2603728
443.098627 2600733
444.465588 2593613
444.498172 2593075
450.397849 2592900
451.868508 2591966
451.869993 2587989
451.870731 2575334
451.881330 2575048
451.892299 2574269
451.912577 2572847
452.119088 2567993
452.163626 2565984
452.569843 2563885
452.688118 2562274
452.692509 2558309
452.714427 2557735
452.726969 2554740
454.073816 2547620
454.105909 2547082
461.444104 2546148
461.445597 2542171
461.446336 2529516
461.461292 2528119
461.487957 2527029
461.697993 2522175
461.712986 2521314
461.743682 2520166
462.064699 2519435
462.143248 2518682
462.161403 2518067
462.283095 2516456
462.313969 2515100
462.351285 2511650
464.362858 2509320
465.153185 2506565
467.274912 2506265
467.306028 2505424
468.190745 2503135
471.099807 2502201
471.101291 2498224
471.102028 2485569
471.116960 2484172
471.350150 2478228
471.364700 2477367
471.707256 2475488
471.783195 2474735
471.891639 2474041
471.919065 2472509
471.949121 2471153
471.974547 2469259
471.986167 2467703
473.050137 2466732
473.969979 2465373
474.881986 2464942
475.335117 2464578
476.882741 2463291
480.671622 2462357
480.673115 2458380
480.673853 2445725
480.688814 2444328
480.921567 2438384
480.936157 2437523
481.295645 2437324
481.354168 2434891
481.462044 2434197
481.489534 2432665
481.544490 2429415
481.555877 2427859
483.526412 2425529
484.439666 2425098
484.900058 2424734
486.582569 2422486
490.268756 2421552
490.270303 2417575
490.271053 2404920
490.286060 2403523
490.518784 2397579
490.533402 2396718
490.879855 2394839
490.952893 2394086
491.061288 2393392
491.088873 2391860
491.122144 2390504
491.143792 2388610
491.155190 2387054
492.210107 2386083
493.127630 2384724
494.039011 2384293
494.502356 2383929
497.197363 2382836
499.873624 2381902
499.875092 2377925
499.875832 2365270
499.890749 2363873
499.912304 2363382
499.922926 2362783
500.123641 2357929
500.138265 2357068
500.173913 2355920
500.484731 2355189
500.557801 2354436
500.581021 2353821
500.693724 2352210
500.734208 2351476
501.328305 2351247
501.819086 2348516
502.727969 2345074
503.506290 2342319
509.439410 2341385
509.440902 2337408
509.441644 2324753
509.462405 2324467
509.478875 2323688
509.690560 2317412
510.048296 2316352
510.217067 2313638
510.262233 2311693
510.276591 2308443
510.304369 2307154
512.732629 2304632
514.081020 2304336
515.610844 2303901
519.076874 2302967
519.078351 2298990
519.079087 2286335
519.099962 2286049
519.116370 2285270
519.327176 2278994
519.751426 2278573
519.852019 2275220
519.897020 2273275
519.911260 2270025
519.938989 2268736
522.344400 2266214
523.682631 2265918
528.702485 2264984
528.703960 2261007
528.704701 2248352
528.740482 2246955
528.762117 2246464
528.953233 2241011
529.338746 2238271
529.412051 2237518
529.526923 2235292
529.541216 2232042
530.624212 2229515
531.581516 2228156
532.801699 2220868
538.338226 2219934
538.339698 2215957
538.340436 2203302
538.364066 2203280
538.373558 2202237
538.587102 2195961
539.037567 2195613
539.106113 2192187
539.155339 2190242
539.193555 2185703
541.682987 2184928
542.084658 2184200
542.567105 2184113
548.008201 2183179
548.009738 2179202
548.010487 2166547
548.034301 2166525
548.043818 2165482
548.259349 2159206
548.710900 2158858
548.779550 2155432
548.828691 2153487
548.866884 2148948
551.317529 2148173
551.715707 2147445
557.560682 2146511
557.562165 2142534
557.562903 2129879
557.593118 2128482
557.614645 2127991
557.810584 2122538
558.185049 2119798
558.257928 2119045
558.378563 2116819
559.025144 2115856
560.470694 2109683
567.269805 2108749
567.271316 2104772
567.272080 2092117
567.325505 2090229
567.527188 2084776
567.913624 2082036
567.988566 2081283
568.112010 2079057
570.655946 2074892
576.897221 2073958
576.898694 2069981
576.899433 2057326
576.951348 2055438
577.149049 2049985
577.534420 2047245
577.732224 2044266
577.750271 2039727
582.215836 2038952
586.555001 2038018
586.556512 2034041
586.557290 2021386
586.592526 2021364
586.811263 2014045
587.388138 2008326
587.405621 2003787
596.191529 2002853
596.193060 1998876
596.193823 1986221
596.229158 1986199
596.448275 1978880
597.859649 1976064
599.985551 1973263
