0.000927 7044425
0.001332 7033826
0.001706 7023735
0.002802 7019636
0.003534 6998609
0.006458 6980219
0.009012 6964610
0.022491 6949664
0.025776 6947130
0.058546 6914148
0.059659 6907984
0.096790 6895241
4.530224 6871460
9.568756 6858807
9.569171 6848208
9.569545 6838117
9.570646 6834018
9.571380 6812991
9.574324 6794601
9.576896 6778992
9.590374 6764046
9.603096 6747670
9.622445 6733499
9.648348 6709623
15.373711 6706520
19.173242 6693867
19.173659 6683268
19.174041 6673177
19.175140 6669078
19.175877 6648051
19.178811 6629661
19.181365 6614052
19.194912 6599106
19.207341 6590190
19.244220 6589788
19.245325 6581194
19.253390 6544683
28.757551 6543583
28.759746 6543559
28.770379 6542682
28.824164 6522234
28.825260 6515181
28.827444 6472325
28.830450 6424031
28.867624 6422089
28.873462 6409157
28.992865 6407958
29.025605 6402346
29.045822 6397262
35.468503 6396574
38.312163 6395474
38.314358 6395450
38.324951 6394573
38.342848 6394452
38.378253 6374125
38.379351 6367072
38.381551 6324216
38.384486 6275922
38.547620 6259849
38.581289 6256505
38.614165 6256340
47.884415 6254655
47.918139 6254573
47.962249 6218801
47.963710 6197100
47.964842 6196099
47.968149 6193377
47.971420 6185877
47.975089 6175904
47.981654 6133746
47.987496 6120814
48.274552 6120158
48.866043 6119878
52.187031 6118807
57.470615 6117122
57.488100 6116685
57.548004 6081268
57.549462 6059567
57.550560 6058566
57.553833 6055844
57.557114 6048344
57.560765 6038371
57.570214 6025768
57.606472 6020076
57.610512 5994233
57.807657 5993089
57.827352 5984781
57.860245 5982625
58.443714 5982345
67.025981 5980346
67.045651 5980223
67.105466 5944806
67.106932 5923105
67.109132 5915542
67.114584 5911882
67.118229 5901909
67.127684 5889306
67.163920 5883614
67.167967 5857771
67.370125 5856627
67.390466 5848319
67.424632 5846163
76.649859 5845063
76.652069 5845039
76.662727 5844162
76.722073 5782607
76.723955 5725511
77.088176 5711238
86.256257 5709471
86.333751 5706551
86.334489 5671486
86.345049 5645781
86.358881 5612507
86.362902 5586664
86.946146 5576975
93.558482 5576664
95.828955 5574897
95.872856 5574542
95.906097 5571977
95.906833 5536912
95.917367 5511207
95.931197 5477933
95.935210 5452090
96.520381 5448680
105.394301 5447580
105.396517 5447556
105.407102 5446679
105.423509 5446558
105.458222 5443831
105.458595 5415484
105.460072 5383360
105.466606 5328028
114.936277 5326928
114.938475 5326904
114.949074 5326027
114.965464 5325906
115.002628 5322979
115.013163 5320818
115.019355 5317765
115.021559 5316563
115.079791 5298081
115.080530 5280977
115.085255 5280973
115.114825 5279201
115.127575 5276953
115.344871 5258009
115.470365 5251733
115.488371 5246874
115.668850 5245335
115.702552 5242564
115.711311 5239887
115.782434 5237174
117.770206 5230435
117.940960 5225373
117.971047 5220240
120.754533 5212724
124.510577 5211624
124.512832 5211600
124.534085 5210725
124.577301 5207675
124.587992 5205514
124.594185 5202461
124.596390 5201259
124.654648 5182777
124.655381 5165673
124.660124 5165669
124.700166 5163972
124.919953 5142705
124.943782 5141708
125.066367 5131570
125.251021 5130031
125.261196 5126163
125.284466 5121994
127.339234 5115131
127.380410 5112308
127.520601 5107199
134.076678 5105077
134.150755 5102150
134.160598 5097752
134.192083 5095769
134.227919 5077252
134.228681 5060148
134.233414 5060144
134.243230 5058334
134.284291 5057984
134.491749 5054454
134.516968 5049287
134.528646 5046987
134.570568 5039760
134.586247 5030904
134.640701 5026045
134.817567 5021735
134.826321 5019058
134.897658 5016345
138.016883 5014448
138.104287 5013258
138.125442 5012181
139.625393 5005822
139.657427 4999596
143.655735 4997474
143.729574 4994547
143.739447 4990149
143.763735 4989307
143.776941 4988131
143.807040 4969649
143.807777 4952545
143.812533 4952541
143.822346 4950731
143.846488 4948521
144.066333 4946851
144.087844 4946162
144.100259 4929577
144.215875 4918442
144.392943 4914132
144.401788 4911455
144.473090 4908742
146.518537 4902003
151.713870 4900832
153.220985 4898710
153.294817 4895783
153.304656 4891385
153.328913 4890543
153.344384 4889402
153.372221 4870885
153.372960 4853781
153.377703 4853777
153.387558 4851967
153.411730 4849757
153.631776 4848087
153.653385 4847398
153.665928 4830813
153.781559 4819678
153.958932 4815368
153.967693 4812691
154.039538 4809978
156.090309 4803239
161.481724 4793896
162.791550 4791774
162.865469 4788847
162.875304 4784449
162.899642 4783607
162.923762 4782431
162.942802 4763949
162.943539 4746845
162.948294 4746841
162.958108 4745031
162.982213 4742821
163.202267 4741151
163.223899 4740462
163.236329 4723877
163.352415 4712742
163.529717 4708432
163.538486 4705755
163.609756 4703042
165.654481 4696303
172.324975 4694640
172.338836 4694304
172.397488 4691254
172.408525 4685169
172.455813 4684838
172.475001 4666356
172.475742 4649252
172.480524 4649248
172.505252 4647551
172.769945 4626284
172.885375 4615149
173.082840 4605573
175.963234 4597863
181.906843 4595862
181.939623 4595741
181.975319 4592814
181.992574 4588195
182.001927 4586433
182.054545 4567916
182.055304 4550812
182.060211 4550808
182.077302 4549036
182.109564 4548998
182.133646 4546788
182.337569 4538940
182.347768 4537651
182.418872 4533832
182.429104 4524793
182.464201 4516709
182.680276 4512399
182.689051 4509722
182.760257 4507009
187.954533 4503237
191.447926 4501236
191.514875 4498188
191.531672 4493569
191.576714 4492974
191.588051 4492948
191.592084 4473290
191.592819 4456186
191.597549 4456182
191.614275 4454410
191.670446 4452162
191.891298 4433218
192.000403 4422083
192.203454 4412507
198.022787 4410486
201.006530 4408485
201.073054 4405437
201.089817 4400818
201.134766 4400223
201.146141 4400197
201.150185 4380539
201.150922 4363435
201.155667 4363431
201.172468 4361659
201.228867 4359411
201.449756 4340467
201.559191 4329332
201.784866 4323763
201.835168 4319632
209.493827 4319032
210.566702 4317031
210.633382 4313983
210.650131 4309364
210.683376 4307898
210.692538 4307602
210.710456 4289085
210.711190 4271981
210.715930 4271977
210.732722 4270205
211.025958 4260109
211.036214 4258820
211.107842 4255001
211.118438 4254474
211.119907 4237878
211.395368 4228178
220.123618 4226411
220.207624 4221874
220.235557 4219998
220.248004 4217044
220.257263 4216748
220.275336 4198231
220.276087 4181127
220.342586 4179634
220.534049 4171953
220.590705 4169255
220.601097 4167966
220.672943 4164147
220.683631 4163620
220.685113 4147024
224.546141 4143491
229.693349 4141724
229.776532 4137187
229.804443 4135311
229.816869 4132357
229.826023 4132061
229.843911 4113544
229.844685 4096440
229.869470 4096436
229.910735 4094947
230.102515 4087266
230.160073 4084568
230.170330 4083279
230.241793 4079460
230.252395 4078933
230.253861 4062337
236.236834 4059641
239.265406 4057874
239.285609 4057519
239.349041 4053337
239.369551 4050194
239.372898 4049994
239.389303 4048507
239.398459 4048211
239.416380 4029694
239.417117 4012590
239.441904 4012586
239.452177 4010776
239.674927 4003416
239.732082 4000718
239.742449 3999429
239.813777 3995610
239.824408 3995083
239.825880 3978487
248.634986 3977152
248.832255 3975385
248.852443 3975030
248.915745 3970848
248.936167 3967705
248.939455 3967505
248.955874 3966018
248.965165 3965722
248.983071 3947205
248.983808 3930101
249.008672 3930097
249.018903 3928287
249.241370 3920927
249.297976 3918229
249.299808 3914891
249.579399 3907842
249.629565 3906696
253.712729 3899152
254.368516 3899060
256.534493 3893608
258.399208 3891841
258.419337 3891486
258.482904 3887304
258.503292 3884161
258.506601 3883961
258.523037 3883345
258.534385 3883319
258.550088 3863661
258.550824 3846557
258.575595 3846553
258.585848 3844743
258.616857 3842533
258.808299 3837383
258.845739 3833396
258.928074 3829050
259.145572 3824298
259.166012 3823906
259.170769 3823079
259.172254 3806885
267.961819 3805200
267.985510 3804884
268.041797 3803220
268.045095 3798705
268.068923 3797217
268.084639 3796622
268.095931 3796596
268.111684 3776938
268.112429 3759834
268.151417 3758058
268.178414 3755810
268.359131 3747962
268.360967 3744624
268.843891 3739327
269.002537 3724552
277.522835 3722867
277.546587 3722551
277.602982 3720887
277.606282 3716372
277.630152 3714884
277.645871 3714289
277.657205 3714263
277.672923 3694605
277.673659 3677501
277.712697 3675725
277.739712 3673477
277.921066 3665629
278.004056 3659994
279.559436 3657149
279.577679 3647552
283.070417 3646254
287.085782 3644569
287.136076 3644487
287.165793 3642589
287.169086 3638074
287.192523 3635120
287.201630 3634824
287.235691 3616307
287.236438 3599203
287.286368 3597710
287.484177 3587331
287.567062 3581696
289.044749 3574154
295.170737 3568254
296.723424 3566569
296.763157 3566253
296.803390 3564589
296.806774 3560074
296.830134 3557120
296.873278 3538307
296.874017 3521203
296.929005 3519427
297.120518 3509331
297.202935 3503696
298.672887 3496154
306.271611 3495308
306.273507 3495007
306.289158 3494387
306.325280 3494032
306.351536 3490597
306.354471 3484724
306.425667 3466207
306.426404 3449103
306.439129 3447610
306.471325 3445079
306.673390 3437231
306.756076 3431596
314.076901 3430894
315.756997 3428751
315.830085 3427905
315.831914 3427604
315.847569 3426984
315.883677 3426629
315.909915 3423194
315.912836 3417321
315.983911 3398804
315.984672 3381700
315.997424 3380207
316.029443 3377676
316.231062 3369828
316.313570 3364193
323.620054 3363491
325.380259 3362645
325.382091 3362344
325.397724 3361724
325.460151 3357934
325.463062 3352061
325.534231 3333544
325.534968 3316440
325.547690 3314947
325.781386 3304568
325.863786 3298933
334.906420 3298087
334.908270 3297786
334.923898 3297166
334.986397 3293376
334.989325 3287503
335.060555 3268986
335.062737 3255145
335.068941 3251989
335.074031 3250389
335.332522 3242708
335.725215 3241494
337.028660 3239196
337.068430 3237101
337.534773 3235274
344.489086 3233152
344.539904 3229717
344.572848 3225827
344.576522 3224140
344.614123 3205327
344.616339 3191486
344.622558 3188330
344.655461 3186409
344.888156 3182529
346.617131 3180326
346.667618 3178172
346.672413 3177094
346.682262 3172946
346.705292 3170740
354.032970 3169490
354.068368 3168741
354.085133 3168739
354.116163 3164112
354.130346 3163530
354.151844 3159606
354.189495 3140793
354.191678 3126952
354.212766 3124561
354.250681 3121913
355.157114 3119086
356.160708 3111071
363.575944 3108949
363.645188 3107837
363.673395 3099937
363.710992 3081124
363.713182 3067283
363.773163 3062244
363.975778 3058326
367.227441 3054048
373.088007 3053453
373.102220 3052798
373.129233 3052047
373.170401 3051656
373.171502 3045868
373.212368 3044380
373.228091 3043785
373.233568 3024101
373.235750 3010260
373.294714 3005221
373.908427 3003289
377.527445 2998455
377.555356 2993057
382.652292 2992462
382.680122 2990935
382.734858 2990665
382.736344 2986753
382.792604 2982794
382.798100 2963110
382.800309 2949269
382.860750 2945968
383.079619 2940312
392.160449 2938646
392.210336 2938051
392.238146 2936524
392.292961 2936254
392.294428 2932342
392.352995 2927216
392.356304 2908699
392.358488 2894858
392.418654 2891557
392.637403 2885901
394.666951 2880603
401.760815 2879353
401.787854 2878602
401.843996 2873975
401.871770 2869469
401.883452 2869173
401.886771 2850656
401.888968 2836815
402.155720 2824378
402.552600 2823164
411.301682 2821914
411.328905 2821163
411.385207 2816536
411.412935 2812030
411.424631 2811734
411.427920 2793217
411.441045 2776113
411.697257 2766939
420.859210 2765689
420.886272 2764938
420.942381 2760311
420.970140 2755805
420.981866 2755509
420.985181 2737378
420.994644 2723151
421.974815 2720597
423.454664 2715238
430.417786 2713988
430.444861 2713237
430.501049 2708610
430.528796 2704104
430.540486 2703808
430.543777 2685677
430.553236 2671450
431.549543 2668896
434.193439 2659901
439.965919 2658651
439.994034 2657900
440.052338 2653273
440.080180 2648767
440.091907 2648471
440.095232 2630340
440.104717 2616113
442.348816 2612179
449.506582 2610929
449.533671 2610178
449.589960 2605551
449.617752 2601045
449.629455 2600749
449.632767 2582618
449.642940 2581906
449.669587 2579658
449.687835 2572184
449.704695 2568708
454.188157 2568149
456.448569 2566017
456.636416 2564644
459.038333 2563394
459.123221 2553680
459.163776 2553214
459.167169 2535083
459.177655 2534371
459.204998 2532123
459.223005 2521397
459.240698 2521173
463.734523 2520614
466.877258 2518297
468.573499 2517047
468.656644 2507333
468.696065 2506867
468.699358 2488736
468.709541 2488024
468.736174 2485776
468.753671 2475050
468.771228 2474826
473.261961 2474267
478.098102 2473017
478.181448 2463303
478.220976 2462837
478.224283 2444706
478.234468 2443994
478.261572 2441746
478.279584 2431020
478.297672 2430796
487.597070 2428795
487.667536 2424837
487.681019 2419662
487.729567 2419366
487.820654 2410433
487.842134 2404674
487.847234 2401838
487.847997 2400014
487.849097 2397302
487.876473 2394231
487.894353 2389142
497.074966 2388018
497.122920 2387892
497.206029 2378178
497.407955 2369965
497.485334 2365394
497.811811 2353915
497.818746 2350860
498.490083 2349094
501.612638 2346897
506.605162 2345773
506.657140 2344896
506.727893 2340938
506.741462 2335763
506.939217 2327720
507.016561 2323149
507.343461 2311670
507.350393 2308615
509.398618 2306588
513.375372 2305390
516.177699 2304266
516.229679 2303389
516.301788 2300565
516.313873 2294256
516.511306 2286213
516.588706 2281642
516.915223 2270163
516.922171 2267108
523.537466 2259228
525.708263 2258104
525.751392 2257978
525.832268 2254403
525.834826 2248264
526.041695 2240051
526.118842 2235480
526.445138 2224001
526.452070 2220946
528.511436 2218919
535.238181 2217795
535.258971 2216918
535.342840 2207785
535.571282 2199742
535.648881 2195171
535.981356 2183692
536.003389 2182978
536.429070 2182229
536.631239 2181530
544.792457 2180406
544.800908 2180280
544.881748 2176705
544.884321 2170566
545.125595 2162353
545.202864 2157782
545.535016 2147532
545.974363 2144840
554.321374 2143716
554.371189 2142839
554.455351 2133706
554.701376 2125909
554.733267 2121092
555.073300 2114872
555.075492 2110477
563.853682 2109353
563.903689 2108476
563.987885 2099343
564.233322 2091546
564.265228 2086729
565.065744 2085980
565.107665 2083744
565.120111 2074936
573.377607 2073812
573.391858 2073686
573.472479 2070111
573.475033 2063972
573.716436 2055759
573.787888 2051188
574.862714 2049760
574.893763 2043641
575.679276 2040237
577.415557 2038570
582.914600 2037446
582.928874 2037320
583.009424 2033745
583.012003 2027606
583.253471 2019393
583.325002 2014822
584.376354 2011030
584.394603 2007066
585.211093 2005009
589.938215 2004198
592.434138 2003074
592.448375 2002948
592.528943 1999373
592.531498 1993234
592.772743 1985021
592.844321 1980450
593.894500 1976658
594.732653 1969499
