0.001710 6900277
0.002121 6776277
0.008331 6769063
0.017831 6763592
0.336077 6730944
0.352877 6727899
0.760572 6699887
9.567103 6699510
9.567628 6575510
9.586236 6563163
9.901164 6546664
9.921634 6535614
19.151864 6535303
19.152310 6459372
19.154871 6453360
19.157812 6419848
19.162234 6404023
19.171732 6398552
20.760527 6385871
28.687860 6385560
28.688261 6309629
28.690819 6303617
28.701405 6301777
28.702883 6292666
28.707631 6248809
32.860840 6229783
38.218085 6229472
38.218475 6153541
38.221050 6147529
38.231634 6145689
38.233115 6136578
38.242601 6097617
38.297820 6096828
39.634643 6095964
41.618950 6087375
47.763409 6087064
47.763796 6011133
47.766361 6005121
47.776943 6003281
47.787872 5955209
47.843094 5954420
49.186028 5953556
51.311807 5938942
57.350988 5938631
57.351374 5862700
57.353951 5856688
57.364536 5854848
57.383128 5845737
57.408424 5841310
57.412576 5821504
57.431416 5805987
58.769916 5805123
61.129794 5801248
66.910904 5800937
66.911327 5725006
66.913896 5718994
66.924491 5717154
66.929243 5710776
66.954412 5669082
66.990604 5668293
76.481528 5665031
76.528790 5660011
76.529532 5612214
76.529903 5594386
76.533195 5578163
76.539026 5562078
76.546336 5542369
80.558125 5537879
85.275645 5537361
85.298953 5536969
86.055111 5533707
86.102364 5528687
86.103104 5480890
86.103479 5463062
86.106767 5446839
86.112723 5430754
86.120189 5411045
90.144732 5406555
95.664309 5403142
95.685990 5398273
95.686728 5350476
95.687100 5332648
95.690402 5316425
95.696242 5300340
95.703534 5280631
95.749379 5276960
105.130086 5273698
105.213335 5272811
105.213712 5272737
105.297245 5270629
105.380064 5266724
105.749551 5252338
105.766383 5250289
105.818288 5197425
105.823049 5191440
105.828555 5185113
105.861854 5184397
107.032864 5148720
114.658478 5145458
114.741737 5144571
114.742113 5144497
114.825414 5142389
114.908348 5138484
115.277219 5124098
115.294043 5122049
115.345868 5069185
115.350623 5063200
115.356219 5056873
115.390403 5056157
119.280413 5041046
124.208881 5037784
124.292315 5036897
124.292695 5036823
124.375318 5034715
124.458297 5030810
124.827598 5016424
124.844453 5014375
124.896325 4961511
124.901082 4955526
124.906576 4949199
124.939875 4948483
130.357723 4947008
130.417244 4946079
130.455955 4945634
131.044493 4944730
131.063096 4940883
131.297705 4934551
133.760523 4931289
133.844013 4930402
133.844402 4930328
133.927080 4928220
134.010067 4924315
134.381102 4909512
134.395368 4907880
134.447297 4855016
134.452066 4849031
134.461599 4842118
134.490899 4841988
139.890290 4840513
139.949833 4839584
139.988475 4839139
140.566511 4838461
140.577106 4838235
140.595743 4834388
141.595238 4826010
143.292802 4822748
143.376311 4821861
143.376688 4821787
143.459333 4819679
143.542329 4815774
143.935192 4801074
143.980185 4746475
143.984944 4740490
144.028533 4734163
144.705492 4724962
151.710452 4721550
151.715229 4721395
152.868046 4718133
152.951388 4717246
152.951765 4717172
153.034334 4715064
153.117166 4711159
153.510433 4694724
153.556685 4641860
153.561447 4635875
153.581547 4631955
154.281572 4620347
162.428114 4617085
162.511439 4616198
162.511818 4616124
162.595811 4614016
162.680838 4610111
163.073891 4593676
163.106394 4535008
163.144710 4530907
166.478895 4525380
170.420208 4523408
171.965631 4520146
172.049056 4519259
172.049433 4519185
172.132578 4517077
172.215613 4513172
172.612252 4496737
172.645639 4438069
172.686110 4431561
176.038200 4428441
176.063750 4427092
181.530429 4423830
181.613918 4422943
181.614296 4422869
181.697937 4420761
181.782131 4416856
182.175846 4400421
182.233617 4347557
182.238747 4346226
182.247907 4335245
189.083177 4333054
191.097622 4329792
191.180982 4328905
191.181359 4328831
191.264555 4326723
191.347441 4322818
191.738473 4306383
191.797994 4261786
191.800946 4243614
199.142122 4241383
200.629276 4238121
200.712773 4237234
200.713152 4237160
200.797107 4235052
200.882199 4231147
201.275152 4214712
201.334634 4170115
201.338308 4160517
208.421104 4139599
210.187318 4136337
210.270699 4135450
210.271077 4135376
210.353682 4133268
210.436711 4129363
210.827822 4112928
210.888894 4069747
213.000100 4067681
217.937891 4060234
217.959456 4059745
219.765444 4056483
219.848923 4055596
219.849306 4055522
219.932828 4053414
220.016779 4049509
220.401516 4034809
220.481984 4029323
220.482363 3999118
220.488962 3980210
229.344622 3976948
229.428156 3976061
229.428551 3975987
229.511264 3973879
229.594368 3969974
229.929313 3953539
230.256465 3946182
230.280921 3941685
230.297407 3940185
230.317705 3919901
230.668840 3917753
232.997910 3909721
233.065525 3906292
238.946394 3903030
239.029837 3902143
239.030217 3902069
239.112876 3899961
239.195889 3896056
239.534501 3879621
239.863332 3872264
239.871018 3853876
239.923334 3845983
242.575065 3839296
243.922793 3835554
248.547466 3832292
248.630893 3831405
248.631271 3831331
248.714873 3829223
248.797778 3825318
249.131117 3808883
249.457584 3801526
249.501424 3797029
249.517533 3775245
249.886285 3773097
252.317591 3771522
254.896416 3770329
257.466548 3768934
258.102941 3765672
258.187165 3764785
258.187543 3764711
258.270355 3762603
258.354846 3758698
258.690813 3742263
259.018714 3734906
259.063569 3730409
259.080111 3708625
259.451265 3706477
264.451492 3703709
267.288886 3701818
267.660520 3698556
267.744008 3697669
267.744398 3697595
267.827245 3695487
267.911695 3691582
268.249300 3675147
268.580742 3667790
268.625876 3663293
268.642425 3641509
269.020764 3639361
274.016931 3636593
277.258040 3633331
277.342651 3632444
277.343040 3632370
277.427127 3630262
277.510149 3626357
277.844217 3609922
278.171596 3602565
278.347758 3600763
278.409513 3586940
278.443191 3585268
278.575578 3582542
280.890167 3580243
281.038440 3571155
286.831911 3567893
286.915588 3567006
286.915968 3566932
286.999118 3564824
287.082825 3560919
287.422794 3544484
287.752764 3537127
287.769991 3510846
295.552785 3510671
296.427270 3507409
296.510727 3506522
296.511105 3506448
296.595211 3504340
296.678933 3500435
297.014520 3484000
297.341099 3476643
297.357873 3450362
306.031641 3447100
306.115102 3446213
306.115489 3446139
306.198110 3444031
306.280948 3440126
306.632188 3425426
306.951543 3411923
307.012315 3393920
312.067754 3389906
315.601383 3386644
315.684885 3385757
315.685266 3385683
315.767990 3383575
315.851359 3379670
316.203699 3364970
316.524823 3351467
316.585561 3333464
319.046786 3332497
321.757130 3330633
325.190081 3327371
325.273663 3326484
325.274043 3326410
325.356794 3324302
325.440009 3320397
325.791608 3305697
326.111714 3292194
326.172546 3274191
333.294053 3274170
334.769131 3270908
334.852580 3270021
334.852961 3269947
334.935652 3267839
335.018484 3263934
335.370347 3249234
335.690081 3235731
335.751816 3217728
344.301802 3214466
344.385275 3213579
344.385655 3213505
344.468404 3211397
344.551631 3207492
344.906084 3192792
345.227440 3179289
345.402356 3178672
345.425035 3178237
346.004734 3176595
346.022265 3169234
348.519205 3165567
351.744622 3165488
352.311803 3162318
352.345355 3162289
353.869640 3159027
353.953096 3158140
353.953475 3158066
354.036122 3155958
354.119236 3152053
354.471417 3137353
354.792124 3123850
354.965088 3123233
354.988324 3122798
355.572407 3121156
355.590098 3113795
358.063475 3110128
361.292952 3110049
363.416088 3106787
363.499530 3105900
363.499909 3105826
363.582585 3103718
363.665691 3099813
364.020614 3085113
364.341556 3071610
364.521847 3068913
365.223767 3064755
367.611287 3057888
372.991372 3054626
373.074917 3053739
373.075295 3053665
373.158062 3051557
373.241211 3047652
373.598595 3031217
374.053639 3023465
374.096733 3016752
374.798246 3012594
376.265235 3012268
376.275436 3012120
378.125962 3010258
378.860113 3005423
382.596095 3002161
382.679526 3001274
382.679904 3001200
382.762496 2999092
382.845510 2995187
383.248764 2980487
383.656727 2971000
383.698310 2966850
384.316298 2956929
387.711993 2954574
392.151565 2951312
392.235022 2950425
392.235403 2950351
392.319866 2948243
392.404532 2944338
392.813614 2929638
393.222837 2920151
393.249503 2918244
393.870366 2915266
393.893086 2913441
393.948549 2909280
398.437163 2907844
398.443386 2903885
401.733177 2900623
401.816795 2899736
401.817175 2899662
401.901325 2897554
401.984641 2893649
402.393037 2878949
402.799316 2869462
402.835939 2865312
403.455912 2855391
411.298796 2852129
411.382353 2851242
411.382733 2851168
411.465484 2849060
411.548738 2845155
411.953900 2830455
412.363986 2827278
412.381924 2823276
412.398415 2821282
412.411277 2819132
413.389381 2819016
413.756717 2811153
414.024756 2807688
420.863938 2804426
420.947357 2803539
420.947742 2803465
421.030447 2801357
421.114942 2797452
421.519875 2782752
421.927684 2779575
421.962077 2773579
421.974914 2771429
422.925733 2770942
423.318888 2763450
424.251053 2763061
427.387537 2761920
430.314511 2761779
430.415102 2758517
430.499655 2757630
430.500035 2757556
430.584339 2755448
430.667352 2751543
431.071886 2736843
431.478202 2733666
431.512586 2727670
431.525401 2725520
432.473554 2725033
432.867067 2717541
433.793959 2717152
439.944798 2713890
440.028221 2713003
440.028630 2712929
440.111322 2710821
440.194044 2706916
440.597158 2692216
441.003193 2689039
441.018918 2676016
442.391958 2672299
449.489624 2669037
449.573248 2668150
449.573629 2668076
449.656355 2665968
449.739686 2662063
450.142966 2647363
450.554377 2644186
450.562620 2638190
450.575742 2636040
451.550650 2635924
452.435677 2635392
452.794427 2631876
453.446979 2630579
456.784057 2630442
459.050915 2627180
459.134269 2626293
459.134649 2626219
459.217241 2624111
459.300281 2620206
459.707942 2605506
460.114582 2602329
460.122627 2596333
460.135420 2594183
461.110288 2594067
461.147495 2593696
462.362099 2590019
468.607570 2586757
468.691130 2585870
468.691511 2585796
468.774454 2583688
468.857908 2579783
469.261363 2565083
469.668446 2561906
469.681222 2557904
469.700620 2548883
478.160535 2545621
478.243958 2544734
478.244356 2544660
478.327275 2542552
478.410124 2538647
478.815836 2523947
479.375338 2515847
479.387755 2512783
479.427839 2510536
479.733521 2503195
487.701781 2499933
487.785426 2499046
487.785822 2498972
487.868661 2496864
487.951936 2492959
488.354760 2478259
488.931046 2475259
488.946815 2468754
488.952712 2467923
488.957486 2467231
488.973289 2464848
490.374918 2462551
490.662677 2458966
497.305849 2455704
497.389401 2454817
497.389783 2454743
497.472429 2452635
497.556338 2448730
497.964609 2434030
498.544515 2422866
498.581568 2420619
501.825075 2418857
506.873528 2415595
506.956884 2414708
506.957271 2414634
507.039883 2412526
507.123884 2408621
507.526871 2393921
508.113539 2391858
508.136561 2389520
508.140600 2380510
516.419653 2377248
516.503277 2376361
516.503657 2376287
516.586522 2374179
516.669749 2370274
517.074400 2355574
517.964772 2342289
518.480319 2342180
526.023514 2338918
526.108006 2338031
526.108416 2337957
526.191935 2335849
526.275335 2331944
526.681350 2317244
527.580439 2311678
527.832894 2311026
527.842467 2304436
535.600902 2301174
535.684584 2300287
535.684971 2300213
535.767499 2298105
535.851436 2294200
536.261258 2279500
537.144846 2277286
537.146686 2273425
538.184360 2271784
538.188747 2271192
538.248809 2270093
538.262674 2267529
539.283419 2266527
545.168887 2263265
545.252703 2262378
545.253088 2262304
545.335785 2260196
545.418633 2256291
545.823601 2241591
546.698534 2239377
546.713523 2228306
554.693212 2225044
554.776679 2224157
554.777058 2224083
554.860749 2221975
554.945075 2218070
555.350267 2203370
557.264975 2203158
557.298537 2198596
557.786863 2198513
557.808053 2197022
558.165374 2196780
559.063158 2196195
559.484814 2195654
559.650421 2191399
564.287991 2188137
564.371780 2187250
564.372168 2187176
564.454785 2185068
564.537814 2181163
564.940508 2166463
566.859738 2166251
567.217127 2164073
567.226272 2157718
569.463680 2156941
573.874523 2153679
573.957942 2152792
573.958322 2152718
574.041597 2150610
574.125990 2146705
574.528740 2132005
576.453963 2131793
576.465914 2127929
576.978870 2126770
577.413625 2126536
577.415466 2125984
579.530616 2120898
583.475024 2117636
583.559147 2116749
583.559541 2116675
583.644551 2114567
583.730168 2110662
584.136494 2095962
586.055575 2095750
586.407348 2093572
586.446753 2093247
587.669397 2092285
587.676346 2090301
587.861530 2088787
588.280905 2088246
589.364132 2088186
592.723771 2087795
593.049089 2084533
593.133076 2083646
593.133463 2083572
593.216579 2081464
593.299394 2077559
593.702576 2062859
595.610471 2062647
595.963037 2060469
596.002394 2060144
597.223557 2059182
597.230493 2057198
597.417208 2055684
597.836658 2055143
598.908764 2055083
