0.001068 6664402
0.003105 6653351
0.004274 6653101
0.005064 6650996
0.006225 6643412
0.007391 6614140
0.010106 6590914
0.010496 6554223
0.011272 6544919
0.011662 6522385
0.013590 6520527
0.016662 6500549
0.017057 6490575
0.018215 6474834
0.021284 6450601
0.021676 6377871
0.022067 6340162
0.023983 6318843
0.024376 6312354
0.025550 6312178
0.031322 6295962
0.031714 6295918
0.039781 6294002
0.040574 6292080
0.043645 6234877
0.044422 6231830
0.048648 6205824
0.053631 6193116
0.054785 6192554
0.055174 6184684
0.055561 6173150
0.056330 6136290
0.056735 6128372
0.057505 6123536
0.073975 6087981
0.075130 6021597
0.081650 6010223
0.082041 5996114
0.083572 5971546
0.085506 5968866
0.085895 5967877
0.092402 5930690
0.092801 5930660
0.093953 5841246
0.096247 5837506
0.096642 5813539
0.101619 5742139
0.102390 5696715
0.102776 5694713
0.103546 5673491
0.138757 5672534
0.226835 5626707
0.229157 5619537
0.229549 5599901
0.230320 5598106
0.340042 5588934
0.340451 5585362
0.340839 5580418
0.342373 5580332
0.343906 5555378
0.344685 5539621
0.345837 5536858
0.346606 5471786
0.348531 5465923
0.348918 5452206
0.350837 5438872
0.351224 5434293
0.355064 5411994
0.619397 5405654
0.633183 5401054
0.643141 5394396
0.681072 5366624
0.681847 5343998
0.964465 5339023
0.972888 5327239
0.974427 5325333
0.975203 5308310
0.976353 5295197
0.976761 5289589
1.219723 5256338
1.220515 5254564
1.224342 5193977
1.224754 5151557
1.225945 5143680
1.239360 5112357
1.244104 5112339
1.260669 5101609
1.262253 5086267
1.461401 5072259
1.464973 5056209
1.465377 5055041
1.472519 5048058
1.473319 5045845
1.473716 5045245
1.477683 5035418
1.480057 5033645
1.480480 5031619
13.297383 5024396
13.298655 5017035
13.299458 4989475
13.309081 4971065
13.385655 4964180
13.386056 4963298
13.387258 4948654
13.389697 4940373
13.390106 4933233
13.390499 4930587
13.393788 4918345
13.394189 4916443
13.394982 4906458
13.396581 4902877
13.396980 4898435
13.397374 4890301
13.397768 4883701
13.398586 4875987
13.401881 4870279
13.402293 4863456
13.503882 4854462
13.504286 4850638
13.504705 4849517
15.962498 4822294
15.962930 4820248
15.963327 4819521
15.963722 4815725
15.972191 4803241
15.972609 4773690
15.974257 4771104
16.021753 4768947
18.660193 4764508
18.660620 4756637
18.662693 4756587
18.663492 4747188
18.664288 4746815
18.665912 4736717
18.671924 4661380
18.672322 4629708
18.687387 4595350
26.161261 4542888
26.163699 4504067
26.164935 4489734
26.165335 4486004
26.173748 4429681
26.174147 4424713
27.549101 4410018
30.699290 4409085
31.711965 4370915
31.714890 4351751
31.716565 4337073
31.717389 4328730
31.718627 4328410
31.719464 4323423
31.726413 4298259
31.727630 4294927
31.728888 4291093
31.817382 4290821
31.887669 4276985
31.888073 4256223
31.888883 4250975
34.389499 4238421
34.819817 4220521
34.822353 4214385
34.827830 4209884
34.829097 4208512
34.829935 4202557
34.830782 4193361
34.833313 4177822
34.952005 4147001
34.959835 4091157
34.961087 4081122
34.961488 4036866
35.330415 4034590
35.343750 4030934
35.344152 3991469
35.344552 3986628
35.344948 3977615
35.454754 3970628
35.465172 3956236
35.473831 3947051
35.474670 3930435
35.475927 3927169
35.476769 3914648
35.477178 3913319
35.478427 3903104
35.479248 3902417
35.483419 3893364
35.483829 3868199
35.529273 3789671
35.530100 3789009
35.530499 3781854
42.265170 3712530
42.267191 3706306
42.267590 3697286
42.268407 3672891
42.268817 3656526
42.270031 3609954
50.371894 3608462
51.084659 3602502
51.085065 3602062
51.085461 3565104
51.091932 3564426
51.094357 3563521
51.095577 3562077
51.095974 3500899
51.108139 3481298
51.110541 3479851
51.114186 3461422
51.116644 3443196
53.024684 3439737
53.025514 3431790
53.029541 3426871
53.030341 3405552
53.031177 3379283
53.037689 3354730
53.046625 3351471
53.048703 3338559
53.145124 3329991
53.155728 3319287
53.156545 3309940
53.157362 3295291
53.158555 3291573
53.159767 3269077
53.160577 3263986
53.161815 3260524
53.164681 3255301
53.169964 3251622
53.187130 3250827
53.188758 3250113
53.189561 3242867
53.202031 3218895
53.202854 3205489
53.215100 3191354
53.248404 3186834
53.249655 3186242
56.241567 3184720
56.263899 3166643
56.495434 3162211
56.497506 3145511
56.498743 3130055
60.496142 3129004
60.496976 3125761
60.505072 3124963
60.509538 3111078
60.514780 3106114
60.517642 3089773
60.669674 3079201
60.878127 3078092
60.881093 3073242
60.951006 3065254
60.961893 3040092
60.976420 3039230
61.518618 3019557
61.553754 3018409
61.555837 3017428
61.557864 2988996
61.569532 2987949
61.570333 2971367
61.571977 2957921
61.574015 2947353
61.605812 2945373
61.960450 2934043
61.966892 2921770
62.983920 2920991
62.996476 2913627
63.013152 2897875
63.016127 2879983
63.024553 2867143
64.219244 2861270
64.322711 2860590
64.324343 2854660
64.324766 2843218
64.325163 2832352
64.325558 2831396
64.372172 2827955
64.411214 2824027
64.414489 2820065
64.414889 2818422
64.415287 2817150
64.421789 2814173
64.425074 2804920
64.425893 2796215
64.427916 2781204
64.469528 2779846
64.469946 2770654
64.484207 2755189
65.345212 2745043
68.428873 2742691
68.430098 2736694
68.466927 2716081
68.468541 2712968
68.470563 2712067
68.470962 2710911
68.472195 2706769
68.472625 2676956
68.475056 2676738
68.476263 2665616
68.477098 2652624
68.477904 2650336
68.478703 2649611
68.490542 2638874
68.491753 2633742
68.777840 2626070
68.778660 2622258
70.322065 2611684
70.323680 2583324
70.324516 2583125
70.324917 2580600
70.327386 2578116
70.330236 2567363
70.364336 2557622
70.366375 2550906
70.367970 2542614
70.369189 2541847
70.371182 2541667
70.371580 2538588
71.081290 2530461
71.144711 2530174
71.145116 2530130
71.145512 2523513
71.146311 2520609
71.147111 2520256
71.364061 2513915
71.364905 2513520
71.371873 2504270
71.372273 2504059
71.380009 2503182
71.381678 2496918
71.382892 2479881
71.459403 2477140
71.475612 2475273
71.476421 2470760
71.480551 2445575
76.550669 2445559
76.551076 2444086
76.576180 2438235
76.577021 2428845
76.579513 2424573
76.581143 2419799
76.586421 2417559
76.831746 2416426
76.836203 2408376
76.837858 2398876
76.924223 2390886
77.149068 2388341
77.165993 2383870
77.167636 2366511
77.392835 2360691
77.394970 2360424
77.411428 2359149
77.427194 2342120
77.430445 2333891
77.436147 2326554
78.740477 2324424
78.748186 2319375
78.750199 2319264
78.752610 2315702
78.753410 2309762
78.755823 2309497
78.756641 2305708
78.758252 2305244
78.762716 2304830
78.765168 2299805
78.769659 2295745
78.771658 2287419
78.772890 2282604
81.502708 2279521
81.507667 2275359
81.751917 2275092
81.753539 2271952
81.761173 2271512
81.841709 2262027
82.091391 2259131
82.094281 2243236
82.095125 2238003
82.291397 2224329
82.293051 2222492
84.089442 2221524
84.090737 2210785
84.101749 2201516
84.266161 2183985
84.268743 2181366
84.276288 2178367
84.282184 2171309
84.283469 2171291
84.290202 2171043
84.327862 2167561
84.334846 2162903
84.341417 2154606
84.345120 2153780
85.611656 2149266
85.622933 2148984
85.626204 2145836
85.627818 2139551
85.630270 2139450
85.642542 2138565
85.643767 2138242
85.644610 2132018
85.997720 2130246
85.998997 2127669
85.999410 2122413
86.000684 2120138
91.629527 2114185
92.979260 2109651
93.024868 2106404
93.026098 2104971
93.044280 2101599
93.045543 2050409
93.076055 2029315
93.084655 2028247
93.107056 2019735
93.113986 2018924
93.122187 2018552
93.136519 2011132
93.140970 2002940
94.374702 2001305
94.380007 2001213
94.417300 1983859
94.418105 1982446
94.432422 1980254
94.433680 1977377
94.449988 1975348
94.459822 1967096
94.469645 1955659
94.731572 1948960
94.734406 1942004
94.735218 1937301
94.736461 1936395
94.746279 1932274
94.786249 1929648
95.173772 1928266
95.174584 1926269
95.189433 1919611
95.499437 1917423
95.503978 1917159
95.510303 1888737
95.526310 1876970
95.536337 1858090
96.242531 1849382
96.245045 1845549
96.256854 1844304
96.258478 1840255
97.127869 1838307
97.135249 1837967
97.140593 1835569
97.146379 1834605
97.221324 1828084
97.223340 1827545
97.227020 1825464
103.851243 1823657
103.923913 1820763
103.953653 1807339
104.123715 1807305
104.125740 1803754
104.126140 1796373
104.128156 1795520
104.129781 1786000
104.357003 1783832
104.380103 1779886
104.381340 1770176
104.384188 1767798
104.386239 1767484
104.389043 1766096
104.401200 1764426
104.403232 1762788
104.662374 1758445
104.674983 1750218
104.684400 1748426
104.687242 1741999
104.697693 1739878
105.071671 1733025
106.532519 1727703
106.541497 1724020
106.614886 1721989
106.654653 1720925
107.175256 1717304
107.179740 1709763
107.186230 1704913
107.186631 1701337
107.188722 1694108
107.200789 1680472
107.208064 1673487
107.214218 1671904
108.202898 1671237
108.203316 1670089
108.209849 1664831
108.212723 1655374
108.342036 1655281
108.357173 1654971
108.370649 1651597
108.381248 1651345
108.441431 1650167
111.317561 1650054
111.722488 1649593
111.723710 1645413
111.759505 1641058
111.765467 1638115
112.453560 1637994
112.455603 1636920
112.457229 1636796
112.497760 1635094
112.507141 1634560
112.539215 1631152
112.542853 1630570
112.543654 1629056
112.567628 1626945
112.568035 1625319
112.587949 1621079
112.606329 1617166
112.670384 1607546
112.683004 1606102
112.687882 1605862
112.690716 1604875
112.693954 1603371
112.696417 1603232
112.697678 1581693
112.700195 1580666
112.710702 1580591
112.716255 1576933
112.722201 1574304
112.751597 1572438
112.774442 1563913
113.206943 1553208
113.208186 1547776
113.222434 1541820
113.224099 1538918
113.238386 1536845
113.294490 1534205
114.009808 1533770
114.038628 1532634
114.106940 1532383
114.160386 1529992
114.167539 1528557
114.194385 1528484
114.197344 1517896
114.203688 1515636
115.177241 1514249
115.262503 1508564
115.269315 1493594
115.270521 1486891
115.284678 1486809
115.301751 1486504
115.308200 1485747
115.387128 1479998
115.408647 1478293
115.413539 1477886
115.420062 1475737
116.219693 1469761
116.222147 1468149
116.297215 1462002
116.301293 1457370
116.312332 1452795
116.329456 1446949
116.812710 1446935
118.199682 1446404
118.212612 1445558
118.574568 1445530
118.575785 1445282
118.581951 1443340
122.335600 1442178
122.338871 1437630
122.340100 1437372
122.341734 1435112
122.344605 1434165
122.365575 1432400
122.367217 1430447
122.389717 1430335
122.424419 1429608
122.426848 1427164
122.430128 1427054
122.475667 1426935
122.477728 1422271
122.503457 1418894
122.511219 1418414
123.486911 1417657
123.488969 1412650
123.495487 1410098
123.533205 1409876
123.536405 1407636
123.537646 1405047
123.538045 1404021
123.572313 1403662
123.573942 1402296
126.792900 1393603
127.854897 1390211
127.893623 1389446
127.896518 1386107
127.898149 1384944
128.793898 1384657
128.814085 1379666
129.046883 1376117
129.077832 1373350
129.082322 1372882
129.705182 1370212
129.825066 1366118
129.832415 1366033
129.834472 1361213
129.843773 1356796
129.852681 1354895
129.853905 1354327
129.880323 1353457
130.061293 1349625
130.071887 1344767
130.074748 1340195
130.077590 1338868
130.100420 1336649
130.116782 1336009
130.119190 1335105
130.128124 1333379
132.460558 1325714
132.470342 1325620
132.471545 1322720
132.481950 1322592
132.483588 1317235
132.488891 1315640
132.499539 1308021
132.508608 1303696
132.535178 1301829
132.535981 1301100
132.548624 1299028
132.555842 1289469
132.560365 1285588
132.565638 1278811
132.568058 1276643
132.611988 1275778
132.613614 1268904
136.042384 1267934
136.047766 1263738
136.095931 1261798
136.100569 1259332
136.106388 1255636
136.109784 1250830
136.112696 1245696
136.142420 1243270
136.264404 1241927
136.278018 1240993
136.284652 1237477
136.487453 1237385
136.503727 1235047
136.514643 1233941
136.538241 1230641
136.574144 1227116
136.581051 1226671
136.869208 1218026
136.955307 1216311
136.962264 1214945
136.963074 1214500
137.253457 1211876
137.257921 1210002
137.258722 1206580
137.263585 1205810
137.287669 1204118
137.295770 1200012
137.298210 1187946
137.301838 1187328
137.312977 1185064
137.320272 1178603
137.325951 1171630
137.374001 1162450
137.376851 1162082
137.386275 1159974
137.395247 1155417
140.195678 1155319
141.679563 1151568
141.682018 1150760
141.683256 1149634
144.619440 1146175
144.676298 1146094
144.681939 1145280
144.706168 1140104
144.706571 1139866
145.417311 1138264
145.418123 1136223
145.421327 1135312
145.427377 1132928
145.451399 1132778
145.458725 1131536
146.216452 1126860
149.678672 1122214
149.881429 1114832
149.897569 1111893
149.902035 1111350
149.906471 1110716
149.912583 1110652
149.938112 1108344
149.969430 1105484
150.207344 1103571
150.215472 1103420
150.240069 1101232
150.400356 1097007
150.418689 1092790
151.293129 1091672
151.307733 1090889
151.314210 1088223
151.321565 1084480
151.342278 1082943
151.924162 1082722
151.929390 1082042
151.984044 1081178
151.984470 1080105
156.731985 1080018
156.873594 1078775
156.908998 1078594
156.960671 1077542
156.966657 1077076
156.967060 1076188
157.076914 1075434
157.098432 1073518
157.179544 1073268
157.278751 1072006
157.282381 1068253
157.296688 1068093
157.298684 1068067
157.314617 1066825
159.816064 1064241
159.846717 1063816
159.880206 1061020
159.899333 1059895
159.976496 1058929
159.983025 1058771
160.032483 1055939
160.078380 1052837
160.078784 1052565
160.495990 1048606
160.544232 1047829
160.564512 1045750
161.430197 1043645
161.920784 1041707
162.014171 1040731
162.020703 1040652
162.025543 1035575
162.035671 1035123
162.802164 1034283
163.282394 1033509
163.313362 1033345
163.412998 1030433
163.504739 1028536
163.510012 1028118
163.586565 1027379
163.587776 1024602
163.628691 1024284
163.672116 1024045
165.191605 1022058
165.324123 1021730
165.592178 1019179
165.960493 1017402
166.119621 1016442
166.130238 1015064
166.215809 1013153
166.216650 1012498
166.229697 1012469
166.476016 1011645
166.512081 1010781
166.529086 1010319
166.533933 1009944
166.699478 1009439
166.791623 1009437
166.807412 1008826
166.951000 1004649
166.985856 1004311
167.087939 1003784
168.105091 1002469
168.106320 1000965
168.119981 1000578
168.179307 997314
168.365119 992109
168.368842 988359
170.733205 988197
170.799599 986938
170.842953 986671
171.379965 985094
171.419786 982303
173.031279 982219
173.209796 981502
173.307068 980320
173.390885 980283
173.449436 977833
173.472199 977399
173.656646 977138
173.718631 975150
173.746908 974718
173.755885 972040
173.775181 971267
173.790635 970158
173.846679 969012
173.900320 968428
173.924452 966569
174.012180 966095
175.680223 958214
175.703684 957776
175.724034 956212
176.055409 955597
176.087600 954694
176.121188 953320
176.181728 951590
176.299458 951474
176.399062 948088
176.459682 947861
176.536987 947316
179.152312 944491
179.219858 944456
179.599372 943771
179.947323 942576
179.948983 940852
180.127874 939137
180.142968 937901
181.015235 937487
181.030654 934320
181.049073 933079
181.131605 932864
181.149181 930611
186.323124 926307
186.356220 925836
186.482807 925701
186.509012 925251
186.936964 924846
187.245202 924265
187.255858 922566
187.307758 922208
187.564477 921207
187.746843 921051
187.791051 920945
187.804570 919853
189.136100 918921
192.019369 918008
192.322530 916757
192.328219 913434
192.971295 912433
193.230883 910316
193.238594 907494
193.291406 907009
193.298719 896494
193.451254 894433
193.569042 894374
194.261764 893619
194.444015 891233
194.484901 888522
194.921771 887550
195.052179 887245
195.054660 885230
195.524696 883719
195.734184 878293
195.734989 877713
196.155970 877107
196.315086 875597
196.319515 874812
196.406698 872468
196.423893 871310
196.456420 864619
196.591494 863105
201.624373 862927
201.737162 861591
202.472332 861328
202.567629 860696
202.703283 858513
202.834552 858231
202.852930 856225
202.912762 855634
202.935981 853828
203.062433 852960
203.720530 852199
204.073847 852154
204.111679 850809
204.221869 850354
204.228770 850082
204.274421 849377
204.434104 847069
204.585320 846791
204.643163 846720
204.972012 845647
206.641365 844634
207.303763 844464
207.384166 840604
207.394790 840358
207.515808 839059
207.564143 838446
207.623729 838011
207.659253 836593
207.673594 835196
208.179606 834340
208.322067 834069
208.324139 832887
208.573705 831857
208.582152 831562
208.592070 831405
209.065227 831332
209.077377 830653
209.086298 830552
209.119563 830283
209.128060 830229
209.303728 830072
209.338244 828115
209.390176 828095
209.395862 827746
209.428138 826942
209.608153 825461
209.651049 825204
209.684610 824657
209.735763 823090
209.813821 822839
209.847608 822399
210.002551 822066
210.231515 821037
211.231531 819949
211.268623 819530
211.366339 819517
211.505563 818914
211.511234 817701
211.993431 817355
212.230705 816870
212.323837 816648
212.437662 815385
212.661017 814566
213.389698 813215
213.847734 812413
213.855032 811653
213.979966 811301
214.132930 811273
214.625554 810005
217.301251 809911
217.492925 809044
217.525029 807453
217.824013 807248
218.151578 807103
218.418080 806779
218.422939 806091
218.513858 805493
218.627652 805489
218.708408 805034
218.741749 804808
219.075436 804454
219.245481 802079
219.351566 799831
219.381465 798757
219.493629 798453
219.623762 797135
219.911369 797072
220.312929 796361
220.332493 795816
220.431415 794785
221.242215 794741
221.247165 794112
222.530520 793937
222.821564 793503
226.538661 793141
226.705120 792841
226.758484 792795
227.077001 790764
227.317496 789481
227.489498 789241
227.774414 789181
227.973981 788769
227.980216 788039
227.981470 787968
227.999479 786919
228.014500 786036
228.270755 785359
228.414832 785057
228.504509 784154
228.894957 783960
229.490398 783429
230.454438 781525
230.611344 781225
231.718035 780958
231.907475 780634
231.912741 780632
231.932888 779939
231.958318 779879
232.555942 779732
232.693409 779635
234.883683 779561
235.597178 777839
235.863362 777539
237.309462 776501
239.582813 776338
239.998661 776271
240.104956 775335
240.855519 774273
240.993002 770093
242.599094 768467
243.158211 767580
243.388712 767326
244.318042 766941
245.186063 766582
245.342468 766362
245.373567 766144
246.747530 766002
246.751586 763773
246.840722 762629
247.204860 762271
247.698442 762221
247.718652 762038
247.988259 762029
248.089026 761653
248.093089 761318
248.130959 760267
248.143610 760137
248.365175 755913
248.573782 755304
250.102756 754508
250.943886 754013
256.528933 753306
257.438794 752997
258.037328 752863
258.106016 752663
258.571284 751972
258.735191 751691
258.940981 750393
259.490432 750332
262.363154 750151
262.704402 749687
263.445309 747617
263.595345 747412
264.189093 746099
264.359475 746077
265.336801 745912
265.541053 745849
265.555332 744848
266.061204 743683
266.082986 743573
269.389601 743413
269.422447 743328
270.439945 742441
270.466935 741796
270.865717 741194
271.066395 741138
272.133916 741058
272.418811 739882
273.152274 739652
273.226774 739543
274.092486 738999
274.113394 737829
274.464838 734969
274.466870 734724
277.534430 734461
277.756092 733874
277.950285 732590
278.399207 732311
280.357293 730976
280.968912 730902
281.631484 730724
281.663479 730675
282.034609 730390
285.082149 729502
285.133420 729471
285.360546 729240
287.448555 729197
287.666279 727748
287.680949 727726
287.749751 724154
289.114948 723945
289.123119 723908
289.145658 723874
289.160873 723681
289.224661 722734
289.341592 722712
289.609008 722598
293.044081 721978
293.394469 721816
294.152292 721644
298.959003 720515
299.142075 720062
299.923303 720034
302.155794 718785
302.511890 717497
303.135957 717256
303.264818 716854
308.538460 716846
309.800616 716670
310.781056 715719
317.252561 715550
321.659910 715237
323.376806 715188
323.718938 714743
325.392828 714573
325.560360 714451
329.843034 714194
330.112796 713529
332.629778 713262
335.233861 713088
335.276806 712985
336.285545 712963
338.316413 711557
342.870635 711170
343.298709 710574
344.672335 710526
352.576489 709037
352.721997 709021
353.551362 708970
384.477039 708751
390.953193 708723
400.225031 708675
