0.001426 7172652
0.001837 7132212
0.002211 7117787
0.002956 7051207
0.042418 7049167
0.046083 7041670
0.050824 7029840
0.669031 6995514
0.684653 6987295
9.514829 6982678
9.515369 6942238
9.515756 6927813
9.516507 6861233
9.532503 6813663
19.009518 6811048
19.016498 6809506
19.067458 6809465
19.071143 6809240
19.092354 6808649
19.099298 6805990
19.123695 6805560
19.154013 6805380
19.176656 6795664
19.181426 6787171
19.197803 6785945
19.258374 6762469
19.281994 6749422
19.300977 6747410
19.302077 6738616
19.323960 6733128
19.613918 6729607
19.616103 6724560
19.625200 6712698
19.684096 6687629
22.212905 6683159
22.219865 6671355
25.528881 6669074
26.648119 6656686
28.551264 6654071
28.558164 6652529
28.609032 6652488
28.612678 6652263
28.633833 6651672
28.640727 6649013
28.665082 6648583
28.695317 6648403
28.717930 6638687
28.722652 6630194
28.738966 6628968
28.799444 6605492
28.823053 6592445
28.841975 6590433
28.864926 6576151
29.154353 6572630
29.156538 6567583
29.165632 6555721
29.224510 6530652
31.743596 6526182
31.751954 6524085
31.783615 6521719
31.882289 6511745
36.607808 6509774
38.063369 6507159
38.070319 6505617
38.135926 6505576
38.146189 6504760
38.153114 6502101
38.177478 6501671
38.230268 6491775
38.235001 6483282
38.251349 6482056
38.311783 6458580
38.335377 6445533
38.354287 6443521
38.369580 6437425
38.666635 6425718
38.668833 6420671
38.677921 6408809
38.736806 6383740
41.263667 6379270
41.375030 6378933
41.398251 6376390
41.402257 6364833
44.532823 6361820
44.581170 6337513
47.555473 6334898
47.562378 6333356
47.627728 6333315
47.637948 6332499
47.644847 6329840
47.669203 6329410
47.721926 6319514
47.726652 6311021
47.742951 6309795
47.769454 6309558
47.803289 6286319
47.826865 6273272
47.846479 6262466
48.158138 6253457
48.160325 6248410
48.228222 6211479
50.783372 6195205
54.265778 6192886
57.067419 6190271
57.074341 6188729
57.139833 6188688
57.150067 6187872
57.156976 6185213
57.181291 6184783
57.234111 6174887
57.238842 6166394
57.255183 6165168
57.281762 6164931
57.315691 6141692
57.339308 6128645
57.373563 6120537
57.670676 6108830
57.672887 6103783
57.685616 6101608
57.740995 6066852
60.271834 6062334
60.372640 6062045
60.392238 6047945
63.517602 6044932
66.550309 6042317
66.557216 6040775
66.622632 6040734
66.632859 6039918
66.639743 6037259
66.664062 6036829
66.716841 6026933
66.721564 6018440
66.737885 6017214
66.764419 6016977
66.798289 5993738
66.821872 5980691
66.839325 5969885
67.153025 5960876
67.162844 5960594
67.167207 5950167
67.223160 5918898
69.746892 5902624
76.029378 5900009
76.036277 5898467
76.101759 5898426
76.111967 5897610
76.118872 5894951
76.187495 5894740
76.190066 5894679
76.195894 5884625
76.200614 5876132
76.243467 5874669
76.277326 5851430
76.301958 5847302
76.312129 5837970
76.335014 5830275
76.615490 5826643
76.625297 5806602
76.715092 5802539
76.727459 5800134
76.795055 5790963
82.032354 5787354
82.083266 5772182
83.254609 5771783
83.290556 5769227
84.239671 5769145
85.505655 5766530
85.512559 5764988
85.565286 5764947
85.568939 5764722
85.588244 5764131
85.595134 5761472
85.641977 5761077
85.651436 5760862
85.672206 5751146
85.676949 5742653
85.719794 5741190
85.753648 5717951
85.778291 5713823
85.788453 5704491
85.820878 5688610
86.101441 5673123
86.191200 5669060
86.203578 5666655
86.271196 5657484
91.509990 5653875
91.560442 5638703
92.728485 5638304
94.981448 5635689
94.988335 5634147
95.041763 5634106
95.045411 5633881
95.064703 5633290
95.071607 5630631
95.118406 5630236
95.127860 5630021
95.148621 5620305
95.153342 5611812
95.196153 5610349
95.229982 5587110
95.254634 5582982
95.264817 5573650
95.297179 5557769
95.577862 5542282
95.667562 5538219
95.679926 5535814
95.747512 5526643
100.991004 5521793
101.078204 5516702
101.975101 5509020
104.456774 5506405
104.463671 5504863
104.497456 5504822
104.520056 5504597
104.539368 5504006
104.546265 5501347
104.583330 5501136
104.585896 5501075
104.602641 5500737
104.623403 5491021
104.628136 5482528
104.671770 5481904
104.704917 5457826
104.729589 5453698
104.739758 5444366
104.755064 5442767
104.772180 5428485
105.053580 5412998
105.079051 5408055
105.223642 5397359
109.699407 5395867
110.544160 5378578
113.954105 5375963
113.961025 5374421
114.002901 5374380
114.018597 5374155
114.037924 5373564
114.044821 5370905
114.079982 5370510
114.101085 5370295
114.121845 5360579
114.126570 5352086
114.157791 5350623
114.203331 5327384
114.228016 5323256
114.240741 5319358
114.256045 5314337
114.270616 5298043
114.551591 5282556
114.642019 5276088
114.657301 5252544
123.434851 5249929
123.441037 5248346
123.482114 5248143
123.498132 5248121
123.517441 5247530
123.523617 5244965
123.526166 5244943
123.526899 5244660
123.529448 5244599
123.543239 5244441
123.564659 5244379
123.580677 5244261
123.602880 5228932
123.607975 5227156
123.615244 5225428
123.682987 5201350
123.698589 5186291
123.718604 5177497
123.750303 5172009
124.022112 5151579
127.151978 5150255
127.397762 5145982
128.062548 5138873
132.915904 5136258
132.922087 5134675
132.998480 5133859
133.004648 5131294
133.007207 5131272
133.007941 5130989
133.010486 5130928
133.083919 5115261
133.089013 5113485
133.096261 5111757
133.163935 5087679
133.179519 5072620
133.193309 5066524
133.502989 5037908
134.296743 5031484
134.303672 5013999
142.430309 5011384
142.439031 5011147
142.453927 5010665
142.461210 5010264
142.463759 5009801
142.512986 5008985
142.522063 5008251
142.536591 5006964
142.540595 5005931
142.598530 4990387
142.618523 4986044
142.678640 4962805
142.688815 4950463
142.780824 4941836
143.021643 4919234
143.076556 4917977
145.126786 4915110
146.813703 4907437
151.913054 4904822
151.921768 4904585
151.938822 4903779
151.953358 4903036
151.969369 4903014
151.995645 4902423
152.005031 4901689
152.030209 4900429
152.031722 4900400
152.037395 4899272
152.053994 4899154
152.083539 4883825
152.113344 4882651
152.120242 4881437
152.152961 4880321
152.163532 4856243
152.173691 4843901
152.192203 4832390
152.223803 4826902
152.515572 4823099
152.559592 4806472
155.433103 4805226
157.759595 4805148
161.403586 4802533
161.412340 4802296
161.429444 4801490
161.442542 4801413
161.445108 4800950
161.486284 4800134
161.495344 4799400
161.517832 4798113
161.521828 4797080
161.571646 4781536
161.599627 4777193
161.651769 4753954
161.661973 4741612
161.778123 4736161
162.015949 4723723
162.623550 4718444
162.634110 4713329
162.674861 4713123
164.111837 4706259
164.921466 4702937
170.890528 4700322
170.899250 4700085
170.907969 4698955
170.931927 4698739
170.973077 4697923
170.982146 4697189
170.994122 4696862
171.004659 4695902
171.008665 4694869
171.058562 4679325
171.086501 4674982
171.138579 4651743
171.148723 4639401
171.264707 4633950
171.502523 4621512
172.134921 4621009
172.157516 4610912
173.594582 4604048
179.116646 4603647
180.374230 4601032
180.382937 4600795
180.391657 4599665
180.415664 4599449
180.456840 4598633
180.465906 4597899
180.477876 4597572
180.488418 4596612
180.492421 4595579
180.542312 4580035
180.570249 4575692
180.622328 4552453
180.632488 4540111
180.674322 4539406
180.748460 4534660
180.986246 4522222
181.619105 4521719
181.641703 4511622
183.080038 4504758
189.882956 4502143
189.891687 4501906
189.895702 4500802
189.924460 4500560
189.965715 4499744
189.974817 4499010
189.978458 4496884
190.001415 4496690
190.051342 4481146
190.060434 4477642
190.131440 4453564
190.171835 4448167
190.183499 4440517
190.257839 4435771
190.496058 4423333
191.101907 4412403
193.612999 4410461
193.635628 4406022
199.381398 4403407
199.390124 4403170
199.394133 4402066
199.401791 4401621
199.417800 4401599
199.464120 4401008
199.473206 4400274
199.476865 4398148
199.484491 4397857
199.500503 4397739
199.549760 4382410
199.558855 4378906
199.629906 4354828
199.670288 4325487
200.622252 4324521
200.853246 4323218
206.385316 4314438
208.879424 4311823
208.888149 4311586
208.892155 4310482
208.899804 4310037
208.915832 4310015
208.962172 4309424
208.971271 4308690
208.974923 4306564
208.982579 4306273
208.998576 4306155
209.047801 4290826
209.056914 4287322
209.127983 4263244
209.178574 4257847
209.246678 4251713
209.458629 4246621
209.488830 4241331
209.502675 4233013
210.136151 4232510
216.221191 4217994
218.387447 4215379
218.396167 4215142
218.400168 4214038
218.407804 4213593
218.423834 4213571
218.470179 4212980
218.479270 4212246
218.482922 4210120
218.490582 4209829
218.506592 4209711
218.555823 4194382
218.564918 4190878
218.635979 4166800
218.679651 4137459
219.862998 4135190
225.808843 4134222
227.881470 4131607
227.890199 4131370
227.894213 4130266
227.901845 4129821
227.917859 4129799
227.964092 4129208
227.973178 4128474
227.976815 4126348
227.984447 4126057
228.000434 4125939
228.049612 4110610
228.058665 4107106
228.129698 4083028
228.193279 4077631
228.248183 4071497
228.459755 4066405
228.489929 4061115
228.516877 4052797
237.364950 4050182
237.367139 4048599
237.447506 4047783
237.449703 4045218
237.452266 4045196
237.453028 4044913
237.455570 4044852
237.532025 4037533
237.534649 4027409
237.561119 4025976
237.585453 4024842
237.619253 4017420
237.625235 4013325
237.643110 4004731
237.650965 3988556
237.674024 3980448
241.370122 3975446
246.868385 3972831
246.870578 3971248
246.901884 3971045
246.917921 3971023
246.951142 3970432
246.953333 3967867
246.955872 3967845
246.956607 3967562
246.959159 3967501
246.984545 3967281
247.000564 3967163
247.035197 3960182
247.037756 3950058
247.058792 3948330
247.119994 3940069
247.125822 3935974
247.136351 3927764
247.149812 3926019
247.166552 3925926
247.208428 3923628
247.240730 3921436
247.248383 3912721
248.094762 3909998
251.291204 3900907
256.359317 3898292
256.361522 3896709
256.443881 3895893
256.446156 3893328
256.448816 3893306
256.449577 3893023
256.452203 3892962
256.531090 3885643
256.533741 3875519
256.552963 3874086
256.577542 3872952
256.618722 3865530
256.624547 3861435
256.642353 3836666
256.664940 3828558
263.132582 3825565
265.866257 3822950
265.868443 3821367
265.940391 3821164
265.948802 3820551
265.950979 3817986
265.953528 3817964
265.954261 3817681
265.956814 3817620
266.022918 3817400
266.032753 3810301
266.035312 3800177
266.053816 3798744
266.097053 3798449
266.117439 3790188
266.123246 3786093
266.141045 3761324
266.159925 3745030
275.357101 3743620
275.359649 3743384
275.360745 3742603
275.362208 3742083
275.381119 3740607
275.439768 3739226
275.442331 3739189
275.443426 3738385
275.455737 3738054
275.463733 3736747
275.524200 3724720
275.525312 3724009
275.526768 3719722
275.564136 3719410
275.587834 3717914
275.687922 3690962
275.689026 3688747
275.727876 3688097
276.231905 3686052
276.242136 3682495
276.829828 3680542
277.981818 3680425
278.258282 3678036
280.329910 3676829
284.840079 3675419
284.842693 3675183
284.843792 3674402
284.845258 3673882
284.864534 3672672
284.893311 3672631
284.922830 3671025
284.925383 3670988
284.926477 3670184
284.938818 3669853
284.947185 3669156
284.979193 3668945
284.981762 3668884
285.007275 3656519
285.008371 3655808
285.009841 3651521
285.036691 3648874
285.170983 3622761
285.172082 3620546
285.200424 3619381
285.705257 3615759
285.726065 3614294
286.304076 3614104
287.467467 3612224
287.744110 3609835
294.333574 3608425
294.336163 3608189
294.337275 3607408
294.338737 3606888
294.358033 3605678
294.386830 3605637
294.416348 3604031
294.418895 3603994
294.419988 3603190
294.440712 3602162
294.472688 3601951
294.475256 3601890
294.500730 3589525
294.501842 3588814
294.503298 3584527
294.530157 3581880
294.664493 3555767
294.665601 3553552
294.693906 3552387
295.198285 3548765
295.219076 3547300
295.795882 3547110
296.958723 3545230
300.781044 3545059
303.835384 3543649
303.837953 3543413
303.839053 3542632
303.840512 3542112
303.859783 3540902
303.887472 3540861
303.918080 3539255
303.920624 3539218
303.921749 3538414
303.942466 3537386
303.964259 3536991
304.002512 3524749
304.003608 3524038
304.005081 3519751
304.031942 3517104
304.166241 3490991
304.167338 3488776
304.195682 3487611
304.721056 3482524
305.298304 3482334
305.315763 3480571
306.461535 3480454
308.559556 3479182
313.319334 3477772
313.321947 3477536
313.323046 3476755
313.324509 3476235
313.347748 3474984
313.402036 3473378
313.404581 3473341
313.405690 3472537
313.430401 3471603
313.432969 3471581
313.433704 3471298
313.436252 3471237
313.486532 3458872
313.487629 3458161
313.489103 3453874
313.514891 3453794
313.532345 3452066
313.650384 3425114
313.651481 3422899
314.159768 3418112
314.205332 3416647
316.750467 3416024
319.240081 3413734
322.806441 3412324
322.809010 3412088
322.810105 3411307
322.811562 3410787
322.834806 3409536
322.889120 3407930
322.891660 3407893
322.892757 3407089
322.917461 3406155
322.933860 3405666
322.973618 3393424
322.974715 3392713
322.976171 3388426
323.019092 3388114
323.027114 3387734
323.137520 3359666
323.138617 3357451
323.692178 3351199
326.236595 3350576
332.306923 3349166
332.309481 3348930
332.310578 3348149
332.312032 3347629
332.325831 3346519
332.341093 3346419
332.368760 3346378
332.389568 3344772
332.392106 3344735
332.393212 3343931
332.408435 3343090
332.423711 3342903
332.432442 3342692
332.434997 3342631
332.474027 3330266
332.475125 3329555
332.476579 3325268
332.513302 3322621
332.637700 3296508
332.638799 3294293
333.192191 3288041
334.942203 3285971
341.790071 3284561
341.792620 3284325
341.793732 3283544
341.795189 3283024
341.824243 3281814
341.851927 3281773
341.872696 3280167
341.875253 3280130
341.876348 3279326
341.906882 3278298
341.915625 3278087
341.918199 3278026
341.957194 3265661
341.958291 3264950
341.959746 3260663
341.996459 3258016
342.121728 3231903
342.122878 3229688
342.676209 3223436
346.402895 3223246
351.277683 3221836
351.280233 3221600
351.281335 3220819
351.282795 3220299
351.301345 3219048
351.360355 3217442
351.362906 3217405
351.364003 3216601
351.383961 3215667
351.400334 3215178
351.444743 3202936
351.445848 3202225
351.447305 3197938
351.485460 3197626
351.493463 3197246
351.608515 3169178
351.609634 3166963
352.163150 3160711
360.757779 3159301
360.769784 3158564
360.773797 3157859
360.785078 3156554
360.812720 3156513
360.840430 3154907
360.852416 3154312
360.867664 3153038
360.876409 3152827
360.878964 3152766
360.932108 3139787
360.935393 3138965
360.941577 3138344
360.958289 3132756
361.093504 3125979
361.097146 3123254
361.098962 3106534
363.525786 3104392
363.572647 3102230
370.235666 3100820
370.265840 3098032
370.318291 3096426
370.348446 3094651
370.364846 3094162
370.408952 3081306
370.437679 3080840
370.450070 3076610
370.458094 3076230
370.570642 3067498
370.574288 3064773
370.594260 3064451
370.595361 3059488
370.610635 3056813
370.622658 3048429
377.649031 3043043
379.714685 3041633
379.744815 3038845
379.797295 3037239
379.827431 3035464
379.856193 3035370
379.864960 3035159
379.867518 3035098
379.887897 3022119
379.916599 3021653
379.922438 3017735
379.945772 3015088
380.049476 3008311
380.053108 3005586
380.073062 3005264
380.074160 3000301
380.086514 2988866
389.211615 2985510
389.213821 2984884
389.224732 2984668
389.294320 2981858
389.306325 2980930
389.363860 2980921
389.378486 2975674
389.382126 2971714
389.425361 2966499
389.442121 2960911
389.707724 2954095
389.713895 2952926
389.714992 2948939
389.736450 2945191
389.760101 2938523
395.752539 2938464
395.761289 2937783
396.342050 2936066
398.624213 2935184
398.694249 2931828
398.696433 2931202
398.707348 2930986
398.776897 2928176
398.788857 2927248
398.846254 2927239
398.860824 2921992
398.864450 2918032
398.907660 2912817
398.924390 2907229
399.189780 2900413
399.195953 2899244
399.197063 2895257
399.218497 2891509
399.242158 2884841
405.249865 2884782
405.258659 2884101
405.838887 2882384
408.187294 2879028
408.189506 2878402
408.200413 2878186
408.269933 2875376
408.281918 2874448
408.312102 2874316
408.353972 2869192
408.357614 2865232
408.397209 2856764
408.405223 2856384
408.680079 2854876
408.683361 2847613
408.689548 2846444
408.690645 2842457
408.712072 2838709
408.723370 2835589
412.230157 2834541
413.979353 2828220
417.681619 2824864
417.683809 2824238
417.694741 2824022
417.764250 2821212
417.776240 2820284
417.818061 2820275
417.848306 2815028
417.851957 2811068
417.879573 2805853
417.896368 2800265
418.177539 2793449
418.183727 2792280
418.184846 2788293
418.214308 2777877
425.159041 2776691
427.173333 2773335
427.175518 2772709
427.186415 2772493
427.255977 2769683
427.267958 2768755
427.309852 2768746
427.340055 2763499
427.343710 2759539
427.371293 2754324
427.665519 2749183
427.668799 2741920
427.674976 2740751
427.676071 2736764
427.706245 2729896
434.554683 2727174
436.673508 2723818
436.675696 2723192
436.686629 2722976
436.756154 2720166
436.768139 2719238
436.805259 2719106
436.840193 2713982
436.843830 2710022
436.871444 2704807
436.897647 2699219
437.169192 2692403
437.175369 2691234
437.176466 2687247
437.927512 2681652
439.603301 2681564
440.721768 2679331
446.146059 2677663
446.169669 2674307
446.171856 2673681
446.182795 2673465
446.252350 2670655
446.264336 2669727
446.301443 2669595
446.336373 2664471
446.340017 2660511
446.367611 2655296
446.393859 2649708
446.665556 2642892
446.671731 2641723
446.672841 2637736
447.423759 2632141
449.099179 2632053
450.211420 2629820
455.654529 2626464
455.656715 2625838
455.667599 2625622
455.737073 2622812
455.749045 2621884
455.786102 2621752
455.821087 2616628
455.824709 2612668
455.878505 2601865
456.150076 2595049
456.156251 2593880
456.157358 2589893
456.907543 2584298
458.583634 2584210
465.139017 2580854
465.141274 2580228
465.186852 2580012
465.221862 2577202
465.269593 2576631
465.271060 2576142
465.306043 2571018
465.309724 2567058
465.337304 2561843
465.363497 2556255
465.635349 2549439
465.677197 2545220
466.353339 2543204
466.393714 2538688
474.637717 2535332
474.639908 2534706
474.647550 2534490
474.720785 2531680
474.726594 2530804
474.729514 2530752
474.804881 2525496
474.812499 2523629
474.854300 2517298
474.862310 2510733
475.134032 2503888
475.136955 2502748
475.138051 2498761
476.834783 2498577
476.846782 2497933
476.897748 2493599
482.785890 2492541
484.146209 2489185
484.148394 2488559
484.156024 2488343
484.228742 2485533
484.234577 2484657
484.237505 2484605
484.281131 2484438
484.312860 2479349
484.320470 2477482
484.362658 2473620
484.364125 2473404
484.638615 2465033
484.641894 2457741
484.644814 2456601
484.645911 2452614
484.690295 2448958
484.705615 2445746
493.644580 2441988
493.688267 2441548
493.754861 2439998
493.770906 2438167
493.772371 2437678
493.808446 2424725
493.838606 2423379
494.922628 2421750
494.931729 2414241
494.952073 2407631
496.614936 2403804
497.674663 2402198
503.127851 2398440
503.129696 2398141
503.171536 2398000
503.212307 2394712
503.254182 2394619
503.255648 2394130
503.291703 2381177
504.394790 2379872
504.405312 2378202
504.434721 2364083
507.001902 2362232
507.473446 2360054
510.974850 2359562
512.642943 2355804
512.644795 2355505
512.686665 2355364
512.727412 2352076
512.769280 2351983
512.770750 2351494
512.806826 2338541
513.911100 2337236
513.921655 2335566
513.951814 2334812
513.966404 2331174
514.377599 2327463
514.451858 2326703
514.496679 2325078
516.197223 2322145
516.240816 2322086
516.499715 2319596
516.971295 2317418
522.132490 2313660
522.134399 2313361
522.176303 2313220
522.217007 2309932
522.258895 2309839
522.260361 2309350
522.296404 2296397
523.400641 2295092
523.411479 2293422
523.442483 2292668
523.457498 2289030
523.867913 2285319
523.942187 2284559
523.986923 2282934
525.096560 2275476
531.625019 2275371
531.625763 2274981
531.626140 2272022
531.662947 2271278
531.708691 2267373
531.789922 2253109
532.903326 2246490
532.905176 2244095
533.358505 2243974
533.432741 2242020
533.470990 2240992
536.086506 2235172
536.561988 2230387
541.109235 2230282
541.109979 2229892
541.110356 2227656
541.111093 2227101
541.112193 2226189
541.193643 2222451
541.233627 2222422
541.273973 2208020
542.387182 2204814
542.394462 2196154
545.873339 2194808
548.000665 2194585
550.588528 2194480
550.589288 2194090
550.589664 2191854
550.590400 2191299
550.591495 2190387
550.672901 2186649
550.712867 2186620
550.753188 2172218
551.866116 2169012
551.873391 2160352
555.350256 2157633
555.628666 2157109
559.445613 2156596
560.096597 2156491
560.097347 2156101
560.097724 2153865
560.098460 2153310
560.099560 2152398
560.181031 2148660
560.261398 2134229
561.374591 2131023
561.381873 2122363
564.842238 2119644
565.120809 2119120
569.572493 2119015
569.573249 2118625
569.573624 2116389
569.575447 2115362
569.588550 2114922
569.670991 2111541
569.707008 2111236
569.737142 2096753
570.865310 2096682
570.888219 2093269
570.899149 2090233
571.416919 2088904
574.011616 2078816
579.066732 2078342
579.068201 2076239
579.069676 2074759
579.075860 2074618
579.155016 2071330
579.161459 2071237
579.197910 2070932
579.234998 2059679
579.266327 2057426
580.324640 2056490
580.341010 2044583
586.072662 2044063
587.389828 2042837
588.569842 2042363
588.571311 2040260
588.572790 2038780
588.578978 2038639
588.655259 2035351
588.661466 2035258
588.678202 2034872
588.734566 2023700
588.763665 2022500
589.823962 2020511
589.840298 2008604
595.495861 2007515
598.059358 2007041
598.060847 2004938
598.062307 2003458
598.144929 2000029
598.167848 1999550
598.224222 1988378
598.253331 1987178
599.313528 1985189
599.329852 1973282
