0.001403 7051311
0.001862 7037385
0.004798 7028475
0.011750 7021496
0.014313 7005121
0.054925 7002136
0.250303 6997560
0.260154 6966871
0.260894 6962821
0.268174 6962476
0.319718 6958934
0.400075 6951802
2.704497 6910855
5.901482 6900514
6.821310 6869594
9.547077 6862008
9.547501 6848082
9.550433 6839172
9.557374 6832193
9.559939 6815818
9.589553 6815672
9.600509 6812833
9.795854 6808257
9.805716 6777568
9.806458 6773518
9.813733 6773173
9.865218 6769631
9.945652 6762499
12.248584 6721552
15.422478 6711211
19.066963 6703625
19.067392 6689699
19.070312 6680789
19.077239 6673810
19.079796 6657435
19.109328 6657289
19.120273 6654450
19.315802 6649874
19.325627 6619185
19.326363 6615135
19.333671 6614790
19.385168 6611248
19.466495 6604116
21.769556 6563169
26.175565 6555697
28.593033 6548111
28.593419 6534185
28.596346 6525275
28.603260 6518296
28.605826 6501921
28.666459 6499479
28.841702 6494360
28.851576 6463671
28.852318 6459621
28.859598 6459276
28.910963 6455734
28.991179 6448602
31.290607 6407655
35.781333 6397501
38.120070 6389915
38.120458 6375989
38.123372 6367079
38.130285 6360100
38.132846 6343725
38.163839 6340070
38.368743 6336164
38.378620 6305475
38.379361 6301425
38.386653 6301080
38.438060 6297538
38.518241 6290406
40.819895 6249459
47.629070 6241873
47.629457 6227947
47.632371 6219037
47.639274 6212058
47.644017 6198584
47.647288 6193902
47.672826 6192028
47.877202 6188122
47.887003 6157433
47.894653 6155740
47.946383 6149496
48.026446 6142364
51.607380 6121039
51.733211 6101828
57.149864 6094242
57.150247 6080316
57.153182 6071406
57.160085 6064427
57.164814 6050953
57.168104 6046271
57.193623 6044397
57.398288 6040491
57.408118 6009802
57.415756 6008109
57.467515 6001865
57.547656 5994733
61.715841 5964466
66.654753 5956880
66.655135 5942954
66.658061 5934044
66.664985 5927065
66.669724 5913591
66.672997 5908909
66.728010 5908248
66.902842 5903129
66.912686 5872440
66.920338 5870747
66.972125 5864503
67.052314 5857371
71.281280 5847842
74.243203 5833234
74.268633 5828357
76.162467 5820771
76.162846 5806845
76.165774 5797935
76.172721 5790956
76.177464 5777482
76.180752 5772800
76.239957 5772574
76.244341 5772564
76.410996 5767020
76.420888 5736331
76.428523 5734638
76.457644 5731686
76.459480 5717850
80.803700 5711733
81.196982 5703353
85.484086 5695796
85.673593 5688210
85.673969 5674284
85.676895 5665374
85.683816 5658395
85.688558 5644921
85.691852 5640239
85.751023 5640013
85.755425 5640003
85.922270 5634459
85.932108 5603770
85.939741 5602077
85.968894 5599125
85.970727 5585289
90.703166 5570792
95.191857 5563206
95.192249 5549280
95.195168 5540370
95.202163 5533391
95.206906 5519917
95.210191 5515235
95.231131 5514574
95.234071 5513361
95.441135 5509455
95.450963 5478766
95.458645 5477073
95.476164 5470829
95.556732 5463697
99.855579 5461242
104.736357 5453656
104.736743 5439730
104.739666 5430820
104.746566 5423841
104.751297 5410367
104.754581 5405685
104.775361 5405024
104.778289 5403811
104.984679 5399905
104.994502 5369216
105.002141 5367523
105.019611 5361279
108.725045 5354896
109.197900 5354555
114.257348 5346969
114.257736 5333043
114.260671 5324133
114.267600 5317154
114.272353 5303680
114.275646 5298998
114.334799 5298772
114.339190 5298762
114.506343 5293218
114.516225 5262529
114.524003 5260836
114.565460 5257884
114.647685 5256109
118.268997 5250724
119.190933 5249835
123.771344 5248448
123.780862 5240862
123.781237 5226936
123.784168 5218026
123.791088 5211047
123.795835 5197573
123.799109 5192891
123.858195 5192665
123.862604 5192655
124.029286 5187111
124.039183 5156422
124.046830 5154729
124.088094 5151777
124.170384 5150002
127.798730 5144617
128.721905 5143728
133.304301 5136142
133.304687 5122216
133.307619 5113306
133.314526 5106327
133.319261 5092853
133.322570 5088171
133.345329 5087510
133.348252 5086297
133.553650 5082391
133.563482 5051702
133.571127 5050009
133.590428 5043765
137.293406 5037382
142.819792 5029796
142.820178 5015870
142.823085 5006960
142.830009 4999981
142.834737 4986507
142.838029 4981825
142.860589 4981164
142.863508 4979951
143.069184 4976045
143.079023 4945356
143.188152 4942435
144.490286 4941502
151.195412 4939989
152.355868 4932403
152.356253 4918477
152.359160 4909567
152.366086 4902588
152.370807 4889114
152.374088 4884432
152.396683 4883771
152.399611 4882558
152.603982 4878652
152.613783 4847963
152.674559 4846571
152.722575 4845042
154.020949 4844109
159.082464 4835294
161.872749 4827708
161.873131 4813782
161.876048 4804872
161.882976 4797893
161.887728 4784419
161.891019 4779737
161.912130 4778533
162.120940 4773957
162.130751 4743268
162.190170 4738623
171.406444 4733197
171.409084 4682405
171.412013 4681192
171.769544 4677696
171.998984 4659041
172.044123 4657787
172.058388 4655688
172.059493 4650753
180.505157 4646048
180.523392 4641828
180.937074 4636402
180.939657 4585610
180.942578 4584397
181.299912 4580901
181.527478 4562246
181.573479 4558738
187.889377 4552689
190.011478 4550240
190.457087 4544814
190.459651 4494022
190.462563 4492809
190.820681 4489313
191.048468 4470658
191.095228 4467981
197.316523 4467393
197.419276 4461101
199.988770 4455675
199.991336 4404883
199.994255 4403670
200.352290 4400174
200.580764 4381519
200.610004 4378011
209.517128 4372585
209.520794 4341192
209.521534 4323013
209.536157 4321250
209.862440 4318454
210.426832 4313191
210.447175 4310404
210.730290 4310371
210.888807 4309040
211.010860 4302247
212.330942 4295164
219.042554 4289738
219.046227 4258345
219.046968 4240166
219.061229 4238946
219.064168 4237733
219.422334 4234237
219.969520 4216228
228.585694 4210802
228.594888 4195845
228.597449 4195121
228.598554 4163348
228.602938 4163251
228.620092 4160445
228.667698 4160435
228.966616 4155301
230.784060 4140832
233.441489 4137362
238.133167 4131936
238.142290 4116979
238.144862 4116255
238.145962 4084482
238.150345 4084385
238.164926 4082364
238.194093 4081805
238.214975 4081569
238.512492 4076435
240.325767 4061966
247.652917 4056540
247.662418 4043023
247.665714 4009086
247.670099 4008989
247.684695 4006968
247.713995 4006409
247.734843 4006173
248.032823 4001039
250.306843 4000491
250.562970 4000128
252.856426 3999588
252.912773 3997019
253.653013 3993138
253.792624 3992995
253.846109 3987485
257.193898 3982059
257.203405 3968542
257.206692 3934605
257.211094 3934508
257.225719 3932487
257.254942 3931928
257.275782 3931692
257.573160 3926558
260.056430 3926105
260.091855 3925647
262.379703 3925107
262.436087 3922538
263.177299 3918657
263.857137 3917771
264.700634 3914571
266.710491 3909145
266.720025 3895628
266.723301 3861691
266.727697 3861594
266.742335 3859573
266.772042 3857810
267.098497 3855014
269.619325 3852733
271.920993 3851010
271.977133 3848720
272.744331 3846931
276.249954 3841505
276.259554 3827988
276.262899 3794051
276.267319 3793954
276.316930 3791374
276.639259 3786004
278.952690 3785456
280.440671 3784214
281.524839 3781984
285.807580 3776558
285.817062 3763041
285.820382 3729104
285.824781 3729007
285.837651 3725223
288.504254 3720509
291.617302 3719821
294.744261 3718892
295.352330 3713466
295.361845 3699949
295.365130 3666012
295.369530 3665915
295.382325 3662131
298.051112 3660223
299.012041 3660156
301.148693 3657509
301.159641 3656729
301.181539 3655423
304.897600 3649997
304.907112 3636480
304.910408 3602543
304.914815 3602446
304.927994 3599866
307.575406 3596050
309.105583 3592706
314.460854 3587280
314.470338 3573763
314.473640 3539826
314.478012 3539729
314.835887 3531779
323.007088 3530710
323.999616 3525284
324.009141 3511767
324.012434 3477830
324.016871 3477733
324.373619 3469783
333.552357 3464357
333.553483 3459194
333.554220 3427406
333.556428 3414226
333.580821 3412352
335.671111 3412225
335.818765 3410954
343.024305 3410314
343.124588 3404888
343.125696 3399725
343.126433 3367937
343.128630 3354757
343.153029 3352883
345.251022 3352756
352.695683 3347330
352.696867 3342167
352.697613 3310379
352.699812 3297199
355.428001 3296968
355.670984 3293975
362.234313 3288549
362.235438 3283386
362.236180 3251598
362.238369 3238418
362.276016 3236544
371.802450 3236109
371.833545 3236032
371.861713 3235924
371.862455 3235415
371.879293 3234785
371.880411 3229979
371.880783 3210694
371.883328 3201088
371.885887 3196345
371.908896 3189216
371.926164 3186205
374.738995 3184531
375.081215 3182306
377.429982 3180756
378.503893 3180255
381.363132 3179820
381.399308 3178230
381.441046 3173690
381.441421 3154405
381.443985 3144799
381.446532 3140056
381.469467 3132927
381.483678 3132085
381.513756 3130081
382.846985 3124612
390.975342 3124192
391.002833 3123557
391.004693 3118047
391.005067 3098762
391.007627 3089156
391.014542 3075893
391.077245 3074438
392.554797 3073813
392.583404 3072296
395.037083 3070341
396.737081 3068824
400.489075 3068204
400.522025 3067769
400.523890 3062259
400.524279 3042974
400.526881 3033368
400.533841 3020105
400.596903 3018650
402.911753 3016935
407.421399 3013277
410.037960 3012657
410.071007 3012222
410.072858 3006712
410.073232 2987427
410.075799 2977821
410.082705 2964558
410.145619 2963103
412.463980 2961388
418.980939 2960623
419.168311 2960085
419.589777 2959465
419.622642 2959030
419.624495 2953520
419.624868 2934235
419.627411 2924629
419.634322 2911366
419.696954 2909911
422.019248 2908196
429.109238 2907776
429.140709 2906171
429.157942 2901631
429.158318 2882346
429.160877 2872740
429.182779 2869966
429.184300 2861313
429.225169 2860026
429.371781 2858036
430.687187 2857397
431.881250 2856570
438.653402 2855950
438.690035 2854545
438.707253 2850005
438.707639 2830720
438.710189 2821114
438.737560 2816371
438.774523 2808400
440.253509 2808018
445.677594 2805673
448.186973 2805053
448.238815 2804618
448.240666 2799108
448.241041 2779823
448.243605 2770217
448.270966 2765474
448.550014 2764160
449.095172 2763990
449.169025 2763671
449.181549 2760537
449.785788 2759445
449.787260 2757121
454.968907 2757087
457.718404 2756467
457.770309 2756032
457.772162 2750522
457.772536 2731237
457.775081 2721631
457.802372 2716888
457.817348 2713785
458.708749 2711170
459.490139 2709188
467.257810 2707163
467.323254 2702623
467.323645 2683338
467.326220 2673732
467.359482 2662453
467.544182 2659028
476.822491 2658408
476.889705 2657973
476.902106 2635212
476.902481 2631680
476.906858 2618829
476.921814 2615726
479.703778 2614013
481.616107 2613892
482.715091 2611658
483.349496 2610476
486.364285 2609856
486.396812 2608451
486.443669 2586660
486.444058 2583128
486.448460 2570277
486.463376 2567174
489.242808 2565461
491.150641 2565340
495.780636 2563533
495.901920 2562913
495.934426 2561508
495.981145 2539717
495.981525 2536185
495.985905 2523334
496.000844 2520231
498.788755 2518518
500.700079 2518397
505.455839 2517777
505.522742 2517342
505.535195 2494581
505.535595 2491049
505.539969 2478198
507.939109 2477648
508.321605 2476777
508.338062 2473382
513.473018 2473203
514.998965 2472583
515.065890 2472148
515.078325 2449387
515.078702 2445855
515.083078 2433004
517.479372 2432454
517.861557 2430003
524.549835 2427978
524.612151 2406187
524.612542 2402655
524.617406 2386701
524.643974 2383268
534.122760 2382848
534.157146 2382213
534.165537 2381888
534.167362 2379117
534.205659 2377963
534.248850 2369686
534.251773 2367117
534.262296 2365064
534.271921 2358485
534.328918 2349645
534.334372 2342165
536.634075 2341608
536.671700 2341589
536.675740 2340833
539.161942 2340587
543.631259 2339967
543.681998 2339532
543.690421 2339207
543.692270 2336436
543.774244 2327005
543.777185 2324436
543.787788 2322383
543.798369 2320658
543.820792 2317790
543.854346 2306964
543.859843 2299484
546.150608 2298927
546.192249 2298152
553.159360 2297732
553.206219 2297097
553.214615 2296772
553.216451 2294001
553.242392 2292847
553.298330 2284570
553.301261 2282001
553.308925 2273369
553.338048 2264221
553.410571 2263492
553.437238 2259177
559.873694 2257848
560.881576 2255031
562.690327 2254611
562.737156 2253976
562.745535 2253651
562.747391 2250880
562.773512 2249726
562.829082 2241449
562.832010 2238880
562.839656 2230248
562.908947 2221408
562.941365 2220371
562.970573 2218942
564.161699 2217953
564.263301 2217453
569.430565 2214727
569.547001 2214466
569.551402 2213037
572.248693 2212617
572.295477 2211982
572.303874 2211657
572.305700 2208886
572.331775 2207732
572.387321 2199455
572.390244 2196886
572.397900 2188254
572.467591 2179414
572.512042 2174062
579.754047 2171524
581.786943 2171104
581.833695 2170469
581.842082 2170144
581.843926 2167373
581.869782 2166219
581.925347 2157942
581.928271 2155373
581.935947 2146741
582.005514 2137901
583.362151 2133946
588.524635 2133871
588.532735 2131220
591.345534 2130800
591.392375 2130165
591.400792 2129840
591.402619 2127069
591.428572 2125915
591.484545 2117638
591.487465 2115069
591.495103 2106437
591.565253 2097597
591.605083 2095131
592.799727 2094142
592.922942 2093642
598.995078 2092475
