0.000678 5715530
0.000978 5605106
0.001360 5592470
0.001541 5506031
0.002481 5471713
0.002839 5458743
0.003018 5440555
0.003376 5427994
0.003730 5419013
0.004985 5329923
0.005514 5297735
0.006561 5270408
0.007086 5226816
0.007787 5183228
0.007965 5093971
0.008662 5046437
0.008853 5040746
0.009030 5027311
0.009206 4986234
0.010076 4978789
0.010601 4977549
0.010779 4966437
0.011130 4899895
0.011658 4827711
0.012530 4783759
0.013078 4767579
0.013602 4754343
0.015165 4734131
0.016747 4685379
0.017968 4609392
0.019872 4592109
0.020770 4582484
0.021470 4579176
0.021822 4572430
0.022172 4571345
0.022696 4536668
0.022874 4460292
0.023050 4433769
0.024090 4406363
0.025141 4389153
0.026801 4354172
0.027268 4338900
0.027990 4336132
0.028219 4219410
0.030106 4210729
0.030517 4206332
0.031779 4196146
0.031959 4180714
0.032310 4164861
0.034593 4116150
0.035117 4112414
0.037778 4039991
0.038648 4002064
0.039690 3985269
0.039868 3936459
0.040389 3926798
0.040568 3913923
0.040944 3913696
0.041992 3902105
0.042520 3888865
0.043740 3869042
0.046001 3841729
0.048082 3818178
0.048438 3811717
0.048981 3741031
0.049507 3688607
0.050205 3679363
0.051421 3677690
0.052830 3656073
0.055609 3603571
0.057031 3592245
0.058077 3585525
0.058953 3557443
0.059133 3546692
0.061393 3543781
0.069366 3528615
0.072307 3496527
0.075606 3463372
0.075961 3451458
0.077533 3446099
0.083937 3445458
0.085190 3437219
0.091093 3414319
0.091969 3388487
0.092861 3388002
0.096549 3350258
0.098649 3321520
0.098831 3316819
0.100561 3289649
0.101797 3273516
0.102495 3265021
0.104569 3226746
0.119488 3203525
0.123551 3188015
0.126184 3174264
0.126716 3149353
0.131071 3133576
0.131770 3132232
0.134902 3098572
0.158140 3082045
0.158457 3080116
0.160755 3057010
0.165666 3036363
0.169674 3016864
0.171242 2991340
0.171597 2985747
0.173719 2979292
0.226706 2969975
0.228453 2955948
0.230208 2900920
0.231600 2898206
0.233357 2895230
0.236307 2869842
0.238574 2867745
0.259030 2865463
0.259221 2839033
0.265827 2823819
0.267565 2823404
0.270909 2812863
0.272652 2809413
0.273881 2801114
0.282358 2798165
0.283072 2797081
0.287427 2744774
0.288302 2742676
0.288656 2729122
0.289545 2720509
0.297726 2719213
0.298774 2700321
0.300685 2647220
0.303656 2644671
0.307474 2627212
0.317192 2624320
0.319276 2613085
0.320494 2607021
0.320675 2603552
0.322081 2601656
0.335577 2601491
0.342682 2594385
0.355859 2569641
0.356044 2560055
0.440244 2548371
0.442011 2527933
0.442541 2527724
0.452250 2526866
0.455387 2521931
0.473456 2518804
0.473641 2504300
0.476776 2475872
0.477306 2449573
0.478007 2442788
0.478531 2437970
0.563990 2424873
0.564176 2419741
0.916533 2407579
0.945626 2390540
0.955497 2388215
0.957609 2380593
0.959687 2374862
1.031882 2373475
1.032953 2359728
2.579596 2356713
2.580923 2331138
2.581833 2331095
2.583634 2328327
2.585997 2323967
2.589075 2319528
2.589442 2290357
2.593593 2280274
4.864577 2276990
5.289868 2261937
5.294049 2230536
5.294241 2211541
5.311901 2207571
5.416275 2200063
5.416462 2198886
5.417928 2168427
5.418844 2168141
5.445478 2163060
5.447285 2141068
5.499322 2097183
5.502776 2091962
5.507122 2083562
5.544148 2080970
5.544517 2070830
8.219394 2068502
8.228824 2034305
8.230283 2032997
8.233734 2031430
8.236625 2022261
8.237547 1977355
8.261008 1971890
8.909144 1970479
8.909332 1959690
8.912962 1947938
8.919614 1913621
9.906376 1906003
9.906565 1896583
9.907111 1894948
9.908017 1869882
9.921937 1869679
9.922124 1869159
9.922489 1858926
11.069547 1835995
11.128953 1826317
11.132773 1822048
12.229098 1818810
12.230921 1818329
12.768880 1817552
12.771416 1814538
12.773239 1808052
13.133628 1790376
13.139045 1772114
13.155456 1770831
14.709590 1746519
14.722017 1733486
14.851247 1723910
14.856126 1713777
15.145485 1696062
15.151452 1689018
15.155246 1686411
15.161055 1662431
15.162504 1662251
15.369137 1656955
15.372384 1653364
15.375105 1652659
15.379459 1638331
15.384152 1637219
15.389766 1635147
15.390673 1635069
15.632264 1626265
15.633024 1621394
15.633575 1614026
15.637738 1603400
15.648391 1567247
15.984859 1558972
15.986675 1533917
16.021810 1511559
16.084926 1490626
16.086211 1477147
16.088767 1468746
16.096677 1467032
16.096878 1456295
19.303968 1452895
19.305795 1447718
19.346868 1426066
19.353399 1420226
19.373939 1419891
19.374309 1414946
19.376854 1411951
19.377762 1410145
19.426364 1409438
19.447131 1408488
19.456503 1394519
19.459222 1386162
19.954993 1378479
19.966554 1365216
20.005524 1364385
20.007868 1362422
20.036947 1351197
20.039837 1349890
20.044357 1348661
20.057002 1348183
20.059523 1347907
20.060433 1347271
20.064409 1345822
20.097675 1336824
20.198388 1336669
20.200601 1326931
20.202069 1326840
20.348405 1319754
21.645400 1313378
21.649564 1307372
21.650292 1295567
21.653920 1290910
21.661507 1279938
22.606744 1276400
24.599650 1273174
24.600207 1260202
24.606363 1245633
24.610532 1244379
24.619043 1241875
24.637297 1229611
24.637666 1219433
24.640193 1209170
24.642368 1195728
24.674199 1195367
24.695296 1193552
24.696205 1192852
24.712810 1190757
24.722564 1183443
24.727461 1182650
25.125589 1178623
25.189342 1172350
25.194927 1165694
27.104251 1161216
28.381056 1160641
28.393894 1158928
28.405815 1149553
28.564451 1147832
28.591870 1141840
28.669366 1141537
28.681449 1133160
28.732507 1131928
28.969301 1127850
28.969879 1127130
28.972135 1123782
28.988359 1118244
28.991774 1118237
29.005553 1117758
29.013858 1098873
29.031430 1078060
29.041421 1075262
29.164004 1064133
29.608742 1055102
30.962914 1053822
34.133343 1049814
34.138942 1046479
34.404913 1034606
34.434140 1031286
34.445132 1030716
34.710188 1026148
35.715949 1019960
35.717290 1018088
35.836810 1014807
35.861127 999221
35.945982 996241
35.957170 994994
35.989427 976506
35.990339 975312
35.995583 975272
39.043081 971702
39.044918 970523
39.045829 969980
39.065874 969578
39.119816 967643
39.132471 966357
39.384517 965125
39.724848 964874
39.771520 964541
39.779463 961677
39.799284 954297
39.808451 952082
39.819475 951604
39.853852 951231
40.127915 944226
40.259199 942342
40.293291 941096
40.404904 938095
40.622800 932790
40.657788 932394
40.683018 931952
40.709878 929092
40.820611 926542
41.049519 923291
41.648189 920966
41.661185 918529
42.532808 910621
43.762610 906562
44.257406 906360
44.325445 906321
44.437011 903532
47.455569 901949
47.463884 901525
47.465891 899851
47.489867 898470
47.491490 887388
48.315336 881388
49.760397 879866
49.955425 877160
50.901981 877116
50.963664 876373
51.141048 874796
51.154592 873612
51.374173 873572
51.893443 871954
52.150869 870626
52.285225 868764
52.311807 860170
52.496559 858559
52.775510 858287
53.621810 857813
55.580610 854527
59.530191 854355
59.612681 853893
60.050965 853055
60.120556 852118
60.826731 851853
60.835221 851266
60.846944 849072
61.023008 849064
61.137142 847722
61.242281 845316
61.476269 845276
61.908333 842757
65.159563 841192
65.647252 840787
65.817133 840747
65.850642 840393
65.865844 840353
66.218994 839067
69.664567 837413
69.917939 837196
70.023101 835585
73.128551 834975
74.319625 833521
74.442507 833059
75.996272 832384
76.105706 830433
76.267239 826212
76.337183 825433
77.368142 825216
80.017617 824952
80.246608 824490
80.592728 823652
86.791031 823612
92.923996 822765
93.283267 822548
98.359443 822509
