0.001958 6007573
0.002152 5982950
0.004359 5979853
0.009610 5969629
0.017059 5946586
0.024161 5933413
0.025043 5913465
0.025732 5906945
0.029332 5896834
0.189348 5868778
0.193586 5867763
0.197472 5860159
0.215935 5813960
0.608277 5796915
0.805346 5789409
0.805531 5764786
0.807731 5761689
0.812926 5751465
0.820388 5728422
0.827268 5715249
0.828792 5688781
0.832341 5678670
0.990329 5650614
0.994372 5650600
0.998421 5641995
1.014128 5595796
1.418295 5590619
1.603375 5583113
1.603557 5558490
1.605734 5555393
1.611618 5540034
1.618345 5522126
1.625214 5508953
1.627239 5473243
1.788097 5444318
1.793487 5434378
1.807792 5379625
2.278889 5373756
2.400841 5366250
2.401024 5341627
2.403240 5338530
2.410138 5328306
2.415955 5305263
2.422761 5292090
2.424735 5256380
2.580330 5227455
2.585741 5217515
2.639077 5216711
2.646520 5202445
2.767967 5182821
3.202698 5175315
3.202884 5150692
3.205086 5147595
3.208464 5141445
3.212007 5137371
3.217889 5114328
3.222179 5101743
3.222917 5065542
3.390484 5064064
3.392047 5036471
3.414572 5026675
3.456055 5011510
3.629386 5010220
4.008582 5002714
4.008767 4978091
4.010986 4974994
4.013515 4959635
4.023697 4941727
4.027915 4929142
4.028431 4906569
4.031308 4904681
4.199468 4843610
4.814368 4836104
4.814950 4824938
4.816988 4819951
4.817515 4814206
4.818201 4808070
4.819407 4793025
4.829540 4775117
4.832078 4726234
5.033941 4722354
5.230669 4707614
5.235384 4694306
5.293242 4690494
5.355438 4688544
5.414761 4677686
5.614811 4670180
5.615346 4659014
5.617371 4654027
5.617885 4648282
5.618565 4642146
5.619767 4627101
5.629911 4609193
5.632455 4560310
5.905413 4542126
6.034248 4541690
6.037868 4520641
6.426987 4513135
6.427633 4501969
6.429660 4496982
6.430180 4491237
6.435441 4479265
6.439047 4475191
6.442317 4452148
6.444873 4403265
6.717507 4385081
6.975081 4383410
7.087488 4377084
7.090701 4364051
7.233157 4356545
7.233696 4345379
7.235745 4340392
7.236262 4334647
7.241039 4331759
7.244618 4331377
7.247855 4329140
7.248370 4295558
7.250955 4246675
7.457798 4242795
7.781626 4235192
7.788033 4231786
7.850031 4210024
7.992546 4209549
8.046900 4202043
8.047436 4190877
8.049457 4185890
8.049972 4180145
8.054692 4177257
8.058097 4168173
8.062014 4141056
8.064566 4092173
8.268055 4088293
8.588775 4085864
8.592914 4077284
8.597200 4072318
8.654219 4055522
8.851941 4048016
8.852477 4036850
8.854511 4031863
8.855042 4026118
8.859118 4010072
8.867126 3987029
8.869663 3938146
9.137519 3919962
9.399967 3918291
9.478296 3918017
9.655611 3910511
9.656159 3899345
9.658206 3894358
9.658726 3888613
9.663692 3886359
9.665399 3885343
9.670352 3883106
9.670874 3849524
9.673473 3800641
10.195739 3789158
10.203875 3783105
10.401312 3782583
10.464502 3775077
10.465027 3763911
10.467086 3758924
10.467619 3753179
10.472550 3750925
10.474273 3749909
10.479246 3747672
10.479766 3714090
10.482359 3665207
11.008158 3653724
11.016470 3647671
11.278811 3640165
11.279350 3628999
11.281378 3624012
11.281896 3618267
11.286451 3597086
11.293910 3579178
11.296455 3530295
11.815081 3518812
12.080880 3511306
12.081404 3500140
12.083443 3495153
12.083962 3489408
12.087024 3488677
12.090596 3486138
12.095551 3483901
12.096071 3450319
12.098594 3401436
12.892185 3389360
12.892592 3382448
12.896161 3377777
12.896686 3372032
12.899743 3371301
12.903306 3368762
12.908237 3366525
12.940966 3301651
13.400445 3285056
13.702194 3272980
13.702711 3266068
13.706297 3261397
13.706820 3255652
13.713304 3234471
13.751343 3185271
14.020445 3183136
14.517312 3171060
14.517748 3164148
14.521485 3158578
14.524038 3150462
14.533418 3148225
14.544580 3147528
14.566142 3083351
14.879699 3072907
15.322739 3060831
15.323129 3053919
15.329683 3052254
15.331229 3049248
15.331749 3043503
15.338746 3037996
15.371559 2973122
16.126594 2963768
16.130352 2963017
16.133416 2952469
16.134973 2949463
16.135494 2943718
16.142472 2938211
16.194152 2929847
16.202643 2908628
16.297389 2898304
16.369181 2878107
16.929191 2868753
16.931760 2853549
16.934311 2845433
16.945191 2843196
16.955070 2842499
16.998596 2837276
17.002535 2833050
17.004074 2829031
17.007177 2813486
17.222515 2807549
17.255945 2805198
17.334279 2796618
17.646540 2787948
17.727817 2778594
17.730361 2763390
17.732966 2755274
17.743674 2753037
17.753501 2752340
17.797008 2747117
17.800945 2742891
17.894291 2740609
17.900005 2735515
17.909537 2731199
17.942382 2724738
18.007051 2720546
18.017861 2717390
18.052276 2715039
18.175657 2708660
18.383392 2707829
18.423757 2704126
18.534710 2694772
18.537271 2679568
18.539828 2671452
18.550600 2669215
18.560409 2668518
18.603947 2663295
18.607833 2659069
18.708493 2651693
18.718000 2647377
18.751406 2640916
18.815496 2636724
18.826336 2633568
18.860701 2631217
18.938309 2622637
18.984157 2620237
19.345028 2610883
19.347588 2595679
19.352322 2590833
19.360838 2585326
19.415913 2584999
19.416790 2581259
19.420086 2555743
19.628275 2552835
19.676086 2550843
19.678512 2544453
20.156694 2535099
20.159261 2519895
20.172508 2509542
20.178768 2508845
20.226881 2499396
20.232067 2479959
20.471246 2477051
20.478625 2473895
20.681402 2472449
20.995605 2463095
20.998162 2447891
21.011402 2437538
21.069508 2437211
21.120276 2432776
21.166763 2420016
21.176111 2415700
21.208656 2409239
21.272788 2405047
21.607235 2404461
21.795514 2395107
21.798043 2379903
21.811226 2369550
21.869240 2369223
21.919989 2364788
21.966443 2352028
21.975678 2347712
22.008111 2341251
22.072039 2337059
22.595104 2327705
22.598567 2304385
22.611021 2302148
22.615417 2301451
22.662595 2296228
22.670707 2288361
22.806540 2284245
22.809684 2273849
22.949584 2272237
23.398069 2262883
23.413919 2237326
23.470874 2236999
23.473759 2223539
23.608998 2219423
23.612058 2209027
24.050491 2201679
24.200303 2192325
24.216007 2166768
24.324648 2162006
24.410739 2148865
24.413843 2138469
25.000780 2129115
25.016475 2106117
25.068000 2095194
25.242289 2092876
25.242642 2079806
25.429598 2076083
25.800916 2066729
25.816641 2043731
25.868383 2032808
26.042548 2030490
26.042901 2017420
26.501754 2016636
26.602028 2007282
26.617817 1984284
26.670031 1973361
26.845857 1971043
26.846211 1957973
27.406745 1948619
27.422447 1925621
27.474205 1914698
28.066539 1911248
28.158004 1907390
28.207530 1898036
28.223259 1875038
28.274902 1864115
28.868766 1860665
29.009438 1851311
29.025136 1828313
29.076642 1817390
29.808916 1815238
29.811626 1809884
29.814669 1809542
29.824664 1785038
29.952139 1777717
30.609562 1775565
30.615365 1769869
30.625385 1745365
30.808072 1741780
31.008299 1739138
31.411391 1736986
31.417983 1735540
31.427189 1706786
31.609613 1703201
32.216572 1701049
32.218776 1695400
32.225713 1695353
32.232329 1670849
32.835856 1667499
33.027049 1665347
33.029306 1659698
33.042828 1635147
33.832383 1634762
33.837297 1632610
33.839508 1626961
33.853052 1602410
34.654908 1594449
34.655113 1580075
34.788938 1579576
35.006343 1570411
35.451403 1565849
35.459733 1562450
35.459916 1548076
35.621662 1545420
35.857258 1542545
36.102202 1541434
36.258601 1536872
36.266917 1533473
36.267110 1519099
36.428477 1516443
36.664986 1513568
37.068266 1509006
37.076561 1505607
37.076745 1491233
37.239470 1488577
37.651570 1488038
37.676467 1487445
37.873360 1482883
37.889726 1474614
37.998903 1466402
38.013418 1465331
38.042954 1462454
38.677370 1462316
38.693543 1462199
38.693732 1453443
38.764477 1450114
38.795490 1447610
38.824986 1443163
39.028564 1438816
39.041532 1433470
39.477528 1433332
39.493566 1433215
39.493749 1424459
39.564346 1421130
39.595438 1418626
39.624891 1414179
39.897778 1411212
39.973494 1409008
40.278251 1408870
40.294325 1408753
40.294507 1399997
40.365824 1396668
40.396743 1394164
40.426304 1389717
40.698994 1386750
40.958887 1384704
41.079258 1384566
41.095360 1384449
41.095543 1375693
41.166464 1372364
41.197559 1369860
41.227148 1365413
41.499878 1362446
41.773209 1358038
41.881207 1357900
41.897294 1357783
41.897480 1349027
41.968251 1345698
41.999313 1343194
42.028784 1338747
42.301788 1335780
42.620358 1335458
42.623265 1334225
42.681806 1334087
42.697804 1333970
42.697988 1325214
42.768362 1321885
42.799236 1319381
42.828609 1314934
43.100073 1311967
43.418530 1311645
43.479961 1311507
43.495988 1311390
43.496256 1302634
43.566988 1299305
43.597960 1296801
43.627410 1292354
43.899604 1289387
44.279557 1289249
44.295615 1289132
44.295802 1280376
44.366433 1277047
44.397452 1274543
44.426887 1270096
44.630740 1265749
45.080299 1265611
45.096362 1265494
45.096547 1256738
45.167077 1253409
45.198098 1250905
45.227509 1246458
45.870559 1246058
45.880912 1245920
45.896934 1245803
45.897255 1237047
45.968034 1233718
45.999084 1231214
46.028566 1226767
46.680291 1226629
46.696279 1226512
46.696462 1217756
46.766877 1214427
46.890843 1211121
46.931492 1210355
47.185454 1207653
47.481373 1207515
47.497411 1207398
47.497594 1198642
47.568195 1195313
47.692386 1192007
47.732915 1191241
48.179464 1189462
48.281916 1189324
48.297928 1189207
48.298111 1180451
48.368783 1177122
48.492966 1173816
48.533520 1173050
49.082929 1172912
49.098962 1172795
49.099147 1164039
49.169619 1160710
49.293852 1157404
49.880800 1152842
49.897386 1148393
49.967761 1145064
50.242018 1144704
50.679150 1140142
50.695741 1135693
50.767295 1132364
51.484945 1127802
51.501481 1123353
51.746169 1123326
52.123701 1120675
52.282740 1116113
52.299278 1111664
52.544081 1111637
52.955208 1110285
53.031603 1109553
53.081557 1104991
53.098103 1100542
53.343294 1100515
53.754745 1099163
53.881277 1094601
53.897778 1090152
54.147483 1090125
54.685262 1085563
54.701833 1081114
55.094924 1076358
55.483437 1071796
55.499916 1067347
55.987464 1058449
56.281346 1053887
56.297872 1049438
57.075042 1047600
57.108120 1047308
57.124012 1043874
57.176798 1043223
57.217509 1042985
57.289960 1040926
57.877654 1040525
57.877844 1038687
57.910772 1038395
57.926653 1034961
57.978995 1034310
58.019712 1034072
58.092463 1032013
58.677811 1030175
58.711418 1029883
58.727522 1026449
58.779624 1025798
58.820320 1025560
59.256734 1025494
59.479077 1023656
59.511961 1023364
59.527866 1019930
59.580236 1019279
59.621167 1019041
60.058494 1010241
60.281521 1008403
60.314636 1008111
60.330782 1004677
60.384099 1004026
60.425710 1003788
60.837830 997972
61.086891 996134
61.119735 995842
61.135536 992408
61.187492 991757
61.227997 991519
61.883145 989681
61.915891 989389
61.931700 985955
61.983537 985304
62.679621 983466
62.728214 980312
62.810572 967395
63.477886 965557
63.526625 962403
63.803887 961227
64.284046 959389
64.332613 956235
64.784806 956186
65.078166 956166
65.081709 954328
65.130340 951174
65.582667 951125
65.880019 949287
65.928747 946133
66.111051 943375
66.678387 941537
66.727235 938383
67.484182 936545
67.644061 936185
67.672928 934829
67.687042 934645
68.142622 934206
68.248678 934163
68.287130 932325
68.448051 931965
68.476879 930609
68.490995 930425
68.943927 929986
69.088234 928148
69.097162 917296
69.903942 914028
70.145673 913558
70.490172 905408
70.702867 902140
70.945592 901670
71.293801 899724
71.508739 896456
71.751083 895986
72.307433 892718
72.615879 892664
73.111591 889396
73.892711 889395
73.915096 886127
74.986269 884311
75.132380 883262
75.786049 881446
75.954283 880465
76.588761 878649
77.012778 878086
77.387988 876270
77.859765 875752
78.186299 873936
79.022819 873776
79.035253 872620
79.242468 872242
79.820806 872082
79.833270 870926
80.085567 870639
80.621837 870479
80.634330 869323
80.956359 869068
81.426461 868908
81.438952 867752
82.515525 866501
83.432975 866156
83.477709 865541
84.230371 865196
84.274948 863978
85.027352 863633
85.842091 863593
236.350194 863579
236.931526 863569
237.163813 862283
238.031512 862270
238.031704 861036
239.088239 860674
239.329287 860189
239.886636 859827
240.700491 839170
241.496813 838332
242.561563 838251
243.361905 838034
244.160926 837995
