0.000658 5927567
0.001552 5908732
0.002085 5850333
0.127489 5794300
0.129805 5779176
0.837343 5709476
0.838226 5700468
0.838756 5686442
0.840697 5678526
0.841229 5655218
0.846294 5654467
0.852380 5653250
0.852931 5635722
0.969612 5634273
1.022840 5624762
1.025308 5595487
1.025842 5583350
1.213035 5574925
1.219161 5566063
1.665962 5496363
1.666843 5487355
1.667378 5473329
1.669323 5465413
1.677354 5419129
1.804211 5414191
1.805114 5380585
1.847670 5369319
1.851177 5367891
2.494208 5298191
2.495107 5289183
2.496502 5243182
2.505596 5220957
2.632416 5215081
2.632968 5189168
2.721512 5185376
2.735979 5182112
2.756375 5168918
3.329299 5099218
3.330227 5090210
3.331797 5088209
3.336009 5067121
3.460684 5043432
3.467309 5024015
3.473617 5017046
3.555990 5007969
3.556524 4978200
4.060121 4974108
4.159052 4904408
4.159935 4895400
4.161528 4893399
4.165733 4872311
4.290417 4848622
4.297092 4829205
4.303397 4822236
4.386315 4813159
4.386849 4783390
4.990124 4713690
4.991066 4704682
4.993015 4676494
4.994248 4636456
5.121676 4604667
5.265889 4588705
5.817347 4519005
5.818227 4509997
5.821204 4480730
5.825562 4464816
5.952446 4461601
6.073379 4441338
6.238732 4421265
6.647449 4351565
6.648330 4342557
6.651296 4313290
6.655669 4297376
6.786451 4295779
6.904149 4273898
7.304982 4272637
7.453350 4256491
7.477391 4186791
7.478271 4177783
7.481240 4148516
7.485601 4132602
7.615623 4131005
7.733525 4109124
8.137133 4107863
8.309179 4038163
8.310063 4029155
8.313034 3999888
8.317404 3983974
8.656692 3982116
8.659659 3972944
8.684706 3972742
8.691861 3969473
8.807781 3969249
9.140432 3899549
9.141322 3890541
9.144277 3861274
9.273163 3854537
9.274562 3847692
9.281043 3843763
9.492463 3843389
9.495097 3832910
9.521760 3830859
9.969548 3761159
9.970427 3752151
9.974806 3748392
9.976551 3706970
10.318512 3695940
10.802617 3626240
10.803541 3617232
10.810517 3604725
10.912151 3604463
10.937470 3584438
11.058157 3578034
11.294671 3571751
11.464174 3569384
11.632624 3499684
11.633508 3490676
11.640477 3478169
11.767296 3457882
11.887363 3451478
12.467883 3381778
12.468778 3372770
12.472430 3369011
12.474199 3327589
12.895450 3327289
13.295547 3257589
13.296434 3248581
13.351197 3246741
13.399015 3245084
13.401127 3235812
13.431471 3217743
14.126591 3148043
14.127647 3142041
14.132721 3130255
14.231648 3126266
14.285174 3105220
14.389969 3103250
14.954973 3033550
14.956023 3027548
14.961948 2979361
15.787038 2977829
15.797183 2969836
15.799811 2965001
15.800895 2962133
15.801254 2952512
15.830725 2907238
15.838952 2894240
15.864094 2891903
16.042467 2883633
16.615212 2882101
16.625354 2874108
16.627978 2869273
16.629048 2866405
16.629406 2856784
16.654505 2835029
16.658876 2811510
16.667082 2798512
16.692170 2796175
16.838795 2771110
17.443183 2769578
17.453296 2761585
17.455914 2756750
17.456986 2753882
17.457342 2744261
17.482431 2722506
17.486809 2698987
17.503409 2693717
17.520168 2683652
17.715688 2679633
18.273323 2678101
18.277207 2663266
18.287204 2662405
18.287578 2652784
18.310863 2611270
18.583841 2604330
18.586303 2600586
18.711943 2595845
19.057258 2591158
19.101635 2589626
19.105489 2574791
19.116924 2570891
19.139097 2522795
19.412432 2515855
19.414896 2512111
19.540180 2507370
19.930433 2505838
19.934264 2491003
19.945593 2487103
19.967773 2439007
20.003093 2434544
20.238289 2427122
20.305069 2414273
20.758528 2412741
20.762376 2397906
20.773746 2394006
20.797670 2389719
20.810606 2372906
20.811487 2363792
20.828249 2356082
21.002274 2344723
21.064722 2338970
21.067165 2335226
21.156273 2333725
21.586597 2332193
21.590455 2317358
21.601818 2313458
21.638699 2292358
21.639578 2283244
21.656370 2275534
21.658134 2260899
21.893201 2253477
22.414831 2251945
22.429841 2251437
22.430029 2233210
22.452208 2181354
22.468814 2176084
23.242589 2174552
23.242951 2159717
23.257773 2155817
23.314031 2144744
23.406192 2134645
23.421223 2130612
23.422447 2119054
23.645576 2118410
23.715115 2117984
24.056983 2112947
24.071080 2111415
24.071440 2096580
24.086435 2095719
24.086796 2086098
24.142425 2081607
24.234617 2071508
24.249611 2067475
24.250851 2055917
24.473620 2055273
24.543010 2054847
24.899326 2053315
24.899688 2038480
24.914748 2037619
24.915110 2027998
25.063091 2013408
25.078115 2009375
25.079341 1997817
25.124802 1985297
25.728161 1983765
25.728522 1968930
25.743597 1968069
25.743961 1958448
25.892821 1944491
26.127694 1940974
26.154575 1933651
26.556637 1932119
26.556997 1917284
26.571957 1916423
26.572319 1906802
26.728164 1898693
26.763568 1896155
27.025303 1889937
27.188033 1882747
27.345348 1882108
27.383746 1880576
27.384105 1865741
27.399144 1864880
27.399506 1855259
27.555502 1847150
27.590878 1844612
27.853075 1838394
28.015448 1831204
28.211194 1829672
28.211554 1814837
28.226599 1813976
28.226962 1804355
28.382910 1796246
28.418392 1793708
29.038979 1792176
29.039340 1777341
29.054341 1776480
29.054704 1766859
29.210653 1758750
29.410680 1757295
29.438730 1756654
29.867051 1755122
29.867410 1740287
29.882389 1739426
29.882750 1729805
30.038560 1721696
30.214313 1720885
30.694477 1719353
30.694838 1704518
30.709860 1703657
30.710223 1694036
30.866283 1685927
31.152361 1679717
31.523844 1678185
31.524206 1663350
31.539187 1662489
31.539550 1652868
31.695309 1644759
32.055968 1634163
32.351763 1632631
32.352124 1617796
32.367123 1616935
32.367485 1607314
32.523204 1599205
33.183067 1597673
33.183482 1582838
33.198528 1581977
33.198893 1572356
33.718875 1568793
33.863730 1568309
34.011489 1566777
34.011858 1551942
34.026898 1551081
34.027263 1541460
34.547924 1537897
34.841027 1536365
34.841388 1521530
34.856413 1520669
34.856797 1511048
35.324671 1502263
35.673326 1500731
35.673692 1485896
35.688673 1485035
35.689036 1475414
36.533057 1467472
36.549635 1465595
36.549999 1458078
36.550879 1433007
37.347273 1429871
37.348327 1429772
37.364910 1429496
37.381310 1423458
37.381670 1411100
37.677278 1406793
37.892974 1406318
38.175562 1403182
38.176633 1403083
38.193223 1402807
38.209647 1396769
38.210007 1384411
38.505442 1380104
39.003138 1376968
39.004190 1376869
39.020797 1376593
39.037228 1370555
39.037586 1358197
39.383018 1354603
39.831449 1351467
39.832501 1351368
39.849123 1351092
39.865540 1345054
39.865900 1332696
40.499550 1331453
40.634369 1330378
40.658796 1327242
40.659847 1327143
40.676437 1326867
40.692849 1320829
40.693207 1308471
41.327834 1307228
41.487196 1304092
41.488251 1303993
41.504871 1303717
41.521304 1297679
41.521662 1285321
42.176471 1282716
42.314908 1279580
42.315976 1279481
42.332524 1279205
42.348938 1273167
42.349301 1260809
43.142815 1252867
43.212163 1250703
43.255433 1248468
43.445881 1244728
43.597409 1239516
43.970723 1231574
44.040294 1229410
44.083579 1227175
44.306880 1226260
44.368162 1222279
44.799397 1214337
44.843247 1213864
44.875366 1213805
44.912148 1209938
45.108901 1206321
45.281835 1205530
45.628558 1197588
45.672392 1197115
45.704564 1197056
45.741431 1193189
45.938078 1189572
46.457463 1181630
46.493245 1169810
47.285469 1168536
47.288262 1166575
47.304881 1166299
47.319206 1166048
47.321312 1125661
48.116550 1122392
48.197914 1113320
48.677735 1111903
48.943174 1108634
49.024617 1099562
49.557705 1098287
49.770347 1095018
49.851850 1085946
50.599354 1082677
50.680365 1077458
50.696412 1073626
51.428135 1070357
51.494519 1067207
51.602979 1066389
51.672175 1064476
51.743789 1062932
51.878051 1061357
52.257461 1058088
52.323754 1054938
52.432202 1054120
52.501307 1052207
52.572808 1050663
53.007667 1049442
53.085590 1046173
53.151946 1043023
53.260268 1042205
53.329380 1040292
53.400924 1038748
53.913687 1035479
53.980014 1032329
54.088255 1031511
54.157338 1029598
54.417364 1029051
54.742026 1025782
54.808357 1022632
54.916558 1021814
54.985700 1019901
55.570151 1016632
55.636451 1013482
55.744848 1012664
55.799612 1011801
55.799800 1002183
56.399984 998914
56.466257 995764
56.574550 994946
56.618436 994339
56.674928 993884
57.197802 993491
57.230603 990222
57.296997 987072
57.405509 986254
57.449491 985647
57.506135 985192
58.059847 981923
58.126234 978773
58.234727 977955
58.278728 977348
58.854745 976922
58.889478 973653
58.955782 970503
59.064181 969685
59.108103 969078
59.718303 965809
59.784751 962659
59.893428 961841
60.334361 961246
60.547874 957977
60.614204 954827
60.722544 954009
61.163990 951612
61.375266 948343
61.441609 945193
61.550095 944375
61.861091 943871
62.205413 940602
62.271702 937452
62.380144 936634
62.687666 930197
63.036479 926928
63.102933 923778
63.211196 922960
63.865173 919691
63.931551 916541
64.667628 915823
64.693966 912554
64.760335 909404
65.522990 906135
65.667723 904722
66.352183 901453
66.942749 900244
67.180904 896975
68.108776 896368
68.215916 895404
68.300323 895041
68.585308 893936
68.737201 893919
68.938207 893312
69.044331 892348
69.128502 891985
69.413871 890880
69.766382 890273
69.872704 889309
69.956925 888946
70.470684 888625
70.476615 888484
70.595010 887877
70.702442 886913
70.787529 886550
71.300631 886229
71.424971 885622
71.531074 884658
71.615280 884295
72.253427 883688
72.359576 882724
72.946832 882639
73.079768 882032
73.185827 881068
73.907567 880461
74.070767 880168
74.391882 879825
74.392244 879542
74.735859 878935
74.899180 878642
75.229003 877138
75.237560 876494
75.564465 875887
75.727416 875594
76.117609 875411
76.236375 875339
76.278863 875105
76.399795 874498
76.562730 874205
76.948185 874022
77.064667 873950
77.227480 873343
77.390338 873050
77.776152 872867
78.056499 872260
78.220919 871967
78.620878 871683
78.885512 871076
79.048195 870783
79.591969 870746
79.711538 870139
79.876349 869846
80.547295 869239
81.879161 868669
81.989921 868651
82.365791 866247
82.648543 863811
83.470717 858917
83.521786 856447
84.298406 851553
85.126073 850302
85.338121 848450
85.954224 847199
86.893970 846629
513.200620 846590
513.513911 846525
513.704745 845588
513.705112 845278
514.030169 845174
514.535712 844237
514.536084 843927
515.327828 843846
515.364128 842909
515.364495 842599
516.193010 841662
517.225618 841055
517.422122 840866
518.055421 840259
