0.000397 5382883
0.000617 5317929
0.002734 5224879
0.002930 5186321
0.003498 5072997
0.004629 5014695
0.004823 4919055
0.005225 4901595
0.005418 4824774
0.005610 4796015
0.005801 4708059
0.007866 4703210
0.009231 4684427
0.009801 4644289
0.010744 4627383
0.010936 4615044
0.012064 4580706
0.012443 4567121
0.012821 4560532
0.013962 4525014
0.015462 4524825
0.016031 4506202
0.016784 4504934
0.017559 4499468
0.017941 4477005
0.019436 4391868
0.019628 4329819
0.023191 4303971
0.023386 4284166
0.023951 4277580
0.024143 4265310
0.024893 4229466
0.025084 4206894
0.026606 4156570
0.028295 4138604
0.030743 4072047
0.032053 4071104
0.032622 4031553
0.034332 4001237
0.036953 3974729
0.037164 3950231
0.038853 3925764
0.039982 3920047
0.040176 3864602
0.040368 3853470
0.041518 3845695
0.044390 3730969
0.047075 3636031
0.047459 3617437
0.047651 3608316
0.047842 3582892
0.049723 3578323
0.052903 3564036
0.053302 3518656
0.059137 3507602
0.065900 3498859
0.067003 3429974
0.067604 3372859
0.087371 3339268
0.088322 3325607
0.090977 3232723
0.101297 3213825
0.101496 3211680
0.103169 3147326
0.113447 3102113
0.114024 3091860
0.114594 3088506
0.116470 3082807
0.118927 3062613
0.120053 3001023
0.122142 2999584
0.123454 2993248
0.166732 2983868
0.206062 2903712
0.211329 2900208
0.211901 2873080
0.264496 2797728
0.287826 2772158
0.379745 2745103
0.383131 2702950
0.384636 2690634
0.386530 2684259
0.390499 2681449
0.392191 2668893
0.544461 2661302
0.683623 2648659
0.706678 2625802
0.708003 2591272
0.711783 2585887
0.712911 2528422
0.729801 2515994
0.858862 2498540
0.864116 2498375
0.867510 2453398
0.867709 2419451
0.869021 2415645
0.871662 2407386
0.881968 2406792
0.890066 2393346
0.892130 2375561
0.892516 2357780
0.904718 2349203
0.913384 2345875
0.962217 2308784
0.962604 2308413
0.967683 2303586
0.977050 2289333
0.977262 2215193
0.978204 2195817
0.980455 2193366
0.982356 2188030
1.047402 2175028
1.047602 2164772
1.050061 2151532
1.052123 2121814
1.052507 2120158
1.053077 2118982
6.665789 2116016
6.670457 2110399
6.672489 2080623
6.674936 2072562
6.675140 2050690
6.676966 2041161
6.678394 2040473
6.690962 2019410
6.700875 2008736
6.706778 2007358
6.710827 2004761
6.727010 1996854
8.032808 1995064
8.190397 1990788
8.190997 1980263
8.191588 1976960
8.192757 1972280
10.321716 1962697
10.381353 1918184
10.440798 1899420
10.481361 1896812
10.497410 1888416
10.507952 1885660
10.515245 1885010
11.151036 1884282
11.151247 1870751
11.152676 1825475
11.153718 1816262
11.155747 1776287
14.519621 1741046
14.531978 1739109
14.546639 1721337
14.547624 1715364
14.553712 1713464
14.554886 1673670
14.568158 1667103
16.229744 1666504
16.232785 1663187
16.236251 1661047
16.257646 1658329
16.261201 1650499
16.263348 1636743
16.264138 1620640
16.265915 1597062
16.279160 1593742
17.300794 1591748
18.039943 1586757
18.048936 1584871
18.049749 1560138
18.051120 1559604
18.070814 1555258
18.073180 1551543
18.075527 1531621
18.178305 1521003
18.181844 1516078
18.195481 1507375
18.195682 1504839
18.195875 1502577
18.206039 1495258
18.212464 1465454
18.281025 1461719
18.283384 1460849
18.285142 1453098
18.287500 1450823
18.288285 1450575
18.318650 1445257
18.323337 1440602
18.345525 1421039
18.346507 1407119
18.463919 1388739
18.464334 1388205
23.684552 1366365
23.685766 1357920
24.017105 1354673
24.024135 1353762
26.428651 1353027
26.446365 1339495
26.973564 1330755
27.056758 1314696
27.074607 1313969
27.082301 1311850
27.087379 1296334
27.088193 1296254
27.109762 1293341
27.112791 1287880
27.123319 1278629
27.127371 1278203
27.158724 1277812
27.211897 1273801
27.291370 1272382
27.305347 1265370
27.321085 1264909
28.748832 1257585
28.752947 1253082
28.754147 1250887
28.760579 1248490
28.765302 1248290
28.784406 1247662
28.830971 1240041
28.838375 1233947
28.846195 1230337
31.536831 1216153
31.540919 1213536
31.565544 1211602
31.590308 1211580
31.660112 1210882
31.661570 1204845
31.677046 1204832
31.808364 1201670
32.311518 1166807
35.283487 1160107
35.347367 1149264
35.382025 1148072
35.426257 1147984
35.429522 1147931
35.435397 1147017
35.441073 1146421
35.640168 1139416
35.640982 1138240
36.078914 1129233
36.114622 1126857
36.266358 1120831
36.271448 1115669
36.352935 1115474
36.382800 1114400
36.652997 1113322
37.117498 1109172
37.123174 1105077
37.124597 1103966
37.141807 1099506
37.148887 1092129
38.513094 1090597
38.584482 1085716
38.828932 1084054
38.838902 1083412
38.839692 1081900
38.850844 1066522
38.925697 1065760
38.937059 1059524
39.038223 1058029
39.068797 1055294
39.076499 1054047
39.126093 1048868
39.279899 1048385
39.284569 1047467
39.667422 1043336
42.059920 1042117
42.069310 1035282
42.071858 1027356
42.072841 1025335
42.079891 1020856
42.129750 1003904
42.185297 1001734
42.253132 997989
42.264113 993900
43.306083 987427
43.398797 985150
43.407777 981087
43.463640 978016
43.524190 970268
43.577299 965945
43.746762 965504
44.685126 962559
44.701347 962259
44.736669 952673
44.787655 938361
44.870191 936284
47.129710 935242
47.190344 927783
47.259959 925438
47.273757 923648
47.515655 922461
47.607710 921072
47.732138 919699
47.873666 914647
52.620926 912304
53.044958 911714
53.252303 911577
55.929258 909418
56.165641 905305
56.207797 901907
56.284642 900636
56.285254 886874
56.286040 885403
56.315731 883495
56.329382 879528
56.555092 871925
56.910884 871814
56.935158 868538
56.955025 868492
58.266665 864613
58.563102 862037
59.085743 860371
59.085947 859762
59.620408 858578
59.622186 857641
59.838054 855950
60.820159 853463
60.849433 852856
61.058680 851467
61.206052 851137
61.210366 850530
61.464217 849569
61.468338 848962
62.534550 844946
62.539642 844021
62.899882 842317
63.119078 840894
63.143082 839413
63.367184 833837
64.021354 833480
64.129770 833441
74.570619 832827
76.808616 832401
78.595695 832134
78.662867 832053
78.867450 831876
78.959727 831837
82.247394 831284
82.393398 831245
82.904739 831244
85.677419 831213
95.075448 831111
95.417448 830430
96.875522 830355
96.883243 829430
98.457165 829429
101.001784 829390
111.811041 827901
411.211668 826214
411.476601 826133
411.510184 825839
411.705506 824141
412.609216 824069
412.645369 823093
414.560990 823054
420.735201 822217
423.430271 822097
424.045438 821160
425.287617 820322
425.505940 820282
427.788648 819926
465.776783 819925
484.859576 819886
