17.254837 6053947
17.259052 6048872
17.265299 6023603
17.269331 5911255
17.300583 5883982
17.308908 5881773
17.349779 5869438
17.358080 5866521
17.366378 5861446
17.390838 5857269
17.468887 5838946
17.475111 5803524
17.479111 5803486
17.527453 5781952
17.549349 5771212
17.557637 5769623
17.709186 5761062
17.717483 5759473
17.734479 5749289
17.876347 5729535
17.884605 5727946
17.997076 5684448
18.042039 5658157
18.050318 5656568
18.520601 5623086
18.565497 5610378
18.876593 5586827
18.884909 5585238
18.949744 5573374
18.958047 5571785
22.610345 5558426
22.618534 5556837
22.677452 5544973
22.685696 5543384
23.706342 5537671
24.612061 5533995
25.164398 5525500
25.223319 5513636
25.231596 5512047
25.559963 5509106
25.570534 5507517
26.057117 5499195
26.115972 5487331
26.124211 5485742
27.730013 5485260
28.353649 5457886
28.361860 5456197
28.370067 5455559
44.680286 5432595
44.684210 5431554
44.699521 5430906
44.703522 5429865
47.015634 5416922
47.019632 5415881
47.034898 5415233
47.038892 5414192
65.678645 5413530
65.723881 5409515
65.742632 5386961
74.873038 5369082
75.002016 5360050
75.289339 5352885
75.689739 5345645
75.697912 5344056
77.197096 5343590
77.231464 5334589
77.239706 5333000
80.709932 5331204
80.833926 5328341
80.868259 5319340
80.876518 5317751
85.684918 5315655
88.602788 5309979
90.515114 5306704
108.002134 5275043
108.010376 5264018
109.943815 5258013
112.780278 5255976
118.913538 5252385
138.923794 5245442
138.931971 5243853
139.097834 5240990
139.132134 5231989
139.140351 5230400
160.897968 5228969
181.071233 5197334
181.079332 5195745
181.117110 5173191
213.268557 5165510
213.276760 5163921
213.310725 5154920
213.318865 5153331
282.212979 5145970
308.612077 5142428
325.615201 5138752
325.687052 5133933
333.786775 5130992
333.797255 5129403
350.366655 5127887
351.072400 5123208
351.570816 5120645
351.604679 5112447
351.685044 5107628
366.682788 5105591
394.122786 5102000
450.776735 5098512
450.848515 5093693
484.856052 5093032
484.890047 5084834
484.967430 5080015
504.881545 5070796
