0.000688 5453875
0.002195 5401016
0.009451 5395594
0.040640 5370135
0.041305 5354024
0.042925 5340885
0.783843 5340192
0.784101 5293379
0.784591 5282817
0.785267 5212265
0.785918 5200109
0.796215 5198524
0.890894 5192800
0.897335 5157191
0.902206 5155147
0.972032 5152832
1.024339 5141417
1.548633 5140724
1.548814 5093911
1.549326 5083349
1.549980 5012797
1.553377 5000673
1.560617 4995251
1.667006 4955679
1.735219 4952091
2.312768 4951398
2.312989 4904585
2.313479 4894023
2.314928 4856256
2.321709 4851250
2.324442 4850869
2.326077 4828168
2.420547 4810667
2.425397 4768397
2.431193 4766353
2.915657 4758320
3.076252 4757627
3.076423 4710814
3.076910 4700252
3.078376 4662485
3.089044 4617576
3.184250 4616896
3.189431 4609158
3.327888 4607495
3.516178 4594838
3.712134 4571005
3.847602 4570312
3.847774 4523499
3.848261 4512937
3.849717 4475170
3.858127 4469783
3.860398 4430261
3.955376 4429581
3.960534 4421843
4.095111 4420180
4.282253 4407523
4.614568 4406830
4.614771 4360017
4.615260 4349455
4.616711 4311688
4.625137 4306301
4.627417 4266779
4.722314 4266099
4.728253 4264029
5.123887 4262635
5.361150 4260718
5.377664 4260025
5.377835 4213212
5.378322 4202650
5.379765 4164883
5.388148 4159496
5.463846 4159297
5.485423 4119294
5.491371 4117224
5.896670 4115830
6.159511 4115137
6.159691 4068324
6.160196 4057762
6.161700 4019995
6.170418 4014608
6.247045 4014409
6.268623 3974406
6.468111 3972572
6.923534 3971879
6.923707 3925066
6.924194 3914504
6.925655 3876737
6.934036 3871350
7.009547 3871151
7.032302 3868481
7.039381 3863794
7.040515 3852303
7.042940 3833108
7.686832 3832415
7.687008 3785602
7.688285 3768264
7.689743 3732267
7.752222 3728327
7.866176 3722857
7.936764 3715311
8.450407 3714618
8.450629 3667805
8.451923 3650467
8.455637 3614089
8.531023 3613890
8.617220 3606064
8.968454 3604025
9.213279 3603332
9.213454 3556519
9.214749 3539181
9.218451 3502803
9.294397 3502604
9.397801 3498888
9.977596 3498195
9.977770 3451382
9.982429 3407886
10.044141 3394107
10.741317 3386144
10.743413 3293266
10.914976 3293038
11.013229 3292312
11.061491 3290439
11.506059 3282476
11.508476 3258726
11.508653 3234987
11.513994 3218173
11.514167 3215860
11.643074 3198907
11.644529 3196711
11.679650 3189370
11.777885 3188644
12.271281 3180681
12.272896 3146953
12.274687 3108694
12.406520 3092444
12.444510 3087575
13.034139 3079612
13.034314 3031614
13.036875 3030307
13.038186 3022731
13.176171 2996043
13.177639 2993847
13.802394 2961908
13.803522 2913897
14.276886 2902709
14.563082 2870770
14.564214 2822759
15.235939 2815883
15.239654 2809050
15.326280 2777111
15.327413 2729100
16.093149 2680417
16.103629 2672801
16.195931 2665695
16.400774 2664213
16.429994 2663396
16.518834 2656790
16.777042 2654154
16.814554 2651960
16.858305 2603277
16.868807 2595661
16.961241 2588555
17.164631 2587073
17.193775 2586256
17.282490 2579650
17.622214 2546889
17.623192 2539393
17.633349 2537523
17.642053 2525206
17.724722 2516245
17.746968 2508593
18.380717 2477560
18.381228 2474057
18.396207 2469184
18.396701 2455898
18.528530 2442900
18.572949 2438887
19.141925 2407854
19.144654 2402188
19.157379 2399478
19.161095 2384443
19.306847 2371851
19.904232 2366373
19.904889 2345834
19.905080 2339675
19.922653 2330827
20.016197 2323568
20.213245 2316579
20.514580 2311078
20.523589 2306964
20.667526 2301486
20.668181 2280947
20.668352 2274788
20.685987 2265940
20.782073 2243559
21.435857 2210798
21.437009 2209023
21.439898 2206860
21.452491 2190864
21.721049 2182662
21.745510 2175747
22.199002 2170269
22.199659 2149730
22.199829 2143571
22.217354 2134723
22.610283 2132798
22.617389 2127950
22.686260 2127746
22.733256 2120475
22.964230 2114997
22.964882 2094458
22.965063 2088299
22.967786 2087714
22.968915 2085939
22.984279 2067780
23.383279 2066232
23.485195 2063033
23.727809 2057555
23.728468 2037016
23.728638 2030857
23.732511 2028497
23.747939 2010338
24.148435 2008790
24.439242 2006628
24.492057 2001150
24.492712 1980611
24.492882 1974452
24.496762 1972092
24.512212 1953933
24.911322 1952385
25.255928 1945920
25.258209 1919624
25.259020 1915686
25.280022 1911538
25.664479 1909436
25.731777 1907083
26.005309 1900995
26.019570 1894530
26.021849 1868234
26.022658 1864296
26.427859 1858046
26.495157 1855693
26.764549 1854428
26.782470 1847963
26.784734 1821667
26.785582 1817729
27.192589 1811479
27.259946 1809126
27.546853 1805964
27.547190 1790359
27.551065 1782852
27.568842 1780954
27.664383 1778162
27.957398 1766177
28.078396 1760252
28.311868 1757090
28.312204 1741485
28.316087 1733978
28.333916 1732080
28.429244 1729288
28.725499 1717303
29.083831 1712073
29.084329 1689141
29.089178 1680604
29.104779 1663520
29.840886 1660358
29.841239 1644753
29.845101 1637246
29.886910 1634066
30.249464 1625657
30.590218 1621823
30.605589 1618661
30.605922 1603056
30.609793 1595549
30.651660 1592369
31.022912 1573845
31.369583 1570683
31.369918 1555078
31.373776 1547571
31.382639 1545683
31.405356 1541376
31.428096 1539757
31.610314 1529613
31.820400 1518040
32.133730 1514878
32.134065 1499273
32.137929 1491766
32.179758 1488586
32.781781 1487076
32.897177 1483914
32.897511 1468309
32.901360 1460802
32.943049 1457622
33.617798 1457019
33.621667 1454335
33.661240 1451173
33.661572 1435568
33.665424 1428061
33.707293 1424881
34.430233 1423920
34.430573 1418955
34.437968 1396719
35.024958 1376636
35.198429 1375675
35.198763 1370710
35.206192 1357869
35.210071 1350362
35.974961 1347859
35.990051 1345617
36.005540 1330874
36.035709 1312726
36.754523 1310571
36.768220 1299730
36.826152 1297377
36.888054 1291010
37.306331 1287223
37.517900 1285068
37.531570 1274227
37.589278 1271874
37.651094 1265507
38.085764 1265031
38.201186 1264784
38.282550 1262629
38.296181 1251788
38.415637 1243068
38.644346 1240102
39.044400 1237947
39.058122 1227106
39.177331 1218386
39.564163 1217910
39.807351 1215755
39.821081 1204914
39.940926 1196194
40.571763 1194039
40.585471 1183198
40.929045 1180252
40.950586 1177798
41.335370 1175643
41.349064 1164802
41.734056 1160048
42.020163 1159465
42.098017 1157310
42.111715 1146469
42.168845 1144116
42.495391 1141715
42.858890 1139560
42.872567 1128719
42.929802 1126366
43.334855 1125447
43.620600 1123292
43.634345 1112451
43.691611 1110098
44.173209 1109714
44.384812 1107559
44.398538 1096718
44.455813 1094365
45.042382 1094308
45.154976 1092153
45.169072 1081312
45.227791 1078959
45.921786 1076804
45.935491 1065963
46.643113 1065117
46.686757 1062962
46.700439 1052121
47.446044 1050586
47.448309 1049966
47.449468 1047325
47.461571 1030120
48.210621 1027965
48.266177 1021814
48.292180 1017720
48.973185 1015565
49.028907 1009414
49.146176 1008141
49.440808 1006486
49.736816 1004331
49.792437 998180
49.910221 996907
50.320351 996115
50.501338 993960
50.557311 991352
50.557487 990046
50.674338 986536
51.233083 986367
51.266008 984212
51.321902 981604
51.322079 980298
51.438601 976788
52.030468 974633
52.086199 972025
52.086374 970719
52.216406 969589
52.329514 969382
52.792438 967227
52.848508 964619
52.848684 963313
52.979685 962183
53.557196 960028
53.612849 957420
53.613052 956114
53.975461 955129
54.319387 952974
54.375295 950366
54.375470 949060
55.083973 946905
55.160460 943033
55.845976 940878
55.922945 930425
56.609870 928270
56.684939 927507
56.756035 927079
56.950180 926641
57.098226 925720
57.394658 923565
57.472300 922802
57.545859 922374
57.740136 921936
57.808885 920564
58.174739 918409
58.249633 917646
58.320505 917218
58.507847 916780
58.641863 908339
58.937939 906184
59.013014 905421
59.083890 904993
59.271974 904555
59.558588 903657
59.702477 901502
59.777416 900739
59.848232 900311
60.036178 899873
60.351026 899804
60.466183 897649
60.541030 896886
60.612017 896458
60.800051 896020
61.110329 894561
61.230953 892406
61.305567 891643
61.376066 891215
61.563080 890777
61.992096 888622
62.067068 887859
62.138039 887431
62.753110 885276
62.828314 884513
63.515454 882358
64.225731 881941
64.233489 881608
64.282067 879453
64.989766 879036
65.045344 876881
65.808103 876208
65.823435 876021
65.838230 875396
66.285197 875225
66.312485 875047
66.338225 874952
66.581076 874279
66.596730 874092
66.611892 873467
67.065527 873296
67.352910 872623
67.368192 872436
67.383005 871811
68.117039 869175
68.878146 868300
69.382757 867928
69.423618 867889
69.643531 867014
70.147888 866642
70.418679 865767
71.871406 865550
71.911870 865210
72.633790 864993
73.387502 864954
141.513252 864850
141.558940 864246
142.209423 862089
142.273881 860761
142.319513 860157
143.037465 858829
143.659991 858459
143.797071 857131
144.670394 856524
144.865409 856335
145.272413 855976
145.431334 855369
145.625976 855180
146.194980 854573
146.821716 854437
146.958035 853830
147.584497 853500
147.721359 852893
149.025246 852660
149.781234 851737
