0.000388 5493199
0.000954 5478424
0.001836 5430010
0.002191 5409077
0.002735 5386755
0.003436 5216322
0.003962 5135977
0.004486 5070465
0.004664 5015316
0.005016 4993458
0.005714 4929280
0.006066 4892230
0.006242 4874938
0.007325 4858142
0.007504 4842889
0.008028 4832950
0.008206 4745476
0.008383 4691191
0.009256 4687763
0.009608 4670998
0.009785 4666966
0.012231 4658611
0.012410 4645664
0.013109 4587965
0.014684 4585733
0.015384 4553015
0.015562 4530876
0.017466 4530185
0.019573 4515569
0.020271 4513662
0.021315 4464509
0.022722 4451191
0.023935 4405552
0.024461 4382497
0.024638 4314741
0.024988 4309740
0.025340 4309284
0.025863 4258573
0.026572 4104944
0.026752 4057352
0.029522 3968245
0.029702 3901674
0.030933 3894697
0.031974 3835553
0.034057 3809610
0.034590 3803219
0.035464 3782817
0.035643 3754949
0.036337 3732258
0.036860 3719150
0.037210 3699076
0.043137 3686096
0.043490 3676386
0.043841 3670182
0.046635 3617465
0.047335 3541380
0.047686 3485463
0.048908 3475319
0.049440 3444355
0.049842 3421224
0.050922 3416606
0.051103 3365176
0.051627 3305776
0.056314 3280482
0.057015 3238653
0.059628 3183354
0.062793 3182333
0.063843 3173287
0.068536 3133881
0.070280 3096364
0.071342 3090637
0.071522 2992374
0.081353 2943791
0.082439 2902954
0.082831 2896561
0.083011 2892298
0.083363 2873906
0.084236 2850199
0.084415 2806668
0.085286 2798982
0.088252 2760845
0.124921 2760764
0.127207 2760163
0.129812 2732500
0.171049 2731752
0.171785 2693279
0.252141 2690801
0.258057 2664609
0.259292 2663916
0.260685 2662553
0.345388 2657539
0.347320 2654442
0.349923 2637482
0.355859 2628637
0.357249 2606982
0.393996 2597275
0.412939 2597262
0.417468 2549981
0.428616 2505572
0.431228 2456150
0.432458 2453154
0.436126 2445467
0.442748 2373927
0.446580 2360194
0.446765 2326400
0.457172 2319276
0.458584 2314720
0.463293 2313612
0.465206 2307819
0.466783 2301139
0.466964 2292017
0.474080 2291740
0.864402 2290636
0.871009 2262339
0.873450 2241642
0.884054 2228950
0.885105 2182097
0.889287 2173717
0.890697 2169380
0.904933 2154333
0.906522 2140660
5.163735 2139560
5.166968 2139405
5.202093 2118999
5.203805 2059346
5.258721 2056759
5.260411 2028613
5.260800 2014390
5.262877 2007872
8.365464 1964425
8.369084 1951416
8.371343 1942939
8.383495 1938268
8.384064 1925636
8.387259 1925364
8.393598 1888919
8.395664 1885235
8.397899 1854908
8.407609 1854365
8.407806 1832818
10.668684 1832151
10.888548 1827305
10.975060 1818971
10.982532 1815685
10.983472 1798570
11.001435 1782146
11.004069 1772274
12.737404 1754925
12.738207 1751619
12.738614 1738193
13.835065 1729002
13.837683 1728762
14.036821 1727128
14.038535 1711573
14.102570 1699857
14.128768 1693721
14.131404 1685700
14.133462 1685666
14.134211 1684971
15.025672 1679064
15.032795 1671510
15.041785 1670277
15.046280 1644164
15.050035 1644153
15.066865 1642793
15.080537 1640369
15.138400 1640001
15.144948 1629787
15.151307 1624959
15.186326 1613696
15.199837 1612827
15.200222 1609100
15.202090 1606491
17.990093 1580805
17.992421 1578122
17.993739 1545405
17.999757 1544635
18.004825 1526453
18.039346 1495994
20.626950 1478396
20.710328 1473686
20.713154 1430969
20.722514 1420261
20.723089 1409335
20.729902 1399880
20.741934 1386769
20.753591 1384327
20.757678 1378527
21.549884 1377274
21.639441 1370840
21.672503 1354169
23.328264 1320447
23.329029 1319131
23.330919 1319056
23.466322 1315694
23.479029 1296966
23.479220 1296846
23.500697 1293443
23.511384 1288600
23.534097 1282261
24.938316 1280347
24.975173 1276609
24.975366 1276008
24.983595 1270752
25.025799 1269820
25.028255 1261979
25.044870 1257789
25.047879 1252662
25.052003 1251515
25.074592 1250035
25.075352 1239908
25.084484 1238993
25.106312 1235708
25.410738 1234341
25.426973 1224554
25.542399 1220809
25.544485 1203590
25.549717 1199077
25.567455 1198652
26.178329 1196155
26.183435 1193766
26.504342 1189469
26.504726 1188633
26.505106 1180118
26.506619 1168682
26.757085 1162569
26.845799 1152085
27.879865 1149601
27.885660 1146212
27.905814 1144771
27.911806 1142065
29.307176 1127802
29.710813 1124232
29.757165 1123707
29.783958 1122406
29.793127 1114171
29.798953 1113375
30.651737 1112166
30.683268 1111352
31.206063 1108209
31.211523 1107528
31.362677 1092942
31.371413 1078926
31.388298 1070215
31.397607 1067125
31.449891 1065391
31.502189 1051931
31.597090 1040323
31.903409 1039097
31.917771 1038241
31.925942 1038097
32.237389 1025159
32.488626 1023366
32.510681 1021690
32.525817 1015377
34.335788 1012679
34.353463 1012441
34.755395 1007139
34.797861 1004759
35.164791 1000431
35.184439 996646
35.206068 995197
35.236507 988846
35.238774 985649
35.271238 981546
35.277208 975115
35.387031 969076
35.623616 968397
35.638341 962411
35.639117 961070
35.640982 953706
35.687872 950199
35.706560 945517
37.720151 939728
37.743741 939277
37.751421 938346
37.757946 937426
37.799951 936883
38.863504 931037
38.877068 930572
39.028680 929992
39.077607 927655
39.225553 921846
39.260769 920563
39.357376 918434
39.419586 915925
39.447094 915766
39.466136 911978
48.190637 909081
48.223163 904553
49.332412 903115
49.341763 891994
49.346639 891990
49.359133 886385
50.288128 874154
50.360154 873969
51.491382 872516
52.015164 872069
52.251122 869251
52.266421 866927
52.509027 866609
52.553785 866226
52.589580 865805
52.739910 865414
52.765624 860055
52.811772 859086
52.831191 857386
52.843613 853415
52.915827 851877
53.460567 846611
53.486701 844899
53.529398 843793
54.100454 842549
54.845706 840657
62.730259 839953
66.599612 837918
66.876559 836797
66.993782 836682
69.716883 836531
77.461373 832395
77.878923 832178
79.390403 832139
85.941248 831297
87.198027 829681
87.318228 828882
87.391909 827596
89.205861 827026
90.997363 823897
91.982567 823680
103.165888 823640
103.555704 823601
255.212573 823513
257.208263 823051
257.883294 821910
257.986272 821263
258.045994 821224
273.317550 820917
273.620297 820877
294.564648 820673
295.778240 820633
296.931917 820428
297.022921 820389
297.335740 820377
301.916730 817801
301.962550 810930
