0.000571 6327988
0.001195 6295285
0.001381 6224110
0.001562 6214171
0.001919 6206235
0.002105 6168848
0.002460 6138678
0.002843 6133445
0.003027 6101152
0.003382 6091701
0.004084 6079566
0.004264 6056799
0.004443 6031244
0.004798 5925702
0.004976 5866296
0.005328 5851451
0.005683 5837491
0.006038 5802034
0.006216 5750906
0.006804 5724724
0.006994 5685190
0.007869 5642970
0.008062 5624794
0.008241 5573268
0.008677 5541217
0.009030 5394580
0.009919 5367161
0.010446 5361427
0.011156 5315644
0.011861 5299457
0.012560 5263783
0.013087 5251221
0.013265 5137067
0.013444 5118169
0.013797 5084551
0.014322 4963908
0.014883 4943855
0.015586 4939699
0.016113 4855220
0.016292 4813134
0.016820 4790177
0.017000 4787317
0.017527 4744501
0.017883 4735005
0.018062 4700384
0.018242 4664347
0.018809 4607301
0.018990 4600398
0.021098 4536462
0.022885 4525159
0.023762 4517746
0.024116 4430195
0.024469 4409107
0.025516 4371076
0.026044 4333182
0.026794 4330665
0.028207 4325406
0.028397 4211168
0.028926 4185774
0.031591 4163705
0.033168 4155025
0.034221 4121824
0.034576 4114730
0.037209 4105056
0.050452 4085236
0.051914 4034435
0.052963 4029791
0.053319 3946717
0.054905 3909593
0.055612 3892182
0.055965 3878381
0.058231 3872531
0.059496 3797941
0.062463 3721700
0.063186 3668082
0.064065 3526715
0.074411 3486769
0.075370 3476475
0.075557 3430096
0.076084 3322158
0.081880 3311096
0.082418 3306593
0.082962 3267362
0.097323 3250219
0.100173 3223302
0.100543 3187043
0.102476 3122784
0.105115 3120626
0.106178 3102817
0.131444 3084841
0.134359 3028877
0.136749 3011364
0.137061 3000329
0.141097 2990291
0.142691 2930452
0.145343 2917638
0.145526 2913410
0.146229 2909458
0.146584 2905336
0.147696 2833997
0.153275 2831227
0.153979 2825009
0.158009 2820384
0.161854 2807310
0.163450 2800587
0.163981 2771410
0.165198 2732408
0.169722 2729319
0.172559 2725324
0.174853 2712883
0.176106 2709042
0.177333 2666418
0.178391 2662665
0.178600 2659142
0.178978 2617626
0.179337 2580820
0.179518 2550325
0.180951 2514204
0.188996 2510430
0.189184 2466981
0.193557 2456390
0.227239 2445610
0.229544 2382078
0.240090 2353465
0.391528 2345061
0.392068 2334524
0.393121 2293561
0.393478 2290792
0.396464 2260601
0.397348 2253341
0.404874 2247901
0.405234 2239307
0.488725 2228040
0.489980 2223343
0.492973 2218620
0.498055 2169175
0.498775 2166111
1.529941 2151026
1.531443 2128253
1.533458 2081185
1.534380 2076816
1.534958 2044315
1.535510 2043740
1.536061 2041458
1.538245 2034718
5.341460 2031448
5.341902 2011281
6.355527 1989955
6.368205 1952542
9.529170 1950351
9.742321 1946460
11.934370 1933639
11.935187 1922551
11.935569 1911968
12.907638 1910127
12.911115 1902403
13.526255 1899725
13.746341 1898636
13.780031 1891582
13.800943 1888786
14.014688 1870338
14.016734 1865359
14.018387 1847747
14.026650 1845264
14.027223 1844189
14.027597 1839795
14.029427 1835474
14.030163 1827640
14.033287 1825816
14.761673 1810851
15.102223 1793642
15.142945 1780964
15.155149 1769773
15.160320 1766707
15.167976 1760971
15.179660 1732787
15.191911 1718238
15.218670 1684623
15.224615 1682936
15.228261 1662693
15.237655 1661012
15.242091 1658226
15.253008 1655410
15.265795 1635635
15.265990 1623899
15.279726 1614238
15.290618 1608486
15.292734 1598386
15.342570 1583072
17.189369 1579674
17.208700 1568035
17.211831 1557921
17.224124 1552358
18.630147 1543052
18.684030 1539254
18.779227 1535349
18.790229 1526856
18.807703 1526763
18.827392 1520010
18.840783 1507589
18.846526 1454597
18.867181 1441137
19.017435 1408954
19.022050 1407232
19.032207 1405288
19.036241 1403973
19.037778 1395908
19.040667 1388079
19.050032 1367342
19.093394 1366119
19.108514 1364769
19.132597 1360053
19.148078 1356284
19.148659 1352815
19.233226 1342763
19.289680 1321185
22.369229 1311532
22.377088 1309162
22.378821 1308749
22.429031 1306695
22.557301 1300262
22.559700 1299331
22.771357 1298518
22.771552 1256130
22.779585 1255409
22.857891 1249669
22.864033 1242017
23.646993 1228454
24.013465 1214692
24.133911 1214505
24.137759 1206899
24.146935 1204692
24.149799 1204296
24.176015 1196238
25.478518 1195815
25.486662 1184547
25.501366 1174316
25.521214 1169109
25.550103 1167813
25.560252 1165877
25.704736 1158119
25.881436 1152416
25.893164 1141477
25.914034 1129940
25.955005 1120443
29.418493 1117229
29.434471 1115492
29.455602 1114768
29.456526 1114291
29.486193 1108752
30.717078 1108160
30.792852 1102417
30.795373 1101480
30.998661 1101279
31.002749 1101268
31.029709 1100130
31.034553 1098595
31.050690 1098075
31.052448 1085490
31.055169 1085218
31.382119 1076756
32.740829 1076535
35.244790 1070044
35.249212 1067971
35.252713 1056479
35.259874 1055935
35.312646 1055413
35.342191 1054056
35.474308 1050132
35.650443 1049651
35.723996 1047907
35.727671 1035911
35.766340 1027756
35.879604 1021364
36.068491 1012248
38.861521 999388
38.905721 983917
39.318672 977817
39.360100 974552
39.361392 973639
39.393606 972023
39.471285 970278
39.574435 966295
39.610861 965744
39.612887 965267
39.613259 964066
39.671129 959921
39.793684 955954
39.862206 950841
39.862783 949714
39.868480 949403
39.871790 949186
39.889743 940887
40.137394 940090
40.137590 938431
40.141433 938311
40.399138 937118
40.428904 936271
40.477096 934212
40.716549 930279
40.772896 928685
41.930045 927484
42.143444 919846
42.581549 918118
42.619224 916365
42.626972 911813
42.642722 911332
42.699175 911046
42.708319 905371
43.201276 904521
43.214845 901695
43.693810 892038
43.707947 886601
43.774747 881794
43.974541 875748
43.974932 872434
43.977504 870823
47.777633 867386
49.455985 861040
49.482618 859417
50.374825 858992
50.427434 856673
50.465659 849798
50.547457 847245
50.958915 845037
50.975001 841433
51.060829 839667
51.347799 837616
51.360276 837321
51.490615 828670
61.422701 825646
61.891256 824848
62.369767 824802
62.399510 823603
62.536843 823285
63.060951 821674
63.694026 820953
63.698616 820174
63.975056 818408
64.426546 818182
67.002693 817358
67.823338 816421
69.933460 816292
83.216126 813485
85.328757 813432
85.481229 813036
