0.000659 5899053
0.001328 5898138
0.001881 5895768
0.002066 5887429
0.002789 5831446
0.003152 5627982
0.003338 5577957
0.003887 5542081
0.004247 5514984
0.004607 5503799
0.005000 5413535
0.005365 5270271
0.005904 5241410
0.006263 5237638
0.006445 5236981
0.007342 5184140
0.007525 5163871
0.007706 5057280
0.008068 4990197
0.008605 4920432
0.009687 4907048
0.010227 4882042
0.011120 4821851
0.011303 4801232
0.012023 4789715
0.012761 4774877
0.013828 4717903
0.014541 4685316
0.015256 4673012
0.015614 4670505
0.017233 4639874
0.017595 4597482
0.017778 4591851
0.018138 4581854
0.018318 4560455
0.018676 4556333
0.018858 4551295
0.019216 4545708
0.019577 4533841
0.019939 4510837
0.020121 4435907
0.020477 4413131
0.021398 4380392
0.021581 4367448
0.021761 4355694
0.022296 4353153
0.023720 4303619
0.023903 4258574
0.024439 4232944
0.034949 4210086
0.035318 4176943
0.035502 4150634
0.037480 4149703
0.038024 4145293
0.038384 4118639
0.038922 4067922
0.039105 4004282
0.039825 3971419
0.040739 3970273
0.041104 3931405
0.041817 3868124
0.044301 3863047
0.046276 3859169
0.046818 3814764
0.047181 3754553
0.047363 3740052
0.048257 3722474
0.049162 3706713
0.049348 3670362
0.051659 3571420
0.052391 3495701
0.052586 3475418
0.054273 3475371
0.055017 3469207
0.055209 3462274
0.062710 3459124
0.064547 3437533
0.065288 3415811
0.066545 3404410
0.067267 3403179
0.068698 3374469
0.069597 3357842
0.071202 3324340
0.074586 3264592
0.076188 3234983
0.076739 3221211
0.079048 3189448
0.107390 3158918
0.108502 3123925
0.109996 3100487
0.119303 3098951
0.121465 3096576
0.123878 3065663
0.124985 3036900
0.125525 2989217
0.127311 2985488
0.130708 2943515
0.164890 2943335
0.174706 2937353
0.175076 2883480
0.175973 2846921
0.192930 2826611
0.193651 2826048
0.199879 2811004
0.234370 2803733
0.243261 2782388
0.243627 2773721
0.245242 2771349
0.245605 2689564
0.264890 2686431
0.270933 2670106
0.274144 2667446
0.284911 2649597
0.285838 2647404
0.326159 2639000
0.334993 2592681
0.335739 2557143
0.354230 2554737
0.354611 2531267
0.562683 2523107
0.563615 2518546
0.566199 2510354
0.566575 2509638
0.573538 2488312
0.573906 2469188
0.574622 2452150
0.575886 2443483
0.596953 2437568
0.597495 2434323
0.602625 2431838
0.606188 2430604
0.626589 2411366
0.627663 2403293
0.628206 2401323
0.629835 2374097
0.630375 2349449
0.631803 2339419
0.633236 2330574
0.639803 2315850
0.702449 2307910
0.707056 2280006
0.934536 2260155
0.935275 2242701
0.937424 2193543
0.981049 2176794
5.567448 2146722
5.571262 2140806
5.572027 2139367
5.573186 2133505
5.573564 2109819
5.577678 2088476
5.584402 2085672
5.587600 2081219
5.589871 2076315
5.591556 2075795
8.126029 2074235
10.286692 2071602
10.437604 2053022
10.438563 2048391
10.440832 2046480
10.452957 2042390
11.120446 2026447
11.120650 2021163
11.142842 2014783
11.191327 1986292
11.203853 1972464
11.210961 1969011
11.213604 1938918
11.219585 1935641
11.285335 1932901
11.292072 1930357
11.301570 1906736
11.302137 1902732
11.303635 1893586
11.308124 1890624
11.325088 1890396
11.660380 1879355
11.662156 1876734
11.730452 1871678
11.741505 1868776
11.753477 1852083
11.755165 1848854
11.780006 1833314
11.785599 1830703
11.822420 1828644
11.837161 1827979
11.845916 1808003
11.846106 1792481
11.850580 1783388
11.858745 1773112
12.155251 1750687
12.657301 1748908
12.664411 1747805
12.756745 1743117
12.756940 1699747
12.759184 1685284
12.762197 1681046
12.770435 1668839
12.793122 1668462
12.809757 1665643
12.811444 1662944
12.815181 1650285
12.835153 1648257
12.835902 1636010
12.836088 1626416
12.838711 1626335
12.843941 1614885
12.888747 1610874
12.896766 1609211
12.904035 1588573
12.904225 1568445
12.910965 1563814
12.911154 1562007
12.919176 1557617
19.777845 1554409
19.779580 1541488
19.793060 1536996
19.842532 1531220
19.852804 1526800
19.866812 1519763
19.894753 1516823
20.037564 1507731
20.037764 1496337
20.062821 1477711
20.076549 1456278
20.113495 1451087
20.115635 1439159
20.315093 1435566
20.329825 1410374
20.336003 1407560
20.342183 1406939
20.430812 1406769
20.432998 1400512
20.436528 1395914
20.466400 1391395
20.558783 1385507
20.637388 1369535
20.650084 1368255
20.683843 1364173
25.076812 1351796
25.077798 1344254
25.089461 1339411
25.793738 1313428
27.214858 1310232
27.220293 1305811
27.223853 1304113
27.224043 1304111
27.233408 1286395
27.247573 1285915
27.280985 1285454
27.419543 1281517
28.229475 1274230
28.229677 1269059
28.572638 1264874
28.661172 1263303
28.714567 1262910
28.796347 1242884
28.810018 1240951
28.974540 1232791
28.975299 1227240
28.977186 1226563
29.025519 1222533
29.041213 1219798
29.056656 1213060
29.070667 1211579
29.100500 1193477
30.095726 1191395
30.097309 1189907
30.115170 1186419
30.131810 1185426
30.132806 1177318
30.138652 1176105
30.483662 1171935
30.495977 1165333
30.504967 1161190
30.508147 1154609
30.510967 1152107
30.524969 1133072
30.551168 1133056
30.590247 1125202
33.171542 1121813
33.332461 1121626
33.498146 1117087
33.504515 1114751
33.538069 1114224
33.550679 1106734
33.570361 1102349
33.826564 1098464
33.827326 1088531
34.039020 1085445
34.045969 1080851
34.072682 1070824
37.580734 1045706
37.581917 1043672
37.608401 1039511
37.651302 1039161
37.754473 1032525
37.768351 1030240
37.776424 1022930
38.186441 1019284
41.261908 1013152
41.263086 1011240
41.285133 1009769
41.313672 1006449
41.457424 997896
41.483072 990736
41.778077 983998
41.808203 977668
42.496425 974248
42.643306 974141
42.877082 973482
43.049597 973394
43.720416 972275
43.757976 971114
43.811870 970712
43.962282 969248
47.020042 966381
47.029434 966334
47.155266 965509
47.222959 957989
47.231916 957274
48.059117 956950
48.062303 953099
48.069783 952478
48.080431 952245
48.136328 950882
48.375662 950714
48.384072 950554
49.705681 949356
49.743794 934611
49.863825 933492
49.867522 932337
50.060651 929419
50.199187 928592
50.244936 927140
50.271385 912413
50.279993 911577
50.313633 911451
50.319249 910613
50.597002 910029
51.234530 909029
51.260465 905583
51.382715 904700
51.753961 904456
51.802437 904444
52.004701 903687
52.012181 902762
52.084275 899358
52.270276 898898
52.832968 894057
52.892054 893157
52.896510 893106
53.018198 889109
53.202242 886465
53.263133 886401
53.415156 881742
53.533324 879617
55.041523 875418
55.044342 873150
55.078537 872874
55.201458 870761
55.928320 870465
57.195116 869893
57.198136 869082
57.531701 868554
57.782596 860906
57.846460 860378
57.958337 860339
58.017406 857157
58.051185 855741
58.075524 851797
58.077419 851758
58.237092 851386
58.364185 851347
58.430203 851341
58.442075 850945
60.047610 850941
60.124307 850234
60.182168 849625
60.337408 847470
66.534275 844091
66.756710 844079
66.975122 843811
69.687207 843104
70.727277 840921
71.112656 840881
71.670182 840125
74.257415 839569
76.036525 838458
91.480581 838385
94.829866 838373
94.974417 837977
96.106264 836726
113.509143 836724
215.818252 835468
215.906594 831968
218.939197 829391
221.378810 827353
223.010905 825441
223.235567 824194
238.694538 823582
242.817563 823483
244.068415 822644
256.511000 821050
260.070267 820752
260.588174 820713
271.461499 820712
284.408086 820673
305.623679 819191
311.253935 817036
359.574938 816671
362.655795 816209
363.606316 816169
