0.001606 6326908
0.003683 6299169
0.007622 6291255
0.021676 6275258
0.022031 6270957
0.022403 6230541
0.022735 6228788
0.024514 6223584
0.025809 6211714
0.030037 6204494
0.033295 6194663
0.103003 6183022
0.104701 6157841
0.109811 6149864
0.209483 6143043
0.488569 6133739
0.492380 6131063
0.576052 6123034
0.704030 6104399
0.798537 6103319
0.800516 6075580
0.804494 6067666
0.813792 6051669
0.814144 6047368
0.814509 6006952
0.814856 6005199
0.816676 5999995
0.817997 5988125
0.822286 5980905
0.891836 5959433
0.893481 5934252
0.896946 5926275
1.269986 5910150
1.420476 5909430
1.579562 5908350
1.581533 5880611
1.585492 5872697
1.594741 5856700
1.595078 5852399
1.595412 5811983
1.595746 5810230
1.597544 5805026
1.598885 5793156
1.607291 5788877
1.656559 5786313
1.671611 5764464
1.673226 5739283
1.676621 5731306
2.042217 5715181
2.345898 5714101
2.347918 5686362
2.360923 5662451
2.361258 5658150
2.361606 5617734
2.361935 5615981
2.363739 5610777
2.365035 5598907
2.373326 5594628
2.422490 5592064
2.437573 5570215
2.439214 5545034
2.442285 5535503
2.819752 5517016
3.119586 5515936
3.121590 5488197
3.126175 5480283
3.134707 5464286
3.135041 5459985
3.135370 5419569
3.135700 5417816
3.137471 5412612
3.138783 5400742
3.147029 5396463
3.196130 5393899
3.211151 5372050
3.212765 5346869
3.216818 5338892
3.890259 5320252
3.891261 5318255
3.893203 5307329
3.895813 5302159
3.904276 5286162
3.904611 5281861
3.905102 5276900
3.905916 5224352
3.909484 5213296
3.996582 5188869
4.000649 5187906
4.083339 5186583
4.090477 5160853
4.665380 5155709
4.667714 5133272
4.672886 5132034
4.679398 5108123
4.679730 5103822
4.680224 5098861
4.681370 5037359
4.772870 5030401
4.773368 5029807
4.777427 5007776
4.779072 4998722
5.231411 4995201
5.432805 4990057
5.435080 4967620
5.442035 4963638
5.446783 4942471
5.447115 4938170
5.447604 4933209
5.448736 4871707
5.458276 4869605
5.540511 4864749
5.541054 4864155
5.546101 4845178
5.550183 4844215
5.659077 4824535
6.204559 4819391
6.205059 4801832
6.208957 4787802
6.218582 4771805
6.218918 4767504
6.219411 4762543
6.220714 4744179
6.221047 4728529
6.221706 4708261
6.230164 4698939
6.311655 4681918
6.312641 4668368
6.972380 4658930
6.973364 4654493
6.976779 4631635
6.986393 4615638
6.986727 4611337
6.988027 4562484
6.992884 4553439
6.997903 4542772
7.160036 4537713
7.161234 4525448
7.212424 4506373
7.742922 4496935
7.745511 4478792
7.756903 4453643
7.757237 4449342
7.758538 4400489
7.768424 4380777
7.929433 4375718
7.930602 4363453
8.085113 4352787
8.124086 4351818
8.510841 4342380
8.515235 4315085
8.524838 4299088
8.525175 4294787
8.526493 4245934
8.531344 4236889
8.536364 4226222
8.697125 4221163
8.698272 4208898
9.133789 4205672
9.277653 4196234
9.282066 4168939
9.291682 4152942
9.292016 4148641
9.293316 4099788
9.298179 4090743
9.306830 4088418
9.364816 4088153
9.457594 4087971
9.461671 4060854
9.650142 4058748
10.053172 4049310
10.056250 4036045
10.063376 4031167
10.067133 4006018
10.067464 4001717
10.068755 3952864
10.072631 3933152
10.240277 3915828
10.826387 3879095
10.835810 3863098
10.836144 3858797
10.837930 3816628
10.842485 3800899
10.850982 3798574
10.898524 3792711
11.052097 3782038
11.596795 3745305
11.606347 3729308
11.606691 3725007
11.608808 3698436
11.613021 3667109
11.621489 3664784
11.669221 3664519
11.941223 3650776
12.360185 3645632
12.360685 3628073
12.371545 3598046
12.371879 3593745
12.373971 3567174
12.377056 3525180
12.958907 3513672
13.126202 3508528
13.126718 3490969
13.133170 3476939
13.137557 3460942
13.137890 3456641
13.140000 3430070
13.143075 3388076
13.886985 3387612
13.887162 3359257
13.898294 3351343
13.921279 3349992
13.926982 3344307
13.931685 3323744
13.933794 3321594
13.935433 3314105
13.948214 3306573
13.974850 3305163
13.978247 3299020
14.127813 3293998
14.172182 3270557
14.180586 3266668
14.645784 3263098
14.653543 3262634
14.653719 3234279
14.664873 3226365
14.687844 3225014
14.693509 3219329
14.698407 3215065
14.700362 3196616
14.701974 3189127
14.741432 3180185
14.893811 3169020
14.938240 3145579
14.946656 3141690
15.419524 3141226
15.419702 3112871
15.440056 3105972
15.457894 3095752
15.464432 3093657
15.466409 3075208
15.468021 3067719
15.509545 3060226
15.514920 3043843
16.184492 3043379
16.184670 3015024
16.205044 3008125
16.218337 2998768
16.222879 2997905
16.229353 2995810
16.237927 2988707
16.244111 2983256
16.274496 2962379
16.468977 2949765
16.479477 2942115
16.951008 2941651
16.951186 2913296
16.964458 2905382
16.986961 2889430
17.001680 2860612
17.251596 2859933
17.252576 2849536
17.718866 2849072
17.719092 2820717
17.732390 2812803
17.758332 2801503
17.773063 2788949
17.778601 2783227
17.803477 2768072
18.052266 2761712
18.294420 2743887
18.491408 2743423
18.491587 2715068
18.504873 2707154
18.531398 2697949
18.534500 2691202
18.546454 2688751
18.549210 2662384
18.824268 2656063
19.257861 2655599
19.258039 2627244
19.271305 2619330
19.297828 2610125
19.300934 2603378
19.312937 2600927
19.315716 2574560
20.025521 2574096
20.036832 2570073
20.038973 2537827
20.059323 2530791
20.068561 2521875
20.119173 2507615
20.152125 2502884
20.275765 2496126
20.792940 2495662
20.804255 2491639
20.806378 2459393
20.831929 2450188
20.836003 2443441
20.891800 2440854
20.906218 2436619
20.916763 2418542
21.561059 2418078
21.572445 2414055
21.574583 2381809
21.600148 2372604
21.604215 2365857
21.659941 2363270
21.674375 2359035
21.700909 2351661
21.837319 2351111
21.974676 2347994
22.327816 2347530
22.339155 2343507
22.341274 2311261
22.366835 2302056
22.370898 2295309
22.426702 2292722
22.466883 2290176
22.604125 2280563
23.093408 2280099
23.104744 2276076
23.106880 2243830
23.136506 2227878
23.232363 2213682
23.443666 2207324
23.860997 2206860
23.872330 2202837
23.874465 2170591
23.904091 2154639
23.970217 2150614
24.002730 2149506
24.532817 2145142
24.628461 2144678
24.639800 2140655
24.641915 2108409
24.671578 2092457
24.737731 2088432
24.770227 2087324
25.395854 2086860
25.407185 2082837
25.409302 2050591
25.438907 2034639
26.163415 2026151
26.163803 2025008
26.176975 1997906
26.408314 1990085
26.412033 1985487
26.597770 1983115
26.930893 1974627
26.931231 1973484
26.944328 1946382
27.125788 1935999
27.384909 1926405
27.710131 1917917
27.710495 1916774
27.723571 1889672
27.954512 1881851
27.962454 1877253
28.475449 1868765
28.475787 1867622
28.488888 1840520
28.907450 1835498
29.231582 1832807
29.242403 1824319
29.242739 1823176
29.257451 1819532
29.273469 1800945
29.663695 1796275
29.674171 1791052
30.009895 1782564
30.010277 1781421
30.025002 1777777
30.041033 1759190
30.464972 1745245
30.777081 1736757
30.777421 1735614
30.792156 1731970
30.808164 1713383
31.253170 1712557
31.332451 1706767
31.543458 1698279
31.543796 1697136
31.558488 1693492
31.574528 1674905
32.020131 1674079
32.114661 1672421
32.308256 1671323
32.309889 1662835
32.310220 1661692
32.324788 1657448
32.340985 1639461
32.786034 1638635
32.880455 1636977
33.077101 1628489
33.077444 1627346
33.092002 1623102
33.108185 1605115
33.552798 1604289
33.843019 1595801
33.843361 1594658
33.857925 1590414
33.874101 1572427
34.611577 1571729
34.623540 1567940
34.639435 1560499
34.685740 1556747
34.813890 1554335
34.950289 1553674
34.951133 1547945
34.965505 1547157
35.139475 1546788
35.365442 1545293
35.378160 1544595
35.390138 1540806
35.406062 1533365
35.452509 1529613
35.580889 1527201
35.718344 1520811
35.732756 1520023
35.906983 1519654
36.146412 1518956
36.158434 1515167
36.174386 1507726
36.220887 1503974
36.349199 1501562
36.486547 1495172
36.500897 1494384
36.913311 1493686
36.925292 1489897
36.941133 1482456
36.987658 1478704
37.115843 1476292
37.253040 1469902
37.416732 1469461
37.689761 1468763
37.701740 1464974
37.717587 1457533
37.764072 1453781
37.892201 1451369
38.029228 1444979
38.455468 1444281
38.467461 1427205
38.658398 1426887
38.818582 1425570
38.865157 1424476
38.897262 1422927
39.077178 1422181
39.106986 1421130
39.147373 1420506
39.222538 1419808
39.234487 1402732
39.424788 1402414
39.584652 1401097
39.631176 1400003
39.663202 1398454
39.873113 1396657
39.988513 1395959
40.000470 1378883
40.190747 1378565
40.350899 1377248
40.397464 1376154
40.429592 1374605
40.754717 1373907
40.766665 1356831
40.956643 1356513
41.116364 1355196
41.152441 1350342
41.164056 1332964
41.520075 1332266
41.532071 1315190
41.722517 1314872
41.882355 1313555
42.200953 1312822
42.286599 1312124
42.298584 1295048
42.488787 1294730
42.648858 1293413
42.906086 1290024
43.052412 1289326
43.064382 1272250
43.254719 1271932
43.414607 1270615
43.818416 1269917
43.830391 1252841
44.020635 1252523
44.584557 1251825
44.596535 1234749
45.013666 1234450
45.350731 1233752
45.362734 1216676
46.126653 1213714
46.126998 1206624
46.142182 1205970
46.178336 1202805
46.568794 1202000
46.797536 1201831
46.830057 1199905
46.894432 1196943
46.910088 1189199
46.946410 1186034
47.338729 1185229
47.567224 1185060
47.639376 1184225
47.663082 1181263
47.678686 1173519
47.714892 1170354
48.107524 1169549
48.336057 1169380
48.432095 1166418
48.447706 1158674
48.483782 1155509
48.874270 1154704
49.198401 1151742
49.213944 1143998
49.250069 1140833
49.966489 1137871
49.982049 1130127
50.188113 1129769
50.604634 1128097
50.610793 1127088
50.734990 1124126
50.750598 1116382
50.895689 1115566
51.502685 1112604
51.518231 1104860
51.691050 1103952
52.271065 1100990
52.286648 1093246
52.544207 1092888
53.024482 1092718
53.038048 1089756
53.053632 1082012
53.311061 1081654
53.805572 1078692
53.821181 1070948
54.078213 1059938
54.572208 1056976
54.587753 1049232
55.327753 1049080
55.341956 1046118
55.357556 1038374
56.110046 1037786
56.113973 1037525
56.125653 1031166
56.443946 1030292
56.498861 1029875
56.669031 1029478
56.878605 1028890
56.882581 1028629
56.894241 1022270
57.212289 1021396
57.267327 1020979
57.598407 1020762
57.646578 1020174
57.650517 1019913
57.662180 1013554
57.979804 1012680
58.034693 1012263
58.412769 1011675
58.416693 1011414
58.428321 1005055
58.745901 1004181
59.178917 1003593
59.182823 1003332
59.194451 996973
59.556910 996363
59.946426 995775
59.950342 995514
59.961982 989155
60.718585 988306
60.794795 987129
60.809863 987082
60.921449 986854
60.942482 986278
60.987458 983128
61.281888 983113
61.399685 982228
61.484948 981379
61.561323 980202
61.576379 980155
61.688089 979927
61.709096 979351
61.754165 976201
62.048957 976186
62.252101 975337
62.328317 974160
62.343337 974113
62.454820 973885
62.475800 973309
62.520873 970159
62.815024 967161
63.018045 966312
63.094276 965135
63.109299 965088
63.221009 964860
63.242022 964284
63.287098 961134
63.555806 955999
63.784067 955150
63.860381 953973
63.875427 953926
63.986973 953698
64.007951 953122
64.053003 949972
64.551047 949123
64.627292 947946
64.642373 947899
64.753971 947671
64.774987 947095
64.913382 946626
64.967499 945722
65.097340 945157
65.318175 944308
65.394595 943131
65.409634 943084
65.521167 942856
65.542169 942280
65.680491 941811
65.734599 940907
66.084676 940058
66.160997 938881
66.176038 938834
66.287716 938606
66.308723 938030
66.446882 937561
66.792513 937426
66.850945 936577
66.927343 935400
66.942370 935353
67.053872 935125
67.074870 934549
67.213113 934080
67.617011 933231
67.693322 932054
67.708374 932007
67.819899 931779
67.840911 931203
68.194100 931026
68.208775 930900
68.383325 930051
68.459523 928874
68.474575 928827
68.585955 928599
68.606979 928023
69.089872 928007
69.148822 927158
69.225014 925981
69.240080 925934
69.351537 925706
69.372534 925130
69.855631 919524
69.915047 918675
69.991233 917498
70.006260 917451
70.117533 917223
70.138560 916647
70.680336 915798
70.756461 914621
70.771525 914574
70.890665 907798
71.446560 906949
71.522798 905772
71.537862 905725
71.688147 905058
72.000424 905001
72.212400 904152
72.288714 902975
72.303753 902928
72.454017 902261
72.978011 901412
73.054273 900235
73.069317 900188
73.744026 899339
74.170236 898372
74.510229 897523
74.966430 897254
74.966609 896861
75.276101 896012
75.732320 895938
75.860404 895414
76.041740 894565
76.498584 894491
76.628362 893523
76.808344 892674
77.217027 889570
77.393726 876631
77.573855 875782
78.029598 875708
78.339174 874859
79.347509 874819
79.385271 874514
79.552054 874058
80.115134 874018
80.152947 873713
80.880418 873673
80.942751 870011
81.646018 869971
81.743176 867409
82.410693 867369
82.496091 863049
82.507760 855659
83.177389 855619
83.673946 855331
83.943046 855291
84.439403 853850
84.708486 853810
