0.000467 5873678
0.000821 5831463
0.003255 5798827
0.010493 5782513
0.035233 5761582
0.037980 5710741
0.069149 5710451
0.075432 5687051
0.233054 5666724
0.441699 5665541
0.769730 5653543
0.770062 5611328
0.772469 5578692
0.776323 5568136
0.779707 5562378
0.802756 5541447
0.805660 5527463
0.805990 5517676
0.831688 5514554
0.832664 5490316
0.989113 5488270
1.002225 5443753
1.532243 5431755
1.532583 5389540
1.535960 5384287
1.536453 5362832
1.538876 5346348
1.542270 5340590
1.565350 5297704
1.594020 5292766
1.594982 5268528
2.292761 5256530
2.293486 5255662
2.293834 5225269
2.294159 5203826
2.297035 5187607
2.299467 5171123
2.302842 5165365
2.326054 5122479
2.444005 5113216
2.452883 5112782
2.454219 5072099
3.058267 5060101
3.058922 5059233
3.059249 5028840
3.061667 5012438
3.061996 4980022
3.085842 4975739
3.091502 4933801
3.157312 4929554
3.282839 4911559
3.322347 4905514
3.755515 4905184
3.774541 4903448
3.823514 4891450
3.824160 4890582
3.824485 4860189
3.826955 4843787
3.827292 4811371
3.856663 4765150
3.867574 4757399
4.045825 4742908
4.085317 4736863
4.587309 4724865
4.588005 4723997
4.588336 4693604
4.590434 4639458
4.593826 4633700
4.620453 4598565
4.631401 4590814
4.840206 4584142
5.347860 4572144
5.348512 4571276
5.348838 4540883
5.352836 4503221
5.355898 4492065
5.383598 4467001
5.392267 4452888
5.574567 4423602
6.107803 4411604
6.108456 4410736
6.108782 4380343
6.110883 4328470
6.112810 4320439
6.141695 4307630
6.152255 4292348
6.200107 4288650
6.353757 4288148
6.359841 4278614
6.865752 4266616
6.866404 4265748
6.866731 4235355
6.871558 4197693
6.874618 4186537
6.902398 4161473
6.910270 4147360
7.558913 4132263
7.625252 4120265
7.625916 4119397
7.626243 4089004
7.631045 4051342
7.634118 4040186
7.637815 4037131
7.651429 4035903
7.661834 4015122
7.666985 3994185
8.331771 3991144
8.386404 3979146
8.387056 3978278
8.387383 3947885
8.392197 3910223
8.395256 3899067
8.412632 3894784
8.423074 3874003
8.479280 3869620
9.024247 3862064
9.147623 3850066
9.148272 3849198
9.148606 3818805
9.153411 3781143
9.156463 3769987
9.173785 3765704
9.184213 3744923
9.240002 3740540
9.907116 3728542
9.908892 3725132
9.909230 3700277
9.912922 3659619
9.915986 3648463
9.933319 3644180
9.943776 3623399
10.667649 3543259
10.676147 3531322
10.693457 3527039
10.716804 3518027
10.724206 3511110
11.430018 3503154
11.430193 3502889
11.430840 3496712
11.431013 3467327
11.431500 3440032
11.433432 3438762
11.434258 3424261
11.685349 3409076
11.712060 3405708
11.721751 3388651
12.193610 3380695
12.193784 3380430
12.194435 3374253
12.194604 3344868
12.195094 3317573
12.199128 3308511
12.371002 3304968
12.458952 3290588
12.459774 3288197
12.471640 3281436
12.624074 3275235
12.957872 3267279
12.958045 3267014
12.958691 3260837
12.958861 3231452
12.959350 3204157
13.134500 3191552
13.222364 3177172
13.223180 3174781
13.235009 3168020
13.422829 3167939
13.718961 3159983
13.719134 3159718
13.719778 3153541
13.719946 3124156
13.720433 3096861
13.724458 3081090
13.983433 3067485
14.018161 3066735
14.478289 3058779
14.478463 3058514
14.479108 3052337
14.479276 3022952
14.479760 2995657
14.490529 2986595
14.654594 2983052
14.737984 2968672
14.743296 2966281
14.750652 2959520
15.238237 2951564
15.238414 2951299
15.239060 2945122
15.239227 2915737
15.239716 2888442
15.240522 2872671
15.503834 2859066
15.998703 2851110
15.998878 2850845
15.999524 2844668
15.999691 2815283
16.000177 2787988
16.189207 2782891
16.762224 2774935
16.762405 2774670
16.763054 2768493
16.764660 2767002
16.765469 2696042
17.521803 2690223
17.523736 2688266
17.527589 2687070
17.534335 2665301
17.535149 2664961
17.537730 2654040
17.605049 2635574
17.646276 2623846
17.934416 2621373
18.282371 2615554
18.284294 2613597
18.288928 2588938
18.298248 2579371
18.366230 2559588
18.407453 2554162
18.567521 2541296
18.835625 2529169
19.042529 2523350
19.044450 2521393
19.049261 2502555
19.055871 2498088
19.058441 2487167
19.171506 2456973
19.803648 2451154
19.816966 2425892
19.829148 2418458
19.941067 2415346
19.953080 2414117
19.955325 2404245
19.966393 2386691
20.439956 2376896
20.562706 2371077
20.573125 2369120
20.576044 2345815
20.602632 2344388
20.647411 2339247
20.700405 2335269
20.712469 2334040
20.714725 2324168
20.725772 2306614
21.322140 2300795
21.332591 2298838
21.335502 2275533
21.362174 2274106
21.407021 2268965
21.460563 2264987
21.472590 2263758
21.474854 2253886
21.967076 2242559
22.082931 2236740
22.096510 2211478
22.110631 2204044
22.223723 2200932
22.236052 2199703
22.238357 2189831
22.792089 2175510
22.846457 2169691
22.859779 2144429
22.889012 2143002
22.933874 2137861
22.984041 2133883
22.996063 2132654
22.998314 2122782
23.606222 2116963
23.607994 2096168
23.619597 2091701
23.648736 2090274
23.693420 2085133
23.741172 2077067
23.846670 2052422
24.368127 2046603
24.370069 2037280
24.386765 2013907
24.795541 2005345
24.977430 2004188
24.995195 1988101
25.130220 1982282
25.132155 1972959
25.148849 1949586
25.558315 1941024
25.739278 1939867
25.891958 1934048
25.893915 1924725
25.910638 1901352
26.033819 1894152
26.318632 1892790
26.651845 1886971
26.653794 1877648
26.670491 1854275
27.178449 1850880
27.393347 1848764
27.431939 1842945
27.433953 1833622
27.451300 1810249
27.955697 1806854
28.199005 1801035
28.200933 1791712
28.217663 1768339
28.976388 1766004
28.978185 1753436
29.006477 1751101
29.023980 1741725
29.040889 1738969
29.225455 1733114
29.225641 1722624
29.739117 1720289
29.747276 1716805
29.769101 1705386
29.791465 1701925
29.820793 1694994
29.996819 1689113
30.006276 1681477
30.498550 1679142
30.505641 1666574
30.528636 1664239
30.551493 1654863
30.568295 1652107
30.930937 1645092
30.997867 1642914
31.259822 1640579
31.266758 1637095
31.277834 1634988
31.289906 1625676
31.310901 1622215
31.337435 1618869
31.340331 1615284
31.668413 1609905
31.963183 1607792
32.023103 1605457
32.030030 1601973
32.041088 1599866
32.053208 1590554
32.074198 1587093
32.100786 1583747
32.103688 1580162
32.432318 1574783
32.787115 1572448
32.794032 1568964
32.805125 1566857
32.817223 1557545
32.838259 1554084
32.864820 1550738
32.867721 1547153
33.234793 1546816
33.499953 1546784
33.525902 1543419
33.548751 1541084
33.555671 1537600
33.566727 1535493
33.578792 1526181
33.599752 1522720
33.626290 1519374
33.629187 1515789
33.996571 1515452
34.260477 1515420
34.309379 1513085
34.316271 1509601
34.327382 1507494
34.339426 1498182
34.360480 1494721
34.386941 1491375
34.389847 1487790
34.757823 1487453
35.071482 1485118
35.078378 1481634
35.089454 1479527
35.101527 1470215
35.122594 1466754
35.149009 1463408
35.151909 1459823
35.548552 1453678
35.833446 1451343
35.840363 1447859
35.851471 1445752
35.863564 1436440
35.884577 1432979
35.911135 1429633
35.914026 1426048
36.614206 1424355
36.614387 1410906
36.662195 1405349
36.761592 1401592
36.898005 1400771
37.112461 1398703
37.112966 1398337
37.388474 1396644
37.388654 1383195
37.436497 1380202
37.536326 1373881
37.676365 1372911
38.162237 1370576
38.190507 1360573
38.205928 1352212
38.306090 1348455
38.923351 1346120
38.951509 1336117
38.966927 1327756
39.179128 1327260
39.673610 1327102
39.689080 1324767
39.717214 1314764
39.732652 1306403
39.943919 1305907
40.449953 1304214
40.450130 1290765
40.496846 1287772
40.782865 1286498
40.842484 1286002
41.222598 1283667
41.250694 1273664
41.266082 1265303
41.971012 1263659
41.984528 1262968
41.985346 1260562
42.029101 1259931
42.075106 1255950
42.104660 1251491
42.238009 1250737
42.390977 1249013
42.391794 1244633
42.732235 1242989
42.745733 1242298
42.746550 1239892
42.790359 1239261
42.836247 1235280
42.865710 1230821
42.998872 1230067
43.120320 1225653
43.131396 1223610
43.492717 1221966
43.506821 1221275
43.507636 1218869
43.551407 1218238
43.597205 1214257
43.626781 1209798
43.759939 1209044
43.998061 1205394
44.238510 1204131
44.254357 1202487
44.267858 1201796
44.268673 1199390
44.312308 1198759
44.358182 1194778
44.387698 1190319
44.520902 1189565
44.758232 1185915
45.014455 1184271
45.027912 1183580
45.028727 1181174
45.072642 1180543
45.118526 1176562
45.147988 1172103
45.281385 1171349
45.617458 1168197
45.776451 1166553
45.789969 1165862
45.790786 1163456
45.834628 1162825
45.880714 1158844
45.910267 1154385
46.043392 1153631
46.429900 1150534
46.537940 1148890
46.551406 1148199
46.552221 1145793
46.595918 1145162
46.641820 1141181
46.671235 1136722
46.804629 1135968
47.276327 1134743
47.288454 1132933
47.298357 1131289
47.311851 1130598
47.312668 1128192
47.402554 1123580
47.432084 1119121
47.565666 1118367
48.044190 1113162
48.066952 1111518
48.080744 1110827
48.081595 1108421
48.173336 1103809
48.203389 1099350
48.336737 1098596
48.829477 1096952
48.843000 1096261
48.843817 1093855
48.933807 1089243
48.963331 1084784
49.604629 1082449
49.605451 1080043
49.695333 1078123
49.819442 1073262
49.826658 1056243
50.365841 1053908
50.366663 1051502
50.456765 1049582
50.747842 1047544
51.071238 1045354
51.126585 1043019
51.127407 1040613
51.217267 1038693
51.508919 1036655
51.889356 1034320
51.890190 1031914
51.979798 1029994
52.282601 1029352
52.583869 1028947
52.650697 1026612
52.651514 1024206
52.741249 1022286
53.043865 1021644
53.413298 1019309
53.414135 1016903
53.506378 1014983
53.838520 1014581
54.191985 1012246
54.192807 1009840
54.282724 1007920
54.792892 1007879
54.951722 1005544
54.952542 1003138
55.042466 1001218
55.713247 998883
55.714083 996477
56.050666 996157
56.195175 995088
56.474416 992753
56.475232 990347
56.814830 990027
57.034368 988967
57.249429 986632
57.250283 984226
57.568317 981099
58.011160 978764
58.011980 976358
58.268829 971901
58.771815 969566
58.772635 967160
59.036963 966840
59.307691 965489
59.540444 963154
59.541288 960748
59.812602 960428
60.216389 960224
60.309029 957889
60.309892 955483
60.577287 955163
60.981232 945882
61.073804 943547
61.074624 941141
61.339737 940821
61.836184 938486
61.837015 936080
62.598450 933745
62.599128 932646
62.734794 932403
62.748807 931749
63.364312 930105
63.378182 929414
63.378859 928315
63.515958 928072
64.162228 925737
64.162947 924638
64.923475 922303
65.016138 921440
65.530178 921274
65.691071 918939
65.782715 918076
66.395235 917928
66.454279 915593
66.544792 914730
67.191034 914609
67.216598 912274
67.307168 911411
67.977765 909076
68.079994 908732
68.486737 908705
68.739457 906370
68.841790 906026
69.498324 904382
69.501738 903691
69.589900 901001
70.273071 898666
71.019911 898409
71.048986 896074
71.780836 896047
71.784848 895346
71.786635 895073
71.812034 892738
72.609575 891900
72.683342 891815
73.257142 891491
73.372485 890653
73.446272 890568
74.134361 889730
74.845526 889663
74.894520 888825
75.967605 888268
76.292356 888082
76.379644 888024
76.738254 887467
77.058033 887281
77.147269 887279
77.499815 886722
77.819539 886536
78.262915 885979
78.586588 885599
79.022148 885042
79.913635 884863
79.922925 884565
80.683230 884526
231.643391 882914
232.069041 882888
232.146602 882776
232.415991 879797
232.840210 879771
232.988880 879673
233.177136 876694
233.598246 876668
233.936318 873689
234.377434 873346
234.696022 870367
235.457658 868865
235.487816 868592
235.708408 867627
236.217439 866125
236.247525 865852
236.877222 865359
236.896738 865231
236.977912 863729
237.008010 863456
237.638331 862963
237.738733 861461
237.768853 861188
238.499593 859686
238.645258 859585
239.260036 858083
240.035269 856627
240.812191 855727
241.288224 855663
241.380870 855472
241.450814 855238
241.570890 854338
242.048311 854274
242.141478 854083
242.331621 853183
242.808920 853119
243.092620 852219
243.736827 852182
243.852517 851282
245.252156 851242
475.362096 845632
475.604701 845415
475.871676 845025
476.366343 844808
477.098772 844769
477.544384 844768
477.859726 844729
