1.118375 916195
1.213319 916064
1.259441 912140
1.424590 909686
1.427916 904356
1.503961 903201
1.598855 903070
1.644557 899146
1.778439 897581
1.827126 895888
1.888650 894733
1.983626 894602
2.029414 890678
2.164368 889113
2.278143 887958
2.373014 887827
2.418761 883903
2.547938 883813
2.643561 883267
2.665735 882112
2.760651 881981
2.806386 878057
2.935860 877967
3.032251 877930
3.050742 876775
3.145772 876644
3.191540 872720
3.320828 872630
3.435803 871475
3.532583 871344
3.578417 867420
3.822541 866265
3.917483 866134
3.937577 865608
3.943987 862729
4.207129 861574
4.301938 861443
4.321958 856599
4.593307 855444
4.688150 855313
4.708141 854526
4.822535 852682
4.832031 852504
4.979024 851349
5.074122 851218
5.094097 850431
5.208499 850041
5.276278 849981
5.363937 848826
5.458834 848695
5.478848 847908
5.593348 847518
5.748918 846363
5.843802 846232
5.863749 845445
5.977830 842966
6.133292 841811
6.228012 841680
6.247993 840893
6.517725 839738
6.612479 839607
6.791348 839193
6.870078 838861
6.902122 837706
6.997027 837575
7.175870 837161
7.258335 835951
7.286628 834796
7.381494 834665
7.560301 834251
7.671060 833096
7.765826 832965
7.969624 832835
8.057389 831680
8.152176 831549
8.441812 830394
9.132625 829708
9.526870 828861
26.173631 826940
26.749166 826546
26.749271 826197
26.770118 824867
27.133866 824473
27.133966 824124
27.286466 823967
27.288419 823451
27.518566 823057
27.518662 822708
27.902627 821771
28.447111 821085
28.848826 820238
44.627723 820017
44.884816 819623
44.884913 819274
45.270530 818337
45.799207 818158
45.801503 817860
45.810147 817651
46.183797 817472
46.186090 817174
46.200214 816804
46.569112 816625
46.571380 816327
46.957329 816288
