0.000784 5973377
0.005426 5949624
0.012765 5941713
0.043292 5937369
0.059065 5922165
0.430076 5903849
0.518472 5882739
0.779936 5735767
0.784460 5712014
0.791742 5704103
0.817236 5701304
0.832244 5700159
0.837769 5684555
1.193174 5683963
1.196740 5666239
1.545100 5519267
1.556756 5506213
1.559373 5501449
1.585619 5488291
1.585961 5483259
2.157671 5445270
2.311252 5298298
2.343512 5293635
2.350320 5264889
2.354704 5263835
2.369801 5262690
2.891880 5239888
3.089691 5092916
3.098421 5079862
3.101009 5075098
3.129381 5072893
3.132157 5069016
3.134279 5058453
3.149274 5057308
3.731206 5051116
3.836492 5043238
3.861312 4896266
3.870007 4883212
3.872601 4878448
3.899869 4876243
3.902633 4872366
3.920126 4862203
4.511166 4854466
4.641375 4707494
4.673688 4702831
4.679961 4687471
4.696902 4681160
4.699980 4673431
5.307176 4668422
5.406376 4521450
5.438728 4516787
5.445024 4501427
6.173898 4468414
6.174234 4435487
6.174724 4420804
6.176342 4396738
6.179255 4358225
6.337576 4339798
6.640825 4328247
6.939088 4295234
6.939426 4262307
6.939918 4247624
6.941549 4223558
6.943810 4199107
6.948196 4181275
7.102644 4166618
7.164956 4153778
7.704947 4120765
7.705299 4087838
7.705790 4073155
7.706602 4045821
7.707411 4016307
7.870441 3993081
8.473258 3960068
8.473613 3927141
8.474425 3888972
8.655739 3879595
8.692251 3872427
8.702741 3862645
8.860135 3844073
9.239900 3811060
9.240238 3778133
9.241051 3739964
9.247673 3739384
9.249945 3714933
9.865991 3714370
10.004093 3681357
10.004427 3648430
10.005244 3610261
10.014129 3585230
10.771601 3559763
10.772906 3558444
10.800899 3549244
10.801232 3522519
10.807519 3512762
10.808336 3511986
10.809151 3489999
10.911451 3475457
11.540012 3449419
11.568334 3439471
11.568990 3407468
11.576597 3380226
11.859632 3374758
11.902257 3369607
12.053582 3351254
12.305620 3325216
12.333945 3315268
12.334599 3283265
12.433519 3278326
12.467584 3265875
12.582293 3260955
12.584122 3256790
12.633020 3200368
13.073975 3182559
13.081629 3173582
13.101697 3164382
13.102352 3132379
13.106411 3105137
13.465680 3091714
13.839672 3073905
13.866741 3069647
13.867233 3055728
13.867889 3023725
13.965958 3018786
14.010724 3007950
14.114091 3001415
14.203573 2992587
14.209068 2985143
14.456978 2984116
14.606635 2966307
14.633792 2962049
14.634284 2948130
14.634933 2916127
14.646208 2888885
14.971223 2884989
15.095217 2879734
15.373935 2861925
15.401088 2857667
15.401593 2843748
15.402242 2811745
15.413541 2784503
16.138043 2775213
16.145821 2757717
16.202298 2745965
16.208605 2709523
16.227576 2671138
16.904882 2661848
16.910069 2653329
16.941657 2647198
16.969735 2580839
17.673822 2571549
17.678999 2563030
17.710680 2556899
17.801216 2555316
17.809498 2538359
17.812711 2529327
17.820351 2526131
17.860792 2497075
18.447192 2487785
18.454163 2470289
18.513226 2464448
18.587994 2447295
18.590762 2444779
18.593847 2442367
18.640504 2427839
18.640678 2427537
18.651017 2418833
18.888931 2409653
19.214190 2400363
19.226588 2391844
19.258187 2385713
19.348423 2384130
19.349081 2378676
19.355060 2338445
19.408544 2338257
19.978221 2328967
19.990605 2320448
20.022153 2314317
20.112311 2312734
20.116818 2306235
20.118920 2267049
20.453849 2261924
20.740992 2252634
20.784961 2237984
20.875340 2236401
20.881818 2209628
20.884893 2207216
21.064867 2205981
21.505389 2196691
21.541553 2190632
21.549493 2182041
21.639999 2180458
21.642916 2163501
21.649514 2151273
21.886451 2143796
22.269863 2134506
22.314042 2119856
22.404428 2118273
22.407345 2101316
22.411868 2091500
22.413988 2089088
22.639202 2087902
23.033658 2078612
23.068565 2072553
23.077834 2063962
23.168354 2062379
23.175325 2060907
23.176623 2052584
23.177115 2051245
23.177949 2033194
23.604207 2027219
23.798892 2017929
23.833769 2011870
23.842991 2003279
23.933615 2001696
23.940539 1984882
23.943157 1972511
24.565304 1963221
24.603595 1957091
24.609236 1948571
24.699514 1946988
24.714979 1943773
24.716268 1936108
24.823050 1930118
25.027650 1920868
25.096994 1920004
25.328788 1910714
25.335391 1893218
25.478531 1891266
25.479822 1883601
25.586854 1877611
25.743275 1867591
26.092298 1858301
26.131651 1843651
26.161987 1831583
26.243912 1831188
26.351706 1826428
26.612913 1823937
26.661716 1819780
26.762493 1815948
26.856185 1806658
26.895462 1792008
26.925826 1779940
27.007532 1779545
27.115956 1774785
27.470961 1769546
27.522356 1768646
27.621090 1759356
27.630589 1752891
27.660272 1744706
27.690566 1732638
27.772137 1732243
27.880479 1727483
28.143180 1724992
28.387200 1715702
28.396052 1698206
28.425743 1696778
28.537348 1696254
28.538648 1688589
28.646988 1683829
29.036254 1678590
29.153805 1669300
29.162685 1651804
29.192368 1650376
29.303734 1649852
29.305031 1642187
29.413302 1637427
29.918462 1628137
29.927334 1610641
29.957038 1609213
30.070460 1592713
30.685608 1583423
30.694494 1565927
30.724172 1564499
30.905470 1561671
31.304059 1557987
31.450015 1548697
31.488608 1529773
31.525188 1521979
32.214386 1512689
32.214722 1495193
32.392318 1494905
32.405883 1489417
32.655606 1488006
32.979637 1478716
32.979974 1461220
33.159033 1460932
33.172613 1455444
33.746741 1446154
33.747078 1428658
33.882142 1422647
34.512464 1413357
34.512801 1395861
34.774339 1394411
35.184245 1391605
35.277627 1382315
35.277963 1364819
35.539334 1363369
36.043160 1354079
36.043495 1336583
36.078281 1335155
36.125712 1323475
36.806186 1314185
36.808931 1307720
36.884497 1297275
37.088682 1297199
37.497759 1296873
37.571508 1287583
37.574268 1281118
37.649200 1270673
37.852673 1270597
38.334771 1261307
38.380613 1242383
39.115513 1236643
39.115691 1233370
39.200871 1221593
39.572176 1221019
39.600226 1216771
39.765218 1216603
39.852876 1216183
39.881150 1210443
39.881348 1207170
39.966545 1195393
40.338347 1194819
40.366466 1190571
40.531127 1190403
40.647434 1184663
40.647611 1181390
40.732529 1169613
41.103713 1169039
41.131706 1164791
41.412421 1159051
41.412646 1155778
41.497623 1144001
42.178518 1138261
42.178695 1134988
42.272814 1127102
42.707665 1124648
42.943458 1118908
42.943635 1115635
43.037930 1107749
43.709117 1102009
43.709314 1098736
43.846658 1098323
43.864923 1087753
44.476406 1082013
44.476584 1078740
44.610656 1075534
44.652219 1073013
44.891668 1072595
45.156373 1072339
45.240550 1066599
45.240726 1063326
45.374797 1060120
45.416418 1057599
45.656985 1057181
45.926696 1057065
46.006571 1051325
46.006748 1048052
46.141156 1044846
46.182844 1042325
46.422761 1041907
46.772978 1036167
46.773155 1032894
46.907527 1029688
46.949230 1027167
47.539515 1021427
47.539694 1018154
47.674002 1014948
48.009760 1013925
48.061721 1013464
48.307616 1007724
48.307794 1004451
48.442226 1001245
48.783957 1000222
49.087126 994482
49.087310 991209
49.223608 988003
49.227824 985978
49.856136 980238
49.856316 976965
50.033553 975326
50.219361 974465
50.352723 974227
50.624428 968487
50.624606 965214
50.801161 963575
50.986195 962714
51.389962 956974
51.390139 953701
51.567294 952062
52.116509 951580
52.157430 945840
52.157606 942567
52.334241 940928
52.922866 935188
52.923044 931915
53.660959 930764
53.686301 925024
53.686477 921751
54.557774 918482
54.681423 918418
54.779766 917909
55.051134 915622
55.123397 914043
55.323619 910774
55.447489 910710
55.545865 910201
55.816632 907914
55.921410 906757
56.089661 903488
56.212953 903424
56.311184 902915
56.581653 900628
56.854137 897359
56.977444 897295
57.075861 896786
57.366292 894829
57.618706 891560
57.742451 891496
57.840919 890987
58.383584 887718
58.507326 887654
58.932076 887641
59.023375 887480
59.148339 884211
59.271945 884147
59.696962 884134
59.913310 880865
60.036657 880801
60.678568 877532
61.134728 877517
61.443713 874248
62.358865 872323
62.383814 871993
62.510180 871434
62.520509 871145
62.658903 871096
62.710066 871072
62.811015 871018
63.124984 869093
63.149994 868763
63.275801 868204
63.286164 867915
63.424294 867866
63.475482 867842
63.890540 865917
63.915573 865587
64.041820 865028
64.052163 864739
64.190420 864690
64.656087 862765
64.681116 862435
64.807538 861876
64.817915 861587
65.421107 859662
65.446173 859332
65.895622 858991
66.187209 857066
66.212205 856736
66.664501 856690
66.952651 854765
66.977759 854435
67.719543 852503
68.167178 852471
68.484611 850539
68.932253 846615
69.250079 844683
70.146787 843528
70.512635 843072
70.912749 841917
71.819532 841079
71.980722 841070
72.586648 840232
73.420937 840224
73.550344 840015
74.188996 840007
74.311649 839976
74.343434 839900
74.957139 839892
75.079700 839861
75.722360 839853
76.481832 838978
403.787919 838809
404.003244 823242
404.552719 822780
404.766904 821586
404.973858 818146
405.318883 817684
405.533542 816490
406.085541 816028
406.374930 815553
406.853569 815091
407.282933 814946
407.619596 814484
408.633154 814444
409.700791 814405
