0.000611 5790285
0.001281 5708459
0.096814 5704220
0.098953 5674932
0.099766 5649141
0.130316 5635410
0.378840 5630678
0.380615 5620931
0.383051 5600193
0.776022 5557254
0.776677 5475428
0.867657 5471189
0.869758 5441901
0.879136 5418333
0.887501 5388876
1.541916 5345937
1.542738 5324001
1.544349 5313846
1.544844 5312210
1.545820 5288495
1.550038 5279311
1.554709 5273320
1.634132 5259060
1.637846 5249255
1.639482 5234033
1.644984 5207016
2.097786 5194761
2.306927 5151822
2.307791 5129886
2.309399 5119731
2.309887 5118095
2.310875 5094380
2.319736 5079205
2.399349 5064945
2.403070 5055140
2.409037 5014127
3.077542 4971188
3.080462 4941247
3.084016 4928854
3.086129 4923514
3.090334 4898571
3.228552 4882343
3.228885 4880438
3.229533 4878853
3.231628 4875884
3.235184 4856103
3.264156 4851238
3.848892 4808299
3.851157 4805427
3.851646 4776208
3.852135 4774572
3.853098 4750857
3.861638 4735682
3.999524 4714337
4.001615 4677191
4.613605 4634252
4.615295 4633307
4.615794 4613496
4.616932 4586578
4.626487 4561635
4.779260 4554299
4.850194 4535736
4.850850 4530518
5.133359 4518252
5.377784 4475313
5.379418 4474368
5.379909 4454557
5.381037 4427639
5.390596 4402696
5.543696 4395360
5.614644 4383398
5.655653 4383264
5.708408 4382803
5.909800 4380002
5.946013 4363174
5.948253 4362035
5.978250 4360094
6.143551 4317155
6.145167 4316210
6.145656 4296399
6.146809 4269481
6.156341 4244538
6.308931 4237202
6.421153 4225106
6.473980 4224645
6.675908 4221844
6.714039 4175848
6.908489 4132909
6.910111 4131964
6.910601 4112153
6.911728 4085235
6.921263 4060292
7.073819 4052956
7.186060 4040860
7.238604 4040399
7.440705 4037598
7.630749 4027565
7.674427 3984626
7.676039 3983681
7.676535 3963870
7.677664 3936952
7.837059 3926556
7.837711 3925021
7.838698 3921215
7.839188 3904673
7.951087 3892577
8.003852 3892116
8.441159 3849177
8.442833 3848232
8.443327 3828421
8.445421 3827125
8.455438 3817086
8.455930 3815450
8.583745 3810192
8.584079 3791282
8.604629 3791107
8.605282 3789572
8.614487 3782297
8.637317 3766668
8.721475 3753861
9.207070 3710922
9.208694 3709977
9.209185 3690166
9.211298 3680981
9.218122 3675938
9.333709 3674749
9.348454 3670298
9.372185 3652852
9.382293 3645851
9.556115 3640231
9.606363 3635644
9.612165 3631010
9.620735 3620178
9.980533 3577239
9.982172 3576294
9.982665 3556483
9.984747 3547298
9.994763 3545148
9.995260 3543512
10.125583 3538254
10.125947 3519344
10.146778 3519169
10.180389 3494730
10.760389 3451791
10.763884 3429514
10.764391 3416807
10.906895 3412806
10.907239 3393896
10.931024 3384911
11.141248 3383240
11.197129 3381100
11.199300 3376513
11.500639 3376478
11.532798 3333539
11.536184 3311262
11.536678 3298555
11.675841 3294554
11.676177 3275644
11.699232 3266659
11.963783 3262848
11.965860 3258261
12.305691 3215322
12.309188 3193045
12.309694 3180338
12.449849 3176337
12.450202 3157427
12.474036 3157252
12.607295 3156211
12.670193 3154479
12.862340 3138705
13.074616 3095766
13.078022 3073489
13.078515 3060782
13.217662 3056781
13.218015 3037871
13.241863 3037696
13.437830 3034923
13.846418 2991984
13.849885 2969707
13.861435 2958257
13.975501 2955811
13.990298 2951360
14.023025 2935591
14.622510 2892652
14.631181 2880063
14.633284 2872903
14.637167 2858925
14.760940 2853667
14.761275 2834757
15.388145 2791818
15.396852 2779229
15.398970 2772069
15.402859 2758091
15.557242 2748327
16.159675 2705388
16.169080 2692799
16.171271 2685639
16.175173 2671661
16.551813 2650282
16.926861 2607343
16.935552 2594754
16.937643 2587594
16.941532 2573616
17.676390 2573186
17.701995 2530247
17.710927 2517658
17.713067 2510498
17.745637 2504186
17.921319 2497346
18.437702 2489944
18.470964 2447005
18.479697 2434416
18.481801 2427256
18.593328 2422233
18.688197 2414104
19.234610 2371165
19.243320 2358576
19.245432 2351416
19.357129 2346393
19.997157 2303454
20.005839 2290865
20.007965 2283705
20.318433 2279911
20.763460 2236972
20.772201 2224383
20.774323 2217223
21.528640 2211165
21.543393 2190455
21.574498 2159590
21.664129 2156391
22.301089 2150333
22.315824 2129623
22.346814 2098758
23.067704 2080890
23.069013 2069330
23.174499 2054531
23.197863 2051901
23.256564 2049989
23.465514 2042834
23.836345 2024966
23.837645 2013406
23.942567 1998607
23.948809 1984941
24.602579 1967073
24.654979 1965344
24.664250 1964057
24.777861 1950039
24.936856 1945233
24.937190 1940658
24.939308 1920269
25.369497 1902401
25.376431 1890841
25.545334 1885367
25.736453 1881965
25.791390 1871683
26.137225 1853815
26.144203 1842255
26.312598 1836781
26.502603 1833379
26.672331 1833084
26.842122 1830524
26.901946 1812656
26.908846 1801096
27.076976 1795622
27.268386 1792220
27.438846 1791925
27.526553 1791346
27.669216 1773478
27.676175 1761918
27.844345 1756444
28.034247 1753042
28.204067 1752747
28.223509 1752069
28.262483 1744562
28.434894 1726694
28.441842 1715134
28.609999 1709660
28.799955 1706258
28.969646 1705963
29.198493 1688095
29.252336 1686366
29.261470 1685079
29.375578 1671061
29.566030 1667659
29.752729 1666686
29.965769 1648818
30.018210 1647089
30.027084 1645802
30.140179 1631784
30.330352 1628382
30.731176 1610514
30.783972 1608785
30.792861 1607498
30.906722 1593480
31.212920 1592815
31.497878 1574947
31.550631 1573218
31.559576 1571931
31.673269 1557913
32.262431 1540045
32.270568 1528485
32.487930 1523486
33.030608 1523079
33.031112 1505211
33.039175 1493651
33.256179 1488652
33.795533 1470784
33.844367 1469055
33.856764 1467768
33.926161 1461149
34.092745 1456553
34.556447 1438685
34.563400 1427125
35.004965 1425040
35.319092 1407172
35.325996 1395612
36.114843 1393277
36.130126 1374716
36.190607 1372818
36.519977 1347006
36.878559 1344671
36.893935 1326110
36.954518 1324212
37.310161 1324130
37.581004 1322434
37.645332 1320099
37.660611 1301538
37.721252 1299640
38.077222 1299558
38.410660 1297223
38.425884 1278662
38.486327 1276764
39.050710 1276744
39.170604 1274409
39.186001 1255848
39.246570 1253950
39.936283 1251615
39.951686 1233054
40.655878 1231277
40.711503 1228942
40.726865 1210381
41.476703 1208688
41.507498 1204292
41.508473 1203153
41.514642 1203013
41.525121 1196880
41.572980 1194624
42.117172 1194439
42.127963 1189497
42.244093 1187804
42.274918 1183408
42.275893 1182269
42.281993 1182129
42.292482 1175996
42.340101 1173740
42.951143 1171803
43.009046 1170110
43.039791 1165714
43.040759 1164575
43.046881 1164435
43.057370 1158302
43.105375 1156046
43.772877 1154353
43.803780 1152977
43.807978 1152112
43.818663 1150428
43.852167 1150218
43.880663 1143474
43.898764 1142891
44.260752 1141614
44.538644 1139921
44.569722 1138545
44.573931 1137680
44.584582 1135996
44.617780 1135786
44.646291 1129042
44.664275 1128459
44.969313 1127709
45.026080 1127262
45.304738 1125569
45.335721 1124193
45.339910 1123328
45.350580 1121644
45.384076 1121434
45.412595 1114690
45.430673 1114107
46.015773 1113374
46.065807 1111681
46.096660 1110305
46.100843 1109440
46.111548 1107756
46.144933 1107546
46.173410 1100802
46.191471 1100219
46.752895 1097967
46.830269 1096274
46.861074 1094898
46.865260 1094033
46.875958 1092349
46.909404 1092139
46.938031 1085395
46.956116 1084812
47.597022 1083119
47.628015 1081743
47.642646 1081653
47.642817 1079194
47.646984 1071311
47.704811 1064448
48.359464 1062755
48.390593 1060514
48.405241 1057881
48.480065 1056094
48.898404 1054150
48.898737 1052700
48.898908 1051758
48.970041 1049947
49.127122 1048254
49.158234 1046013
49.172971 1043380
49.247986 1041593
49.664586 1039649
49.664919 1038199
49.665087 1037257
49.765879 1037195
49.891851 1035502
49.923084 1033261
49.937795 1030628
50.012518 1028841
50.427673 1026897
50.428007 1025447
50.428176 1024505
50.545285 1014742
50.655778 1013049
50.686809 1010808
50.701476 1008175
50.775994 1006388
51.191246 1004444
51.191579 1002994
51.191747 1002052
51.418673 1000359
51.449680 998118
51.464353 995485
51.538764 993698
51.978270 985070
52.183805 983377
52.215043 981136
52.229764 978503
52.304831 976716
52.951862 975023
52.997573 973557
52.997747 970149
53.127511 969369
53.228369 968658
53.414639 968535
53.719239 966842
53.764780 965376
53.764954 961968
53.893933 961188
53.994906 960477
54.484689 958784
54.530456 957318
54.530631 953910
54.659972 953130
55.022420 952634
55.249838 950941
55.295397 949475
55.295571 946067
55.424206 945287
55.981187 944803
56.013242 943110
56.058823 941644
56.058995 938236
56.187807 937456
56.774416 935763
56.819947 934297
56.820120 930889
57.536556 929196
57.611214 928176
57.657753 927684
57.697528 927038
57.697701 926787
58.222595 926602
58.297632 924909
58.372452 923889
58.419011 923397
58.458840 922751
58.459014 922500
59.059819 920807
59.134728 919787
59.181072 919295
59.754955 919111
59.822854 917418
59.897934 916398
59.944351 915906
60.603271 914213
60.679737 913193
60.741409 913088
60.741589 906232
61.373794 904539
61.448829 903519
62.106677 903381
62.141249 901688
62.216362 900668
62.909692 898975
63.279455 898057
63.598852 897962
63.673803 896269
64.043450 895351
64.443036 893658
64.801533 890439
64.812514 881784
65.206043 880091
65.766827 880016
65.855788 879338
65.971772 877645
66.532313 877570
66.735625 875877
67.545775 875098
67.810200 874794
67.855620 874633
67.938936 874464
68.233532 874221
68.310596 873442
68.574669 873138
68.619994 872977
68.703451 872808
69.074548 872029
69.339770 871725
69.385025 871564
69.755004 871466
69.838917 870687
70.105688 870383
70.151155 870222
70.517777 870180
70.603271 869401
70.870180 869097
70.915712 868936
71.369116 868157
71.635856 867853
71.724446 867834
72.134721 867055
72.401651 866751
72.901876 865972
73.860003 865716
74.956579 865499
75.705696 865460
481.561447 864751
482.283414 864711
482.471314 864144
482.585313 863940
483.046168 863900
483.234722 863333
483.354445 863144
483.814065 863104
484.002057 862537
484.576765 862497
484.893547 862088
485.343250 862048
485.680886 861692
486.109465 861652
