0.000864 6022403
0.001172 5974398
0.001591 5860892
0.002048 5790436
0.002247 5710562
0.002442 5640471
0.003032 5584575
0.003236 5523098
0.003436 5469501
0.004240 5448756
0.005212 5426155
0.005782 5348312
0.006190 5341009
0.006387 5299613
0.008643 5298756
0.008850 5293190
0.009045 5221293
0.010769 5158699
0.012467 5132755
0.012868 5121626
0.015766 5102001
0.015971 5099088
0.016544 5061317
0.016747 5055015
0.017128 4964541
0.017699 4957399
0.019045 4954771
0.019800 4924476
0.020365 4918714
0.020747 4871381
0.021321 4672585
0.021889 4641211
0.023046 4641062
0.023630 4639884
0.026168 4589890
0.026559 4526666
0.029017 4419902
0.031111 4404029
0.031490 4377856
0.032426 4347509
0.032992 4278182
0.033184 4256401
0.033561 4213231
0.036580 4200342
0.039030 4182002
0.039780 4108415
0.039974 4102939
0.040534 4033619
0.040913 4016272
0.041477 3910200
0.042249 3902194
0.043388 3891107
0.043768 3890510
0.043964 3846337
0.044535 3844509
0.045660 3791470
0.046449 3773523
0.046651 3717227
0.048347 3691764
0.049855 3606398
0.050464 3571245
0.053460 3548307
0.055555 3498641
0.056687 3490912
0.072268 3462232
0.073030 3433689
0.073224 3418018
0.074384 3386737
0.074581 3383637
0.074774 3375595
0.075155 3365179
0.076471 3282526
0.077041 3260387
0.077421 3247186
0.079578 3242801
0.080526 3238100
0.081792 3233884
0.085396 3227669
0.089544 3222885
0.090878 3184083
0.094062 3152461
0.099500 3150760
0.102324 3132416
0.103081 3120757
0.103274 3102578
0.104401 3027094
0.105530 3023334
0.105725 3004883
0.106323 2945790
0.108569 2907685
0.112148 2903642
0.114964 2903297
0.129033 2902479
0.137468 2867876
0.139950 2843818
0.142409 2828019
0.144135 2797060
0.144332 2793688
0.228878 2792701
0.230046 2758402
0.232482 2702159
0.247631 2695737
0.250259 2694873
0.253466 2674182
0.369273 2662127
0.372102 2637674
0.391914 2636676
0.405985 2626892
0.406373 2624134
0.418331 2622350
0.420392 2616784
0.421148 2604296
0.426588 2588287
0.448199 2586089
0.449971 2582257
0.454428 2564772
0.456944 2504444
0.457533 2492314
0.457733 2484674
0.460451 2469838
0.470509 2462239
0.482880 2369500
0.485011 2369481
0.485407 2334130
0.488510 2326618
0.490454 2307542
0.491423 2305039
0.493955 2299352
0.496077 2288542
0.496278 2270725
0.499185 2242703
0.511945 2208814
0.516649 2192269
0.519490 2185313
0.534808 2169373
0.536122 2124766
0.538382 2108074
8.370826 2090126
9.018726 2061208
9.028387 2040278
9.028595 2015062
9.041195 2004493
9.041395 2003514
9.042207 1995252
9.114748 1982531
9.120262 1971737
9.157794 1971691
9.161172 1956400
9.183803 1955704
9.213823 1955337
9.214832 1952143
9.223680 1949564
9.224675 1936828
9.227449 1926508
9.379989 1921498
9.384332 1910717
9.388082 1900905
10.928648 1882602
10.933057 1878191
10.992530 1865389
12.886344 1862054
12.890105 1853527
12.894454 1852313
12.899383 1851006
12.902751 1842920
12.903352 1839461
13.121512 1835217
13.123377 1830740
13.214849 1821911
13.227195 1820301
13.231720 1808827
13.263166 1804793
13.265025 1801565
13.277345 1800857
13.284130 1793424
13.320208 1768702
13.321445 1765285
13.334189 1757662
13.354108 1753818
13.358016 1745401
13.359868 1737751
13.360280 1734750
15.692216 1731435
15.693050 1727201
15.759044 1700585
15.776056 1690230
15.779354 1686271
15.783881 1681803
15.791681 1661813
15.822876 1643091
15.933461 1617564
15.934675 1604613
15.969047 1586147
15.977903 1569922
15.981602 1568798
15.982856 1568504
15.994153 1556466
19.133051 1549187
19.139600 1547466
19.157858 1546497
19.160838 1530594
19.168917 1525642
19.353418 1521608
19.380198 1514620
19.385108 1508017
19.450740 1473214
19.487013 1464186
19.569618 1462364
19.578469 1456556
19.585754 1442653
21.574790 1442224
21.581891 1439305
21.648063 1439288
21.654785 1424109
21.685596 1417251
21.686606 1415833
21.744155 1412405
21.786257 1411714
21.787443 1396946
21.800613 1396841
21.831030 1374651
21.832214 1363626
21.839312 1357739
21.969303 1357328
22.093626 1350014
22.112514 1346490
22.130460 1344262
22.133792 1343750
22.141080 1343602
22.152274 1342967
22.171370 1337700
22.172556 1334960
22.183182 1323595
22.202608 1321184
22.202808 1318956
22.231926 1315969
22.235745 1313551
22.835101 1303389
24.401500 1295661
24.405207 1264531
27.552476 1262153
27.555264 1253516
27.556841 1253250
27.557038 1251124
27.557630 1248856
27.560006 1244320
27.562197 1239253
27.571649 1239005
27.573815 1222164
27.590208 1219967
27.628843 1210014
27.680044 1209517
28.655564 1202497
28.672691 1197809
28.800113 1196844
28.855978 1179252
29.020187 1177503
29.157867 1171112
29.159472 1166442
29.159671 1166308
29.174601 1163611
29.193511 1163544
31.212925 1156627
31.272202 1144836
31.291700 1140358
31.371123 1139562
31.754416 1137678
31.768775 1134388
31.771543 1129993
31.829899 1126645
31.943494 1123751
31.950203 1111314
35.048113 1103844
35.332451 1101743
35.335036 1087461
35.336039 1086500
35.337618 1086419
35.684685 1084635
35.692955 1083432
35.701814 1077797
35.937841 1076707
35.954201 1075139
35.999072 1067111
36.006726 1063537
39.439837 1060656
39.549425 1055759
39.599157 1040023
39.599956 1036595
39.600549 1031325
40.252067 1029727
40.268165 1028796
40.268957 1025380
40.419898 1024988
40.509772 1022533
40.523916 1019109
41.536218 1018094
41.558241 1016390
41.654696 1009328
41.773091 1006920
41.801454 1002633
41.817579 1002090
41.825063 999883
41.826659 999478
41.828921 994319
44.745730 987612
44.813766 987267
45.789321 979934
45.792118 978399
46.942463 976792
49.300024 976770
49.302712 976379
49.324877 975902
49.472804 975404
49.525736 975284
49.694575 974102
49.796457 968967
49.802204 963291
49.817547 957801
49.872978 955968
49.986159 955757
52.096128 955750
52.174375 953349
52.235712 947786
52.426033 945337
52.642028 942829
52.656502 941137
52.661824 939845
52.666769 938166
52.726091 933615
52.739422 930161
56.280627 927484
56.312388 927040
56.458407 926514
56.548622 915758
56.584390 914045
56.701191 910636
56.753424 909354
58.257857 908431
58.401687 906238
58.442728 906165
58.463907 905761
58.586226 904239
58.605299 902546
58.644884 893022
58.942360 887214
58.996939 886667
59.005021 878368
59.084828 877767
59.905091 876606
60.268937 874632
63.656527 873314
63.669258 872757
64.104540 872353
64.340123 871337
64.477532 869852
64.858124 868505
64.872094 866934
72.502503 866197
72.784441 864865
72.793016 864461
72.847538 863783
75.823952 862642
75.975923 861767
76.222338 859878
76.644368 858995
77.421158 858955
83.166614 858171
83.320334 856682
83.874318 855668
91.324560 855024
91.833122 854477
92.442638 853846
92.652397 853806
93.349302 853461
145.658311 852830
204.518817 848499
204.573132 847612
204.948904 846687
206.589254 846463
206.737389 846101
207.454254 845630
207.907816 844393
207.922968 844002
217.263698 843881
220.258402 843272
220.945505 842977
221.091959 841783
221.337108 841743
221.953658 840703
222.824759 839392
223.338575 839175
248.505610 839112
248.579042 838175
248.744742 838135
288.860864 838096
349.286116 837601
352.807692 836779
357.957074 836363
360.334623 835954
369.003534 834799
369.108393 834759
380.013433 833166
380.283994 831350
387.375192 831310
509.485554 831004
510.472999 830027
510.509761 829180
510.612200 829001
511.704369 828579
511.753770 827800
512.664455 826319
514.910235 825575
522.008255 825144
522.566573 824667
523.399331 823565
523.511418 821954
524.920723 820978
524.926900 820529
526.980126 820490
536.040329 818566
