0.000440 6089350
0.000654 6077102
0.001034 6068241
0.001221 6065820
0.001936 5942315
0.002648 5906288
0.003007 5835135
0.003739 5805880
0.005150 5797194
0.005332 5783795
0.005866 5715129
0.006397 5649588
0.006928 5648476
0.008173 5611677
0.008884 5598006
0.009242 5525156
0.009421 5514702
0.009600 5376972
0.010311 5372426
0.010669 5325064
0.010848 5178571
0.011396 5138315
0.011578 5097719
0.011934 5093399
0.012291 5082662
0.013355 5066823
0.014235 4944833
0.014942 4943067
0.015321 4821646
0.015504 4783823
0.015685 4773699
0.017098 4757679
0.017635 4685488
0.018167 4641357
0.018698 4628867
0.019052 4462419
0.019259 4456579
0.021368 4396984
0.021548 4378217
0.021902 4353301
0.022084 4341043
0.022263 4337795
0.022618 4191043
0.022976 4151816
0.023375 4116655
0.023555 4085620
0.024433 4074714
0.024791 4074157
0.026432 4026023
0.027042 3947747
0.027675 3898477
0.028040 3856484
0.028224 3837771
0.028408 3829921
0.030873 3828326
0.031604 3796115
0.031786 3791238
0.032325 3787376
0.035154 3746570
0.035342 3718943
0.038152 3708443
0.038514 3700875
0.041321 3664638
0.041718 3655274
0.047059 3620379
0.050597 3558004
0.054426 3528536
0.055724 3518600
0.056095 3510488
0.056629 3500049
0.064057 3498351
0.064949 3470985
0.071323 3470873
0.071860 3452412
0.074149 3365977
0.076468 3365239
0.078059 3354778
0.078596 3311243
0.081096 3310809
0.083227 3276672
0.084291 3271171
0.090146 3261438
0.090874 3243806
0.091059 3226500
0.103431 3226042
0.107165 3211929
0.107528 3141632
0.107711 3103219
0.108419 3102936
0.110176 3100361
0.110887 3088620
0.112312 3057475
0.114242 3053771
0.118110 3029823
0.118658 3019118
0.121836 2996526
0.168148 2885079
0.171668 2884046
0.175535 2860841
0.177865 2843622
0.181103 2834052
0.181821 2814040
0.187442 2812234
0.193100 2798843
0.198919 2790426
0.199992 2783266
0.205788 2754347
0.206325 2742285
0.216511 2731387
0.218971 2708732
0.220400 2691895
0.221107 2691054
0.221993 2640340
0.224636 2593181
0.228002 2591316
0.229943 2574892
0.230301 2566956
0.231207 2553690
0.240860 2550594
0.241401 2494671
0.245632 2479521
0.285592 2446693
0.286837 2435954
0.287564 2348383
0.290202 2337455
0.343093 2333947
0.346594 2284628
0.346956 2254658
0.351897 2252111
0.354368 2192863
0.355785 2164490
0.365940 2150576
0.366125 2143498
0.366307 2138085
0.378607 2135239
0.408785 2115984
0.409674 2115187
0.413893 2113403
0.421293 2109775
0.448016 2106593
0.450035 2087677
0.452586 2080652
6.339295 2063734
8.729318 2056179
8.730846 2056094
8.791053 2037961
8.848826 2026834
9.048099 2012201
9.056173 1977329
9.059037 1961656
9.063248 1925731
9.064741 1915139
9.067861 1907235
9.072976 1904164
9.463347 1875537
9.473407 1873282
9.473598 1872462
9.537135 1869467
9.539367 1858244
9.553601 1844862
9.554158 1829679
10.734616 1824595
10.736669 1801728
11.029987 1784420
11.055363 1760802
11.070357 1719666
11.092846 1700265
11.095045 1682238
11.403510 1664166
14.774501 1647555
14.779719 1621658
14.781757 1618359
14.790555 1611940
14.793503 1609677
14.798091 1602915
14.801404 1600660
14.807102 1599625
14.807478 1594937
14.810245 1590752
14.810990 1564157
14.817598 1547502
14.818700 1526816
20.420892 1523437
20.422560 1522493
20.436286 1518359
20.439231 1511041
20.443657 1508209
20.463414 1502865
20.464158 1487083
20.546636 1481398
20.550496 1475374
20.556560 1472986
20.591532 1471336
20.596146 1445040
20.602963 1442613
20.676823 1424478
20.677936 1417947
20.879935 1417039
20.960314 1397472
20.964188 1391312
20.971519 1389395
20.973176 1382528
20.981943 1381247
20.985437 1380673
20.990937 1350481
21.038236 1348380
21.051991 1347269
21.054735 1346690
21.174785 1344553
21.323883 1341933
21.332311 1328669
21.333055 1309428
21.341843 1299284
21.344975 1298403
21.346988 1296467
21.347388 1288329
21.363178 1278828
21.385145 1277670
21.393567 1274603
22.044329 1261380
22.144397 1257440
22.152299 1239291
22.216246 1237917
22.216624 1236028
22.286121 1229989
22.286495 1229783
22.301366 1229745
22.363958 1229469
22.367831 1226490
22.462752 1223379
22.532554 1222724
22.534394 1222685
22.534765 1222060
22.593110 1207526
22.598786 1197255
22.663059 1196824
22.665651 1194383
22.786528 1185852
22.791141 1178532
22.798443 1175442
22.835470 1161440
22.840777 1160087
22.907259 1137226
22.912222 1135153
22.925210 1130967
30.815771 1116123
30.884468 1115200
31.784098 1115072
31.812957 1114211
31.943716 1112836
32.284538 1111041
32.294219 1110004
32.326224 1105792
32.337379 1105553
32.729784 1095139
32.964423 1094786
32.992123 1091266
33.041986 1088136
33.054240 1088086
33.071802 1084362
33.457562 1083463
33.461786 1076339
33.465803 1064447
33.504537 1063477
33.658120 1061912
33.662920 1061783
33.669267 1056645
34.539293 1056473
34.567418 1049786
34.573485 1048179
34.703044 1047875
34.806274 1046612
35.724621 1043929
35.725373 1042846
35.729829 1041495
35.745622 1039363
35.755427 1038288
35.820692 1037174
35.946785 1029480
36.086469 1028068
36.098969 1027280
36.504718 1022215
36.789753 1019928
36.872004 1019440
37.068572 1016351
37.122315 1012260
37.123447 1005434
37.153560 1004681
37.166926 1003302
37.190638 1003220
37.201625 1000465
37.210059 997957
37.271402 996792
37.561351 995223
37.585816 994990
37.705018 989969
37.736724 988674
37.768040 983720
37.880166 981918
37.891546 979902
37.923170 979367
38.116623 975477
38.270792 972208
38.600353 971856
38.670538 969993
38.903543 968400
38.906111 964004
40.107762 963264
40.902876 962818
41.992386 959865
42.017357 957092
42.029015 947385
42.054078 945052
42.142507 944854
42.180076 931243
42.290432 926561
42.983989 926388
42.984743 925343
43.008290 921836
43.682945 919949
43.856784 917716
43.866346 916543
43.907604 915725
46.879610 915246
46.900701 903749
46.949277 898731
46.998607 897893
47.050908 894988
49.690555 894015
50.026498 892349
50.154015 888018
50.178977 884863
50.239309 884856
50.273732 881753
50.323283 880343
50.362487 880207
50.819379 873161
50.954236 872472
51.173910 870689
51.225429 869403
51.258742 866951
51.272704 866014
51.323112 865593
51.472203 861395
51.563061 858346
52.349288 856804
52.396809 855733
52.695665 854350
52.724145 850100
52.906947 849674
52.912289 843123
53.136902 840417
55.381483 837335
55.572771 834721
55.867597 833885
55.996633 830892
58.924302 823906
58.935331 822578
61.530373 821541
61.556482 821501
77.153431 821436
77.248137 821040
77.757083 820460
78.091940 819838
78.185956 819361
78.618895 818205
78.914471 817397
86.777671 817358
94.906397 816788
