0.000388 6028428
0.000776 6015557
0.001502 5916925
0.002207 5889147
0.002750 5877458
0.002932 5857138
0.003634 5844148
0.003812 5840887
0.003989 5774651
0.004342 5768781
0.004519 5643588
0.004696 5643303
0.004874 5632207
0.005574 5590636
0.005752 5568940
0.006103 5458908
0.008205 5457298
0.008560 5401245
0.009086 5383370
0.009265 5251569
0.009442 5184558
0.009621 5091529
0.010493 5015427
0.010859 4920502
0.011043 4887749
0.011571 4864423
0.011751 4788543
0.013483 4765770
0.013661 4744577
0.014898 4679130
0.015424 4664490
0.015603 4640408
0.016473 4621502
0.020477 4579566
0.020835 4553325
0.021188 4543771
0.022575 4539512
0.022765 4530770
0.023466 4491785
0.024685 4482312
0.025381 4476486
0.025736 4461311
0.026432 4400496
0.026799 4309573
0.027324 4276837
0.027676 4229488
0.031316 4223584
0.032018 4209755
0.032543 4191958
0.033240 4161906
0.041253 4156738
0.041611 4145871
0.041966 4102789
0.042318 4096207
0.043896 4072886
0.046861 4039781
0.047219 3972382
0.047575 3969335
0.047755 3962369
0.060912 3957965
0.062648 3957114
0.064230 3950294
0.066309 3893672
0.066492 3846895
0.066670 3785877
0.067386 3784922
0.068786 3783308
0.070008 3740159
0.073151 3698324
0.073333 3674955
0.073511 3668742
0.073690 3650640
0.081167 3644677
0.082217 3592111
0.082929 3569544
0.083632 3560314
0.084160 3495358
0.084513 3492760
0.084691 3492706
0.085216 3468247
0.085569 3461250
0.086973 3428113
0.099312 3427596
0.106964 3427337
0.107323 3389157
0.108369 3386395
0.110113 3373683
0.111001 3326617
0.111183 3298455
0.113097 3255787
0.114856 3255489
0.116080 3231686
0.116782 3229634
0.118526 3221536
0.119246 3217446
0.119426 3211396
0.129998 3209129
0.131063 3189909
0.133669 3175706
0.145858 3153367
0.146219 3147728
0.146574 3122850
0.148496 3110370
0.157471 3088663
0.157833 3080997
0.159076 3072461
0.165859 3057345
0.166043 3044471
0.166397 3019170
0.168147 3001206
0.190347 2974988
0.216059 2970588
0.216764 2939943
0.217467 2929119
0.226487 2863172
0.227905 2820440
0.230505 2790107
0.248938 2789859
0.249844 2768256
0.251268 2760083
0.262317 2732442
0.266164 2720339
0.267073 2706511
0.303272 2706131
0.321818 2700792
0.323231 2689881
0.325159 2682886
0.342374 2672678
0.343437 2670718
0.343627 2668436
0.344676 2656251
0.345893 2639544
0.351465 2629683
0.355798 2576506
0.360845 2570951
0.361549 2567740
0.362422 2567487
0.365412 2562040
0.366637 2539842
0.380009 2536221
0.380887 2517172
0.384201 2505603
0.388383 2482994
0.388914 2476227
0.410044 2441888
0.416139 2422672
0.602025 2417359
0.609505 2354677
0.609690 2354572
0.610218 2342394
0.625461 2293740
0.640919 2289065
0.675764 2285607
0.678203 2276500
0.680474 2265602
0.681523 2243488
0.681879 2243286
0.682580 2233045
0.683114 2232906
0.684509 2221144
0.684863 2213231
0.685738 2203414
0.686093 2178312
0.708810 2133216
7.661012 2132343
7.671240 2121686
7.672337 2063765
7.684479 2042614
7.685032 2038621
7.685769 2036375
7.693377 2035089
7.694474 2034122
7.702106 2029573
7.707034 2022967
7.709755 2011946
8.483560 2008687
8.501309 2001406
9.298816 1991269
9.302641 1991205
9.314226 1925268
9.314607 1884039
10.187355 1873766
10.197835 1856537
10.208751 1849993
10.242886 1838816
10.482229 1827146
10.483159 1809231
10.494392 1796147
10.503831 1786705
10.517393 1777602
12.611186 1776023
12.650546 1771615
12.651836 1757603
12.653293 1741895
15.896907 1738803
15.941895 1720865
15.948438 1713421
16.576467 1688707
16.587230 1688689
16.916340 1673230
16.933960 1670704
17.129996 1669883
17.153381 1669069
17.156483 1637683
17.171705 1627915
17.172259 1612538
17.184993 1607180
17.212363 1603459
17.214741 1600240
17.221466 1557994
17.236120 1552137
17.241227 1546687
17.247596 1542848
17.456819 1533315
17.877720 1527044
17.879759 1517272
17.893166 1485052
18.224601 1475315
18.234799 1471070
18.248764 1464818
18.323196 1460455
18.351420 1455190
18.746030 1453739
18.754784 1440444
18.825135 1408366
18.828064 1407258
19.329160 1383723
19.540364 1372371
19.569358 1364244
19.574820 1360898
19.590464 1359733
19.595571 1347849
19.595756 1344328
19.629656 1322239
19.632207 1310437
19.632938 1306604
19.639846 1281690
19.650385 1270620
19.652043 1262341
19.655158 1260738
19.674499 1258371
19.750616 1257666
19.756978 1250208
25.079039 1249027
25.080918 1245516
25.113489 1213350
25.119660 1204314
25.199574 1204118
27.993613 1197306
27.997440 1191678
28.047800 1191675
28.083155 1186668
28.110072 1177173
28.110442 1177058
28.114623 1167943
28.124966 1163732
28.501592 1153096
28.502332 1152549
30.143722 1151911
30.173451 1143547
30.640606 1125936
31.242171 1118129
31.246174 1116801
31.286409 1109131
31.297906 1107835
31.305459 1104210
31.320965 1101515
31.327049 1099945
31.327434 1099630
31.333288 1098806
31.577544 1094886
32.627807 1093221
32.629274 1089033
32.793542 1088947
32.807356 1081638
34.357823 1081421
34.425075 1065768
34.443023 1062921
34.451555 1052692
34.539694 1049486
35.130792 1033653
35.167559 1022008
35.372781 1021113
35.413834 1018266
35.469173 1017183
35.918853 1013886
36.440096 1011197
37.253007 1009923
37.288642 1002206
37.384398 978116
37.396146 973894
37.413521 968095
37.430711 964145
38.294704 962315
38.297613 962275
41.680894 961804
42.013263 952590
42.082255 949182
42.083551 948254
42.307340 947998
42.310245 944635
42.363152 944315
47.682788 942320
47.753898 940206
47.821065 939734
47.965415 939493
47.990224 938165
47.991694 938153
48.061430 937769
49.309636 937723
49.317273 937253
49.322200 936696
49.346507 936576
49.853128 935317
50.142018 933730
51.176437 930965
51.238573 930884
53.027122 930212
54.147244 928265
54.320380 921370
54.422320 919928
54.470626 915547
54.528652 913893
58.509338 911562
59.067280 908183
60.839675 902972
60.840416 901676
60.998997 897379
61.179580 896203
61.185206 895646
61.962459 895305
62.008043 895298
62.411264 895250
62.951702 894311
63.109905 893374
63.143439 892946
63.651567 887479
64.047975 884157
64.060147 883494
64.437164 880576
64.732176 880436
65.621711 878575
66.194935 874332
66.228716 873775
74.359567 873733
74.402874 873345
74.520469 873315
74.860107 872769
74.868829 872756
74.956343 872654
74.965958 872601
75.635219 872353
75.799366 871766
75.824634 871177
75.973574 871053
84.129135 870776
84.324177 869480
84.397586 869430
103.793428 869143
104.407203 869136
105.276775 869086
204.338627 869032
204.478444 868992
204.631135 867650
204.728724 866364
206.055373 864339
209.233014 863073
209.305710 862519
209.646410 862034
209.695323 861758
210.190410 860191
211.202345 859702
211.241862 859368
211.275069 856055
211.531910 854188
211.532485 853409
211.559845 853054
212.826386 847325
213.364829 847076
217.681357 845960
217.748856 845122
217.770401 844376
217.792407 844197
217.934337 843627
218.089957 838675
222.589021 836790
222.642030 836313
225.640147 835317
226.077077 833162
227.971743 831182
228.592270 830458
235.644936 828567
235.651129 819806
235.673959 819606
235.759969 819593
235.816258 818399
236.364841 818359
237.419269 817516
245.873848 817476
555.921797 816956
556.555247 814782
556.870976 814742
556.972245 814135
557.980505 812819
558.141377 812780
