0.000578 5484627
0.000964 5480309
0.001297 5479290
0.002771 5478083
0.003583 5477967
0.011810 5477144
0.016344 5412015
0.016991 5408993
0.018596 5397780
0.019745 5380758
0.027481 5337199
0.033602 5322808
0.788157 5314428
0.789185 5313368
0.789520 5309206
0.790174 5305408
0.790507 5301533
0.798761 5300710
0.803606 5300652
0.803940 5228710
0.805553 5221346
0.806686 5204324
0.814417 5160765
1.046235 5160388
1.059116 5158033
1.131775 5149130
1.558611 5140750
1.559595 5139690
1.559924 5135528
1.560573 5131730
1.560901 5127855
1.573982 5126974
1.574312 5055032
1.575943 5047668
1.582723 5045299
1.584663 5032414
1.586601 5024312
1.587110 5015568
1.587920 5000377
1.811460 4993707
1.813400 4990493
1.826422 4984355
2.208993 4979058
2.278906 4975685
2.326903 4967305
2.327870 4966245
2.328231 4962083
2.328877 4958285
2.329237 4954410
2.342358 4953529
2.342687 4881587
2.344300 4874223
2.351067 4871854
2.353006 4858969
2.354960 4850867
2.355452 4842123
2.356259 4826932
2.575495 4820262
2.577430 4817048
2.970745 4805613
3.088112 4797233
3.089086 4796173
3.089416 4792011
3.090065 4788213
3.090393 4784338
3.103463 4783457
3.103793 4711515
3.105395 4704151
3.114915 4691096
3.116048 4680795
3.116538 4672051
3.117348 4656860
3.862677 4647316
3.863231 4637949
3.866433 4636325
3.868084 4635753
3.872097 4634762
3.878346 4632138
3.878675 4622450
3.882861 4617842
3.883670 4608434
3.884958 4597088
3.893644 4526479
3.907147 4518482
4.325237 4518156
4.453608 4514333
4.624354 4504789
4.624849 4495422
4.628080 4493798
4.629689 4493226
4.639797 4493047
4.639967 4489611
4.640294 4479923
4.644517 4475315
4.645349 4465907
4.649793 4455408
4.655571 4383952
4.669401 4375955
5.099203 4375629
5.403253 4366085
5.403795 4356718
5.407014 4355094
5.410561 4353531
5.418975 4350907
5.419306 4341219
5.427022 4327748
5.427834 4314142
5.434257 4245248
5.447719 4237251
6.161853 4228871
6.162840 4227811
6.163170 4223649
6.164769 4216144
6.177452 4204049
6.178100 4190783
6.180353 4188825
6.184682 4178326
6.188860 4164066
6.215154 4105439
6.356411 4100781
6.922669 4092401
6.924772 4078683
6.938196 4067579
6.941099 4052900
6.941907 4039294
6.949588 4027596
6.971787 4009912
6.975962 3968969
7.338330 3967944
7.686091 3959564
7.688193 3945846
7.701683 3934742
7.704597 3920063
7.713125 3919518
7.732067 3914044
7.735430 3898107
7.747463 3845304
8.106162 3840719
8.330275 3835219
8.446492 3826839
8.448602 3813121
8.462083 3802017
8.464969 3787338
8.470266 3787299
8.473331 3776294
8.495761 3765382
8.503797 3703407
9.207162 3699696
9.208294 3693967
9.208622 3689805
9.210228 3682300
9.223594 3656939
9.225843 3654981
9.229857 3630222
9.269336 3599783
9.358425 3599560
9.383485 3593327
9.769978 3591142
9.912640 3580767
9.967706 3577056
9.968834 3571327
9.969162 3567165
9.970790 3559660
9.984149 3534299
9.986400 3532341
9.990432 3507582
10.029806 3477143
10.119063 3476920
10.144041 3470687
10.530501 3468502
10.727780 3464791
10.728906 3459062
10.729234 3454900
10.730850 3447395
10.739206 3446404
10.744196 3422034
10.746445 3420076
10.789795 3364878
10.801988 3356967
11.489005 3355810
11.489382 3343687
11.497951 3336432
11.499108 3336009
11.504914 3331542
11.508940 3323765
11.514765 3309047
11.581228 3287327
11.591185 3283967
11.591518 3281930
11.616720 3281302
11.617054 3274155
11.618664 3252651
11.620134 3246579
12.250024 3245422
12.250517 3232977
12.252135 3225472
12.260471 3224481
12.266926 3207561
12.267738 3198153
12.341114 3171628
12.352213 3171542
12.393452 3149330
12.427839 3141857
13.012439 3140700
13.012932 3128255
13.014536 3120899
13.022915 3119759
13.030153 3093937
13.104582 3089670
13.105554 3085425
13.114745 3066820
13.156019 3044608
13.773379 3043451
13.776275 3036228
13.781427 3032165
13.782079 3023501
13.791908 3011406
13.796883 3005590
13.797692 2996182
13.871698 2975325
13.875400 2969571
14.110475 2967777
14.179385 2957451
14.423965 2950332
14.533672 2949175
14.536573 2941952
14.541726 2937889
14.545761 2929374
14.552199 2917130
14.557176 2911314
14.632184 2881049
14.871387 2876953
14.940401 2863175
15.295503 2862018
15.298386 2854795
15.310625 2848776
15.310996 2847270
15.314042 2829973
15.317115 2814749
15.391737 2812492
15.394976 2788138
15.619153 2779643
15.642743 2761428
16.054684 2760271
16.057581 2753048
16.058553 2748985
16.062588 2740470
16.074018 2722410
16.149140 2692145
16.387915 2688049
16.425773 2686207
16.475621 2682844
16.506060 2676277
16.816045 2675120
16.818931 2667897
16.819898 2663834
16.831142 2661878
16.831472 2660372
16.835317 2637259
16.836286 2637206
16.838697 2628396
16.910160 2606994
17.186946 2601056
17.464420 2594325
17.485409 2591339
17.577256 2590182
17.580166 2582959
17.581137 2578896
17.592394 2576940
17.592723 2575434
17.596584 2552321
17.597555 2552268
17.599978 2543458
17.671761 2522056
18.337767 2515156
18.352503 2507657
18.352834 2498061
18.354126 2477213
18.360091 2474175
18.471821 2473408
18.474723 2472937
18.509145 2446835
18.722749 2441141
19.099564 2434241
19.114326 2426742
19.114658 2417146
19.115965 2396298
19.233533 2392493
19.267191 2388063
19.267524 2374975
19.320939 2373243
19.862329 2366343
19.877202 2358844
19.877544 2349248
19.878841 2328400
19.996187 2324595
20.030112 2307077
20.622945 2300177
20.629681 2298697
20.637729 2292678
20.638060 2283082
20.709159 2276018
20.762740 2265803
20.769640 2260330
20.880000 2257195
21.052051 2247351
21.053500 2244456
21.383883 2237556
21.398661 2230057
21.399003 2220461
21.404300 2199613
21.521773 2195808
22.032670 2194171
22.145626 2187271
22.160394 2179772
22.160726 2170176
22.166012 2149328
22.283430 2145523
22.806201 2127433
22.906859 2120533
22.921665 2113034
22.921997 2103438
22.927311 2082590
23.044941 2078785
23.667114 2071885
23.681895 2064386
23.682227 2054790
23.753335 2047726
23.876823 2043204
23.902615 2034524
24.073219 2028903
24.439406 2022003
24.454216 2014504
24.454553 2004908
24.525826 1997844
24.645783 1993696
24.791817 1989386
24.796954 1988156
25.094601 1987810
25.160806 1981927
25.202068 1975027
25.212850 1971830
25.216888 1967528
25.217218 1957932
25.290901 1953410
25.331995 1941499
25.559718 1941180
25.858444 1940834
25.965790 1933934
25.976573 1930737
25.980610 1926435
25.980938 1916839
26.054600 1912317
26.095633 1900406
26.738275 1894149
26.738613 1890201
26.742657 1886007
26.742996 1876411
26.743323 1874957
26.816691 1871889
27.032024 1862138
27.259054 1853516
27.498969 1853377
27.499143 1852911
27.499312 1851978
27.505113 1839117
27.505442 1829521
27.505770 1828067
27.512199 1814445
27.557494 1808854
28.261345 1808715
28.261521 1808249
28.261690 1807316
28.267511 1803061
28.273290 1785889
28.273620 1785740
28.274427 1781423
28.357791 1769566
28.395075 1766188
29.013312 1759931
29.013646 1755983
29.029227 1746648
29.031799 1742193
29.032130 1740739
29.553859 1727920
29.753105 1726671
29.776006 1720414
29.776337 1716466
29.791930 1707131
29.794498 1702676
29.794852 1701222
30.315590 1688403
30.537196 1682146
30.537530 1678198
30.553143 1668863
30.555729 1664408
30.556058 1662954
31.087080 1660757
31.090964 1656196
31.119051 1655077
31.236483 1653196
31.288166 1651791
31.299216 1645534
31.299547 1641586
31.315145 1632251
31.317712 1627796
31.318042 1626342
31.849539 1624145
31.853397 1619584
31.881494 1618465
31.999081 1616210
32.062006 1609953
32.062338 1606005
32.077900 1596670
32.080478 1592215
32.080808 1590761
32.610328 1588564
32.630209 1583765
32.642203 1582884
32.786913 1581576
32.822150 1575319
32.822483 1571371
32.838062 1562036
32.840646 1557581
32.840977 1556127
33.374113 1553930
33.379760 1549369
33.406072 1548250
33.586287 1541993
33.586620 1538045
33.602239 1528710
33.604824 1524255
33.605155 1522801
34.136032 1521685
34.141355 1516043
34.175334 1512130
34.347544 1505873
34.347878 1501925
34.363468 1492590
34.366031 1488135
34.366361 1486681
34.897727 1484484
34.902893 1479923
35.109507 1473666
35.109841 1469718
35.125394 1460383
35.127968 1455928
35.128298 1454474
35.223963 1440635
35.879975 1440496
35.880198 1440030
35.880371 1439097
35.885381 1434842
35.891960 1417670
35.892292 1417521
35.893099 1413204
36.641040 1413065
36.641216 1412599
36.641385 1411666
36.646876 1402067
36.661630 1400519
36.677037 1394321
36.759857 1392027
37.006905 1388692
37.111590 1387295
37.412490 1387156
37.412672 1386690
37.412847 1385757
37.418462 1376158
37.433646 1374610
37.449440 1368412
37.534299 1366118
37.781615 1362783
38.177360 1362644
38.177537 1362178
38.177707 1361245
38.183196 1351646
38.197974 1350098
38.213419 1343900
38.296248 1341606
38.939417 1341503
38.939592 1341001
38.939761 1340068
38.945222 1330469
38.960012 1328921
38.975443 1322723
39.049835 1320433
39.530515 1318237
39.701038 1311980
39.701379 1308032
39.705090 1307100
39.719862 1305552
39.735346 1299354
39.809748 1297064
40.462625 1290807
40.462976 1286859
40.466676 1285927
40.481451 1284379
40.496881 1278181
40.586570 1275167
41.224175 1268910
41.224513 1264962
41.228222 1264030
41.243011 1262482
41.258445 1256284
41.700015 1254548
41.856997 1254320
41.985768 1248063
41.986104 1244115
41.989824 1243183
42.004588 1241635
42.020031 1235437
42.461512 1233701
42.747531 1227444
42.747867 1223496
42.751583 1222564
42.766302 1221016
42.781709 1214818
43.509724 1208561
43.510060 1204613
43.513774 1203681
43.975297 1202549
44.066028 1202139
44.066522 1200732
44.188771 1198526
44.223909 1195997
44.272224 1195894
44.272399 1195392
44.272579 1194459
44.274030 1184860
44.735102 1183728
44.825672 1183318
44.826165 1181900
44.948905 1179705
45.032366 1179602
45.032543 1179100
45.032713 1178167
45.034162 1168568
45.497150 1167436
45.588353 1165608
45.794824 1165505
45.795000 1165003
45.795176 1164070
45.796626 1154471
46.258660 1153339
46.299509 1153237
46.372365 1136057
46.555588 1135954
46.555763 1135452
46.555933 1134519
46.557383 1124920
47.019868 1123788
47.197528 1122396
47.320369 1122293
47.320551 1121791
47.320727 1120858
47.322215 1111259
47.784616 1110127
48.082283 1110024
48.082459 1109522
48.082630 1108589
48.084103 1098990
48.594591 1098052
48.844386 1097949
48.844563 1097447
48.844734 1096514
48.846183 1086915
49.260592 1075036
49.604245 1074933
49.604422 1074431
49.604591 1073498
49.606039 1063899
50.251751 1063231
50.366539 1063128
50.366721 1062626
50.366897 1061693
50.368348 1052094
51.126358 1051991
51.126535 1051489
51.126723 1050556
51.173377 1049388
51.246771 1048111
51.274561 1042849
51.822827 1042600
51.872208 1042373
51.888279 1042270
51.888615 1040680
51.935256 1039667
52.008698 1038390
52.036426 1033128
52.583104 1032879
52.648411 1032776
52.648747 1031186
52.695328 1030173
52.768479 1028896
52.796172 1023634
53.410014 1023531
53.410353 1021941
53.456951 1020928
53.530149 1019715
53.713001 1018929
53.748444 1015219
53.960824 1014598
54.171322 1014495
54.171659 1012905
54.218236 1011892
54.291325 1010679
54.473528 1009893
54.508971 1006183
54.931906 1006080
54.932242 1004490
54.978756 1003477
55.051803 1002264
55.234339 1001478
55.314104 999168
55.691785 999065
55.692123 997475
55.738647 996462
55.811771 995249
55.994318 994463
56.202080 992406
56.452131 992303
56.452469 990713
56.498994 989700
56.571990 988487
56.754155 987701
57.160089 986991
57.188313 986819
57.211015 982168
57.513643 982114
57.920559 981404
57.971546 976753
58.273452 976699
58.730311 972048
59.490916 954600
60.270387 953321
60.270563 946937
61.118951 944231
61.189006 943018
61.665459 942574
61.880139 939868
61.949989 938655
62.640569 935949
63.211640 935434
63.268246 934804
63.400580 932098
63.971482 931583
63.973568 931061
64.160902 928355
64.708698 923467
64.920913 920761
65.480098 919832
65.523511 918039
65.683426 915333
66.472825 912513
67.263426 911225
67.427031 911185
67.493878 911097
67.643602 910808
67.764339 910083
67.811263 909921
68.025319 908633
68.188639 908593
68.255342 908505
68.405615 908216
68.526066 907491
68.575988 906858
68.579038 906585
68.786854 905297
68.950059 905257
69.016820 905169
69.166910 904880
69.287494 904155
69.547714 902867
69.711050 902827
69.777717 902739
69.927955 902450
70.032747 901519
70.038206 900824
70.308731 899536
70.471604 899496
70.538333 899408
70.688081 899119
71.069038 897831
71.231667 897791
71.298264 897703
71.828366 896415
71.991756 896375
72.589625 895087
73.350107 893986
74.151510 893699
74.164655 892918
75.237751 892286
75.393455 892139
75.999227 891507
76.742316 888309
77.715111 888076
78.472861 887153
158.298402 886450
158.441250 886408
159.060422 885612
159.853855 885497
560.159405 873724
560.761400 873604
561.407660 871784
561.523515 871664
562.174793 870847
562.229464 869853
562.285155 869733
562.936509 868916
563.022811 868602
563.046932 868482
563.698520 867665
563.808685 867545
564.554764 867486
564.554944 867188
564.570205 867149
