0.000432 5833224
0.000653 5831730
0.001742 5827802
0.001928 5815774
0.002114 5615123
0.002477 5597761
0.003027 5434784
0.003750 5422728
0.004815 5296017
0.005001 5295509
0.005363 5224004
0.005545 5177146
0.008043 5164490
0.008407 5139783
0.009298 5023761
0.010191 4940459
0.011827 4863964
0.012368 4856219
0.012729 4838577
0.012914 4824455
0.014685 4810177
0.015074 4787696
0.015966 4733853
0.016331 4658885
0.016516 4596914
0.017819 4540190
0.018474 4534564
0.019778 4526430
0.020845 4504355
0.021030 4414004
0.021743 4382356
0.022633 4382103
0.023721 4373917
0.024784 4310318
0.025499 4265496
0.026394 4243831
0.027119 4206240
0.027302 4191119
0.028195 4146636
0.029975 4117117
0.036033 4097216
0.047416 4005482
0.048264 3991837
0.049582 3983300
0.049796 3982740
0.050158 3884408
0.050342 3878977
0.052353 3857016
0.059782 3789782
0.059968 3741370
0.060331 3731148
0.060514 3696795
0.061226 3678703
0.062113 3674475
0.063028 3618123
0.063214 3613444
0.063397 3583694
0.063978 3575253
0.068959 3500640
0.069325 3496559
0.069510 3492245
0.070578 3489208
0.085292 3448315
0.087632 3421247
0.088354 3403370
0.088539 3391693
0.090141 3356020
0.090860 3344978
0.091242 3302707
0.091604 3295534
0.092141 3282904
0.093918 3269844
0.094460 3262098
0.095380 3254007
0.097866 3226716
0.098588 3189690
0.099501 3170244
0.102157 3168761
0.102344 3059341
0.102884 3042234
0.105030 3022272
0.106102 3000431
0.107187 3000364
0.107372 2979762
0.108083 2974482
0.112157 2972512
0.112699 2966907
0.116092 2947467
0.129118 2939214
0.177090 2927452
0.205588 2876754
0.208298 2865944
0.208489 2859309
0.231410 2859308
0.231820 2840612
0.232367 2839962
0.233111 2829686
0.233829 2816436
0.234016 2754705
0.236343 2749392
0.237418 2734300
0.282155 2701105
0.283444 2674389
0.331183 2672823
0.332082 2627585
0.333860 2625021
0.334761 2614531
0.339419 2611867
0.340849 2595633
0.341570 2551930
0.350704 2546886
0.379701 2472860
0.381486 2444222
0.381674 2444110
0.403172 2415243
0.403540 2398456
0.405320 2380199
0.425260 2319941
0.428651 2317025
0.437032 2312820
0.438142 2291437
0.458333 2276370
0.459781 2223955
0.460676 2217678
0.463885 2212939
0.464626 2206127
0.467139 2191488
0.470163 2185044
0.470881 2184980
0.628173 2183812
0.634423 2168489
0.638829 2137489
0.639045 2137225
0.639608 2098999
0.643679 2041011
0.795648 2025784
0.801350 2013026
0.817082 2006700
0.831807 1957261
0.834934 1947495
10.150244 1927597
10.152651 1908712
10.154386 1906497
10.160084 1904284
10.162363 1895660
10.166344 1874797
10.169594 1874232
10.793677 1869024
10.832891 1864912
10.844698 1864053
10.849081 1863609
10.853296 1845583
10.853873 1844652
10.855219 1844044
10.868090 1841633
10.915599 1837353
10.940011 1829698
10.950846 1813409
10.952577 1811854
10.953713 1804716
11.184660 1793822
11.189051 1780616
11.211016 1767493
11.225209 1761914
15.920216 1761424
15.968339 1756886
15.974604 1748363
15.974797 1735575
16.019366 1734478
16.020132 1732525
16.020319 1703405
16.023908 1701592
16.028471 1696692
16.138044 1681974
16.157847 1677201
16.181543 1672745
16.262083 1655364
16.273905 1653370
16.281141 1646679
16.284579 1645990
17.106242 1642335
17.131260 1627056
18.238872 1626522
18.625154 1603690
18.625934 1602514
18.628806 1590737
18.634121 1574018
18.637545 1571936
18.643435 1569973
18.643626 1568831
18.767921 1556190
18.768124 1550314
20.159258 1548909
20.160859 1545984
20.161853 1545924
20.173853 1540429
20.182518 1535735
20.185306 1528162
20.186497 1524496
20.186694 1514153
20.277751 1513557
20.277953 1508812
20.367687 1502668
20.385064 1494070
20.787603 1482422
20.796304 1466633
20.800634 1459008
20.805006 1454115
20.807785 1446825
20.811373 1443976
20.816860 1438750
20.830225 1424991
20.831047 1407439
20.833215 1394769
20.915153 1394412
20.919123 1384832
20.922670 1384321
20.932161 1383132
20.959631 1376369
20.968532 1372242
21.049193 1363645
21.050586 1360764
21.175093 1345629
21.176056 1323330
27.398146 1313782
27.404273 1308042
27.411719 1304412
27.418335 1300814
27.441785 1297727
27.550653 1296671
28.165049 1294936
28.167441 1292978
28.189441 1289685
28.195987 1288608
28.199665 1280541
28.215980 1278888
28.229927 1266237
29.027126 1246787
29.112498 1236100
29.115767 1231393
29.116910 1230024
29.118805 1226109
29.140875 1226045
29.156637 1224524
29.170292 1223190
29.171299 1216432
29.534709 1210364
30.538344 1210089
30.541985 1206142
30.618186 1205532
30.671991 1193613
30.711061 1172591
31.009549 1172395
31.115908 1165511
31.590629 1163429
31.595982 1161468
31.597572 1148679
32.171699 1148053
32.384790 1145181
32.401141 1117559
32.700494 1116913
32.705229 1109421
32.815036 1106073
32.823021 1104884
32.860666 1098012
33.271717 1085999
33.278622 1075316
33.311789 1063435
36.850886 1059464
36.904940 1058692
37.017980 1055543
37.045047 1052259
37.085855 1041386
37.110715 1039551
37.248819 1035991
37.363560 1029639
37.396068 1026905
37.661805 1018168
37.731299 1018155
37.802814 1017838
38.268260 1005175
38.293043 999024
38.297997 998768
38.298189 998411
38.317221 995693
38.337550 992622
38.377641 985033
38.750680 982979
38.911311 981130
38.929889 979749
39.009081 978822
39.010614 977704
39.678185 975238
39.693984 968835
39.703861 966680
39.841144 964778
39.845707 962792
39.953560 959456
40.209107 952816
40.254222 951313
40.542795 946058
41.436506 945877
41.438419 942972
42.561561 937841
42.649041 936594
42.662128 929266
42.783582 927621
43.386752 925003
43.539132 922963
43.745834 921030
43.797648 920630
43.995993 916079
44.268183 915781
44.307594 914896
44.310168 914856
44.317110 910965
44.463090 899890
44.640177 898956
44.904567 896152
44.911519 894547
44.925163 893622
44.948863 892244
45.016932 889836
51.228227 889635
51.660882 885929
51.729649 883666
51.759389 882475
52.059667 880648
57.859588 878705
58.660459 877663
58.672142 873443
58.993249 873162
59.074421 871834
59.077806 871271
59.121771 868565
59.431016 866897
59.902664 866006
60.422739 863631
61.398878 863591
61.401462 859807
61.572921 858690
62.145840 858651
62.314276 858464
62.417574 856534
62.473272 855118
64.068590 854415
64.098462 854117
64.166004 854078
64.208305 852417
64.250545 852358
66.199514 850921
66.229147 850881
67.515599 849287
68.088754 848527
68.263946 848131
87.619268 847387
87.726658 847267
87.809780 846871
89.000920 845973
93.213307 845933
99.684806 845894
111.125085 845451
112.312222 845392
112.364123 845311
113.141392 845094
129.220464 845055
350.087598 844883
351.010000 843899
351.200557 841744
352.562551 841399
352.620955 840792
352.699447 839547
352.835290 837936
353.245014 837033
353.340776 836911
355.709145 833071
355.735798 832951
355.778672 832555
356.610941 829833
357.589373 829074
357.824515 828310
358.523347 828210
358.607469 826924
359.414994 826317
359.724853 825850
360.125898 825401
360.974897 821804
361.302012 821054
361.608602 820605
363.821952 820325
364.326121 818170
364.422157 815565
365.593265 815185
365.621793 813487
366.368088 813434
366.549701 813077
368.843084 811769
384.143381 811511
384.397547 811074
385.033692 811035
386.550991 810992
