0.000438 5913952
0.000836 5908905
0.001025 5855935
0.001928 5821315
0.002113 5671851
0.002297 5596566
0.002675 5542730
0.002861 5477976
0.003222 5431939
0.003405 5401528
0.003587 5377131
0.003769 5364073
0.006448 5312721
0.006658 5281273
0.006842 5209064
0.007024 5156221
0.007386 5014325
0.007924 5002799
0.008816 4976967
0.009176 4898864
0.010248 4854535
0.010431 4843440
0.010613 4838599
0.010989 4755251
0.011710 4723676
0.012073 4699259
0.012432 4680439
0.014032 4674174
0.015296 4648369
0.016542 4643082
0.016724 4574463
0.016907 4563107
0.017624 4520562
0.019431 4315661
0.019615 4298553
0.019796 4292891
0.020155 4214385
0.020447 4130932
0.021556 4098798
0.022528 4049356
0.022888 4046023
0.023905 4010322
0.024728 4008485
0.026991 3983069
0.027357 3981800
0.027720 3975426
0.040369 3957635
0.043954 3938558
0.044315 3769245
0.045035 3763831
0.045216 3759614
0.045750 3716331
0.047545 3714379
0.048260 3703762
0.049511 3700694
0.050225 3684925
0.051310 3650503
0.051495 3635517
0.054716 3604256
0.055438 3528271
0.057928 3478891
0.058294 3427811
0.060450 3426116
0.061346 3404806
0.062419 3399601
0.063148 3395407
0.067790 3367740
0.068687 3350512
0.070663 3344998
0.072268 3304289
0.072809 3289370
0.073883 3277758
0.075492 3277723
0.076917 3259735
0.078527 3211712
0.082096 3194507
0.083894 3190290
0.089237 3186047
0.090134 3184286
0.091576 3120681
0.091761 3120313
0.094606 3097136
0.095154 3095852
0.095339 3088622
0.096054 3087182
0.096947 3068558
0.097842 3064600
0.098557 3048174
0.098930 2975860
0.101770 2940686
0.105342 2893266
0.107849 2858543
0.116593 2847351
0.124081 2835814
0.129946 2812223
0.131040 2798117
0.133532 2780418
0.138147 2751679
0.141878 2734484
0.142959 2713477
0.144740 2713231
0.149011 2703386
0.151344 2676714
0.153304 2652277
0.157945 2643484
0.159740 2633333
0.161170 2625605
0.164032 2623092
0.168630 2595410
0.176669 2592476
0.181516 2562532
0.182596 2509919
0.200522 2503808
0.223953 2497970
0.228458 2483896
0.243284 2483446
0.243492 2479245
0.243678 2460577
0.247448 2429606
0.248172 2407819
0.286427 2404171
0.610224 2369474
0.664684 2332564
5.273068 2279633
5.291628 2262780
5.293127 2230572
5.295002 2212487
5.295791 2178772
5.296350 2161353
5.301911 2159671
5.307827 2159168
5.310265 2155631
5.312684 2148431
5.431996 2146574
5.435756 2132495
5.450054 2117370
5.453609 2103704
7.577262 2079798
7.884552 2074867
8.375089 2064728
8.398896 2058188
8.418234 2041036
8.604605 2034397
8.607270 2026971
8.793517 2015351
8.947321 2001813
8.953542 1989824
8.963373 1984266
9.042960 1923139
11.970026 1908557
11.974274 1907390
11.976997 1900860
11.977390 1891824
12.219788 1888040
12.236110 1859948
12.339660 1859720
12.340792 1840451
12.386999 1829503
12.395333 1816646
12.416164 1811566
14.686625 1807529
14.689807 1795038
14.699425 1792421
14.701094 1788150
14.708316 1784685
14.711645 1733297
14.715539 1732497
14.794480 1727187
14.811983 1708299
14.825285 1669944
14.856953 1667740
14.860108 1664653
14.860864 1649910
14.890853 1625805
14.897126 1604381
14.906739 1602850
14.907486 1597475
14.909696 1592864
14.932757 1592497
14.933504 1579211
14.934064 1577045
14.940726 1576398
14.943508 1574232
14.948120 1548666
14.956581 1544551
14.958422 1539681
14.960461 1534541
15.685191 1521175
15.692040 1514446
15.710231 1511209
15.758093 1500366
15.763494 1488980
15.866211 1486567
15.877693 1467867
15.886581 1467126
15.889747 1467030
15.899247 1431135
15.903768 1411993
15.914904 1409767
15.916576 1403380
21.138691 1388612
21.196956 1385448
21.207919 1384556
21.208676 1381691
21.210729 1380868
21.230910 1378760
21.445514 1365464
22.017157 1355145
24.522900 1339441
24.527566 1337424
24.540514 1297850
24.555050 1296647
25.075781 1267566
25.084702 1258172
25.098175 1255443
25.133131 1237956
25.140353 1234982
25.157680 1215575
25.306780 1175885
25.310702 1175852
25.393203 1172737
25.511467 1167203
25.525780 1166549
25.576326 1161311
25.584106 1153507
25.600082 1146804
25.606948 1112843
25.618086 1110558
25.625327 1094736
26.040396 1092354
31.690428 1090823
31.698797 1081864
31.724343 1081423
33.991026 1078974
34.133876 1078566
34.392040 1071907
34.395781 1068688
34.405754 1068228
34.424120 1067123
34.435187 1060034
34.443745 1052967
34.487267 1047512
34.490769 1047431
34.507725 1046958
34.581891 1041497
34.606928 1040016
34.622433 1039935
35.808879 1034396
35.820915 1030889
36.619306 1026418
36.636079 1022970
36.650365 1017341
36.653841 1016504
36.690931 1009678
36.721264 1007453
36.726449 1004256
36.759164 1000867
36.866593 998250
37.655228 996301
37.706790 994302
37.712137 991596
37.734660 990268
38.398833 987413
38.408119 987017
38.600875 983121
38.757286 979254
38.757853 975908
39.143946 973575
39.226249 970489
39.228971 944912
39.445890 938570
39.481197 933106
39.598103 932420
39.697004 931573
39.960140 931187
39.968419 927471
40.001988 924979
40.027121 913701
40.075751 913693
40.984165 911190
40.992657 909388
41.128635 905832
41.185594 904100
41.196301 902984
42.622244 901325
42.639431 901063
42.944562 899924
43.033493 897366
43.043334 896113
43.047031 895701
43.059265 891354
43.060751 870405
43.071275 866219
43.126599 865598
43.143245 865473
43.213434 862356
43.246596 860974
43.247172 859710
43.333039 859515
45.836651 858028
45.886894 857620
45.902594 854166
46.047318 853608
47.244133 851237
47.507251 849634
63.312836 849435
63.341146 847203
63.363536 846241
63.480426 846046
63.500180 845813
67.197068 844288
67.888151 842690
68.047009 842650
68.047405 842455
68.059695 841169
68.888029 839251
69.078140 835744
69.869070 834960
69.906553 831317
70.015306 831305
71.316771 827852
72.382735 827569
72.970772 826651
73.077187 825457
73.116909 823976
73.197301 823895
73.395756 823369
73.442755 823240
73.539739 822393
73.676799 822347
73.801745 821597
74.104027 821516
74.208882 821148
74.290763 821067
74.297238 820850
83.674090 820822
84.773695 819899
101.065235 819682
101.564019 819643
588.539781 819539
