0.000695 5997267
0.001194 5947943
0.001563 5926247
0.002452 5880079
0.002990 5868091
0.003173 5817700
0.003357 5678272
0.003538 5546439
0.003719 5514869
0.003933 5439558
0.004293 5434603
0.005003 5417136
0.005196 5414098
0.005552 5300489
0.005911 5296471
0.006982 5248211
0.007522 5216775
0.008778 5210593
0.008960 5193080
0.009664 5115625
0.009844 5082503
0.010025 5019566
0.010569 5007043
0.011105 4976145
0.011640 4790930
0.012018 4623835
0.012374 4603731
0.013077 4524787
0.013608 4439224
0.014483 4397203
0.014663 4367247
0.016775 4351195
0.017480 4317526
0.017660 4307329
0.018011 4288290
0.018542 4250821
0.018722 4125029
0.019252 4067493
0.020314 4057787
0.020494 4055370
0.020672 3927337
0.021024 3888340
0.021725 3725314
0.022596 3699847
0.027648 3665001
0.029988 3659471
0.030696 3657097
0.031955 3608521
0.033006 3556138
0.033883 3533973
0.035989 3533650
0.044022 3528804
0.044205 3517375
0.044557 3517340
0.044737 3474617
0.045263 3450247
0.046310 3378917
0.049796 3342636
0.050498 3282055
0.051374 3271484
0.053673 3237459
0.054030 3236766
0.054209 3234191
0.055601 3191166
0.055802 3170851
0.061531 3155993
0.061715 3151769
0.098806 3098519
0.100190 3085766
0.100901 3058141
0.103378 3046473
0.105328 3030583
0.106207 3006342
0.107430 2999520
0.109046 2994837
0.109228 2991129
0.110101 2934383
0.110628 2922633
0.111505 2921906
0.112921 2903962
0.139051 2880730
0.141507 2859419
0.141709 2858888
0.142096 2823559
0.143148 2822776
0.143677 2800005
0.158361 2781096
0.159464 2766337
0.160409 2749913
0.201895 2730351
0.202775 2716679
0.202957 2712127
0.204535 2708601
0.205068 2680980
0.215123 2674669
0.217088 2672893
0.217618 2671634
0.217798 2662076
0.220262 2655288
0.221658 2647698
0.222559 2638452
0.222742 2622732
0.223096 2619599
0.227290 2591306
0.229069 2583344
0.229252 2582518
0.229606 2575827
0.230480 2571771
0.231354 2556588
0.280837 2542700
0.331095 2531418
0.333059 2486636
0.333243 2484027
0.335162 2478078
0.338305 2450290
0.339703 2448048
0.341637 2441210
0.359678 2438937
0.360404 2437978
0.360587 2419156
0.501553 2395585
0.501915 2388200
0.503313 2359525
0.542411 2308995
0.544360 2273986
0.547142 2253055
0.705331 2237565
0.707429 2237528
0.708331 2224198
0.708688 2215408
0.717896 2213136
0.720009 2202386
0.720368 2193220
0.744182 2189334
0.748722 2188771
0.752899 2173484
0.754990 2163992
0.756229 2162166
0.761452 2153305
0.763024 2137967
0.766348 2132904
0.770355 2120016
7.842010 2109289
7.842279 2102478
7.849215 2068562
7.850498 2057214
9.251318 2050410
9.353884 1985759
9.369865 1984108
9.540103 1976954
9.680481 1964746
9.681042 1916595
9.682495 1870956
9.683233 1870548
9.688893 1823222
9.765355 1820252
9.765911 1819998
11.543098 1789262
11.555093 1772202
11.555659 1732611
11.561307 1720505
11.570385 1714280
11.770340 1704572
11.770530 1686468
11.775453 1658837
11.777293 1657313
11.818593 1647883
11.825688 1635752
16.874623 1620104
17.478920 1609845
17.486777 1607337
17.496275 1601329
17.651057 1599932
17.673406 1589480
17.676718 1588916
17.960675 1580486
17.960865 1579472
17.969433 1570381
17.974184 1557382
17.995280 1551455
17.995860 1550047
17.998409 1519851
18.008407 1514372
18.025313 1508433
18.047082 1502872
18.059073 1495154
18.376938 1487158
18.389140 1450820
18.400406 1447904
18.404235 1438513
18.495705 1429396
18.496283 1428771
18.503916 1426331
18.547631 1419779
18.557822 1393730
19.954001 1392178
19.966564 1390887
19.967302 1390413
19.968237 1348507
19.968969 1330927
19.969701 1325912
20.035973 1317769
20.055570 1314002
20.289335 1303580
20.295887 1288891
20.306235 1288853
20.322945 1287554
24.154853 1286810
24.158510 1284891
25.498045 1284545
25.502610 1275962
25.509003 1264138
25.523951 1257204
25.639099 1254587
25.656125 1253339
26.783699 1250057
26.802451 1248958
26.804729 1231828
26.806059 1212515
26.834032 1210792
26.860461 1205859
28.443342 1196978
28.450800 1183615
28.464635 1180936
28.473194 1180880
28.475378 1180709
28.728910 1170676
28.786451 1169029
28.794103 1168976
28.797404 1161579
28.810341 1161361
28.832341 1140694
28.911506 1140276
28.917341 1132610
30.155576 1126195
30.303237 1114404
30.309667 1107749
30.314081 1103656
30.364953 1101833
32.051870 1096129
32.133072 1096032
32.157556 1094143
32.217512 1091748
32.229465 1091337
32.299867 1090255
32.353774 1085128
32.374108 1082501
32.389921 1080685
32.406634 1072170
32.461580 1062533
32.476665 1059091
32.546984 1056335
32.565714 1053625
32.568648 1051816
32.652148 1041981
34.120787 1041311
34.208149 1036736
34.208340 1036179
36.069688 1032060
36.128879 1031397
36.263643 1025980
36.635233 1023867
36.662301 1007757
36.665225 1006949
40.935345 1003887
40.943702 991642
41.132539 990455
42.551404 988065
42.577880 980122
42.591674 978186
42.608755 975923
42.641301 967981
42.668205 967509
42.677123 967357
42.732607 964410
43.622491 964111
43.642842 962515
43.761781 959864
44.107276 959158
44.434127 952347
44.586528 951502
44.644500 951257
44.704623 946828
44.724879 943725
44.737225 939817
44.764001 938953
44.779441 927126
46.301810 924333
46.308002 924321
46.454122 921857
46.496720 920760
46.843685 915622
47.029508 914990
47.074403 914175
47.483058 906939
47.647038 906051
47.981766 904969
48.041968 904046
48.090421 902810
48.115217 899905
48.161445 896499
48.161633 887908
48.223443 887876
48.311447 885255
48.445347 884610
48.509753 882753
48.565735 881670
48.801967 880396
49.067070 876109
49.071843 872720
49.152829 867719
49.239703 864573
52.024579 860869
52.315305 860279
52.503593 857374
52.610306 856295
52.635371 856282
52.665113 855088
52.676031 855048
52.790214 853670
52.853895 853589
52.979691 853134
53.170134 852342
53.376752 849424
55.195526 846794
55.196106 845191
55.217552 844399
55.231947 843573
55.275869 842797
55.497920 841418
56.660016 840379
56.754430 840219
56.864514 839541
68.095434 839138
68.651294 835137
69.472767 832626
71.541784 832610
73.104367 832340
73.247341 832300
73.516013 832171
74.606011 831695
74.790629 830887
86.787132 830621
87.271191 829593
88.205700 828399
94.467789 828398
99.389380 820255
102.579787 820216
106.419981 819476
106.519339 819437
107.272416 819361
134.629981 819322
201.760033 816784
201.973619 816771
202.077770 816375
206.742462 816169
212.728121 815894
213.330906 815802
214.066958 815677
214.093263 815107
214.861796 813998
220.086161 813821
220.205041 813781
236.336917 813742
502.585850 813580
503.094729 812742
509.455813 812721
510.018935 812681
514.172868 812113
514.208631 811988
514.353288 811418
515.250981 810969
520.836633 810930
