0.000854 5866004
0.001058 5805147
0.003145 5795712
0.004463 5791619
0.021321 5784994
0.023905 5766296
0.065784 5707957
0.115385 5699533
0.118622 5699117
0.126336 5674945
0.570801 5659777
0.775790 5645155
0.775964 5584298
0.778037 5574863
0.779330 5570770
0.783186 5568069
0.792611 5564145
0.795178 5545447
0.837232 5487108
0.858871 5472496
1.539944 5457874
1.540282 5389280
1.544939 5367946
1.602730 5334770
1.741791 5321408
1.756545 5304108
1.759262 5299282
1.761346 5290987
1.799186 5286886
2.305995 5272264
2.306346 5203670
2.309405 5201972
2.310691 5197879
2.313116 5185911
2.326404 5172556
2.368687 5149160
2.370290 5143686
2.507502 5135798
2.522409 5129947
2.524992 5120296
2.527073 5105377
3.067778 5090755
3.068110 5022161
3.072919 5000827
3.136109 4984201
3.138677 4983072
3.142534 4979701
3.266189 4975267
3.273742 4954289
3.452441 4933650
3.456340 4928613
3.611893 4928349
3.839387 4913727
3.839744 4845133
3.844568 4823799
3.904198 4807173
3.910328 4790623
4.041736 4777261
4.605206 4762639
4.605545 4694045
4.614095 4693106
4.615224 4692347
4.616518 4688254
4.630784 4687678
4.632256 4662931
4.668200 4650981
4.676375 4634061
5.369533 4605760
5.369913 4575169
5.371043 4556435
5.380680 4545054
5.396518 4519731
5.489619 4505533
5.526046 4493472
6.134345 4465171
6.134676 4434580
6.139641 4416723
6.143023 4409317
6.145446 4404465
6.161235 4379142
6.308109 4373243
6.316764 4372429
6.621509 4365179
6.899527 4336878
6.899880 4306287
6.906457 4281963
6.920429 4280663
6.976005 4278055
6.976814 4271570
6.984929 4259338
7.046464 4254492
7.072993 4244950
7.398965 4243414
7.661674 4215113
7.662007 4184522
7.668871 4183655
7.669842 4165788
7.682511 4158898
7.738453 4156290
7.739262 4149805
7.747278 4137573
7.808199 4132727
7.834802 4123185
8.429156 4094884
8.429490 4064293
8.433506 4061953
8.433837 4052726
8.435600 4039969
8.508909 4021094
8.576594 4012498
8.848061 3998398
9.194382 3970097
9.194715 3939506
9.205975 3938639
9.206947 3920772
9.219634 3913882
9.272981 3896307
9.563393 3890983
9.572193 3877355
9.958323 3849054
9.958656 3818463
9.970048 3817596
9.971021 3799729
9.983882 3792839
10.038096 3775264
10.326925 3769940
10.722413 3741639
10.722748 3711048
10.727613 3694692
10.735106 3692314
10.747781 3685424
10.800872 3667849
11.127033 3662271
11.486605 3633970
11.486948 3603379
11.491440 3579055
11.565396 3560180
12.251529 3550893
12.251884 3526708
12.252531 3507935
12.252862 3475266
12.568633 3475071
12.777500 3463040
12.995008 3462946
12.999178 3461508
13.011972 3452221
13.012303 3428036
13.012954 3409263
13.013282 3376594
13.314618 3363974
13.722772 3361001
13.775115 3351714
13.775456 3327529
13.776111 3308756
13.776442 3276087
14.076357 3263467
14.535750 3254180
14.536084 3229995
14.537530 3224237
14.539137 3185841
14.559735 3178951
14.659809 3167792
15.295421 3165397
15.297519 3161722
15.298009 3158850
15.298178 3149259
15.298345 3134302
15.299628 3122520
15.306568 3108033
15.309326 3106560
15.320225 3083276
16.022373 3082683
16.058954 3080288
16.061053 3076613
16.061541 3073741
16.061708 3064150
16.061874 3049193
16.063156 3037411
16.071673 3023791
16.072805 3021451
16.083703 2998167
16.817693 2963459
16.818346 2949376
16.824607 2920541
16.973743 2918352
17.376937 2915526
17.589260 2880818
17.589920 2866735
17.602591 2856634
17.603751 2854294
17.685173 2843791
17.744615 2835711
18.351494 2801003
18.352965 2758085
18.880576 2755298
19.113351 2720590
19.114800 2677672
19.932514 2664126
19.935396 2662518
19.936527 2628097
19.979845 2622778
19.980972 2621195
19.994458 2610038
19.995921 2606768
20.023108 2605937
20.342499 2604307
20.642975 2603386
20.694244 2589840
20.697137 2588232
20.698261 2553811
20.741921 2548492
20.743049 2546909
20.756530 2535752
20.757977 2532482
20.785000 2531651
21.104940 2530021
21.457289 2516475
21.460185 2514867
21.461308 2480446
21.505512 2475127
21.506696 2473544
21.520872 2462387
21.550933 2458286
22.228622 2444740
22.232626 2408711
22.277312 2401809
22.578837 2398003
22.604734 2396801
22.617876 2396334
22.832484 2391572
22.989724 2378026
22.993729 2341997
23.038285 2335095
23.340707 2331289
23.379592 2329620
23.752111 2316074
23.756170 2280045
23.800543 2273143
23.931647 2259255
24.514390 2245709
24.559331 2239297
24.559680 2230583
24.573936 2220014
24.581191 2218201
24.584889 2209096
24.585218 2204708
24.625453 2192278
24.637543 2190874
25.275111 2177328
25.282966 2175720
25.320036 2170916
25.330751 2169344
25.331082 2166207
25.341973 2154551
25.345528 2140715
25.345859 2136327
25.386028 2123897
26.038903 2110351
26.041163 2074322
26.109199 2073738
26.109532 2069350
26.260535 2063614
26.800752 2050068
26.805247 2036714
26.849662 2035610
26.850315 2020708
27.251493 2010248
27.292000 2007436
27.563491 1993890
27.567997 1980536
27.612421 1979432
27.613073 1964530
28.013168 1954070
28.190624 1949255
28.325285 1935709
28.329845 1922355
28.374287 1921251
28.374937 1906349
28.774888 1895889
29.087670 1882343
29.092162 1868989
29.136684 1867885
29.151254 1866242
29.160902 1859566
29.310347 1858443
29.484014 1856174
29.658318 1850171
29.868047 1836625
29.872723 1823271
29.918992 1822167
29.934213 1820524
29.944360 1813848
30.099422 1812725
30.276863 1810456
30.646051 1796910
30.680870 1796769
30.695141 1781419
30.719136 1774133
30.869074 1773010
31.408975 1759464
31.443861 1759323
31.458139 1743973
31.482089 1736687
31.901710 1735779
32.170853 1722233
32.205677 1722092
32.220167 1706742
32.244059 1699456
32.732091 1699149
32.932700 1685603
32.967539 1685462
32.981853 1670112
33.005849 1662826
33.521694 1655332
33.695340 1641786
33.730336 1641645
33.744653 1626295
33.768517 1619009
34.459592 1605463
34.504265 1578415
35.222733 1565748
35.305206 1559467
35.305541 1550061
35.400363 1548017
35.818465 1544984
35.888396 1544968
35.983787 1532301
36.066203 1526020
36.066537 1516614
36.161701 1514570
36.582258 1511537
36.747039 1498870
36.829338 1492589
36.829674 1483183
36.924680 1481139
37.510027 1468472
37.541411 1467452
37.592739 1452785
37.617894 1447312
38.271137 1434645
38.350098 1424366
38.353807 1418958
38.455683 1418410
38.625120 1412396
39.032596 1399729
39.068450 1398709
39.115297 1384042
39.217254 1383494
39.486712 1381411
39.795672 1368744
39.876911 1358465
39.878520 1353057
39.980434 1352509
40.318080 1352461
40.375940 1351229
40.559551 1338562
40.642593 1322875
40.744325 1322327
41.321144 1309660
41.405202 1293973
42.088526 1281306
42.233732 1276845
42.273196 1273358
42.428546 1270100
42.734543 1267701
42.850543 1255034
42.996349 1250573
43.035905 1247086
43.191718 1243828
43.614439 1231161
43.759783 1226700
43.799232 1223213
44.088100 1221772
44.297475 1221601
44.377112 1208934
44.522716 1204473
44.562133 1200986
44.852600 1199545
45.141481 1186878
45.286680 1182417
45.326109 1178930
45.606718 1145889
45.903838 1133222
46.049625 1128761
46.089047 1125274
46.667402 1112607
46.799645 1109130
47.044534 1104883
47.382948 1104753
47.430141 1092086
47.562059 1088609
47.805355 1084362
48.192376 1071695
48.324379 1068218
48.797773 1064266
48.957312 1051599
49.089169 1048122
49.720394 1035455
50.206483 1034368
50.214997 1032380
50.481764 1019713
50.958862 1019453
51.245689 1006786
52.023026 1005514
52.023202 1004852
52.023371 999912
52.290760 995508
52.786414 994236
52.786589 993574
52.786757 988634
53.111130 987676
53.407675 984730
53.548478 983458
53.548652 982796
53.548819 977856
53.873260 976898
54.218660 975820
54.225244 975776
54.310791 974504
54.310964 973842
54.311132 968902
54.635079 967944
55.002194 967941
55.071952 966669
55.072125 966007
55.072294 961067
55.396505 960109
55.762904 955621
55.832650 954349
55.832824 953687
55.832992 948747
56.156986 947789
56.593616 946517
56.593791 945855
56.593960 940915
56.990650 940807
57.263049 940567
57.354481 939295
57.354655 938633
57.354824 933693
57.751615 933585
58.033028 933108
58.116028 931836
58.116201 931174
58.116368 926234
58.517225 926126
58.881615 924854
58.881795 924192
58.881964 919252
59.861814 915906
60.009987 913123
60.625903 909777
60.942057 909754
61.001103 909623
61.063532 907766
61.388530 904420
61.703739 904397
61.762764 904266
61.862035 903441
62.150832 900095
62.467243 900072
62.525963 899941
62.913745 896595
63.229695 896572
63.676579 893226
63.797110 892847
64.439115 889501
65.264087 886583
65.465302 886349
66.026359 883431
66.841192 881665
67.214237 880725
67.605165 878959
68.415430 877843
68.613770 877356
68.669173 877266
69.177644 876150
69.375476 875663
69.939146 874547
70.235531 874476
70.243509 874281
70.702110 873165
70.998149 873087
71.010761 872995
71.464828 871879
71.761315 871801
72.227267 870685
73.285466 870645
222.634857 870311
223.194023 868615
223.482924 867987
223.959459 866291
224.877864 865453
225.130518 864637
225.269944 864635
225.645018 863797
225.893981 862981
226.408844 862143
226.703578 861410
227.173350 860572
227.510917 860212
227.937150 859374
228.346032 859018
228.701411 858180
229.132494 858081
229.462876 857243
230.631704 857203
230.686897 856696
230.752096 856686
231.395580 856646
231.451101 856139
232.161106 856099
232.277726 855611
232.926369 855571
385.207084 854430
385.268026 853236
385.439118 853102
385.774264 852730
385.990794 851646
386.049738 850452
386.220881 850318
386.545784 849946
386.813266 848752
386.984017 848618
387.578082 847424
388.341860 847384
388.401469 846487
388.791980 846322
389.013221 846233
389.103158 846193
389.163065 845296
389.554392 845131
389.866785 845091
389.926366 844194
390.632227 844154
391.167031 843798
391.305076 843732
391.348268 843585
391.395505 843545
391.931946 843189
392.068091 843123
392.158858 843083
392.693570 842727
392.920404 842687
