0.002643 5879949
0.008017 5873609
0.009791 5864089
0.023788 5862333
0.026790 5861007
0.033084 5858144
0.036253 5842967
0.041458 5841057
0.054856 5835339
0.165672 5785543
0.170360 5773356
0.184614 5770519
0.212880 5716077
0.224538 5696813
0.827265 5662810
0.827969 5658053
0.833829 5652582
0.845057 5643651
0.847126 5640317
0.860256 5625828
0.866788 5625547
0.885857 5625413
0.894666 5624182
0.898601 5623444
0.985206 5588488
0.986657 5579318
0.990223 5559061
0.994130 5552083
0.998283 5550407
1.043153 5508025
1.085227 5492522
1.180340 5482881
1.637946 5448878
1.638645 5444121
1.643489 5442773
1.655754 5429719
1.670857 5411896
1.696521 5411481
1.705498 5410584
1.795925 5374556
1.797478 5365386
1.797998 5344702
1.805243 5338151
1.809383 5336475
1.854569 5294093
1.896710 5278590
2.040741 5274689
2.450123 5240686
2.450829 5235929
2.453229 5234346
2.454971 5224826
2.467903 5221527
2.473765 5218193
2.483125 5203704
2.486226 5201794
2.520735 5200357
2.608505 5166364
2.610072 5157194
2.610597 5136510
2.617847 5129959
2.621973 5128283
2.667286 5085901
2.709134 5070398
3.269809 5036395
3.270512 5031638
3.272939 5030055
3.274610 5020535
3.291269 5017453
3.293337 5013902
3.302663 4999413
3.305771 4997503
3.340229 4996066
3.428884 4962073
3.430452 4952903
3.430993 4932219
3.438227 4925668
3.442394 4923992
3.490773 4889513
3.638840 4872281
4.015166 4866792
4.086047 4832789
4.086744 4828032
4.089168 4826449
4.090894 4816929
4.107598 4813847
4.109528 4810296
4.118201 4795807
4.121141 4793897
4.145627 4788179
4.243110 4758467
4.244659 4749297
4.245182 4728613
4.261959 4723359
4.301429 4685907
4.447591 4668675
4.900075 4634672
4.900815 4629915
4.904999 4618812
4.921752 4615730
4.923847 4612179
4.933196 4597690
4.952511 4597275
4.960793 4590062
5.058281 4560350
5.059851 4551180
5.060892 4547631
5.076253 4539620
5.117299 4487790
5.239978 4468317
5.717320 4434314
5.718019 4429557
5.722155 4418454
5.738874 4415372
5.740970 4411821
5.750284 4397332
5.777832 4389704
5.875010 4359992
5.877070 4344228
5.892923 4339262
5.933909 4287432
6.533583 4253429
6.534800 4252667
6.538415 4237569
6.555067 4234487
6.557130 4230936
6.566469 4216447
6.593938 4208819
6.693417 4163343
6.709291 4158377
6.982169 4143543
7.155201 4135137
7.349339 4101134
7.350555 4100372
7.354190 4085274
7.370867 4082192
7.382264 4064152
7.409753 4056524
7.509367 4011048
7.525168 4006082
7.798118 3991248
8.166150 3957245
8.167386 3956483
8.173757 3951140
8.196006 3939629
8.199118 3920263
8.226647 3912635
8.326324 3867159
8.984679 3858282
8.985039 3828399
8.991234 3827051
9.012649 3815540
9.016838 3803437
9.033350 3795005
9.042336 3788546
9.171376 3787540
9.179121 3766962
9.340930 3748059
9.495584 3743989
9.798778 3735112
9.799141 3705229
9.805301 3703881
9.827535 3692370
9.832028 3680267
9.849247 3671835
9.858187 3665376
9.986631 3664370
9.994351 3643792
10.034332 3637651
10.156176 3624889
10.449710 3600399
10.614602 3591522
10.614978 3561639
10.634251 3560451
10.638738 3554154
10.644816 3543903
10.647928 3536677
10.657387 3534334
10.665152 3528245
10.802665 3520780
10.847166 3513127
10.857682 3506706
10.918451 3504911
10.923219 3481626
11.280482 3480618
11.429584 3471741
11.429940 3441858
11.449154 3440670
11.459736 3424122
11.462837 3416896
11.472299 3414553
11.480041 3408464
11.617668 3400999
11.662111 3393346
11.672638 3386925
11.733411 3385130
11.738234 3361845
12.244385 3352968
12.244743 3323085
12.253018 3311982
12.269143 3308900
12.273971 3305349
12.276874 3298123
12.286424 3290860
12.293665 3283232
12.433598 3268352
12.484452 3268152
12.536013 3266668
12.676087 3262471
12.812228 3255942
12.845625 3247219
13.056108 3238342
13.056464 3208459
13.064719 3197356
13.081407 3194274
13.086250 3190723
13.089342 3183497
13.099348 3176234
13.107124 3168606
13.289021 3168457
13.299022 3153526
13.350661 3152042
13.490793 3147845
13.628776 3141316
13.872868 3132439
13.873231 3102556
13.894233 3101368
13.903081 3084820
13.906184 3077594
13.916192 3070331
13.923945 3062703
14.106163 3062554
14.116171 3047623
14.167360 3046139
14.306329 3041942
14.687847 3033065
14.688205 3003182
14.709177 3001994
14.718000 2985446
14.721118 2978220
14.731149 2970957
14.738871 2963329
14.921161 2963180
14.931128 2948249
14.982810 2946765
15.503917 2937888
15.509543 2896902
15.532558 2890269
15.544119 2880700
15.569241 2877860
15.702448 2876390
15.745666 2853072
16.102993 2841391
16.319038 2832514
16.324507 2830897
16.327890 2805230
16.340529 2803868
16.344503 2801443
16.348317 2784895
16.373436 2762778
16.554850 2762629
16.559873 2747698
17.133989 2697835
17.160755 2691202
17.169343 2681633
17.388506 2664824
17.396599 2655429
17.945719 2644935
17.949360 2619268
17.962286 2617906
17.966269 2615481
17.974560 2598933
17.995925 2576816
18.424346 2573521
18.760973 2563027
18.763064 2523658
18.789728 2517025
18.811064 2494908
19.471116 2492447
19.577026 2481953
19.579132 2442584
19.605815 2435951
19.627176 2413834
20.389565 2391997
20.394232 2363971
20.420935 2357338
20.510203 2353357
20.544855 2351610
20.553274 2347859
20.737735 2345035
20.822914 2344929
21.206348 2323092
21.217410 2308768
21.234329 2304981
21.237806 2288433
21.307308 2286748
21.976707 2284597
22.022841 2262760
22.036480 2234734
22.054250 2228101
22.122571 2226416
22.842596 2215922
22.852604 2176553
22.870397 2169920
22.973836 2167152
23.101350 2157617
23.658635 2135780
23.669906 2107754
23.687672 2101121
23.791437 2098353
24.476939 2087859
24.485755 2048490
24.503520 2041857
24.979321 2032378
25.300264 2014473
25.303968 1982515
25.321559 1975882
25.657503 1975339
25.921121 1971901
26.114705 1953996
26.118359 1922038
26.136134 1915405
26.919335 1906528
26.919692 1883604
26.988693 1880861
27.000927 1877482
27.110750 1867558
27.677983 1860218
27.679549 1859485
27.733381 1850608
27.733736 1827684
27.802766 1824941
27.815050 1821562
27.924583 1811638
28.505974 1805435
28.552511 1796558
28.552867 1773634
28.621829 1770891
28.634109 1767512
28.743827 1757588
29.369084 1748711
29.369441 1725787
29.450719 1719665
29.515449 1711535
29.792524 1711298
30.173792 1702421
30.174141 1679497
30.255421 1673375
30.320193 1665245
30.990744 1656368
30.991107 1633444
31.059217 1630701
31.072658 1627322
31.455699 1627152
31.807780 1618275
31.808137 1595351
31.873853 1592608
31.887335 1589229
32.274401 1566339
32.622332 1557462
32.622689 1534538
32.690478 1531795
32.703902 1528416
33.440610 1519539
33.440801 1517313
33.443741 1516404
33.507800 1493872
34.011875 1490930
34.257049 1482053
34.257235 1479827
34.260005 1478918
34.324974 1456386
35.000662 1454183
35.074441 1445306
35.074626 1443080
35.077567 1442171
35.142217 1419639
35.893754 1417946
35.893941 1387838
36.490941 1385574
36.710314 1383881
36.710501 1353773
37.433922 1353188
37.526974 1351495
37.527157 1321387
38.358719 1320456
38.358905 1319535
38.359444 1317731
38.374464 1317369
38.375358 1312614
38.628385 1310033
38.718881 1308247
38.730577 1302543
38.892982 1292245
39.175763 1291314
39.175949 1290393
39.176466 1288589
39.191465 1288227
39.192338 1283472
39.445695 1280891
39.536201 1279105
39.547924 1273401
39.937288 1267584
39.994135 1266653
39.994320 1265732
39.994808 1263928
40.009005 1263566
40.009872 1258811
40.264362 1256230
40.354406 1254444
40.366135 1248740
40.693203 1244326
40.811059 1243395
40.811244 1242474
40.811767 1240670
40.826736 1240308
40.827629 1235553
41.081242 1232972
41.171537 1231186
41.183234 1225482
41.543777 1219950
41.629243 1219019
41.629429 1218098
41.629950 1216294
41.644929 1215932
41.645798 1211177
41.899855 1208596
41.988152 1206810
41.999891 1201106
42.441987 1200175
42.442172 1199254
42.442695 1197450
42.457701 1197088
42.458575 1192333
42.713185 1189752
42.838355 1188079
42.838713 1184025
43.261230 1183094
43.261416 1182173
43.261942 1180369
43.276939 1180007
43.277809 1175252
43.531631 1172671
43.703708 1172634
43.926969 1172399
43.928701 1171124
44.047794 1158848
44.077961 1157917
44.078145 1156996
44.078670 1155192
44.093730 1154830
44.094600 1150075
44.348248 1147494
44.521642 1147457
44.744772 1147222
44.746497 1145947
44.895318 1145016
44.895504 1144095
44.896027 1142291
44.911077 1141929
44.911945 1137174
45.165524 1134593
45.337848 1134556
45.569673 1121974
45.711563 1121043
45.711749 1120122
45.712273 1118318
45.727314 1117956
45.728184 1113201
45.981759 1110620
46.154275 1110583
46.441082 1108833
46.527372 1107902
46.527557 1106981
46.528079 1105177
46.543090 1104815
46.543959 1100060
46.797762 1097479
46.969988 1097442
47.323007 1097296
47.344031 1096365
47.344215 1095444
47.344741 1093640
47.359729 1093278
47.360600 1088523
47.614521 1085942
47.787760 1085905
48.163379 1084974
48.163614 1084053
48.164141 1082249
48.179140 1081887
48.180014 1077132
48.433161 1074551
48.977586 1073620
48.977774 1072699
48.978296 1070895
48.993341 1070533
48.994211 1065778
49.446204 1065481
49.473419 1065096
49.503143 1063959
49.793895 1063028
49.794080 1062107
49.794604 1060303
49.809594 1059941
49.810465 1055186
50.263066 1054889
50.375016 1053600
50.611377 1052669
50.611563 1051748
50.612086 1049944
50.626868 1049582
50.627759 1044827
51.080316 1044530
51.352231 1043873
51.428485 1042942
51.428670 1042021
51.429159 1040217
51.443580 1039855
51.444449 1035100
51.895215 1034803
52.241486 1033872
52.241673 1032951
52.242198 1031147
52.257160 1030785
52.258030 1026030
52.711169 1022902
53.059228 1021971
53.059414 1021050
53.059940 1019246
53.074975 1018884
53.075846 1014129
53.875312 1012978
53.875498 1012804
53.876701 1010473
53.891728 1010111
53.987201 1006300
54.260869 1006029
54.392045 1005695
54.691854 1004544
54.692040 1004370
54.693237 1002039
54.708213 1001677
54.803297 997866
55.076546 997595
55.197519 996240
55.507607 995089
55.507794 994915
55.509003 992584
55.523991 992222
55.619384 988411
55.892662 988140
56.324831 986989
56.325017 986815
56.326224 984484
56.341210 984122
56.436937 980311
57.141169 979160
57.141352 978986
57.142560 976655
57.157588 976293
57.370432 974697
57.489705 973001
57.956880 971850
57.957067 971676
57.958274 969345
57.973293 968983
58.184228 967387
58.526854 967366
58.671495 966542
58.765407 965391
58.765592 965217
58.766797 962886
58.781838 962524
58.995297 960928
59.338022 960907
59.582571 959756
59.582758 959582
59.583990 957251
59.599015 956889
59.812360 955293
60.399874 954142
60.400058 953968
60.401263 951637
60.416246 951275
61.131248 951105
61.216784 949954
61.216970 949780
61.218182 947449
61.233214 947087
62.045007 945043
62.107525 944864
62.193368 943933
62.277938 943081
62.861883 941037
62.924277 940858
63.009796 939927
63.677519 937883
63.740610 937704
63.840793 922308
64.493343 920264
64.556371 920085
64.667470 919984
64.830195 919331
65.309858 917287
65.372931 917108
65.484400 917007
66.062073 916625
66.127289 914581
66.190327 914402
66.301665 914301
66.943174 912257
67.006242 912078
67.727117 912042
67.727477 911977
67.763020 909933
67.824765 909754
68.513476 906248
68.595511 902343
68.599331 901152
68.611775 891151
69.421203 886055
70.221660 885448
70.406385 884937
70.406572 883257
71.036007 882650
71.272561 880982
71.847474 880375
72.142502 879326
72.203421 878759
72.664910 878152
72.959513 877103
73.008485 867530
73.021046 866670
73.482890 866063
73.776202 865014
74.020331 865005
74.175427 864704
74.299187 864097
74.593479 863048
74.838273 863039
75.116635 862432
75.411406 861383
75.935559 860776
76.589028 859895
76.708262 859812
76.744938 859205
77.406554 858324
77.562562 857717
78.216112 856442
78.222669 855011
78.223043 853369
78.229426 851726
78.378772 851119
79.037631 843815
79.198241 843208
79.857328 842212
80.019674 841605
80.738318 840917
80.833719 840310
81.606745 839718
81.649224 839111
82.693204 839072
83.036617 838878
83.069246 838855
83.506907 838816
83.853046 838622
84.325038 838583
84.662677 837699
85.142163 837660
85.666246 837659
85.958930 837620
