0.001423 6040947
0.002043 5945142
0.005932 5944073
0.011904 5941567
0.013365 5934822
0.035399 5925640
0.038287 5904210
0.042654 5892777
0.045082 5887214
0.117077 5880440
0.245080 5879420
0.250540 5829681
0.251531 5819563
0.774366 5818608
0.774544 5722803
0.777748 5716242
0.805824 5703301
0.808243 5672413
0.816750 5669971
0.823514 5664685
0.889259 5664044
1.080056 5655076
1.087584 5599668
1.093539 5598815
1.535475 5597860
1.535655 5502055
1.539002 5498480
1.540468 5491735
1.566922 5482553
1.569340 5451665
1.577820 5449223
1.649674 5446387
1.650326 5443296
1.841549 5436566
1.848132 5378920
2.296018 5377965
2.296225 5282160
2.305837 5276940
2.327621 5262658
2.331621 5241228
2.336749 5239660
2.405192 5217458
2.689856 5196033
3.056677 5195078
3.056851 5099273
3.062599 5095698
3.064060 5088953
3.091822 5079771
3.098546 5053422
3.177125 5043605
3.666874 5018508
3.828135 5017553
3.828316 4921748
3.834085 4918173
3.835551 4911428
3.859617 4902246
3.866356 4875897
4.047563 4874998
4.399973 4867802
4.589661 4866847
4.589835 4771042
4.595614 4767467
4.602823 4765822
4.621103 4751540
4.632798 4739008
4.633291 4731714
4.642875 4727622
4.706363 4715374
5.307920 4703777
5.356834 4702822
5.357018 4607017
5.362793 4603442
5.388392 4587515
5.400270 4561166
5.576105 4560267
5.693477 4554773
6.116779 4553818
6.116955 4458013
6.148248 4438511
6.155296 4416202
6.160153 4412162
6.857492 4406223
6.876500 4405268
6.876674 4309463
6.907942 4289961
6.914986 4267652
6.919815 4263612
7.637912 4262659
7.638130 4259299
7.638303 4212743
7.640405 4163277
7.832873 4140654
7.948758 4123587
8.237423 4118068
8.397928 4117115
8.398103 4113755
8.398272 4067199
8.400371 4017733
8.553221 4006182
8.594952 3992949
8.674916 3974558
9.159759 3973605
9.159940 3970245
9.160108 3923689
9.162671 3912590
9.173777 3905736
9.295508 3902187
9.306272 3887287
9.349265 3879616
9.350237 3872192
9.355840 3865262
9.360997 3864495
9.451940 3855989
9.522935 3852018
9.532426 3845780
9.569876 3834378
9.919182 3833425
9.919379 3830065
9.919550 3783509
9.922111 3772410
9.933254 3765556
10.055237 3762007
10.065978 3747107
10.109051 3739436
10.110023 3732012
10.115636 3725082
10.120784 3724315
10.211945 3715809
10.292286 3705600
10.421364 3694040
10.679718 3693087
10.679891 3689727
10.680061 3643171
10.682625 3632072
10.687283 3593705
10.870288 3591674
10.881038 3583977
10.972116 3575471
11.048356 3571500
11.052551 3565262
11.441469 3564309
11.441698 3560949
11.441869 3514393
11.444460 3503294
11.508501 3500108
11.575279 3499843
11.578017 3499769
11.595658 3485413
11.631328 3470320
11.633729 3442304
12.201064 3441351
12.201241 3437991
12.201409 3391435
12.209421 3387118
12.217931 3386537
12.268805 3377150
12.351939 3357743
12.441834 3349944
12.546621 3347814
12.558164 3334615
12.961797 3333662
12.961973 3330302
12.962142 3283746
12.966151 3274009
13.042612 3270961
13.098792 3265994
13.193050 3265272
13.199779 3256131
13.201708 3242255
13.324867 3238300
13.647948 3229683
13.722067 3228730
13.722240 3225370
13.722409 3178814
13.726418 3169077
13.802834 3166029
13.858917 3161062
13.953082 3160340
13.959858 3151199
13.961793 3137323
14.085112 3133368
14.481754 3132415
14.481929 3129055
14.482098 3082499
14.485944 3078182
14.498608 3077601
14.554765 3076294
14.562614 3069714
14.719570 3054884
14.721503 3041008
14.992722 3039178
15.241861 3038225
15.242036 3034865
15.242204 2988309
15.246047 2983992
15.258698 2983411
15.314715 2982104
15.375909 2980728
15.397686 2954617
15.481396 2946818
16.001710 2945865
16.001886 2942505
16.002055 2895949
16.009258 2895900
16.013436 2884850
16.146642 2881325
16.248888 2875291
16.334886 2874741
16.355215 2858953
16.760865 2858000
16.761040 2854640
16.761209 2808084
16.768417 2808035
16.772619 2796985
16.905959 2793460
16.911591 2774392
17.181789 2771652
17.520153 2770699
17.520329 2767339
17.520498 2720783
17.531871 2709684
17.665208 2706159
17.772153 2703410
18.280343 2702457
18.280519 2699097
18.280689 2652541
18.284230 2648224
18.352974 2646336
18.432348 2618849
19.040807 2617896
19.040983 2614536
19.041153 2567980
19.044385 2556881
19.212981 2544614
19.775256 2539997
19.803972 2539044
19.804149 2535684
19.804325 2489128
19.807548 2478029
20.054851 2474422
20.351876 2463811
20.574279 2462858
20.574454 2459498
20.574624 2412942
20.577845 2401843
20.740915 2389576
21.333502 2388623
21.333681 2385263
21.333851 2338707
21.338344 2334390
21.613117 2330477
21.831857 2324001
22.093364 2323048
22.093539 2319688
22.093708 2273132
22.098183 2268815
22.373320 2264902
22.776249 2263954
22.840523 2260999
22.853154 2260046
22.853326 2256686
22.853495 2210130
22.857978 2205813
23.133186 2201900
23.613384 2200947
23.613561 2197587
23.613732 2151031
23.618230 2146714
24.006525 2146651
24.298249 2144927
24.331157 2144565
24.373952 2143612
24.374124 2140252
24.374293 2093696
24.378775 2089379
24.599411 2085614
25.112528 2083393
25.132796 2082440
25.132969 2079080
25.133138 2032524
25.137616 2028207
25.527699 2028144
25.892592 2027191
25.892767 2023831
25.892936 1977275
25.896938 1977226
26.650847 1969172
26.679895 1968817
26.725312 1957657
26.741031 1950846
26.852397 1937074
26.866031 1934711
27.040172 1927038
27.411137 1918984
27.440165 1918629
27.485700 1907469
27.501406 1900658
27.613087 1886886
27.626709 1884523
28.171567 1876469
28.174288 1875970
28.248939 1863631
28.249272 1860843
28.261776 1858143
28.264194 1854411
28.412265 1852723
28.413081 1848766
28.524065 1846330
28.931126 1838276
28.933865 1837777
29.008575 1825438
29.008909 1822650
29.021397 1819950
29.023814 1816218
29.171928 1814530
29.172748 1810573
29.428354 1810193
29.564005 1810017
29.691218 1801963
29.693942 1801464
29.768762 1789125
29.769095 1786337
29.781606 1783637
29.784029 1779905
29.932026 1778217
29.932840 1774260
30.188720 1773880
30.311424 1768212
30.451755 1760158
30.454472 1759659
30.529129 1747320
30.529462 1744532
30.541955 1741832
30.544375 1738100
30.692466 1736412
30.693281 1732455
30.948309 1732075
31.211110 1724021
31.213842 1723522
31.288556 1711183
31.288889 1708395
31.301389 1705695
31.303817 1701963
31.452012 1700275
31.452826 1696318
31.971994 1688264
32.001455 1687909
32.046934 1676749
32.062164 1669938
32.342712 1669913
32.416776 1666623
32.731425 1658569
32.760915 1658214
32.806406 1647054
32.821628 1640243
33.238686 1639138
33.299909 1638066
33.494573 1630012
33.524150 1629657
33.569767 1618497
33.585027 1611686
33.956293 1611522
34.000877 1610581
34.257101 1602527
34.286699 1602172
34.332364 1591012
34.347640 1584201
34.718679 1584037
35.018787 1575983
35.048313 1575628
35.093834 1564468
35.109090 1557657
35.782053 1550488
35.782442 1549104
35.870615 1531623
36.558806 1523983
36.574396 1523214
36.619959 1512054
36.634716 1505700
37.296139 1501511
37.321929 1494342
37.322267 1492694
37.383333 1483479
37.543279 1481729
37.624336 1479206
37.943790 1478718
37.943966 1478322
37.978331 1477424
38.082692 1470255
38.083029 1468607
38.144772 1459392
38.308551 1457642
38.391848 1455119
38.852907 1447950
38.853248 1446302
38.914180 1437087
39.075114 1435337
39.177224 1422030
39.614432 1414861
39.614771 1413213
39.675755 1403998
39.901631 1395625
40.375988 1388456
40.376327 1386808
40.437270 1377593
40.596273 1375843
40.742569 1375589
40.759782 1374604
40.781771 1373572
40.930249 1373392
41.138125 1366223
41.138462 1364575
41.199372 1355360
41.444313 1347822
41.899119 1340653
41.899482 1339005
41.960487 1329790
42.220969 1328625
42.293844 1326801
42.660398 1319632
42.660737 1317984
42.721667 1308769
42.981687 1307604
43.190274 1306421
43.421276 1299252
43.421616 1297604
43.482626 1288389
43.641281 1286639
44.184232 1279470
44.184570 1277822
44.245550 1268607
44.430608 1263450
44.431924 1250261
44.945247 1243092
44.945586 1241444
45.006477 1232229
45.288922 1227568
45.311356 1220462
45.712524 1213293
45.712871 1211645
45.775446 1202430
46.494213 1195261
46.494564 1193613
46.586150 1183980
47.265077 1176811
47.265418 1175163
47.370961 1175079
47.385106 1174832
47.399048 1169866
47.792665 1167593
48.026475 1160424
48.026815 1158776
48.132453 1158692
48.146560 1158445
48.160562 1153479
48.635895 1153384
48.757463 1151872
48.788544 1144703
48.788881 1143055
48.894324 1142971
48.908483 1142724
48.922541 1137758
49.404155 1137663
49.541098 1136821
49.541433 1136401
49.556533 1129232
49.572301 1128612
49.663402 1127500
49.677542 1127253
49.691553 1122287
50.167375 1122192
50.320039 1115023
50.335898 1114403
50.428271 1113291
50.442496 1113044
50.456511 1108078
51.085209 1100909
51.101002 1100289
51.190716 1098742
51.191054 1096723
51.416979 1096716
51.613886 1095416
51.636202 1094114
51.846701 1086945
51.862458 1086325
51.952079 1084778
51.952414 1082759
52.177392 1082752
52.374748 1081452
52.607209 1074283
52.622945 1073663
52.712522 1072116
52.712856 1070097
53.367142 1062928
53.382913 1062308
53.657667 1061357
53.940865 1059001
54.128664 1051832
54.144406 1051212
54.421161 1050261
54.800799 1048155
54.894959 1040986
54.910712 1040366
55.185369 1039415
55.655831 1032246
55.671622 1031626
56.462754 1031379
56.477698 1031083
56.492148 1030338
56.536334 1028927
56.719852 1025908
57.040536 1024028
57.116184 1023968
57.224691 1023721
57.239638 1023425
57.254061 1022680
57.298356 1021269
57.481143 1018250
57.755285 1018044
57.801561 1016370
57.985856 1016123
58.000794 1015827
58.015223 1015082
58.059574 1013671
58.242744 1010652
58.516610 1010446
58.586205 1008806
58.747331 1008559
58.762261 1008263
58.776747 1007518
58.820999 1006107
59.003813 1003088
59.277745 1002882
59.507953 1002635
59.522884 1002339
59.537339 1001594
59.581639 1000183
59.765070 997164
60.044508 991865
60.275642 991618
60.290987 991322
60.305849 990577
60.351267 989166
60.539382 986147
61.046560 985900
61.061534 985604
61.075980 984859
61.120272 983448
61.278790 982801
61.314884 972884
61.807523 972637
61.822426 972341
61.836891 971596
61.881132 970185
62.039565 969538
62.568406 969291
62.583358 968995
62.597765 968250
62.642049 966839
62.946791 966536
63.113451 966300
63.330082 966053
63.345068 965757
63.359548 965012
63.403823 963601
63.693659 962083
63.889351 961799
63.897219 959740
64.092292 959493
64.107237 959197
64.121744 958452
64.166124 957041
64.478086 956738
64.633009 955785
64.670136 950682
64.683760 948511
64.864912 948264
64.879893 947968
64.894346 947223
64.938696 945812
65.229527 944294
65.424933 944010
65.431551 943950
65.626212 943703
65.641188 943407
65.655678 942662
65.699953 941251
66.004291 940948
66.387917 940701
66.402863 940405
66.417324 939660
66.461547 938249
67.149144 938002
67.164104 937706
67.178534 936961
67.430640 936931
67.475634 935684
67.912257 935437
67.927201 935141
67.941654 934396
68.193183 934013
68.311056 933529
68.674611 933282
68.689568 932986
68.704020 932241
68.955363 931858
69.187794 931597
69.436688 931350
69.451647 931054
69.466080 930309
69.717726 929926
70.025782 929897
70.199039 929650
70.214015 929354
70.228534 928609
70.479421 928226
70.961096 927979
70.976065 927683
70.990513 926938
71.567105 926770
71.722584 926523
71.737557 926227
71.751996 925482
72.484762 925235
72.499723 924939
72.514324 924381
72.544203 924235
73.245702 923988
73.260647 923692
73.275247 923134
74.007243 922546
74.800298 922059
75.468702 921609
75.561345 921122
76.629576 921002
76.828659 920889
76.924766 920860
77.397884 920740
77.602103 920627
78.166944 920507
78.373438 920165
78.928303 920045
79.678927 919145
80.522180 919030
143.306664 917120
143.321771 916699
144.066808 915794
144.097658 911256
144.841442 908550
144.917397 907921
145.056113 906608
145.551390 906591
145.601256 903885
145.677147 903256
145.816114 901943
146.361886 899237
146.437875 898608
146.904373 897397
147.122957 894691
147.198849 894062
147.664140 892692
147.687812 889711
147.882777 887005
147.958661 886376
148.423361 885006
148.641950 882300
148.717907 881671
149.309383 881476
149.402705 878770
149.478601 878141
150.163263 875435
150.877290 875111
150.922795 872405
151.666506 871972
151.757361 870009
152.198399 869699
152.426668 869266
152.517424 867303
153.186773 866870
153.402498 866746
153.527215 865741
153.538289 865524
153.839912 865041
153.946114 864608
154.162080 864484
154.287145 863479
154.298214 863262
154.704036 863225
154.706445 862792
154.922690 862668
155.047449 861663
155.058517 861446
155.466873 861013
155.683267 860889
155.808149 859884
155.830607 859639
156.226795 859206
156.442833 859082
156.567326 858077
156.986864 857644
157.202954 857520
157.349972 857177
157.566738 856749
157.739838 856726
157.746871 856293
157.962877 856169
158.109864 855826
158.326597 855398
158.506789 854965
158.723108 854841
158.870473 854498
159.267772 854065
159.484009 853941
159.897453 853755
160.027995 853322
160.244225 853198
160.662798 852818
160.787195 852385
161.003603 852261
161.547438 851828
240.175246 851816
240.740233 851812
240.768090 851328
240.936380 850000
241.499358 849996
241.658953 849939
241.695305 848611
242.259619 848607
242.455750 847279
243.289071 846342
243.652512 845963
244.053670 845026
244.871574 844986
244.989996 844417
245.290132 844101
245.632800 844061
245.751304 843492
246.393401 843452
246.949126 843043
247.154964 843003
248.446093 842964
554.698724 842154
554.970379 841217
555.342470 840454
555.374477 840418
555.510361 839424
555.510857 838836
555.730383 837899
556.103285 837136
556.135259 837100
556.282076 835677
556.282252 831635
556.491636 830698
556.865332 829935
556.897449 829899
557.063184 829480
557.072333 828611
557.254096 827674
557.627660 826911
557.659623 826875
557.825518 826456
558.015779 825519
558.389717 824756
558.421669 824720
558.778710 823783
559.151031 823020
559.539018 822083
560.499594 821476
560.742092 821397
560.852757 821304
560.885900 821245
561.261500 820638
561.503967 820559
561.614826 820466
562.022691 819859
562.265125 819780
562.785179 819173
563.046800 818933
563.545247 818326
564.511488 818109
564.686667 817756
565.274168 817539
566.044089 817500
