0.000432 10743753
0.000871 10721704
0.001074 10635682
0.001273 10596190
0.001468 10594895
0.001901 10584196
0.002097 10533893
0.002292 10397089
0.002488 10338188
0.002682 10221486
0.003259 10159251
0.004026 10005428
0.004222 9997202
0.004416 9959067
0.004802 9850810
0.004997 9676876
0.005763 9676596
0.006349 9651488
0.006544 9617266
0.006928 9585985
0.009016 9567791
0.009405 9480960
0.010018 9475674
0.010407 9432089
0.010795 9425374
0.010988 9386448
0.011185 9218761
0.011378 9081196
0.012711 9016987
0.013875 8883231
0.014454 8742740
0.014838 8742195
0.015221 8726772
0.015604 8605815
0.018262 8507311
0.018647 8472457
0.018842 8442184
0.019035 8414698
0.019984 8398031
0.020178 8365820
0.020751 8179395
0.020946 8135906
0.021918 8109835
0.023818 8102227
0.024389 7989707
0.025528 7978820
0.025933 7975200
0.027960 7897925
0.028894 7734925
0.030331 7720643
0.033177 7709251
0.034348 7690108
0.035303 7619718
0.036068 7617033
0.038934 7474000
0.039130 7432836
0.040084 7338813
0.040853 7304809
0.043155 7160808
0.043732 6991698
0.044497 6983750
0.045266 6967253
0.045461 6932395
0.046624 6862522
0.047009 6811431
0.047769 6803488
0.048908 6794756
0.049483 6686413
0.049679 6654536
0.050645 6635291
0.054439 6583759
0.056907 6581442
0.059574 6495986
0.063950 6331103
0.064149 6260743
0.065669 6187040
0.065884 6133480
0.066082 6092672
0.066657 6037438
0.070088 6014949
0.072925 5983853
0.073312 5966606
0.073507 5948573
0.073700 5921261
0.082651 5903483
0.083039 5895692
0.083612 5892406
0.084946 5840964
0.087041 5833479
0.087996 5754630
0.089322 5685022
0.089709 5666696
0.093313 5652605
0.093512 5522353
0.093913 5522075
0.096382 5460624
0.098889 5458186
0.099850 5389913
0.100807 5316098
0.102346 5296763
0.106533 5262565
0.107303 5220752
0.111666 5195783
0.112248 5190886
0.117938 5178458
0.118327 5041390
0.118521 4994147
0.118716 4962194
0.120807 4914805
0.121003 4877717
0.125967 4825343
0.128428 4804438
0.130145 4730691
0.131471 4692001
0.131858 4650078
0.134896 4622480
0.136418 4618203
0.161618 4613443
0.172171 4593194
0.193069 4501183
0.197250 4402626
0.197466 4390269
0.204931 4323076
0.205923 4226345
0.211238 4224199
0.216551 4181970
0.216753 4181708
0.218665 4180377
0.219432 4172798
0.221515 4109125
0.224377 4105950
0.230289 4100269
0.231815 4087856
0.233913 4081821
0.234112 4072222
0.238867 4036722
0.239824 4015924
0.240020 3949865
0.248752 3835400
0.281692 3816562
0.302216 3814641
0.336201 3770570
0.372438 3769183
0.373205 3745140
0.376062 3738738
0.377203 3662305
0.377399 3654235
0.382162 3606562
0.441560 3573233
0.444036 3569453
0.452202 3528300
0.453163 3515416
0.455652 3514149
0.464413 3497170
0.536747 3468268
0.538665 3425469
0.566736 3383737
0.678318 3371447
0.695083 3367472
0.702687 3365179
0.890811 3330394
0.891015 3316295
0.899933 3313863
0.900132 3287003
1.084842 3280520
1.089971 3245049
1.090363 3237205
1.091504 3235290
1.092645 3234504
1.094371 3219291
1.096830 3199662
1.117179 3155896
1.119298 3153084
1.122729 3142210
1.123117 3126696
1.124256 3117940
1.125206 3101026
1.179195 3050112
1.189857 3029106
1.193669 3014580
1.208487 3002416
1.225276 2966953
1.226299 2940352
1.227501 2932000
1.227700 2886650
1.228101 2883584
1.229702 2880911
1.229925 2880484
1.233731 2877112
1.234750 2875355
1.238769 2851963
1.238971 2817156
1.240969 2805440
1.241372 2753726
1.259538 2730771
1.265159 2685831
1.296104 2681007
1.304679 2663894
1.305287 2652072
1.309493 2630896
1.317300 2628822
1.338456 2619557
1.340850 2610662
1.343282 2578575
1.346103 2547004
1.347106 2541123
1.348107 2535535
1.349926 2532830
6.381261 2519386
6.384963 2518554
6.478905 2511670
6.480915 2491854
6.493501 2485725
6.494328 2474725
6.823322 2455340
6.846561 2444627
6.847420 2432351
6.847831 2424065
6.848031 2409122
7.940248 2382895
7.941461 2357363
7.942280 2354490
7.959765 2349580
7.963379 2337588
8.069474 2326688
8.082302 2319948
8.082708 2304102
8.088293 2273478
8.123364 2270337
8.140312 2270309
8.171706 2214734
8.177305 2201081
10.771917 2184003
10.776591 2176017
10.787227 2174541
10.789855 2169540
11.102374 2145041
11.107570 2129302
11.120143 2090252
12.396077 2081447
12.396886 2080837
12.397687 2062954
12.399103 2051022
12.400504 2043681
12.409935 2040760
12.410942 2039878
12.419695 2030439
12.422495 2005189
12.422695 1998126
12.422890 1988212
12.429262 1986672
12.754842 1984509
12.755651 1983330
12.755851 1959475
12.757874 1953574
12.759078 1941989
12.759478 1941404
12.762689 1918857
16.853095 1906300
16.870148 1904476
16.877983 1902074
16.884006 1901374
16.898225 1888329
16.904816 1885937
16.950119 1883508
17.467062 1880657
17.557913 1876369
17.566336 1871644
17.567142 1865539
17.645238 1851981
18.174011 1850510
18.177548 1847481
18.186285 1844451
18.191712 1812823
18.232504 1804216
18.236928 1796448
18.241720 1794943
18.246328 1794932
18.251331 1794666
24.593917 1783783
24.616686 1778610
24.632648 1774597
24.655665 1770411
24.697624 1767323
24.700645 1737267
24.722733 1708334
24.781543 1705967
24.800772 1693801
24.944146 1670028
24.993682 1661269
25.000485 1650710
25.047682 1650568
25.091522 1647317
25.220077 1643460
25.227291 1637912
25.227493 1636451
25.229691 1635374
25.235686 1632385
25.244287 1622749
25.247900 1621700
25.250322 1612629
25.262491 1610576
25.263294 1606863
29.274077 1604473
29.274539 1604281
29.301242 1603430
29.301654 1600837
29.357347 1592191
29.389822 1586074
29.396228 1585589
29.440991 1584916
29.445605 1568263
29.447434 1563925
29.448638 1562481
30.914319 1560188
31.565250 1544258
31.565456 1542338
31.828590 1542084
31.838364 1540950
31.875262 1528101
31.883885 1523191
31.887484 1518687
31.888689 1518677
31.912301 1513128
31.931115 1510871
31.933118 1510485
31.937113 1509210
32.068684 1506431
34.310417 1499682
34.314402 1499344
34.329764 1498832
34.359275 1486227
34.510108 1484403
34.514109 1483450
35.942872 1482852
35.943283 1482528
35.945677 1481687
35.950080 1477746
35.955065 1477430
35.961057 1477248
35.966269 1476642
35.969662 1471491
35.998077 1470714
36.077246 1469888
36.179574 1467343
36.179780 1465590
36.186193 1462451
36.189190 1462015
36.192010 1453227
36.192613 1449506
36.199638 1447041
38.390029 1444259
38.394253 1444117
38.403644 1442328
38.472338 1439275
38.479608 1437123
38.480414 1436317
38.487008 1435511
38.953878 1433188
39.813636 1431256
39.815665 1431215
39.840031 1423870
39.849862 1414602
39.858883 1408960
39.950356 1402168
40.422850 1389182
40.484025 1385590
40.547739 1384877
40.550560 1384071
40.606483 1374671
40.621676 1373865
40.740797 1373703
40.742829 1372897
40.821829 1371076
41.214449 1370635
41.277598 1369985
41.286847 1369889
41.295443 1368611
41.770920 1368577
41.926333 1367539
42.011372 1364351
42.032301 1362706
42.047339 1360562
42.173256 1354528
42.177462 1347783
42.179891 1347461
42.184098 1346627
42.185695 1345262
42.918833 1344281
42.922629 1339761
42.927430 1338793
42.930247 1337801
42.937852 1336826
42.940063 1336678
43.067259 1331096
43.102481 1329588
43.116622 1329425
43.782326 1326697
44.401582 1321862
44.402022 1316832
44.644771 1315635
44.649374 1314474
44.671060 1313056
44.672266 1309967
44.684475 1309247
44.690504 1308951
44.698323 1305277
44.700522 1304774
44.887256 1304422
44.890859 1304073
47.177509 1299469
47.179335 1298617
47.182538 1298109
47.198548 1297477
47.201149 1296881
47.224565 1296462
49.026974 1277344
49.035776 1276107
49.308835 1274705
49.627800 1267642
49.866935 1266958
50.285283 1266710
50.381543 1265806
50.525574 1258731
50.540782 1257181
50.546003 1256947
51.308674 1256042
51.383716 1254756
51.475980 1254360
51.522005 1252575
51.600007 1251977
52.118712 1250787
53.593350 1248729
53.655173 1247824
53.711297 1247049
53.722937 1246450
53.988773 1244266
53.989382 1244259
54.024878 1243999
55.156124 1243649
56.303509 1242999
56.320888 1242219
56.324308 1241823
56.337474 1237463
56.748007 1237157
57.573467 1235307
57.693454 1234365
57.714687 1233486
57.715893 1232473
57.719287 1232235
57.729464 1226237
57.737914 1223483
57.767674 1223070
57.785887 1221245
65.969572 1219180
65.970002 1214037
65.974808 1213139
65.978619 1211961
65.988402 1211309
67.001520 1210765
67.013959 1208940
67.014572 1208150
67.085947 1207683
68.808640 1205905
68.877253 1204811
69.944790 1204503
70.031324 1199430
70.065976 1198932
70.290940 1198462
70.716853 1197908
71.263753 1196846
73.771477 1196304
73.786263 1196013
73.989239 1195033
74.176959 1194052
74.191356 1193123
74.195966 1192617
74.258394 1192490
74.267565 1192193
74.337784 1191576
74.340803 1191118
74.480699 1191072
74.491299 1191068
74.497073 1190217
74.682259 1189934
74.731673 1189136
85.925021 1189005
87.244102 1188442
87.707752 1186710
87.818845 1186682
87.845570 1185713
88.088412 1185449
89.291282 1185273
90.216881 1185063
90.285612 1181198
90.573658 1181088
91.321246 1180590
91.686099 1180364
91.743360 1179799
91.756929 1179545
91.770486 1179494
92.188559 1179403
92.204994 1179352
95.422196 1178879
97.160506 1178346
97.449222 1177942
119.635984 1177711
124.563383 1177660
124.872957 1177443
130.787759 1177318
135.790376 1177267
263.671315 1176796
