0.000445 10167631
0.001180 10053060
0.049824 10044319
0.795545 10029928
0.802693 10015756
1.038526 9808362
1.039264 9693791
1.088105 9685050
1.825596 9670659
2.068302 9463265
2.069026 9348694
2.116002 9274687
3.098871 9006776
3.111635 8994816
3.115252 8961261
4.133645 8953786
4.135134 8952001
4.138332 8951761
4.151435 8816872
4.152869 8775293
4.154834 8724949
4.156824 8720062
4.234424 8707053
4.492851 8698158
4.544066 8685450
4.572087 8675675
4.584594 8668598
4.693700 8654919
5.165715 8647444
5.167191 8645659
5.183511 8510530
5.184944 8468951
5.186915 8418607
5.200504 8368806
5.614597 8366657
5.736267 8349903
6.196722 8342428
6.198157 8340643
6.214438 8205514
6.215886 8163935
6.217850 8113591
6.231501 8063790
7.230258 8063186
7.244180 8055262
7.246251 8053749
7.265244 8052967
7.282741 8045671
7.287765 7989445
7.288129 7924342
7.288668 7875444
7.289029 7823117
7.290630 7797512
7.301360 7785565
7.955867 7784094
8.262630 7783490
8.273143 7776619
8.274579 7774834
8.293564 7774531
8.311096 7764568
8.319331 7709749
8.319699 7644646
8.320239 7595748
8.320601 7543421
8.322206 7517816
8.331662 7508283
9.291335 7499407
9.293356 7498242
9.312355 7497460
9.329866 7490164
9.349671 7484831
9.421730 7484103
9.422631 7333080
9.428923 7282730
9.431791 7270527
9.677640 7251749
9.682298 7250165
10.164738 7244196
10.321378 7235320
10.323366 7234155
10.342351 7233373
10.359915 7226077
10.379779 7220744
10.451794 7220016
10.452693 7068993
10.458968 7018643
10.709127 7005755
11.354430 6996879
11.356415 6995714
11.375363 6994932
11.392939 6987636
11.412814 6982303
11.484617 6981575
11.485517 6830552
11.489082 6742652
12.383119 6733776
12.402123 6733564
12.406417 6733519
12.421665 6727376
12.425431 6723126
12.443909 6721752
12.516681 6700141
12.534430 6676351
12.551639 6667556
12.552005 6642047
12.552194 6590383
12.554519 6512149
13.035829 6511949
13.294832 6508864
13.344681 6507053
13.416619 6498177
13.435601 6497965
13.439903 6497920
13.455106 6491777
13.458855 6487527
13.477315 6486153
13.550084 6464542
13.567806 6440752
13.584972 6431957
13.585338 6406448
13.585523 6354784
13.587858 6276550
14.068739 6276350
14.327267 6273265
14.448600 6264389
14.467590 6264177
14.471883 6264132
14.487125 6257989
14.490908 6253739
14.509340 6252365
14.582299 6230754
14.600059 6206964
14.617259 6198169
14.617627 6172660
14.617813 6120996
14.620158 6042762
15.100511 6042562
15.481292 6033686
15.500319 6033474
15.504610 6033429
15.519862 6027286
15.523610 6023036
15.542062 6021662
15.614664 6000051
15.632395 5976261
15.649571 5967466
15.649940 5941957
15.650125 5890293
15.658156 5865178
15.659249 5827500
16.223371 5815590
16.514413 5806714
16.533418 5806502
16.537713 5806457
16.552978 5800314
16.556734 5796064
16.575591 5794690
16.650395 5773079
16.668725 5749289
16.686435 5740494
16.686817 5714985
16.687021 5663321
16.691468 5651380
16.696481 5600528
17.294627 5587863
17.555798 5578987
17.574798 5578775
17.579112 5578730
17.594307 5572587
17.598055 5568337
17.616475 5566963
17.689453 5545352
17.707195 5521562
17.724446 5512767
17.724815 5487258
17.725000 5435594
17.733946 5410479
17.778128 5389397
18.589064 5380521
18.592480 5379356
18.611444 5378574
18.627581 5374121
18.630433 5372423
18.648901 5365945
18.721703 5355400
18.739448 5327970
18.756955 5309795
18.757322 5253940
18.766974 5212013
19.201336 5202258
19.618785 5193382
19.622187 5192217
19.641152 5191435
19.657253 5186982
19.660107 5185284
19.678524 5178806
19.751396 5168261
19.769078 5140831
19.786640 5122656
19.787020 5066801
19.796654 5024874
20.651698 5015998
20.670766 5015786
20.681838 5015741
20.690312 5009598
20.700853 5005348
20.719297 5003974
20.792191 4982363
20.809992 4958573
20.834527 4924761
20.853183 4913612
20.941269 4908060
20.955117 4884788
20.965485 4865392
21.188581 4850779
21.504650 4833703
21.685916 4824827
21.699549 4823662
21.718548 4822880
21.724487 4818427
21.737581 4816729
21.756119 4810251
21.828854 4799706
21.846638 4772276
21.868689 4733590
21.887356 4722441
21.975594 4716889
21.989424 4693617
21.999811 4674221
22.222085 4659608
22.719637 4650732
22.738567 4650520
22.747672 4650475
22.758072 4644332
22.766634 4640082
22.785074 4638708
22.857736 4617097
22.875481 4593307
22.901952 4559495
22.920566 4548346
23.016413 4530944
23.022149 4519522
23.146329 4510049
23.395697 4496499
23.749913 4487623
23.760436 4486458
23.779433 4485676
23.788386 4481223
23.798391 4479525
23.816806 4473047
23.891432 4462502
23.909684 4435072
23.935476 4396386
23.954597 4385237
24.053542 4367835
24.059457 4356413
24.067000 4337017
24.791464 4328141
24.810403 4327929
24.814513 4327884
24.829892 4321741
24.833465 4317491
24.851901 4316117
24.924518 4294506
24.942218 4270716
24.973684 4236904
24.992235 4225755
25.088297 4208353
25.125035 4193820
25.785023 4190940
25.822356 4182064
25.841418 4181852
25.845528 4181807
25.860995 4175664
25.864577 4171414
25.883001 4170040
25.955739 4148429
25.973523 4124639
26.005036 4090827
26.023652 4079678
26.156732 4047743
26.854476 4038867
26.857529 4037702
26.876542 4036920
26.893040 4032467
26.895557 4030769
26.913975 4024291
26.986812 4013746
27.004593 3986316
27.037181 3947630
27.055815 3936481
27.713064 3921881
27.874366 3905846
27.887046 3896970
27.890086 3895805
27.909050 3895023
27.925498 3890570
27.928008 3888872
27.946469 3882394
28.019466 3871849
28.037202 3844419
28.088447 3794584
28.745654 3779984
28.919211 3771108
28.922246 3769943
28.941251 3769161
28.957757 3764708
28.960262 3763010
28.978705 3756532
29.051561 3745987
29.069271 3718557
29.121224 3668722
29.953039 3659846
29.956106 3658681
29.975117 3657899
29.991591 3653446
29.994095 3651748
30.012537 3645270
30.085603 3634725
30.103377 3607295
30.237866 3596953
30.283867 3591568
30.314331 3582302
30.332437 3561225
30.987407 3552349
30.990443 3551184
31.009389 3550402
31.025859 3545949
31.046710 3537773
31.119441 3515761
31.258698 3497782
31.271249 3489456
31.349686 3461283
31.592339 3457909
32.017260 3449033
32.020311 3447868
32.039276 3447086
32.055786 3442633
32.076714 3434457
32.149657 3412445
32.288976 3394466
32.301537 3386140
32.380117 3357967
33.048539 3349091
33.067533 3348879
33.087033 3342691
33.103875 3339028
33.195021 3319711
33.212762 3291683
33.332898 3286198
33.378341 3280813
33.847233 3259854
34.083459 3250978
34.102441 3250766
34.121948 3244578
34.138764 3240915
34.229917 3221598
34.247604 3193570
34.367450 3188085
34.412772 3182700
35.070992 3180155
35.112925 3171279
35.128330 3170688
35.147323 3169653
35.151465 3164879
35.184734 3157290
35.257600 3134691
35.295480 3125227
35.397005 3108386
35.506085 3102760
35.827915 3076348
36.145209 3067472
36.164227 3067260
36.183726 3061072
36.193050 3057409
36.284204 3038092
36.301923 3010064
36.429256 3004579
36.467185 2999194
36.532631 2990885
37.177518 2982009
37.182514 2981418
37.201417 2980383
37.215949 2975609
37.238852 2968020
37.311612 2945421
37.359981 2935957
37.461474 2919116
37.686030 2914859
38.206987 2910950
38.209369 2902074
38.214381 2901483
38.233344 2900448
38.247888 2895674
38.270820 2888085
38.343790 2865486
38.391883 2864405
38.562178 2851991
38.616151 2840373
39.241214 2831497
39.260167 2831285
39.279632 2825097
39.292676 2821434
39.383778 2802117
39.401493 2774089
39.566828 2763219
40.272445 2754343
40.291473 2754131
40.310985 2747943
40.324067 2744280
40.415546 2724963
40.433297 2696935
40.774969 2696518
41.305748 2687642
41.324700 2687430
41.344179 2681242
41.357246 2677579
41.448299 2658262
41.466003 2630234
42.337939 2621358
42.356932 2621146
42.376455 2614958
42.395295 2611887
42.468122 2584770
42.714137 2570435
42.876234 2567269
43.268491 2558465
43.370001 2549589
43.388958 2549377
43.408497 2543189
43.427319 2540118
43.500071 2513001
43.842042 2512151
43.907683 2495500
44.401607 2486624
44.420592 2486412
44.440132 2480224
44.459001 2477153
44.531756 2450036
44.874604 2449186
44.945109 2448452
45.016006 2446158
45.041142 2441598
45.045803 2437145
45.225718 2433595
45.434383 2424719
45.453324 2424507
45.472812 2418319
45.491565 2415248
45.564273 2388131
45.905732 2387281
45.976207 2386547
46.046840 2384253
46.050978 2376614
46.076696 2375240
46.465392 2366364
46.484347 2366152
46.503861 2359964
46.522701 2356893
46.595525 2329776
46.939086 2308319
47.508358 2299443
47.527959 2299231
47.548017 2293043
47.567404 2289972
47.642310 2262855
48.156449 2262098
48.171110 2256424
48.219691 2255529
48.549073 2246653
48.568048 2246441
48.587491 2240253
48.606227 2237182
48.678862 2210065
48.918435 2195730
49.581725 2186854
49.600729 2186642
49.620218 2180454
49.639039 2177383
49.711826 2150266
50.070485 2143835
50.613604 2134959
50.632627 2134747
50.652136 2128559
50.670965 2125488
50.743781 2098371
50.995236 2096781
51.496333 2086854
51.646326 2077978
51.665308 2077766
51.684762 2071578
51.703558 2068507
51.776401 2041390
52.027190 2039800
52.676965 2030924
52.695948 2030712
52.715422 2024524
52.734202 2021453
52.807191 1994336
53.708239 1985460
53.727261 1985248
53.746960 1979915
53.874142 1973034
54.096296 1966724
54.184055 1962364
54.265140 1960688
54.266406 1952393
54.740225 1943517
54.759211 1943305
54.778863 1937972
54.906157 1931091
55.138089 1926955
55.210352 1905345
55.772457 1896469
55.791479 1896257
55.811161 1890924
55.939316 1884043
56.175236 1879907
56.360583 1877774
56.617683 1869666
56.633025 1864156
56.807991 1855280
56.827022 1855068
56.846678 1849735
56.973754 1842854
57.206190 1838718
57.391660 1836585
57.648908 1828477
57.839217 1819601
57.858171 1819389
57.877814 1814056
58.005130 1807175
58.237986 1803039
58.423326 1800906
58.792472 1798201
58.839797 1797261
58.869833 1788385
58.888772 1788173
58.908401 1782840
59.035432 1775959
59.267925 1771823
59.453454 1769690
59.823587 1766985
59.900970 1758109
59.919954 1757897
59.939580 1752564
60.066193 1745683
60.297873 1741547
60.483011 1739414
60.896771 1738173
60.930631 1729297
60.949588 1729085
60.969250 1723752
61.095964 1716871
61.327792 1712735
61.512979 1710602
61.959891 1701726
61.978801 1701514
61.998433 1696181
62.125145 1689300
62.988853 1680424
63.007883 1680212
63.027545 1674879
63.383215 1668311
63.420959 1668063
64.020589 1659187
64.039489 1658975
64.059116 1653642
64.426069 1650072
64.999124 1647453
65.052409 1638577
65.071314 1638365
65.090924 1633032
65.454164 1629462
66.081660 1620586
66.100656 1620374
66.120278 1615041
66.528777 1610146
67.113257 1601270
67.132177 1601058
67.151802 1595725
68.142649 1595697
68.142844 1593927
68.179904 1587288
68.198895 1586516
68.326145 1583338
68.719219 1582856
69.175158 1582828
69.175352 1581058
69.212309 1574419
69.231327 1573647
69.358450 1570469
70.204268 1570294
70.207854 1570266
70.208043 1568496
70.245021 1561857
70.263964 1561085
70.391192 1557907
71.246595 1557879
71.246842 1556109
71.283851 1549470
71.302752 1548698
71.711883 1546437
72.265199 1546104
72.274276 1546076
72.274470 1544306
72.311425 1537667
72.330290 1536895
72.739332 1534634
73.302751 1534606
73.302962 1532836
73.339908 1526197
73.358870 1525425
73.788276 1522169
74.332292 1522141
74.332486 1520371
74.369468 1513732
74.388447 1512960
74.854202 1512003
74.880445 1511441
75.027048 1510284
75.362073 1510256
75.362266 1508486
75.399375 1501847
75.418359 1501075
75.889457 1500118
75.916463 1499556
76.377020 1499496
76.405149 1499468
76.405341 1497698
76.442289 1491059
76.461195 1490287
76.926551 1489330
76.952820 1488768
77.435155 1488740
77.435349 1486970
77.472266 1480331
77.491211 1479559
78.171982 1478771
78.395336 1478201
78.462775 1478173
78.462980 1476403
78.499958 1469764
78.518932 1468992
79.201256 1468204
79.493168 1468176
79.493360 1466406
79.530328 1459767
79.549253 1458995
80.521703 1458967
80.521895 1457197
80.668879 1449901
81.569633 1449277
81.680883 1441686
82.599483 1441062
82.619375 1440097
82.728484 1435292
83.169258 1433982
83.218053 1433737
83.631440 1433113
83.651280 1432148
83.760387 1427343
84.198942 1426033
84.558716 1425912
84.659877 1425288
84.679675 1424323
84.788756 1419518
85.227672 1418208
85.602569 1417640
85.688757 1417016
85.708561 1416051
85.817613 1411246
86.256202 1409936
86.717322 1409312
86.737115 1408347
86.846221 1403542
87.438190 1403282
87.759931 1402658
87.779805 1401693
87.889083 1396888
88.445517 1396699
88.788581 1396075
88.808467 1395110
88.917529 1390305
89.485872 1388901
89.817692 1388277
89.837536 1387312
89.946697 1382507
90.849374 1381883
90.869176 1380918
90.995977 1375345
91.877747 1374721
91.897538 1373756
92.339507 1372920
92.408126 1372507
92.521512 1371861
92.532787 1371278
92.533334 1370458
92.597087 1369759
92.907545 1369135
92.927359 1368170
93.370372 1367334
93.439136 1366921
93.551843 1365266
93.552394 1364207
93.617184 1363699
93.939390 1363075
93.959227 1362110
94.401747 1361274
94.470112 1360861
94.582639 1360215
94.593888 1359632
94.647078 1359587
94.705197 1359248
94.948452 1358798
94.968302 1358174
94.988112 1357209
95.430184 1356373
95.498551 1355960
95.611011 1355314
95.622237 1354731
95.675666 1354686
95.733916 1354347
95.996986 1353723
96.016822 1352758
96.460382 1351922
96.528896 1351509
96.641529 1350863
96.652778 1350280
97.028702 1349656
97.048517 1348691
97.491174 1347855
97.559612 1347442
97.670490 1345787
98.056930 1345163
98.076740 1344198
98.519915 1343362
98.588559 1342949
99.086805 1342325
99.106598 1341360
99.548730 1340524
99.590796 1336548
99.603995 1332656
100.115554 1332032
100.135388 1331067
100.579209 1330231
101.146546 1329607
101.166413 1328642
101.594440 1327985
101.874535 1327876
102.176596 1327252
102.196522 1326287
102.625330 1325630
103.208003 1325006
103.227803 1324041
104.111426 1323748
104.235796 1323124
104.255622 1322159
105.179354 1322148
105.277014 1321524
105.296849 1320559
106.307523 1319935
106.364436 1314130
107.336491 1313506
107.411643 1311209
108.368686 1310585
109.084086 1309666
109.396703 1309042
110.161556 1308575
110.161926 1308528
110.171226 1308197
110.402723 1308143
110.425126 1307519
111.194513 1307052
111.194897 1307005
111.204150 1306674
111.458603 1306050
112.226374 1305539
112.490062 1304915
113.255860 1304441
113.256055 1302567
113.518268 1301943
114.522240 1301687
114.547138 1301063
115.551383 1301025
115.575130 1300401
117.196612 1299816
118.340892 1299478
118.436505 1299402
118.461058 1299372
119.369109 1299034
120.493033 1298796
121.538012 1298586
122.742309 1298410
215.653714 1298094
216.039382 1296577
216.202857 1296008
216.622501 1295458
216.665951 1294738
216.666150 1294433
216.684736 1293026
217.071013 1291509
217.234459 1290940
217.696566 1290220
217.696759 1289915
217.715362 1288508
218.100575 1286991
218.726591 1286271
218.726786 1285966
218.745372 1284559
219.175428 1283510
219.483919 1283126
219.757457 1282406
219.757651 1282101
219.776234 1280694
220.205960 1279645
220.787785 1278925
220.787978 1278620
220.806623 1277213
221.418025 1276811
221.755502 1276705
221.759621 1276650
221.819672 1275930
221.819864 1275625
221.838403 1274218
222.450056 1273816
222.850278 1273096
222.850472 1272791
222.869084 1271384
223.516449 1270087
223.882538 1269367
223.882731 1269062
223.901327 1267655
224.500227 1267194
224.912362 1266474
224.912555 1266169
224.931137 1264762
225.915448 1264673
225.941797 1263953
225.941989 1263648
225.960579 1262241
227.063967 1261845
227.419145 1260440
227.623642 1260086
228.096183 1259690
228.450973 1258285
229.124574 1257889
229.508970 1256141
230.154647 1255745
230.714095 1254451
230.941586 1254355
231.185432 1253959
231.746460 1252665
231.988741 1252598
232.218301 1252202
232.777714 1250908
233.043498 1250856
233.248485 1250460
233.808639 1249166
234.279743 1248770
235.022548 1248685
235.098753 1248660
235.126544 1247801
235.193672 1247795
235.310952 1247399
236.053191 1247314
236.129265 1247289
236.157032 1246430
236.340693 1246034
237.081707 1245949
237.158054 1245924
237.190555 1245748
237.246001 1245624
237.256666 1245203
237.370003 1244807
238.114700 1244722
238.193201 1244697
238.226714 1244521
238.284038 1244397
238.407687 1244001
239.151568 1243916
239.227867 1243891
239.260511 1243715
239.439653 1243319
240.184233 1243234
240.260540 1243209
240.360106 1243059
240.472448 1242663
241.217542 1242578
241.293711 1242553
241.505349 1242157
242.248200 1242072
242.535524 1241676
243.453986 1241600
243.566174 1241204
245.471128 1241036
246.500394 1235940
345.981148 1235523
346.529525 1235503
346.529738 1234592
347.342908 1233976
347.559609 1233956
347.559805 1233045
348.374877 1232779
348.375630 1231304
348.591834 1231284
348.592029 1230373
349.448134 1230169
349.505683 1230077
349.624186 1230057
349.624380 1229146
350.478637 1228942
350.654435 1228922
350.654630 1228011
351.688166 1227724
351.758953 1227270
352.547549 1227123
352.720602 1226836
352.791562 1226382
353.749169 1226095
354.649836 1225690
354.778817 1225403
355.832196 1223844
357.054571 1223570
358.023988 1223232
358.041649 1223064
359.052869 1222287
360.119022 1221944
361.894597 1221690
