0.000685 10452648
0.000892 10364572
0.002861 10278310
0.006226 10211421
0.229706 10157192
0.612251 10084625
1.028919 10014819
1.029132 9926743
1.030214 9840481
1.031796 9773592
1.252107 9756928
1.352964 9727700
2.053187 9657894
2.053391 9569818
2.054455 9483556
2.060834 9463331
2.067057 9462255
2.226995 9425480
2.227451 9424153
2.232469 9423618
2.815762 9408652
3.078329 9338846
3.078532 9250770
3.079607 9164508
3.085983 9144283
3.092332 9143207
3.252897 9106432
3.253322 9105105
3.258340 9104570
3.939762 9095490
3.959314 9094580
4.109115 9024774
4.109304 8936698
4.110364 8850436
4.116741 8830211
4.123969 8783547
5.175191 8765123
5.175953 8741394
5.178423 8734230
5.179655 8666807
5.201441 8663895
5.207788 8631583
5.214350 8592313
5.217699 8570365
5.218585 8565035
5.220186 8554444
5.222127 8536533
5.518681 8486208
5.539105 8481327
6.199229 8462903
6.199969 8439174
6.202430 8432010
6.203671 8411803
6.209185 8371000
6.214320 8370572
6.231792 8329363
6.238336 8290093
6.239987 8278427
6.242283 8249075
6.244255 8217075
6.629090 8183691
6.937032 8175401
7.222270 8156977
7.222990 8133248
7.225500 8126084
7.226740 8105877
7.232231 8096037
7.234350 8058661
7.249716 7975513
7.262961 7972501
7.265269 7943149
7.267209 7911149
7.627275 7872527
8.242155 7854103
8.242877 7830374
8.245369 7823210
8.246966 7791408
8.249800 7761772
8.267443 7720563
8.281385 7681293
8.283674 7662724
8.287431 7643424
8.289375 7625513
8.583196 7617589
8.717729 7602965
8.719755 7601282
9.131391 7574891
9.267132 7556467
9.267850 7532738
9.270325 7525574
9.271934 7493772
9.274751 7464136
9.292302 7422927
9.306314 7383657
9.308628 7365088
9.312353 7345788
9.314293 7327877
9.608057 7319953
9.970404 7311122
10.288008 7292698
10.288729 7268969
10.291206 7261805
10.292816 7230003
10.295634 7200367
10.313131 7159158
10.327132 7119888
10.329459 7101319
10.335108 7064108
10.628847 7056184
11.312904 7037760
11.313646 7014031
11.318142 6939444
11.338228 6904220
11.352292 6864950
11.360267 6809170
12.339385 6803036
12.340869 6735638
12.342821 6729806
12.344606 6728051
12.351730 6698843
12.360439 6609282
12.414885 6578204
13.358699 6467449
13.377466 6458552
13.452102 6427755
13.488587 6383044
13.867549 6367547
13.883085 6349403
14.377723 6238648
14.396561 6229751
14.471226 6198954
14.508209 6191123
14.734680 6179313
14.806000 6148909
15.074004 6125186
15.399431 6014431
15.418167 6005534
15.492858 5974737
15.530290 5966906
15.588583 5966080
15.913494 5914529
16.194330 5912569
16.420540 5801814
16.439273 5792917
16.514168 5762120
16.551283 5754289
16.609350 5753463
16.933169 5701912
17.438917 5591157
17.457757 5582260
17.532339 5551463
17.580864 5545486
18.052051 5527973
18.117268 5522276
18.301012 5521668
18.373526 5500952
18.457526 5390197
18.476288 5381300
18.490810 5380091
18.551107 5350503
18.597946 5337079
19.073196 5327013
19.138350 5321316
19.322807 5320708
19.397866 5304063
19.479992 5193308
19.498782 5184411
19.574729 5153614
20.071605 5150517
20.093963 5130124
20.159102 5124427
20.343343 5123819
20.500413 5013064
20.519117 5004167
20.532827 5002958
20.593823 4973370
20.641301 4965539
21.173312 4942977
21.520067 4832222
21.538866 4823325
21.552526 4822116
21.613596 4792528
21.661176 4784697
22.102405 4768400
22.538805 4657645
22.557548 4648748
22.571183 4647539
22.632272 4617951
22.679933 4610120
23.560754 4499365
23.587584 4496772
23.592267 4458156
24.584276 4430053
24.590111 4421261
24.592418 4352718
24.666203 4349344
24.668175 4247111
25.603145 4246558
25.603511 4238762
25.606243 4136356
25.734388 4098989
26.623547 4098436
26.623939 4090640
26.624301 4062094
26.626585 3993551
26.802806 3990195
26.894630 3986330
26.906820 3985381
27.012622 3973900
27.350997 3969978
27.352959 3958599
27.568663 3954288
27.644416 3953735
27.644781 3945939
27.645140 3917393
27.647432 3848850
27.823580 3845494
27.927825 3840680
28.033418 3829199
28.372788 3813898
28.663449 3813345
28.663815 3805549
28.664192 3777003
28.666482 3708460
28.842768 3705104
29.056948 3704652
29.140459 3678632
29.684275 3678079
29.684644 3670283
29.685004 3641737
29.687284 3573194
29.863473 3569838
29.961732 3565024
30.068005 3553543
30.703857 3552990
30.704232 3545194
30.704592 3516648
30.706882 3448105
31.553176 3435256
31.724623 3434703
31.724989 3426907
31.725348 3398361
31.727629 3329818
32.520921 3315328
32.744549 3314775
32.744914 3306979
32.745273 3278433
32.747564 3209890
33.766050 3199089
33.770400 3186455
33.825352 3165259
33.858201 3139341
33.861217 3096282
34.783642 3085481
34.784379 3084810
34.784920 3068590
34.879066 3052790
34.909983 3030398
35.076029 2995098
35.733433 2990908
35.804105 2980107
35.804831 2979436
35.805367 2963216
35.899527 2947416
35.930507 2925024
36.096233 2889724
36.824596 2878923
36.825313 2878252
36.825851 2862032
36.920294 2846232
36.951075 2823840
37.192368 2818721
37.289478 2804032
37.845546 2793231
37.846264 2792560
37.846797 2776340
37.954208 2768997
37.971757 2738148
38.212795 2733029
38.365613 2728689
38.495634 2727922
38.792119 2720887
38.793010 2706852
38.864958 2696051
38.865672 2695380
38.866207 2679160
38.971759 2663360
38.990994 2640968
39.231581 2635849
39.314003 2626380
39.883188 2615579
39.883917 2614908
39.884456 2598688
39.990500 2582888
40.009739 2560496
40.250992 2555377
40.716099 2550270
40.903815 2539469
40.904552 2538798
40.905087 2522578
41.010878 2506778
41.030319 2484386
41.271811 2479267
41.880639 2475515
41.924873 2464714
41.925588 2464043
41.926126 2447823
42.051525 2395623
42.950419 2384822
42.968572 2372188
43.209789 2352492
43.279550 2339525
43.346667 2335877
43.481691 2331577
43.969930 2320776
43.988208 2308142
44.230383 2288446
44.300154 2275479
44.367650 2271831
44.990632 2261030
45.008881 2248396
45.250587 2228700
45.320022 2215733
46.011248 2204932
46.029501 2192298
46.270819 2172602
46.386300 2169768
46.499639 2161494
47.031119 2150693
47.049349 2138059
47.291781 2118363
47.403005 2117779
47.451096 2117452
47.764611 2114754
48.054609 2103953
48.072913 2091319
48.314263 2071623
48.424882 2071039
48.472911 2070712
48.857215 2068444
49.075998 2057643
49.094270 2045009
49.335887 2025313
49.446886 2024729
49.495125 2024402
50.099326 2013601
50.117612 2000967
50.359253 1981271
50.472242 1978437
50.510122 1972374
51.118778 1961573
51.137161 1948939
51.378373 1929243
51.491436 1926409
52.139708 1915608
52.157973 1902974
52.399647 1883278
53.159641 1872477
53.177904 1859843
53.446943 1855377
53.549189 1855352
53.840944 1854502
53.978157 1852876
54.180665 1842075
54.199018 1829441
54.468130 1824975
54.861963 1824100
55.162517 1823950
55.200555 1813149
55.237098 1806154
55.489256 1796049
55.882752 1795174
56.221584 1784373
56.258069 1777378
56.510957 1767273
57.243849 1756472
57.280546 1749477
57.548148 1745933
57.561207 1744012
57.666250 1740132
58.267256 1729331
58.303693 1722336
58.561654 1714359
58.640291 1708133
59.287541 1697332
59.324236 1690337
59.590854 1686793
59.599676 1684872
59.659732 1680005
60.306742 1669204
60.343258 1662209
60.602526 1654232
61.332097 1643431
61.368635 1636436
62.019094 1634782
62.030456 1633947
62.069220 1633835
62.355138 1623034
62.391874 1616039
63.397735 1615868
63.398106 1614326
63.434335 1613899
63.435232 1610414
63.489252 1607045
63.541132 1603444
63.592514 1602586
63.655044 1600049
63.997695 1599020
64.416416 1598849
64.416787 1597307
64.453262 1596880
64.454160 1593395
64.508604 1590026
64.560378 1586425
64.611777 1585567
64.674328 1583030
65.131516 1579570
65.438070 1579399
65.438440 1577857
65.474628 1577430
65.475527 1573945
65.529585 1570576
65.581352 1566975
65.632908 1566117
65.695422 1563580
66.461638 1563042
66.462012 1561867
66.498503 1561722
66.499404 1557955
66.553313 1554586
66.605075 1550985
66.702354 1542599
67.484123 1542061
67.484500 1540886
67.520761 1540741
67.521661 1536974
67.575740 1533605
67.627568 1530004
67.677640 1511207
68.505547 1510669
68.505917 1509494
68.542337 1509349
68.543234 1505582
68.597436 1502213
68.649268 1498298
68.748409 1495374
69.457559 1490738
69.525845 1490200
69.526215 1489025
69.562614 1488880
69.563515 1485113
69.617521 1481744
69.669200 1477829
69.768305 1474905
70.544646 1474367
70.545017 1473192
70.581749 1473047
70.582649 1469280
70.636608 1465911
70.688451 1461996
70.797633 1456184
71.567809 1455646
71.568196 1454471
71.604374 1454326
71.605272 1450559
71.658964 1447190
71.710614 1443275
72.028860 1441559
72.433330 1429177
72.586232 1428639
72.586602 1427464
72.622835 1427319
72.623733 1423552
72.677663 1420183
72.729611 1416268
73.048624 1414552
73.606292 1414014
73.606662 1412839
73.643188 1412694
73.644110 1408927
73.698159 1405558
73.749899 1401643
74.133725 1400226
74.626311 1399688
74.626682 1398513
74.663301 1398368
74.664234 1394601
74.718148 1391232
74.769884 1387317
75.645405 1386779
75.645776 1385604
75.682117 1385459
75.683015 1381692
76.256694 1379608
76.289589 1375338
76.667108 1374800
76.667480 1373625
76.703964 1373480
76.704865 1369713
77.349877 1368978
77.359712 1367693
77.380773 1366212
77.433749 1363360
77.686656 1362822
77.687037 1361647
77.723538 1361502
77.724463 1357735
78.370062 1357000
78.379948 1355715
78.381361 1355665
78.409456 1355648
78.427450 1354633
78.534180 1354557
78.602885 1352657
78.706896 1352119
78.707266 1350944
78.743697 1350799
78.744618 1347032
79.390903 1346297
79.400909 1345012
79.402325 1344962
79.430564 1344945
79.448331 1343930
79.555691 1343854
79.728170 1343316
79.728539 1342141
79.764898 1341996
79.765794 1338229
80.411369 1337494
80.421365 1336209
80.422773 1336159
80.451010 1336142
80.468907 1335127
80.588255 1334021
80.748140 1333483
80.748510 1332308
80.784850 1332163
80.785748 1328396
81.432681 1327661
81.442544 1326376
81.443982 1326326
81.472369 1326309
81.490410 1325294
81.769630 1324756
81.769998 1323581
81.806339 1323436
81.807240 1319669
82.452711 1318934
82.462574 1317649
82.519475 1317496
82.789326 1316958
82.789696 1315783
82.826059 1315638
82.826959 1311871
83.473281 1311136
83.483400 1309851
83.728317 1309850
83.810236 1309312
83.810606 1308137
83.847181 1307992
83.848097 1304225
84.492240 1303490
84.502214 1302205
84.828054 1301667
84.828423 1300492
84.864854 1300347
84.865754 1296580
85.710770 1295479
85.847590 1294941
85.847981 1293766
85.884413 1293621
85.885313 1289854
86.866119 1289316
86.866491 1288141
86.902670 1287996
87.075993 1287888
87.381585 1285412
87.510097 1285318
87.805120 1284885
87.889846 1284347
87.890217 1283172
87.926644 1283027
88.100685 1282919
88.405117 1280443
88.533144 1280349
88.910761 1279811
88.911131 1278636
88.947479 1278491
89.120849 1278383
89.425843 1275907
89.932063 1275369
89.932434 1274194
89.968811 1274049
90.141821 1273941
90.530243 1273069
90.531134 1271845
90.614838 1271812
90.634938 1271718
90.950813 1271180
90.951182 1270005
90.987679 1269860
91.160800 1269752
91.549134 1268880
91.725329 1268812
91.888301 1267595
91.907752 1267581
91.970593 1267043
91.970963 1265868
92.007532 1265723
92.180934 1265615
92.570114 1264743
92.746438 1264675
92.908915 1263458
92.927903 1256832
92.990970 1256294
92.991340 1255119
93.027784 1254974
93.201068 1254866
93.589156 1253994
93.764888 1253926
93.927462 1252709
93.950766 1250961
94.009741 1250423
94.010110 1249248
94.046635 1249103
94.220254 1248995
94.608650 1248123
94.784280 1248055
94.946639 1246838
95.028592 1246300
95.028961 1245125
95.065301 1244980
95.238532 1244872
95.627503 1244000
95.804169 1243932
96.048736 1243394
96.049107 1242219
96.085471 1242074
96.260239 1241966
96.642321 1239717
97.072642 1239179
97.073019 1238004
97.109368 1237859
97.282700 1237751
97.757069 1237748
97.796166 1236879
98.093566 1236341
98.093936 1235166
98.130552 1235021
98.303560 1234913
98.746765 1232849
99.112092 1232311
99.112464 1231136
99.148909 1230991
99.321710 1230883
100.130194 1230345
100.130567 1229170
100.166953 1229025
101.156780 1225707
102.213216 1224413
102.775133 1224362
102.789286 1224045
102.789475 1223879
103.234854 1222585
103.794411 1222375
104.062380 1222189
104.254884 1220895
104.812723 1220685
105.273488 1219391
105.969579 1219323
105.987346 1219276
106.296959 1217982
107.001327 1217807
107.320865 1216513
108.376539 1215851
108.607680 1215707
108.904359 1215333
108.976790 1215292
109.397674 1214630
109.628996 1214486
109.925583 1214112
110.417954 1213450
110.648821 1213306
110.931245 1213082
111.437476 1212420
111.669136 1212276
112.276158 1212080
112.471384 1211418
112.702228 1211274
113.491507 1210612
114.042559 1210528
114.513401 1209866
115.693180 1209267
116.838701 1209125
118.152877 1209060
468.728845 1206464
469.280058 1206184
469.280267 1206093
469.486796 1205879
469.486988 1205687
469.823740 1205462
470.059784 1205457
470.300073 1205177
470.300266 1205086
470.506899 1204872
470.507090 1204680
470.843188 1204455
471.086677 1203803
471.319935 1203523
471.320130 1203432
471.526448 1203218
471.526641 1203026
471.863284 1202801
472.338254 1202521
472.338447 1202430
472.545623 1202216
472.545815 1202024
473.257603 1201995
473.359341 1201715
473.359533 1201624
473.566348 1201410
473.566543 1201218
474.380551 1200938
474.380745 1200847
474.571064 1199997
474.634889 1199299
475.401000 1199019
475.401194 1198928
475.575564 1198307
475.591254 1198078
476.423468 1197798
476.423713 1197707
476.598063 1197086
477.440456 1196806
477.440651 1196715
477.615623 1194545
478.461127 1194265
478.461326 1194174
478.806748 1194123
479.309931 1194071
479.363491 1193946
479.482822 1193666
479.483016 1193575
479.827704 1193524
480.328345 1193472
480.501139 1193192
480.501334 1193101
480.846114 1193050
481.521463 1192770
481.521656 1192679
482.541703 1192272
483.652880 1192207
483.801874 1192067
484.673363 1192002
