0.000946 10458180
0.001937 10383995
0.002164 10354566
0.002422 10305015
0.002891 10276454
0.003297 10131746
0.004131 10049332
0.004337 9982445
0.005315 9979065
0.005713 9915247
0.006119 9910961
0.006315 9889922
0.006917 9686425
0.007114 9678312
0.007310 9671855
0.007926 9593868
0.008125 9527885
0.008918 9498413
0.009130 9426210
0.009517 9376796
0.009904 9372402
0.010309 9340183
0.011661 9305976
0.012063 9166728
0.012269 9084631
0.012470 9079824
0.012676 8927033
0.014020 8889579
0.017512 8874953
0.017901 8872411
0.020038 8858744
0.021006 8713929
0.021397 8693700
0.022362 8651643
0.022755 8645240
0.023334 8622871
0.025294 8619575
0.025681 8557968
0.026068 8545976
0.027224 8535521
0.027417 8534143
0.027611 8528427
0.028024 8527187
0.028611 8458416
0.030916 8364521
0.032469 8342023
0.032859 8338658
0.033056 8289976
0.033252 8282298
0.033447 8271371
0.034215 8259663
0.034409 8230552
0.034987 8159208
0.036145 7949135
0.037103 7777157
0.037299 7657579
0.037498 7554767
0.037899 7546147
0.040601 7455558
0.040803 7424032
0.041380 7419909
0.042919 7408091
0.043692 7332291
0.045252 7252886
0.046215 7245692
0.047368 7244992
0.047566 7240670
0.051011 7120688
0.051593 7103847
0.052392 7098039
0.053159 7086806
0.053548 7074971
0.054696 7061414
0.055274 7056764
0.055661 7024897
0.056249 7018896
0.056446 6976546
0.057024 6960846
0.057412 6818308
0.057799 6809509
0.058756 6482102
0.060873 6449995
0.061453 6335939
0.062224 6311771
0.062421 6311616
0.062688 6265514
0.064577 6259613
0.071761 6234355
0.072009 6231261
0.072208 6173255
0.073936 6167666
0.074519 6101003
0.088345 6073117
0.090263 6055311
0.091414 5976993
0.091818 5976948
0.092589 5930569
0.092786 5894367
0.093170 5812596
0.093370 5711021
0.093758 5706022
0.101771 5705031
0.104846 5700678
0.107531 5557584
0.112938 5522863
0.115337 5509366
0.115538 5470600
0.115734 5468017
0.117098 5427275
0.120968 5411443
0.122882 5399885
0.124636 5330823
0.124835 5284584
0.125030 5283249
0.126760 5257403
0.128308 5233796
0.128697 5215780
0.129084 5207740
0.131758 5164496
0.139407 5139785
0.141906 5014339
0.143827 5006146
0.144974 4974343
0.145363 4873220
0.146701 4796922
0.148464 4735899
0.149043 4707849
0.152485 4652933
0.152683 4633511
0.166642 4627264
0.167605 4625765
0.174646 4620830
0.175860 4551563
0.179722 4539625
0.180144 4535428
0.181675 4448266
0.182253 4439887
0.183213 4433457
0.183997 4395385
0.186675 4374241
0.187852 4369047
0.188818 4338406
0.195509 4264884
0.198387 4231374
0.199728 4223545
0.211187 4138889
0.217503 4138614
0.218843 4127735
0.219043 4024146
0.226129 4013886
0.234334 3978954
0.236259 3978788
0.238174 3976505
0.239133 3974841
0.239331 3971666
0.239717 3963577
0.240305 3960587
0.243173 3952200
0.260354 3946664
0.268415 3878902
0.269756 3847189
0.270146 3798842
0.270725 3785074
0.273032 3779369
0.278752 3769296
0.279335 3763273
0.282965 3761096
0.301323 3749464
0.304207 3749423
0.451634 3683616
0.451860 3656868
0.455875 3580192
0.457599 3577028
0.458180 3558104
0.458759 3555821
0.472701 3510040
0.477687 3478442
0.478078 3379164
0.480565 3370709
0.492995 3353132
0.499493 3311240
0.515748 3233889
0.804328 3166778
0.820369 3144948
0.828784 3114459
0.834884 3083122
0.844452 3079766
0.845799 3071231
0.849833 3071152
0.857873 3045308
0.865345 2987115
0.868423 2985228
0.906986 2955494
0.908551 2935714
0.915828 2933813
0.917742 2886241
0.944106 2875495
0.945646 2855294
0.950623 2839355
0.953513 2793249
0.954283 2788958
0.959444 2785155
0.963868 2781432
0.966357 2765080
0.977621 2764437
4.736602 2711464
4.738334 2701238
4.740378 2693313
4.741192 2685947
4.757213 2684937
4.766791 2684920
4.767199 2657730
4.769021 2653883
4.770624 2652145
4.773426 2607271
4.776841 2588947
5.758762 2578530
5.760252 2578068
5.760461 2567691
5.761467 2546297
5.774810 2545337
5.783027 2512630
5.812057 2509473
5.816209 2500454
5.819531 2482919
5.827654 2449280
5.827873 2444757
5.829538 2419584
5.829746 2391836
5.832886 2379719
5.835378 2344350
11.265073 2336936
11.270726 2323536
12.205065 2316115
12.208882 2312371
12.216678 2291373
12.226869 2287050
12.536582 2284021
12.602927 2277782
12.608581 2246509
12.651814 2225048
12.840316 2199675
12.841569 2163407
12.843445 2145891
12.843877 2112908
12.846166 2107048
12.850338 2105590
12.966230 2091778
14.711800 2080012
14.721836 2071121
14.741772 2070202
14.745779 2069620
14.748397 2068687
14.748603 2064890
14.764557 2062394
14.821869 2061454
14.824285 2060494
14.825487 2059029
14.826089 2058688
14.838817 2045220
14.839020 2028673
14.920926 2024803
14.921734 2016882
15.866434 2016273
15.870831 2013433
15.871670 2006485
15.893892 2005769
15.898663 1966378
15.900348 1956642
15.901394 1955361
15.914255 1952688
20.750929 1945043
20.752766 1934213
20.825750 1931345
20.829772 1916090
20.857937 1912634
20.900826 1891712
20.936346 1888832
20.957941 1888445
21.506577 1887652
21.508805 1864000
21.566804 1863739
21.630009 1861945
21.635018 1854985
21.767133 1846858
21.804453 1845566
21.903948 1834423
22.109337 1833428
22.134858 1820468
22.136885 1818017
22.182951 1817658
22.191969 1817104
23.563390 1807405
23.615091 1797587
23.755948 1785486
23.763732 1780157
23.783275 1775274
23.797274 1774197
24.895932 1767709
24.904927 1743860
25.226257 1743667
25.257187 1742461
25.624451 1734431
25.625464 1718616
25.674479 1717953
25.693215 1714129
26.253398 1713864
26.254808 1710666
26.259033 1707474
26.287352 1706127
26.287558 1701184
26.289577 1685909
27.667834 1685091
27.668451 1679635
27.677593 1676065
27.684006 1673144
27.702521 1672429
27.707528 1664994
27.708753 1658712
27.713147 1656190
27.820322 1604480
27.824930 1602752
27.867000 1599975
27.868240 1596962
27.872246 1570632
27.874439 1568314
27.910517 1567669
27.923043 1567424
27.929042 1567374
27.993034 1561451
28.046573 1559142
28.048403 1552156
28.054169 1547900
28.054774 1545245
28.056201 1543692
29.262499 1542056
29.266305 1537382
29.270307 1537239
29.273325 1533639
29.274133 1522433
29.448878 1520242
29.662292 1518153
29.665118 1515991
29.670711 1513667
29.686480 1511494
29.695895 1510298
29.697697 1507363
29.698301 1503421
29.706504 1503318
29.707110 1503013
29.712732 1499270
29.730292 1492910
30.380735 1492831
30.380943 1491942
30.393527 1486697
30.414043 1486210
30.422261 1481715
31.072213 1481548
31.088177 1477444
31.098137 1473332
31.102333 1472402
31.133453 1472113
31.138866 1471957
31.145483 1467943
31.159091 1463544
31.162110 1462915
31.166113 1458884
31.178520 1454661
31.189111 1450756
31.189918 1450029
31.968446 1447430
31.968663 1443063
31.985144 1442433
31.994744 1440302
32.065832 1430013
32.130643 1428670
32.140653 1428622
32.140857 1428268
32.144266 1427322
33.514533 1426784
33.537835 1424784
33.568629 1424371
33.615498 1422570
33.616128 1421149
33.645257 1415089
33.674212 1411367
33.678821 1406116
35.274713 1405841
35.684552 1399298
35.969240 1399213
35.972067 1391109
35.976281 1388423
36.268619 1381156
36.275839 1380435
36.858758 1375820
36.933464 1375509
36.934473 1374039
36.960946 1371879
36.965946 1371810
37.165261 1371113
37.312903 1368788
37.313314 1368247
37.326304 1367314
37.327925 1365250
37.500042 1357840
40.012482 1357227
40.019269 1347352
40.026707 1345883
40.033515 1345847
40.036338 1345225
40.892747 1344466
40.918113 1341564
41.011055 1341189
41.160330 1339400
41.178880 1334913
41.193675 1334499
41.198864 1330979
41.209458 1329020
54.187506 1327415
54.204197 1320555
54.230326 1318745
54.262312 1316953
54.483632 1316607
54.523805 1315065
54.575845 1311647
54.576658 1309984
54.597025 1307373
56.496241 1307167
56.521412 1302069
56.548111 1300814
56.555051 1300249
56.555916 1299799
60.735756 1298255
60.910675 1298126
60.958559 1297657
61.025544 1297495
61.093092 1297241
61.217901 1293413
61.220945 1293231
61.223741 1292120
61.959735 1289763
62.643588 1288510
62.930375 1286137
62.935593 1285961
63.451049 1284110
63.472653 1280388
63.578999 1279284
63.758526 1277709
63.763152 1277405
63.779934 1276751
63.821409 1276722
63.843740 1273882
63.858139 1271705
63.860958 1270675
64.046091 1269243
64.067040 1267440
64.980078 1267004
65.072864 1260085
65.434326 1259932
65.568000 1259311
66.399897 1258746
66.405500 1258264
66.426690 1258213
68.340150 1241810
68.397614 1238132
68.506022 1236442
69.073859 1234998
69.211275 1229133
70.147435 1228310
70.661996 1228131
70.964315 1227121
71.091815 1225842
71.141391 1225752
71.159075 1223912
71.757376 1221080
71.970841 1220701
74.549826 1218360
84.228245 1217586
84.500083 1217228
84.544315 1216592
84.753062 1213912
84.785593 1212346
84.802771 1208891
86.598707 1207745
88.904701 1207529
89.025731 1207387
93.843194 1207092
96.337956 1205798
96.643041 1205544
97.334848 1205479
119.923419 1205056
122.460295 1204944
124.478456 1204802
127.566136 1204635
136.474326 1204524
151.640299 1204459
251.621930 1204253
252.215661 1204188
252.820918 1204111
255.211842 1204060
283.401217 1204046
292.779637 1203995
