0.000681 10511387
0.001480 10387833
0.020263 10379496
0.033703 10373077
0.116162 10369588
0.124687 10299172
0.126112 10296327
0.127701 10229456
0.140196 10158609
1.035105 10111195
1.036188 9992341
1.038133 9985656
1.055074 9977286
1.072646 9973317
1.167451 9955132
1.181809 9914069
1.196450 9900373
1.251153 9854845
1.428900 9827865
1.435059 9802361
1.949986 9778834
2.052706 9731420
2.053787 9612566
2.055723 9605881
2.072604 9597511
2.090212 9593542
2.184739 9575357
2.198987 9534294
2.213592 9520598
2.268007 9475070
2.445533 9448090
2.730569 9426492
3.066863 9379078
3.067927 9260224
3.069885 9253539
3.086846 9245169
3.104496 9241200
3.199102 9223015
3.213046 9181952
3.227717 9168256
3.282248 9122728
3.467607 9121187
3.468016 9113422
3.511487 9105534
3.513264 9104144
3.993055 9099339
3.998695 9095842
4.000104 9091808
4.085998 9044394
4.087066 8925540
4.088994 8918855
4.105889 8910485
4.126347 8906516
4.220984 8888331
4.234960 8847268
4.251421 8833572
4.305937 8788044
4.487905 8786503
4.533149 8780516
4.533691 8769460
5.019106 8755740
5.111200 8708326
5.112275 8589472
5.114232 8582787
5.131337 8574417
5.148981 8570448
5.243585 8552263
5.257592 8511200
5.272224 8497504
5.326773 8451976
5.553904 8444448
5.554448 8433392
6.127306 8385978
6.128382 8267124
6.130345 8260439
6.147634 8252069
6.165719 8248100
6.234227 8244179
6.270294 8236693
6.272661 8230604
6.277765 8188852
6.292789 8175156
6.348941 8129628
6.458308 8114374
7.160608 8066960
7.161730 7948106
7.177222 7945141
7.180776 7933051
7.191952 7928650
7.291843 7919543
7.302470 7911586
7.307442 7869834
7.322140 7856138
7.390373 7854845
7.879651 7842311
7.997564 7801304
8.178491 7753890
8.179565 7635036
8.194938 7632071
8.198511 7619981
8.209635 7615580
8.309368 7606473
8.319928 7598516
8.324903 7556764
8.339536 7543068
8.407466 7541775
8.898081 7539426
8.902693 7534538
9.049417 7530171
9.197942 7482757
9.199061 7363903
9.212863 7357218
9.218032 7348848
9.235728 7344879
9.329297 7335340
9.338688 7326694
9.344929 7285631
9.359541 7271935
9.426513 7226407
10.214856 7178993
10.215926 7060139
10.231278 7057174
10.234835 7045084
10.252477 7041115
10.345797 7023619
10.364873 6996787
10.376213 6968171
10.720795 6959650
11.233635 6912236
11.234698 6793382
11.250056 6790417
11.253583 6778327
11.271256 6774358
11.365029 6756862
11.387781 6752631
11.394861 6741264
11.395226 6701414
12.187447 6693437
12.254569 6646023
12.255630 6527169
12.270076 6524205
12.274507 6512114
12.292109 6508145
12.385187 6490649
12.407945 6486418
12.414529 6439081
12.431653 6431619
13.270628 6384205
13.271691 6265351
13.286186 6262387
13.308246 6246327
13.401617 6236788
13.410967 6228142
13.422806 6225081
13.430916 6177263
14.286914 6129849
14.289086 6111997
14.292953 6066625
14.295965 6033487
14.314884 6015359
14.324593 5991971
14.417573 5974475
14.860060 5960775
14.861494 5924255
15.304265 5876841
15.306403 5858989
15.311153 5818845
15.312564 5789945
15.314335 5778893
15.331390 5774178
15.333174 5766805
15.341798 5738963
15.434797 5721467
16.141020 5681265
16.269536 5679155
16.318827 5631741
16.320949 5613889
16.325734 5573745
16.327150 5544845
16.328921 5533793
16.346001 5529078
16.347765 5521705
16.356413 5493863
16.449522 5476367
17.335244 5428953
17.337543 5410307
17.342115 5370957
17.343527 5342057
17.345296 5331005
17.362356 5326290
17.364119 5318917
17.372776 5291075
17.485810 5289281
17.964945 5285284
18.349409 5237870
18.351704 5219224
18.356463 5195291
18.357908 5149610
18.365858 5142017
18.376808 5139448
18.378414 5127834
18.387123 5099992
18.500358 5098198
19.364476 5050784
19.367651 5024954
19.371536 5008205
19.372950 4962524
19.380899 4954931
19.391805 4952362
19.393408 4940748
19.402074 4912906
20.393895 4865282
20.396960 4839662
20.400940 4822913
20.402398 4777232
20.410549 4769639
20.421811 4767070
20.423443 4755456
20.459039 4737841
21.413442 4699298
21.414161 4682125
21.416272 4671781
21.421564 4602167
21.429519 4594574
21.440481 4592005
21.442094 4580391
21.888296 4569125
22.428424 4530582
22.429159 4513409
22.431270 4503065
22.433400 4495881
22.436570 4433451
22.444513 4425858
22.455449 4423289
22.457038 4411675
23.454930 4404652
23.455656 4277365
23.470633 4268408
24.291676 4256922
24.470800 4249899
24.471168 4122612
24.486092 4113655
25.485760 4091271
25.490345 4086796
25.490884 4085822
25.492648 4078676
25.528664 4072312
25.552098 4062728
25.559707 4004402
25.573082 3999873
25.596722 3986984
26.499411 3974230
26.499786 3965700
26.503656 3960125
26.504194 3959151
26.505971 3952005
26.542162 3945641
26.565674 3936057
26.578197 3904004
26.586663 3873202
26.733708 3863586
27.007858 3862231
27.514111 3849477
27.514478 3840947
27.519388 3835684
27.521698 3824610
27.561465 3822805
27.572921 3811311
27.575400 3804296
27.593907 3786281
27.598150 3764524
27.601164 3748449
28.233343 3710955
28.528400 3698201
28.528765 3689671
28.533716 3684408
28.536716 3684096
28.537271 3683122
28.539042 3675976
28.572267 3671256
28.575115 3669612
28.587280 3660035
28.589764 3653020
28.611072 3627975
28.757302 3620342
28.766635 3587557
29.049860 3565043
29.543727 3552289
29.544096 3543759
29.547454 3531638
29.549045 3527875
29.586169 3525617
29.607147 3525099
29.608923 3514116
29.622853 3467336
29.778632 3459105
30.559507 3458577
30.559699 3435565
30.560935 3424126
30.597007 3417762
30.624619 3408178
30.645076 3404994
30.664591 3404638
30.666564 3381872
30.788706 3368492
30.821849 3365467
30.986460 3363027
31.401199 3358158
31.575178 3357630
31.575368 3334618
31.576605 3323179
31.612643 3316815
31.660457 3304047
31.680009 3303691
31.681973 3280925
31.803507 3267545
31.836525 3264520
32.001211 3262080
32.588261 3261552
32.588452 3238540
32.589698 3227101
32.591463 3224459
32.625776 3220737
32.648717 3211153
32.693254 3207613
32.695204 3184847
32.816918 3171467
32.850057 3168442
33.609520 3146058
33.610245 3138403
33.618034 3135037
33.656627 3129016
33.667740 3128498
33.676932 3112115
33.694879 3030780
34.624349 3008396
34.625073 3000741
34.632870 2997375
34.671443 2991354
34.682511 2990836
34.690108 2968397
34.780643 2960599
34.990194 2951311
34.990560 2951254
35.206924 2938322
35.639027 2915938
35.639746 2908283
35.647522 2904917
35.686079 2898896
35.697136 2898378
35.704737 2875939
35.795468 2868141
36.005484 2858853
36.005849 2858796
36.652744 2836412
36.653487 2828757
36.661245 2825391
36.699824 2819370
36.710927 2818852
36.718540 2796413
36.809085 2788615
37.147324 2776678
37.666359 2754294
37.667079 2746639
37.674854 2743273
37.713489 2737252
37.724555 2736734
37.732152 2714295
37.823023 2706497
38.529508 2697959
38.682343 2675575
38.683062 2667920
38.686067 2662980
38.687841 2660338
38.729402 2658533
38.745089 2647032
38.748114 2635576
38.838804 2627778
39.639102 2619621
39.699078 2597237
39.699796 2589582
39.702812 2584642
39.704581 2582000
39.746204 2580195
39.764842 2557238
39.855565 2549440
40.718257 2527056
40.719035 2519401
40.722089 2514461
40.723859 2511819
40.765482 2510014
40.784145 2487057
41.097944 2480981
41.100757 2480080
41.731896 2457696
41.732615 2450041
41.735627 2445101
41.737427 2442459
41.779013 2440654
41.797693 2417697
42.500209 2417128
42.746493 2394744
42.748788 2383723
42.793427 2377702
42.812079 2354745
43.759501 2332361
43.761819 2321340
43.806530 2315319
44.402050 2311135
44.480687 2299090
44.776448 2264111
44.821738 2259664
45.419265 2255480
45.598231 2251213
45.605788 2248750
45.794407 2213771
45.839829 2209324
46.434691 2205140
46.613680 2200873
46.811841 2173040
46.854963 2161447
47.450083 2157263
47.795190 2156499
47.828011 2128666
47.871260 2117073
48.466262 2112889
48.826487 2108136
48.845996 2080303
48.889286 2068710
49.489590 2064526
49.871771 2036693
49.914918 2025100
50.607269 2024538
50.882104 2010858
50.887047 1997679
50.928823 1985112
51.894680 1951745
52.269055 1951047
52.864801 1950958
52.916941 1917591
53.296645 1916893
53.941224 1890034
54.639888 1884634
54.956522 1865493
55.076627 1860006
55.900443 1855901
55.979482 1836760
56.099581 1831273
57.016791 1812132
57.368219 1807284
58.001913 1806922
58.030539 1787781
58.382437 1782933
58.969818 1782165
59.054569 1763024
59.416780 1758176
59.940055 1752007
60.083460 1732866
60.435884 1728018
60.957641 1724827
61.101636 1705686
61.453887 1700838
62.119166 1681697
62.625635 1680377
63.140115 1678518
63.140662 1678483
63.140849 1674600
63.149872 1669478
63.159911 1654483
63.204876 1638668
64.156656 1636809
64.157210 1636774
64.157398 1632891
64.176400 1612774
65.160669 1612765
65.160864 1612167
65.161049 1602798
65.375416 1597634
65.520172 1596709
65.621659 1592888
66.176735 1592879
66.176926 1592281
66.177111 1582912
66.391243 1577748
66.535243 1577024
66.975633 1576968
67.181126 1573310
67.189904 1573301
67.190091 1572703
67.190274 1563334
67.405046 1558170
67.549882 1557446
67.990701 1557390
68.206181 1557381
68.206373 1556783
68.206558 1547414
68.420705 1542250
68.565007 1541526
69.223546 1541517
69.223740 1540919
69.223926 1531550
69.438573 1526386
70.051682 1525841
70.241121 1525832
70.241316 1525234
70.241500 1515865
70.456684 1510701
71.257468 1510692
71.257669 1510094
71.257853 1500725
71.505385 1496747
72.270818 1496738
72.271010 1496140
72.271195 1486771
73.142596 1485927
73.163256 1484850
73.198710 1484404
73.209415 1483838
73.286594 1483829
73.286783 1483231
73.286967 1473862
73.302457 1464697
74.319749 1463461
74.320119 1460745
74.320478 1459130
74.336683 1456219
74.392398 1455570
74.393318 1453183
74.516242 1449642
75.335038 1448406
75.335406 1445690
75.335767 1444075
75.351941 1441164
75.407708 1440515
75.408610 1438128
75.643950 1437745
76.349600 1436509
76.349968 1433793
76.350326 1432178
76.366522 1429267
76.422162 1428618
76.423062 1426231
77.370673 1424995
77.371266 1420679
77.387634 1417753
77.443324 1417104
77.514592 1415983
77.739779 1415411
78.383810 1414175
78.384354 1409859
78.400730 1406933
78.456712 1406284
78.528116 1405163
79.382728 1405041
79.399010 1403927
79.399549 1399611
79.437574 1397828
79.456581 1396762
80.143663 1395516
80.397341 1395394
80.413642 1394280
80.414179 1389964
80.451919 1388181
80.470914 1387115
81.175219 1382191
81.410386 1382069
81.426706 1380955
81.427244 1376639
81.465234 1374856
81.484275 1373790
82.210495 1372590
82.427245 1372468
82.443468 1371354
82.444006 1367038
82.481821 1365255
82.500826 1364189
83.272467 1363854
83.340149 1363368
83.441012 1363246
83.457248 1362132
83.457785 1357816
83.495745 1356033
83.514767 1354967
84.287217 1354632
84.455829 1354510
84.472100 1353396
84.472645 1349080
84.510591 1347297
84.529667 1346231
85.490349 1344995
85.491250 1344994
85.491791 1343613
85.528309 1341537
85.564774 1340315
85.581764 1337891
86.503995 1337745
86.506856 1336655
86.522806 1332266
86.560986 1330556
87.195438 1329943
87.521966 1329797
87.524798 1328707
87.540671 1324318
87.578757 1322608
88.540051 1322448
88.540244 1322283
88.540429 1319990
88.577905 1319349
88.700363 1319289
89.009183 1316342
89.137158 1315408
89.555741 1315248
89.555933 1315083
89.556118 1312790
89.593602 1312149
89.716466 1312089
90.025933 1309142
90.176901 1305887
90.572580 1305727
90.572772 1305562
90.572957 1303269
90.610416 1302628
90.733342 1302568
91.042496 1299621
91.541370 1298984
91.590174 1298824
91.590366 1298659
91.590552 1296366
91.628210 1295725
91.750669 1295665
92.058851 1292718
92.604582 1292558
92.604775 1292393
92.604960 1290100
92.642595 1289459
92.765184 1289399
93.115271 1289312
93.600293 1287994
93.620721 1287834
93.620912 1287669
93.621096 1285376
93.658585 1284735
93.780928 1284675
94.130276 1284588
94.635919 1284428
94.636118 1284263
94.636304 1281970
94.673745 1281329
94.796291 1281269
95.132278 1277848
95.649750 1277688
95.649944 1277523
95.650130 1275230
95.687649 1274589
95.810515 1274529
96.665816 1274383
96.667423 1274369
96.667611 1274204
96.667795 1271911
96.684497 1268904
97.718368 1268304
97.807982 1267412
97.808174 1266084
98.732203 1263615
98.839122 1260720
98.839489 1254225
99.746257 1251756
100.776083 1251605
101.119203 1249330
101.793409 1249179
102.246474 1248078
102.246668 1247857
102.358254 1247598
102.695790 1247453
102.806624 1247302
103.261151 1246201
103.261344 1245980
103.373596 1245721
103.823471 1245570
104.276196 1244469
104.276390 1244248
104.421723 1244067
104.837919 1243916
105.292435 1242815
105.292628 1242594
105.780636 1242586
105.855637 1242435
106.308051 1241334
106.308246 1241113
106.870263 1240962
107.336560 1240937
107.479025 1240049
107.568720 1240048
107.779828 1239644
107.884324 1239493
108.351827 1239468
108.494666 1238580
108.584238 1238579
108.814851 1238521
108.825865 1238426
108.900521 1238275
109.378557 1238250
109.525161 1237362
109.617360 1237361
109.849833 1237303
109.935534 1237152
110.401910 1237127
110.545071 1236239
110.634728 1236238
110.856513 1235953
110.870875 1235760
110.871064 1235424
110.951639 1235273
111.418507 1235248
111.561286 1234360
111.651087 1234359
111.872348 1234074
111.886747 1233916
111.967404 1233765
112.434018 1233740
112.576809 1232852
112.666461 1232851
112.887552 1232566
112.982804 1232415
113.448569 1232390
113.591311 1231502
113.680712 1231501
113.997285 1231350
114.462773 1231325
114.605511 1230437
115.010341 1230286
115.477182 1230261
115.630236 1230041
115.792683 1229838
116.025826 1229687
116.491409 1229662
116.644159 1229442
116.946577 1229438
116.963045 1229431
117.039317 1229280
117.505945 1229255
117.658710 1229035
117.961885 1229031
118.054693 1228880
118.520760 1228855
118.674196 1228635
118.971231 1228207
119.069506 1228056
119.537905 1228031
119.690748 1227811
119.975673 1227787
119.993725 1227446
120.086852 1227295
120.552393 1227270
120.704895 1227050
120.988982 1227026
121.099772 1226875
121.567534 1226850
121.720297 1226630
122.116296 1226479
122.581948 1226454
123.129809 1226303
125.072571 1226238
