0.000739 10471982
0.000961 10445988
0.001147 10231343
0.004200 10231237
0.005626 10215045
0.022245 10206813
0.024740 10178570
0.108593 10176503
0.139882 10146077
0.511997 10119204
1.035576 10077307
1.035768 10051313
1.035953 9836668
1.038959 9836562
1.042502 9809934
1.054862 9783895
1.061391 9768060
1.162713 9751402
2.056944 9709505
2.057133 9683511
2.057321 9468866
2.073757 9444336
2.076434 9424464
2.089586 9408618
3.077504 9309262
3.078840 9277238
3.080784 9099348
3.462476 9072417
4.101190 8973061
4.102461 8941037
4.104395 8763147
5.119608 8704896
5.121589 8657814
5.129911 8640280
5.154899 8623021
5.159690 8547543
5.164649 8527521
5.422169 8516551
5.431537 8490659
5.538820 8481800
5.805021 8454036
6.141273 8395785
6.143239 8348703
6.155814 8340178
6.179895 8314324
6.181309 8238432
6.186796 8215266
6.547980 8201730
6.553808 8175732
6.559670 8172689
6.888149 8168353
7.022822 8159548
7.150779 8153203
7.162040 8094952
7.163994 8047870
7.176545 8039345
7.200585 8013491
7.202003 7937599
7.207491 7914433
7.568327 7900897
7.574156 7874899
7.580015 7871856
8.181215 7813605
8.183226 7766523
8.188554 7748989
8.213485 7731730
8.221269 7656252
8.232731 7653323
8.489411 7599250
9.199143 7540999
9.201099 7493917
9.208859 7485392
9.237655 7459538
9.239779 7360480
9.605975 7330505
10.217192 7272254
10.219150 7225172
10.226903 7216647
10.255670 7190793
10.257787 7091735
10.716852 7085904
10.729559 7083626
10.910446 7077626
11.114306 7071690
11.234715 7013439
11.236659 6966357
11.244450 6957832
11.273299 6931978
11.275430 6832920
11.732163 6828634
11.928916 6818811
12.253189 6760560
12.255146 6713478
12.267660 6695944
12.291632 6679099
12.293744 6580041
12.761694 6571932
13.270085 6513681
13.272038 6466599
13.284614 6449065
13.308600 6432220
13.310725 6333162
14.048059 6329318
14.215723 6328305
14.287035 6270054
14.288973 6222972
14.301503 6205438
14.325581 6188593
14.327722 6089535
15.067634 6085691
15.307135 6027440
15.309081 5980358
15.321680 5962824
15.345818 5945979
15.347964 5846921
16.330311 5841515
16.330544 5787076
16.330908 5785489
16.331800 5733997
16.344615 5724054
16.524931 5721519
16.558446 5692850
16.597601 5661872
16.829722 5652876
16.832568 5643325
17.286879 5609876
17.351330 5604470
17.351523 5550031
17.351885 5548444
17.352775 5496952
17.367166 5496018
17.546009 5464166
17.580006 5463019
17.612017 5453348
17.617674 5424827
18.064441 5418936
18.372055 5413530
18.372245 5359091
18.372602 5357504
18.373499 5306012
18.387847 5305078
18.566998 5273226
18.600927 5272079
18.632721 5262408
18.638396 5233887
19.314030 5228610
19.392589 5223204
19.392779 5168765
19.393137 5167178
19.394032 5115686
19.406935 5105743
19.586145 5103208
19.619506 5074539
19.658596 5043561
20.411171 5038155
20.411361 4983716
20.411719 4982129
20.412609 4930637
20.425488 4920694
20.604915 4918159
20.638273 4889490
20.705014 4863922
21.429174 4858516
21.429362 4804077
21.429719 4802490
21.430619 4750998
21.432899 4750064
21.611583 4718212
21.646131 4717065
21.678897 4707394
22.447780 4701988
22.447971 4647549
22.448329 4645962
22.449213 4594470
22.451516 4593536
22.630239 4561684
22.664175 4560537
22.729282 4542756
23.466712 4537350
23.466902 4482911
23.467261 4481324
23.468144 4429832
23.470452 4428898
23.648037 4417354
23.681987 4412563
23.683059 4395899
23.950424 4393879
24.179205 4386300
24.484990 4380894
24.485178 4326455
24.485537 4324868
24.486445 4273376
24.488733 4272442
24.668898 4260898
24.703536 4256107
24.704625 4239443
25.334625 4237262
25.506434 4231856
25.506622 4177417
25.506993 4175830
25.507880 4124338
25.510164 4123404
25.687647 4111860
25.721414 4107069
25.722500 4090405
26.523215 4084999
26.523406 4030560
26.523765 4028973
26.525874 3990086
26.543075 3987571
26.704736 3985237
26.720625 3970063
26.902264 3962205
27.006582 3954678
27.416039 3949881
27.538282 3944475
27.538470 3890036
27.538829 3888449
27.540945 3849562
27.558104 3847047
27.719837 3844713
27.735732 3829539
27.917852 3821681
28.022391 3814154
28.555589 3808748
28.555779 3754309
28.556139 3752722
28.558259 3713835
28.575424 3711320
28.737500 3708986
28.753439 3693812
28.964917 3677187
29.575121 3671781
29.575311 3617342
29.575671 3615755
29.577788 3576868
29.594960 3574353
29.757067 3572019
29.772976 3556845
30.592823 3551439
30.593014 3497000
30.593372 3495413
30.609760 3452040
31.264068 3442871
31.626032 3437465
31.626238 3383026
31.626597 3381439
31.642993 3338066
32.227016 3323166
32.646053 3317760
32.646262 3263321
32.646625 3261734
32.663015 3218361
33.680014 3214040
33.680564 3210005
33.687434 3208167
33.687798 3196824
33.688509 3154858
33.692569 3154427
33.746097 3142207
33.881360 3131549
34.564007 3131360
34.697493 3127039
34.698043 3123004
34.704895 3121166
34.705258 3109823
34.705966 3067857
34.763477 3055206
34.765597 3020898
35.715101 3016577
35.715650 3012542
35.717237 2996115
35.718321 2928635
36.735744 2924314
36.736294 2904689
36.753228 2903314
36.753770 2897549
36.774256 2847146
37.300874 2841823
37.750904 2837502
37.751453 2817877
37.768439 2816502
37.768982 2810737
37.789472 2760334
38.772786 2756013
38.790331 2735013
38.790875 2729248
38.810929 2722465
38.815342 2715756
38.851310 2701632
39.099293 2697927
39.111325 2696454
39.365267 2695416
39.764164 2692173
39.790955 2690098
39.809399 2688351
39.809765 2686532
39.809950 2672218
39.810500 2661968
39.829107 2658753
39.830899 2654304
39.835324 2647595
39.871209 2633471
40.120457 2629766
40.132484 2628293
40.134460 2621442
40.798619 2602162
40.816673 2590356
40.850581 2583573
40.853222 2581286
40.865971 2575715
40.902598 2567990
40.911969 2561340
41.004903 2557561
41.151024 2552099
41.826906 2550024
41.845340 2548277
41.845708 2546458
41.845894 2532144
41.846448 2521894
41.864985 2518679
41.868720 2514230
41.883617 2507838
41.884157 2506372
41.915468 2498410
41.926270 2497562
41.938486 2493199
42.279251 2487181
42.844112 2485106
42.862486 2483359
42.862852 2481540
42.863036 2467226
42.863571 2456976
42.882066 2453761
42.885794 2449312
42.900593 2442920
42.901134 2441454
42.932335 2433492
42.943104 2432644
42.955299 2428281
43.295272 2427496
43.786875 2426066
43.788819 2425779
43.860220 2422184
43.879175 2420138
43.879364 2405824
43.879903 2395574
43.898447 2392359
43.902178 2387910
43.916982 2381518
43.917521 2380052
43.948728 2372090
43.959532 2371242
43.971735 2366879
44.311715 2366094
44.803574 2364664
44.878831 2345384
44.896921 2333578
44.919089 2326795
44.933572 2324508
44.965740 2310975
44.969299 2305962
45.330403 2304979
45.899522 2285699
45.917598 2273893
45.939797 2267110
45.954356 2264823
45.986650 2251290
45.990206 2246277
46.919758 2226997
46.937796 2215191
46.961053 2213117
46.974557 2206121
47.015579 2205749
47.027993 2192627
47.766212 2191740
47.938626 2172460
47.956674 2160654
47.979886 2158580
47.993336 2151584
48.034472 2151212
48.156442 2148282
48.306079 2142834
48.363325 2141580
48.956745 2122300
48.974752 2110494
48.997872 2108420
49.011291 2101424
49.052319 2101052
49.173775 2098122
49.323260 2092674
49.972693 2073394
49.990797 2061588
50.013987 2059514
50.027415 2052518
50.068412 2052146
50.078310 2043479
50.990015 2024199
51.008024 2012393
51.044560 2003323
51.828267 1996857
52.006709 1977577
52.024788 1965771
52.061402 1956701
53.025320 1937421
53.043416 1925615
53.472590 1918259
54.043967 1898979
54.061999 1887173
54.651779 1882560
55.061199 1863280
55.079239 1851474
55.927671 1850548
56.080152 1831268
56.098164 1819462
56.893247 1793971
57.099234 1774691
57.117333 1762885
58.121158 1743605
58.370486 1742745
58.539587 1739419
58.723777 1736244
59.140399 1716964
59.389234 1716104
59.558809 1712778
59.951176 1712158
60.153517 1708563
60.188914 1701742
60.191932 1699951
60.207844 1699598
60.214234 1695054
60.407356 1692018
60.576740 1688692
60.943102 1684473
61.177489 1665193
61.228278 1657855
62.195562 1638575
62.572203 1638177
62.672553 1634389
63.217348 1615109
63.592989 1614711
63.809727 1614603
63.856348 1614249
64.023080 1612581
64.236728 1608986
64.275164 1600374
64.613341 1592903
64.829896 1592795
64.876429 1592441
65.124357 1589220
65.259391 1569940
65.631243 1569542
65.847863 1569434
65.894338 1569080
66.277928 1549800
66.651249 1549402
66.867938 1548230
67.297066 1528950
67.671239 1528552
68.316339 1509272
69.359189 1508673
69.428798 1507382
69.428988 1493869
69.429880 1492166
70.376607 1491567
70.431669 1491098
70.432210 1489724
70.440345 1477723
70.773660 1477562
71.248949 1477504
71.394503 1476905
71.449551 1476436
71.450094 1475062
71.458265 1463061
71.792060 1462900
72.414365 1462301
72.469379 1461832
72.469920 1460458
72.478035 1448457
73.429951 1447858
73.492482 1429736
74.444952 1429137
74.499933 1427770
74.554191 1422833
74.949061 1421575
74.974007 1420215
75.171468 1417486
75.242467 1416040
75.459874 1415441
75.514765 1414074
75.569282 1409137
75.963702 1407879
75.988738 1406519
76.186355 1403790
76.385046 1403163
76.475129 1402564
76.530015 1401197
76.584371 1396260
76.979482 1395002
77.004401 1393642
77.202152 1390913
77.391436 1390457
77.490298 1389858
77.545170 1388491
77.599678 1383554
77.994043 1382296
78.019061 1380936
78.216720 1378207
78.505425 1377608
78.560338 1376241
78.614667 1371304
79.008993 1370046
79.033980 1368686
79.362474 1367036
79.520423 1366437
79.575424 1365070
79.630053 1360133
80.025658 1358875
80.050697 1357515
80.537373 1356916
80.592370 1355549
80.646605 1350612
81.042832 1349354
81.128755 1348672
81.555473 1348073
81.610622 1346706
81.665232 1341769
82.061858 1340511
82.575205 1339912
82.630354 1338545
82.684890 1333608
83.522370 1332736
83.589961 1332137
83.644974 1330770
83.699559 1325833
84.607403 1325234
84.662417 1323867
84.716763 1323712
84.883747 1321849
85.031517 1319962
85.424339 1319797
85.435974 1319032
85.624521 1318433
85.679623 1317066
85.733964 1316911
85.900924 1315048
86.048952 1313161
86.441818 1312996
86.517860 1312929
86.529476 1312725
86.642341 1312126
86.697412 1310759
86.751739 1310604
86.918523 1308741
87.066695 1306854
87.481126 1306760
87.660427 1306161
87.715460 1304794
87.769787 1304639
87.936276 1302776
88.084168 1300889
88.454469 1299066
88.678245 1298467
88.733313 1297100
88.787847 1296945
88.955531 1295082
89.103494 1293195
89.551820 1293030
89.698779 1292431
89.754057 1291064
89.808645 1290909
89.975921 1289046
90.123506 1287159
90.543474 1286927
90.716864 1286328
90.772032 1284961
90.826371 1284806
90.993308 1282943
91.141309 1281056
91.734608 1280457
91.789657 1279090
91.844163 1278935
92.011061 1277072
92.226680 1276830
92.413537 1276648
92.548457 1275844
92.657761 1275402
92.751370 1274803
92.806491 1273436
92.860736 1273281
93.027688 1271418
93.244004 1271176
93.430364 1270994
93.565709 1270190
93.768934 1269591
93.824211 1268224
93.878726 1268069
94.046338 1266206
94.263703 1265964
94.451090 1265782
94.586040 1263998
94.789555 1263399
94.844690 1262032
94.898959 1261877
95.065524 1260014
95.281924 1259772
95.468943 1259590
95.807933 1258991
95.863239 1257624
95.917662 1257469
96.084955 1255606
96.303100 1255364
96.834926 1254765
96.889916 1253398
96.944344 1253243
97.110871 1251380
97.851601 1250781
97.906647 1249414
97.961152 1249259
98.344383 1248385
98.477649 1247942
98.869339 1247343
98.924382 1245976
98.978479 1245821
99.360960 1244947
99.778411 1244634
99.886469 1244035
99.941479 1242668
99.996012 1242513
100.379360 1241639
100.904255 1241040
100.959430 1239673
101.013698 1239518
101.506990 1239213
101.922398 1238614
101.977521 1237247
102.031816 1237092
102.853652 1236942
102.939401 1236343
102.994511 1234976
103.048802 1234821
103.954817 1234222
104.009981 1232855
104.971509 1232256
105.132068 1231790
105.263367 1231761
105.353395 1231677
105.691886 1231165
105.990740 1230566
106.151737 1230100
106.282816 1230071
106.372807 1229987
107.008848 1229388
107.169034 1228922
107.299570 1228893
108.024877 1228294
108.185534 1227828
109.040251 1227229
109.331225 1226764
110.058263 1226165
110.872700 1226128
110.928652 1225739
110.940669 1225734
111.076983 1225135
111.894186 1225098
111.950246 1225079
112.097591 1224480
112.912948 1224443
113.003220 1224435
113.116971 1223836
113.934993 1223799
114.025534 1223411
114.138791 1222812
114.954676 1222775
115.045011 1222364
115.159003 1221765
115.975878 1221728
116.179501 1221129
117.029915 1221113
117.196263 1220514
118.046270 1220477
118.216594 1219878
119.386717 1219404
120.568940 1219008
122.184032 1218943
464.625487 1218933
464.816795 1218716
465.182669 1218461
465.305187 1218340
465.342686 1218334
465.585920 1217958
465.842855 1217741
466.202132 1217486
466.323965 1217365
466.361276 1217359
466.858999 1217142
467.217900 1216887
467.340193 1216766
467.876953 1216549
468.235339 1216294
468.894971 1216077
469.931609 1215901
470.808186 1215872
470.823347 1215867
470.949685 1215691
471.827401 1215662
471.968716 1215486
