0.000407 10300929
0.001236 10275208
0.001825 10122891
0.002024 10029420
0.002413 9984703
0.003186 9948785
0.003382 9815795
0.003960 9725232
0.004348 9675101
0.004734 9589708
0.004943 9588258
0.005139 9507596
0.005907 9474559
0.006101 9408802
0.006676 9301046
0.007062 9229957
0.007449 9204715
0.008025 9036221
0.008411 9002008
0.008606 8999372
0.009195 8909903
0.010157 8851255
0.013218 8819206
0.013417 8792007
0.013613 8747282
0.014572 8684474
0.014768 8667674
0.015344 8658252
0.015730 8538364
0.015926 8500477
0.016121 8473548
0.016316 8440338
0.016511 8268425
0.016705 8032119
0.018250 8020214
0.018447 8019734
0.019023 7969917
0.020746 7925621
0.021711 7921035
0.023434 7915225
0.024976 7909760
0.026884 7907061
0.027275 7906862
0.027663 7832036
0.028431 7830671
0.033055 7826339
0.033255 7806748
0.035734 7794325
0.035931 7704440
0.038620 7692308
0.039008 7663224
0.039203 7618406
0.039780 7462367
0.040167 7440013
0.041520 7381140
0.047077 7377738
0.047275 7359477
0.048428 7332878
0.048627 7232591
0.049597 7182175
0.050368 7136140
0.051521 6997578
0.052101 6991241
0.052298 6886637
0.052496 6884411
0.053091 6826682
0.054245 6799173
0.054443 6726224
0.054639 6708066
0.056365 6642060
0.057725 6638623
0.058115 6630022
0.059075 6577262
0.059463 6553728
0.059659 6551098
0.062346 6510078
0.063691 6403025
0.066001 6396487
0.067532 6373286
0.068683 6216676
0.069653 6176206
0.074241 6022794
0.077136 5994565
0.080777 5991761
0.085373 5918295
0.086525 5850843
0.087101 5812441
0.088061 5802312
0.089034 5799275
0.089425 5661535
0.089816 5609820
0.092490 5516559
0.095566 5506341
0.096532 5479677
0.099424 5466555
0.100006 5460037
0.100203 5450614
0.101560 5447704
0.102141 5437968
0.102911 5421495
0.103299 5370597
0.104260 5356567
0.108100 5352578
0.115959 5322781
0.117510 5287446
0.117901 5269772
0.118290 5266279
0.121180 5213644
0.121955 5158365
0.124437 5135884
0.126558 5115336
0.127902 5110350
0.129098 5101453
0.133509 5073226
0.138871 5064856
0.144611 5061888
0.145399 5018819
0.146172 5017558
0.164952 4989794
0.166681 4962046
0.166881 4949147
0.167464 4912792
0.168236 4793590
0.168433 4739721
0.168831 4721871
0.173423 4698064
0.173623 4696858
0.174397 4690492
0.177854 4685454
0.178053 4666401
0.188391 4656033
0.189366 4651116
0.190715 4641608
0.193215 4613642
0.196086 4610946
0.196285 4595222
0.221128 4582525
0.222284 4567542
0.234226 4547797
0.234680 4544863
0.235365 4536633
0.238755 4457736
0.239541 4387298
0.246383 4318161
0.252870 4223079
0.254401 4187157
0.255362 4155623
0.286295 4131621
0.286498 4102889
0.288022 4091459
0.311758 4077492
0.312338 4075943
0.317877 4052498
0.319212 4048322
0.320738 4035474
0.322815 3988630
0.344636 3963556
0.351290 3960850
0.353216 3920077
0.358542 3838930
0.360449 3825288
0.362538 3776162
0.373130 3755028
0.376548 3734719
0.377145 3721509
0.378855 3693965
0.379625 3682718
0.380786 3682009
0.382699 3671907
0.460580 3665257
0.464595 3532964
0.465196 3518171
0.465774 3504335
0.470712 3460779
0.473958 3452817
0.478532 3395096
0.481783 3374989
0.487861 3329540
0.493384 3328218
0.495095 3312535
0.511237 3311656
0.563184 3298459
0.567379 3295212
0.568718 3203546
0.571201 3203010
0.574641 3197745
0.584502 3194204
0.586041 3167524
0.591549 3098211
0.644870 3096368
0.647912 3088946
0.652291 3076036
0.656102 3072737
0.659530 3059586
0.669033 3045446
0.669613 3035798
0.673231 3028427
0.675132 3025317
0.676853 3024202
0.678190 3019182
0.679709 3015907
0.681247 3013397
0.690151 3008884
0.692058 3007271
0.693031 3007038
0.694367 3006675
0.717676 3005596
0.720716 3003441
0.734957 2968452
0.738010 2918663
0.745787 2914607
0.823065 2852884
0.835624 2838839
0.836981 2836777
0.871144 2830537
0.873454 2813981
0.874604 2813267
1.059847 2807298
1.060434 2801249
1.067443 2739314
1.068590 2698466
1.074679 2688692
1.083604 2682943
1.090633 2672960
1.091972 2660406
4.407637 2652487
4.429943 2643710
4.578120 2640789
4.596212 2639379
4.596416 2630065
4.598026 2629582
5.626665 2603446
5.761840 2588872
5.763643 2578434
5.764447 2505437
5.791348 2503285
7.053975 2498164
7.070944 2496273
7.080499 2488066
7.087961 2475292
8.934777 2466045
8.935247 2464998
8.936267 2462980
8.950235 2462481
8.962401 2433101
8.965394 2393179
9.051848 2391548
9.053471 2371574
9.111949 2364727
9.121927 2352761
9.127095 2348548
9.135453 2324783
9.146009 2310130
9.155918 2295302
9.160692 2290539
9.167260 2284106
9.167464 2282865
9.170064 2264229
9.194685 2214276
9.194890 2213827
9.197095 2211646
9.199279 2210718
9.257753 2209970
9.270486 2183443
9.349911 2180318
9.354309 2151171
9.355702 2144732
9.365256 2121923
9.367247 2102442
11.442689 2098963
11.446960 2098397
11.456121 2091741
11.467072 2078112
11.477245 2077785
11.480630 2074841
11.509290 2073264
11.565105 2070492
11.589919 2052141
11.592926 2046923
11.603668 2040791
12.015012 2015525
12.023187 1995181
12.055202 1957183
18.686422 1956106
18.697046 1954806
18.697460 1951378
18.706209 1936753
18.708017 1936153
18.710222 1930010
18.712216 1903408
18.714811 1895873
20.943957 1890243
21.694821 1859377
21.713115 1857499
21.737177 1837472
21.738648 1832900
21.740932 1832707
21.741144 1829404
21.748219 1826134
21.753617 1823785
21.755081 1820371
21.761318 1818467
21.761740 1793912
21.764434 1793614
21.769238 1788263
21.788714 1787877
22.302341 1772808
22.339838 1771961
22.415093 1752282
22.479217 1748404
22.490450 1742460
22.572837 1741156
26.571464 1727676
26.575327 1727514
26.581315 1726056
26.587896 1722124
26.596095 1703993
26.610056 1701594
26.623797 1697524
26.642538 1686325
26.980824 1685841
26.989548 1671620
27.247890 1669400
27.332261 1657466
27.334362 1656835
27.352010 1647294
27.358457 1646924
27.434882 1640494
27.451288 1638985
28.215717 1633815
28.302054 1632702
28.306829 1632275
28.358550 1630721
28.597142 1630608
28.605454 1630238
28.631322 1629683
28.634870 1629578
28.644401 1628799
28.648155 1628252
28.689575 1613224
28.693719 1613202
28.694347 1607267
28.707113 1600596
28.712083 1599071
28.717079 1597808
28.806176 1594652
28.806805 1593974
29.202427 1592948
29.208872 1570635
29.302351 1508992
29.307547 1508341
29.326208 1506876
29.364925 1503514
29.385066 1501683
29.390454 1501111
29.428568 1497969
29.443339 1495357
30.858441 1494009
30.859646 1493352
30.883273 1484090
30.940353 1480041
30.944538 1479899
30.948936 1478716
30.961248 1469888
30.988427 1468143
30.996567 1462116
31.025223 1460778
31.026817 1460409
31.048051 1458292
31.049072 1455214
31.178984 1453538
31.241313 1452706
31.246678 1451118
31.263165 1449765
31.281862 1447146
31.328667 1447022
33.055791 1446764
33.355017 1441799
33.360223 1440481
33.365439 1438130
36.630771 1437534
36.631202 1433523
41.558087 1433489
41.571081 1431178
41.573095 1431088
41.579680 1428974
41.614636 1425539
41.615442 1425111
41.618035 1418813
41.787411 1418586
41.926304 1410113
41.935206 1409802
41.993556 1402829
41.995435 1401274
41.995855 1400838
41.998148 1400138
42.566816 1396346
42.570222 1396281
43.276155 1395055
43.277180 1386916
43.286921 1386805
43.302458 1385937
43.445542 1385471
43.452799 1381653
43.453640 1380746
43.465488 1378791
43.468391 1375676
43.471734 1373558
43.480862 1372849
48.483511 1370907
48.488919 1367830
48.493918 1366697
49.892290 1366224
50.139006 1361660
50.263611 1357370
50.275160 1356471
50.288288 1353811
50.368471 1353243
50.978046 1340843
51.011821 1338374
51.224240 1336943
51.361277 1336759
51.448663 1325532
51.453449 1324908
51.455529 1318244
51.470721 1317768
51.576899 1316822
52.128332 1313939
52.136899 1313731
52.715535 1311370
52.792722 1310831
52.794935 1308394
52.809653 1307588
53.712876 1305354
54.583112 1302035
54.671411 1301492
54.708195 1298955
54.721539 1298460
55.720456 1298151
55.725043 1297709
55.730448 1297340
55.779657 1294769
55.954649 1290464
55.958662 1289287
55.967995 1288182
55.971382 1284358
55.973594 1283226
55.980962 1281587
55.994849 1281487
57.437056 1277628
57.587102 1277482
57.602786 1277331
57.920265 1272695
57.985059 1271792
58.079153 1270544
58.099625 1270440
58.114150 1262469
58.495076 1259748
58.757222 1259597
58.841518 1259008
58.845503 1258784
59.413532 1257465
59.969003 1256720
59.995072 1256245
62.552657 1255505
62.578648 1254742
70.182626 1253523
71.057681 1250956
71.193224 1250898
71.232642 1250508
71.284295 1249330
71.548283 1248624
71.656249 1247789
71.778762 1247413
71.822100 1245288
71.937545 1245133
72.093687 1244976
76.924047 1242586
76.926914 1241339
77.660388 1241303
78.418017 1241212
78.499772 1240561
78.551399 1238759
78.996569 1238636
79.394408 1238419
82.484652 1237387
82.496386 1235725
82.921735 1235344
83.200347 1235187
83.258653 1234610
83.659820 1232241
83.831285 1232213
84.082743 1229892
84.099476 1227658
85.939909 1227253
87.548944 1226488
87.602929 1226092
113.964848 1225052
125.243235 1224800
126.182245 1224749
132.167115 1224312
132.170532 1224277
139.680257 1224212
140.863063 1224186
144.505031 1224115
146.643152 1224064
150.667488 1223888
211.453359 1223841
211.454438 1222381
211.895687 1222177
212.222805 1220517
212.250274 1220077
212.448585 1219612
219.219145 1218860
219.251135 1216741
219.252144 1216614
219.255535 1214633
219.354418 1214597
219.400202 1214580
219.409359 1214099
220.287931 1213957
220.367275 1213747
220.553985 1212579
230.170554 1210739
239.075127 1209913
239.147942 1209848
246.199622 1209168
248.038069 1208792
248.056134 1208741
248.162943 1208487
252.813030 1208303
254.609590 1208225
255.358761 1208208
256.945859 1208117
257.212783 1208083
267.756922 1208080
269.650560 1207444
271.432559 1206983
271.712850 1206856
271.774132 1206635
272.683763 1206225
272.914179 1205419
288.184132 1205214
419.436776 1204700
420.208334 1204649
425.323966 1204585
434.095258 1204534
436.158590 1204392
525.798637 1203674
527.017901 1202868
527.562044 1202726
528.021751 1202455
530.076503 1200719
534.331688 1200616
535.596950 1200310
540.809186 1200308
543.954215 1200138
544.155215 1199962
544.683917 1199812
544.697415 1199558
544.755473 1199507
557.050179 1199306
560.014046 1199099
561.801649 1198923
565.872768 1196820
575.709218 1196675
576.507283 1196560
577.964474 1196495
