0.000429 9767069
0.000854 9677781
0.001054 9514495
0.001251 9428405
0.001639 9271387
0.002026 9243859
0.002222 9207782
0.003020 9182447
0.003407 9139021
0.003982 9119155
0.004177 9106001
0.005938 9039717
0.007611 9031288
0.007968 8978478
0.008167 8928776
0.008362 8907677
0.008637 8829157
0.009637 8802712
0.009917 8780493
0.010160 8617371
0.010357 8616463
0.010760 8547651
0.010955 8543963
0.011151 8506239
0.012493 8437093
0.012689 8388531
0.012883 8336298
0.013458 8327379
0.013653 8325966
0.013851 8313120
0.014426 8252585
0.014845 8157079
0.015039 8126083
0.016182 8120238
0.017323 8106297
0.018087 7992298
0.018283 7929254
0.018905 7828852
0.019101 7778588
0.019484 7769157
0.019678 7766132
0.019872 7674411
0.022240 7555551
0.022438 7554245
0.025125 7547808
0.025709 7522668
0.025909 7447751
0.028075 7342296
0.028275 7200481
0.029800 7195700
0.030790 7177176
0.031746 7168511
0.033264 7162085
0.033651 7121507
0.035573 7112744
0.035769 7071095
0.036155 7035671
0.036354 7028507
0.036935 6992963
0.037514 6989510
0.037711 6982884
0.038287 6866605
0.039267 6849077
0.039656 6825163
0.040804 6704786
0.041384 6544896
0.041962 6542919
0.043322 6511931
0.045987 6459567
0.046375 6434347
0.047161 6433465
0.047360 6377799
0.048125 6315514
0.049653 6300940
0.050040 6290637
0.051203 6267890
0.051971 6261322
0.052739 6226250
0.053700 6225588
0.054704 6155163
0.055668 6152474
0.056055 6143618
0.057390 6141042
0.057778 6117339
0.059136 6035393
0.059714 5974255
0.059910 5971957
0.060296 5968483
0.060875 5944626
0.061261 5935614
0.062641 5872021
0.063409 5759147
0.063605 5593602
0.068574 5508033
0.069153 5373686
0.070113 5367592
0.070711 5362175
0.074324 5348416
0.076639 5306545
0.078551 5280369
0.082124 5204675
0.086061 5116144
0.087434 5109544
0.088013 5069086
0.088592 5022213
0.090718 5008347
0.091680 4986938
0.097804 4977585
0.098972 4956444
0.101260 4938861
0.103949 4910414
0.104337 4811972
0.104533 4810736
0.107600 4808601
0.108178 4788137
0.109520 4770963
0.113919 4758589
0.115473 4757909
0.117763 4755238
0.120655 4714921
0.122775 4687809
0.122975 4666758
0.125838 4512793
0.133121 4508804
0.133705 4498442
0.134474 4473360
0.135839 4447813
0.137940 4439880
0.143121 4398161
0.144844 4382848
0.145235 4370250
0.146194 4273774
0.147550 4266970
0.151966 4255213
0.152166 4252402
0.152934 4200127
0.153132 4180109
0.157152 4170260
0.159462 4142373
0.160043 4127958
0.164607 4121628
0.166091 4113945
0.166309 4108653
0.168661 4108450
0.175414 4107850
0.175814 4107675
0.187646 4060239
0.189958 3953057
0.190160 3929645
0.190357 3870315
0.192104 3865716
0.193634 3847701
0.197494 3843437
0.203834 3826873
0.214551 3792178
0.216854 3776710
0.226268 3719954
0.227828 3718569
0.228029 3711479
0.228419 3711398
0.234167 3694150
0.244197 3692768
0.252835 3637398
0.259370 3621413
0.261094 3620932
0.324533 3616482
0.327239 3603333
0.329345 3573527
0.329737 3564196
0.333590 3553003
0.334771 3552991
0.337640 3551823
0.340144 3516725
0.348175 3513250
0.352216 3500095
0.356045 3494521
0.390525 3487486
0.393707 3469196
0.398267 3466078
0.407362 3383805
0.411542 3372318
0.418080 3370642
0.450546 3343584
0.456304 3342427
0.462067 3305223
0.462669 3300152
0.467832 3246690
0.468608 3245404
0.504725 3213950
0.522538 3210403
0.524469 3206203
0.585670 3203116
0.591985 3176038
0.597156 3159726
0.994460 3048064
0.996267 2995325
0.997266 2982516
1.092969 2982359
1.093367 2961121
1.093758 2949894
1.097403 2910611
1.108282 2901871
1.110576 2889268
1.112511 2853691
1.113852 2852973
1.222550 2852380
2.929570 2806455
2.943175 2801790
2.945967 2789786
2.986235 2775969
2.989774 2774181
2.994544 2750803
2.995186 2739518
4.118255 2728579
4.118937 2709731
4.157126 2678296
4.157551 2676401
4.159035 2658293
4.162056 2657271
4.207223 2657070
4.219574 2647797
4.222787 2646873
4.277561 2598044
4.279585 2596672
5.295867 2583037
5.311432 2579771
9.471551 2572614
9.479788 2571711
9.481789 2570717
9.485387 2558192
9.979667 2556059
9.982063 2511350
9.994621 2498816
9.996610 2495897
9.999634 2453197
10.003613 2450651
10.005411 2435583
10.005813 2430940
10.006012 2411489
10.008419 2410634
10.011026 2368835
10.014608 2363993
10.015216 2355219
10.024760 2353197
10.031346 2292543
10.050162 2281395
11.729688 2267616
11.900883 2240577
11.924120 2239912
11.925361 2229188
12.108093 2226719
12.110294 2221798
12.113686 2209151
12.231315 2160612
12.235502 2145560
12.237096 2141777
12.243480 2128763
12.245654 2068735
12.256420 2035641
12.262169 2035151
12.264181 2033423
12.264584 2031667
12.265379 2028990
12.268966 2013493
12.747103 2006525
12.751055 1972568
12.789978 1964823
12.794981 1964223
12.807052 1963957
12.807473 1961313
12.811832 1954008
12.812041 1953808
12.821587 1941705
12.833009 1931439
12.845454 1923525
12.859967 1917145
12.873026 1915548
12.887544 1908932
12.888997 1907902
12.891291 1904974
12.948948 1891736
15.506166 1880836
15.507248 1873984
15.512243 1872805
16.293024 1869264
16.294091 1855754
16.294730 1849798
16.298316 1843457
16.307286 1842687
16.309077 1798446
16.329507 1792941
16.331321 1789354
16.332920 1779748
16.379845 1777972
16.380270 1774867
16.381102 1769852
16.382728 1762508
16.460188 1762303
16.461786 1757918
16.464577 1753247
17.832505 1725735
17.838951 1718066
18.550622 1715515
18.551038 1701689
18.551443 1699672
18.564800 1699490
18.571384 1691389
18.571988 1689424
18.577169 1688135
18.585327 1677697
18.588325 1676220
18.597449 1673700
18.606796 1669597
18.614142 1653597
18.642627 1652702
19.971755 1643921
20.035236 1642145
20.037438 1641546
20.046379 1640223
23.354613 1640143
23.355041 1638804
25.090771 1633000
25.092632 1631160
25.095237 1627125
25.109174 1624012
25.122506 1620996
25.133259 1619088
25.139243 1610642
25.179994 1588964
25.185158 1588831
25.186159 1582074
25.187969 1581158
26.998358 1577190
27.000178 1575106
27.003183 1568653
27.169284 1566425
27.205384 1562708
27.220504 1558975
27.235200 1558971
27.249711 1558467
27.285508 1549627
27.325650 1535816
27.331619 1502511
27.357444 1497423
27.368763 1493060
29.138214 1487895
29.142612 1486636
29.541526 1486535
30.682494 1485109
30.788425 1480665
30.789236 1478205
30.791849 1467849
31.997698 1465319
32.008263 1455353
32.025297 1447382
32.556310 1441891
32.596458 1440408
32.710768 1440239
32.803055 1435466
32.805446 1428663
32.808631 1423927
33.162099 1420207
33.361841 1417027
33.380814 1415951
33.548724 1407936
33.699455 1401987
38.753930 1400983
38.761406 1400654
38.797411 1400125
38.803818 1400036
38.963412 1399966
38.965011 1399187
38.969385 1398619
38.972781 1393777
38.981535 1392642
38.988299 1387951
38.989695 1386757
39.012878 1385564
39.013284 1385151
41.404509 1381849
41.442263 1365707
41.641424 1362454
41.669163 1360028
42.535774 1357908
42.567374 1355472
42.614868 1349361
46.100938 1349167
46.115415 1344209
46.123544 1340229
46.143603 1340047
46.176195 1334227
46.228227 1330981
46.230224 1330703
46.233042 1328742
46.237831 1327466
46.246996 1326599
46.319248 1324964
46.320090 1323399
46.394422 1322506
49.030223 1321679
49.449953 1316836
49.499082 1316484
50.964351 1311679
51.390507 1310923
51.434779 1308856
51.451691 1307052
51.467366 1306448
51.471949 1306221
51.498948 1305669
51.507706 1305425
51.509697 1304871
51.515875 1293457
51.848800 1292807
51.909931 1292739
51.986661 1292273
51.993010 1290982
51.995036 1290684
52.002981 1289827
52.099216 1289569
54.582565 1284736
54.591834 1281985
54.611721 1281630
54.626402 1281232
57.167259 1280094
57.590343 1278802
57.738960 1278723
57.747697 1277498
57.777905 1277394
58.559846 1276506
58.592681 1274794
64.479149 1270971
65.185123 1270677
65.190938 1269208
65.214560 1268862
65.219965 1268814
65.234263 1268324
65.245005 1265534
65.261275 1262278
65.302136 1259265
65.329866 1255458
69.225967 1238814
69.238666 1238216
71.867773 1237265
71.875751 1235061
71.898003 1233730
71.912566 1233589
71.996302 1233047
72.001876 1232937
72.006872 1229939
72.023592 1229782
72.116280 1227923
72.127847 1225249
72.652582 1224303
72.668640 1223720
72.672416 1221841
72.681541 1218855
72.682582 1217373
72.693370 1217372
72.942058 1217129
73.019197 1217031
73.078543 1216678
73.082954 1216600
73.195949 1215810
73.323525 1215093
73.605894 1214208
73.946354 1200373
74.078517 1200111
74.083520 1199262
74.096057 1198329
74.365433 1196100
75.521418 1193898
76.392946 1192608
76.431929 1192037
76.432548 1190347
76.749378 1190086
76.826212 1189140
76.891519 1189088
76.929452 1188791
76.959672 1188726
77.525207 1187841
81.929644 1187374
83.123875 1186896
83.631537 1185020
84.403082 1183316
84.442777 1183019
89.402148 1182636
90.968264 1182476
90.988265 1181336
91.395445 1181271
98.608604 1180596
98.717875 1179937
100.945310 1179824
102.451363 1179743
102.734893 1179526
102.886017 1179338
103.096082 1178982
105.315586 1178500
105.755483 1178279
107.219219 1178078
107.489572 1177890
107.545080 1177777
107.565415 1176942
109.287212 1176935
115.350890 1176888
119.871963 1176851
119.950801 1176597
127.727892 1176211
