0.000493 10399279
0.000708 10349611
0.001448 10343494
0.010142 10339301
0.020283 10162087
0.038992 10157263
0.039746 10118937
0.045804 10110396
0.059920 10105096
0.086436 10104550
0.217643 10063247
0.311649 10030182
1.074169 10025017
1.074369 9975349
1.075110 9969232
1.083748 9965039
1.093872 9787825
1.113011 9783001
1.113766 9744675
1.120180 9738221
1.121471 9736978
1.128832 9730834
1.151458 9730288
1.276161 9688985
2.134106 9683820
2.134321 9634152
2.135056 9628035
2.137814 9625823
2.153790 9446628
2.172545 9441804
2.173289 9403478
2.184477 9394937
2.188340 9389637
2.200419 9383203
2.464941 9370638
2.467534 9367856
2.470457 9362773
2.473040 9342150
3.190891 9336985
3.191090 9287317
3.191838 9281200
3.203919 9277007
3.210532 9099793
3.229220 9094969
3.229969 9056643
3.239879 9050189
3.241169 9048946
3.253294 9030395
3.735613 9012440
3.886785 9003654
4.259124 8998489
4.259375 8948821
4.260115 8942704
4.272236 8938511
4.278855 8761297
4.297508 8756473
4.298265 8718147
4.306183 8709606
4.321619 8691899
4.813300 8681943
5.318336 8676778
5.318541 8627110
5.319279 8620993
5.331404 8616800
5.338035 8439586
5.356948 8434762
5.357715 8396436
5.367699 8389982
5.368992 8388739
5.381162 8370188
6.257121 8369717
6.392054 8364552
6.392259 8314884
6.393019 8308767
6.405083 8306555
6.412308 8127360
6.431019 8122536
6.431793 8084210
6.441659 8077756
6.442952 8076513
6.455080 8057962
7.453378 8052797
7.453760 7994924
7.457426 7993641
7.473206 7945756
7.474304 7927699
7.477244 7814807
7.491736 7810781
7.502361 7766001
7.503668 7764758
8.288924 7760782
8.514952 7755617
8.515358 7697744
8.519004 7696461
8.534850 7648576
8.535970 7630519
8.538901 7517627
8.553437 7513601
8.572918 7508286
8.759217 7497573
8.764190 7453084
9.572989 7447919
9.573371 7390046
9.585635 7389922
9.592845 7340878
9.593949 7322821
9.597993 7248613
9.599487 7215080
9.611506 7205903
9.619198 7178268
9.620331 7167577
10.630110 7154260
10.630492 7127868
10.638382 7106627
10.642065 7104415
10.649972 6964061
10.663716 6931354
10.667762 6920396
10.790268 6899582
11.634571 6888340
11.686456 6875023
11.686832 6848631
11.694717 6827390
11.698408 6825178
11.703586 6823197
11.706338 6684824
11.846641 6620345
12.743107 6607028
12.743686 6575542
12.744792 6556024
12.760244 6555202
12.765015 6508139
12.766121 6490082
12.770149 6415874
12.771660 6382341
13.555653 6361715
13.674416 6356361
13.800305 6343044
13.800864 6311558
13.801964 6292040
13.817382 6291218
13.822148 6244155
13.823251 6226098
13.827268 6151890
13.828752 6118357
14.611864 6097731
14.856100 6084414
14.856659 6052928
14.857761 6033410
14.877979 5985525
14.879083 5967468
14.883118 5893260
15.588375 5888123
15.664072 5866807
15.797483 5849515
15.920157 5836198
15.920717 5804712
15.921815 5785194
15.941967 5737309
15.943074 5719252
15.947106 5645044
15.951723 5620786
16.645815 5619640
16.976312 5606323
16.976879 5574837
16.977982 5555319
16.986628 5554497
16.998250 5507434
16.999376 5489377
17.004152 5422477
17.061642 5416131
17.833577 5410138
17.873771 5388716
18.035156 5375399
18.035742 5343913
18.036846 5324395
18.045464 5323573
18.057064 5276510
18.058169 5258453
18.062950 5191553
18.120441 5185207
19.092346 5174097
19.093821 5159547
19.096951 5150956
19.097510 5149555
19.098611 5124257
19.102300 5120064
19.113342 5103295
19.113901 5078045
19.114275 5073306
19.121460 5024621
19.250148 4986554
20.150652 4968092
20.150850 4955409
20.151223 4922233
20.160271 4921411
20.171496 4874348
20.172602 4856291
20.179391 4825968
20.758821 4819639
21.219273 4801177
21.219496 4788494
21.219873 4755318
21.240027 4707433
21.241133 4689376
21.245897 4665846
21.532559 4637686
22.276192 4619224
22.276389 4606541
22.276761 4573365
22.278951 4572543
22.297981 4477100
22.925691 4449887
23.344156 4431425
23.344363 4418742
23.344748 4385566
23.346997 4384744
23.366440 4289301
23.754961 4285550
24.401096 4267088
24.401295 4254405
24.401668 4221229
24.425227 4203638
24.426700 4198743
24.430751 4131757
25.458451 4066614
25.487230 4066143
25.506683 4065434
25.518102 4064659
25.525802 4027639
25.544923 4018942
25.691745 4004824
25.741531 3983616
25.991940 3977922
26.517457 3912779
26.569021 3908270
26.584824 3888330
26.587785 3869561
26.748599 3853290
27.575399 3788147
27.627047 3783638
27.642259 3765035
27.645772 3744929
28.255207 3732768
28.343311 3705149
28.632636 3640006
28.684266 3635497
28.702927 3596788
29.027035 3596683
29.555204 3587827
29.690087 3522684
29.722252 3522213
29.741694 3521504
29.760785 3483709
29.779909 3475012
30.753652 3409869
30.793217 3405360
30.852163 3377837
31.209139 3366546
31.817237 3301403
31.857568 3296894
31.917529 3269371
32.217207 3246024
32.884394 3180881
32.923878 3176372
32.982716 3148849
33.952250 3083706
33.980495 3083235
34.297198 3070488
34.385376 3055119
35.017098 2989976
35.039302 2989505
35.355459 2976758
35.380386 2970310
36.075800 2905167
36.098075 2904696
36.413270 2891949
37.136015 2826806
37.158241 2826335
37.615125 2822706
38.165093 2820709
38.193769 2755566
38.216008 2755095
38.499648 2751452
38.579942 2749152
38.892184 2747324
39.252923 2682181
39.275081 2681710
39.720298 2678081
39.979400 2676642
40.309335 2611499
40.331574 2611028
40.778001 2607399
41.369513 2542256
41.391728 2541785
42.440084 2541706
42.440470 2522291
42.441762 2500858
42.444167 2482041
42.767313 2479609
43.499306 2479530
43.500799 2445260
43.504302 2434806
43.541645 2428003
43.790274 2420448
44.559125 2419965
44.559519 2415656
44.560986 2414466
44.561543 2403112
44.561917 2402673
44.562474 2395473
44.564160 2375645
44.601418 2368842
44.896552 2367699
45.295491 2367184
45.537298 2366669
45.617633 2366186
45.618012 2361877
45.619499 2360687
45.620056 2349333
45.620429 2348894
45.620985 2341694
45.622632 2321866
45.659840 2315063
45.959760 2313920
46.359573 2313405
46.458369 2310529
46.680825 2310046
46.681205 2305737
46.682678 2304547
46.683234 2293193
46.683620 2292754
46.684176 2285554
46.685829 2265726
46.723146 2258923
47.017028 2257780
47.740703 2257297
47.741269 2239778
47.742190 2234501
47.751754 2216853
48.080757 2209076
48.121286 2207533
48.123947 2207330
48.805759 2206847
48.806324 2189328
48.807637 2182355
48.809288 2162527
48.846546 2155724
49.171471 2149866
49.863232 2149383
49.863822 2131864
49.873541 2108939
50.827903 2106011
50.921197 2105528
50.921759 2088009
50.931491 2065084
51.976916 2063047
51.992165 2059135
51.992742 2058724
51.996810 2052025
52.032997 2051901
52.033747 2037903
52.067562 2030828
52.802958 2029891
52.804812 2017493
53.035691 2015456
53.050904 2011544
53.051485 2011133
53.055546 2004434
53.091725 2004310
53.092472 1990312
53.126248 1983237
53.882837 1982062
53.923016 1981746
54.096040 1979709
54.111259 1975797
54.111841 1975386
54.115904 1968687
54.152205 1968563
54.152955 1954565
54.186749 1947490
54.941779 1946315
55.155148 1944278
55.170437 1940366
55.171003 1939955
55.175058 1933256
55.211157 1933132
55.211921 1919134
55.245680 1912059
56.211038 1910022
56.211443 1908820
56.226293 1906110
56.226859 1905699
56.230926 1892339
56.267788 1884878
56.519912 1880581
57.269883 1878544
57.270263 1877342
57.285127 1874632
57.285691 1874221
57.289736 1860861
57.326627 1853400
57.729663 1852650
58.327069 1850613
58.327463 1849411
58.342289 1846701
58.342855 1846290
58.346928 1832930
58.383828 1825469
58.857861 1823738
59.385435 1821701
59.385814 1820499
59.400673 1817789
59.401238 1817378
59.405288 1804018
59.442144 1796557
60.441771 1796041
60.441968 1792161
60.443811 1789318
60.482737 1788660
60.498145 1775586
60.907354 1774652
61.088381 1772751
61.445818 1771929
61.481457 1770035
61.500484 1769519
61.500678 1765639
61.502499 1762796
61.541443 1762138
61.556856 1749064
61.965661 1748130
62.146462 1746229
62.503445 1745407
62.558034 1744891
62.558229 1741011
62.560075 1738168
62.598898 1737510
62.614330 1724436
63.026543 1723502
63.210984 1721601
63.627907 1721085
63.628106 1717205
63.629935 1714362
63.668850 1713704
63.684265 1700630
64.050109 1694849
64.684918 1694333
64.685163 1690453
64.686992 1687610
64.725933 1686952
64.741359 1673878
65.166265 1671439
65.741338 1670923
65.741536 1667043
65.743380 1664200
65.782289 1663542
65.797726 1650468
66.206997 1639733
66.800142 1639217
66.800342 1635337
66.802167 1632494
66.841069 1631836
66.856501 1618762
67.322487 1617828
67.683650 1617707
67.856145 1617191
67.856341 1613311
67.858163 1610468
67.897108 1609810
67.912560 1596736
68.378482 1595802
68.912980 1595286
68.913178 1591406
68.915003 1588563
68.953940 1587905
68.969361 1574831
69.690066 1574765
69.970622 1574249
69.970819 1570369
69.972663 1567526
70.011618 1566868
70.027016 1553794
71.046400 1547845
71.046967 1547434
71.089883 1547393
71.340328 1537874
71.711209 1537586
71.828120 1535066
72.103622 1529117
72.104189 1528706
72.147033 1528665
72.397211 1519146
73.160376 1513197
73.160942 1512786
73.203808 1512745
73.626825 1512138
73.691482 1510949
73.750952 1505538
74.218732 1499589
74.219302 1499178
74.262210 1499137
74.685408 1498530
74.751635 1497341
74.886611 1495858
74.897233 1494933
75.042022 1494375
75.224926 1493401
75.280924 1487452
75.281499 1487275
75.282789 1486162
75.810842 1485204
75.944870 1483721
75.955506 1482796
76.100757 1482238
76.339308 1476289
76.339892 1476112
76.341180 1474999
76.871746 1474041
77.009233 1472558
77.020207 1471633
77.344092 1471510
77.412574 1469305
77.413506 1468639
77.414065 1467867
77.415173 1467554
77.435807 1467202
77.456034 1465109
77.878563 1464502
77.943234 1463313
78.076946 1461830
78.087582 1460905
78.470462 1458700
78.471418 1458034
78.471979 1457262
78.473086 1456949
78.493663 1456597
78.513926 1454504
78.935982 1453897
79.000598 1452708
79.134391 1451225
79.325686 1450873
79.528463 1448668
79.529396 1448002
79.529955 1447230
79.531067 1446917
79.551683 1446565
79.571969 1444472
79.994439 1443865
80.059054 1442676
80.192788 1441193
80.588059 1438988
80.588991 1438322
80.589549 1437550
80.590658 1437237
80.611291 1436885
80.631527 1434792
81.053913 1434185
81.118506 1432996
81.251659 1432623
81.646390 1430418
81.647325 1429752
81.647906 1428980
81.649018 1428667
81.669683 1428315
81.689869 1426222
82.111992 1425615
82.176836 1424426
82.398900 1424103
82.706425 1421898
82.707369 1421232
82.707928 1420460
82.709034 1420147
82.729544 1419795
82.749774 1417702
83.171095 1417095
83.235677 1415906
83.735622 1415617
83.763936 1413412
83.764867 1412746
83.765428 1411974
83.766910 1411221
83.807323 1409216
84.228984 1408609
84.293546 1407420
84.822802 1405215
84.823759 1404549
84.824323 1403777
84.825800 1403024
84.866282 1401019
85.288565 1400412
85.787982 1398667
85.882478 1396462
85.883421 1395796
85.883981 1395024
85.885456 1394271
85.925842 1392266
86.348756 1391659
86.871169 1390973
86.940798 1389329
86.941183 1387998
86.942294 1387017
86.943976 1384847
86.984332 1384572
87.405903 1383965
87.957802 1383871
87.998010 1382227
87.998392 1380896
88.000802 1380228
88.041564 1377470
88.463864 1376863
89.055149 1375219
89.055559 1373888
89.057955 1373220
89.098720 1370462
90.131919 1368818
90.132317 1367487
90.134774 1366819
90.500155 1366020
90.871620 1364172
91.215806 1362528
91.216192 1361197
91.218589 1360529
91.574262 1359730
92.136397 1358575
92.143381 1358537
92.290307 1356893
92.290703 1355562
92.293175 1354894
92.658835 1354095
93.203426 1349016
93.360623 1347372
93.361010 1346041
93.363434 1345373
93.720171 1344574
94.362600 1343416
94.420195 1341772
94.420949 1339460
94.422610 1337290
95.466168 1337214
95.466551 1336354
95.486069 1336150
95.505561 1334671
95.521201 1330124
96.541621 1329179
96.561148 1328933
96.621688 1328914
96.640470 1328479
96.640668 1325816
96.960967 1325682
97.544542 1324877
97.562316 1324709
97.598281 1323764
97.617798 1323518
97.678330 1323499
97.697123 1323064
97.697320 1320401
98.017893 1320267
98.611743 1319462
98.665995 1318526
98.685453 1318322
98.745655 1318252
98.764403 1317817
98.764602 1315154
99.084421 1315020
99.722863 1314084
99.742331 1313880
99.802575 1313810
99.821305 1313375
99.821502 1310712
100.766355 1310214
100.785839 1309730
100.821467 1306557
100.915703 1306418
101.821790 1305920
101.841280 1305436
101.876977 1302263
102.881257 1301765
102.900728 1301281
103.532848 1299342
103.536050 1299169
103.962324 1298671
103.982278 1298187
104.524230 1295755
104.723498 1289297
105.045679 1288799
105.065578 1288315
105.599511 1285883
105.793555 1285541
105.890029 1284396
106.108233 1283898
106.127703 1283414
106.656870 1280982
106.850867 1280640
107.164915 1280142
107.184410 1279658
107.713309 1277226
108.221343 1276728
108.240865 1276244
108.767707 1274546
108.808664 1262579
109.277579 1262081
109.297084 1261597
109.824450 1259899
110.261591 1259759
110.333821 1259261
110.353311 1258777
110.881486 1257079
111.303743 1256904
111.314348 1255823
111.391918 1255325
111.411347 1254841
111.938756 1253143
112.447647 1252645
112.467096 1252161
113.189054 1251965
113.304386 1251852
113.320821 1251618
113.366414 1251177
113.504889 1250679
113.524412 1250195
114.246829 1249999
114.362341 1249886
114.378831 1249652
114.474748 1249487
114.563036 1248989
114.582486 1248505
115.312824 1248309
115.430753 1248196
115.447587 1247962
115.635456 1247464
115.654910 1246980
116.379281 1246784
116.654597 1246655
116.696467 1246157
116.716017 1245673
117.439115 1245477
117.754975 1244979
117.774467 1244495
118.810943 1243776
118.853322 1243528
119.884357 1243030
120.177014 1242572
120.941089 1242074
121.974728 1241766
121.996679 1241268
123.301597 1241063
123.369272 1241058
123.865470 1241013
123.919915 1240830
124.357411 1240625
124.425166 1240620
124.921948 1240575
124.976013 1240354
124.976575 1239931
125.413076 1239726
125.480896 1239721
125.977223 1239676
126.471398 1239471
126.539410 1239466
127.040293 1239280
127.532488 1239075
127.600330 1239070
128.590055 1238865
130.289233 1238814
130.447702 1238723
131.345464 1238672
390.502199 1238546
391.471706 1238200
391.487132 1236703
392.635874 1235222
393.721898 1234156
