0.000432 10349389
0.000852 10305082
0.001449 10273605
0.001647 10270204
0.001844 10218669
0.002618 10120139
0.002815 9958146
0.003203 9957298
0.003592 9954839
0.004211 9895439
0.004603 9772126
0.004799 9735274
0.005377 9431905
0.005573 9302516
0.006338 9287429
0.006726 9256169
0.006923 9246852
0.007307 9191168
0.007503 9144514
0.007699 9127842
0.007906 9061378
0.008291 9048152
0.011949 9047308
0.012146 9022031
0.014057 9013083
0.014253 9011029
0.014639 8915307
0.015992 8786636
0.017525 8751031
0.018104 8696957
0.018300 8489042
0.018497 8452604
0.019073 8315508
0.019268 8292839
0.019462 8230603
0.020443 8229021
0.021211 8226465
0.021789 8097238
0.022937 8058220
0.025449 8013288
0.028138 7998381
0.028336 7893036
0.029842 7891000
0.030390 7880638
0.030927 7792644
0.031416 7776791
0.033645 7747950
0.034776 7717409
0.036956 7566059
0.037157 7542772
0.037544 7293797
0.038500 7213139
0.039269 7204916
0.041388 7109225
0.041586 7084960
0.041781 6962113
0.047333 6903374
0.047535 6771803
0.047730 6766475
0.050230 6689013
0.051382 6609742
0.052174 6556987
0.052756 6548106
0.053908 6539245
0.054486 6537457
0.055641 6502713
0.060823 6496737
0.061023 6454396
0.064302 6371386
0.064501 6135092
0.066033 6114443
0.066991 5999261
0.067761 5998780
0.068935 5952928
0.070279 5935769
0.070476 5917207
0.071814 5906297
0.077364 5864385
0.079660 5858125
0.080056 5779137
0.084082 5676330
0.085427 5623770
0.090986 5618669
0.094247 5603298
0.095590 5554303
0.096573 5459634
0.097345 5428182
0.099263 5346371
0.101770 5284614
0.102162 5214175
0.103122 5200560
0.104283 5187370
0.104864 5166414
0.105633 5151933
0.118789 5063150
0.119563 5058494
0.119761 5048554
0.120546 5035421
0.122273 5033939
0.123235 4958215
0.124022 4948342
0.128049 4819616
0.133224 4818777
0.138774 4765570
0.146234 4757555
0.149120 4734172
0.151991 4713215
0.153337 4694835
0.153915 4674621
0.157760 4623769
0.161734 4601161
0.163379 4594340
0.163598 4537494
0.164233 4530797
0.181225 4521503
0.186578 4462227
0.188519 4461467
0.190622 4459006
0.193496 4397873
0.193695 4396826
0.194692 4336469
0.195288 4277290
0.202768 4235653
0.204703 4216691
0.206230 4206758
0.207192 4168733
0.211784 4153029
0.215610 4125249
0.216016 4066133
0.217359 4015208
0.220276 4001792
0.222649 3978115
0.225622 3809748
0.227012 3797374
0.229598 3770512
0.229804 3752744
0.230988 3745701
0.232977 3716334
0.238514 3700117
0.238722 3696746
0.244482 3694947
0.245875 3641157
0.246476 3628175
0.321961 3624562
0.322173 3617732
0.323163 3592240
0.323765 3490592
0.327132 3489782
0.330920 3477905
0.331126 3467462
0.332734 3445940
0.405647 3445182
0.406453 3417202
0.410618 3342082
0.424483 3331706
0.430782 3322326
0.438238 3300439
0.441690 3290333
0.447587 3290315
0.452801 3245784
0.463103 3214351
0.467895 3185994
0.468097 3184461
0.469821 3153073
0.475534 3118534
0.476700 3116041
0.479955 3116009
0.571745 3071814
0.595790 3071738
0.601344 3022066
0.602120 3004168
0.612608 2916552
0.616242 2867852
0.619880 2848846
0.653998 2777553
0.659525 2758080
0.660726 2751163
0.663301 2748036
0.664310 2738231
0.682678 2736297
0.684867 2725332
0.781902 2719367
0.788781 2653250
0.804853 2650759
5.476907 2650276
5.505524 2647990
5.506539 2640283
5.508950 2634050
5.549426 2627760
5.554224 2619773
5.555630 2570586
5.569386 2561951
5.579867 2559938
5.588253 2559643
5.588457 2540549
5.598764 2534085
5.600777 2530342
5.609945 2521997
5.620513 2518402
5.623904 2479576
5.639217 2471991
5.660520 2459366
7.169910 2440381
7.255460 2430065
7.256495 2410039
7.265476 2404724
7.314700 2395486
7.352800 2379923
7.359772 2369214
7.364183 2364531
7.385087 2351535
7.388487 2342611
7.405754 2326337
7.407548 2326016
7.411527 2311704
10.150168 2303819
10.152438 2299498
10.153648 2299392
10.155440 2289227
10.161432 2281392
10.162642 2281079
10.167869 2269723
10.356127 2260636
10.360936 2254681
10.366508 2225847
10.368316 2223281
10.369315 2217092
10.371920 2198622
10.375494 2193394
10.376306 2190467
10.725221 2188082
10.727214 2185854
10.730213 2184565
10.732226 2156904
10.909961 2155974
10.916946 2150332
10.919733 2150279
10.969628 2148189
11.030702 2136394
11.541078 2081148
11.553084 2078492
11.564832 2074434
11.580557 2066603
13.821649 2062507
13.827892 2052872
14.271973 2046600
14.273585 2045551
14.744154 2032822
14.745959 2023117
15.253530 2013338
15.262714 2009376
15.929463 2008439
16.055623 2000899
16.061845 1989964
16.063251 1989656
16.067038 1988076
16.084760 1987549
16.119345 1982411
16.469277 1976182
16.469492 1974749
16.480930 1964924
16.481973 1957925
16.482602 1952323
16.492832 1940666
16.493461 1938891
16.611043 1927551
23.346649 1927496
23.358816 1919539
23.364012 1909311
23.366008 1908607
23.370980 1907017
23.392861 1859940
23.427415 1844106
23.429617 1843791
23.432021 1843714
23.642204 1841513
23.876470 1839979
24.222859 1826006
24.242708 1825795
24.249550 1823310
24.256546 1820059
24.257349 1817571
24.257549 1817338
24.466065 1816323
24.475623 1816182
25.316927 1815586
25.317137 1812417
25.338810 1810164
25.340623 1810061
25.354534 1783815
25.379001 1759141
25.383794 1759070
25.395969 1758399
25.396173 1758328
25.437924 1755487
25.438930 1751756
25.439133 1740836
25.441344 1735013
25.443937 1730412
25.446128 1712901
25.501594 1688445
25.529271 1683214
25.581841 1680571
25.582445 1678409
25.665329 1675427
25.675700 1673761
25.967928 1655240
26.000186 1651103
26.004983 1643799
26.010151 1641201
26.032275 1634913
26.665833 1626401
27.763820 1619867
27.788868 1619453
27.791456 1617240
27.792475 1617198
27.794067 1616875
27.796141 1613712
27.856251 1610514
27.858742 1603334
27.887689 1594440
27.888143 1585218
27.889594 1582043
27.897672 1577381
27.913396 1572035
27.922334 1564966
27.934594 1564902
28.279575 1561467
28.280855 1559031
28.309735 1557935
28.333763 1517706
30.064581 1513055
30.074979 1511089
30.080592 1508038
30.081196 1497882
30.082394 1493324
30.114655 1492727
30.118677 1491633
30.178907 1484980
30.184328 1484929
30.224314 1475466
32.640324 1470909
32.806100 1468702
32.820393 1468181
32.825391 1456767
32.834531 1442401
32.849847 1432350
32.860796 1427571
36.660316 1427405
36.679998 1425627
40.775102 1418200
40.787928 1417309
40.813571 1416516
40.919137 1416388
40.920021 1415097
40.921438 1413426
41.105312 1404666
41.516947 1395721
41.830420 1394111
43.541719 1393387
43.739046 1391564
43.743627 1383718
43.750798 1381472
43.756199 1371004
43.773239 1370493
43.783775 1366216
45.404889 1365837
45.409674 1365835
45.513809 1364909
45.515918 1363840
45.569893 1360862
45.646922 1358409
45.649658 1356303
45.650906 1355019
45.652597 1353043
45.665061 1352089
45.666511 1349375
45.666720 1347764
46.285970 1346494
46.308461 1344102
46.310838 1340952
46.511603 1337936
46.513281 1337296
52.245374 1336481
52.290350 1328873
52.426919 1328427
52.461252 1327529
52.555583 1327209
52.755554 1319955
54.328251 1319295
54.388236 1318180
54.937941 1310570
55.010949 1310236
55.032454 1306501
55.181729 1305949
55.221457 1291815
56.484442 1291239
56.484660 1289025
56.691400 1288624
56.710531 1287841
56.717882 1287033
57.028077 1286638
57.085376 1285889
57.123235 1285878
57.135888 1285242
57.140049 1283021
57.200031 1282814
57.322043 1279815
63.140747 1278469
63.227172 1277731
63.398476 1275597
63.565257 1274533
63.857398 1273419
63.925670 1273415
64.299697 1273306
64.458725 1272010
64.522944 1271175
64.564078 1270646
64.596211 1270307
64.596817 1269169
64.601900 1264634
64.627972 1264482
64.708756 1261820
64.960796 1261025
65.120697 1260675
70.144753 1260093
76.684748 1259507
76.866302 1259399
77.566590 1259286
77.609095 1258661
77.932236 1257092
78.369472 1256212
78.546693 1255349
82.077988 1253904
82.190638 1253010
82.201376 1252753
82.225362 1251689
82.239076 1251293
82.326296 1251091
82.400711 1251059
82.426214 1247903
82.566379 1247835
82.575337 1247420
82.665292 1247056
82.768253 1246999
82.922320 1246592
83.036379 1245460
83.118008 1245089
83.214334 1245068
83.239598 1245011
83.991527 1244742
84.235930 1244404
84.889802 1243856
85.125524 1243796
86.248950 1243651
86.750454 1243365
87.172703 1243182
87.297900 1243055
89.674082 1243042
94.244637 1242930
94.869091 1241929
99.130679 1241217
102.246926 1240975
103.099042 1239944
103.166892 1239879
104.108688 1239697
115.436455 1238924
121.311585 1238719
132.493912 1238660
132.768173 1238518
138.588167 1238403
208.424172 1237749
208.557961 1237724
209.282183 1237029
209.283000 1235808
209.627354 1230307
209.911724 1230209
209.960487 1227719
210.033850 1226585
210.044015 1223804
210.059320 1222998
211.183317 1220950
211.341964 1217684
211.520304 1216872
211.527247 1216331
211.970396 1215474
212.275979 1212353
212.470509 1212132
212.477285 1211591
220.698871 1210354
220.884639 1208811
221.296951 1207618
221.972107 1207234
221.999142 1206008
223.848611 1202445
223.854657 1201775
238.312537 1199345
238.887151 1197481
239.582772 1196789
239.600495 1195562
240.336882 1194571
240.715214 1194339
241.231962 1193161
241.570767 1193046
241.741975 1192764
246.228293 1192748
246.238231 1192086
248.394152 1192060
251.884072 1191107
253.790200 1190764
255.396699 1190165
262.581777 1189875
262.742516 1189401
263.431710 1188371
278.086809 1187672
278.575689 1187437
279.910119 1187372
286.124790 1187165
392.171232 1186923
392.692119 1186812
392.717017 1186769
392.812844 1186597
392.974202 1184850
392.990534 1183913
393.227497 1183429
393.382814 1182931
395.977241 1181768
396.313644 1179079
396.489809 1178673
398.380465 1178186
400.730554 1178022
400.751937 1178018
401.528523 1177957
404.322212 1177893
404.993192 1177673
405.707230 1177622
416.754953 1177217
417.080286 1176811
419.401506 1176712
419.698072 1176536
430.903805 1176530
431.752928 1176483
436.782940 1176326
447.115115 1176262
468.848162 1176211
