0.000762 10349549
0.002286 10306854
0.002491 10227410
0.002883 10225084
0.003078 10147942
0.003668 10104957
0.004476 10055927
0.004683 10055414
0.005455 10007786
0.005659 9936545
0.006247 9890950
0.006637 9861622
0.006836 9709143
0.007224 9467270
0.007421 9440517
0.007616 9298847
0.008003 9291094
0.008981 9197887
0.009180 9171049
0.009572 9117858
0.010149 9115735
0.010724 9095761
0.012073 9084354
0.012273 9079988
0.012468 9031261
0.012662 8942469
0.013616 8876744
0.014570 8779625
0.014766 8779064
0.015341 8775368
0.016307 8766744
0.016503 8654743
0.017266 8541114
0.018407 8455311
0.019546 8443155
0.021089 8299049
0.021670 8289517
0.022621 8280705
0.023951 8243781
0.025118 8235283
0.027206 8234174
0.027973 8124101
0.028381 7972949
0.029523 7949469
0.029718 7816872
0.029914 7796028
0.030491 7779187
0.034297 7739307
0.036022 7611122
0.036808 7491917
0.038907 7394648
0.039350 7304422
0.040230 7283419
0.043888 7173090
0.045320 7151254
0.048235 7053878
0.048438 7053162
0.048638 7038878
0.049789 7032302
0.050185 6980584
0.051529 6890745
0.052318 6719723
0.053281 6672142
0.053676 6562504
0.054065 6546181
0.055224 6540813
0.055613 6491726
0.057537 6438836
0.057741 6430474
0.058320 6423642
0.058710 6389234
0.060860 6361495
0.061821 6240783
0.063536 6102650
0.069463 6071910
0.069667 6066541
0.070055 5990427
0.071581 5982019
0.073318 5940149
0.076546 5905511
0.077448 5902235
0.080229 5898306
0.080432 5895277
0.081204 5823261
0.086165 5818332
0.086935 5742928
0.089233 5728187
0.095636 5703030
0.097443 5673841
0.097837 5600785
0.099550 5598167
0.100353 5581719
0.101499 5491754
0.102075 5487896
0.102653 5450590
0.103421 5371777
0.104216 5234218
0.106872 5225786
0.110882 5057879
0.112248 5022034
0.113580 4919800
0.116065 4913570
0.121770 4888995
0.122161 4855545
0.123114 4809966
0.125030 4806252
0.128096 4792335
0.128487 4790500
0.140862 4769113
0.141255 4757554
0.150219 4707476
0.155386 4653705
0.158096 4652016
0.160413 4638952
0.171622 4605908
0.180026 4603501
0.190497 4540041
0.194317 4534925
0.195465 4492458
0.196252 4451943
0.203266 4410183
0.204245 4353657
0.204442 4345772
0.209758 4304391
0.216229 4240358
0.221580 4230877
0.224471 4225258
0.245707 4208077
0.246668 4196161
0.248772 4182786
0.284271 4144598
0.307030 4131532
0.312743 4118981
0.314458 4094726
0.321316 4090433
0.322652 4067921
0.327229 4065105
0.328770 4064775
0.330485 4055346
0.331440 4041387
0.333927 4020962
0.335263 4010768
0.336982 4003610
0.337938 4002516
0.338136 3995095
0.339284 3989703
0.342902 3859500
0.343858 3857027
0.354682 3850837
0.355828 3845631
0.356610 3841175
0.360036 3774926
0.363098 3761400
0.371433 3760828
0.373171 3760397
0.373371 3752588
0.379471 3745067
0.381017 3740217
0.524761 3699349
0.525156 3655907
0.527626 3651025
0.537698 3590919
0.539225 3589130
0.540580 3587898
0.547229 3586222
0.566816 3584240
0.567776 3568476
0.571974 3559615
0.575030 3558710
0.575985 3539394
0.576398 3535802
0.576788 3528677
0.576985 3521026
0.579272 3503587
0.765808 3483642
0.766588 3481678
0.767166 3478239
0.768133 3469377
0.768332 3466146
0.773269 3453449
0.775922 3410886
0.780518 3409806
0.793266 3399539
0.793845 3399142
0.796905 3396351
0.797863 3361447
0.843653 3352110
0.847667 3319019
0.902969 3282411
0.904333 3263401
0.905293 3249045
1.070668 3242701
1.081516 3242527
1.084390 3242447
1.130820 3232353
1.135379 3212127
1.136167 3203860
1.150567 3198200
1.201861 3187647
1.203872 3187336
1.205883 3186333
1.208684 3167898
1.209087 3165120
1.541593 3147436
1.549258 3122872
1.550924 3110083
1.555515 3081271
1.556950 3053963
1.560944 3036768
1.565716 3032895
1.566127 3025614
1.567127 3012007
1.567328 2998312
1.568951 2945621
1.569552 2937242
1.571344 2931118
1.572554 2916512
1.573151 2915263
1.588785 2910889
1.592596 2909041
1.594184 2893862
1.596188 2893614
1.612075 2889372
1.612685 2888566
3.647007 2864835
3.648093 2862523
3.666972 2844625
3.671154 2835979
3.684355 2828414
3.698874 2761576
3.710584 2744740
3.713782 2741459
3.724320 2698104
3.729090 2682932
3.745354 2673543
3.752095 2669067
3.762433 2661073
3.763234 2649422
4.507474 2635283
4.515625 2590552
4.517450 2586957
8.116957 2585146
8.120625 2580324
8.128998 2575568
8.140559 2571883
8.143739 2544816
8.786985 2536134
8.811860 2505246
8.814484 2503549
8.916896 2499406
9.073676 2483992
9.628942 2480518
9.646053 2468505
9.658194 2437146
9.661183 2436512
9.668944 2426928
9.675676 2393062
9.682426 2383476
9.700684 2373147
9.801208 2365390
9.802410 2358204
9.808771 2344065
9.946835 2334209
9.956970 2330893
9.957575 2322023
10.038186 2320946
10.043141 2312512
10.044358 2312175
10.048535 2300554
10.053514 2290054
10.056109 2285852
10.062055 2271959
10.121512 2266499
10.188946 2232068
10.189583 2228248
10.196445 2189976
10.201442 2187249
10.206448 2179015
10.213325 2178065
10.215609 2176023
10.230791 2173523
11.797108 2160893
11.800771 2113749
11.806179 2102921
11.820271 2095879
11.837586 2083637
11.845751 2072281
11.853701 2072016
11.869008 2070877
11.873591 2054661
11.952264 2052188
11.958424 2037947
11.963977 2033809
11.972336 2018965
11.972943 2018567
11.980896 2014026
11.982490 2007422
12.001347 2006047
12.003534 2004584
12.005351 1982314
12.007544 1978979
12.014116 1974056
12.023233 1970818
12.037331 1969837
12.046836 1959403
13.654293 1958705
13.810301 1936702
13.810709 1925217
13.817859 1922185
13.827959 1919304
13.833193 1889615
13.839543 1887527
13.978388 1882071
17.055230 1875673
17.062257 1867111
17.063471 1866644
17.065286 1858142
17.373434 1853199
17.374445 1850900
18.934385 1844946
18.941127 1834379
18.966298 1828608
19.032319 1825203
19.037293 1813880
19.042841 1813560
23.962735 1808371
23.969773 1803378
23.983063 1794528
23.998752 1757499
24.117465 1740996
24.119062 1740364
24.137585 1733516
24.222476 1731741
26.105733 1723351
26.163046 1719850
26.169621 1719619
26.173431 1713389
26.175022 1712824
26.177218 1712789
26.229124 1711654
26.282761 1696365
26.309598 1692754
26.313187 1689427
26.324123 1688272
26.343149 1685537
26.343554 1675805
26.355454 1672407
26.360240 1666059
26.373393 1622691
26.377561 1620370
26.404532 1616470
26.433276 1613599
26.439623 1613349
26.444417 1613270
27.079242 1609928
27.094766 1609526
27.100134 1608454
27.101925 1602706
27.880413 1597123
27.882805 1597069
27.900300 1593649
27.906653 1593367
28.354760 1591498
28.369681 1579978
28.384235 1579973
28.461399 1578379
33.109153 1571981
33.111213 1555208
33.125142 1552377
33.131307 1552310
33.138291 1551094
33.140690 1548256
33.441058 1546232
33.444173 1545133
33.660818 1542420
35.136763 1537715
35.249740 1522281
35.250944 1519460
35.758125 1516843
36.541580 1495185
36.545956 1491999
36.570756 1490751
36.572970 1488905
36.583525 1487041
36.589096 1485684
36.628722 1485497
36.629920 1483064
36.631707 1476031
36.633310 1473822
36.659859 1472149
37.020778 1456582
37.034454 1453916
37.035850 1453826
37.510061 1453041
37.511264 1451892
37.517646 1446146
37.602507 1439794
37.603710 1438002
37.604132 1433947
37.606316 1427004
37.973636 1418018
37.977775 1417728
37.988727 1417266
38.624301 1410198
38.748519 1404869
39.582686 1401633
39.588862 1400345
39.641058 1399092
39.737222 1398741
40.231982 1397425
40.310363 1393443
40.447232 1393226
41.578349 1392390
41.578957 1390401
41.600452 1386350
41.611930 1386021
41.616125 1385914
41.631952 1385549
41.706648 1383497
41.713209 1381088
41.714213 1378344
41.715414 1377556
41.743479 1374435
41.744690 1371270
41.749640 1371159
44.045624 1367537
45.226662 1366486
45.238059 1366217
45.266657 1366052
45.275334 1365700
45.338961 1362610
45.346644 1362439
45.369087 1357088
45.945551 1348887
46.082167 1343870
46.161624 1343760
46.916943 1340882
47.567961 1337066
47.570306 1336924
50.424621 1335556
50.436336 1330058
52.890057 1329477
54.105680 1324934
54.278386 1324788
55.108853 1324653
55.109861 1324473
55.424800 1324221
55.465082 1320359
55.629838 1320159
55.632025 1319880
55.676227 1317825
55.704582 1317793
55.720907 1313132
55.739550 1312952
56.254590 1311356
56.256864 1310695
56.307034 1309559
56.313616 1307330
56.316435 1306091
56.316842 1304941
57.460500 1304434
65.175398 1304387
65.428735 1304372
65.987322 1301211
66.013546 1301180
67.090517 1290795
67.103990 1289989
67.126065 1286561
67.313227 1286266
67.434001 1285071
68.469362 1283504
68.478532 1283131
68.541862 1282976
68.575772 1282702
69.698600 1278991
69.956705 1277282
70.087175 1277123
70.156009 1267772
70.157446 1267278
70.180109 1265420
70.202775 1262899
70.577261 1258712
71.565814 1256120
72.057133 1256007
76.338831 1252522
76.728696 1252060
76.935462 1251213
77.170630 1250790
78.380828 1250685
78.399354 1250054
78.436698 1249658
78.557209 1248431
81.746316 1245118
81.871355 1244487
82.034743 1243309
82.042358 1242458
82.055872 1241545
82.136131 1241007
82.249507 1236831
82.509053 1236710
83.480929 1236644
84.832065 1231921
85.144138 1207244
85.165207 1206645
85.422033 1206022
85.487177 1205892
85.542858 1205718
85.653842 1205612
86.118537 1205418
88.980082 1204174
89.642835 1203702
90.088134 1203085
91.019520 1202978
92.538918 1202572
93.132465 1202501
93.289215 1202441
93.310145 1201396
94.129035 1201393
94.136615 1201186
94.633223 1201003
94.801205 1200798
99.034748 1200412
100.116357 1200285
103.334446 1200279
106.495002 1200125
106.572614 1200074
107.753604 1199989
107.762976 1199420
118.000131 1199139
120.170873 1198732
120.843312 1198681
121.413138 1198571
121.642846 1198536
126.905680 1198158
131.237244 1198107
134.497018 1197965
135.857772 1196821
146.835620 1196616
541.729620 1196363
