0.000793 10503482
0.001550 10502717
0.001761 10446463
0.001965 10241387
0.002544 10029879
0.002741 10028707
0.002936 10025783
0.003130 9780521
0.003539 9733650
0.003743 9717405
0.004318 9709211
0.004514 9678169
0.004905 9435433
0.005099 9340529
0.005678 9247153
0.006458 9229586
0.006851 9098586
0.007447 9091249
0.008021 9018915
0.009362 9006654
0.009560 8994325
0.009755 8829095
0.009949 8806224
0.010719 8759701
0.011109 8740514
0.011304 8554403
0.014005 8526882
0.014582 8470045
0.014967 8307119
0.015352 8103322
0.015766 7994333
0.016534 7922915
0.018057 7899773
0.018252 7898715
0.018444 7897325
0.018638 7879246
0.019814 7835568
0.020199 7696222
0.020959 7672208
0.021153 7644537
0.023058 7604000
0.024982 7570251
0.025945 7564693
0.028264 7559807
0.029030 7546156
0.029606 7399787
0.031530 7386273
0.033992 7376729
0.034379 7329654
0.035142 7204041
0.035335 7143539
0.035548 7138759
0.039136 7104448
0.039721 7098860
0.041813 6986042
0.042386 6957473
0.043149 6922827
0.048502 6913961
0.050033 6904267
0.050425 6861917
0.053293 6848443
0.053873 6772149
0.054071 6760318
0.054457 6753807
0.055994 6752589
0.058458 6724048
0.059815 6683909
0.060203 6624276
0.061727 6577516
0.064155 6559158
0.065118 6541519
0.065848 6506231
0.066616 6424041
0.068017 6407397
0.072076 6406511
0.072848 6372855
0.073233 6292417
0.075712 6269228
0.079525 6247309
0.081800 6084795
0.081998 6050738
0.082762 6014001
0.085088 5949077
0.085286 5933739
0.088181 5796677
0.092950 5794014
0.093528 5695603
0.094293 5660915
0.095247 5656616
0.098910 5619059
0.106011 5546575
0.118430 5537616
0.120828 5506470
0.121794 5446502
0.121992 5387876
0.122571 5377232
0.131506 5376783
0.132658 5374203
0.134182 5293103
0.139489 5276510
0.139689 5274910
0.144815 5248215
0.148652 5232778
0.156287 5222671
0.159326 5217167
0.162949 5213165
0.163150 5160247
0.167545 5124345
0.168126 5007375
0.171359 5002974
0.174130 4979105
0.175520 4809148
0.179731 4756311
0.193229 4747703
0.197622 4734220
0.199337 4701738
0.199548 4670733
0.199745 4653234
0.202216 4628355
0.217244 4611187
0.261580 4592999
0.263694 4587174
0.265027 4568771
0.266927 4555832
0.267314 4484106
0.267910 4457281
0.268676 4448081
0.272278 4355042
0.281953 4344416
0.284058 4188577
0.284822 4174964
0.285211 4159674
0.294161 4155690
0.296826 4126482
0.303269 4065189
0.306889 4060722
0.310326 3907494
0.311492 3889797
0.322357 3847372
0.328096 3716945
0.328678 3713345
0.329630 3702732
0.330018 3696655
0.330403 3690874
0.333452 3684992
0.334978 3679510
0.335774 3651454
0.337676 3649289
0.338064 3630115
0.404309 3597973
0.409073 3596192
0.411574 3581910
0.413473 3574904
0.418249 3562757
0.429653 3536749
0.441621 3531763
0.442952 3521076
0.447919 3483394
0.454745 3390045
0.457613 3344556
0.458948 3344287
0.460292 3338049
0.462003 3318887
0.464104 3312234
0.465061 3310449
0.466960 3307635
0.479317 3299753
0.481057 3284542
0.482016 3256072
0.482589 3255632
0.484681 3251527
0.485071 3243349
0.640090 3224595
0.643510 3221613
0.646552 3220109
0.647130 3215597
0.647533 3213681
0.648298 3204863
0.651332 3176214
0.655127 3172773
0.660480 3102254
0.660680 3101638
0.662966 3101462
0.668291 3041960
0.668869 3034727
0.674377 3032094
0.675544 3019968
0.676497 3011945
0.676695 3010639
0.676889 3008443
0.678407 2981396
0.688304 2958461
0.691146 2951865
0.875255 2944550
0.875869 2941260
0.876830 2918288
0.986670 2913871
1.015682 2912240
1.031303 2912228
1.031901 2911513
1.049200 2900360
1.051293 2896835
1.052266 2805842
1.054550 2797786
1.055721 2774141
1.056296 2769759
1.059331 2768795
3.630097 2753686
3.634140 2753413
3.676480 2735456
3.679069 2722218
3.681651 2713715
3.684651 2712698
3.693766 2709302
3.694958 2694527
3.705877 2677540
3.728014 2645646
3.729992 2641239
3.738108 2633868
3.741317 2628831
3.743911 2617418
3.754551 2613612
3.774722 2512882
5.362127 2495652
5.369515 2487391
5.372127 2479024
5.382814 2473317
5.383648 2456199
5.384843 2455416
5.387214 2437644
5.389622 2437604
5.434073 2429413
5.438438 2427591
5.486657 2413715
5.578035 2400000
5.580031 2390647
5.580831 2388468
5.581427 2382731
5.583204 2379525
5.584616 2374449
5.599882 2313732
5.601275 2292834
5.608000 2289352
5.610768 2279392
5.621458 2278177
5.623668 2274326
5.630391 2274308
6.647781 2256586
6.662152 2256480
6.663158 2244326
6.667734 2244070
6.695058 2210106
6.818021 2194128
6.821996 2178887
6.822797 2177798
6.953785 2173205
6.955596 2172895
6.961137 2156020
6.982524 2147080
6.998948 2097849
7.005892 2092330
7.022273 2091548
7.040860 2090536
7.045408 2063264
8.360062 2058992
8.671010 2057372
8.672101 2042844
8.674688 2040616
8.678681 2005454
13.311698 1984605
13.384764 1970120
13.411582 1962492
14.395039 1960365
14.401671 1957541
14.403263 1936752
14.419676 1927291
14.421674 1927143
15.357010 1913665
15.502544 1897060
15.511492 1896374
15.515260 1892197
15.531281 1877572
15.672474 1860525
15.673473 1845059
15.685743 1835385
15.696226 1835101
15.698008 1832252
16.036789 1826803
16.054779 1795317
16.069668 1788332
21.130750 1776528
21.137537 1767709
21.139331 1763754
23.569100 1763734
24.380021 1744086
24.380641 1739992
24.407820 1732862
24.410594 1732790
24.809034 1730885
24.815750 1723594
24.818329 1721764
24.819128 1712002
24.959849 1709082
24.961051 1703091
24.962833 1696674
24.968389 1696176
24.974345 1694115
24.985834 1690878
26.542093 1680810
26.611351 1679841
26.642652 1678338
26.978897 1676316
26.982868 1664870
28.100825 1662204
28.116270 1661124
28.120244 1655795
28.168027 1646192
28.191118 1639299
28.217449 1632238
28.241837 1631859
28.327445 1620085
28.334173 1607413
28.351601 1598622
28.352795 1597544
28.361135 1593852
29.216247 1575736
29.280449 1570232
29.586302 1569379
29.603341 1565633
29.622506 1561244
29.638330 1557534
30.175446 1557025
30.445778 1553451
30.465902 1543840
30.466906 1540451
30.467522 1540094
30.469310 1536597
30.720926 1535723
30.736898 1534105
30.743237 1528514
30.748825 1528504
30.804785 1527156
30.876556 1526965
30.907601 1526119
37.428144 1522080
37.432134 1519999
37.432541 1517693
37.433141 1517614
37.869681 1516219
37.870487 1506698
37.872122 1506242
37.882189 1501147
38.265494 1495822
38.514010 1490982
38.847859 1489604
38.851843 1488017
38.854816 1485554
38.864710 1479202
38.867698 1475134
38.899255 1472085
38.929127 1461472
38.932127 1459809
40.853050 1459184
40.996813 1457064
41.006720 1456808
41.016201 1456799
41.021761 1455376
41.028526 1455136
43.502801 1454522
43.721739 1451336
43.738206 1432493
43.773868 1430376
43.787918 1427356
43.792097 1427200
43.800821 1419944
43.895591 1418197
43.899541 1416761
43.947509 1413259
45.039959 1409082
45.157849 1409036
45.213092 1405964
45.254827 1405163
45.269244 1404528
45.272031 1403607
45.319736 1401176
45.326664 1398539
45.353184 1397968
45.372018 1393715
45.372221 1393394
45.387493 1392780
45.394613 1389693
46.371800 1389639
46.384638 1388904
48.084567 1382635
48.492710 1380561
48.514698 1380083
48.538026 1378189
48.575876 1376790
48.576879 1374441
48.621772 1373710
48.631500 1372744
48.651061 1371404
49.001144 1371024
49.064957 1370492
49.197602 1369016
49.202361 1368348
49.367754 1367406
49.388125 1366199
50.470578 1361709
52.552960 1360640
58.280911 1358216
58.288434 1357187
58.302101 1347908
58.603293 1346920
58.604710 1341342
58.781931 1338752
58.789046 1337854
58.824535 1330159
58.837586 1327032
58.958161 1324682
58.991570 1314731
59.035749 1313760
59.326931 1310223
59.334064 1306180
59.385856 1303980
59.613213 1301692
59.623102 1286437
59.734953 1285609
59.747240 1276631
59.926964 1276559
60.284485 1275522
60.315494 1273678
60.368496 1269796
60.381164 1268277
60.386689 1268091
61.582914 1266494
62.613126 1264145
62.628926 1262269
62.640013 1261722
62.652918 1261351
63.165843 1261246
63.175946 1261220
63.178909 1260599
63.581524 1260373
63.581937 1260232
63.658532 1259923
63.659549 1257668
63.703309 1257342
63.863139 1257301
63.903769 1256300
63.904967 1255571
63.945431 1255506
63.948821 1254442
64.025205 1254110
64.053444 1251317
64.069922 1250711
64.087601 1249768
64.545884 1248474
64.584732 1246329
64.589691 1244492
64.595241 1244045
64.647020 1242632
64.801217 1242055
64.864674 1241963
64.865082 1240988
64.867465 1238037
64.870812 1237961
65.966575 1237826
66.370819 1232672
67.521298 1231689
67.555036 1226606
67.642833 1226602
67.671550 1226385
68.047868 1225776
68.056786 1225439
68.062531 1224488
68.116449 1224485
68.130453 1223188
68.207123 1223006
69.261157 1222552
69.326547 1221507
69.652132 1221022
69.936155 1220765
70.061151 1219307
70.065519 1218229
70.624294 1216731
70.658052 1215273
70.706332 1215111
73.715755 1214535
81.083149 1212801
83.333098 1211421
83.351225 1211370
83.396486 1210847
83.859524 1210444
84.126210 1210227
99.210353 1209730
102.767743 1208625
102.928715 1208084
104.705836 1207547
106.784328 1207331
106.856985 1207114
106.994025 1206531
107.573213 1206421
109.246539 1206306
111.342099 1206241
112.018986 1205131
114.031529 1204955
115.111045 1204414
117.385190 1203885
118.602482 1203286
120.256553 1203032
122.973455 1202981
402.615266 1198763
402.723678 1198367
402.729257 1197561
402.732647 1193236
402.815204 1193214
405.298316 1192718
405.471242 1191662
405.511668 1188730
405.654537 1188724
405.916712 1188135
406.018314 1187983
407.463977 1187714
409.243542 1187028
409.821143 1186661
409.835648 1184952
409.864194 1184150
410.806565 1183430
410.851895 1181286
411.521487 1180655
411.787143 1179761
412.853971 1179573
414.322886 1179035
415.347140 1178487
422.270927 1178409
430.420593 1178402
440.860536 1177978
446.085130 1177647
446.120904 1177582
454.518742 1177393
482.236154 1177328
573.464126 1177323
586.966756 1177272
591.011055 1177258
598.346738 1177207
