0.000854 9913327
0.001667 9824044
0.003632 9772683
0.022108 9668286
0.313726 9624749
0.330225 9622572
0.486686 9600706
0.490781 9594271
0.492934 9579980
1.148776 9559371
1.149569 9470088
1.151545 9418727
1.170503 9314330
1.178489 9313467
1.442368 9270793
1.458734 9268616
1.781415 9258621
1.788260 9251915
1.790792 9206391
2.275751 9185782
2.276618 9096499
2.278573 9045138
2.297060 8940741
2.424098 8899828
2.569713 8897204
3.076292 8893337
3.181511 8856956
3.403860 8836347
3.404643 8747064
3.406579 8695703
3.426488 8591306
3.553292 8550393
3.698117 8547769
4.204596 8534611
4.535834 8514002
4.536630 8424719
4.538585 8373358
4.556930 8268961
4.683467 8228048
4.829169 8225424
5.660841 8204815
5.661627 8115532
5.667713 8106419
5.672804 8092509
5.675763 8078340
5.682019 7959774
5.808376 7918861
6.788057 7898252
6.789626 7893026
6.790409 7884360
6.791018 7783036
6.792968 7757608
6.809318 7653211
7.298709 7648046
7.701174 7639204
7.915270 7618595
7.916826 7613369
7.917638 7604703
7.918237 7503379
7.920217 7477951
7.936470 7373554
8.429532 7368389
8.865241 7333840
9.050896 7313231
9.052467 7308005
9.053258 7299339
9.053853 7198015
9.055815 7172587
9.072042 7068190
9.561776 7063025
10.123528 7057366
10.179183 7036757
10.180754 7031531
10.181541 7022865
10.182135 6921541
10.184103 6896113
10.200421 6791716
10.698763 6786551
11.326431 6765942
11.328057 6760716
11.328856 6752050
11.329452 6650726
11.335329 6639467
11.347648 6520901
12.455281 6495066
12.456075 6486400
12.456667 6385076
12.462523 6373817
12.537818 6368570
12.542695 6363239
12.551681 6355567
12.579282 6342794
12.693432 6342773
12.699707 6317001
12.712406 6316981
12.740451 6309876
13.136557 6298120
13.137764 6286139
13.138766 6267680
13.589006 6241845
13.589796 6233179
13.590386 6131855
13.602310 6110210
13.677493 6107124
13.678677 6061757
14.284612 6060042
14.292435 6046992
14.365324 6037134
14.716559 6011299
14.717368 6002633
14.717963 5901309
14.725000 5890050
14.799416 5884803
14.804855 5876578
14.841005 5859027
14.955326 5859006
14.962735 5833234
14.974271 5833214
15.003353 5826109
15.420240 5815040
15.844831 5789205
15.845620 5780539
15.846210 5679215
15.856370 5657570
15.968677 5636933
16.082533 5636912
16.101426 5611120
16.972134 5585285
16.973944 5574437
16.979621 5545083
16.979826 5530363
16.982747 5478205
16.983745 5453650
17.056982 5439725
17.290912 5400945
18.100040 5375110
18.101603 5374945
18.102002 5277393
18.104351 5272432
18.108637 5265120
18.111573 5243475
18.305191 5224853
18.498068 5201215
19.226195 5175380
19.227779 5175215
19.228372 5167806
19.228961 5135178
19.229163 5120458
19.234838 5065390
19.237838 5043745
19.432534 5025123
20.381711 5002745
20.382908 4987480
20.383694 4950009
20.388180 4889298
20.391121 4867653
21.331064 4864226
21.383972 4859104
21.510675 4836726
21.511868 4821461
21.512652 4783990
21.517150 4723279
21.520087 4701634
21.607045 4698548
22.351720 4667735
22.636815 4645357
22.637989 4630092
22.638773 4592621
22.648392 4538372
22.764016 4536902
23.054812 4529508
23.061471 4520088
23.207978 4515301
23.699372 4506838
23.766291 4484460
23.767481 4469195
23.768265 4431724
23.777823 4377475
23.893300 4376005
24.183751 4368611
24.190366 4359191
24.336920 4354404
24.893582 4332026
24.894757 4316761
24.898079 4298532
24.905114 4225041
25.020321 4223571
25.310539 4216177
25.317175 4206757
26.019846 4200351
26.020641 4181042
26.020845 4107601
26.021629 4049287
26.108864 4035362
27.143033 4000861
27.144205 3995216
27.145954 3981127
27.148693 3905999
28.257681 3904584
28.271870 3870083
28.273051 3864438
28.274810 3850349
28.277556 3775221
29.409176 3760245
29.423643 3718083
29.429863 3697612
29.634706 3684623
29.686902 3679906
29.689629 3664748
29.846450 3657435
29.850746 3623535
30.533644 3608559
30.548107 3566397
30.554429 3545926
30.747807 3528600
30.811207 3528220
30.813936 3513062
30.971494 3505749
31.449733 3501819
31.503256 3500695
31.659379 3485719
31.673851 3443557
31.680132 3423086
31.874105 3405760
32.098513 3382909
32.580124 3378979
32.790190 3364003
32.804793 3321841
32.811118 3301370
33.004638 3284044
33.070402 3283664
33.871620 3276451
33.916355 3261475
33.930849 3219313
33.937142 3198842
34.131357 3181516
34.197382 3181136
35.048408 3163931
35.059387 3123998
35.069359 3078725
36.168955 3063749
36.227285 3052975
36.247700 3040711
36.259203 2995861
36.709061 2993523
36.719021 2960939
37.298539 2945963
37.356781 2935189
37.377260 2922925
37.388701 2916116
37.389876 2911990
37.426045 2909052
37.438941 2893500
37.822797 2885835
37.839135 2875737
37.889701 2866004
38.428213 2851028
38.486237 2840254
38.506526 2827990
38.516692 2789610
38.967980 2780802
39.558046 2765826
39.626512 2747658
39.640764 2746746
39.653045 2697938
40.202262 2660827
40.687775 2645851
40.749017 2635077
40.769373 2622813
40.779522 2584433
41.126329 2560329
41.823497 2545353
41.884739 2534579
41.905103 2522315
41.915324 2483935
42.951610 2468959
43.012544 2458185
43.032816 2445921
43.066683 2439587
43.067504 2433800
43.158663 2432048
43.449322 2431276
44.074996 2416300
44.136121 2405526
44.156362 2393262
44.190341 2386928
44.191160 2381141
44.282786 2379389
45.204730 2364413
45.266310 2353639
45.286589 2341375
45.320559 2335041
45.321351 2329254
45.651606 2327709
46.330336 2312733
46.391522 2301959
46.411827 2289695
46.445772 2283361
46.446562 2277574
47.394361 2276908
47.477914 2261932
47.540321 2251158
47.561063 2238894
47.595692 2232560
47.633707 2230519
48.387145 2228821
48.456565 2224580
48.614220 2209604
48.676462 2198830
48.697119 2186566
48.731132 2185971
48.731938 2175155
49.593911 2171009
49.649352 2155337
49.763558 2140361
49.825904 2129587
49.846603 2117323
49.880721 2116728
49.885524 2110989
49.919428 2108948
50.672065 2107250
50.894118 2092274
50.955357 2081500
50.975610 2069236
51.009101 2063317
51.013800 2062902
51.881594 2062635
51.896664 2061815
52.023250 2046839
52.084289 2036065
52.104636 2023801
52.139347 2023206
52.142697 2017467
52.178159 2015699
53.151122 2000723
53.212305 1989949
53.232655 1977685
53.268029 1977090
53.271388 1971351
54.281550 1956375
54.342836 1945601
54.363257 1933337
54.708218 1932261
54.804536 1930355
55.288223 1929611
55.410704 1914635
55.471868 1903861
55.492128 1891597
55.837132 1890521
55.933244 1888615
56.538337 1873639
56.599599 1862865
56.619853 1850601
57.120747 1844000
57.666538 1829024
57.727694 1818250
57.747933 1805986
58.793862 1788891
58.875785 1783462
59.065617 1781913
59.271337 1779950
59.927006 1762855
60.009156 1757426
60.582592 1754047
61.052008 1736952
61.134184 1731523
62.243238 1718719
62.432199 1715682
62.492004 1715637
62.569183 1714903
62.798218 1713510
62.864893 1709773
63.370383 1696969
63.559795 1693932
63.619922 1693887
63.697056 1693153
63.926419 1691760
64.501813 1678956
64.690754 1675919
64.750647 1675874
64.827698 1675140
65.198459 1673032
65.627540 1660228
65.816849 1657191
65.877133 1657146
65.954400 1656412
66.360642 1655323
66.756435 1642519
66.945394 1639482
67.005332 1639437
67.082171 1638703
67.759343 1638679
67.882083 1625875
68.071364 1622838
68.131521 1622793
68.208633 1622059
69.009917 1609255
69.199666 1606218
69.259816 1606173
70.138649 1593369
70.327406 1590332
71.265141 1577528
71.329524 1575497
72.186279 1575487
72.264828 1569884
72.391946 1557080
72.456066 1555049
73.311148 1555039
73.407437 1554094
73.516804 1541290
73.580953 1539259
74.443239 1539249
74.648890 1526445
74.713041 1524414
75.773649 1511610
76.408959 1510218
76.900380 1497414
77.735656 1496893
78.026217 1484089
79.089399 1483283
79.192113 1480396
79.231976 1480113
79.401138 1479272
79.418597 1478654
79.436132 1477227
79.613030 1475768
79.688123 1473102
80.041856 1472770
80.216950 1471964
80.319516 1469077
80.359328 1468794
80.528666 1467953
80.546037 1467335
80.563621 1465908
80.740429 1464449
80.815491 1461783
81.344925 1460977
81.447453 1458090
81.487244 1457807
81.656206 1456966
81.659348 1455988
81.676501 1455764
81.691210 1454921
81.777997 1453297
82.114432 1452521
82.327529 1452182
82.425712 1451816
82.470128 1451010
82.572651 1448123
82.612538 1447840
82.781437 1446999
82.784563 1446021
82.801697 1445797
82.816278 1444954
82.903177 1443330
83.239789 1442554
83.453784 1442215
83.596139 1441409
83.698736 1438522
83.738513 1438239
83.907913 1437398
83.911043 1436420
83.928257 1436196
83.942898 1435353
84.029958 1433729
84.366975 1432953
84.682336 1432903
84.722757 1432097
84.825207 1429210
84.864890 1428927
85.034140 1428086
85.037325 1427108
85.054521 1426884
85.069272 1426041
85.156444 1424417
85.493161 1423641
85.848845 1422835
85.951435 1419948
85.991220 1419665
86.160966 1418824
86.164124 1417846
86.181295 1417622
86.196014 1416779
86.283074 1415155
86.685075 1414923
86.766785 1414419
86.976788 1413613
87.079861 1410726
87.120482 1410443
87.293136 1409602
87.296276 1408624
87.313452 1408400
87.328134 1407557
87.415496 1405933
87.817309 1405701
87.979872 1405683
88.109350 1404877
88.212101 1401990
88.252162 1401707
88.421466 1400866
88.424641 1399888
88.441814 1399664
88.456500 1398821
88.543644 1397197
88.945563 1396965
89.237827 1396159
89.340558 1393272
89.380302 1392989
89.549125 1392148
89.552257 1391170
89.569385 1390946
89.584019 1390103
89.670813 1388479
90.363886 1387673
90.466320 1384786
90.506069 1384503
90.675346 1383662
90.692769 1383044
90.710275 1381617
90.860176 1381256
91.488295 1380450
91.591013 1377563
91.630810 1377280
91.799863 1376439
91.817212 1375821
91.834850 1374394
92.613218 1373588
92.715904 1370701
92.755688 1370418
92.942651 1369865
93.061056 1369780
93.416901 1369667
93.521013 1369658
93.740204 1368852
93.842674 1365965
93.882481 1365682
94.069249 1365129
94.187363 1365044
94.542214 1364931
94.865771 1364125
94.968561 1361238
95.008434 1360955
95.196364 1360402
95.314394 1360317
95.990598 1359511
96.093145 1356624
96.132847 1356341
96.302202 1355388
96.320413 1354298
97.116893 1353492
97.219433 1350605
97.259077 1350322
97.428196 1349831
97.674528 1349753
98.242636 1348947
98.345133 1346060
98.384867 1345777
98.553580 1345286
99.367432 1344480
99.470153 1341593
99.509921 1341310
100.235506 1340935
100.492670 1340129
100.595220 1337242
100.634960 1336959
101.489579 1336625
101.617976 1335819
101.720505 1332932
101.760192 1332649
102.735286 1332347
102.742111 1331541
102.844701 1328654
102.884605 1328371
103.579623 1324216
103.881200 1323410
103.985369 1320523
104.025909 1320240
104.753097 1320030
104.763409 1310501
105.028111 1309695
105.132452 1306808
105.172689 1306525
105.916975 1301365
105.935804 1300651
106.156449 1299845
106.258904 1296958
106.298602 1296675
107.274282 1293765
107.281447 1292959
107.386099 1290072
107.426650 1289789
108.410088 1288983
108.512464 1279230
108.571646 1277494
108.571854 1258694
109.534665 1257888
109.637170 1248135
110.660287 1247329
111.090901 1246775
111.107823 1245203
111.316241 1245196
111.786439 1244390
112.216574 1243836
112.233486 1242264
112.910300 1241458
113.341553 1240058
114.035881 1239252
114.433303 1238795
114.577159 1238384
114.829061 1238368
115.162045 1237562
115.558748 1237105
115.701978 1236694
116.286546 1235888
116.683504 1235431
117.410683 1234625
118.038717 1234213
118.535593 1233407
119.622577 1233113
119.659184 1232307
120.846466 1232165
121.058490 1231517
121.724817 1231501
121.970120 1231359
122.183093 1230711
123.096166 1230569
123.379783 1230501
123.397099 1230158
123.464658 1229950
124.224669 1229808
124.508547 1229740
124.525836 1229397
125.348289 1229255
125.856403 1228916
126.473229 1228774
127.130837 1228765
127.461907 1228661
127.596787 1228519
128.253973 1228510
128.583828 1228265
128.718851 1228123
129.379852 1228114
129.848389 1227972
131.419688 1227907
132.021759 1227897
132.541903 1227832
134.250665 1227781
