0.000717 10349936
0.001142 10291628
0.011376 10290642
0.026749 10282970
0.028523 10262961
0.032779 10255591
0.036671 10202297
0.094726 10166306
0.095995 10122760
0.097231 10101555
0.099011 10084283
0.281694 10049475
0.289680 10039329
0.298899 10035939
0.309611 10016193
0.379618 10004727
0.394688 9996944
0.497780 9993594
1.030065 9984292
1.030430 9925984
1.054504 9920867
1.056642 9863559
1.065799 9836653
1.123924 9800662
1.125168 9757116
1.127291 9737442
1.302842 9725928
1.303922 9713498
1.320076 9672124
1.324867 9650549
1.745812 9638243
2.048557 9628941
2.048919 9570633
2.073018 9565516
2.082381 9561975
2.084166 9541966
2.105284 9523491
2.107231 9498400
2.122009 9485875
2.142200 9445311
2.143446 9401765
2.145562 9382091
2.154352 9363288
2.319368 9334842
2.340330 9314944
2.420847 9283732
3.062840 9274430
3.063202 9216122
3.076376 9215136
3.087307 9214277
3.087668 9181717
3.089781 9180085
3.119554 9168980
3.135124 9102667
3.156554 9090800
3.159897 9089584
3.160971 9059358
3.165731 9058360
3.166096 9027874
3.330167 9016066
3.331254 9003636
3.347412 8962262
3.352190 8940687
4.083443 8931385
4.083851 8873077
4.097021 8872091
4.110946 8864419
4.118926 8843248
4.140195 8825935
4.142656 8820055
4.155731 8759622
4.177200 8747755
4.178989 8747538
4.180575 8729712
4.182155 8717929
4.183053 8665732
4.355918 8660686
4.631476 8655624
4.635701 8639967
4.864283 8635187
4.873071 8634508
5.102202 8625206
5.102616 8566898
5.129749 8558240
5.137684 8537069
5.158967 8519756
5.161429 8513876
5.174466 8453443
5.195947 8441576
5.197710 8441359
5.199306 8423533
5.200893 8411750
5.201779 8359553
5.370606 8354507
5.649434 8348562
5.879977 8329008
6.118502 8319706
6.118879 8261398
6.145975 8252740
6.153913 8231569
6.175216 8214256
6.177674 8208376
6.190716 8147943
6.212145 8136076
6.213904 8135859
6.215505 8118033
6.217093 8106250
6.217977 8054053
6.387354 8049007
6.926146 8039643
7.152030 8030341
7.152395 7972033
7.179483 7963375
7.187471 7942204
7.208750 7924891
7.211221 7919011
7.224267 7858578
7.245708 7846711
7.247493 7846494
7.249075 7828668
7.250660 7816885
7.251569 7764688
7.420476 7759642
8.167505 7750340
8.167912 7692032
8.189889 7655995
8.224282 7644890
8.231831 7644450
8.239774 7578577
8.264316 7566488
8.265905 7534270
8.267157 7484687
8.706570 7463251
9.183089 7453949
9.183453 7395641
9.205397 7359604
9.239690 7348499
9.254980 7342619
9.256395 7310883
9.279628 7270097
9.281929 7207099
9.974100 7204650
10.140880 7185189
10.201880 7175887
10.202241 7117579
10.224216 7081542
10.258557 7070437
10.273927 7064557
10.275362 7032821
10.298593 6992035
10.300888 6929037
10.307954 6910234
11.222003 6900932
11.222543 6890918
11.223093 6873922
11.223452 6859364
11.226434 6855966
11.228740 6852565
11.229101 6843973
11.235110 6842250
11.241457 6808219
11.279105 6795042
11.290875 6793516
11.294051 6789602
11.295475 6757866
11.442914 6678786
11.756157 6668574
12.237865 6659272
12.238406 6649258
12.238957 6632262
12.239317 6617704
12.242304 6614306
12.247092 6609132
12.250995 6600590
12.257350 6566559
12.295083 6553382
12.306893 6551856
12.310074 6547942
12.311507 6516206
12.354635 6494381
12.478597 6464409
12.707309 6438264
12.872301 6437260
13.088911 6409973
13.259021 6400671
13.259558 6390657
13.260088 6373661
13.260445 6359103
13.263432 6355705
13.268195 6350531
13.276456 6348668
13.277698 6346443
13.278403 6307958
13.292480 6306326
13.316006 6294781
13.330957 6289341
13.332373 6257605
13.375414 6235780
13.721478 6206950
13.723831 6179663
13.888342 6178659
14.025871 6177314
14.273759 6168012
14.274307 6157998
14.274863 6141002
14.275224 6126444
14.278201 6123046
14.285633 6119645
14.286522 6118521
14.291339 6116009
14.292586 6113784
14.293293 6075299
14.307371 6073667
14.330971 6062122
14.345928 6056682
14.347361 6024946
14.390480 6003121
14.735740 5974291
14.738031 5947004
15.291304 5937702
15.291842 5927688
15.292375 5910692
15.292733 5896134
15.296782 5895285
15.298194 5894933
15.303148 5889335
15.304035 5888211
15.308801 5885699
15.310044 5883474
15.310747 5844989
15.324869 5843357
15.348480 5831812
15.363414 5826372
15.364831 5794636
15.509178 5715556
16.307206 5706254
16.307745 5696240
16.308278 5679244
16.308636 5664686
16.309518 5664621
16.310577 5659214
16.319036 5657887
16.319926 5656763
16.324685 5654251
16.325928 5652026
16.326637 5613541
16.340731 5611909
16.374995 5600804
16.379238 5594924
16.380650 5563188
16.589732 5561536
16.591737 5550536
16.608410 5547772
16.616721 5546332
16.871584 5511391
17.326211 5502089
17.326750 5492075
17.327303 5475079
17.327662 5460521
17.328546 5460456
17.329606 5455049
17.333835 5443407
17.345641 5409376
17.389616 5394673
17.398259 5390759
17.399694 5359023
17.610788 5357371
17.620121 5331135
18.234610 5323954
18.344280 5314652
18.344820 5304638
18.345355 5287642
18.345717 5273084
18.346603 5273019
18.347686 5267612
18.351917 5255970
18.363754 5221939
18.407929 5207236
18.416576 5203322
18.417998 5171586
18.627080 5169934
18.653268 5167242
19.148669 5144100
19.361191 5134798
19.361731 5124784
19.362269 5107788
19.362628 5093230
19.363529 5093165
19.364591 5087758
19.368812 5076116
19.380677 5042085
19.424883 5027382
19.433569 5023468
19.435016 4991732
19.644502 4990080
19.670739 4987388
19.947542 4941733
20.380877 4932431
20.381416 4922417
20.381952 4905421
20.382312 4890863
20.383214 4890798
20.384273 4885391
20.388488 4884064
20.389376 4882940
20.398414 4880428
20.399670 4878203
20.400379 4839718
20.444593 4826981
20.453081 4821101
20.454498 4789365
20.662418 4787713
20.687950 4785021
21.397608 4775719
21.398147 4765705
21.398680 4748709
21.399053 4734151
21.399936 4734086
21.405550 4717037
21.417048 4683006
21.461296 4668303
21.469583 4664389
21.471005 4632653
21.687212 4625174
22.413074 4615872
22.413613 4605858
22.414146 4588862
22.414505 4574304
22.418024 4573103
22.419274 4567505
22.420158 4566381
22.430542 4563869
22.431800 4561644
22.432510 4523159
22.475306 4510422
22.485202 4504542
22.486621 4472806
23.429321 4447805
23.429698 4410192
23.440366 4404822
23.449262 4368940
23.536641 4354660
23.552372 4340623
23.555296 4330674
24.263224 4330070
24.450411 4305069
24.450775 4267456
24.469793 4226204
24.570191 4213532
24.574627 4211539
24.658345 4210279
24.817177 4201190
25.465735 4176189
25.466153 4138576
25.485152 4097324
25.562149 4083044
25.590303 4082659
25.673933 4081399
26.111981 4063603
26.483420 4038602
26.483789 4000989
26.491346 3995619
26.502778 3959737
26.579366 3945457
26.607544 3945072
27.496273 3920071
27.496637 3882458
27.522497 3878084
27.548292 3865566
27.596486 3847977
27.761699 3845052
27.767495 3842327
28.133091 3838619
28.358188 3837479
28.477680 3811440
28.511235 3786439
28.511597 3748826
28.537430 3744452
28.545916 3709425
28.619383 3696606
29.526353 3671605
29.526903 3663735
29.527439 3649014
29.531502 3637164
29.535917 3628622
29.680832 3624746
29.715151 3600458
29.725252 3596458
30.185286 3593861
30.542828 3568860
30.543366 3560990
30.543900 3546269
30.547947 3534419
30.562434 3528190
30.566137 3526793
30.566862 3526589
30.708076 3526328
30.709847 3524684
30.733440 3487408
30.894630 3474070
31.304561 3459539
31.558858 3434538
31.559397 3426668
31.559933 3411947
31.563980 3400097
31.570165 3391555
31.714766 3387679
31.749019 3363391
31.757318 3359391
32.575303 3334390
32.575842 3326520
32.576377 3311799
32.580425 3299949
32.586579 3291407
32.731074 3287531
32.765360 3263243
32.864006 3261850
33.588333 3236849
33.588875 3228979
33.589413 3214258
33.590844 3203057
33.607930 3196179
33.609702 3194862
33.627865 3194594
33.752723 3179983
34.347801 3171455
34.606251 3146454
34.606790 3138584
34.607346 3123863
34.608752 3112662
34.625780 3105784
34.627551 3104467
34.636681 3104387
34.645693 3104199
34.770038 3089588
34.793780 3065002
34.893250 3049844
35.629249 3024843
35.629791 3016973
35.630328 3002252
35.633854 2991800
35.638973 2981860
35.941528 2978284
36.383155 2972181
36.645758 2947180
36.646299 2939310
36.646855 2924589
36.650362 2914137
36.661637 2913388
36.665352 2906510
36.668174 2904909
36.833713 2897936
37.662991 2872935
37.663529 2865065
37.664062 2850344
37.669852 2840267
37.678864 2839143
37.682562 2832265
37.697692 2830948
37.831614 2830119
38.323446 2826376
38.677490 2801375
38.678031 2793505
38.678566 2778784
38.684410 2768707
38.693418 2767583
38.697140 2760705
38.712333 2759388
38.846100 2758559
39.695866 2733558
39.696407 2725688
39.697815 2700515
39.711732 2699766
39.715469 2692888
39.730606 2691571
40.715101 2685392
40.715465 2682239
40.715649 2652667
40.716182 2651532
40.718462 2635229
40.753620 2632063
40.767006 2631755
40.786710 2625857
41.731286 2620771
41.731827 2612561
41.732188 2567813
41.889539 2560446
42.746376 2555360
42.746934 2547150
42.747643 2520407
42.749919 2504104
43.026926 2503754
43.157967 2500759
43.763462 2495673
43.764003 2487463
43.764715 2460720
43.767016 2444417
44.049557 2444067
44.796547 2438981
44.797088 2430771
44.797797 2404028
44.812748 2393463
44.848266 2392336
45.815188 2391278
45.825718 2386936
45.826434 2381088
45.826620 2356024
45.831583 2341732
46.654742 2337237
46.829518 2336179
46.840961 2298150
46.844166 2297198
47.755531 2297144
47.803119 2290747
47.804883 2290626
47.846122 2289568
47.857575 2251539
48.776004 2245732
48.866442 2244674
48.877898 2206645
49.871122 2205869
49.883286 2204811
49.894713 2166782
50.874567 2165244
50.897243 2164186
50.908710 2126157
51.924154 2117643
51.925577 2117590
51.930173 2108658
51.996641 2107236
52.014769 2101702
52.079300 2099913
52.145639 2089779
52.943714 2081265
52.945139 2081212
52.949735 2072280
53.016191 2070858
53.034355 2065324
53.098496 2063535
53.259793 2058395
53.957745 2049881
53.959201 2049828
53.963804 2040896
54.030338 2039474
54.048512 2033940
54.112820 2032151
54.692055 2028772
54.974077 2020258
54.975529 2020205
54.980127 2011273
55.046623 2009851
55.064775 2004317
55.128972 2002528
55.955011 1999886
55.987792 1991372
55.989211 1991319
55.993811 1982387
56.060221 1980965
56.078362 1975431
56.142782 1973642
57.003587 1965128
57.005010 1965075
57.009606 1956143
57.076212 1954721
57.094336 1949187
57.905869 1948225
57.984769 1947515
58.019624 1939001
58.021044 1938948
58.025630 1930016
58.060749 1908904
59.023809 1908307
59.024001 1908061
59.024184 1902917
59.025242 1898524
59.028068 1897387
59.041677 1891405
59.082000 1889603
59.523409 1884449
60.041329 1883852
60.041518 1883606
60.041702 1878462
60.042757 1874069
60.045584 1872932
60.059186 1866950
60.099532 1865148
60.650318 1860362
60.892333 1860233
61.057597 1859636
61.057786 1859390
61.057971 1854246
61.059054 1849853
61.061861 1848716
61.075454 1842734
61.115881 1840932
61.665345 1832982
62.075067 1832385
62.075258 1832139
62.075442 1826995
62.076499 1822602
62.079323 1821465
62.092869 1815483
62.133165 1813681
62.654682 1776771
63.088568 1776174
63.088758 1775928
63.088942 1770784
63.090002 1766391
63.092828 1765254
63.106412 1759272
63.146759 1757470
63.900250 1748735
64.106195 1748138
64.106385 1747892
64.106569 1742748
64.107646 1738355
64.110450 1737218
64.124053 1731236
64.164315 1729434
65.017972 1726386
65.120627 1725789
65.120817 1725543
65.121000 1720399
65.122056 1716006
65.124880 1714869
65.138484 1708887
65.178756 1707085
66.125347 1706815
66.136948 1706218
66.137136 1705972
66.137320 1700828
66.138382 1696435
66.141209 1695298
66.154858 1689316
66.195106 1687514
67.151306 1686917
67.151496 1685948
67.152555 1684198
67.152914 1681701
67.153273 1681209
67.155229 1677288
67.155590 1675997
67.169197 1670015
67.384728 1663952
68.168548 1663355
68.168739 1662386
68.169800 1660636
68.170160 1658139
68.171937 1657965
68.172823 1652435
68.186464 1646453
68.419214 1644294
69.185034 1643697
69.185224 1642728
69.186282 1640978
69.186642 1638481
69.187362 1635780
69.202893 1626795
69.909690 1626305
70.199334 1625708
70.199529 1624739
70.200593 1622989
70.200955 1620492
70.201663 1617791
70.217196 1608806
71.228552 1606671
71.337016 1605691
71.354603 1598671
71.616536 1594369
72.014522 1592248
72.245649 1590113
72.353505 1589133
72.371040 1582113
72.632858 1577811
73.259370 1575676
73.367454 1574696
73.385105 1567676
73.785812 1565270
74.275242 1563135
74.383594 1562155
74.401691 1555135
74.781811 1554681
75.297056 1552546
75.405084 1551566
75.422658 1544546
76.314265 1542411
76.409237 1540104
76.491800 1529710
77.328759 1527575
77.423614 1525268
77.718062 1522577
78.018477 1520605
78.068667 1520406
78.344156 1518271
78.439569 1515964
78.733229 1513273
79.035382 1511301
79.361967 1509166
79.457318 1506859
79.750553 1504168
80.181962 1502642
80.344532 1502447
80.378382 1500312
80.381578 1500016
80.473385 1498005
80.767962 1495314
81.199639 1493788
81.396367 1491653
81.399571 1491357
81.491489 1489346
81.785761 1486655
82.311986 1485684
82.414464 1483549
82.417669 1483253
82.509471 1481242
82.803343 1478551
83.369109 1478204
83.434538 1475773
83.526484 1473762
83.820248 1471071
84.391784 1470018
84.450427 1467883
84.451871 1467587
84.545392 1465576
84.840331 1462885
85.469322 1460750
85.470752 1460454
85.564402 1458443
86.106326 1457844
86.106518 1456458
86.489669 1454323
86.491102 1454027
86.584441 1452016
87.132985 1449520
87.513557 1447385
87.515004 1447089
87.606730 1445078
88.471835 1444968
88.505551 1444859
88.506990 1443701
88.511745 1443492
88.529340 1441357
88.530767 1439837
88.622693 1439050
89.490224 1438940
89.523917 1437975
89.525327 1437300
89.641401 1432858
90.508808 1432748
90.659549 1428306
91.770889 1425468
92.103791 1424352
92.356849 1424191
92.585011 1423934
92.807214 1421096
93.147561 1419980
93.395646 1419819
93.834602 1416981
94.165636 1415865
94.403427 1414978
94.852053 1412140
95.184053 1411024
95.872053 1408186
96.403192 1408103
96.670103 1407762
96.680280 1407482
96.682742 1407415
96.891815 1404577
97.421148 1404494
97.687095 1404153
97.909075 1401315
98.435463 1401232
98.711148 1401087
98.922432 1398249
99.451363 1398166
99.938020 1395328
100.969339 1393638
101.215548 1393446
101.982326 1391756
102.746593 1391567
102.999717 1389877
103.785074 1389848
104.015060 1388158
104.777084 1388016
105.035922 1386326
106.181915 1385325
106.380902 1385261
106.725165 1384807
107.199178 1383806
107.397259 1383742
107.788190 1383518
108.216243 1382517
108.414991 1382453
109.236119 1381452
109.852309 1381435
110.255458 1380434
110.874949 1380114
110.875663 1378732
111.274425 1377731
111.898421 1377713
112.290344 1376712
113.514278 1376230
113.626723 1376088
114.533258 1375606
116.016001 1375263
195.537248 1375187
195.573736 1371542
195.624143 1370882
196.053925 1365522
196.409394 1364396
196.410116 1363589
196.411543 1362962
196.428770 1362790
196.553792 1362025
196.590191 1358380
196.640508 1357720
197.199575 1355787
197.415833 1354963
197.424601 1353837
197.425318 1353030
197.426728 1352403
197.443980 1352231
197.568967 1351466
197.605379 1347821
197.655655 1347161
198.215120 1345228
198.439963 1344102
198.440680 1343295
198.442093 1342668
198.459340 1342496
198.584542 1341731
198.620903 1338086
198.671277 1337426
199.454658 1336300
199.455394 1335493
199.457503 1335467
199.457689 1335318
199.474118 1334694
199.599379 1333929
199.600972 1333360
199.636446 1331397
199.702534 1331239
199.703262 1323730
200.471502 1322604
200.472218 1321797
200.490874 1320998
200.615853 1320233
200.617266 1319716
200.782615 1317533
201.185501 1317520
201.487046 1316394
201.487760 1315587
201.506391 1314788
201.631640 1314023
201.633061 1313506
201.799128 1311323
202.501176 1310197
202.501894 1309390
202.520593 1308591
202.645548 1307826
202.646978 1307309
202.647689 1307257
202.974706 1306881
203.519144 1305755
203.519860 1304948
203.538486 1304149
203.663223 1303384
203.664640 1302867
203.665350 1302815
204.532737 1301689
204.533628 1300856
204.533815 1300707
204.553111 1300688
204.677369 1299318
205.428664 1299120
205.552194 1297994
205.553082 1297161
205.553269 1297012
205.572704 1296993
205.696729 1295623
206.583726 1295337
206.583919 1293690
206.602519 1292891
207.541372 1292251
207.598603 1291965
207.598812 1290318
207.617451 1289519
208.578453 1289468
208.615990 1289182
208.616183 1287535
208.634855 1286736
209.636200 1284515
209.674198 1280707
210.638172 1280098
210.638369 1278599
211.531039 1278563
211.617758 1278200
211.671843 1277591
211.672040 1276092
212.578163 1276056
212.718821 1275447
212.719020 1273948
213.895068 1273155
213.948581 1272727
214.243597 1272577
214.297532 1272423
214.727117 1272258
214.768265 1272236
214.912335 1271443
214.964690 1271015
215.258387 1270865
215.312362 1270711
215.742677 1270546
215.928694 1269753
215.980689 1269325
216.274038 1269175
216.328041 1269021
216.942259 1268228
216.994348 1267800
217.288009 1267650
217.956603 1266857
218.008882 1266429
219.214479 1266287
219.395113 1265957
219.556412 1265251
220.230004 1265109
220.415671 1264779
221.259286 1264637
221.686625 1264562
221.889790 1264544
222.274938 1264402
222.702367 1264327
223.291996 1264185
223.710058 1263697
223.710425 1261508
223.727625 1260581
224.307308 1260439
224.947289 1260380
225.326324 1260238
225.959522 1260218
225.964267 1259973
226.345473 1259831
227.991783 1259745
229.012210 1259588
230.039148 1259523
339.605749 1250459
339.882054 1248601
340.068471 1248338
340.432681 1247851
340.641387 1247669
340.897355 1245811
341.084256 1245548
341.448798 1245061
341.913566 1243203
342.100097 1242940
342.929353 1241082
343.977006 1238561
345.011739 1238112
345.011933 1237467
345.148985 1237290
345.742846 1236967
345.744784 1236760
346.025505 1236311
346.025700 1235666
346.163400 1235489
346.760441 1234541
347.043420 1234092
347.043612 1233447
347.181063 1233270
348.061097 1232821
348.061289 1232176
348.613383 1232130
349.075615 1231681
349.075807 1231036
349.807537 1231024
350.090529 1230575
350.090722 1229930
351.124143 1228866
352.259535 1228800
352.288505 1227895
353.409389 1227884
353.470718 1227089
354.426693 1227078
354.713825 1226792
354.714017 1226718
354.751374 1226683
355.440800 1226672
355.727651 1226386
355.727843 1226312
356.457005 1226301
356.752747 1225905
357.471480 1225894
357.809225 1225698
358.485204 1225687
