0.000506 10783251
0.001061 10592294
0.002124 10481086
0.022667 10476941
0.026767 10462395
0.034889 10374980
1.024922 10324016
1.025179 10174787
1.028173 10138315
1.028533 10135548
1.029934 10035513
1.042444 10027321
1.538436 10015019
2.038275 9964055
2.038468 9814826
2.041453 9778354
2.041812 9775587
2.046724 9761948
2.051506 9671505
3.055272 9669901
3.057985 9657679
3.059072 9655915
3.061007 9652861
3.072445 9609551
3.072809 9552590
3.074577 9527119
3.076853 9515123
3.077737 9490755
3.078813 9482584
3.080738 9473038
3.109016 9469247
3.166376 9462690
3.169922 9454446
3.178394 9443156
3.181382 9434821
3.323261 9404748
3.329756 9403684
3.330837 9399495
3.372743 9388361
3.382451 9386667
3.664241 9345716
4.072912 9344112
4.075569 9331890
4.076628 9330126
4.090042 9283762
4.090425 9226801
4.092168 9201330
4.094462 9189334
4.095345 9164966
4.099754 9149660
4.100813 9149532
4.119411 9147274
4.126622 9143458
4.185769 9136901
4.189317 9128657
4.197766 9117367
4.200815 9109032
4.278594 9105589
4.348900 9073706
4.393505 9064066
4.400741 9060878
4.875195 9049809
4.898317 9040245
5.090316 9038641
5.092956 9026419
5.094018 9024655
5.104073 9021601
5.107453 8978291
5.107811 8921330
5.109563 8895859
5.111863 8883863
5.112749 8859495
5.117153 8844189
5.123865 8841778
5.144120 8837987
5.200817 8831430
5.204354 8823186
5.215844 8803561
5.293768 8800118
5.410027 8768822
5.414451 8757101
5.416039 8755407
5.895487 8745306
6.036293 8732058
6.105325 8730454
6.107964 8718232
6.109020 8716468
6.122376 8670104
6.122735 8613143
6.124485 8587672
6.126779 8575676
6.127661 8551308
6.132059 8536002
6.136803 8535874
6.155411 8533616
6.158968 8529800
6.216242 8523243
6.219787 8514999
6.308527 8491931
6.424267 8460635
6.426752 8450408
6.430283 8447220
6.916170 8436151
7.127847 8434547
7.130504 8422325
7.131566 8420561
7.144902 8374197
7.145260 8317236
7.147027 8291765
7.149305 8279769
7.150190 8255401
7.156881 8240270
7.177940 8237709
7.181488 8233893
7.237962 8227336
7.241495 8219092
7.246778 8207802
7.330397 8196024
7.446837 8192730
7.449299 8154501
7.452835 8151313
8.029683 8130695
8.142672 8129091
8.145305 8116869
8.146384 8115105
8.155357 8112051
8.159765 8068741
8.160123 8011780
8.161868 7986309
8.164153 7974313
8.165035 7949945
8.175055 7932228
8.196268 7928437
8.252706 7921880
8.256216 7913636
8.261493 7902346
8.345073 7890568
8.466833 7845857
9.153063 7844253
9.157811 7844134
9.157997 7843648
9.160464 7836809
9.167172 7827220
9.170163 7783903
9.170528 7726942
9.172277 7701471
9.175811 7682761
9.179502 7661340
9.194108 7647415
9.266321 7637948
9.275646 7629240
9.276361 7618697
9.358645 7614220
9.499573 7599519
9.941683 7594067
10.117513 7587260
10.119100 7579140
10.175598 7577536
10.181020 7577417
10.181251 7576931
10.183744 7570092
10.189752 7563550
10.193487 7517186
10.193848 7460225
10.195626 7434754
10.199147 7416044
10.202840 7394623
10.217407 7380698
10.289382 7371231
10.299765 7362081
10.381715 7347503
10.518874 7332802
10.955030 7327350
11.188323 7325746
11.193085 7325627
11.193271 7325141
11.195750 7318302
11.201738 7311760
11.205452 7265396
11.205811 7208435
11.207577 7182964
11.211105 7164254
11.220446 7146600
11.229433 7128908
11.301710 7119441
11.312102 7110291
11.394312 7095713
11.531691 7081012
12.217049 7079408
12.221949 7079289
12.222141 7078803
12.224690 7071964
12.230841 7065422
12.234656 7019058
12.235024 6962097
12.236824 6936626
12.240437 6917916
12.250033 6900262
12.338555 6879370
12.343814 6863953
12.427885 6849375
13.189224 6847567
13.213738 6841216
13.241532 6839612
13.246322 6839493
13.246510 6839007
13.248975 6832168
13.254970 6825626
13.258682 6779262
13.259041 6722301
13.260786 6696830
13.264298 6678120
13.273603 6660466
13.360064 6639574
13.365366 6624599
13.447460 6609579
14.202961 6578246
14.255587 6576642
14.260322 6576523
14.260508 6576037
14.262993 6569198
14.269503 6559609
14.272698 6516292
14.273055 6459331
14.274819 6433860
14.278337 6415150
14.286962 6411328
14.291735 6402241
14.373820 6376604
14.377550 6361187
14.378461 6351086
14.461383 6346609
15.273437 6342858
15.276086 6327965
15.288065 6284655
15.288424 6227694
15.290559 6206028
15.293012 6196613
15.295476 6179268
15.307119 6170604
15.363356 6163723
15.389785 6151296
15.393135 6129550
15.394025 6119449
16.240181 6115245
16.288299 6111494
16.290958 6096601
16.302950 6053291
16.303309 5996330
16.305408 5974664
16.307870 5965249
16.310342 5947904
16.321944 5939240
16.378112 5932359
16.404443 5919932
16.690935 5890870
17.302280 5889147
17.302471 5888661
17.304929 5881822
17.312718 5872233
17.315918 5828916
17.316276 5771955
17.318388 5750289
17.320316 5727774
17.330177 5723952
17.334960 5714865
17.391372 5707984
17.417717 5695557
17.717200 5667790
17.951111 5665499
18.317464 5663776
18.317699 5663290
18.322679 5661748
18.324101 5657290
18.327997 5646862
18.331200 5603545
18.331559 5546584
18.333659 5524918
18.335603 5502403
18.345489 5498581
18.350290 5489494
18.406500 5482613
18.618924 5472030
19.327353 5470011
19.327545 5467504
19.327729 5465975
19.331278 5462982
19.336378 5453386
19.343638 5410076
19.344003 5353115
19.355834 5304689
19.362739 5296025
19.490824 5260278
20.342996 5257703
20.343715 5257645
20.343900 5254567
20.347585 5251230
20.352691 5241634
20.359946 5198324
20.360308 5141363
20.372085 5092937
20.379014 5084273
21.080962 5069370
21.358657 5066795
21.359374 5066737
21.359559 5063659
21.363266 5060322
21.372456 5050733
21.375653 5007416
21.376010 4950455
21.384626 4906274
21.394731 4893365
22.359478 4882433
22.376618 4879858
22.377331 4879800
22.377514 4876722
22.381241 4873385
22.390377 4863796
22.393550 4820479
22.393907 4763518
22.402524 4719337
22.412534 4706428
23.390513 4703853
23.391229 4703795
23.391413 4700717
23.395119 4697380
23.404261 4687791
23.407632 4679552
23.408337 4653100
23.408870 4601775
23.416410 4543332
23.652512 4537841
23.665017 4533537
24.405709 4530962
24.406615 4515113
24.412048 4514893
24.422826 4506661
24.423535 4480209
24.424068 4428884
24.430947 4428253
24.431486 4366196
25.420765 4364473
25.420954 4363987
25.426566 4347559
25.468597 4326694
25.469312 4304431
25.482665 4304309
25.485827 4293717
25.487429 4238401
25.518686 4224319
26.383225 4217613
26.388132 4206149
26.431878 4204426
26.432066 4203940
26.437688 4187512
26.479676 4166647
26.480392 4144384
26.493726 4144262
26.496906 4133670
26.498508 4078354
26.529789 4064272
27.449661 4062549
27.450732 4045848
27.488089 4031068
27.497405 4024770
27.498118 4002507
27.514639 3991793
27.516228 3936477
27.709964 3932619
28.308107 3922720
28.462202 3920997
28.463276 3904296
28.500774 3889516
28.511321 3867482
28.513613 3866168
28.514150 3861382
28.527329 3850241
28.531388 3835546
28.532275 3794498
28.723504 3791067
29.409567 3790991
29.476932 3789268
29.477993 3772567
29.515397 3757787
29.525962 3735753
29.529999 3729226
29.541985 3718512
29.548136 3663196
30.290758 3662399
30.491517 3660676
30.492576 3643975
30.529958 3629195
30.541388 3624844
30.544573 3600634
30.564883 3593353
30.573661 3568548
30.740605 3561512
30.746404 3530746
31.503402 3529023
31.504464 3512322
31.541776 3497542
31.553220 3493191
31.556410 3468981
31.562577 3447696
31.592815 3442753
31.936753 3442633
32.090985 3440413
32.129802 3413667
32.295369 3412984
32.517699 3411261
32.518766 3394560
32.556124 3379780
32.567559 3375429
32.570741 3351219
32.576897 3329934
32.607115 3324991
32.950305 3324871
33.105200 3322651
33.143939 3295905
33.532690 3294182
33.533748 3277481
33.571765 3262701
33.583441 3258350
33.586712 3234140
33.593025 3212855
33.623958 3207912
33.976212 3207792
34.134361 3205572
34.245135 3204668
34.504009 3198467
34.563564 3196744
34.564628 3180043
34.602056 3165263
34.613497 3160912
34.617545 3151317
34.622836 3115417
34.632827 3070245
35.590116 3069554
35.590322 3051608
35.631339 3023095
35.679611 3012190
35.749811 3004905
35.782199 3004887
35.937813 2979008
36.602503 2978317
36.602694 2960371
36.643807 2931858
36.692219 2920953
36.762168 2913668
36.794651 2913650
36.953422 2913243
37.304672 2890895
37.309227 2888675
37.611544 2886952
37.612613 2870251
37.650130 2855471
37.657027 2841525
37.688092 2838528
37.775669 2815864
37.969740 2813182
38.363433 2801525
38.623446 2800443
38.623811 2798134
38.625400 2795814
38.631786 2782888
38.661161 2779744
38.661350 2760039
38.703278 2756451
38.721230 2743470
38.791023 2736185
38.823294 2736167
38.982552 2735760
39.381334 2724456
39.639109 2722437
39.639299 2719930
39.639483 2718401
39.640720 2716247
39.644615 2705819
39.677423 2677306
39.733997 2666401
39.804166 2659116
39.990722 2648963
40.654882 2646944
40.655073 2644437
40.655257 2642908
40.656492 2640754
40.660360 2630326
40.693200 2601813
40.749569 2590908
40.820791 2583623
40.976871 2583158
41.057316 2579885
41.689277 2577866
41.689476 2575359
41.689668 2573830
41.690962 2571676
41.694946 2561248
41.728619 2532735
41.786553 2521830
41.858249 2514545
42.699626 2513463
42.699994 2511154
42.701581 2508834
42.714831 2495908
42.737289 2492764
42.737477 2473059
42.771908 2464398
42.804158 2454703
42.890898 2438684
43.724905 2436665
43.725097 2434158
43.725288 2432629
43.726540 2430475
43.730243 2420047
43.763310 2391534
43.919324 2388369
44.159606 2380357
44.737143 2378338
44.737334 2375831
44.737519 2374302
44.738775 2372148
44.742488 2361720
44.775619 2333207
44.931538 2330042
45.292862 2328377
45.601042 2326155
45.753509 2325073
45.753875 2322764
45.755479 2320444
45.757244 2307518
45.791075 2304374
45.791265 2284669
45.814271 2280492
45.932791 2278196
46.306674 2274175
46.684846 2273841
46.766916 2271822
46.767106 2269315
46.767292 2267786
46.768533 2265632
46.770495 2255204
46.805413 2226691
47.319424 2221861
47.780471 2219842
47.780662 2217335
47.780847 2215806
47.782087 2213652
47.784055 2203224
47.818863 2174711
48.034839 2171777
48.791990 2169758
48.792181 2167251
48.792366 2165722
48.793607 2163568
48.795563 2153140
48.830240 2124627
49.798941 2121994
49.799138 2118916
49.814296 2116418
49.816301 2105990
49.837377 2102514
49.837926 2091207
49.841536 2075073
50.821432 2073054
50.821624 2070547
50.821809 2069018
50.833267 2066864
50.835238 2056436
50.912798 2048484
50.913893 2033028
51.207280 2028299
51.868464 2025666
51.868662 2022588
51.871401 2020090
51.873397 2009662
51.963021 1995354
51.965922 1994735
52.254277 1991107
52.337271 1986375
52.816688 1982636
52.885853 1980003
52.886043 1976925
52.888706 1974427
52.890670 1963999
52.977513 1949691
52.980347 1949072
53.273826 1945444
53.359094 1940712
53.922873 1938079
53.923072 1935001
53.925793 1932503
53.927812 1922075
54.017031 1907767
54.019951 1907148
54.314438 1903520
54.952138 1900887
54.952332 1897809
54.954988 1895311
54.956936 1884883
55.044132 1870575
55.046968 1869956
55.952851 1866565
55.955675 1865430
55.955862 1863901
55.969931 1851319
56.276540 1842321
56.511802 1840388
56.896915 1827891
56.966421 1824500
56.969229 1823365
56.969415 1821836
56.983525 1809254
57.290584 1800256
57.526430 1798323
57.932626 1797513
57.980774 1794122
57.983581 1792987
57.983768 1791458
57.997785 1778876
58.304483 1769878
58.538889 1767945
58.992927 1764554
58.995784 1763419
58.995971 1761890
59.010094 1749308
59.316478 1740310
60.009402 1736919
60.024612 1734599
60.026799 1721673
60.428467 1721030
60.597153 1719903
60.746150 1719181
60.937801 1718284
61.025548 1714893
61.040520 1712573
61.042666 1699647
61.441545 1699004
61.610426 1697877
61.759585 1697155
62.040147 1693764
62.055100 1691444
62.057218 1678518
62.456722 1677875
62.625173 1676748
63.052954 1673357
63.067937 1671037
63.070062 1658111
63.469062 1657468
63.650080 1656800
64.067418 1653409
64.082349 1651089
64.084468 1638163
64.482688 1637520
64.662764 1633965
65.079711 1630574
65.094656 1628254
65.096777 1615328
65.495214 1614685
66.054974 1614436
66.091721 1611045
66.106352 1609910
66.106544 1608381
66.108843 1595799
66.508436 1595156
67.105236 1591765
67.119878 1590630
67.120068 1589101
67.122388 1576519
68.136192 1574816
68.137085 1573871
68.138142 1565216
68.152592 1563127
68.175106 1561819
68.246525 1558611
69.148927 1556908
69.149990 1547996
69.165293 1545219
69.308113 1544162
70.162465 1542459
70.177984 1541514
70.179249 1538747
70.180143 1537672
70.215684 1537532
70.216226 1536016
70.217468 1535677
70.269770 1535356
70.457528 1529891
71.174720 1528188
71.190168 1527243
71.191426 1524476
71.192314 1523401
71.227961 1523261
71.228504 1521745
71.229747 1521406
71.282028 1521085
71.339638 1503856
71.468246 1497629
72.189377 1495926
72.204828 1494981
72.206069 1492214
72.206981 1491139
72.242468 1490999
72.243008 1489483
72.244248 1489144
72.296345 1488823
72.353750 1471594
73.215909 1469891
73.217177 1468587
73.233032 1466179
73.233953 1465104
73.270362 1464964
73.270921 1463448
73.272195 1463109
73.325807 1462788
73.398600 1462042
73.437158 1457629
74.242498 1455926
74.243740 1454622
74.259226 1452214
74.260118 1451139
74.295631 1450999
74.296171 1449483
74.297413 1449144
74.349815 1448823
74.420664 1448077
74.773454 1446052
74.773645 1440389
75.258132 1438686
75.259391 1437382
75.274831 1434974
75.275723 1433899
75.311150 1433759
75.311691 1432243
75.312929 1431904
75.365077 1431583
75.435812 1430837
75.779338 1430716
75.865088 1429321
75.888197 1429079
75.963961 1428378
76.270944 1426675
76.272181 1425371
76.287636 1422963
76.288526 1421888
76.324190 1421748
76.324732 1420232
76.325976 1419893
76.378234 1419572
76.449285 1418826
76.792418 1418705
76.878166 1417310
76.901307 1417068
77.283753 1415365
77.284985 1414061
77.300455 1411653
77.301345 1410578
77.336775 1410438
77.337314 1408922
77.338575 1408583
77.390959 1408262
77.461854 1407516
77.806741 1407395
78.299447 1405692
78.300686 1404388
78.316141 1401980
78.317032 1400905
78.352634 1400765
78.353176 1399249
78.354434 1398910
78.406630 1398589
78.477370 1397843
79.311572 1396140
79.312813 1382859
80.344630 1382226
80.363153 1381782
80.364913 1378242
80.381469 1375735
80.401829 1374053
80.634954 1373877
80.934245 1373478
80.946024 1373338
81.358485 1372705
81.376968 1372261
81.378736 1368721
81.395262 1366214
81.415633 1364532
81.648685 1364356
82.138332 1364299
82.147126 1364278
82.231887 1363933
82.373805 1363300
82.392237 1362856
82.393993 1359316
82.410539 1356809
82.430918 1355127
82.663231 1354951
83.151760 1354894
83.160520 1354873
83.386316 1354240
83.404802 1353796
83.406582 1350256
83.423068 1347749
83.443433 1346067
83.675702 1345891
84.210647 1345879
84.398039 1345246
84.416564 1344802
84.418340 1341262
84.434901 1338755
84.455299 1337073
84.688169 1336897
85.414751 1336264
85.433165 1335820
85.434955 1332280
85.451489 1329773
85.472064 1329731
85.523463 1329220
85.524176 1328751
86.266927 1328636
86.426981 1328003
86.445520 1327559
86.447290 1324019
86.463810 1321512
86.484287 1321470
86.535787 1320959
86.536498 1320490
87.439799 1319857
87.458327 1319413
87.459740 1312791
88.464229 1312158
88.482665 1311714
88.501001 1310193
88.537524 1310144
88.537889 1307229
88.539837 1306084
89.479198 1305451
89.497635 1305007
89.515935 1303486
89.516127 1303476
89.572056 1299935
90.499196 1299302
90.518158 1298858
90.536986 1297337
90.537184 1297327
90.628776 1296839
90.664429 1294077
91.526529 1293444
91.544951 1293000
91.563278 1291479
91.563470 1291469
91.770629 1289308
92.117307 1288442
92.541526 1287809
92.559972 1287365
92.578257 1285844
92.578449 1285834
92.785267 1283673
93.238260 1283592
93.554609 1282959
93.573101 1282515
93.591415 1280994
93.591607 1280984
93.798927 1278823
94.577807 1278190
94.596842 1277746
94.615686 1276225
94.615884 1276215
94.861269 1275886
95.470358 1275368
95.489026 1274720
95.623042 1274087
95.642129 1273643
95.661037 1272122
95.661236 1272112
95.906288 1271783
96.505974 1271265
96.612255 1270855
96.652888 1270222
96.671405 1269778
96.689708 1268257
96.689900 1268247
96.927766 1267918
97.520841 1267400
97.667938 1266767
97.686460 1266323
97.704785 1264802
97.704976 1264792
97.942422 1264463
98.682879 1263830
98.701310 1263386
98.719589 1261865
98.719780 1261855
99.336091 1261542
99.692135 1260909
99.710634 1260465
99.728835 1258944
99.729026 1258934
100.702505 1258301
100.720898 1257857
100.739147 1256336
101.713764 1255859
101.767489 1255557
102.346717 1253998
102.724326 1253521
102.777847 1253219
103.368009 1252464
103.642351 1252073
103.736208 1251596
103.789777 1251294
104.380016 1250539
104.699420 1250308
104.747778 1249831
104.801349 1249529
105.392701 1248774
105.715918 1247707
105.814133 1245998
106.721662 1243692
106.824837 1243191
107.416748 1242158
107.837088 1241657
108.458711 1241593
108.517210 1241534
108.607767 1241352
108.734871 1241145
108.849194 1240644
109.472800 1240580
109.531028 1240521
109.621772 1240339
109.863330 1239838
110.486595 1239774
110.544986 1239715
110.877308 1239214
111.502095 1239150
111.894603 1238649
112.945827 1238486
112.963992 1237858
112.999806 1237798
113.034801 1237222
113.152623 1234885
114.101495 1234744
114.356583 1234743
114.695658 1234631
114.865402 1233380
115.114115 1233372
115.368307 1233238
115.707961 1233126
116.125831 1233118
116.381197 1232984
116.892814 1232916
117.138733 1232908
117.393487 1232774
118.150432 1232766
118.585776 1232699
119.165356 1232691
119.748602 1232648
120.202988 1232640
121.168581 1230883
219.943645 1230778
220.612054 1230157
220.672809 1230081
220.819621 1229905
220.956404 1228903
221.624225 1228282
221.832134 1228106
221.969050 1227104
222.679447 1226801
222.846315 1226625
222.983804 1225623
223.859566 1225447
224.076968 1224788
224.195467 1224558
224.710128 1224557
224.873362 1224381
225.090242 1223722
225.211838 1223492
225.910805 1223316
226.134001 1222657
226.694803 1222525
226.931057 1222349
227.147795 1221690
227.941991 1221514
228.292917 1221208
228.494243 1220884
228.958443 1220708
229.307487 1220402
229.718656 1220386
229.860238 1220216
229.972195 1220040
230.322489 1219734
230.733193 1219718
230.986613 1219542
231.337055 1219236
232.001890 1219060
232.857095 1219029
232.857286 1218816
233.015503 1218640
234.396583 1218589
