0.000456 10629020
0.000681 10523737
0.000882 10344416
0.002451 10145579
0.002847 10133815
0.003618 10025788
0.003817 9905661
0.004227 9814641
0.004808 9682975
0.005004 9532806
0.005200 9531308
0.005586 9256908
0.005973 9213163
0.006745 9121894
0.006941 9050867
0.007138 8964780
0.007333 8960030
0.007954 8942700
0.008153 8900426
0.008348 8879416
0.008542 8876905
0.008737 8855470
0.010078 8824179
0.010465 8805364
0.010855 8786063
0.011051 8671072
0.011245 8664426
0.011633 8579260
0.012226 8503689
0.012423 8454662
0.013193 8438544
0.013963 8423832
0.014158 8404939
0.014738 8369210
0.014933 8362915
0.015925 8304304
0.016124 8293709
0.016703 8211913
0.017090 8202826
0.018237 8141562
0.019199 8125638
0.020171 8058116
0.020367 8026499
0.020945 7836263
0.021140 7721641
0.021911 7711426
0.022108 7705391
0.022301 7627372
0.023067 7592318
0.023454 7542700
0.024613 7505183
0.025568 7451423
0.026145 7446140
0.026341 7439168
0.026728 7405609
0.026923 7400461
0.027117 7377362
0.027315 7376786
0.028098 7352457
0.028296 7259231
0.029258 7151543
0.030221 7122027
0.030417 7114129
0.031188 7017332
0.032742 6889694
0.033135 6846668
0.034408 6825886
0.036181 6791976
0.036430 6734648
0.037388 6723383
0.037591 6673240
0.040079 6619306
0.041053 6612387
0.041444 6598381
0.042405 6586414
0.043756 6552140
0.044737 6529310
0.045898 6508331
0.048995 6495535
0.051872 6467242
0.052474 6364425
0.055529 6346814
0.056121 6207508
0.056319 6206509
0.056900 6005342
0.057291 6004820
0.062849 5978895
0.064221 5912255
0.066137 5880532
0.066913 5838838
0.067687 5629910
0.068686 5629760
0.070609 5590915
0.072364 5565213
0.072564 5533921
0.076607 5495421
0.078339 5486881
0.082171 5477386
0.082945 5451535
0.093113 5284244
0.097568 5231404
0.101796 5230383
0.104123 5150156
0.107774 5145673
0.112629 5089806
0.113841 5082023
0.118444 5058884
0.119447 5046500
0.120655 5023519
0.126221 4985333
0.130383 4979279
0.130590 4938588
0.131594 4933871
0.132015 4887876
0.135383 4830239
0.139179 4811234
0.142165 4788933
0.142569 4776832
0.142974 4761154
0.145758 4713443
0.146954 4700870
0.147360 4643037
0.148990 4617032
0.149992 4573882
0.150398 4557066
0.151393 4503677
0.152806 4467044
0.153803 4456042
0.155792 4440467
0.157190 4438484
0.162357 4303202
0.169699 4302978
0.171291 4285729
0.171497 4241973
0.171703 4240565
0.180939 4215614
0.183129 4200970
0.184328 4198648
0.190087 4192015
0.191632 4147745
0.192620 4142827
0.193012 4129589
0.200146 4117312
0.201691 4108214
0.202651 4089701
0.219740 4037791
0.237625 4012950
0.238974 3985536
0.242625 3984435
0.245146 3973332
0.245347 3968378
0.245927 3961510
0.252465 3959821
0.257649 3950031
0.294650 3927448
0.295817 3924661
0.296025 3919868
0.297182 3913489
0.298143 3880298
0.316549 3843227
0.316945 3807818
0.318672 3794062
0.320993 3735024
0.340403 3724530
0.342902 3721387
0.344262 3697635
0.346377 3678959
0.350601 3673840
0.350802 3658447
0.351190 3647879
0.351578 3636507
0.385613 3561163
0.386012 3553901
0.386403 3544073
0.387563 3516622
0.415664 3470404
0.464555 3429719
0.466485 3381868
0.467068 3373007
0.468237 3352451
0.480332 3335516
0.485515 3335183
0.485718 3334473
0.486494 3326533
0.490910 3326014
0.515428 3324494
0.570055 3304314
0.579835 3288720
0.584840 3271837
0.586194 3268175
0.590255 3261031
0.593134 3232991
0.593336 3218655
0.616146 3196105
0.618830 3174290
0.620391 3172690
0.621933 3168144
0.626148 3139423
0.641652 3124063
0.642626 3123768
0.643989 3105673
0.647441 3041383
0.650522 3035983
0.655304 3035099
0.658573 3017325
0.658964 3008585
0.663368 2982533
0.669337 2979697
2.930210 2968635
2.930461 2964524
2.931475 2961764
2.938478 2922338
2.944492 2913849
2.946288 2910319
2.952871 2908469
3.083760 2893690
3.107902 2820953
3.111045 2777101
3.114612 2773750
3.116718 2739116
3.118181 2737097
3.140265 2723298
3.144658 2701572
3.147177 2680998
3.156383 2669967
3.156807 2638942
4.839106 2637883
4.841385 2630182
4.876822 2540238
4.882435 2517010
4.882641 2488625
6.303297 2476653
6.304187 2468937
6.926972 2461732
6.958986 2436714
9.750600 2403616
9.758287 2394183
9.766696 2390048
9.821499 2371559
9.839276 2356172
9.841499 2345391
9.856801 2345186
10.073959 2342008
10.078406 2335878
10.079250 2306356
10.766413 2302938
10.807515 2295338
10.810041 2293773
10.838324 2269719
10.953855 2251269
10.958524 2208424
10.975662 2201009
11.186966 2195215
11.188805 2178214
11.208546 2173403
11.209748 2172218
11.241655 2162117
11.484450 2141061
11.486254 2107327
11.499060 2095330
11.509839 2092839
11.516411 2087663
11.560828 2071167
11.596942 2047164
11.597352 2040305
11.602717 2038934
11.606719 2032789
11.740134 2025028
11.743115 2020402
11.772780 2016120
12.526252 2010196
12.773581 2007172
12.777155 2000019
16.141769 1968346
16.143606 1945712
16.220273 1940612
16.272621 1931466
18.131910 1922266
18.762342 1918474
18.769561 1911845
18.771760 1908792
18.771980 1901313
18.914863 1898962
19.025155 1862073
19.034220 1861564
19.034428 1857551
19.049181 1852753
19.050981 1851443
19.092293 1849728
19.092505 1849707
19.092909 1847206
19.093109 1828808
19.181050 1826224
19.186619 1808517
19.688121 1807541
19.689332 1806820
19.817397 1806729
19.818007 1804488
19.820014 1801504
19.821418 1799357
19.825812 1777756
19.841731 1777517
19.846312 1775086
19.852095 1769656
19.878536 1763940
19.883325 1756021
19.883728 1746684
19.887728 1746566
19.889133 1745627
19.901151 1741839
19.901963 1738896
23.522608 1732546
23.533316 1728594
23.752100 1724479
23.765944 1723434
23.785568 1720959
25.435659 1718319
25.438099 1692995
25.445125 1686592
25.515053 1686019
25.530864 1679098
25.535683 1667615
25.592692 1666669
25.598482 1658855
26.530405 1643614
26.549332 1643483
26.564474 1643232
26.579206 1643118
26.616873 1640059
26.617281 1627434
26.625243 1616772
27.332127 1613114
27.332541 1606576
27.341325 1604314
27.341729 1604191
27.602114 1604067
27.604347 1603154
27.634693 1596072
27.668509 1587210
27.670705 1578696
27.679287 1573756
27.727960 1571272
27.730944 1561427
27.866906 1559758
27.871329 1550451
27.885495 1545974
36.477096 1544338
36.480641 1542755
36.483844 1542085
36.485461 1534649
36.487656 1529730
36.499000 1525877
36.515897 1524567
36.847548 1513074
36.880859 1510687
36.887011 1510491
36.900568 1509345
36.902957 1505083
36.918270 1502874
37.027787 1499446
37.032350 1495468
37.249711 1491661
37.301779 1489659
37.313363 1489546
37.335030 1487289
37.345940 1485893
37.360273 1485333
37.382375 1478939
37.387962 1478639
38.601505 1475979
38.616239 1475539
38.692739 1464740
38.701686 1458167
38.711284 1456173
38.718194 1449684
38.718407 1449245
38.740550 1449135
38.792695 1444399
38.830262 1437233
38.945299 1433491
38.957644 1424639
38.967674 1424275
39.002448 1424095
39.084672 1418687
39.123748 1417672
39.166837 1415409
39.205367 1414277
39.206837 1413907
39.225965 1411813
39.249941 1411005
39.447492 1405557
39.511241 1400404
39.549712 1386681
39.775773 1383455
39.778704 1382277
39.809944 1372410
40.721554 1367177
40.775940 1366027
40.789480 1363782
42.570898 1362245
42.577831 1361225
42.580370 1360563
43.766225 1359718
43.881737 1357824
43.912370 1357040
44.339630 1356207
44.346094 1354619
44.512108 1349654
44.549994 1343434
44.626552 1339573
44.708074 1338971
44.736035 1338831
44.868447 1338651
46.289602 1338553
46.357069 1338497
46.364397 1337052
46.374834 1336247
46.414022 1333564
46.415934 1333210
46.617955 1326213
46.676325 1322034
46.958315 1319997
47.018426 1319145
48.964364 1319004
49.078678 1316128
49.187475 1307078
49.244969 1300921
49.265768 1299792
49.270754 1299202
49.352959 1299054
49.364707 1299000
49.436541 1295586
49.472771 1290590
49.481944 1289060
49.638331 1288723
49.706122 1287617
49.722140 1286297
49.743029 1277957
49.779943 1276851
55.352328 1273822
55.389671 1273293
55.880044 1272677
55.899742 1269647
57.314827 1269265
57.358943 1265046
59.963596 1260892
59.979586 1259992
60.385294 1257685
60.391102 1253516
62.327698 1253205
62.469043 1251276
62.498566 1251152
62.503988 1247053
62.569441 1246019
62.572841 1244568
62.574043 1243764
71.834688 1242764
71.964204 1241996
72.020005 1241005
72.046893 1238653
72.094875 1235655
73.807182 1234860
73.836206 1234655
74.855231 1234651
74.867810 1233766
76.006582 1233198
76.163588 1232322
76.330132 1231911
76.361700 1231479
76.486125 1226272
77.030308 1224670
77.627993 1222035
77.657773 1220345
78.100203 1220054
78.134502 1220026
78.136528 1219057
78.381368 1217816
78.556775 1215850
80.074186 1215629
80.093092 1213812
80.124510 1213151
81.176840 1213095
81.195377 1213092
81.463651 1211933
81.875251 1211377
82.175991 1211170
82.447528 1211114
82.463377 1210909
82.949998 1209535
83.163947 1209270
83.182597 1209065
83.513895 1208706
83.572467 1208703
83.766729 1208505
83.900837 1208063
84.218849 1207893
87.390467 1207773
87.419964 1207661
87.424336 1207435
87.437708 1206870
87.503839 1206819
87.737609 1206616
99.733108 1206248
99.801673 1205683
99.908448 1205681
99.983210 1205457
101.311996 1204807
101.400295 1202548
101.640870 1202117
101.684578 1201703
101.836561 1200897
102.082544 1199156
102.441647 1198951
103.706878 1198686
103.970745 1198212
104.519777 1198005
104.834687 1197247
446.702410 1197088
446.868896 1196559
447.365184 1195971
447.373795 1195442
451.535235 1194898
451.542887 1192471
451.549881 1192270
451.599092 1192102
453.001627 1188841
453.107408 1188247
453.113497 1187906
463.233968 1186686
463.238312 1185508
463.536684 1185069
463.597389 1184673
463.951227 1184276
464.610164 1183686
467.391440 1182959
467.627286 1182832
467.777329 1182831
468.269956 1182347
468.294096 1181126
468.505956 1180448
468.786971 1179911
474.667767 1179797
474.701127 1179316
475.121927 1178338
475.146854 1178131
475.216151 1177633
476.055353 1177536
476.212451 1177159
490.819302 1177115
493.622726 1176916
494.275633 1176774
495.127179 1176659
495.272734 1176452
496.121749 1176387
510.370700 1176211
