0.000646 10558801
0.001104 10461304
0.001499 10456075
0.001900 10443550
0.002112 10424125
0.002537 10384662
0.003310 10282326
0.003888 10258374
0.004653 10051053
0.004849 9880845
0.005828 9820979
0.006217 9788532
0.006828 9753155
0.007024 9748484
0.007414 9646216
0.007997 9515697
0.008770 9514218
0.010298 9490530
0.010522 9332345
0.010915 9302345
0.012264 9300816
0.012459 9267183
0.012843 9216648
0.014380 9162000
0.014769 9073795
0.014964 8988916
0.015159 8950028
0.015353 8933706
0.016115 8887192
0.016310 8826697
0.016505 8737149
0.017079 8628909
0.018617 8372008
0.019004 8354317
0.019385 8341775
0.019769 8180098
0.020346 8075350
0.021486 8015074
0.022246 7986469
0.022649 7968081
0.023036 7891604
0.023418 7845158
0.024369 7841013
0.025129 7803193
0.025325 7801918
0.025519 7794106
0.026285 7732597
0.027254 7692536
0.032382 7667507
0.032769 7586913
0.035060 7585951
0.036769 7578299
0.037156 7411968
0.038497 7364294
0.038886 7300408
0.039648 7126501
0.040983 7021882
0.044810 6932494
0.054238 6880868
0.055251 6877183
0.056026 6856592
0.057170 6822085
0.058705 6809831
0.059475 6801312
0.059862 6794099
0.061008 6731238
0.062542 6669931
0.062741 6574013
0.063127 6572122
0.064840 6487287
0.066393 6283246
0.068112 6241022
0.068499 6199254
0.069645 6106098
0.070221 6061465
0.070656 6052360
0.070851 6044140
0.072375 6007647
0.074274 6004925
0.076955 5951832
0.082623 5915554
0.087861 5712241
0.088252 5709306
0.089018 5698529
0.090575 5687190
0.090775 5590399
0.092676 5539808
0.095738 5481400
0.096778 5395354
0.100714 5380820
0.103267 5322908
0.104650 5301638
0.105052 5270225
0.106813 5237221
0.111252 5233959
0.113924 5214168
0.115686 5078223
0.118169 5061875
0.118961 5058303
0.127761 5047425
0.128347 4876312
0.129500 4829875
0.130487 4725828
0.131066 4724583
0.133542 4710096
0.133741 4674596
0.135093 4608168
0.175008 4556723
0.177868 4551257
0.179234 4535822
0.183246 4491832
0.186704 4491716
0.188808 4465334
0.189766 4419066
0.190344 4418401
0.192845 4402491
0.197236 4366955
0.197437 4335870
0.200315 4302138
0.212831 4294006
0.215022 4288680
0.219945 4245631
0.221524 4245312
0.226890 4208734
0.230451 4208320
0.231054 4202107
0.231853 4147467
0.236801 4116435
0.238189 4111723
0.240181 4013072
0.245309 3904036
0.246523 3891975
0.249859 3875316
0.250497 3858706
0.254441 3837347
0.256222 3824255
0.256630 3819256
0.267112 3793001
0.268496 3753946
0.270629 3743310
0.271592 3707744
0.275072 3657189
0.275465 3597588
0.283098 3587402
0.285962 3586349
0.288082 3580052
0.494862 3554392
0.495270 3550240
0.602537 3538997
0.605017 3515239
0.609965 3509772
0.614770 3493136
0.616678 3492555
0.620688 3461244
0.655577 3437812
0.724726 3421114
0.726115 3418745
0.746471 3417260
0.749634 3413199
0.749843 3365489
0.750048 3343273
0.751260 3335833
0.752453 3314541
0.762963 3274526
0.764119 3259251
0.766212 3254925
0.769274 3176519
0.775201 3162172
0.779604 3116899
0.779995 3116765
0.782677 3113364
0.783065 3108239
0.784017 3107703
0.785545 3105177
0.786309 3104103
0.786714 3087828
0.803692 3082954
0.804844 3081780
0.805233 3061385
0.805808 3060145
1.240895 3038843
1.241115 3025056
1.241724 3021937
1.322201 2995631
1.328393 2989719
1.332772 2976407
1.404376 2972731
1.409160 2954639
1.410566 2936776
1.478492 2933348
1.478697 2932007
1.498329 2907856
1.499156 2900686
2.032215 2871113
2.624102 2869683
2.625159 2868078
2.626784 2858830
2.628179 2852844
2.631361 2851351
2.656298 2849892
2.662041 2838861
2.665423 2835187
2.666447 2829524
2.696209 2819165
2.832486 2804866
2.943564 2804213
3.606788 2800382
3.616147 2797548
3.620118 2796205
3.632140 2787229
3.632355 2778485
3.632556 2775954
3.639515 2773575
3.641711 2768203
3.646507 2708954
3.647115 2704889
3.668945 2704338
3.669156 2703172
3.672101 2699057
3.932806 2693904
3.938384 2693082
3.963094 2688016
3.965874 2687978
3.966696 2686523
3.968481 2662363
3.977023 2657341
3.978018 2652135
3.978642 2612180
3.979637 2607270
4.028693 2551954
4.034302 2551027
4.069968 2535270
4.082095 2499846
4.082919 2498509
4.095600 2492065
4.098984 2461909
4.101755 2457448
4.126197 2456813
4.141905 2456344
4.168136 2454465
4.171731 2447737
4.182251 2412164
4.189828 2398986
4.205317 2396789
4.209101 2396063
5.066481 2393886
6.015253 2391439
6.016858 2383194
6.022640 2359353
9.946752 2335224
9.957969 2313656
9.961762 2313290
9.987114 2295917
10.532164 2283368
10.534579 2277235
10.536369 2269193
10.537954 2261595
11.172412 2250720
11.175415 2239714
11.184540 2235090
11.188531 2231697
12.390736 2229567
12.944707 2224816
12.961965 2213023
12.969724 2210606
12.990767 2190176
12.991371 2181719
12.996151 2161517
13.001526 2157978
13.007783 2093724
13.010893 2072172
13.019150 2044489
13.020598 2039033
13.463570 2022135
14.752650 2012867
14.752870 2010650
14.756312 2010619
14.761278 2008765
14.780920 2000645
14.815618 1995787
14.818002 1995081
14.960988 1989165
14.999392 1986390
15.001386 1986261
15.007363 1974134
15.017698 1972740
15.018104 1969358
15.028852 1968557
15.370954 1960023
15.374556 1950137
15.416002 1905241
15.426803 1903074
15.438823 1898717
15.448014 1897949
15.454633 1894836
15.506997 1889861
16.772393 1865886
16.830787 1857927
16.833603 1854484
16.834233 1847239
16.838694 1846671
16.839901 1843007
16.848244 1818714
16.848851 1818460
16.859965 1816444
19.302166 1813199
19.305767 1800622
19.308952 1795741
19.312723 1792079
19.313522 1791538
19.678933 1791134
19.679774 1791027
19.680191 1788072
19.682253 1779145
19.682688 1772865
19.734009 1770177
19.737800 1744370
19.741383 1741793
19.743986 1736848
19.756750 1729403
19.758836 1729144
19.762773 1727324
19.776434 1726913
19.780173 1718789
19.795658 1709805
20.201310 1702165
20.201523 1696840
20.216376 1695826
23.528528 1692362
23.994516 1686858
24.008010 1680354
24.019004 1679271
24.019426 1670976
24.027277 1666789
24.047685 1663711
24.079148 1655642
24.079555 1654838
24.107438 1648425
24.121024 1640546
24.138504 1639190
24.138912 1638331
24.148822 1638050
24.161139 1630513
24.163737 1630284
24.165127 1628875
24.166319 1628829
24.168125 1623398
24.173484 1622321
24.176276 1620789
24.257341 1619511
24.306372 1612767
26.332919 1612514
26.345637 1611734
26.367963 1605151
26.368177 1591293
26.395936 1590786
26.397530 1581644
26.848009 1572974
26.850190 1549085
26.854394 1547963
28.642256 1545458
29.710849 1541867
29.799655 1534040
29.819114 1522705
29.819919 1521319
29.855428 1511574
29.859427 1507765
29.906458 1507154
29.915410 1502202
30.222467 1478500
30.235714 1476243
30.267858 1475264
30.268867 1472352
30.275825 1468055
30.281389 1465283
30.289741 1463747
30.712214 1457217
30.713421 1454151
30.715640 1452046
30.716243 1450944
30.726954 1441318
30.727558 1440772
30.731746 1439638
30.737296 1439039
30.748824 1438100
30.753505 1437982
30.767632 1424548
30.770314 1417443
30.781563 1413346
30.788612 1411378
30.788823 1408122
35.953526 1407179
37.270063 1407070
37.281811 1406068
37.282218 1403112
37.450149 1398733
37.451385 1398587
37.452982 1393771
37.458758 1393695
39.695823 1388523
39.697424 1385675
39.755838 1381661
39.775303 1376650
40.108607 1371004
40.115773 1370671
40.177316 1364381
40.605153 1357702
40.610131 1355163
40.622815 1353155
40.732159 1349614
40.974028 1348333
41.001275 1347827
41.005222 1346628
41.019214 1345538
41.253295 1341602
41.444028 1341183
41.458114 1338520
41.469909 1337417
41.472635 1336818
41.738932 1332224
41.780636 1330878
41.978642 1327763
42.022380 1327471
42.164491 1312378
42.399792 1312003
42.429902 1311449
42.437459 1310115
42.547134 1301842
42.624152 1300665
42.635845 1300568
42.640811 1299708
42.658893 1298318
42.708575 1296735
42.711701 1292190
42.712121 1290615
42.716268 1289888
42.735089 1287290
42.895658 1286197
42.897119 1282596
43.307646 1280585
43.307860 1279016
43.314835 1277492
43.674326 1276941
43.726975 1276152
43.735327 1275535
46.340120 1275419
46.348973 1273729
46.362274 1268337
46.463594 1268257
46.580214 1265689
46.584392 1260154
46.590763 1260139
46.594750 1258712
46.595351 1257732
46.599529 1257712
46.599933 1253721
46.786442 1253701
47.082964 1242698
47.288316 1241548
47.308774 1239534
47.309380 1238991
71.178425 1237384
71.807694 1237176
72.256666 1237056
72.499983 1235848
72.608761 1235489
73.273176 1234819
73.412659 1233951
73.748162 1232244
75.762828 1232108
75.771182 1231472
75.774162 1230762
75.801685 1230208
78.146306 1222235
78.464991 1221405
78.711328 1221124
78.729356 1220699
79.308732 1218670
79.326807 1217166
79.351192 1215385
79.396191 1215257
79.414100 1214988
82.055237 1214105
82.129673 1213288
82.194351 1211983
82.229357 1210557
82.415370 1209062
82.945321 1206957
84.082317 1206748
84.287423 1206547
85.250880 1206317
85.254468 1206238
85.500768 1206023
95.228308 1205675
95.233290 1204855
95.297478 1204648
95.362377 1204617
95.815508 1203265
104.244413 1202969
105.165493 1202488
110.044963 1202411
110.653876 1202346
112.320934 1202150
114.496908 1202030
114.671097 1201940
116.871270 1201930
117.087446 1201723
117.946893 1201559
119.318290 1201469
127.596853 1201435
131.833597 1201384
138.270433 1201242
222.938605 1201191
222.954763 1201029
223.126320 1200978
223.254503 1200888
223.433387 1200265
223.588289 1200214
225.608280 1199791
225.812762 1199740
225.818598 1199486
226.393641 1199147
226.421569 1198731
226.670733 1197944
226.708875 1196347
226.717186 1196325
227.063780 1195837
227.084514 1193272
227.106223 1193062
227.138854 1192358
228.119093 1191027
230.744756 1189364
230.987876 1184681
231.252550 1183575
238.490346 1183239
239.031724 1182241
239.184635 1181988
239.295247 1181654
239.307135 1180754
239.331132 1180519
249.231458 1180100
250.998815 1179944
252.534773 1179328
252.769568 1179013
252.912705 1178788
254.140055 1178712
262.609769 1178053
264.111176 1178051
265.967857 1177600
266.464237 1177436
267.844160 1177294
268.051586 1177089
269.303793 1176835
273.309283 1176388
273.420604 1176323
324.064588 1176272
538.959121 1176262
540.670532 1176211
