0.000474 10253373
0.001502 10114045
0.002086 9981760
0.002856 9938123
0.003053 9928987
0.005738 9923510
0.006127 9892496
0.006324 9889020
0.006712 9887400
0.007294 9797852
0.007490 9791841
0.007686 9778471
0.008261 9683163
0.008463 9655426
0.008656 9495082
0.008850 9479356
0.009068 9325177
0.010219 9140713
0.011367 9084790
0.011768 9059597
0.012218 8988290
0.012783 8852639
0.013517 8809299
0.015961 8757580
0.016820 8736752
0.018085 8691232
0.020341 8649473
0.022652 8521403
0.024739 8505381
0.025135 8501242
0.025332 8485184
0.027045 8464669
0.027432 8450718
0.028571 8445218
0.031995 8428091
0.032194 8424808
0.032999 8337282
0.033197 8319628
0.033583 8237855
0.033778 8209808
0.033972 8090776
0.035682 8068614
0.036448 8039536
0.037992 7882886
0.038189 7870166
0.038385 7802186
0.038577 7782669
0.038772 7762863
0.039157 7669485
0.039730 7660583
0.039925 7521402
0.042026 7457988
0.042222 7340680
0.042798 7337576
0.043563 7337000
0.045490 7336820
0.048047 7262260
0.049934 7173291
0.053863 7155586
0.056143 7146788
0.056532 7137434
0.057900 7134930
0.058288 7085695
0.058484 7073964
0.058679 7009960
0.059063 7009540
0.059450 6994783
0.059838 6984993
0.060415 6971254
0.061767 6855656
0.064444 6765029
0.064837 6764190
0.065252 6702722
0.066019 6689252
0.066402 6643440
0.067168 6638826
0.067557 6627330
0.067948 6578569
0.068185 6570581
0.069824 6561634
0.070597 6435882
0.071172 6435262
0.071935 6405483
0.072132 6397126
0.072327 6342194
0.072713 6334616
0.075212 6314079
0.075603 6213523
0.077161 6082350
0.077550 6057640
0.078315 6020682
0.079649 6006977
0.082146 5980919
0.085771 5964697
0.088815 5892397
0.090168 5797870
0.090935 5771121
0.093994 5766583
0.095143 5738466
0.095721 5736072
0.095916 5630662
0.096304 5615521
0.096500 5615311
0.097099 5613907
0.101662 5559217
0.102242 5558966
0.103954 5542985
0.107422 5507727
0.108570 5493378
0.109920 5428070
0.110498 5419244
0.116187 5275444
0.117556 5249914
0.128958 5124334
0.129356 5108165
0.130499 5083322
0.131264 5067489
0.135450 5065383
0.137191 4906698
0.142340 4901372
0.144434 4895139
0.156572 4885104
0.161862 4880837
0.162076 4861589
0.163045 4802242
0.165356 4771286
0.165572 4756539
0.185750 4747200
0.192237 4728774
0.193437 4715000
0.196296 4683666
0.196684 4640388
0.196881 4632770
0.197095 4624729
0.197670 4590749
0.198056 4512871
0.203759 4503963
0.211741 4471690
0.211942 4442313
0.213484 4441991
0.230284 4441446
0.233172 4436177
0.236229 4436063
0.239121 4385037
0.242009 4368192
0.247161 4333539
0.253665 4314241
0.254248 4296074
0.266614 4274615
0.270051 4266239
0.271767 4235122
0.312334 4192045
0.317316 4168148
0.317517 4156334
0.319424 4104429
0.320003 4096846
0.322299 4096689
0.337166 4062639
0.341185 4031468
0.341577 4016709
0.345979 3980912
0.365068 3922917
0.369279 3908351
0.370431 3887667
0.395038 3849788
0.410473 3812177
0.415232 3777450
0.416973 3766144
0.426133 3762597
0.427664 3761385
0.430161 3760132
0.472052 3754891
0.473799 3731023
0.474569 3724486
0.477818 3712947
0.478397 3703719
0.479732 3686504
0.481663 3674241
0.569056 3666782
0.571916 3662457
0.585805 3651547
0.590002 3573575
0.594393 3526810
0.601055 3494767
0.602972 3489444
0.632315 3476976
0.633138 3476345
0.636952 3476192
0.645740 3472359
0.649959 3470983
0.651354 3413801
0.739912 3397127
0.745631 3348374
0.747024 3346172
0.748019 3343878
0.750602 3299420
0.753963 3299342
0.756126 3298620
0.761860 3289132
0.829659 3284449
0.924916 3282837
0.925892 3256105
0.929145 3254391
0.934664 3233219
0.934871 3185104
0.935450 3184065
0.935839 3182482
0.937195 3174804
0.937393 3168153
0.939870 3080437
1.091542 3069847
1.095379 3057602
1.128512 3056531
1.131775 3020176
1.135205 3016781
1.138446 3009752
1.140931 3007140
1.187106 2973467
1.187522 2967856
2.866916 2952939
2.909769 2949825
2.913394 2900567
2.918362 2882548
2.919167 2879557
3.003900 2874087
3.005330 2833696
3.006533 2796019
3.050770 2790718
3.053977 2773624
3.056753 2752528
3.071884 2751236
3.230397 2682501
4.348790 2677425
4.361567 2618845
4.363768 2592126
4.366569 2587929
4.367966 2587249
4.371969 2582988
4.461817 2566404
4.469962 2557894
4.471353 2555030
4.479116 2462014
4.481708 2460032
4.485696 2458429
4.485898 2447765
8.750550 2436680
8.809545 2431952
8.811943 2425390
8.817922 2419223
8.818130 2414707
8.819723 2414188
8.820724 2411555
8.837972 2407696
8.839967 2406725
8.841771 2404993
8.843158 2382842
8.848119 2381756
8.848320 2380409
10.085430 2375528
10.086487 2374677
10.755939 2349801
10.758449 2347930
10.760852 2343044
10.781572 2335210
10.784548 2329536
10.785767 2326894
10.791722 2320284
10.796090 2319057
10.797306 2312094
10.800852 2311118
10.807233 2282567
10.816151 2282534
10.816354 2279114
10.817565 2278674
11.197496 2277843
11.202883 2277416
11.208430 2265155
11.223559 2260538
11.231899 2258832
11.234513 2256040
11.235115 2254687
11.244796 2249351
11.256715 2244538
11.365639 2220334
12.244037 2213210
12.252454 2205502
12.268978 2203777
12.272755 2200726
12.282505 2195066
12.282710 2141303
12.288288 2117868
12.301223 2109833
12.308932 2096501
12.378452 2078421
12.383599 2071179
12.394085 2061324
12.397859 2057027
12.399453 2040962
12.685166 2034281
12.687754 2033236
12.688553 2032875
12.689393 2028368
12.717949 2025887
12.718154 2021384
12.725528 2016075
14.510278 2012976
14.510728 1986425
14.512541 1982058
14.522300 1974212
14.531254 1957071
14.792738 1951102
14.794174 1934020
14.840704 1899773
14.843718 1894450
14.864197 1893659
15.164244 1893352
15.172584 1880359
15.199391 1872194
15.199998 1870468
15.202413 1864000
15.202616 1861981
19.646374 1860387
19.651209 1859194
19.687895 1834869
19.701455 1817095
19.742350 1816523
20.280580 1815434
20.306149 1809404
20.839135 1808843
20.842322 1804386
20.863890 1803312
21.033002 1802440
21.061795 1799142
21.062414 1799109
21.081898 1770333
21.083104 1748570
24.073004 1746438
24.078024 1736941
24.098890 1732899
24.114217 1727350
25.220834 1723955
25.227209 1710316
25.246237 1709669
25.249639 1708711
25.259366 1702631
25.284329 1700056
25.297350 1678113
25.317799 1673323
25.371804 1659592
25.381769 1658993
25.383171 1650883
25.396486 1649888
25.460953 1646565
25.475039 1644387
25.477632 1641052
25.482203 1640187
25.822848 1564289
26.179402 1561566
26.219313 1543988
26.219924 1541901
26.220947 1541429
26.222544 1535450
26.239827 1535263
26.252112 1535056
26.310104 1514871
26.319257 1513294
26.355840 1512805
26.368778 1506776
26.388577 1506378
27.237405 1506231
29.965366 1501891
29.966005 1499757
29.977816 1468915
29.979474 1468580
29.980938 1460992
29.998866 1455819
29.999496 1450898
29.999917 1448633
30.600356 1448410
31.234315 1446682
31.272567 1444162
31.852516 1444002
31.859094 1438296
31.865093 1434487
31.937095 1428024
31.939493 1413035
31.939696 1408439
31.965666 1389918
33.013051 1389556
33.014855 1387069
33.020216 1386030
33.196623 1382960
33.206650 1379451
33.242811 1377025
33.264445 1375629
33.924728 1371141
40.380145 1371029
40.395043 1367792
40.433516 1366102
40.438705 1364359
40.450607 1364095
40.459548 1363230
40.586435 1356603
40.699766 1351106
40.709321 1350377
41.306732 1347874
41.319111 1347839
41.394713 1347269
41.396926 1347210
41.425752 1347209
41.426957 1344941
41.431337 1344901
44.399047 1344237
44.399859 1341662
44.400062 1340199
44.452772 1337127
44.452999 1336602
44.454597 1329441
44.470465 1328975
44.480217 1328657
44.487386 1328517
44.494177 1327167
44.497195 1325183
44.727959 1323301
44.732342 1323247
44.752997 1323016
44.755582 1322947
44.757981 1322713
44.758383 1322687
44.771444 1319204
44.779787 1318545
44.780391 1313516
45.024017 1310522
50.437175 1309835
50.844593 1307417
50.856945 1306955
51.994920 1298367
52.030740 1298331
52.075764 1294466
52.077227 1293654
52.265622 1293547
52.289043 1292395
52.532467 1290337
52.533131 1286826
55.866792 1284970
55.891463 1284176
55.895073 1282842
55.901853 1279779
56.000931 1277618
56.041611 1271462
56.057576 1270746
57.692130 1266513
57.701100 1265931
59.666018 1261247
60.524728 1258644
60.556546 1258451
60.558360 1257268
60.851196 1256634
60.873210 1255100
61.127842 1252691
61.317405 1247721
62.190302 1247432
62.291101 1246418
62.295711 1245401
62.331222 1245305
62.332427 1244046
62.339413 1243186
62.415334 1241844
62.843901 1241807
62.848877 1241122
62.858804 1236375
70.655485 1234895
70.679173 1233865
70.720992 1233800
73.965957 1233649
73.971359 1232908
73.987091 1231649
74.016458 1231442
74.698827 1231298
74.772763 1230491
74.871432 1230387
74.919166 1230299
75.504743 1230036
75.999431 1229889
76.022885 1227368
77.242877 1227202
77.357742 1226451
77.412799 1226275
77.567650 1225015
78.164619 1223951
78.218036 1223708
78.265819 1223631
78.397283 1222967
78.657898 1221424
78.751902 1221268
78.769432 1221064
82.406974 1220394
82.609521 1219776
82.707590 1219558
83.945817 1217225
83.975645 1217015
83.993794 1216608
84.276753 1216395
84.386268 1216223
84.408128 1216022
84.436000 1215852
84.750100 1215624
85.662714 1214988
85.819067 1214650
87.090254 1213869
87.185499 1213865
87.693558 1213469
88.083439 1213289
88.092391 1213071
91.032109 1212845
93.031119 1212670
93.062227 1212189
95.105460 1211982
96.640504 1211583
101.059310 1210827
105.626359 1210485
120.441499 1210342
124.424114 1210176
124.730269 1210000
129.847906 1209949
235.640856 1209671
236.970589 1208700
237.933724 1208699
238.027057 1208672
238.031665 1208329
238.106466 1207826
238.108072 1206014
238.672229 1205887
238.748967 1204414
239.375508 1202977
239.390795 1202760
239.416277 1202584
239.896677 1202440
242.224760 1202339
256.707480 1202321
257.998320 1202258
258.151149 1201706
258.358439 1201272
258.366624 1200876
258.979550 1200734
259.617537 1200205
261.495407 1199977
261.622537 1199503
264.313839 1199462
264.375600 1197988
265.074741 1197753
267.254522 1197371
272.952810 1197159
274.341168 1196952
276.418111 1196935
287.890578 1196836
288.767356 1196660
406.035598 1196094
406.246738 1195862
406.785346 1194797
407.568438 1194358
408.641028 1193113
408.946352 1193050
409.154654 1192713
410.074350 1191899
410.113745 1191586
415.301869 1191428
417.073020 1191350
417.225583 1191285
417.356357 1190553
417.358187 1189898
426.387347 1189556
433.050778 1189542
436.225438 1189491
464.364022 1188529
470.504861 1188023
