1.252240 1301590
1.252354 1301254
1.326482 1300736
1.335110 1300394
1.335402 1299785
1.510125 1285314
1.768537 1284994
1.768661 1284658
1.842549 1284140
1.851147 1283798
1.851436 1283189
2.120451 1278658
2.269478 1277176
2.283290 1276856
2.283404 1276520
2.357602 1276002
2.366187 1275660
2.366467 1275051
2.635817 1270520
2.798662 1270200
2.798781 1269864
2.873749 1269346
2.882331 1269004
2.882609 1268395
3.179123 1268274
3.304755 1266186
3.315531 1265866
3.315633 1265530
3.390492 1265012
3.399157 1264670
3.399444 1264061
3.699240 1263940
3.838168 1263620
3.838273 1263284
3.912517 1262766
3.921130 1262424
3.921405 1261815
4.355667 1261495
4.355819 1261159
4.430399 1258548
4.882165 1258228
4.882270 1257892
4.957079 1257660
5.239907 1257539
5.400803 1257219
5.400907 1256883
5.477694 1256651
5.928607 1256331
5.928740 1255995
6.321834 1255835
6.455950 1255515
6.456055 1255179
6.838004 1252539
6.972587 1252219
6.972689 1251883
7.512562 1251411
7.770035 1251344
7.927577 1251314
8.028526 1250842
8.287479 1250775
8.543931 1250303
8.802275 1250150
9.058356 1249678
9.619826 1249523
9.761411 1249502
9.961786 1249271
10.135232 1249116
10.276919 1249095
10.506855 1249061
10.650228 1248906
10.791242 1248885
11.036475 1248856
11.166870 1248701
11.310319 1248680
11.684651 1248525
12.151280 1248049
12.179647 1247626
12.665464 1247575
15.130108 1247330
15.233863 1247010
15.384171 1246524
15.652561 1246472
15.689427 1245860
15.692563 1241239
15.748433 1240919
15.899109 1240433
16.167200 1240381
16.216970 1237833
16.237020 1237493
16.257331 1236401
16.263829 1236081
16.413654 1235595
16.680877 1235543
16.729894 1232995
16.750008 1232655
16.776461 1232335
16.927504 1231849
17.194896 1231797
17.244169 1229249
17.290758 1228929
17.441908 1228443
17.710330 1228391
17.804116 1228361
17.806643 1228041
17.957615 1227555
18.226472 1227503
18.322489 1227183
18.472168 1226697
18.566069 1220396
18.835568 1220076
18.985179 1219590
19.112432 1210025
19.348820 1209705
19.501066 1209219
19.864192 1208899
20.231297 1208650
20.377720 1208330
20.843855 1208224
20.846622 1208111
20.890634 1207791
21.358537 1207486
21.405463 1207166
21.968763 1207011
22.274468 1206961
22.295531 1206956
22.483618 1206801
22.790717 1206751
22.999816 1206596
23.467124 1205327
