25.989992 9812537
26.023860 9765409
26.034368 9737709
26.039481 9649328
26.282391 9604429
26.309043 9596288
26.314215 9591823
26.346351 9563405
29.549716 9448005
32.326307 9362907
32.385754 9330511
104.021498 9325044
105.565139 9212758
112.645816 9196716
112.650850 9187619
112.711390 9172695
112.974075 9147670
113.025213 9133388
113.030211 9124291
113.090924 9109367
126.301796 9067778
126.403883 9042793
126.486751 9023696
145.369202 8911854
157.104681 8911138
157.142926 8903083
157.542583 8901854
157.580928 8893799
165.958745 8891017
165.996965 8882962
