0.000603 10341571
0.001373 10293378
0.004906 10277276
0.012188 10275704
0.020136 10207064
0.021193 10130405
0.035255 10126188
0.041401 10097762
0.042462 10085901
0.043360 10055062
0.053935 10043370
0.122866 10015660
0.123969 9999755
0.598715 9999654
0.600040 9982176
0.612012 9976029
0.618853 9972996
0.635919 9865649
1.038668 9857671
1.039381 9809478
1.042894 9793376
1.050058 9791804
1.057983 9723164
1.059066 9646505
1.073121 9642288
1.079267 9613862
1.080322 9602001
1.081204 9571162
1.091743 9559470
1.153801 9531760
1.499046 9519491
1.499582 9519049
1.616826 9508443
1.636744 9489096
1.668849 9458288
2.050820 9450310
2.051530 9402117
2.055046 9386015
2.059780 9385675
2.070159 9315803
2.071220 9239144
2.085276 9234927
2.091449 9206501
2.092507 9194640
2.093388 9163801
2.103946 9152109
2.166118 9124399
2.511846 9112130
2.512383 9111688
2.633151 9085144
2.649648 9081735
3.065098 9073757
3.065807 9025564
3.069315 9009462
3.084414 8939250
3.085466 8862591
3.099513 8858374
3.105671 8829948
3.106760 8818087
3.107645 8787248
3.118234 8775556
3.181329 8747846
3.529933 8735577
4.083088 8727599
4.083811 8679406
4.087348 8663304
4.102446 8593092
4.103511 8516433
4.117593 8512216
4.123763 8483790
4.126763 8472524
4.128348 8442018
4.136301 8429398
4.463401 8418899
5.102446 8410921
5.103179 8362728
5.109847 8352992
5.113713 8351239
5.121835 8276414
5.122906 8199755
5.136954 8195538
5.144724 8170856
5.146135 8155846
5.147734 8125340
5.155716 8112720
6.116973 8068340
6.120031 8057285
6.120925 8040107
6.130636 8034399
6.138398 7940952
6.143504 7929937
6.146513 7918812
6.149508 7899315
6.186681 7890292
6.249926 7887646
6.433946 7860310
6.452654 7824502
6.633005 7818696
6.711374 7808315
7.132658 7763935
7.135662 7752880
7.136545 7735702
7.146175 7729994
7.153924 7636547
7.161990 7614407
7.164986 7594910
7.202341 7585887
7.265424 7583241
7.452384 7579156
7.458366 7566270
7.464850 7509136
8.147222 7464756
8.150614 7445611
8.153255 7441476
8.159106 7436863
8.160879 7430815
8.168637 7337368
8.176735 7315228
8.179749 7295731
8.216856 7286708
8.466931 7279977
8.472917 7267091
8.689089 7261814
8.692093 7135992
9.162146 7091612
9.165483 7072467
9.170586 7063379
9.175694 7057671
9.183445 6964224
9.191649 6942084
9.194648 6922587
9.231741 6913564
9.481305 6906833
9.487317 6893947
9.897662 6877431
9.904684 6875735
9.910715 6874829
10.078031 6873260
10.173870 6828880
10.177212 6809735
10.182314 6800647
10.194875 6795489
10.195237 6701492
10.203354 6679352
10.206171 6654116
10.243229 6647892
10.493648 6644101
10.499638 6631215
10.910697 6614699
10.917716 6613003
11.186690 6568623
11.190113 6549478
11.195225 6540390
11.207714 6535232
11.208075 6441235
11.216156 6419095
11.218973 6393859
11.256020 6387635
11.505952 6383844
11.511953 6370958
11.924220 6354442
12.200217 6310062
12.203560 6290917
12.211668 6287152
12.221177 6276671
12.221538 6182674
12.228228 6162551
12.232465 6135298
12.269470 6129074
12.517503 6110233
12.990139 6053544
13.216489 6009164
13.219838 5990019
13.228456 5975223
13.237841 5881776
13.247349 5840139
13.284396 5831116
13.540874 5824385
13.737615 5819197
14.229231 5774817
14.232598 5755672
14.250302 5741426
14.250682 5647429
14.254008 5600053
14.291420 5593829
14.555751 5590038
15.247604 5545658
15.250414 5536879
15.252191 5522748
15.260273 5511717
15.278018 5488082
15.279107 5376633
15.316135 5367610
15.388685 5364964
16.261227 5320584
16.267919 5314413
16.269158 5303649
16.276909 5299057
16.281851 5145820
16.318921 5139596
17.274763 5103258
17.276527 5094109
17.281123 5089045
17.282367 5078281
17.290108 5073689
17.293642 5072463
17.296287 5057498
17.309323 4986250
17.384357 4936402
18.290469 4885821
18.292076 4872877
18.297351 4869112
18.305457 4858081
18.309336 4848810
18.309696 4813831
18.487636 4808215
18.489918 4766614
18.636611 4754883
19.304259 4704302
19.307439 4700725
19.310965 4688976
19.319249 4676562
19.323139 4667291
19.323499 4632312
19.503313 4586639
19.719227 4584839
20.002449 4579533
20.319469 4528952
20.322642 4525375
20.329112 4518218
20.334394 4501212
20.338272 4491941
20.338639 4456962
20.506710 4452480
20.518313 4411289
20.732979 4409489
21.330970 4358908
21.336413 4343582
21.349794 4321897
21.350155 4286918
21.534773 4265470
21.539884 4239701
22.350914 4222034
22.353267 4189150
22.354538 4178386
22.359859 4161380
22.373234 4158540
22.377633 4137745
22.380291 4086355
22.933729 4078458
23.363231 4060791
23.365514 4027907
23.372033 4012551
23.385441 3990866
23.385804 3955887
23.998628 3929675
24.092499 3925194
24.349256 3923008
24.378725 3905341
24.381003 3872457
24.387499 3857101
24.400838 3835416
24.401205 3800437
24.569845 3795955
25.011442 3774225
25.105178 3769744
25.391636 3752077
25.393920 3719193
25.401665 3691423
25.413807 3682152
25.414173 3647173
25.583067 3642691
26.026025 3620961
26.407356 3603294
26.409639 3570410
26.417212 3555054
26.434042 3538863
26.438842 3467615
26.622353 3462108
27.418640 3408949
27.429546 3396201
27.446439 3380010
27.451221 3308762
28.433598 3281463
28.434488 3230441
28.504798 3211789
28.755790 3199608
29.137671 3199273
29.448352 3171974
29.449243 3120952
29.519752 3102300
29.771532 3090119
29.910643 3086585
30.462447 3059286
30.464918 3036034
30.513816 3019025
30.533568 2989612
30.778653 2978525
30.786755 2977431
31.483313 2899110
31.547867 2880458
32.496158 2802137
33.036522 2789807
33.505195 2739256
33.515617 2737840
33.537279 2734879
34.155840 2721261
34.205333 2717880
34.226616 2711135
34.507331 2705983
34.522201 2655432
34.532587 2654016
34.554199 2651055
35.171049 2637437
35.219124 2634056
35.239756 2627311
35.534455 2576760
35.545117 2575344
35.567228 2572383
36.187530 2558765
36.557607 2513278
36.560990 2506798
36.582668 2503837
37.574193 2458350
37.577572 2451870
38.147221 2451424
38.579556 2429409
38.591914 2399457
39.275921 2396179
39.594248 2374164
39.606581 2344212
40.618332 2336254
40.620272 2328555
40.637026 2308557
40.644936 2305150
40.819396 2296480
41.165586 2296069
41.634062 2288111
41.636070 2280412
41.652828 2260414
41.660715 2257007
41.834883 2248337
42.217045 2233969
42.647175 2226011
42.649114 2218312
42.665802 2198314
42.673728 2194907
42.848088 2186237
43.662857 2178279
43.670038 2164897
43.681497 2150582
43.689406 2147175
43.724202 2147077
43.973406 2139925
43.976418 2139703
44.676147 2131745
44.680024 2124046
44.694813 2104048
44.735068 2103734
45.022593 2101107
45.103466 2095546
45.226486 2093692
45.691625 2085734
45.695487 2078035
45.710219 2058037
45.750605 2057723
46.038785 2055096
46.120902 2049535
46.707074 2041577
46.725657 2013880
47.052594 2010939
47.721881 2002981
47.731736 1989599
47.740542 1975284
47.786106 1974970
48.669640 1972905
48.733432 1964947
48.743322 1951565
48.752127 1937250
48.797746 1936936
49.674133 1936194
49.747556 1928236
49.757363 1914854
49.766161 1900539
49.811695 1900225
50.768547 1896624
50.769269 1878885
50.796715 1876822
50.804985 1873855
51.232020 1871449
51.754264 1868254
51.788589 1864653
51.789309 1846914
51.816661 1844851
51.824924 1841884
52.247855 1839478
52.803635 1835877
52.804352 1818138
52.831732 1816075
52.839997 1813108
53.740694 1811121
53.816567 1807520
53.817282 1789781
53.844691 1787718
53.852946 1784751
54.751785 1779253
54.832254 1775652
54.832969 1757913
54.860335 1755850
54.868578 1752883
55.843161 1749282
55.843879 1731543
56.537586 1731418
56.854319 1727817
56.855050 1710078
57.859377 1706077
57.877886 1701449
57.940600 1688687
58.880959 1680983
58.899519 1674307
59.504364 1672767
59.549014 1671097
59.793606 1668800
59.813845 1668394
59.897205 1660690
59.915702 1654014
60.519446 1652474
60.564146 1650804
60.808464 1648498
60.912082 1640794
60.930541 1634118
61.534539 1632578
61.579070 1630908
61.924829 1626907
61.943395 1622279
62.028243 1619542
62.129916 1617690
62.547618 1614988
62.939191 1610987
62.957627 1606359
63.042699 1603622
63.144535 1601770
63.795629 1601357
63.905148 1599562
63.952681 1595561
63.971192 1590933
64.056174 1588196
64.157916 1586344
64.808627 1585931
64.965635 1581930
64.984101 1577302
65.068897 1574565
65.170653 1572713
65.980649 1568712
65.999205 1564084
66.084355 1561347
66.203829 1558712
66.204195 1557109
66.998743 1553108
67.017205 1548480
67.188813 1546181
67.888503 1544124
68.013283 1540123
68.031809 1535495
68.203639 1533196
68.983796 1532522
69.028446 1528521
69.046923 1523893
69.218288 1521594
70.042914 1517593
70.061408 1512965
70.145523 1510228
71.057261 1506227
71.075755 1501599
71.737543 1501149
71.767500 1500383
72.074406 1496382
72.092900 1491754
72.755769 1491304
72.818180 1490841
73.102544 1486840
73.121720 1482212
73.957906 1481563
74.119218 1477562
74.137710 1472934
74.974451 1471060
74.975012 1466718
75.030215 1458964
75.138272 1454963
75.156725 1450335
75.991640 1448461
75.992182 1444119
76.155508 1440118
76.173979 1435490
77.012885 1434419
77.168638 1430418
77.187111 1425790
78.195181 1423496
78.531326 1422095
78.546066 1421058
78.560639 1420275
78.576318 1419482
78.604932 1418070
78.673623 1417209
78.810909 1402717
79.210125 1400423
79.546088 1399022
79.560851 1397985
79.575405 1397202
79.591031 1396409
79.619651 1394997
79.688123 1394136
79.910198 1393818
80.225533 1391524
80.563559 1390123
80.578301 1389086
80.592939 1388303
80.608556 1387510
80.637153 1386098
80.705531 1385237
80.842961 1378762
81.243374 1376468
81.579819 1375067
81.594599 1374030
81.609192 1373247
81.624809 1372454
81.653577 1371042
81.722223 1370181
81.921724 1369229
82.258145 1366935
82.594404 1365534
82.609180 1364497
82.623805 1363714
82.639452 1362921
82.668125 1361509
82.736683 1360648
83.272803 1358354
83.608813 1356953
83.623617 1355916
83.638225 1355133
83.668611 1353786
83.683083 1352128
84.288902 1349834
84.670224 1348968
84.739175 1345040
85.083938 1344282
85.099672 1343973
85.203942 1343746
85.302805 1341452
85.683731 1340586
85.752797 1336658
86.097564 1335900
86.113181 1335591
86.316226 1333297
86.698621 1332431
86.767613 1328503
87.177993 1327945
87.331685 1325651
87.714064 1324785
87.782992 1320857
88.345786 1318563
88.726894 1317697
88.823210 1317514
88.823575 1315140
89.359242 1312846
89.740077 1310526
90.248332 1310072
90.372345 1307778
90.753804 1305458
91.345510 1305303
91.386993 1303009
91.767841 1300689
92.399770 1298395
92.751369 1297603
92.916862 1296587
93.097633 1296129
93.413946 1293835
93.771666 1293043
93.936872 1292027
94.396735 1291778
94.435739 1289484
94.787216 1288692
94.952744 1287676
95.450912 1285382
95.802105 1284590
95.979583 1283720
95.992026 1282694
96.471146 1280400
96.821952 1279608
97.023196 1279433
97.058791 1279429
97.264616 1278980
97.483422 1276686
97.834669 1275894
98.035923 1275719
98.071282 1275715
98.335166 1275303
98.495459 1273009
98.848285 1272217
99.050141 1272042
99.085669 1272038
99.509950 1269744
99.862673 1268952
100.469550 1268939
100.524256 1266645
100.875717 1265853
101.535390 1263559
101.930826 1260714
102.551593 1258420
103.304374 1257876
103.564702 1255582
104.740212 1255364
104.773490 1255017
104.885453 1254518
104.973845 1254404
105.095453 1254113
105.255875 1253892
105.752372 1253674
105.785874 1253327
105.898012 1252828
105.987213 1252714
106.109081 1252423
106.427915 1252323
106.441631 1252275
106.768488 1252057
106.801874 1251710
106.913878 1251211
107.002619 1251097
107.124620 1250806
107.782014 1250588
107.815427 1250241
107.927502 1249742
108.016552 1249628
108.796375 1249410
108.829684 1249063
108.941607 1248564
109.811545 1248346
109.844920 1247999
110.366501 1247785
110.483697 1247506
110.823336 1247288
110.856835 1246941
111.378896 1246727
111.516073 1245604
111.836580 1245386
111.869912 1245039
112.391951 1244825
112.599245 1244814
112.643798 1244798
112.849628 1244580
112.882976 1244233
113.405745 1244019
113.612839 1244008
113.862195 1243790
113.895738 1243443
114.417597 1243229
114.874364 1243011
114.907784 1242664
115.586077 1242559
115.886224 1242341
115.919573 1241994
116.604514 1241923
116.898671 1241705
116.932039 1241358
117.710530 1241324
117.909240 1241106
117.942776 1240759
118.937241 1240277
119.585652 1240244
119.949735 1239762
120.945614 1239711
121.106622 1239366
121.670144 1239323
121.960013 1239272
122.120549 1238927
122.972699 1238876
123.528082 1238776
123.629552 1238647
123.629742 1238556
123.984055 1238505
124.542680 1238405
124.644398 1238149
124.998975 1238098
125.557027 1237998
125.724850 1237806
126.013699 1237755
126.573279 1237655
126.799739 1237638
127.030922 1237587
127.588609 1237487
127.594042 1235685
127.815498 1232542
128.045842 1232491
128.604494 1232391
129.062965 1232340
225.655786 1232212
225.743693 1231693
226.210764 1231595
226.270567 1231106
226.676513 1230447
226.764502 1229928
227.225471 1229830
227.309450 1229503
227.690526 1228844
227.778057 1228325
228.237804 1228227
228.703379 1227568
228.791217 1227049
229.327378 1226701
229.719193 1226042
229.807098 1225523
230.732415 1224864
231.347143 1224444
231.744976 1223785
232.761838 1223672
232.762036 1223233
233.355846 1223149
233.775284 1223036
233.775480 1222597
234.806155 1222201
236.425381 1222136
353.333111 1222099
354.326896 1221534
354.345900 1220808
355.394243 1220620
355.528666 1220498
355.915519 1220275
356.111803 1219959
356.408725 1219771
356.542236 1219649
356.928408 1219426
357.420842 1219238
357.554792 1219116
357.941787 1218439
357.942331 1218379
358.437243 1218191
358.571022 1218069
359.375610 1217983
359.453287 1217795
359.587785 1217673
360.469998 1217485
360.620259 1215292
360.669222 1212399
361.480310 1212211
361.620243 1212068
362.506131 1211880
363.095435 1211847
363.231205 1211833
363.519060 1211645
364.109065 1211612
364.531190 1211424
365.110087 1211315
365.545395 1211127
366.261625 1211108
366.558759 1210920
367.571895 1210446
368.968634 1210304
369.486864 1210270
369.983574 1210128
371.197931 1210063
