0.000604 10251549
0.000827 10209278
0.001013 10116496
0.001722 10057090
0.006300 10009953
0.007211 9980215
0.014247 9960656
0.015863 9959303
0.038533 9924164
0.049409 9907573
0.115918 9891701
0.126291 9877287
0.602772 9876904
0.608704 9834234
1.033448 9832410
1.033638 9790139
1.033826 9697357
1.034534 9637951
1.039122 9590814
1.047402 9543491
1.071311 9505025
1.578270 9499281
2.046231 9497457
2.046426 9455186
2.046616 9362404
2.047343 9302998
2.053326 9262532
2.053871 9206564
2.055463 9205211
2.084098 9170072
3.059397 9158176
3.059848 9143694
3.060208 8973789
3.066169 8933323
3.066704 8877355
3.068292 8876002
3.207352 8852251
4.075633 8840355
4.076003 8825873
4.076360 8822453
4.076892 8720074
4.078122 8711042
4.079197 8660684
4.082358 8615502
4.082893 8559534
4.084494 8558181
4.288752 8505793
5.097335 8493897
5.097713 8479415
5.098074 8475995
5.098781 8338964
5.099510 8307019
5.101102 8301145
5.110995 8215050
5.312894 8195012
6.112021 8183116
6.112386 8168634
6.112776 8165214
6.113662 7952963
6.125679 7904269
6.653493 7898131
6.664938 7892644
7.126593 7880748
7.126985 7866266
7.127350 7862846
7.128235 7650595
7.134393 7619486
7.143411 7599927
8.148097 7599142
8.148291 7597058
8.148652 7593679
8.150964 7590322
8.160180 7589385
8.165317 7483072
8.167616 7451045
8.170245 7431871
8.171325 7421394
8.174856 7417724
8.176815 7376372
8.178585 7375364
8.211407 7362411
8.253646 7350310
8.607245 7334919
8.741142 7322518
9.165535 7321733
9.165728 7319649
9.166089 7316270
9.168398 7312913
9.177605 7311976
9.182743 7205663
9.185060 7173636
9.187725 7154462
9.192319 7140315
9.194252 7098963
9.196034 7097955
9.227977 7085002
9.270584 7072901
9.623943 7057510
9.905253 7056894
10.181136 7056109
10.181329 7054025
10.181689 7050646
10.183997 7047289
10.188430 7046730
10.198342 6940039
10.200670 6908012
10.203323 6888838
10.207568 6838545
10.214465 6833185
10.285127 6830199
10.640195 6791886
11.200370 6791101
11.200562 6789017
11.200920 6785638
11.204251 6783999
11.210956 6781344
11.217497 6675031
11.219796 6643004
11.225587 6609683
11.227543 6568331
11.229305 6567323
11.233375 6539785
12.069144 6532198
12.213935 6531413
12.214125 6529329
12.214484 6525950
12.217847 6524311
12.223654 6522034
12.231121 6415343
12.233424 6383316
12.239255 6349995
12.241208 6308643
12.247030 6280097
13.231024 6272310
13.233845 6269555
13.249956 6268662
13.252262 6268620
13.252974 6264461
13.267616 6264208
13.268499 6249460
13.269033 6236797
13.275007 6232785
13.280663 6226158
13.288984 6214720
13.360794 6207010
13.362557 6205659
13.364515 6171827
13.382074 6157898
13.467002 6122138
13.472672 6121813
13.481671 6100329
13.619165 6096979
13.619881 6084512
13.649189 6034284
14.247891 6026497
14.251945 6024120
14.266744 6022849
14.269068 6022807
14.275607 6021037
14.278960 6019054
14.284440 6018395
14.285323 6003647
14.285856 5990984
14.291836 5986972
14.297469 5980345
14.305754 5968907
14.377443 5961197
14.378158 5958430
14.381162 5926014
14.398729 5912085
14.483530 5876325
14.489152 5876000
14.498129 5854516
14.606292 5849529
14.635480 5838665
14.679201 5830252
14.958144 5812987
15.262285 5805200
15.266343 5802823
15.281125 5801552
15.283437 5801510
15.289578 5800821
15.298575 5800767
15.298761 5797098
15.299662 5782350
15.300197 5769687
15.306155 5765675
15.308109 5762066
15.320076 5747610
15.391728 5739900
15.392449 5737133
15.395448 5704717
15.413042 5690788
15.497509 5655028
15.499459 5650302
15.512130 5633219
15.620280 5628232
15.649434 5617368
15.693148 5608955
16.276287 5601168
16.280395 5598791
16.295281 5597520
16.297576 5597478
16.303732 5596789
16.312731 5596735
16.312923 5593066
16.313808 5578318
16.314340 5565655
16.320317 5561643
16.322251 5558034
16.334271 5543578
16.405839 5535868
16.409535 5500685
16.427066 5486756
16.511588 5450996
16.513520 5446270
16.526173 5429187
17.288626 5421400
17.291967 5419402
17.307466 5417752
17.309050 5413551
17.325029 5413298
17.325914 5398550
17.326450 5385887
17.329293 5370772
17.352819 5368538
17.417593 5353333
17.421476 5320917
17.439005 5306988
17.520307 5301349
17.523480 5271228
17.525409 5266502
17.749064 5265790
17.752402 5258664
17.754681 5252509
18.299478 5244722
18.305776 5242447
18.318286 5241074
18.319879 5236873
18.335908 5236620
18.336793 5221872
18.337325 5209209
18.342234 5206666
18.343133 5198570
18.361598 5194697
18.366726 5187132
18.428726 5176655
18.435441 5146108
18.450181 5144272
18.534653 5094225
18.683170 5093397
18.835867 5071246
19.164481 5035229
19.312037 5027442
19.318346 5025167
19.330860 5023794
19.332456 5019593
19.348510 5019340
19.349396 5004592
19.349930 4991929
19.354846 4989386
19.355748 4981290
19.362079 4976814
19.412424 4971966
19.441065 4959375
19.447763 4928828
19.462525 4926992
19.548527 4876945
19.856492 4853966
20.333740 4846179
20.340245 4846079
20.343772 4845466
20.349240 4845449
20.352607 4842531
20.354189 4838330
20.370185 4838077
20.371087 4823329
20.371621 4810666
20.381269 4806654
20.383225 4803045
20.395363 4788589
20.462711 4778112
20.470263 4745696
20.487845 4731767
20.572408 4696007
20.574350 4691281
21.344778 4683494
21.351457 4683012
21.356025 4681117
21.363590 4679846
21.369898 4678034
21.370259 4677547
21.381138 4675392
21.382021 4660644
21.388701 4632866
21.412577 4630632
21.439055 4628018
21.474285 4584880
21.686142 4551113
21.747310 4528953
21.893851 4527824
22.356845 4520037
22.364074 4517762
22.375709 4516389
22.382907 4512594
22.384167 4512188
22.393304 4511935
22.394186 4497187
22.400503 4481981
22.401391 4473885
22.425259 4462447
22.486491 4421423
22.508147 4419587
22.698558 4387656
22.769666 4370143
23.369106 4362356
23.373334 4361874
23.377902 4359979
23.387967 4358708
23.391830 4356896
23.392192 4356409
23.405544 4354254
23.406428 4339506
23.410634 4311728
23.434532 4309494
23.506030 4292361
23.510098 4261873
23.527661 4247944
23.752958 4246334
23.912589 4214816
24.381929 4207029
24.386139 4206547
24.396334 4206316
24.400741 4203381
24.404621 4201569
24.405681 4199180
24.418330 4198927
24.419240 4184179
24.424149 4182597
24.434689 4173754
24.447314 4154167
24.514197 4138962
24.518776 4137034
24.522833 4106546
24.540374 4092617
24.765668 4091007
25.013700 4052740
25.394692 4044953
25.398908 4044471
25.403662 4042678
25.413531 4041305
25.417396 4039493
25.418459 4037104
25.431149 4036851
25.432032 4022103
25.436962 4020521
25.440136 4006897
25.441024 3998801
25.486427 3998426
25.488205 3997232
25.527569 3971668
25.535847 3944470
25.553449 3930541
25.778854 3928931
26.185310 3892099
26.408354 3884312
26.412570 3883830
26.422788 3883599
26.427200 3880664
26.431069 3878852
26.432128 3876463
26.444802 3876210
26.445684 3861462
26.450599 3859880
26.453774 3846256
26.472947 3831450
26.541093 3811027
26.549367 3783829
26.566951 3769900
26.791969 3768290
27.244993 3764925
27.250433 3763390
27.420978 3755603
27.425193 3755121
27.435395 3754890
27.439804 3751955
27.443679 3750143
27.444739 3747754
27.457397 3747501
27.458281 3732753
27.463196 3731171
27.466353 3717547
27.485488 3702741
27.553593 3682318
27.561884 3655120
27.579460 3641191
27.804509 3639581
28.257311 3636216
28.433167 3628429
28.437377 3627947
28.451969 3624781
28.455833 3622969
28.456893 3620580
28.461286 3620449
28.469564 3620327
28.470448 3605579
28.475376 3603997
28.478530 3590373
28.497647 3575567
28.535432 3572953
28.565890 3555144
28.570819 3529815
28.782723 3496048
29.445331 3488261
29.453058 3485884
29.464169 3484613
29.467696 3480818
29.481764 3480159
29.482651 3465411
29.485648 3454986
29.486184 3442109
29.537015 3441734
29.582977 3414504
29.664034 3412077
29.832345 3399574
29.866055 3395249
30.063203 3379096
30.457495 3371309
30.465587 3370827
30.476330 3367661
30.479851 3363866
30.485120 3363460
30.493919 3363207
30.494808 3348459
30.497790 3338034
30.498325 3325157
30.549025 3324782
30.589720 3270826
30.847152 3255287
31.470033 3247500
31.478125 3247018
31.488870 3243852
31.493966 3239520
31.506467 3239398
31.507378 3224650
31.509658 3222708
31.511265 3209444
31.530401 3194638
31.599688 3173743
31.652593 3166950
31.858118 3110730
32.482754 3102943
32.490944 3102461
32.501719 3099295
32.506808 3094963
32.519341 3094841
32.520230 3080093
32.525335 3068341
32.543267 3050081
32.613053 3002460
33.495694 3000253
33.495889 2996697
33.496598 2996152
33.498532 2993487
33.519462 2986693
33.531961 2986571
33.533371 2981609
33.537937 2960071
33.555861 2941811
33.761933 2931001
33.903435 2918489
34.074387 2914285
34.133711 2901661
34.507907 2899454
34.508099 2895898
34.508807 2895353
34.510739 2892688
34.531652 2885894
34.544170 2885772
34.545581 2880810
34.550145 2859272
34.568081 2841012
34.915143 2817690
35.519611 2815483
35.519803 2811927
35.520512 2811382
35.522988 2807526
35.544433 2804443
35.545673 2802460
35.555919 2801801
35.557327 2796839
35.562965 2787075
35.563679 2776628
35.564214 2763751
35.620452 2763376
35.689427 2758738
35.784386 2745397
36.532753 2743190
36.532945 2739634
36.533830 2737699
36.539124 2737128
36.551790 2736841
36.552855 2729761
36.569029 2729508
36.570439 2724546
36.571337 2713178
36.576795 2704335
36.577332 2691458
36.633553 2691083
36.702528 2686445
36.846913 2678996
37.147620 2678916
37.361623 2675490
37.545824 2673283
37.546016 2669727
37.546899 2667792
37.552185 2667221
37.561504 2666517
37.565900 2659854
37.582120 2659601
37.583542 2654639
37.584426 2643271
37.589867 2634428
37.590405 2621551
37.599057 2618167
37.715692 2616538
37.860227 2609089
38.160893 2609009
38.552312 2597820
38.559526 2595613
38.559716 2592057
38.560601 2590122
38.565883 2589551
38.578545 2589264
38.579626 2582184
38.595799 2581931
38.597207 2576969
38.598090 2565601
38.603563 2556758
38.604102 2543881
38.631187 2535930
38.873356 2531419
39.173506 2531339
39.572052 2529132
39.572244 2525576
39.573128 2523641
39.578927 2523452
39.591094 2522783
39.592156 2515703
39.596715 2515572
39.608339 2515450
39.609746 2510488
39.610629 2499120
39.615223 2488950
39.633117 2470690
39.643674 2469449
40.217005 2467139
40.584109 2464932
40.584302 2461376
40.585185 2459441
40.599271 2458870
40.603157 2458583
40.604216 2451503
40.620381 2451250
40.621788 2446288
40.622672 2434920
40.636910 2426077
40.655364 2418077
40.907011 2400738
41.227746 2388096
41.596165 2385889
41.596357 2382333
41.597242 2380398
41.611338 2379827
41.615209 2379540
41.616271 2372460
41.632459 2372207
41.633867 2367245
41.634750 2355877
41.649002 2347034
41.667464 2339034
41.764193 2329144
41.919373 2321695
42.608696 2319488
42.608890 2315932
42.609773 2313997
42.623902 2313426
42.627787 2313139
42.643078 2312164
42.644850 2309475
42.645036 2305806
42.646440 2300844
42.647522 2294847
42.661577 2280633
42.680042 2272633
43.149953 2264893
43.620623 2262686
43.620816 2259130
43.621701 2257195
43.635806 2256624
43.639688 2256337
43.654985 2255362
43.656764 2252673
43.656950 2249004
43.658355 2244042
43.659432 2238045
43.673497 2223831
43.691957 2215831
44.363578 2196628
44.633609 2194421
44.633802 2190865
44.634684 2188930
44.648782 2188359
44.652654 2188072
44.667969 2187097
44.669742 2184408
44.669928 2180739
44.671356 2175777
44.672416 2169780
44.686494 2155566
44.704986 2147566
45.645840 2146479
45.646207 2143973
45.648154 2143246
45.662743 2143112
45.663311 2139779
45.665079 2133937
45.683554 2117270
45.788121 2106818
45.842569 2106593
46.657460 2105506
46.657829 2103000
46.659775 2102273
46.674357 2102139
46.674900 2098806
46.676681 2092964
46.695128 2076297
46.799680 2065845
47.669283 2064758
47.669651 2062252
47.670010 2060082
47.670894 2058147
47.686735 2058058
47.688871 2057289
47.707497 2044994
47.708560 2038997
48.053882 2031430
48.506509 2006893
48.682796 2005806
48.683182 2003300
48.683543 2001130
48.684427 1999195
48.700274 1999106
48.702390 1998337
48.721027 1986042
48.722090 1980045
48.972094 1950680
49.696618 1949593
49.696996 1947087
49.697366 1944917
49.698274 1942982
49.714127 1942893
49.716257 1942124
49.734862 1929829
49.771423 1924486
50.038285 1918622
50.647322 1916138
50.708803 1915051
50.709168 1912545
50.709526 1910375
50.710408 1908440
50.726211 1908351
50.728341 1907582
50.746954 1895287
50.783423 1889944
51.050247 1884080
51.720573 1882993
51.720941 1880487
51.721299 1878317
51.722181 1876382
51.737984 1876293
51.740115 1875524
51.758697 1863229
51.795199 1857886
52.134156 1852499
52.745740 1851412
52.746117 1848906
52.746489 1846736
52.747413 1844801
52.763645 1844712
52.765822 1843943
52.784932 1831648
52.822490 1826305
53.770525 1822220
53.770893 1821913
53.771802 1818607
53.787633 1818518
53.789403 1817945
53.860161 1809385
53.878290 1806620
54.619726 1800692
54.783675 1796607
54.784041 1796300
54.784927 1792994
54.800787 1792905
54.802555 1792332
54.873368 1783772
54.891449 1781007
55.646433 1777733
55.797619 1773648
55.797986 1773341
55.798871 1770035
55.814733 1769946
55.816520 1769373
55.887380 1760813
55.905462 1758048
56.712627 1756112
56.725212 1755941
56.826319 1751856
56.826698 1751549
56.827623 1748243
56.843908 1748154
56.845721 1747581
56.918332 1739021
56.936872 1736256
57.827973 1736221
57.866065 1732136
57.866440 1731829
57.867366 1728523
57.883637 1728434
57.885448 1727861
57.957723 1719301
57.975855 1716536
58.656461 1701361
58.899436 1697276
58.899814 1696969
58.900712 1693663
58.916551 1693574
58.918317 1693001
58.989119 1684441
59.007256 1681676
59.858658 1681252
59.911545 1677167
59.911912 1676860
59.912796 1673554
59.928634 1673465
59.930400 1672892
60.001308 1664332
60.019427 1661567
60.939626 1658698
60.939997 1657247
60.941414 1655319
60.943202 1653780
60.958471 1653099
60.959732 1652198
60.963269 1632027
61.951339 1629158
61.951710 1627707
61.953125 1625779
61.954892 1624240
61.970170 1623559
61.971424 1622658
62.082847 1619657
62.094782 1618957
62.248455 1618308
62.249168 1616781
62.369327 1613279
62.823734 1612747
62.978000 1609878
62.978379 1608427
62.979847 1606499
62.981666 1604960
62.997309 1604279
62.998589 1603378
63.112495 1600377
63.124729 1599677
63.282288 1599028
63.283035 1597501
63.406260 1593999
64.015708 1591130
64.016087 1589679
64.017535 1587751
64.019376 1586212
64.035013 1585531
64.036294 1584630
64.150428 1581629
64.162722 1580929
64.318054 1580280
64.318830 1578753
64.546988 1577920
64.969624 1575918
65.033160 1568116
65.052141 1567062
65.164031 1563548
65.175947 1562848
65.329507 1562199
65.330223 1560672
65.558641 1559839
66.020932 1558696
66.044195 1550894
66.063197 1549840
66.175291 1546326
66.187227 1545626
66.340873 1544977
66.341588 1543450
66.570205 1542617
67.056443 1534815
67.075406 1533761
67.187378 1530247
67.199327 1529547
67.353277 1528898
67.353999 1527371
68.069558 1519569
68.088582 1518515
68.200838 1515001
68.212763 1514301
69.082164 1506499
69.101168 1505445
69.182294 1490370
70.095678 1482568
70.114640 1481514
70.327909 1479811
70.588273 1473143
71.108237 1465341
71.127268 1464287
71.341250 1462584
71.588624 1459062
72.120802 1451260
72.139763 1450206
72.352726 1448503
72.657904 1446664
73.130929 1438862
73.149924 1437808
73.363485 1436105
73.669270 1435915
73.905828 1435348
74.142745 1427546
74.161727 1426492
74.375372 1424789
74.680678 1424599
74.951694 1424537
75.047999 1424054
75.154429 1416252
75.173434 1415198
75.386755 1413495
75.692608 1413305
75.963687 1413243
76.166635 1405441
76.185624 1404387
76.399333 1402684
76.704938 1402494
77.178384 1394692
77.197388 1393638
77.410866 1391935
78.046428 1391791
78.190352 1383989
78.209323 1382935
78.422405 1381232
79.210175 1373430
79.229901 1372376
80.229215 1371051
80.260952 1363249
80.280708 1362195
80.282188 1361986
80.284411 1361682
81.283668 1360732
81.283863 1357362
81.285269 1356981
81.286155 1355919
81.358071 1355158
81.359325 1354417
82.293898 1353346
82.294441 1352715
82.296035 1348654
82.368692 1348587
82.387482 1347251
83.304875 1342931
83.306290 1342550
83.874032 1342448
83.995453 1340204
84.315709 1335884
84.317119 1335503
84.884727 1335401
85.005435 1333775
85.065517 1331468
85.325766 1327148
85.327206 1326767
85.896668 1326665
86.017852 1325039
86.338666 1320719
86.340099 1320338
86.907871 1320236
87.348677 1315916
87.350089 1315535
88.378020 1315048
88.378214 1315001
88.395060 1310564
88.539538 1308928
89.390611 1308441
89.407726 1303957
89.482779 1303098
90.402579 1302791
90.402775 1302521
90.402977 1302390
90.418628 1298127
90.439880 1297684
91.413846 1297197
91.431600 1292713
92.513989 1292136
92.531923 1288271
93.424927 1288070
93.527518 1287493
93.545423 1283628
94.727289 1283486
94.774707 1282822
94.893320 1281662
94.955273 1280332
95.263337 1279481
95.740682 1279339
95.788039 1278675
95.906622 1277515
95.968572 1276185
96.466431 1276030
96.754057 1275888
96.801466 1275224
96.919739 1274064
96.981617 1272734
97.764958 1272592
97.812373 1271928
97.930696 1270768
98.283549 1269813
98.776830 1269671
98.824190 1269007
98.942685 1267847
99.411459 1266975
99.788924 1266833
99.836426 1266169
99.954890 1265009
100.800710 1264867
100.848019 1264203
101.170146 1263892
101.181026 1263484
101.344793 1263421
101.441065 1263319
101.523952 1263155
101.812048 1263013
101.859510 1262349
102.187807 1262038
102.199113 1261630
102.368792 1261567
102.468817 1261465
102.531362 1260700
102.846993 1260558
102.894337 1259894
103.216769 1259583
103.227657 1259175
103.391647 1259112
103.487965 1259010
103.859830 1258868
103.907202 1258204
104.229936 1257893
104.240852 1257485
104.404920 1257422
104.588786 1257411
104.872602 1257269
104.919874 1256605
105.241930 1256294
105.252839 1255886
105.416634 1255823
105.885515 1255681
105.932913 1255017
106.255194 1254706
106.266090 1254298
106.437855 1253957
106.898577 1253815
106.946009 1253151
107.268215 1252840
107.279124 1252432
107.913039 1252290
107.960417 1251626
108.282402 1251315
108.923831 1251173
108.971135 1250509
109.608773 1250506
109.936039 1250364
109.983426 1249700
110.946435 1249558
111.068995 1249458
111.348076 1249446
111.677330 1249202
111.957877 1249060
112.080903 1248960
112.360388 1248948
112.971273 1248806
113.094131 1248706
113.988436 1248564
114.696396 1248501
114.999308 1248359
116.379384 1248308
221.899723 1248242
221.941484 1242776
222.494722 1242621
222.512664 1242298
222.512857 1241251
222.675126 1239509
222.912434 1239362
223.507774 1239207
223.525727 1238884
223.525919 1237837
223.688070 1236095
223.924952 1230417
224.522344 1230262
224.540315 1229939
224.540507 1228892
224.702802 1227150
225.536331 1226995
225.554267 1226672
225.554458 1225625
226.061880 1224470
226.548822 1224315
226.566772 1223992
226.566970 1222945
227.315109 1222921
227.342129 1222753
227.561751 1222504
227.562820 1222349
227.580760 1222026
227.580953 1220979
228.327713 1220955
228.354669 1220787
228.575176 1220632
228.593127 1220309
228.593319 1219262
229.588596 1219107
229.643610 1218790
229.767879 1218374
230.427876 1218254
230.442770 1218232
230.601644 1218077
230.656659 1217760
230.781144 1217344
231.615440 1217189
231.670353 1216872
232.404610 1216829
232.454232 1216552
232.619128 1216538
232.627867 1216383
232.682848 1216066
233.416678 1216023
233.466272 1215746
233.640045 1215591
233.695020 1215274
234.430017 1215231
234.487122 1214585
234.653250 1214430
234.708228 1214113
235.441043 1214070
235.664345 1213915
235.719283 1213598
236.426722 1212521
236.677169 1212366
236.732347 1212049
237.465698 1212023
237.486094 1208357
237.690131 1208202
237.745292 1207885
238.703149 1207730
239.125543 1207488
239.744572 1207333
240.531379 1207271
240.540370 1207191
240.761942 1207036
241.796422 1206956
241.815616 1206137
242.848452 1206086
243.735370 1206072
243.871768 1206021
