0.000442 10225539
0.000865 10221335
0.001457 10200025
0.001657 10102777
0.002048 10088504
0.002246 10004725
0.002830 9837136
0.003028 9836674
0.003610 9743386
0.003809 9593107
0.004426 9406314
0.005582 9327875
0.006547 9299336
0.006745 9285792
0.007325 9252841
0.008881 9249822
0.009461 9224078
0.010232 9217348
0.010427 9209284
0.010814 9168918
0.012171 9112506
0.012559 9112158
0.013519 9107419
0.014476 9031250
0.015436 8845223
0.017744 8775553
0.018322 8774135
0.018517 8765903
0.018903 8689194
0.020064 8629891
0.021029 8376758
0.021416 8285247
0.021612 8281164
0.021807 8268709
0.022193 8248820
0.022389 8218162
0.024702 7956695
0.025468 7762625
0.026048 7717596
0.026622 7704010
0.027009 7615132
0.027399 7555300
0.027787 7537682
0.028584 7532213
0.028782 7459428
0.029549 7403443
0.029940 7352689
0.030136 7300219
0.030332 7252430
0.030718 7251982
0.032662 7127088
0.032861 7084226
0.033056 7068610
0.033637 7061208
0.034601 6967866
0.034797 6966913
0.035758 6822406
0.038461 6797113
0.040030 6777069
0.041576 6747955
0.043690 6733709
0.044487 6722416
0.046020 6710127
0.046221 6679907
0.050453 6660618
0.050847 6560842
0.051625 6504742
0.051822 6501221
0.052612 6467238
0.054147 6254011
0.056658 6241611
0.057812 6189626
0.060700 6105608
0.065846 6102138
0.067576 6069511
0.068373 6063508
0.077032 6060480
0.079915 6060082
0.080693 6045829
0.081658 6037076
0.082433 5996212
0.082820 5987164
0.084174 5965403
0.084756 5934410
0.084952 5896620
0.087604 5891832
0.092704 5853398
0.097741 5853307
0.098329 5777505
0.098528 5763273
0.098917 5731240
0.099691 5615325
0.100288 5599028
0.101823 5506410
0.102788 5470113
0.103180 5412032
0.105302 5404424
0.109163 5403308
0.109555 5390964
0.109944 5339297
0.113428 5334594
0.120336 5277710
0.125528 5247835
0.127216 5229916
0.127651 5195121
0.132301 5193983
0.133839 5170495
0.138640 5134255
0.140219 5132281
0.140803 5030983
0.142736 5030162
0.147557 5018284
0.147760 5007480
0.152961 4943392
0.154497 4936382
0.158339 4933683
0.158541 4860433
0.162395 4801737
0.162786 4800702
0.174848 4734573
0.175241 4719966
0.176031 4713242
0.179282 4694656
0.188855 4666645
0.191346 4625785
0.192951 4624067
0.194444 4609630
0.225287 4601315
0.227989 4568341
0.233546 4502059
0.234705 4498568
0.236833 4481250
0.240480 4398454
0.245672 4392535
0.246638 4358322
0.247993 4316102
0.250489 4301336
0.250689 4284813
0.250886 4279090
0.253393 4268575
0.256282 4255159
0.256481 4250267
0.257442 4186942
0.258789 4154962
0.264152 4124665
0.264353 4120104
0.265318 4116674
0.318702 4115516
0.321591 4073900
0.323317 4065422
0.326010 4048133
0.327167 4045988
0.327366 3984874
0.328907 3980699
0.334629 3977649
0.335590 3971438
0.339049 3970241
0.344046 3901201
0.345391 3897276
0.353061 3887673
0.356147 3887347
0.360953 3882935
0.362112 3848850
0.362311 3818555
0.364817 3807768
0.365780 3806598
0.371537 3806336
0.393758 3746083
0.394915 3698312
0.395305 3697160
0.397621 3622500
0.403176 3620507
0.408575 3553054
0.408777 3528370
0.409928 3527922
0.415125 3520652
0.421854 3499178
0.555135 3495082
0.555746 3485747
0.556395 3485732
0.557593 3481081
0.557798 3473568
0.561647 3427138
0.565692 3378435
0.567038 3353889
0.567620 3333235
0.569558 3233393
0.653957 3231477
0.678370 3228279
0.686254 3220460
0.759925 3204621
0.764555 3196875
0.764951 3182552
0.774326 3172699
0.776448 3172358
0.780668 3170673
0.780869 3155541
0.786038 3113928
0.786429 3108119
0.787200 3102242
0.788172 3092490
0.788565 3089523
0.789913 3084970
0.791256 3082254
0.801241 3052585
1.080537 3045992
1.103186 3009773
1.117281 2983021
1.127416 2946770
1.203956 2893931
1.212204 2892087
1.215205 2890909
1.232358 2888519
1.234548 2883349
1.804571 2880269
1.811806 2853544
1.816215 2821392
2.195017 2815353
2.195226 2798736
4.001583 2790470
4.011450 2782017
4.013495 2746010
4.107985 2744615
4.109202 2736494
4.109813 2734461
4.113416 2728269
4.427312 2724870
4.430121 2699891
4.824722 2661637
4.825336 2660396
4.828158 2648382
4.830558 2643661
4.832575 2633546
4.908303 2632392
4.915736 2605007
4.919752 2603328
4.920385 2591033
5.028236 2589047
5.028445 2585378
5.166618 2535351
5.167431 2531490
5.168679 2468491
5.174288 2468446
5.178494 2455944
5.224153 2454762
8.467437 2431930
8.474124 2411181
8.475945 2408829
9.006061 2403811
9.047423 2398588
9.047835 2386826
9.048053 2383081
9.049065 2379537
9.051456 2366733
9.140310 2357064
9.144472 2343100
9.146556 2330216
9.146766 2329936
9.150734 2329850
9.151773 2326820
9.249235 2315650
9.253205 2313196
9.256130 2311358
9.257591 2297386
9.258215 2289635
9.260314 2280466
9.261777 2277042
9.429267 2261415
9.438255 2255987
9.440069 2255118
9.878484 2249731
9.906402 2246383
10.078074 2220677
10.082471 2192087
10.091014 2167636
10.110795 2138978
10.111001 2121563
10.117027 2120270
12.535291 2095267
12.567235 2093698
12.570649 2092955
12.574460 2082452
12.574865 2069472
12.575064 2068405
12.578260 2068193
12.582877 2063782
12.584298 2058774
12.584704 2058252
12.585105 2056277
12.592085 2055634
12.592888 2055537
12.593899 2055377
12.624926 2024715
12.625930 2021465
12.626731 2017187
12.626932 1964412
14.963032 1939231
15.151794 1931891
17.809245 1931264
17.818066 1916862
17.824890 1905034
17.829496 1904033
17.925726 1898090
17.927331 1892674
17.945291 1890404
17.946895 1889873
17.947703 1889330
19.022942 1877466
19.023150 1856514
19.031745 1851421
19.041352 1846409
19.041958 1845432
20.218130 1843459
20.242498 1825334
20.264457 1824834
20.270263 1810195
20.289886 1798589
23.531331 1792520
26.031646 1791124
26.034332 1789627
26.034543 1787878
26.137094 1786071
26.137706 1783254
26.139109 1782865
26.140131 1780275
26.140535 1777747
26.142545 1773425
26.145765 1770925
26.170683 1767515
26.173504 1765603
26.175303 1760176
26.197516 1759055
26.233171 1757623
26.233377 1755039
26.474939 1748744
26.487161 1744141
26.520872 1736669
26.562225 1736000
26.574005 1735224
26.594172 1732574
26.662143 1724145
26.663347 1722151
26.664171 1720143
26.668359 1719392
26.674959 1718087
26.690913 1708338
26.707631 1698551
28.575707 1688623
28.601339 1653685
28.624527 1649631
28.637933 1646055
28.641145 1644668
28.654302 1640628
28.718308 1640496
28.741474 1638392
28.774439 1633247
28.787650 1627568
28.813684 1626102
28.879834 1615837
29.094901 1614453
29.104313 1613945
29.106907 1612207
29.330747 1604908
29.334140 1594944
29.341942 1591697
29.348338 1588784
29.359917 1588327
29.361124 1577814
29.381492 1569830
29.525263 1562826
29.526076 1542351
29.541643 1541216
29.545463 1541179
29.565743 1540726
29.566154 1537228
29.593392 1537158
31.712669 1533839
31.724352 1528059
31.778061 1527865
31.790974 1525365
31.801401 1521325
31.801829 1517444
31.806411 1517040
31.814544 1514938
31.865860 1510354
32.291212 1508081
32.302801 1507555
32.307222 1504700
32.307428 1501787
34.457678 1493197
35.187793 1491964
35.188012 1489702
35.208165 1487602
35.212179 1486393
35.278947 1481689
36.164296 1481400
36.165110 1477005
36.167111 1475950
36.170718 1474149
36.177744 1470559
36.178149 1469378
36.207421 1440714
36.215385 1439078
36.222182 1437858
38.801916 1436396
39.026438 1435514
39.035641 1433555
39.042834 1432014
39.055193 1430481
39.056820 1423359
39.135145 1418085
39.146777 1416320
39.148392 1414567
39.176872 1413775
39.351282 1395327
39.351901 1393529
39.554707 1391938
39.560916 1390496
40.853884 1389752
40.904185 1388339
40.905396 1385797
40.906003 1383055
40.919191 1382472
40.919396 1381027
40.928393 1379419
41.131977 1379046
41.135761 1378425
41.352940 1370867
41.507608 1369887
41.508436 1364789
41.528994 1361136
41.566582 1359547
41.625106 1358076
41.687763 1355701
41.750562 1355371
41.920255 1350620
42.579586 1347057
42.596481 1344391
42.966695 1333173
42.975283 1332295
42.988049 1331247
43.067318 1331236
43.097320 1329698
43.431710 1325856
43.449295 1317299
43.762992 1314904
44.498680 1309407
44.501296 1308329
44.511094 1307698
45.162574 1303055
45.197545 1302365
47.314527 1300808
47.366671 1293853
47.385841 1280733
47.422874 1280512
56.908037 1279842
57.784926 1267128
58.204330 1266383
58.261646 1265943
58.276790 1259978
58.372573 1257139
58.840779 1256940
58.849597 1253689
58.914088 1253547
59.159812 1250532
59.398774 1250374
59.472468 1247488
59.484363 1244287
59.712147 1242928
59.736903 1242005
59.761497 1241976
60.625321 1234504
60.675036 1234385
60.841280 1234175
62.853986 1226623
62.948306 1225817
63.045438 1224234
63.070587 1223056
63.071194 1222800
63.118696 1221622
63.174218 1221323
63.276113 1219440
63.297298 1218989
63.372201 1218272
63.528124 1217388
63.813120 1216748
63.814529 1215207
63.905689 1214216
63.910075 1214036
63.915913 1213818
63.993089 1212741
64.073034 1212495
64.122963 1212328
68.367344 1210642
68.451094 1210430
68.455921 1207675
70.014305 1207123
70.886736 1203686
70.896159 1201703
76.027683 1200812
76.030104 1199837
76.118912 1195935
76.144446 1195112
76.228221 1195010
76.237028 1194420
76.243813 1191932
76.283691 1189000
78.384403 1188393
78.384819 1187514
78.436842 1187491
78.438054 1187286
78.584357 1186462
78.593750 1186371
78.657962 1183439
78.845341 1181962
91.772309 1181269
92.504476 1181204
92.671687 1181139
108.834683 1181129
108.865978 1180999
110.020931 1179570
110.519112 1179333
110.937572 1179221
110.990615 1179079
122.241992 1178684
129.493159 1178619
136.720894 1178446
143.403836 1178088
143.427604 1178037
147.218440 1177972
151.869149 1177163
257.340432 1176967
257.381345 1176902
258.057698 1176851
275.481887 1176726
275.678669 1176675
564.679475 1176383
570.228545 1176332
