0.001392 10891084
0.001652 10811496
0.002399 10768729
0.004247 10747289
0.004638 10702003
0.006307 10693659
0.016662 10693270
0.103200 10636965
0.107365 10615730
0.161090 10575144
0.416519 10522914
0.434958 10491948
1.102230 10465468
1.102433 10385880
1.103196 10343113
1.105095 10321673
1.105480 10276387
1.107176 10272863
1.117347 10267654
1.210338 10256550
1.215430 10243278
1.260040 10201161
1.263072 10146125
1.731055 10128303
1.733529 10124649
2.139256 10114266
2.189496 10087786
2.189691 10008198
2.190444 9965431
2.192335 9943991
2.192716 9898705
2.194411 9895181
2.297680 9878868
2.346250 9876057
2.347383 9823479
2.350413 9768443
2.817629 9762520
3.256951 9736040
3.257144 9656452
3.257866 9613685
3.259670 9592245
3.260038 9546959
3.261679 9543435
3.359266 9476786
3.408327 9471733
3.416815 9440040
3.421725 9420100
4.343827 9393620
4.344067 9314032
4.345401 9255020
4.346312 9251623
4.347222 9206064
4.358131 9201225
4.446993 9184702
4.457188 9178499
4.584704 9162845
4.729583 9115541
4.730728 9114490
4.761754 9106463
4.831638 9094645
5.430678 9068165
5.430931 8988577
5.432286 8929565
5.433236 8926168
5.434181 8880609
5.436631 8875560
5.538073 8808911
5.821446 8790427
5.847269 8776076
6.516450 8749596
6.516655 8670008
6.517980 8610996
6.518929 8607599
6.522137 8585411
6.524227 8578112
6.524800 8557417
6.531011 8557201
6.624502 8490342
6.908547 8471858
7.168784 8466529
7.604099 8440049
7.604327 8360461
7.605654 8301449
7.606605 8298052
7.609822 8275864
7.610958 8256061
7.618698 8247654
7.834917 8240913
7.937275 8234277
7.940689 8228960
7.987117 8160919
8.686227 8134439
8.686427 8054851
8.687748 7995839
8.688700 7992442
8.689644 7976702
8.691334 7966172
8.700785 7942044
8.916733 7937353
8.917290 7905929
9.138422 7890013
9.408506 7875711
9.762971 7849231
9.763165 7769643
9.764498 7710631
9.765442 7707234
9.766384 7691494
9.768077 7680964
9.777497 7656836
9.993016 7652145
9.993595 7620721
10.216492 7604805
10.848524 7578325
10.848730 7498737
10.850049 7439725
10.850997 7436328
10.851939 7420588
10.852711 7415220
10.858719 7414140
10.860625 7412153
10.863074 7385930
10.951387 7319071
11.935702 7305605
11.936296 7124981
11.949833 7100196
12.109309 7087546
12.807013 7081481
12.860629 7075508
12.967312 7067774
13.020278 7054308
13.020833 6873684
13.033920 6848899
13.192806 6836249
13.206919 6832842
13.943953 6824211
14.103957 6810745
14.104549 6630121
14.117710 6626247
14.277832 6592686
14.291909 6589279
15.187222 6575813
15.187987 6567962
15.188944 6529476
15.189315 6396627
15.193219 6394532
15.506804 6359600
16.272360 6346134
16.273123 6338283
16.274067 6299797
16.275763 6262469
16.275958 6252746
16.276735 6228177
16.278424 6164853
16.898297 6156453
16.900204 6150584
17.249031 6136034
17.359942 6122568
17.360713 6114717
17.361661 6076231
17.363368 6038903
17.363566 6029180
17.364341 6004611
17.366031 5941287
18.360195 5941269
18.360771 5925851
18.448356 5912385
18.449118 5904534
18.450062 5866048
18.451753 5828720
18.451948 5818997
18.452722 5794428
18.454415 5731104
19.455961 5728225
19.536244 5714759
19.536991 5706908
19.537939 5668422
19.539631 5631094
19.539823 5621371
19.540575 5596802
19.542266 5533478
20.164777 5519556
20.624514 5506090
20.625278 5498239
20.626226 5459753
20.627923 5422425
20.628119 5412702
20.628895 5388133
20.631155 5349703
21.006227 5343932
21.290388 5321870
21.708953 5308404
21.709714 5300553
21.710661 5262067
21.712384 5224739
21.712579 5215016
21.713335 5190447
21.724281 5190115
21.725986 5173035
21.775270 5140899
22.793613 5136748
22.795677 5135397
22.795875 5016451
22.803024 5011547
22.809097 5009144
22.810803 4992064
23.198338 4979108
23.208158 4978111
23.637060 4974916
23.880707 4970765
23.882778 4969414
23.882976 4850468
23.891473 4805063
24.965775 4798152
24.966726 4790007
24.967672 4782861
24.984691 4780344
25.046394 4774775
25.080024 4762984
25.126516 4750695
25.134446 4745215
25.137102 4709699
25.137859 4693472
25.181672 4691857
25.217912 4643272
25.584509 4629439
26.052981 4622528
26.053929 4614383
26.054876 4607237
26.059765 4604329
26.133674 4599151
26.162355 4596446
26.209435 4593637
26.214152 4580914
26.214351 4563078
26.215295 4543114
26.226472 4509310
26.304797 4473739
26.464867 4473402
26.512701 4473048
27.135389 4466137
27.136357 4457992
27.137304 4450846
27.142208 4447938
27.216218 4442760
27.244888 4440055
27.292038 4437246
27.296780 4424523
27.296980 4406687
27.297929 4386723
27.309093 4352919
27.387531 4317348
28.224234 4310437
28.225185 4302292
28.226319 4292629
28.330860 4287583
28.333521 4284355
28.380925 4235127
28.386587 4231023
28.397771 4197219
28.559185 4175901
29.067977 4174847
29.312542 4167936
29.313490 4159791
29.314624 4150128
29.419404 4145082
29.469391 4092626
29.475043 4088522
29.486181 4054718
29.647726 4033400
30.400522 4026489
30.401475 4018344
30.402611 4008681
30.507249 4003635
30.557237 3951179
30.562884 3947075
30.574044 3913271
31.032710 3893892
31.489943 3886981
31.490897 3878836
31.492039 3869173
31.597893 3860899
31.602649 3851813
31.646753 3811671
31.659774 3798528
31.660558 3782301
31.663586 3773763
32.316387 3756035
32.543278 3753595
32.578021 3746684
32.578970 3738539
32.580109 3728876
32.686076 3720602
32.690802 3711516
32.734936 3671374
32.747945 3658231
32.748737 3642004
32.751759 3633466
33.403842 3615738
33.665107 3608827
33.666057 3600682
33.667193 3591019
33.775419 3585973
33.821788 3533517
33.838569 3495609
34.630691 3478399
34.751547 3471488
34.752510 3463343
34.753643 3453680
34.861980 3448634
34.908448 3396178
34.925257 3358270
35.839136 3351359
35.840659 3337019
35.859299 3336889
35.919391 3328365
36.001094 3253509
36.923501 3246598
36.943669 3232128
37.028451 3224174
37.171261 3169968
37.175225 3158281
37.495885 3152357
37.592947 3117995
38.010576 3111084
38.030811 3096614
38.258361 3034454
38.262326 3022767
39.097422 3015856
39.117636 3001386
39.383282 2981769
39.416117 2965657
39.417452 2963865
39.425366 2956019
39.437970 2943591
39.440047 2921615
40.184010 2914704
40.204190 2900234
40.472010 2876526
40.506520 2849822
40.619151 2830118
41.270720 2823207
41.290940 2808737
41.558615 2785029
41.593128 2758325
41.704220 2715077
42.358607 2708166
42.378808 2693696
42.646153 2669988
42.680613 2643284
43.359073 2642056
43.420083 2639411
43.446037 2632500
43.466163 2618030
43.732914 2594322
43.767335 2567618
44.445151 2566390
44.531922 2559479
44.552072 2545009
44.819105 2521301
44.853582 2494597
45.480760 2493116
45.618571 2486205
45.638793 2471735
45.906139 2448027
45.940614 2421323
46.706636 2414412
46.726797 2399942
46.994520 2377395
47.061626 2361603
47.068633 2353929
47.085371 2351239
47.792768 2344328
47.812912 2329858
48.082865 2310241
48.150146 2284234
48.879325 2277323
48.899506 2262853
49.169131 2243236
49.230927 2239096
49.234131 2226043
49.889742 2220670
49.965971 2213759
49.986130 2199289
50.255746 2179672
50.317642 2175532
50.320847 2162479
51.040446 2155568
51.059847 2141098
51.319164 2121481
51.515069 2120728
51.814745 2119177
52.104124 2112266
52.124335 2097796
52.394246 2078179
52.597665 2077426
53.190581 2070515
53.210722 2056045
53.480849 2036428
54.277349 2029517
54.297558 2015047
54.651453 2001706
54.667854 1997187
55.058838 1995294
55.363704 1988383
55.383873 1973913
55.749508 1972897
55.752545 1967420
55.945621 1964264
55.948835 1951208
56.449767 1944297
56.469975 1929827
56.838381 1919066
57.536271 1914563
57.537603 1907652
57.557329 1893182
57.924676 1882421
58.622878 1875510
58.643167 1861040
59.133098 1852667
59.708755 1845756
59.728923 1831286
60.218319 1826872
60.793820 1819961
60.814015 1805491
61.413454 1802346
61.879392 1795435
61.899597 1780965
62.803478 1779820
62.960323 1778433
62.965405 1771522
62.985582 1757052
63.891027 1755907
64.052831 1748996
64.073046 1734526
65.134938 1733432
65.139088 1726521
65.159205 1712051
66.223938 1706180
66.342454 1702084
66.380084 1691062
67.308664 1685191
67.556306 1674442
68.098399 1670763
68.395990 1664892
68.643825 1654143
69.253780 1650704
69.483433 1644833
69.731146 1634084
70.567931 1633634
70.570574 1627763
70.818309 1617014
71.658712 1611143
72.032452 1610001
72.032830 1606747
72.055761 1605991
72.055955 1602701
72.058342 1602521
72.059808 1602217
72.071729 1601672
72.713527 1600935
72.741154 1595064
73.116149 1593922
73.116558 1590668
73.140311 1589912
73.140510 1586622
73.142948 1586442
73.144486 1586138
73.156538 1585593
73.826743 1579722
74.202765 1578580
74.203156 1575326
74.228161 1575067
74.229120 1573443
74.229504 1571100
74.231012 1570796
74.744859 1570614
74.912903 1564743
75.290201 1535892
76.001761 1530021
76.426809 1523333
76.464877 1522745
76.725709 1521095
77.088214 1515224
77.513888 1508536
77.551982 1507948
78.170713 1502077
78.595846 1495389
78.893570 1495043
79.258144 1489172
79.684186 1482484
80.346555 1476613
80.759133 1472393
81.199865 1471297
81.427290 1465426
81.839356 1461206
82.295056 1458797
82.502708 1452926
82.904571 1444417
83.348859 1418626
83.393727 1397680
83.574424 1391809
83.990815 1387589
84.661208 1381718
85.107531 1381211
85.240548 1380487
85.527528 1378576
85.745827 1372705
86.193877 1372198
86.326896 1371474
86.715891 1365790
86.833679 1359919
87.280243 1359412
87.412872 1358688
87.813580 1354981
87.918802 1349110
88.360833 1348603
88.490974 1347879
88.996050 1342008
89.443227 1341501
90.082683 1335630
90.583762 1335375
91.157551 1329504
91.739164 1329474
91.752451 1328794
92.239419 1322923
93.005808 1322754
93.326709 1316883
94.511356 1311204
95.599394 1310128
95.618507 1309735
96.022638 1308263
96.065801 1306931
96.171860 1305839
96.687489 1304763
96.706522 1304370
97.111725 1302898
97.154720 1301566
97.320878 1300944
97.774141 1299868
97.793217 1299475
98.196823 1298003
98.240027 1296671
98.859141 1295595
98.878173 1295202
99.282168 1293730
99.546845 1293202
99.802641 1292855
99.840603 1292687
99.945057 1291611
99.964064 1291218
100.368238 1289746
100.632489 1289218
100.888466 1288871
101.031044 1287795
101.050088 1287402
101.453952 1285930
101.719063 1285402
102.116286 1284326
102.135369 1283933
102.539673 1282461
103.202871 1281385
103.221948 1280992
103.673129 1280582
103.700280 1280366
104.289439 1279290
104.308522 1278897
104.759447 1278487
105.375233 1277411
105.393681 1277018
105.883004 1276634
106.461747 1275558
106.480685 1275165
106.969750 1274918
107.359773 1274875
107.545940 1273799
107.564530 1273406
108.052867 1273159
108.628148 1272083
108.647196 1271690
109.271525 1270551
109.713922 1269475
109.732995 1269082
110.673505 1269017
110.800682 1267941
110.819737 1267548
112.106700 1266442
112.486661 1266327
113.192701 1265221
113.962858 1265149
114.279876 1264043
115.444386 1263733
115.599227 1263708
115.612454 1263528
115.861254 1263013
116.523655 1262703
116.694233 1262498
117.189693 1262448
117.204293 1262178
117.603750 1261868
117.778187 1261663
118.276801 1261613
118.690848 1261303
118.865536 1261098
119.777229 1260788
120.855195 1255614
120.865584 1252412
122.084001 1252195
122.098536 1252115
122.552026 1251020
123.171550 1250803
123.185812 1250723
124.321289 1250513
124.797882 1250469
125.400649 1250259
126.541173 1250054
127.882775 1249912
129.131544 1249861
237.820961 1249062
238.949808 1248510
239.085043 1247771
239.728938 1247593
239.985448 1247589
240.036064 1247037
240.171098 1246298
240.816484 1246120
241.124554 1245568
241.259621 1244829
241.906296 1244295
242.213333 1243743
242.348480 1243004
243.143977 1242936
243.303077 1242384
243.438364 1241645
244.392135 1241093
244.752311 1241046
245.037566 1240636
245.441182 1240467
245.481407 1239915
245.842126 1239868
246.127120 1239458
246.571648 1238906
246.930152 1238859
247.433626 1238717
247.487646 1238502
247.659939 1237950
248.020666 1237903
248.523988 1237761
248.750516 1237209
249.108428 1237162
249.620118 1236674
249.837743 1236122
250.197635 1236075
250.746432 1235775
250.925897 1235223
251.286952 1235176
252.017950 1234624
253.108145 1234228
253.898174 1234136
254.198369 1233740
255.459266 1233578
256.069392 1233570
256.329886 1233564
256.550544 1233402
257.158529 1233394
257.638955 1233232
258.666438 1232978
259.775031 1232927
261.445846 1232893
262.536990 1232215
263.693175 1232150
