0.000167 13544
0.000303 13494
0.000565 13264
0.000755 12643
0.003736 12358
0.004001 11549
0.004114 11499
0.004546 10648
0.007868 9789
0.009259 9760
0.010855 9570
0.011639 8711
0.013166 8439
0.015429 8393
0.015649 8224
0.016471 8205
0.016727 7951
0.019406 7736
0.020019 7604
0.022608 7389
0.026481 7370
0.026517 7282
0.027024 7278
0.029599 7259
0.029635 7171
0.032930 7120
0.033174 7112
0.037816 7108
0.039687 7092
0.040699 7055
0.042800 7039
0.042984 7003
0.043980 6966
0.045963 6950
0.048768 6889
0.053380 6859
