0.000201 11713
0.000280 11704
0.000449 11637
0.000505 11600
0.000660 10620
0.002037 9909
0.002093 9803
0.002146 9689
0.002399 9652
0.002698 8526
0.003921 8521
0.029135 8360
1.555322 8162
1.555519 8098
5.378568 8028
6.092256 7913
6.998101 7890
6.998250 7883
8.135704 7828
8.779078 7806
9.157549 7767
9.517281 7727
9.942793 7707
10.229985 7552
10.393416 7546
11.212827 7374
11.690253 7372
13.542278 7310
14.008346 7238
14.220917 7127
15.132099 7119
15.233314 7112
15.837968 6998
15.838290 6971
16.736040 6953
16.737299 6898
16.737412 6878
18.418927 6875
20.910465 6865
21.052480 6859
