0.000163 11973
0.000369 11826
0.000887 11465
0.001396 11071
0.003012 10842
0.003269 10826
0.004033 10172
0.004217 10025
0.004761 9665
0.006494 9614
0.008038 8960
0.008686 8782
0.011976 8753
0.012268 8744
0.012417 8662
0.013290 8472
0.014894 8416
0.015760 8387
0.015837 8245
0.016850 8106
0.017721 8078
0.018407 7897
0.018923 7868
0.018987 7726
0.019998 7587
0.020864 7559
0.022305 7521
0.022431 7439
0.023145 7260
0.025449 7222
0.026587 7219
0.027328 7148
0.027541 7131
0.028139 7118
0.029729 7077
0.030654 6955
0.032855 6914
0.036885 6898
0.037892 6878
0.043225 6875
0.123364 6865
0.126814 6859
