0.000182 14673
0.000256 14619
0.000635 14589
0.000754 14422
0.000942 14256
0.001278 13519
0.001500 13261
0.002527 13212
0.003206 13128
0.003582 12978
0.004138 12905
0.004181 12851
0.004549 12821
0.004667 12654
0.004852 12488
0.005186 11751
0.005839 11749
0.007100 11360
0.008019 11287
0.008055 11233
0.008363 11203
0.008462 11036
0.008892 10133
0.011302 10067
0.011583 9976
0.011863 9816
0.012623 9402
0.013024 9088
0.014575 9001
0.014980 8836
0.015049 8598
0.015420 8535
0.016398 8497
0.017864 8433
0.017931 8410
0.018301 8315
0.019001 7766
0.021102 7720
0.021169 7679
0.021480 7655
0.021546 7584
0.024076 7519
0.024329 7473
0.024395 7432
0.024705 7408
0.024770 7337
0.027406 7245
0.030292 7227
0.030611 7135
0.034029 7090
0.036713 7088
0.037848 7082
0.042891 7074
0.044115 7054
0.046754 7021
0.047340 7001
0.049475 6987
0.050540 6967
0.050576 6949
0.052709 6898
0.053756 6878
0.058962 6875
0.322712 6870
0.450796 6859
