0.000213 13058
0.000347 11921
0.000551 11636
0.000654 11398
0.000754 11251
0.000854 11238
0.000906 11165
0.001052 10882
0.001575 9915
0.002051 9519
0.013536 9500
0.025639 9433
0.043488 9075
0.043736 9016
0.059763 8692
0.114178 8455
0.156694 8365
0.156802 8282
0.156902 8226
0.157150 7874
0.157236 7791
6.855971 7763
7.229668 7753
7.934661 7746
8.494085 7669
8.817706 7458
9.384745 7404
10.716528 7323
10.717174 7316
11.307804 7311
11.422101 7204
12.002900 7167
12.003222 7130
13.036085 7080
14.136393 7047
14.358584 7017
15.520398 7016
15.520534 7007
15.576102 6985
15.961807 6932
15.962439 6927
16.157321 6912
16.158375 6909
16.740962 6889
17.408724 6875
18.408290 6865
20.135073 6859
