0.000174 13519
0.000240 12680
0.000330 11598
0.004410 11596
0.004458 11553
0.004701 11261
0.004986 10759
0.005227 10733
0.006137 10673
0.006276 10587
0.007743 10530
0.008626 10528
0.008672 10485
0.009072 10469
0.009199 9691
0.010074 9682
0.010452 9668
0.012832 9666
0.012878 9571
0.013328 9480
0.013368 8994
0.014090 8820
0.016814 8817
0.016855 8756
0.017953 8556
0.018356 8445
0.018907 8410
0.019185 8080
0.020449 8077
0.020488 8016
0.021887 7697
0.022200 7561
0.024076 7558
0.024117 7497
0.026815 7341
0.027677 7338
0.027716 7277
0.031730 7227
0.031771 7164
0.036235 7111
0.038087 7054
0.039844 7001
0.043568 6994
0.043914 6967
0.046495 6870
0.320391 6865
0.324465 6859
