0.000166 13214
0.000871 12901
0.000921 12508
0.001799 12151
0.004805 11614
0.005078 11139
0.005197 11077
0.008797 10540
0.009347 10401
0.009431 10138
0.010532 9973
0.012893 9436
0.013434 9297
0.014752 9154
0.015706 8965
0.016899 8428
0.017436 8289
0.021802 8265
0.022602 8262
0.023121 8255
0.023159 8217
0.023262 7918
0.023493 7879
0.025336 7855
0.026019 7852
0.026537 7845
0.026575 7807
0.026646 7712
0.026684 7365
0.028747 7341
0.029456 7338
0.029973 7331
0.030011 7293
0.030208 7202
0.030441 7193
0.032286 7038
0.034181 6977
0.037172 6974
0.108121 6967
0.110395 6870
0.346799 6865
0.349624 6859
