0.000176 15096
0.000292 15000
0.000592 14818
0.000672 14550
0.001037 14206
0.004016 13897
0.004096 13117
0.004383 13033
0.004461 12765
0.006093 12579
0.007776 12270
0.007905 11306
0.011673 11159
0.012229 10784
0.012662 10613
0.013199 10609
0.014059 10421
0.014277 10099
0.015706 9837
0.016348 9573
0.016442 9493
0.016711 9461
0.017482 9391
0.018340 9367
0.018849 9121
0.019474 8841
0.019849 8729
0.020629 8659
0.022001 8413
0.022866 8356
0.022989 8021
0.025159 7775
0.026899 7639
0.026963 7503
0.028290 7257
0.031498 7187
0.034141 7036
0.034623 6966
0.039223 6923
0.041130 6909
0.041520 6875
0.126184 6870
0.163597 6859
