0.000291 12458
0.000839 12454
0.002416 11183
0.003954 11165
0.004143 10694
0.004653 10690
0.006186 9419
0.007971 9401
0.008122 9195
0.008878 8962
0.010798 8341
0.012206 8231
0.012536 8199
0.012933 8180
0.013119 8153
0.013374 8134
0.013774 7931
0.016248 7648
0.021315 7506
0.021620 7464
0.022910 7459
0.024460 7384
0.024764 7271
0.028270 7161
0.065027 7128
0.065577 7083
0.066031 7060
0.067395 7057
0.068209 7018
0.068748 6973
0.070573 6970
0.071893 6925
0.073717 6922
0.076081 6878
0.076926 6875
0.228895 6870
0.399102 6865
0.401781 6859
