0.000173 12028
0.000418 11956
0.001044 11634
0.004017 11633
0.004061 11467
0.004103 11460
0.004216 11067
0.004329 10410
0.007831 10338
0.007910 10242
0.008349 9679
0.008822 9474
0.009545 9440
0.011629 9368
0.011706 9299
0.012141 9187
0.012466 8727
0.015665 8712
0.015851 8668
0.016096 8423
0.016343 8388
0.018188 8255
0.018283 8178
0.018967 8106
0.019361 7955
0.019517 7839
0.021727 7660
0.022539 7561
0.022666 7321
0.025762 7222
0.026281 7173
0.028925 7074
0.030887 7034
0.031967 6988
0.032360 6986
0.034958 6956
0.035292 6949
0.036127 6907
0.037434 6889
0.038100 6859
