0.000197 15066
0.000282 13631
0.000496 12920
0.000553 12400
0.000608 11770
0.000714 11606
0.000819 10857
0.000924 10667
0.005386 10069
0.005451 9959
0.005656 9914
0.006251 9506
0.006408 9347
0.020493 9303
0.041258 8624
0.075210 8590
0.075689 8450
0.167014 8369
0.167079 8346
2.258346 8281
2.325006 8271
5.170376 8164
5.843424 7840
5.843607 7783
7.299277 7705
7.299417 7606
8.455659 7580
9.926326 7474
11.276230 7342
12.244039 7102
13.717163 7030
13.717507 6955
16.597875 6950
17.752414 6932
18.895321 6890
19.300937 6859
