0.000668 784312
0.000895 784229
0.001663 782837
0.001875 782588
0.002066 776720
0.002262 773171
0.002641 771236
0.003805 770451
0.006881 766684
0.007076 761674
0.007269 757237
0.008046 755474
0.008245 748062
0.008435 747950
0.008624 741610
0.010295 737385
0.011972 735329
0.012202 731426
0.012393 727748
0.013146 725093
0.013337 724963
0.014272 721015
0.014648 708917
0.016718 708283
0.016909 708241
0.017101 699615
0.017858 694348
0.018048 692340
0.018238 687560
0.024615 687358
0.024809 681829
0.025187 681133
0.025747 680260
0.025937 676184
0.026126 670062
0.034522 668306
0.035087 663922
0.035651 655913
0.036044 653222
0.037536 652286
0.037727 642432
0.038104 637217
0.038480 635373
0.038857 633313
0.042394 631764
0.044269 631568
0.047419 630662
0.047796 616564
0.074390 609158
0.118528 608901
0.123074 606158
0.123534 603906
0.123735 601202
0.124136 600881
0.124340 595549
0.178942 594202
0.179326 586907
0.181387 586882
0.181580 584342
0.182329 582090
0.183261 575393
0.883193 574978
0.883594 574947
0.883977 572855
0.886039 565365
0.886823 564759
0.887771 563009
0.888167 562317
0.891137 560158
0.891889 553722
10.793769 547544
17.668921 547291
17.671652 546346
17.672727 540380
18.207775 536613
18.209944 528990
18.211432 526055
18.222406 519375
18.222826 515882
18.223458 514822
18.224548 514734
18.224765 514207
27.942251 509357
27.943948 505190
27.945231 501988
27.948114 498490
27.949520 497446
27.951484 493416
27.952685 490895
29.951933 489609
29.956813 489502
29.958733 486730
29.962957 485454
29.964322 483276
29.965123 482371
29.967463 480846
30.520173 463242
30.520617 462925
30.520835 461204
30.523736 458779
30.524627 457015
33.199229 453328
33.199433 448529
33.199827 447323
33.200623 446102
33.200818 445963
33.204168 442153
33.204364 441381
33.204554 434497
33.204942 432704
36.786969 426470
36.787214 424356
36.787413 417635
41.960828 415796
41.962225 409184
41.962819 408919
41.963026 402400
41.963810 401415
41.964006 400758
41.964214 400064
41.964995 398965
41.965799 397443
41.966600 394315
41.967188 387983
41.969735 387659
46.053449 383479
46.053876 383158
46.057292 380260
46.058376 374579
47.756559 372549
47.760502 371644
47.762462 370653
47.787272 370606
47.805780 370153
47.807531 368259
47.811221 367438
47.811810 361644
47.819931 360121
47.820141 359001
47.820335 358156
47.820726 357682
47.822470 355616
47.822665 354552
47.836081 353085
47.837835 351684
47.838423 344860
51.166182 341761
51.902441 340933
51.903747 339555
51.904611 337043
51.912291 333036
51.914469 325211
51.915444 323295
51.935284 321580
51.935680 321026
51.938701 320679
51.939719 320469
51.941560 313809
55.006786 313642
55.225297 313017
55.228320 312666
55.229103 311504
55.234106 310475
55.234910 307949
55.235516 306622
55.235710 304923
55.239272 304785
58.017490 303292
58.019538 302806
58.019740 300932
58.029210 293668
58.036684 293542
58.218245 293521
58.222045 292060
58.224217 284980
60.617626 282224
60.619083 282059
61.012531 281032
61.069581 280275
61.069792 279714
61.073697 277118
61.074107 275740
61.074309 274600
61.083068 274543
61.088943 274289
61.090181 273611
61.090994 273116
61.106435 271159
61.106643 269907
61.116661 267968
61.119522 267709
61.121581 265935
61.125858 262079
61.131544 261754
61.135792 255827
61.140055 253466
61.477851 253198
64.254359 252863
64.274646 251614
64.278945 250231
64.279548 249741
64.287023 249480
64.621648 249346
64.623619 249315
65.010789 247857
65.015577 247505
65.974363 247376
66.952384 247373
66.952595 246701
66.957278 245749
66.958320 245584
66.973968 244901
66.975400 241621
68.912553 240354
68.936476 237811
68.942489 237620
68.954692 236764
68.957051 235562
71.310824 233265
71.381684 233012
71.382984 232348
71.390644 230221
71.392670 229613
71.394071 228436
71.930042 227229
71.933490 226784
71.972227 226577
72.480567 226374
72.489238 226051
72.493779 225861
72.502866 225246
72.504531 223825
72.505183 223047
72.505399 222250
72.526318 222080
73.058655 222006
73.065705 221159
73.069620 218164
73.069817 217168
73.073186 216314
73.092887 215823
73.099415 214046
73.108796 213669
73.116426 212714
75.198140 211167
77.301480 211158
77.326216 210644
77.343541 209642
77.429779 208845
77.433183 208831
77.434588 206542
77.456029 206426
77.891741 205653
77.904859 205586
77.909347 205357
77.919539 205318
77.926048 204443
77.939304 202830
78.194113 202372
78.212328 199003
78.213632 198387
78.215576 197514
78.259288 196989
78.288096 195411
78.288296 193106
78.289656 193095
78.311095 192565
78.332397 191998
78.398322 191782
78.459993 190842
78.460622 190428
78.466861 190336
78.486844 189581
79.022600 189571
79.024858 188651
79.033945 186494
79.113775 186402
79.317704 186358
79.322466 186292
79.325700 185734
79.335597 185001
79.554952 184898
79.964191 184459
80.570445 183887
80.617536 183854
80.654622 183521
80.660005 182639
80.663446 182591
80.762402 181613
80.950429 181443
80.991147 180867
82.690435 180448
82.696451 179623
82.724004 176972
82.728664 176696
82.835448 176248
82.836829 175786
82.864331 174050
83.089640 173475
83.096242 173276
83.099411 173080
83.262236 172768
83.264415 172129
83.267865 171445
83.363920 171159
83.427146 170703
83.460823 170411
89.274953 170179
89.288039 168621
89.364110 167669
89.366281 167392
89.377848 167391
90.504040 167246
90.529582 166928
90.541075 166758
90.872236 165511
90.919177 163685
91.015189 163329
91.036827 163212
91.060258 162424
91.060457 162240
91.064777 161945
91.156333 161264
92.283298 160906
94.101163 159150
94.165186 159015
94.300852 158918
94.344121 158693
94.359951 158128
94.443577 154968
94.461192 154900
94.496226 153219
94.538025 151601
95.060863 151203
95.063226 150957
95.794511 150130
95.849320 150013
97.101042 149850
98.025115 149386
98.110294 149327
98.118944 149193
98.129925 148592
98.345722 148365
98.364976 147515
100.409802 147245
100.443499 147086
100.447971 146733
100.462233 146570
100.499150 146545
100.517245 146191
100.624163 146174
100.732472 146076
100.760711 146052
100.800558 145784
100.840038 145236
100.865982 144884
100.977904 144758
100.978496 144673
100.984385 144312
101.030672 143954
101.041910 143233
101.346357 143114
101.382304 143058
107.883220 142428
108.001649 142380
108.046654 142083
110.802986 141457
110.881132 141130
111.195915 140488
111.213493 140125
112.377084 140123
112.431248 139330
112.483365 139255
112.512373 138965
112.659322 138910
114.284517 138595
114.367863 138394
115.561744 138151
116.603786 137727
116.878896 137724
117.899198 137412
117.905024 137099
117.912473 136915
118.073493 134939
119.466775 134439
126.951022 134397
128.751604 134347
131.419642 134255
138.140861 134189
138.596673 134186
