0.000673 759043
0.000932 744901
0.001143 743459
0.001398 738228
0.001603 736302
0.001810 727572
0.002797 727030
0.003189 724232
0.004539 724021
0.009044 715747
0.010029 714269
0.010408 712356
0.010971 709565
0.011161 708055
0.011728 706317
0.011919 689395
0.012110 688335
0.017150 687115
0.017375 681925
0.018127 669641
0.018322 666234
0.018884 659843
0.019449 659031
0.020384 656490
0.020574 651703
0.020951 641770
0.021358 640379
0.060331 639778
0.060722 639390
0.060918 638597
0.061318 633905
0.062436 631192
0.062813 623402
0.063003 621214
0.063378 614194
0.063752 612377
0.083890 611750
0.084085 609909
0.085587 607752
0.085963 605908
0.087448 601786
0.088446 599691
0.091101 596727
0.122538 594453
0.122744 587451
0.123317 586600
0.123527 577607
0.125986 577378
0.126363 572537
0.134590 570697
0.135346 568947
0.135757 567605
0.136321 556837
0.136885 554985
0.901030 554857
0.901634 553655
0.902215 547625
0.902413 547542
0.902801 541512
23.602757 540452
24.081096 538703
24.081542 536645
24.081742 535550
24.082521 529036
24.082716 525681
24.083682 524781
24.083881 523143
24.084460 522216
24.093420 520617
24.475066 519859
24.475268 518510
24.475659 516578
24.476048 515527
24.476239 509636
24.476430 500962
27.221256 497920
27.222241 497783
27.222827 497178
27.224938 496696
28.460957 493801
28.461161 490711
28.465757 490328
28.465955 489524
28.467898 488742
28.468482 486317
29.459971 485432
29.460171 480352
31.187682 474431
31.200078 472668
31.227967 470992
32.780519 467759
32.785620 461004
32.785826 458564
33.701880 456627
34.531116 456466
34.531323 456203
34.534036 454526
35.027977 453069
35.031078 448973
37.071411 448916
37.072028 445572
37.072618 440028
37.073412 439681
37.073804 439544
37.074580 435652
37.083800 430724
37.083999 425325
37.084192 424934
37.085966 422035
37.963280 421673
37.977895 421399
37.978296 420930
37.978491 420376
37.984287 420174
37.984485 419682
39.698992 419223
40.424904 417356
40.425921 416803
40.427092 416112
40.427485 411922
40.429034 411861
41.531369 411661
41.825282 409479
41.825487 407065
41.826092 405105
41.826871 403421
43.200104 403354
43.200527 397423
43.200729 396318
43.201351 393698
46.054481 392613
46.056435 387975
46.057810 385348
46.058780 383628
46.569217 382376
46.586418 382325
46.669390 378616
46.672000 375485
46.759983 373518
47.037340 370703
47.991696 370127
47.992485 368233
48.064663 366199
48.065468 363109
48.068160 362860
48.070107 361069
48.070303 359183
48.070690 359176
48.073182 357743
48.077035 356170
48.077822 355622
48.082809 353520
48.297380 348880
48.591851 348872
49.120956 347018
49.188693 341642
49.999617 334587
50.022482 333216
50.022879 330127
50.029257 329612
50.051538 327275
52.433399 325551
52.434583 325301
53.182758 324189
53.253306 322759
53.254286 321324
53.254679 320952
53.574902 320673
53.575692 319979
53.577444 314344
53.578030 313870
53.581508 308020
53.715289 303549
53.716650 301507
53.718023 299181
53.718219 298965
53.722671 298870
53.724414 298572
53.730400 296555
54.549871 296123
54.689187 296037
57.850126 295944
57.871827 295638
57.885075 292057
57.885705 291367
58.802591 290991
58.879033 290667
59.093575 290289
59.094937 289991
59.095135 287107
59.098038 286828
59.099770 284412
59.107095 282952
59.112494 282027
59.115208 281928
61.162217 280586
61.199013 279446
61.201548 279305
61.207530 279234
61.210457 277688
61.252445 277383
61.252845 277362
61.257292 275381
61.266713 272748
61.266914 271762
61.296141 270714
61.718714 268548
61.754657 268161
61.770623 266662
61.770822 265917
61.774676 265823
61.777184 265708
62.532011 265170
62.550114 265038
62.554380 264409
62.559597 264028
62.560566 263065
62.561150 261963
62.561554 257270
62.810846 255810
65.707681 254603
65.713071 254338
65.717909 252854
65.720225 249991
65.758308 249944
65.775044 249313
65.776589 247447
65.839573 245763
65.858051 245678
66.212147 244622
66.221384 244107
66.458341 243286
66.535410 242611
66.537548 240345
66.537746 239901
66.544481 236742
66.554497 236396
66.554695 235788
67.015461 235144
67.020486 233254
67.022433 232632
68.509155 232573
68.510143 231188
68.538829 231146
68.539419 229793
68.539614 226768
68.558143 225357
68.558925 223787
68.604479 222681
68.607956 222271
68.608735 221868
68.921493 221702
68.962143 220240
68.976155 220115
69.095534 220105
69.112699 219234
69.127352 218089
70.596474 217185
70.596876 216378
70.598443 216258
70.733587 216253
70.737835 215634
70.738033 215615
70.742858 215192
70.748059 212838
70.806063 212362
70.807037 212307
70.829122 211977
70.830885 211217
70.837440 210658
70.840134 210500
70.987486 209361
70.991364 208574
71.045606 208387
71.071199 208166
71.074302 206563
71.075078 206491
71.102384 205014
71.191217 203715
74.253369 203067
74.321796 202673
74.356205 202602
74.683625 202552
76.678265 202133
76.688498 201403
76.693349 199890
78.085903 199381
78.088993 199276
78.206721 198853
78.207504 198016
78.228096 197992
78.228295 197689
78.513483 197402
79.389670 197309
81.519216 196775
81.604137 196074
81.662771 196019
81.818932 195455
81.866057 194018
82.014349 191943
82.069831 191490
82.507812 189783
82.516285 189036
82.586522 188995
82.701849 188768
82.741719 188256
83.579391 187099
83.593076 187030
83.649133 186807
83.665689 186062
84.611042 185764
85.481977 185696
85.485652 183756
85.701117 182639
85.708846 182367
85.736369 182287
85.764841 181991
85.769681 180333
85.811509 179356
85.819807 179091
85.824244 177540
85.826962 175612
85.933589 174776
86.161894 174682
86.216570 173833
86.216770 172884
86.253671 172745
86.264061 172256
86.265620 171592
86.291590 171541
86.307619 171250
86.326103 169488
86.349969 169386
86.371287 169302
86.516872 167266
86.630368 167264
86.657463 167119
86.951620 166564
86.969365 166437
86.998743 166149
87.027498 165967
90.528356 165519
90.786986 164608
90.897059 163667
90.930419 163628
90.938332 163155
90.996044 162710
91.029287 162202
91.041821 161270
91.162680 160907
94.133234 160216
94.756143 159832
94.787636 159656
95.656775 159646
95.669513 158851
95.679166 158643
96.538005 158119
96.557687 158046
96.753236 157671
96.786565 157475
96.794485 156874
96.901328 156844
97.388367 156723
97.588466 156533
97.596946 156485
97.747824 156425
97.764427 155730
97.787927 154173
97.850359 154158
97.907770 153848
98.203777 153698
98.292998 153292
98.365150 153268
98.407899 152577
98.572179 152303
98.666393 152223
98.718192 152145
98.875707 152121
99.344242 152002
99.352149 151905
99.409648 151689
99.413118 151671
99.442936 150942
99.504329 150938
99.675350 150700
99.699584 150386
99.708461 148307
99.723268 148114
99.842698 147531
99.877257 147349
99.917303 147174
99.940585 146995
99.959093 146984
99.981018 146216
99.992770 145970
101.887551 145791
101.985424 145675
102.017631 145075
102.031881 144066
102.258478 143924
102.361805 143538
102.412471 142361
103.062883 141741
103.073486 141533
103.115452 141360
103.154718 140511
103.309752 140508
103.478150 140144
103.539224 139877
103.668856 139863
104.059207 139678
111.762699 139294
111.884383 138921
112.717060 138913
112.857999 138523
112.900821 137710
113.148122 137474
113.207519 137348
114.696026 137249
125.315532 137142
126.344234 136986
129.483136 136981
129.516693 136853
129.780554 136803
130.266552 136766
133.116663 136690
133.310589 136687
134.846564 136637
138.886329 136627
139.156283 136548
139.553136 136545
141.032671 136456
141.041308 136439
147.451076 136387
147.454823 136259
147.957928 136023
150.669821 135699
150.711051 135576
154.158608 135573
