0.000446 742473
0.002191 739364
0.002561 738000
0.074696 724134
0.095966 720267
0.405096 713996
0.418866 711071
0.946755 705852
0.948472 702743
0.948829 701379
0.953464 700908
1.020550 687513
1.885458 682294
1.887936 679664
1.892235 677350
1.992075 673555
2.015723 672357
2.140253 669349
2.155591 668628
2.275754 663817
2.824869 658598
2.827299 655968
2.844040 655165
2.931474 649859
2.996824 649652
3.076773 647154
3.078332 644872
3.080580 644455
3.475061 643343
3.763099 638124
3.765522 635494
3.775021 633180
3.869562 629385
3.934854 629178
4.014702 626680
4.016266 624398
4.595932 623188
4.703396 617969
4.705809 615339
4.722575 614536
4.809909 609230
4.875396 609023
4.955438 606525
4.957004 604243
5.641444 599024
5.645225 595736
5.660525 595591
5.748199 592972
5.751900 592899
5.760130 592184
5.768898 590921
5.818063 590767
5.986163 589073
6.122379 587168
6.154177 585890
6.577922 580671
6.581710 577383
6.597037 577238
6.684835 574619
6.690330 574606
6.696531 573831
6.712272 573484
6.922263 570720
7.059957 568815
7.291961 568808
7.515352 563589
7.519176 560301
7.524706 558645
7.623023 557537
7.634744 556749
7.650477 556402
7.872157 555148
7.878720 554779
7.882341 554654
8.006100 553987
8.455459 548768
8.459329 545480
8.464818 543824
8.562856 542716
8.574502 541928
8.581544 540665
8.630700 540511
8.817873 539958
8.821498 539833
9.199372 539617
9.394374 534398
9.398172 531110
9.404712 529173
9.502205 528346
9.508729 528233
9.521050 526295
9.570184 526141
9.742139 524954
10.335709 519735
10.342267 516626
10.343323 516475
10.346086 514510
10.449025 513928
10.511811 512803
10.514206 511776
10.946442 511275
10.998737 511270
11.096986 510925
11.277847 505706
11.284380 502597
11.285419 502446
11.296951 502273
11.391259 502115
11.394356 498866
11.409997 498519
11.456338 497747
11.882153 497246
12.098898 495865
12.216090 490646
12.222628 487537
12.223703 487386
12.229976 485421
12.351781 485224
12.390504 485197
12.392572 483714
12.394981 482687
12.821646 482186
12.877567 482181
13.155635 476962
13.162154 473853
13.163221 473702
13.168732 473674
13.174802 473529
13.268047 470122
13.332403 470030
13.626917 469684
13.775840 468830
13.806353 468631
14.097798 463412
14.104331 460303
14.109882 458187
14.233110 457990
14.271947 457963
14.274012 456480
14.568585 456134
15.034369 450915
15.039540 450489
15.043176 450085
15.046441 449086
15.053521 447482
15.145082 444075
15.532348 443675
15.972560 438456
15.982580 435347
15.988128 433231
16.152112 431524
16.912418 426305
16.923167 424422
16.928329 421080
17.038640 420883
17.647319 420162
17.852956 414943
17.864861 414886
17.866796 414222
17.868532 409718
17.977913 409521
18.788389 404302
18.791849 401193
18.803861 399077
18.989320 398612
19.125505 397778
19.738977 392559
19.745218 390676
19.754534 387334
20.678462 387218
20.683117 386194
20.718312 385638
20.723134 385605
20.732091 384490
20.734685 383929
20.735036 383330
20.736752 382796
20.739842 380175
20.967202 378947
20.999415 377735
21.472071 377230
21.618107 377114
21.622774 376090
21.657837 375534
21.662679 375501
21.671649 374386
21.674224 373825
21.674588 373226
21.676308 372692
21.679400 370071
21.829981 369678
21.904859 368843
21.936800 367631
22.553441 367515
22.559821 367140
22.564642 366493
22.594809 366203
22.599635 365908
22.606864 364787
22.609781 362943
22.612714 359026
22.760648 358896
22.837050 358850
23.223317 358499
23.489297 358383
23.495682 358008
23.500146 357359
23.530849 357071
23.535312 356803
23.542933 355655
23.545833 353811
23.548770 349894
23.695274 349764
23.772035 349718
24.176216 348961
24.425432 348845
24.431771 348470
24.437470 347823
24.466843 347533
24.472535 347238
24.478903 346117
24.481824 344273
24.484751 340356
24.632389 340226
24.708979 340180
25.284252 338433
25.361838 338317
25.368208 337942
25.373879 337295
25.403260 337005
25.408910 336710
25.415281 335589
25.418191 333745
25.421132 329828
25.568332 329698
25.645217 329652
26.297318 329536
26.303676 329161
26.309372 328514
26.338730 328224
26.344395 327929
26.350764 326808
26.354703 325487
26.356590 321047
27.234128 320931
27.234323 320021
27.246649 319909
27.271127 319318
27.289241 314804
27.395442 314642
27.427732 313572
27.434309 312430
28.180299 312314
28.180489 311404
28.192383 311292
28.216189 310701
28.233708 306187
28.334919 305202
28.786519 304878
29.117539 304762
29.117727 303852
29.129561 303740
29.153251 303149
29.170769 298635
29.272736 297650
30.055731 297534
30.055923 296624
30.067739 296512
30.091559 295921
30.109193 291407
30.994451 291291
30.994812 290916
31.006516 290269
31.041704 289684
31.069037 287727
31.076471 287544
31.128375 286839
31.172714 286800
31.259999 285653
31.477197 285223
31.930328 285107
31.930701 284732
31.937244 284083
31.972275 283527
32.004745 281543
32.006993 280007
32.196112 279469
32.868152 279353
32.868562 278978
32.875112 278329
32.910261 277773
32.942834 275789
32.945066 274253
33.531959 274036
33.593083 273982
33.769333 273979
33.804991 273863
33.805348 273488
33.811902 272839
33.847159 272283
33.880565 270299
33.882866 268763
34.472944 268546
34.533620 268492
34.745873 268376
34.746232 268001
34.752722 267352
34.787698 266796
34.820214 264812
34.822474 263276
35.686814 263160
35.687351 262138
35.774066 261532
35.791488 258935
36.004903 258558
36.348838 258437
36.440209 258231
36.621063 258115
36.621588 257093
36.708996 256487
36.726382 253890
36.939372 253841
37.286717 253392
37.352314 252435
37.559843 252319
37.560372 251297
37.647126 250691
37.664511 248094
37.875431 247717
38.479478 247438
38.498284 247322
38.498817 246300
38.586000 245694
38.603477 243097
38.814711 242720
39.438990 242604
39.439519 241582
39.526586 240976
39.531768 240582
39.544071 238379
39.787905 238266
40.378636 238150
40.379168 237128
40.466328 236522
40.483622 233925
40.872657 233913
41.145022 233659
41.316192 233543
41.316719 232521
41.403665 231915
41.418606 231521
41.421025 229318
42.174602 229251
42.252298 229135
42.252829 228113
42.340009 227507
42.354976 227113
42.357405 224910
42.746587 224898
43.189321 224782
43.189850 223760
43.277644 223154
43.292620 222760
43.295053 220557
44.131768 220441
44.132298 219419
44.219415 218813
44.234393 218419
44.238070 217419
44.343744 216410
45.072803 216294
45.073370 215272
45.161118 214666
45.176145 214272
45.187165 212327
46.017523 212211
46.018055 211189
46.104830 210583
46.119778 210189
46.199783 209981
46.204108 209875
46.312962 209571
46.386130 209358
46.953857 209242
46.954388 208220
47.042037 207614
47.056977 207220
47.137457 207012
47.141800 206906
47.251121 206675
47.891759 206559
47.892295 205537
47.979743 204931
47.994733 204537
48.074975 204329
48.079317 204223
48.291689 203998
48.836807 203882
48.837340 202860
48.924327 202254
48.939229 201860
49.019270 201652
49.023595 201546
49.616201 201502
49.772646 201386
49.773175 200364
49.860015 199758
49.938590 199453
49.958958 199050
49.984425 198923
50.503707 198448
50.706572 198332
50.707104 197310
50.793730 196704
50.807346 196310
50.887173 196102
50.892889 195996
51.640027 195880
51.640558 194858
51.727082 194252
51.799742 193947
52.420679 193714
52.502319 193652
52.573827 193536
52.574363 192514
52.661162 191908
52.734561 191603
53.355651 191370
53.443100 190780
53.509516 190664
53.510046 189642
53.597117 189036
53.669960 188731
54.291180 188498
54.444796 188382
54.445353 187360
54.532080 186754
54.605102 186449
55.381723 186333
55.382258 185311
55.469613 184705
55.472782 184311
55.722588 183870
56.322102 183754
56.322652 182732
56.409481 182126
56.542460 181962
56.627748 181532
57.257455 181416
57.257987 180394
57.344904 179788
57.901238 179617
58.194569 179501
58.195097 178479
58.282092 177873
59.132642 177757
59.168028 177482
59.185569 176177
59.203757 176170
60.067262 176054
60.102791 175779
60.120416 174474
60.187730 174432
61.008588 174316
61.043767 174041
61.061299 172736
61.937009 172294
61.945116 172178
61.980369 172127
61.997945 170994
62.127168 170645
62.884737 170529
62.919982 170478
62.937430 169345
63.040096 168737
63.820501 168621
63.855811 168570
63.873343 167437
64.611355 167369
64.765448 167253
64.800833 167202
64.818324 166069
65.702871 165683
65.790960 165632
66.112677 165069
66.316112 164953
66.556031 164923
66.640835 164537
66.728786 164486
67.052521 163923
67.255295 163807
67.581134 163421
67.669384 163370
67.993739 162807
68.433337 162739
68.444526 162710
68.523145 162324
68.610975 162273
68.933128 161710
69.458850 161324
69.547044 161273
69.905251 161196
69.970770 160511
70.396104 160125
70.483749 160074
70.779261 159458
70.930431 159390
70.930962 159198
71.331094 158812
71.418924 158761
71.776987 158684
71.984085 158593
72.176874 158493
72.243885 158233
72.266972 157847
72.354832 157796
72.715727 157719
72.922471 157628
73.115567 157528
73.198443 157406
73.205847 157020
73.293588 156969
73.326096 156743
74.057194 156701
74.147792 156315
74.235888 156264
74.268773 156038
75.086074 155652
75.172526 155308
75.189496 155194
76.019676 154808
76.664355 154589
76.958416 154203
77.578701 154144
77.760666 154071
77.859395 154011
77.891496 153625
78.515397 153566
78.697227 153493
78.827798 153107
79.448890 153048
79.746837 153044
79.762360 152658
80.393396 152599
80.708794 152213
81.728420 151877
81.876389 151876
82.105025 151875
82.664361 151539
82.813051 151538
83.601717 151202
83.719207 151056
84.536666 150720
84.747109 150719
85.472986 150383
85.669820 149870
86.412070 149534
87.403924 149458
87.420536 149430
87.483603 149237
87.651611 149227
88.425490 148930
88.606364 147827
89.363502 147530
89.994311 147523
90.304495 147226
91.575242 147100
91.750205 147040
91.881115 147007
92.510988 146881
92.687167 146821
92.805886 146540
92.839521 146434
93.459612 146308
93.636799 146248
93.755856 145967
94.398607 145841
94.575577 145781
95.337453 145655
95.512930 143355
96.274684 143229
96.646501 143191
97.212944 143065
98.422802 143017
98.527989 142996
99.358649 142948
100.302247 142729
100.302453 142590
193.713910 141842
194.909003 141792
194.967822 141616
195.858446 141566
196.020992 141559
196.793790 141509
196.956713 141456
197.730718 141406
199.085130 141377
200.023958 141184
295.688691 141061
296.182356 140948
296.626997 140797
297.702707 140752
404.061607 140477
502.273467 139910
503.297090 139705
504.715441 139693
504.828153 139626
505.655485 139614
506.614675 139399
