0.000936 746386
0.001747 744693
0.015356 744141
0.431160 743053
0.433771 741908
0.435350 723119
0.451123 718763
1.055394 699529
1.056110 697836
1.058519 697284
1.385459 692587
1.997374 673353
1.998105 671660
2.001886 671654
2.339769 669766
2.582552 669048
2.650051 668294
2.935661 649060
2.936367 647367
2.940148 647361
3.284311 645473
3.883729 626239
3.884444 624546
3.923869 624465
4.825764 623302
4.825997 623238
4.826356 622633
4.826541 620544
4.827064 617118
4.827778 610926
4.829847 606462
4.830371 602326
5.763586 601858
5.765536 601394
5.770541 599913
5.786982 599856
5.796469 599319
5.799424 598424
5.800284 593788
5.800808 591734
5.801158 586250
5.821825 584754
6.702523 584286
6.709482 582341
6.725875 582284
6.737810 581747
6.742476 580414
6.743002 575733
6.743713 571111
6.873204 568330
7.645420 567862
7.647185 566405
7.655640 566240
7.667009 565713
7.672039 565441
7.678249 565323
7.683077 563961
7.683612 556400
7.686361 555865
7.693079 552254
8.497676 551488
8.584427 551020
8.586162 549563
8.594619 549398
8.597916 548902
8.606036 548871
8.611037 548599
8.622094 547119
8.622626 539558
8.625397 539023
8.635931 537845
8.923336 536294
9.521699 536285
9.523985 535817
9.525710 534360
9.534153 534195
9.537442 533699
9.545548 533668
9.550543 533396
9.561624 531916
9.562151 524355
9.564917 523820
9.575409 522642
9.862771 521538
10.463326 521070
10.465150 519613
10.474995 519125
10.488200 518531
10.501112 517169
10.501642 509608
10.503018 505462
11.402580 503885
11.414276 503049
11.422950 503028
11.427449 502455
11.507634 495297
11.511073 495085
11.517950 493163
12.015866 492828
12.028468 492533
12.051105 492255
12.057147 491140
12.341993 489563
12.349985 489285
12.355050 489278
12.356629 489050
12.361658 488866
12.362360 488706
12.366825 488133
12.426393 487710
12.447067 480975
12.450520 480763
12.458416 478564
12.827178 477928
12.945197 477808
12.950190 476779
13.278958 475202
13.290884 474532
13.298506 474505
13.299203 474345
13.326277 474269
13.363489 473349
13.384336 466614
13.387768 466402
13.390000 464480
13.764145 463567
14.102725 462581
14.216524 461004
14.228649 460726
14.231076 460491
14.236106 460307
14.236806 460147
14.246599 459964
14.300939 459151
14.321981 452416
14.325617 452204
14.327905 450282
14.697283 450013
14.701953 449369
15.153777 447792
15.163095 447122
15.173291 447095
15.173992 446935
15.178644 446899
15.198461 446859
15.238664 445458
15.259149 439204
15.262583 438992
15.272091 436793
16.090353 435216
16.095888 434938
16.098287 434703
16.113792 434176
16.167968 433363
16.173643 433103
16.174856 432882
16.222610 432424
16.223044 429129
16.250194 427019
16.307106 426782
16.344508 426632
16.397324 425971
16.460241 424318
17.027791 422741
17.033272 422463
17.035695 422228
17.051149 421701
17.105289 420888
17.110939 420628
17.112189 420407
17.158460 419949
17.158813 416654
17.233829 415789
17.242732 414307
17.280099 414157
17.332761 413496
17.545846 412643
17.961392 411066
17.975655 410396
17.985792 410369
17.986489 410209
17.991134 410173
18.010889 410133
18.045907 408732
18.107023 405087
18.120745 404101
18.223580 400875
18.898119 399298
18.902597 398785
18.937758 398459
18.972185 397445
18.977845 397185
18.982486 396964
19.025390 396506
19.025746 393211
19.104322 392906
19.116474 392416
19.208348 392172
19.294849 391990
19.337933 390815
19.680783 390442
19.831903 388865
19.836352 388352
19.871467 388026
19.905923 387012
19.911607 386752
19.916265 386531
19.959166 386073
19.959531 382778
20.038287 382473
20.050511 381983
20.142487 381739
20.229634 381557
20.272835 380382
20.552520 379753
20.768751 378176
20.773224 377663
20.797106 377479
20.797804 377319
20.842931 376323
20.853270 375842
20.896258 375384
20.896613 372089
20.932170 371211
21.079424 371050
21.166145 370868
21.259863 369697
21.705514 368120
21.709973 367607
21.733799 367423
21.734509 367263
21.779676 366267
21.790025 365786
21.850133 362141
21.924209 361238
22.016216 360994
22.105513 358333
22.642486 356756
22.668959 355863
22.727070 354422
22.767686 353964
22.768040 350669
22.860911 349874
23.125814 349104
23.579041 347527
23.587452 347179
23.590025 347014
23.625264 346688
23.660225 345674
23.731314 341548
23.790840 341135
23.798755 340645
24.347229 339869
24.517055 338292
24.525515 337944
24.543769 337876
24.551359 337399
24.650548 332205
24.760744 330905
25.453527 329328
25.475838 328631
25.476541 328471
25.487715 328435
25.586585 323241
25.616369 322880
26.387894 321303
26.393894 320955
26.412090 320887
26.422088 320410
26.521133 315216
26.637231 314472
27.321994 312895
27.325101 312382
27.352637 312198
27.353335 312038
27.394908 311042
27.465146 306916
28.257763 305339
28.279896 304446
28.381478 303703
28.384421 300769
28.968520 300373
29.027204 300091
29.193704 298514
29.203828 298331
29.215860 297621
29.317090 296878
29.320027 293944
29.633598 292888
30.129886 291311
30.152135 290614
30.161057 290454
30.253023 289675
30.338547 289558
30.384899 286114
31.064665 284537
31.070687 284354
31.095983 283680
31.140671 282455
31.381094 282411
31.384192 281895
31.429326 280863
31.493173 280808
31.544630 279028
32.000043 277451
32.027987 276754
32.031268 276594
32.129237 275815
32.320919 274809
32.365972 273777
32.452638 273671
32.937634 272094
32.965627 271397
32.968906 271237
33.066822 270458
33.249915 269968
33.256968 269452
33.302187 268420
33.362164 268365
33.362864 267184
33.873093 265607
33.901021 264910
33.904303 264750
34.002354 263971
34.192145 262965
34.237158 261933
34.355462 261931
34.671688 261888
34.808713 260311
34.820047 259963
34.836684 259614
34.895370 259497
34.937833 258675
35.125790 257744
35.172583 256637
35.615224 256614
35.743846 255037
35.771746 254340
35.776577 254180
35.873005 253401
36.063704 252395
36.104169 251698
36.108468 251665
36.678681 250088
36.683125 249740
36.757688 248006
36.989716 247547
37.116370 246986
37.613130 245409
37.692085 243327
37.926547 242767
38.143724 242739
38.261535 242360
38.545531 240783
38.628593 240225
38.632224 239969
38.678163 239147
38.866827 238242
39.071287 238060
39.481496 236483
39.564480 235925
39.568112 235669
39.613978 234847
39.802764 233942
40.205015 233823
40.418302 232246
40.499675 230164
40.735644 229604
41.354345 228027
41.435747 225945
41.690540 225939
41.695185 225601
42.288790 224024
42.370239 221942
42.626103 221936
43.226009 220359
43.302873 219801
43.312880 219545
43.352638 218723
43.837323 218694
44.163043 217117
44.248519 215035
45.099161 213458
45.456604 212888
45.508883 212456
45.561248 212404
45.573777 212338
45.586501 211993
45.828040 211781
46.034743 210204
46.392987 209634
46.445322 209202
46.497654 209150
46.510151 209084
46.522847 208739
46.964840 208532
46.971361 206955
47.329822 206385
47.382151 205953
47.434413 205901
47.446949 205835
47.459642 205490
47.907795 203913
48.266486 203343
48.317902 203146
48.421330 201517
48.844744 199940
49.202364 199370
49.255980 198938
49.625754 198520
49.779734 196943
50.137866 196373
50.191478 195941
50.715561 194364
51.072797 193794
51.227965 193403
51.649363 191826
52.496586 191781
52.546654 191334
52.589541 189757
53.430924 189712
53.488707 189675
53.523674 188098
54.376236 187837
54.471678 186260
55.284490 185258
55.310078 182544
55.408538 180967
56.292785 180626
56.342826 179049
57.293848 178686
57.294034 178604
57.312048 177971
57.431451 177825
57.431976 177748
57.556130 177686
57.833284 177539
58.229430 177176
58.229615 177094
58.247665 176461
58.367043 176315
58.367576 176238
58.491599 176176
58.969121 176113
59.145378 176069
59.163568 175706
59.163750 175624
59.181048 175578
59.181746 174991
59.300806 174845
59.301333 174768
59.425385 174706
59.904400 174643
60.098922 174280
60.099116 174198
60.116414 174152
60.117110 173565
60.236358 173419
60.236880 173342
60.360970 173280
61.032900 172917
61.033086 172835
61.050410 172789
61.051107 172202
61.170448 171816
61.971592 171453
61.971778 171371
61.989117 171325
61.989819 170738
62.311281 170683
62.361901 170480
62.905885 170117
62.906072 170035
62.923434 169989
62.924131 169402
63.246077 169347
63.389118 169297
63.401315 169272
63.841522 168909
63.841707 168827
63.859008 168781
63.859716 168194
64.181561 168139
64.220762 167991
64.324428 167413
64.775829 167050
64.776014 166968
64.793387 166922
64.794084 166335
65.116346 166280
65.712159 165917
65.712345 165835
65.729702 165789
65.730399 165202
66.036214 165008
66.050275 164951
66.645045 164588
66.645229 164506
66.662517 164460
66.663215 163873
67.575758 163020
67.728079 162858
68.526527 162005
69.080344 161893
69.486361 161040
70.137563 160930
70.437556 160077
70.933452 159411
70.945570 157230
71.373178 156377
71.899553 156267
72.307109 155414
73.259906 154835
73.879285 154767
74.076879 154619
74.149387 154610
74.195485 154031
74.814136 153963
75.012507 153815
75.086504 153753
75.130974 153174
75.748939 153106
75.946991 152958
76.065588 152379
76.683030 152311
76.895923 151951
76.897132 151874
76.999654 151295
77.621258 151227
77.839712 150812
77.946235 150233
78.582415 150165
78.840636 150154
78.902234 149575
79.520301 149507
79.837380 148928
80.528279 148703
80.774729 148124
81.414071 147535
81.432972 147011
81.714532 146432
82.667616 146284
82.684805 145927
83.532958 145854
83.603899 145706
83.621086 145349
84.538023 145280
84.572774 145258
84.589595 145185
84.958940 145037
85.019756 145033
85.042891 144925
85.274471 144922
85.395989 144896
85.475085 144827
85.509756 144805
85.526593 144732
85.895986 144584
85.956907 144580
85.980077 144472
86.211263 144469
86.411770 144400
86.446510 144378
86.463376 144305
86.832066 144157
86.892970 144153
86.916184 144045
87.347544 143976
87.382292 143954
87.399136 143881
87.768602 143733
88.284477 143664
88.319132 143642
88.335953 143569
88.854501 143515
89.160150 143491
89.220868 143422
89.255618 143400
89.272460 143327
89.791015 143273
90.157802 143204
90.192577 143182
90.209412 143109
90.758722 143089
91.094484 143020
91.129205 142998
91.146047 142925
91.974621 142905
92.031363 142836
92.066097 142814
92.082951 142741
92.914340 142730
92.968399 142661
93.003136 142639
93.019969 142566
93.908017 142497
94.303847 142412
94.844262 142343
95.225948 141759
95.238821 141740
95.778249 141671
96.147358 141237
96.714363 141168
97.070113 141126
97.649201 141057
98.524635 141015
98.587040 140946
99.705746 140929
99.852604 140916
100.381520 140891
100.641501 140874
100.788583 140861
101.576754 140844
101.695580 140525
101.737162 140436
102.512606 140419
102.631415 140100
102.645499 139899
103.448682 139882
493.451058 139880
493.911938 139741
495.527154 139638
496.478132 139610
497.414210 139297
