0.000722 739186
0.001580 738202
0.001776 733104
0.001970 732453
0.002187 731832
0.003321 730116
0.004257 726512
0.004638 725368
0.007647 719489
0.007843 718432
0.008034 709733
0.008224 706161
0.008971 690763
0.011789 683507
0.011987 676520
0.012549 671770
0.016665 670068
0.017411 663658
0.017793 661412
0.017985 651441
0.018198 650052
0.018393 649088
0.019324 643235
0.019701 639933
0.019890 635516
0.020082 635075
0.020457 632627
0.021203 624658
0.044456 623750
0.062490 620818
0.064568 614634
0.065317 610576
0.221998 609934
0.223286 607681
0.252699 598463
0.501243 594632
0.674169 581775
0.818559 570204
2.441224 569223
9.275230 565329
9.275458 563841
9.275651 563138
9.276618 561704
11.575532 558395
14.297097 553896
15.360010 543897
22.091823 539185
22.092635 533097
23.475692 526712
23.475900 518243
23.477911 517685
23.478128 517330
23.479145 510591
23.479346 508883
23.479547 499607
23.479951 499336
29.360730 492439
29.749583 487241
29.749980 480603
29.750960 475881
29.752220 471075
29.752807 467244
29.753394 465923
29.753978 458796
29.754189 457360
29.757487 449104
29.759338 446856
29.759571 445674
37.889440 445461
37.893750 444896
37.893950 438617
37.906583 438462
38.602348 432549
38.609700 429261
38.611060 428207
39.190998 425877
39.191397 419118
39.193517 416809
40.918042 416516
40.918666 413651
40.923029 413294
40.923229 410060
40.929592 405874
40.933833 405175
40.934824 405122
40.936927 402911
40.938100 402767
40.961580 401948
41.171175 400576
41.173481 394959
41.177530 393437
41.177921 391880
41.179101 391272
41.179295 384846
41.179486 381345
45.769718 380815
45.769927 376864
45.770529 376608
47.123794 375569
47.124776 373015
47.125362 371131
47.127133 370729
47.129618 368571
48.214334 367235
49.106882 366532
49.544059 365925
49.578821 364231
49.591907 363214
49.592302 362755
49.593271 361501
49.593660 361409
49.594061 360515
49.596004 357264
49.597170 356111
49.766753 355616
51.097813 353268
51.101506 352026
51.103063 351057
51.113100 348986
51.114083 346348
51.116220 341581
51.462249 340534
51.465154 340445
51.466347 340159
51.467124 337805
52.621092 336599
52.626900 333773
52.627100 333253
52.629037 333242
52.630210 332006
52.641174 331693
52.642933 330430
52.652759 326500
53.903082 324799
53.903679 323985
53.906786 318792
53.907180 316053
53.909677 311930
55.626137 311653
55.689174 310536
55.695074 310363
55.697710 310256
55.698335 310189
55.713728 309096
55.714524 308804
55.717040 308296
55.720166 306515
55.722113 302067
55.727526 295611
55.846295 294374
55.846495 292582
55.849387 292577
59.507201 292484
59.509909 290031
59.510711 286794
59.512254 283351
59.514591 283345
59.519625 282392
59.522736 282196
59.523513 280784
59.525247 278404
60.725483 276881
60.729541 275455
60.806378 274110
61.031438 273704
61.034690 271068
61.036110 269928
61.037530 269245
61.037733 267059
63.460079 266762
63.460678 266234
63.660818 265724
63.666839 264796
63.736596 264275
63.758165 264118
63.824615 263660
63.829063 262709
63.915239 262654
63.921224 261313
63.922004 261228
63.953568 261062
64.025975 260269
64.031554 256626
64.071767 255706
64.073316 253862
64.074688 253679
64.076037 252601
64.076232 251616
67.045673 249667
67.400613 249537
67.435411 249212
67.442764 248432
67.471444 247271
67.539700 245571
67.596384 244853
67.598528 240912
67.603163 238243
67.603359 234835
67.641272 234514
67.788282 234476
67.791384 231802
67.798927 231465
67.819789 230308
67.835612 229493
67.838332 228655
67.850701 228542
67.869656 228184
70.617852 227390
70.620777 225514
72.259879 225461
72.271844 222582
72.277303 221567
72.281564 221265
72.325435 219838
72.326675 219784
72.351370 219060
72.360703 218966
72.658656 216959
72.679349 216516
72.724536 216325
72.734190 215602
72.987234 214278
72.993679 213933
73.040149 211676
73.048070 211213
73.052529 210650
73.075131 210399
73.080716 209197
73.089041 208754
73.099458 205229
73.130752 204569
77.477910 203188
77.483149 201056
77.725987 200499
77.731612 199580
77.732007 199001
77.746884 198766
77.749005 197498
77.756923 196474
78.338112 196465
78.345992 195745
78.359125 194648
78.369015 193441
78.378127 192792
78.389514 191599
78.395704 191271
78.440679 189510
78.453423 188842
78.471546 188790
78.476942 188133
78.481390 187871
78.515964 187465
78.737665 187227
78.774697 187111
79.083909 187001
79.102047 186708
79.104384 186377
79.774048 186072
79.929666 185080
79.951183 185056
79.990188 184971
79.998884 184574
80.287596 184406
80.291866 184143
80.296708 184054
80.429808 183704
80.551348 182859
80.593281 182463
80.606034 182006
82.900761 181847
82.903609 180232
82.910274 179944
82.914918 179848
82.930071 179523
86.350982 178906
86.354681 178105
86.369917 177799
86.391557 175131
86.398924 174745
86.423597 174185
86.427676 173513
86.457440 173169
87.079310 172957
87.127028 172850
87.144947 172430
87.228217 172142
87.732481 171332
87.734534 168310
88.763736 168066
90.627275 167196
90.627677 166585
90.820159 165695
90.866825 165494
90.875139 164687
90.885186 164673
90.891580 164539
90.921747 164072
90.939289 163027
90.946069 162655
90.956893 162600
90.968082 160764
91.010997 160540
91.049164 160232
92.472956 159573
92.490201 159530
92.600332 159171
92.612139 158725
92.656245 158378
92.697537 158225
92.745971 157995
92.830485 157931
92.947757 156593
93.174409 155805
93.182730 155381
94.795175 155117
94.855385 155075
95.143585 154398
95.253753 154299
95.277214 154266
95.413930 153799
95.457919 153508
95.781222 153382
95.867517 153156
101.391370 152221
101.403369 151870
101.445977 150767
101.477496 150414
101.479836 149426
103.268112 148888
103.272563 148487
103.383053 148282
103.572289 148225
103.598625 147160
105.169832 146206
105.579509 146038
105.722329 145459
106.513515 145298
106.704535 145114
106.785214 144823
106.814360 144193
106.981912 144162
106.993657 144133
107.097503 144049
107.125586 144023
107.296646 143982
107.307384 143958
107.315083 143855
107.358657 143714
107.452461 143457
107.492859 143085
107.499732 142903
107.595579 142747
108.663940 142674
108.779316 142456
110.044380 142185
110.305795 142128
110.306630 142025
111.181832 141924
113.914077 141783
115.283337 141260
115.329688 141006
115.357792 140956
115.516656 140283
116.140442 139752
116.907385 139646
118.257926 139442
118.702933 139376
119.028611 139285
119.532529 139246
122.314138 138532
122.401893 138463
122.958228 138312
124.266761 137894
125.330838 137891
125.768109 137378
127.337422 137328
128.814661 137249
129.847884 137121
137.710160 137078
137.744291 136761
139.883661 136346
140.692843 136247
140.706620 136244
