0.001166 704399
0.001677 695122
0.001879 693861
0.002857 692898
0.003615 684067
0.003813 683395
0.004199 681917
0.004575 681429
0.006059 666368
0.006893 666221
0.008011 660461
0.010247 658663
0.012514 653367
0.018042 651532
0.018426 650569
0.018813 649628
0.019975 647587
0.020177 641564
0.023228 641556
0.023445 640893
0.023849 638037
0.024618 630978
0.038877 624224
0.039632 606876
0.039828 605185
0.040019 605057
0.040989 583444
0.501014 582156
1.057293 576350
1.057522 574680
1.057901 569318
11.203395 567818
13.660468 565493
13.666407 560612
13.666606 559529
13.666796 553719
13.669326 551216
13.669522 543127
17.556067 533539
17.556468 533481
17.558953 530390
17.559147 528530
24.338739 524906
24.340712 523386
26.715229 521037
26.715429 517901
26.715621 509022
26.715811 505155
26.718148 504918
26.718344 503679
26.718928 497916
26.719120 496933
27.701751 496897
27.705231 490532
27.705429 488570
27.705817 484975
27.711363 481919
27.711561 476791
27.711751 475138
30.921693 470032
30.922504 468947
30.922913 460316
30.927554 458556
30.934311 452823
30.944906 448901
30.946463 448497
30.951093 448206
30.955738 446266
30.955936 443040
30.956715 441724
30.956921 440376
30.957312 438641
30.957897 436228
30.958091 433619
34.955576 432007
34.956560 430032
34.957364 428349
34.957758 421106
37.974722 420624
37.974929 420363
37.975321 418802
37.975517 417387
38.732310 413887
38.734282 411982
38.734481 411079
38.735261 409620
38.735455 407173
38.736807 406828
38.741479 405598
38.742072 400990
38.743239 399390
38.744404 399153
38.744795 394008
38.746571 392551
38.747352 390260
43.355174 389312
43.364087 386202
44.400112 383666
44.407083 382726
46.444054 378870
46.444267 377983
46.446031 377878
46.449717 371639
46.450307 369578
46.450893 367436
46.451282 367282
46.451474 364813
46.452251 364274
46.485573 359238
46.486357 358393
46.641766 355210
46.661035 354576
46.661430 354562
46.663175 352029
46.666671 351753
46.667064 347504
46.673290 347117
46.675806 344879
46.676000 344870
46.682791 338778
51.525620 337214
51.526027 336984
51.528371 336809
51.529948 334734
51.536520 332542
51.537513 331058
51.788085 327560
51.792757 326776
51.794198 325783
51.929007 324402
51.929990 321962
51.932884 317404
51.933672 316118
51.937565 315398
51.937762 313386
51.978444 312654
51.985240 311163
51.986978 307036
57.035109 306921
57.037480 306632
57.064389 306284
57.064589 303790
57.066356 303635
57.066947 302384
57.068696 300772
57.529003 300597
58.685967 295950
58.686990 295380
58.696700 294750
58.709271 294083
58.735121 293032
58.735939 283502
58.738987 283074
58.744272 280364
58.749985 278836
60.445562 278802
60.660993 278451
60.663715 277018
60.664303 276753
60.666448 276503
60.669956 276124
60.680191 275911
60.683315 272536
61.513818 272216
61.524298 272107
61.577643 270916
61.581145 269609
61.582508 269434
61.588722 268181
61.589903 267313
61.593772 265445
61.595526 265341
61.596692 264480
61.597104 264447
61.604076 262742
61.606036 261890
61.640355 260977
61.641155 260353
61.641744 259642
61.648325 258583
62.016276 258058
62.033017 256763
62.035537 255721
62.048728 255174
62.054006 254783
62.055754 254692
62.091271 254473
62.718184 254402
62.719548 252111
62.721313 251002
62.728657 250318
62.731188 250194
62.854067 249540
62.875032 248689
62.889156 248254
64.206719 247785
65.633874 247467
65.634864 246178
65.651962 245982
65.652551 245971
65.660320 245830
65.664016 244950
65.670044 242488
65.690581 241973
65.776868 241213
65.778625 240062
65.780177 239261
65.782123 239070
65.789106 238869
65.795678 238614
65.799393 236854
65.804034 236220
65.804817 235107
65.808303 234100
65.856638 233362
65.866163 231930
65.991070 229670
68.131062 228825
68.147898 227989
68.178118 225435
68.187212 225042
68.197083 224782
68.202694 224247
68.221830 223665
68.225341 221325
68.236632 221089
68.243597 220961
68.245178 220078
68.480888 218893
68.484010 218680
68.487512 217217
68.489078 215177
68.494683 213220
68.500909 213131
68.506340 213074
68.509644 212955
68.513727 210427
70.679706 208982
70.686893 208774
70.689449 206175
70.695468 205090
70.747123 204737
70.795044 203521
74.235853 202469
74.243627 201755
74.258627 199598
74.262143 198078
75.033604 197221
75.079752 197095
76.244425 195368
76.247920 195085
76.279197 194659
76.871831 194641
77.078773 193678
77.185975 192710
77.216425 192607
77.223050 192544
77.241344 191760
77.241546 190631
77.262340 190419
77.316670 190116
77.318812 189722
77.346564 189688
77.667239 189635
77.667675 189383
77.824486 189378
80.395475 189266
80.402893 188759
80.411641 188518
80.423037 186654
80.473493 185836
80.502672 185807
80.504808 185748
80.511406 185594
80.532918 184764
80.560435 184148
80.561812 183109
80.589898 182037
81.159105 181140
81.283238 180657
81.746187 179827
81.784465 179273
81.784879 177485
81.811241 177062
81.842597 176732
81.856174 175688
81.861812 175536
81.881810 175452
81.940891 174848
81.956997 174751
81.969391 173956
82.002255 173172
82.011744 173039
84.288111 172395
84.292967 171818
84.337113 171176
84.338865 170697
84.947603 170299
84.960994 170140
85.888605 170062
85.912762 169620
85.917630 168985
86.236970 167042
86.251676 166937
86.362169 166673
86.391542 165952
86.696616 165817
86.763799 165148
86.794410 165077
86.801997 164733
86.809955 164579
86.813672 163670
86.815621 163088
86.837460 162200
86.852498 161964
86.855034 161909
87.067681 161745
87.423230 161679
87.440533 161604
87.441541 161478
89.775615 161456
89.791152 159831
89.857357 158461
89.964770 158192
90.051067 156907
90.501752 154796
90.515704 154776
90.602090 153440
90.757193 153263
90.802710 152753
91.103892 151222
91.298089 150167
92.262010 149883
92.379103 149521
92.384557 149213
92.408166 149022
92.417474 148787
92.475518 148501
92.542307 148355
92.709305 148346
92.835499 147888
101.659763 147629
101.695173 147310
101.767837 147013
102.164468 146841
102.301983 146435
102.302806 146251
102.320454 145590
102.347852 145336
102.408049 144985
102.920203 144984
103.006926 144600
103.062800 144594
103.638901 144327
103.951522 143522
103.962400 142058
103.992600 141902
104.073904 141683
104.147653 141565
104.812360 141520
105.308710 141495
105.393801 141477
107.911655 141226
108.873713 141220
110.833733 140828
110.836258 140602
110.844204 140267
110.887523 140004
112.525834 139977
112.871089 139923
112.949407 139860
114.273911 139845
114.300688 139600
114.397003 139254
114.416168 138828
114.468388 138732
115.614914 138685
115.911510 138415
117.023046 138191
117.302427 138176
120.289766 137704
121.137513 137513
123.490224 137444
124.846215 137002
126.776236 136411
127.979965 136227
129.456349 135678
129.921335 135623
133.747980 135536
134.538303 135467
277.431911 135263
280.758302 135142
281.267769 135079
285.318137 134322
285.331278 134253
430.725672 134133
447.634811 134097
447.789393 134028
