0.001717 781837
0.002354 780453
0.002708 779995
0.003058 774446
0.010434 772479
0.010975 772330
0.013750 772196
0.015661 772147
0.025541 771123
0.026779 770955
0.028671 765847
0.034744 765557
0.270172 756124
0.280517 742475
0.994006 740062
0.994536 738678
0.994902 738220
0.995773 734712
0.996123 730348
1.013657 729329
1.014029 727280
1.022097 723839
1.026891 723782
1.273199 723174
1.304410 720075
1.804685 716549
1.928120 714136
1.928655 712752
1.929037 712294
1.929920 708786
1.930270 704422
1.947778 703403
1.948129 701354
2.086043 700967
2.089720 700822
2.197733 699154
2.207874 697248
2.239025 694149
2.864149 691736
2.864673 690352
2.865033 689894
2.865894 686386
2.866243 682022
2.883770 681003
2.884293 677936
3.137222 676754
3.169512 676299
3.198513 674570
3.359174 674203
3.492012 672847
3.804324 670434
3.804847 669050
3.805231 668592
3.806094 665084
3.806441 660720
3.823954 659701
3.824475 656634
4.091045 656486
4.105454 655043
4.292452 654781
4.294695 652901
4.471338 651892
4.740964 649479
4.741494 648095
4.741847 647637
4.742708 644129
4.743058 639765
4.760547 638746
4.761089 635679
5.038785 634088
5.225530 633826
5.456666 633570
5.529279 632815
5.673897 630402
5.674420 629018
5.674770 628560
5.675630 625052
5.675979 620688
5.693472 619669
5.693997 616602
5.971906 615011
6.159170 614749
6.390488 614493
6.609338 612080
6.609865 610696
6.610216 610238
6.611074 606730
6.611424 602366
6.628937 601347
6.629460 598280
6.907129 596689
7.094595 596427
7.544846 594014
7.545388 592630
7.545738 592172
7.546599 588664
7.546951 584300
7.564416 583281
7.564957 580214
7.843670 578623
8.479857 576210
8.480425 574826
8.480782 574368
8.481660 570860
8.483894 568177
8.486489 567156
8.499569 565477
8.646555 565265
8.728389 564970
8.748466 564630
8.761059 563623
8.928107 562831
9.036192 562274
9.195986 561371
9.416011 558958
9.416535 557574
9.416884 557116
9.417755 553608
9.419986 550925
9.422576 549904
9.435658 548225
9.449254 548076
9.665191 547718
9.685216 547378
9.697752 546371
9.864294 545579
9.972533 545022
10.351214 542609
10.351739 541225
10.352089 540767
10.352965 537259
10.355190 534576
10.369985 534520
10.370848 531876
10.384596 528809
11.287996 528110
11.290752 527616
11.291620 526434
11.293868 523922
11.295585 523543
11.298350 518314
11.300588 517081
11.437343 516359
11.530476 515716
11.679052 515451
11.766583 513058
12.224641 512359
12.227397 511865
12.228261 510683
12.228621 509037
12.231382 506291
12.237243 501330
12.374035 500608
12.467403 499965
12.619471 499700
13.122892 499399
13.167727 498700
13.170474 498206
13.171339 497024
13.171689 495378
13.174461 492632
13.183903 491636
13.308321 488604
13.410043 486306
14.111988 485607
14.113946 484547
14.115180 481419
14.116953 481040
14.119758 475811
14.446569 475377
14.664764 474548
14.732271 474475
14.888075 472948
15.052482 472249
15.054396 471189
15.055601 468061
15.057333 467682
15.060080 462453
15.425215 461825
15.856042 460582
15.986190 459883
15.988086 458823
15.989306 455695
15.991024 455316
15.993783 450087
16.318602 449653
16.536538 448824
16.603841 448751
16.921600 448052
16.923517 446992
16.924726 443864
16.926472 443485
16.937862 440988
17.069831 437956
17.471512 436817
17.855524 436118
17.857444 435058
17.858652 431930
17.860367 431551
17.871683 429054
18.127567 429050
18.130503 427748
18.131720 426631
18.184463 425888
18.789960 425189
18.791855 424129
18.792037 422863
18.795132 421867
18.797049 421103
18.806184 418125
18.932033 417757
19.065209 416819
19.066420 415702
19.721101 415425
19.726747 414726
19.728632 413666
19.728812 412400
19.731898 411404
19.733808 410640
19.742894 407662
19.868773 407294
20.001812 406356
20.003028 405239
20.658730 405174
20.662170 404475
20.664057 403415
20.664238 402149
20.667330 401153
20.669231 400389
20.800970 399317
20.804216 397043
20.937176 396105
20.938387 394988
21.596755 394289
21.600201 391407
21.605049 390101
21.606784 389722
21.749705 388982
21.784370 388814
21.803078 387359
21.967865 387346
22.035143 387216
22.037904 386463
22.112586 385210
22.477053 385040
22.538256 384341
22.541790 381459
22.546720 380153
22.548491 379774
22.688567 379183
22.692364 379034
22.726986 378866
22.745691 377411
22.910262 377398
22.977699 377268
22.980444 376515
23.055213 375262
23.475055 374563
23.478509 371681
23.480398 371241
23.482310 370477
23.617224 369646
23.617409 367131
23.845297 366816
24.142479 366697
24.143178 366453
24.408423 365754
24.411870 362872
24.413767 362432
24.423058 361566
24.550334 360837
24.550519 358322
24.934533 357316
25.343244 356617
25.346669 353735
25.352837 352050
25.485536 351459
25.495969 351310
25.530646 351142
25.555699 349687
25.719966 349674
25.787218 349544
26.170869 348934
26.278305 348235
26.281734 345353
26.287879 343668
26.420533 343077
26.430971 342928
26.465540 342760
26.489511 341896
26.582218 341547
26.654808 341292
26.722100 341162
27.212613 340463
27.216576 340461
27.220361 338787
27.220712 337141
27.357418 335546
27.357602 333031
28.148828 332430
28.149031 329300
28.299715 328234
28.386988 325933
28.533672 324404
29.083010 323803
29.083195 320673
29.234198 319607
29.318349 319353
29.320407 318162
29.333791 317366
29.533462 316958
30.025591 316357
30.025784 313227
30.176996 312161
30.264839 309860
30.556581 309463
30.963771 308862
30.963957 305732
31.114884 304666
31.205736 303221
31.219113 302425
31.604556 301895
31.899635 301294
31.899821 298164
31.906676 297110
32.108540 296749
32.144417 294797
32.835377 294196
32.835562 291066
32.978075 290000
33.147396 288296
33.714593 287759
33.770400 287158
33.770584 284028
33.912719 282962
34.081563 281258
34.702906 280657
34.703097 277527
34.845397 276461
35.039603 276289
35.206418 275228
35.636804 274627
35.637001 271497
35.647104 270443
35.847557 270082
36.022817 269282
36.568783 268681
36.568984 265551
36.708024 264485
36.905041 264313
37.501246 263712
37.501433 260582
37.516674 259528
38.308605 259453
38.435845 258852
38.436030 255722
38.451295 254668
39.375400 254544
39.376275 253999
39.387449 253883
39.391059 253472
39.391411 253323
39.394679 251956
39.457571 251647
39.459120 251172
39.467858 250768
39.760098 250510
40.287856 249871
40.310523 249747
40.311393 249202
40.322573 249086
40.326167 248675
40.326520 248526
40.329783 247159
40.392713 246850
40.394269 246375
40.403018 245971
40.694729 245713
41.249648 244985
41.256201 244928
41.263957 244346
41.268265 241809
41.331498 241321
41.537286 241228
42.184420 240500
42.190975 240443
42.196794 239773
42.202985 237324
43.107807 236655
43.177449 236586
43.183290 235483
43.211613 234271
43.273725 233814
43.760769 233601
43.780452 233554
43.781674 233424
44.051611 232755
44.121132 232686
44.126976 231583
44.155250 230371
44.217157 229914
44.985988 229245
45.055678 229176
45.069430 228719
45.089868 226861
45.520672 226746
45.654662 226727
45.921301 226058
45.929352 225376
45.999552 223463
46.067057 222956
46.222354 222250
46.853449 221581
46.923027 221512
46.926458 221055
46.937103 220409
46.957168 219197
47.363773 219082
47.788425 218413
47.857861 218344
47.861296 217887
47.871895 217241
47.891949 216029
48.666070 216001
48.721010 215332
48.790611 215263
48.794041 214806
48.824755 212948
49.586868 212842
49.656108 212173
49.725727 212104
49.729161 211647
49.759717 209789
50.611200 209494
50.659681 207793
50.696919 206567
51.524138 206005
51.614849 205420
51.644508 205416
51.720355 205074
51.750650 204668
51.802903 203708
52.458682 203146
52.549540 202561
52.579143 202557
52.655167 202215
52.685409 201809
52.959351 201798
52.971312 201701
52.994802 201547
53.217602 201234
53.392928 200672
53.483773 200087
53.513484 200083
53.588693 199882
53.602974 198905
54.326820 198343
54.402722 195641
54.975036 195512
55.259351 194950
55.335259 192248
56.217247 190218
56.290307 189738
57.152621 189176
57.290815 188358
57.307730 187913
57.649638 187577
58.100759 187015
58.235075 186197
58.251564 185752
58.610326 185537
59.033171 184975
59.106238 184489
59.106424 181814
59.986821 179784
60.932104 178633
61.001562 178206
61.198919 178158
61.406457 177959
61.508444 177871
61.569252 177848
61.871421 176697
61.940657 176270
62.137644 176222
62.344277 176023
62.446361 175935
62.803436 174784
62.872783 174357
63.070141 174309
63.277358 174110
63.458240 174041
63.650860 174036
63.737326 172885
63.806773 172458
64.004088 172410
64.212545 172211
64.393756 172142
64.573189 171626
64.672887 170475
64.742219 170048
64.939881 170000
65.146995 169801
65.328064 169732
65.607194 168581
65.676664 168154
65.873957 168106
66.081269 167907
66.541474 166756
66.610834 166329
66.808294 166281
67.130115 166083
67.475810 164932
67.545322 164505
67.742904 164457
68.349867 164443
68.410724 163292
68.480037 162865
68.677717 162817
69.281160 162125
69.344880 160974
69.414325 160547
69.611205 160499
70.277626 159348
70.346830 158921
71.212631 157770
72.105533 157398
72.146415 156247
73.044348 155995
73.080396 154844
74.096418 153984
74.347327 153825
74.390074 153806
74.768440 153736
75.030133 152876
75.281284 152717
75.324039 152698
75.695014 152683
75.964398 151823
76.217295 151664
76.261243 151645
76.650119 151303
76.914231 150443
77.165394 150284
77.208072 150265
77.848736 149405
78.966563 149259
79.098736 148729
79.348418 148683
79.501558 148545
79.924193 148399
80.054064 147869
80.302386 147823
80.584065 147707
80.869364 147561
81.001097 147031
81.245504 146985
81.821742 146839
81.953190 146309
82.183097 145993
82.780128 145847
82.911932 145317
83.717385 145171
83.845991 144538
83.846177 143263
84.651609 143117
84.831785 143037
84.963622 142832
85.273778 142740
85.591502 142594
85.776243 142514
85.911163 142309
86.536731 142163
86.717085 142083
86.848857 141846
86.849054 141290
87.470095 141144
87.650631 141064
87.936908 140887
88.420179 140741
88.604953 140661
89.374285 140515
89.737513 140486
90.008431 140443
90.308194 140297
90.671317 140268
91.241985 140122
91.604800 139827
91.635260 139390
92.176345 139244
92.499110 139212
92.509730 139091
92.519992 138678
93.109921 138532
93.552143 138494
93.577951 138401
94.050498 138255
94.487312 138217
94.984356 138071
96.492572 138060
96.498929 138046
97.434045 136777
