0.000637 755837
0.001209 748976
0.005612 747389
0.014430 746948
0.020416 745025
0.044059 743767
0.062118 737790
0.066975 735628
0.101029 714246
0.994301 712243
0.995225 711053
0.995586 705424
0.999562 703085
1.009619 701431
1.046596 700804
1.048684 697604
1.051803 696600
1.053191 692034
1.338832 690854
1.532414 683270
1.936521 681267
1.937392 680077
1.937750 674448
1.941729 672109
1.951816 670455
1.989060 669828
1.991188 666628
1.994274 665624
1.995843 662748
2.279308 662443
2.681645 659608
2.877843 657605
2.878719 656415
2.879086 650786
2.883066 648447
2.892885 646906
2.930285 646166
2.932380 642966
2.935493 641962
2.937044 639086
3.228513 638781
3.822474 636778
3.823363 635588
3.823716 629959
3.837605 626079
3.874848 625339
3.876945 622139
3.879739 618731
3.996247 618305
4.248061 614635
4.766465 612632
4.767358 611442
4.767712 605813
4.772245 602236
4.820697 597993
4.823638 595109
5.194044 593814
5.708850 591811
5.709722 590621
5.710073 584992
5.716452 581112
5.763118 577172
5.777923 576168
6.244565 575873
6.353193 575027
6.651701 573024
6.652597 571834
6.652951 566205
6.665801 562628
6.706116 558385
6.721008 557381
7.188217 557086
7.252363 556327
7.595509 554324
7.596388 553134
7.596740 547505
7.609518 543928
7.649562 539685
7.664309 538681
8.134231 538386
8.540256 536383
8.541158 535193
8.541513 529564
8.546951 525684
8.594657 521744
8.609616 520740
9.153456 520594
9.484764 518591
9.485638 517401
9.485992 511772
9.491336 507892
9.538853 503952
10.069769 503182
10.421301 501179
10.422175 499989
10.422526 494360
10.434381 493351
10.475589 486540
10.486281 485536
11.367034 483533
11.368419 483044
11.369635 482893
11.371370 479063
11.374309 478278
11.377926 475085
11.445777 472802
11.447682 469106
12.310221 467103
12.312473 462661
12.313346 462393
12.323297 459275
12.400863 456714
12.983431 455273
12.984138 454512
13.251789 452509
13.254095 448067
13.255006 447799
13.290258 445392
13.344499 442120
13.767835 438435
14.202720 436432
14.204982 431990
14.205852 431722
14.240360 429315
14.293355 426043
14.772038 425735
15.150943 423732
15.153273 419290
15.154166 419022
15.162096 415904
15.241479 413343
16.094447 411340
16.095729 408570
16.098847 408164
16.105634 403512
16.632101 402772
16.731991 401771
16.952597 401194
17.034374 399191
17.035610 396421
17.038721 396015
17.045443 391363
17.453412 389277
17.971910 387274
17.973124 384504
18.008341 382184
18.110842 380266
18.496262 379372
18.537354 379174
18.776800 378706
18.921746 376703
18.922958 373933
18.958395 371613
19.060398 369695
19.439803 368801
19.865855 366798
19.867092 364028
19.873938 362328
19.902298 361708
20.004150 359790
20.504642 359417
20.803581 357414
20.804791 354644
20.840225 352324
20.942678 350406
21.490311 350153
21.594498 349296
21.756671 347293
21.757912 344523
21.771409 342823
21.794145 342203
21.898767 340285
22.606947 339983
22.700946 337980
22.702162 335210
22.737503 332890
22.840205 330972
23.647937 328969
23.649888 328107
23.651851 327452
23.653445 326328
23.703803 325995
23.790137 325196
24.144060 325071
24.222094 324477
24.225112 323588
24.255724 323093
24.331714 322442
24.610089 320439
24.612052 319577
24.614002 318922
24.615598 317798
24.666118 317465
24.752860 316666
25.107976 316541
25.217691 314563
25.272021 313611
25.563356 311608
25.565249 310746
25.567152 310091
25.568709 308967
25.617568 308634
25.701614 307835
26.048361 307710
26.447309 307505
26.459385 307051
26.502632 305048
26.504546 304186
26.506439 303531
26.508016 302407
26.557279 302074
26.641760 301275
26.987757 301150
27.446520 299147
27.448416 298285
27.450312 297630
27.454268 294677
27.815108 294549
28.384555 292546
28.386461 291684
28.389045 291339
28.389400 290697
28.392324 288076
29.330597 286890
29.330790 286636
29.331151 284023
29.334586 283998
29.388004 281967
30.265359 281395
30.265551 279187
30.269011 279011
30.286006 278907
30.337929 278392
30.355266 278065
30.520265 277446
30.542513 276581
30.618342 276359
30.674164 276207
30.789543 276191
31.217051 275619
31.217248 273411
31.220800 273235
31.238093 273131
31.291694 272616
31.308953 272289
31.474981 271670
31.497244 270805
31.573195 270583
31.628962 270431
32.165307 269859
32.165547 267651
32.186041 267371
32.238116 266856
32.245390 266037
32.498419 265746
32.506930 265159
33.111254 264587
33.111446 262379
33.131994 262331
33.184023 261584
33.191276 260765
33.442606 260474
33.779154 260411
33.781916 260350
33.926617 260306
34.052501 259734
34.052687 257526
34.073230 257478
34.125094 256731
34.132377 255912
34.383105 255621
34.717674 255558
34.850265 255287
34.992098 254715
34.992288 252507
35.012764 252459
35.064587 251712
35.071821 250893
35.323790 250602
35.663151 250539
35.936299 249967
35.936489 247759
35.956891 247711
36.008884 246964
36.016131 246145
36.268717 245854
36.875426 245282
36.875618 243074
36.948339 242423
37.108691 241881
37.144895 240468
37.816431 239896
37.816625 237688
37.891564 237513
37.893133 237400
37.929984 237395
38.049780 236495
38.247490 236162
38.757377 235590
38.757567 233382
38.780818 233334
38.832327 233321
38.837478 232731
38.989633 232189
39.146807 231923
39.695258 231351
39.695454 229143
39.769141 228968
39.770694 228855
39.807396 228850
39.927216 227950
40.636014 227378
40.636217 225170
40.661852 225122
40.713603 225109
40.718774 224519
40.964554 224263
41.586182 223691
41.586389 221483
41.612098 221435
41.663545 221422
41.668740 220832
42.524897 220488
42.525261 220169
42.528031 219935
42.536482 216754
43.281950 215684
43.464251 215340
43.464611 215021
43.467393 214787
43.475484 212904
43.676133 212699
43.680101 212446
44.409145 212102
44.412870 211890
44.413594 208368
45.359353 208154
45.359546 207743
45.390228 207561
45.393201 205897
45.788902 205637
45.802289 205622
46.243425 205266
46.299679 205052
46.299869 204641
46.331820 204580
46.332354 204490
46.333223 202795
46.729281 202535
46.742646 202520
47.237271 202306
47.237495 201895
47.269762 201834
47.270300 201744
47.271185 200049
47.660276 198638
48.177106 198424
48.177294 198013
48.209501 197952
48.210033 197862
48.210908 196167
48.976174 196127
49.116043 195913
49.116547 195502
49.149026 195441
49.149569 195351
49.150449 193656
50.069717 192525
50.087713 191498
51.043592 189564
51.876065 189538
51.984689 187604
52.960042 187157
53.042928 186584
53.091058 186547
53.256409 186072
53.593429 185978
53.642182 185976
53.901643 185529
53.984194 184956
54.032129 184919
54.196828 184444
54.532372 184350
54.588609 184257
54.839101 183810
54.922184 183237
54.970384 183200
55.136746 182725
55.481663 182631
55.798831 182184
55.882832 181611
55.931066 181574
56.096078 181099
56.125792 181092
56.646111 181060
56.736470 180613
56.818930 180040
56.866815 180003
57.032016 179528
57.061601 179521
57.673850 179074
57.756444 178501
57.804426 178464
57.869697 177404
57.956865 177210
58.618687 176763
58.701899 176190
58.749989 176153
59.062910 174841
59.087230 174784
59.569552 174337
59.652185 173764
59.700168 173727
60.348908 173612
60.433214 173398
60.509209 173165
60.592025 172592
60.640107 172555
61.251073 172232
61.449825 171785
61.532605 171212
61.580388 171175
62.279923 170924
62.390527 170477
62.473513 169904
62.521425 169867
63.335869 169648
63.368846 169641
63.418619 168847
64.277920 168628
64.311008 168621
64.471068 168112
64.529296 168079
64.585324 167871
65.222100 167652
65.255059 167645
65.416068 166534
66.164299 166315
66.197363 166308
66.357765 166274
66.357953 164176
67.102785 163957
67.135887 163950
67.339121 163778
67.381942 163408
67.450112 162993
68.043262 162774
68.076382 162767
68.281435 162595
68.324340 162225
68.494177 162085
68.642776 162044
68.988673 161825
69.021922 161818
69.225727 161646
69.268311 161276
69.436709 161136
69.929446 160917
69.962425 160910
70.168314 160738
70.211126 160368
70.536947 160309
70.873481 160090
70.906954 160083
71.111268 159911
71.154310 159541
71.814430 159322
71.847454 159315
72.175367 159228
72.251602 159043
72.471965 158780
72.754294 158561
72.787500 158554
73.116143 158467
73.192819 158282
73.493816 158212
73.499044 158071
73.552221 158056
73.696990 157837
73.730130 157830
74.057744 157743
74.134488 157558
74.435303 157488
74.440496 157347
74.441879 156660
74.637892 156441
74.671091 156434
74.999453 156347
75.076293 156162
75.376924 154747
75.580883 154528
75.614014 154521
75.941553 154434
76.018141 154249
76.336067 154174
76.376176 153922
76.520799 153703
76.553826 153696
76.881154 153609
76.957749 153424
77.275541 153349
77.362131 153291
77.460447 153072
77.493520 153065
77.820057 152978
77.896499 152793
78.216444 152718
78.403670 152499
78.436784 152492
78.766315 152405
78.842925 152220
79.349392 152001
79.382389 151994
79.709972 151907
79.797905 150828
80.289258 150609
80.322425 150602
80.650304 150515
81.090047 150511
81.118372 150489
81.232988 150270
81.267065 150263
81.597929 150176
82.039405 150172
82.055762 149809
82.180366 149590
82.213529 149583
82.541054 149496
82.980377 149492
83.121018 149273
83.154063 149266
83.481217 149179
83.926126 149029
84.062055 148810
84.095078 148803
84.420763 148716
85.001051 148497
85.034240 148490
85.363194 148481
85.363382 148415
85.943476 148196
85.976573 148189
86.305562 147983
86.886600 147764
86.919775 147757
87.825873 147538
88.784682 146401
89.960891 146232
90.193389 146183
90.911892 146014
91.444371 146008
91.502637 145992
91.506265 145982
91.853402 145813
92.381385 145807
92.791216 145638
93.307270 145388
93.737270 145219
94.254052 145005
94.685447 144836
95.660049 144720
96.572894 144243
96.629713 144079
96.656964 143485
97.849784 143427
185.717138 143375
185.870978 143267
185.895087 143259
185.935990 143054
186.122555 142995
186.316769 142940
186.656320 142861
186.809812 142753
186.874426 142548
187.060308 142489
187.253531 142434
187.594811 142355
187.814116 142150
188.000242 142091
188.195457 142036
188.695108 142017
188.760296 141812
188.946590 141753
189.140158 141698
189.700204 141493
189.887841 141434
190.606171 141388
190.639397 141183
190.825711 141124
191.584051 140919
192.136910 140898
192.322404 140865
192.525133 140660
193.083233 140639
193.469896 140434
194.796304 140408
195.000577 140371
195.088579 140260
195.740871 140234
195.944524 140197
196.041712 140069
196.678165 140043
196.885543 140006
197.624250 139980
198.422834 139955
198.565922 139673
199.480963 139346
