0.000922 760907
0.001187 755099
0.002238 749542
0.036718 749374
0.093432 748884
0.103977 748805
0.196801 747783
0.197497 739620
0.210100 736693
0.525294 734664
0.789765 733033
1.021134 732870
1.021336 727062
1.022374 721505
1.080332 720847
1.177116 719746
1.177837 711583
1.195483 708747
1.736094 708331
1.960592 708168
1.960793 702360
1.961821 696803
1.971251 696643
2.019647 696145
2.116460 695044
2.117274 686881
2.134713 684045
2.399217 681925
2.894895 681762
2.895117 675954
2.896145 670397
2.905605 670237
2.965056 669974
3.053309 668638
3.054005 660475
3.229861 658730
3.841842 658567
3.842028 652759
3.843076 647202
3.852524 647042
3.912200 646779
3.997482 645443
4.005938 642254
4.016878 638098
4.788140 637935
4.788547 632127
4.789577 626570
4.799033 626410
4.858945 626147
4.946043 626144
4.950167 625739
4.952746 621622
5.385953 619398
5.599148 618072
5.729397 617909
5.729579 612101
5.730600 606544
5.740045 606384
5.793174 605807
5.890278 605713
5.892855 601596
6.570957 601021
6.652143 599269
6.668087 599106
6.668291 593298
6.669336 587741
6.678782 587581
6.732270 587004
6.830151 586910
6.832771 582793
7.612025 582630
7.612218 576822
7.613609 575198
7.616203 573438
7.619815 571386
7.670462 570607
7.677038 570528
7.818087 570496
7.984363 569520
8.019123 568612
8.105400 564093
8.553477 563930
8.553724 558122
8.555119 556498
8.557694 554738
8.562554 554078
8.743289 551597
8.929137 551115
8.942903 550570
8.963026 549912
9.479426 548301
9.479959 547681
9.494904 547518
9.495107 541710
9.496477 540086
9.499053 538326
9.503848 537666
9.684503 535185
9.868067 534703
9.881588 534158
10.436005 531571
10.436713 531408
10.436894 525600
10.438260 523976
10.440827 522216
10.445626 521556
10.627144 519075
10.813025 518593
10.826871 518048
11.382559 517885
11.382746 512077
11.384130 510453
11.387399 509911
11.391517 508033
11.442942 506965
11.591414 502601
12.084505 502437
12.315183 502274
12.315374 496466
12.316744 494842
12.320017 494300
12.325355 493132
12.326052 493041
12.328824 491030
12.524779 486990
13.255910 486827
13.256103 481019
13.257474 479395
13.266125 477685
13.266821 477594
13.269606 475583
13.444115 474494
13.843260 474012
14.000811 472817
14.196341 472654
14.196528 466846
14.197901 465222
14.207809 462802
14.388558 460321
15.005223 459764
15.038151 459724
15.142893 459561
15.143097 453753
15.144471 452129
15.154278 449709
15.208162 449126
15.333919 447228
15.949712 447217
16.088284 447054
16.088469 441246
16.089839 439622
16.125623 437690
16.153558 436619
16.276761 434721
16.677307 434239
17.031591 434076
17.031780 428268
17.033152 426644
17.039031 424843
17.069150 424712
17.097262 423641
17.221175 421743
17.972157 421580
17.972351 415772
17.974745 414236
17.979565 412347
18.027302 410660
18.245573 409673
18.844376 409441
18.911239 409278
18.911476 403470
18.913880 401934
18.918709 400045
18.966335 398358
19.184946 397371
19.850379 397208
19.850572 391400
19.856955 389834
19.858518 389234
19.896573 387844
19.915902 386773
20.302844 386284
20.786434 386121
20.786623 380313
20.794770 379286
20.796002 376888
20.851804 375686
21.724421 375523
21.724614 375343
21.727023 373312
21.727379 370052
21.728419 368149
21.729967 367549
22.088808 365175
22.664282 365012
22.664470 364832
22.666862 362801
22.667228 359541
22.676141 358177
22.984246 358162
23.084238 357576
23.090442 356347
23.246019 355197
23.609121 355034
23.609309 354854
23.611715 352823
23.612068 349563
23.616016 347060
24.029682 346369
24.320804 346108
24.543580 345945
24.543767 345765
24.546160 343734
24.546512 340474
24.550468 337971
24.964319 337280
25.477544 337117
25.477732 336937
25.480175 334906
25.480531 331646
25.483284 331566
25.489817 330282
25.798002 330267
25.999657 329072
26.008415 328759
26.109113 328543
26.411944 328380
26.412129 328200
26.414521 326169
26.414873 322909
26.417628 322829
26.424156 321545
26.733278 321530
26.936018 320335
26.944769 320022
27.349531 319859
27.349722 319679
27.352142 317648
27.352495 314388
27.356264 311885
28.290516 308364
28.303896 307714
28.321302 306754
28.338957 305153
28.645026 304872
29.063235 304205
29.223793 300684
29.237120 300034
29.254641 299074
29.272246 297473
29.578425 297192
30.155745 293671
30.169055 293021
30.186585 292061
30.204200 290460
30.559101 290312
31.061129 290256
31.088727 286735
31.102044 286085
31.119718 285125
31.137815 283524
31.493936 283376
31.829586 282053
32.024872 278532
32.054228 275177
32.963695 275042
32.963930 275029
32.974060 274846
32.975122 272751
33.009974 271100
33.015845 270834
33.260962 268314
33.900745 268179
33.900938 268166
33.911075 267983
33.912117 265888
33.946838 264237
33.952699 263971
34.520796 262961
34.658050 262576
34.839382 262441
34.839577 262428
34.850323 261049
34.851220 259055
34.891348 258233
34.902737 256724
35.665844 256606
35.787051 256471
35.787239 256458
35.798430 252638
35.836832 250800
35.850478 250754
36.724536 250619
36.735883 246786
36.774374 244948
37.679548 244160
37.693749 242522
37.803239 242163
37.815761 242014
37.816659 239826
38.619193 239464
38.631658 235858
39.207811 235846
39.354895 235629
39.560161 235267
39.568413 234841
39.575333 233203
39.754431 231970
40.142366 231775
40.150596 231649
40.178219 231010
40.505429 230648
40.511496 227042
41.093689 227030
41.447077 226668
41.459243 226242
41.462179 224604
41.644143 223371
41.855435 223251
42.355376 222710
42.386757 222348
42.399053 221922
42.399936 221557
42.439724 220787
42.698669 220455
42.699217 220098
42.707822 218491
43.325533 218129
43.327631 216065
43.704094 215708
43.985452 215529
44.098864 215409
44.126627 214741
44.148860 214712
44.261617 214350
44.263706 212286
44.638300 211929
44.921187 211750
45.147177 211002
45.198890 210640
45.200972 208576
45.577220 208219
45.858920 208040
46.097753 207383
46.137846 207021
46.139931 204957
46.516046 204600
46.798707 204421
47.078350 204059
47.080447 201995
47.458828 201987
47.687703 201392
48.015241 201030
48.017301 198966
48.389012 198609
48.952099 198247
48.963745 197821
48.964618 197456
49.004993 196686
49.705879 196555
49.803942 196322
49.892938 195960
49.905150 194677
49.946029 194399
50.642831 194268
50.719877 193811
50.834032 193449
50.844808 193023
50.845706 192658
50.888528 191888
51.587507 191757
51.773738 191395
51.784251 190969
51.785123 190604
51.826857 189834
52.706445 189503
52.717820 189046
52.718693 188681
52.724241 188636
52.741753 188311
52.759474 187351
52.945225 186836
53.640065 186505
53.646250 185822
53.652343 185683
53.657891 185638
53.675373 185313
53.693020 184353
54.597761 183991
54.604281 183339
54.610463 183200
54.698614 182621
54.704326 182599
55.225377 182121
55.551338 181759
55.561675 180476
55.657203 180367
56.490686 180005
56.501039 178722
56.772956 178692
57.446088 178330
57.452269 177904
57.453166 177539
57.541531 176960
58.403878 176492
58.404254 175807
58.543630 175504
58.560586 174689
59.336884 173044
59.337589 172552
60.268786 171764
60.269147 171763
60.269498 170675
61.207565 170378
61.208149 169620
61.587649 169451
61.823751 169037
62.145688 168740
62.146224 167982
62.525055 167813
62.807194 167661
62.826526 167617
63.080149 167320
63.080678 166562
63.460663 166393
63.860420 166261
64.020406 165964
64.020938 165206
64.405222 165037
64.908581 164928
64.959336 164631
64.959864 163873
65.348909 163704
65.908144 163407
65.908677 162649
66.346065 162539
66.846979 162242
66.847511 161484
67.281997 161164
67.781026 160867
67.781558 160109
68.707837 160046
68.721149 159749
68.721675 158991
69.680935 158798
69.801140 158223
70.111782 157984
70.615837 157791
70.736214 157216
71.200400 157011
71.557146 156818
71.677578 156243
72.146148 153393
72.492413 153200
72.612297 152625
73.303735 152606
73.321378 152562
73.440714 152369
73.560792 151794
74.237507 151775
74.313695 151773
74.374632 151580
74.494611 151005
75.172734 150986
75.309387 150793
75.429564 150218
76.242113 150025
76.394389 149832
76.503822 149695
76.885523 149690
76.921865 149589
77.093380 149497
77.140011 149483
77.175621 149290
77.328083 149097
77.437231 148960
77.819959 148955
77.856306 148854
78.026961 148762
78.109410 148569
78.262185 148376
78.371637 148239
78.755465 148234
78.791817 148133
79.045315 147940
79.200531 147747
79.310163 147610
79.693375 147605
79.983060 147412
80.138604 147219
80.249051 147082
80.643786 146861
80.643976 146225
80.924438 146032
81.081729 145839
81.194058 145702
81.868839 145509
82.024601 145316
82.725214 145206
82.812808 145013
82.967600 144820
83.686089 144651
83.755354 144458
83.909733 144265
84.692014 144072
85.012868 144047
85.160143 144039
85.589475 144030
85.627672 143837
85.949126 143812
86.095953 143804
86.564389 143611
86.885105 143586
87.501562 143393
89.092361 143241
89.322738 143225
90.028235 143073
90.989113 142956
90.989647 142882
91.959474 142807
91.959676 142275
92.972674 142191
93.118474 141881
93.533927 141693
93.561291 140756
93.921446 140612
185.045027 140578
185.386500 140154
185.571475 140099
186.322573 139675
186.493208 138891
187.258135 138467
188.851146 138225
189.103553 138130
189.784252 137888
190.759357 137704
191.901262 137567
