0.001761 700164
0.002265 696829
0.004686 696461
0.005767 693418
0.006659 687860
0.029042 683306
0.054392 683045
0.078532 682638
0.533984 679231
0.544724 662513
0.984515 658754
0.984882 655419
0.987294 655051
0.988333 652008
0.991754 650482
0.997434 649743
1.003945 647467
1.021617 642042
1.055976 641547
1.651157 637127
1.926803 633368
1.927160 630033
1.929571 629665
1.930624 626622
1.934253 623312
1.987344 620263
1.996328 619159
2.043613 618872
2.480504 617302
2.786556 614497
2.864272 610738
2.864626 607403
2.867044 607035
2.868079 603992
2.871985 600682
2.924950 597633
2.933222 596529
2.982941 595555
3.815166 591796
3.815734 590842
3.816084 589571
3.818338 588626
3.820223 582785
3.868857 582167
3.874913 574589
4.754625 562982
4.755700 562897
4.768571 562452
4.840874 561392
4.859365 557791
4.967203 557288
5.519610 555045
5.691325 543438
5.692359 543353
5.776618 543036
5.777321 541848
5.795853 538247
5.903464 537661
6.627127 536810
6.632327 525203
6.633369 525118
6.736989 520012
6.844214 519426
7.567731 507819
7.569466 507289
7.572407 505611
7.699420 505059
7.700806 504665
8.504946 493058
8.609656 491831
8.621362 491367
9.033582 491322
9.209899 490039
9.438522 478432
9.450567 477902
9.453495 476224
9.963976 475473
10.098310 473254
10.374480 461647
10.479147 460420
10.489786 459956
10.902094 459911
11.309060 448304
11.316762 447774
11.414275 447077
11.469797 446431
12.248407 434824
12.252026 433661
13.201387 431233
13.201577 431105
13.201756 425253
13.208612 425216
13.311954 424251
13.375179 423553
13.380527 422857
13.415109 421693
13.523608 420827
14.138640 418399
14.138827 418271
14.139006 412419
14.145903 412382
14.249193 411417
14.312717 410719
14.318064 410023
14.352842 408859
15.067107 408333
15.075424 406431
15.075606 406303
15.075784 400451
15.084038 400274
15.218960 399522
15.231343 398754
15.249169 396659
16.002216 396133
16.010456 394231
16.010637 394103
16.010815 388251
16.019090 388074
16.154755 387322
16.172489 386986
16.958508 384558
16.958699 384430
16.958879 378578
16.960427 378541
17.063707 377576
17.887836 377050
17.904475 375148
17.904661 375020
17.904841 369168
18.031508 368722
18.838605 366294
18.838793 366166
18.838973 360314
18.846220 360277
19.132913 360132
19.137572 360004
19.141560 359852
19.786151 359326
19.794416 357424
19.794598 357296
19.794787 351444
20.117491 351389
20.723012 350863
20.731327 348961
20.731511 348833
20.731690 342981
21.654819 342455
21.672653 341591
21.672841 338957
21.682635 338523
21.710196 337628
21.734672 337136
21.736921 335598
22.386875 334748
22.589976 334222
22.607773 333358
22.607958 330724
22.644949 330716
22.645476 329395
22.656151 327982
22.978841 327744
23.100069 327308
23.520266 327145
23.530031 326619
23.547783 325755
23.547966 323121
23.584624 323113
23.585152 321792
23.595831 320379
23.919149 320141
24.039788 319705
24.468807 319179
24.487143 318315
24.487335 315681
24.524705 315673
24.525236 314352
24.546248 312322
25.408504 311796
25.426284 310932
25.432786 310854
25.441269 310281
25.461539 309839
25.465346 308633
25.568422 308472
25.573584 307946
25.573767 307626
25.574824 306946
25.578117 305334
25.739915 305318
26.344464 304792
26.362195 303928
26.368726 303799
26.377202 303277
26.397520 302835
26.405615 301286
26.406149 299965
26.510879 299942
26.514165 298330
26.852742 298221
27.284117 297695
27.301789 296831
27.314213 296753
27.316816 296180
27.337182 295738
27.344226 295425
27.346838 294532
27.445054 291594
27.453703 291233
28.225344 290707
28.243154 289843
28.245924 288680
28.285122 287201
28.285652 285880
28.494942 284990
29.140386 284783
29.165675 284257
29.183357 283393
29.186096 282230
29.224957 280751
29.225484 279430
29.431757 278540
30.099459 278014
30.117104 277150
30.122113 277021
30.152316 276057
30.158876 274508
30.159400 273187
30.288215 273112
30.440714 272920
30.598740 272616
31.036280 272090
31.054093 271226
31.059076 271097
31.089440 270133
31.095981 268584
31.096508 267263
31.226206 267188
31.379927 266996
31.903852 266834
31.978300 266308
31.995986 265444
32.000960 265315
32.031133 264351
32.037643 262802
32.038176 261481
32.166957 261406
32.319298 261214
32.913353 260688
32.931042 259824
32.936290 258661
32.973073 257182
32.973601 255861
33.521679 255638
33.861132 255112
33.878853 254248
33.883819 253085
33.927348 252842
33.929950 251949
34.051141 250660
34.058887 250326
34.553078 250210
34.799629 249684
34.817357 248820
34.822399 247657
34.862840 247589
34.868848 246521
34.992239 245232
34.997749 244858
35.745929 244332
35.763727 243468
35.771646 243339
35.798348 243185
35.799054 242375
35.800601 242062
35.815089 241169
36.034881 238537
36.684871 238011
36.702643 237147
36.709050 235984
36.739623 235741
36.754142 234848
36.989869 233262
37.625130 232736
37.642904 231872
37.651707 231743
37.677580 231589
37.678291 230779
37.679840 230466
37.694385 229573
38.097650 229273
38.110239 227403
38.564812 226877
38.582550 226013
38.594072 224850
38.619275 224607
38.633795 223714
39.132186 223642
39.207638 222913
39.255940 222722
39.482258 222487
39.508241 221961
39.525941 221097
39.537477 219934
39.562705 219691
39.577166 218798
40.074151 218726
40.148703 217997
40.197005 217806
40.447701 217708
40.452617 217182
40.470502 216318
40.482086 215155
40.487312 213695
41.094469 213218
41.142981 213027
41.396510 212501
41.414203 211637
41.423488 211508
41.430910 209014
42.028629 208553
42.331044 208027
42.348818 207163
42.358180 207034
42.365631 204540
43.291046 204014
43.308806 203964
43.308995 203793
43.323828 202264
43.395267 201502
43.944060 200970
44.229200 200444
44.247019 200394
44.247206 200223
44.255459 198197
44.333154 197932
44.546193 196549
45.170255 196023
45.187949 195973
45.188136 195802
45.195851 194273
45.274083 193511
45.791948 193149
46.104549 192623
46.122282 192573
46.122469 192402
46.137819 190376
46.208757 190111
47.045684 189585
47.063435 189535
47.063623 189364
47.078935 187338
47.166236 187337
47.978647 186811
47.996397 186761
47.996584 186590
48.011919 184564
48.918136 184038
48.935814 183988
48.936000 183817
48.952448 183153
49.037054 182717
49.214318 181991
49.464577 181944
49.854772 181418
49.872501 181368
49.872688 181197
49.889133 180533
49.974203 180097
50.163609 180096
50.475970 179719
50.664852 179682
50.772262 179461
50.795809 178935
50.813557 178885
50.813745 178714
50.830265 178235
50.881725 177825
50.915363 177234
51.614223 177199
51.749474 176673
51.767306 176623
51.767504 176452
51.784081 175973
51.835658 175563
51.869183 174972
52.051487 174626
52.699034 174100
52.717317 174050
52.717516 173879
52.734541 173400
52.787549 172990
52.821926 172399
53.651138 171873
53.668982 171823
53.669171 171652
53.687500 171065
53.756442 170952
54.172299 170551
54.413079 170174
54.591841 169648
54.609600 169598
54.609788 169427
54.628015 168840
54.697324 168727
55.110509 168326
55.348910 167375
55.527775 166849
55.545585 166799
55.545772 166628
55.564093 166041
55.633014 165928
56.048504 165527
56.468334 165001
56.486006 164951
56.486193 164780
56.504343 164193
56.573094 164080
57.320314 163819
57.402197 163293
57.419856 163243
57.420041 163072
57.438234 162485
57.506919 162372
58.339127 161846
58.356905 161796
58.357092 161625
58.477443 161408
58.587409 161370
58.617386 161314
58.853136 161302
59.001039 161076
59.276485 160550
59.294204 160500
59.294390 160329
59.414364 160112
59.524138 160074
59.554165 160018
59.687173 159422
60.212839 158896
60.230624 158846
60.230811 158675
60.351098 158458
60.460906 158420
60.490965 158364
60.657584 158344
60.745275 158243
61.159782 157717
61.177448 157667
61.177635 157496
61.297125 157279
61.406479 157241
61.436386 157185
61.601812 157165
62.092277 156639
62.110000 156589
62.110187 156418
62.230254 156201
62.339716 156163
62.369788 156107
62.767388 156095
63.032491 155569
63.050684 155519
63.050876 155348
63.174074 155131
63.285417 155093
63.315490 155037
63.974791 154511
63.992429 154461
63.992616 154290
64.112430 154073
64.221838 154030
64.910151 153504
64.927886 153454
64.928072 153283
65.048732 153066
65.847326 152540
65.865099 152490
65.865287 152319
66.732444 152232
66.764111 152199
66.785823 151673
66.803485 151623
66.803670 151452
67.667156 151365
67.696858 151265
67.701324 150496
67.720362 149970
67.738084 149920
67.738270 149749
68.606431 149662
68.636305 149562
68.659873 149036
68.677640 148986
68.677826 148815
69.549566 148728
69.584446 148703
69.602864 148140
69.620523 148091
69.620709 147956
70.485597 147869
70.538838 147306
70.556496 147257
70.556685 147122
71.452421 147110
71.473407 146547
71.491086 146498
71.491273 146363
72.456544 145144
73.378799 144758
73.431240 144512
74.315858 144126
74.836030 143975
75.250266 143589
75.896409 143510
75.967635 143469
76.188439 143083
76.834474 143004
77.129578 142618
77.734621 141679
78.064387 141293
79.072907 140994
79.455651 140974
79.866289 140935
80.010357 140636
80.392624 140616
80.946811 140317
81.753664 140303
81.885178 140004
82.837000 139451
83.938038 139187
84.330157 139158
84.873420 138894
85.981382 138748
86.361008 138668
86.917192 138522
87.389495 138484
87.855029 138338
89.145229 138288
89.234417 138283
89.276438 138197
89.899804 138192
90.085462 138147
90.174880 138142
90.839215 138137
91.024551 138092
91.774841 138087
92.711810 137471
93.627377 137402
