0.005843 763953
0.006187 759702
0.006413 758739
0.007082 758301
0.007497 757540
0.007699 751521
0.008320 746875
0.009098 738556
0.009338 729285
0.009547 725974
0.009746 720853
0.010157 720003
0.010373 718466
0.010581 715627
0.010781 707943
0.011364 701466
0.011760 698605
0.016430 697257
0.016632 692611
0.016868 692009
0.019764 690050
0.019963 680469
0.020163 679518
0.025245 675790
0.025649 665869
0.026044 665219
0.026440 663745
0.026635 661852
0.027619 656780
0.033592 655701
0.077164 646577
0.077872 646053
0.078137 641464
0.078372 623698
0.143200 621001
0.148622 619522
0.159465 615912
0.160767 614361
0.282818 614267
0.283481 609857
0.284174 604716
0.330467 601519
0.330999 601493
0.338811 586199
0.340327 586044
0.360835 583366
0.361530 581747
0.361939 572335
0.506960 568020
0.597557 566856
0.598334 562883
11.155890 562577
16.949192 549078
19.011529 540488
19.012654 537948
19.014494 535936
23.271389 535068
23.272652 529152
23.272864 526898
23.274482 525347
23.277382 520926
23.830493 520609
23.830714 519941
29.085421 515562
30.173900 512297
30.174362 512105
30.176283 510168
30.176926 509895
30.922336 507115
30.922765 506539
30.939197 504602
30.939553 501930
30.943119 500166
30.943590 497336
30.944047 496397
31.185381 489285
31.927530 487842
32.214279 484919
32.745394 482020
32.746456 480638
32.746901 476722
32.749484 474787
32.750150 473151
32.751074 469662
34.852029 468255
34.855683 465984
34.858557 463166
34.863975 462270
34.865502 456625
34.865712 452556
34.865912 452455
34.866558 451297
34.867713 445477
38.230886 434678
40.562458 429254
40.566120 425432
40.570634 424507
40.573353 424326
40.772558 418421
40.773629 417901
40.774339 417197
40.785785 415412
40.787641 410756
40.794667 402158
40.795319 401072
40.795990 399006
40.798051 397402
40.798491 396921
40.799159 396660
45.752026 394574
45.753967 393186
46.091218 389652
46.093101 384552
47.829232 383991
47.831706 382852
47.832936 381718
47.833779 380635
47.835821 380259
47.851862 377898
47.852277 377162
47.927875 375814
47.928288 371604
48.072435 367619
48.073475 365434
49.342331 361467
50.719205 361379
50.721678 361069
50.725559 359534
50.725974 358299
50.726181 357824
50.726817 352493
50.729521 351990
50.731748 351319
52.221971 349592
52.227251 348273
52.227457 345485
52.229342 344265
52.229545 342888
52.230150 341288
52.244979 339609
52.245595 339583
52.246451 335510
52.246674 335409
53.574497 332206
53.578327 330900
53.578964 329271
53.580445 326418
53.581743 319742
53.582167 319479
53.583853 311918
57.919743 311901
57.919975 310661
57.920652 308893
57.923173 303986
61.233960 302775
61.246661 299745
61.247885 297877
61.248088 292998
61.248285 288992
61.248687 288016
61.290208 286921
61.291251 286713
64.755886 286241
64.758859 286187
64.761843 286061
64.763974 285552
64.769313 285018
64.799134 283039
64.800262 281295
64.822401 279672
64.823763 278930
64.825375 275911
64.826486 273843
64.841352 273610
64.841562 273556
64.842827 271836
64.903643 271672
64.936235 271609
64.948492 271176
64.977174 270334
64.980308 267998
64.986788 265980
65.014209 263766
67.172064 263167
67.172334 262671
67.177473 260968
67.885804 260584
67.886257 254941
67.887827 254402
67.903719 253431
69.732874 253417
69.862991 249447
69.865117 249064
70.051252 245796
70.085459 243209
71.350748 242706
71.350969 241820
71.352226 241752
71.352866 240672
71.386164 240574
71.390102 239880
71.392588 238478
71.441868 237193
71.465243 235204
71.475304 233074
71.503299 232810
71.585798 232679
71.589732 232539
71.591153 229518
71.717552 228814
71.785048 227368
72.255255 226703
72.256977 225603
72.276641 225056
72.277081 224466
72.290673 223888
72.319390 223076
75.378523 222954
75.391556 222788
75.446880 222543
75.447946 218182
75.449939 218139
75.453290 217987
75.456959 217911
75.690895 216814
75.694146 213875
75.702198 213759
75.730206 210140
75.737906 209535
75.756857 208026
75.758886 207018
75.835239 206859
75.840930 205820
75.843586 204335
75.844199 204201
75.844400 203609
75.847641 203426
76.778837 202732
76.786655 202587
76.801921 201699
76.832269 201463
78.414758 201333
78.495324 200921
78.539635 197996
78.548527 197959
78.557047 197045
78.574648 195129
78.577179 194456
80.271149 194376
80.282923 194208
80.288595 193435
80.591181 191890
80.599910 191551
80.600821 190734
80.603168 189639
85.330365 188598
85.376753 188314
85.393721 187838
85.413087 185864
85.511207 184376
85.512453 184238
85.568345 183977
86.175313 183542
86.187972 182589
86.191820 182346
86.193083 181423
86.199295 181121
86.207941 180177
86.672516 180151
86.674576 179366
86.684217 179324
87.012523 179070
87.014814 178761
87.303347 178738
87.308047 178563
87.311322 177521
87.320773 176946
87.334230 176223
87.504564 176114
87.550469 175889
87.560689 175767
87.562126 175386
87.563139 175121
87.647907 174852
87.652092 174349
87.914559 174313
87.944629 173748
88.075477 172591
88.108480 172233
88.110569 172043
88.188691 172016
88.189727 172002
88.193298 171287
88.203687 170459
88.206802 169956
88.239478 168801
89.981152 168422
89.994203 167988
90.176404 167170
93.292894 166165
93.321458 165832
93.362117 165315
93.978893 165088
94.023399 164579
94.056174 164498
94.087105 164280
94.175944 162482
94.339669 162382
94.894023 161727
96.088088 161097
96.207454 160943
96.234743 160915
96.277181 160900
96.287841 160127
96.299996 158950
96.353813 158922
96.766545 157807
98.187617 157233
98.196402 156675
98.248637 156628
98.306265 156195
98.316077 155893
98.342912 155865
98.347352 155775
98.347775 155138
98.385502 154521
98.419333 154378
98.420590 153968
98.428511 153917
98.439110 153735
98.467130 153415
98.494215 151958
98.497963 151584
98.507977 150915
98.534230 150524
98.920857 150436
98.931433 149635
98.933478 149388
98.948057 149063
98.959018 148835
99.003585 147888
99.039444 147731
99.043903 147464
102.777363 146550
102.808662 146431
102.966799 146022
103.051182 146017
103.065362 145218
103.088612 144912
103.109091 144740
110.742236 143667
110.753855 142065
110.767113 141405
112.085962 141009
112.270634 140856
112.496679 140744
112.779392 140694
114.671267 140387
114.735853 138554
114.759833 138479
115.743349 138434
116.982076 138038
121.849754 137971
121.903854 137919
121.907704 137120
121.964574 136936
122.095312 136512
122.345284 136328
123.511931 136247
123.549592 136009
123.551719 135970
123.570607 135243
123.982006 135184
124.727642 135052
125.744573 134834
125.939438 134828
126.282087 134773
126.819686 134645
127.053934 134595
129.477522 134505
130.546968 134377
135.177439 134362
