0.000437 733262
0.001115 717008
0.001366 710791
0.002010 709906
0.002645 708674
0.002857 704357
0.003278 697005
0.003489 696639
0.003705 694451
0.005789 687515
0.007226 682814
0.011931 676589
0.014006 670995
0.014671 667229
0.023428 664581
0.023846 664014
0.025084 653945
0.042980 645743
0.043804 645570
0.044641 638129
0.044853 632601
0.061566 626774
0.061779 625334
0.062801 621162
0.063011 612998
0.063831 612882
0.065478 611101
0.099982 610857
0.100200 606424
0.104074 604000
0.104908 593133
0.105119 591656
0.108162 590751
0.108376 585443
0.236055 576671
0.236813 575248
0.237028 572359
0.241177 571384
0.242610 570681
0.528309 570652
0.529169 559911
0.529382 557582
0.529591 557114
0.530003 556974
0.539349 555816
0.539562 549647
0.542827 548281
0.543247 547993
0.543660 544998
17.208317 544050
17.209110 541688
23.186710 539839
23.186968 537187
23.246071 534531
23.246722 533957
23.247583 531404
23.248698 530930
24.446073 523741
24.446993 523395
24.447207 521086
24.447484 514214
24.447964 511367
24.451107 509911
28.031784 506922
28.034294 502664
28.034995 498201
32.292453 497860
32.295982 495473
32.296210 488828
32.297335 487919
32.308204 487438
32.308429 484177
32.309554 479924
32.310665 479286
32.312887 475397
32.316867 474350
32.317759 463508
32.318203 462310
37.300108 459106
37.301679 458382
37.303169 452827
37.304020 450298
37.321044 449741
39.507993 449403
39.509130 447198
41.269950 443136
41.271097 442277
41.271989 440761
41.272431 438163
41.273986 432676
41.274206 432407
41.277280 430719
42.500444 429103
42.665388 429065
44.333630 424968
44.338408 422648
44.339491 419743
44.341217 416793
44.341651 416631
44.342933 415908
44.343365 415695
44.343797 414621
44.344669 414031
44.345102 410122
44.346406 409240
44.352959 406286
46.266058 405645
48.301720 401897
48.550905 401804
48.552647 400176
48.554621 399405
48.944395 397983
48.946419 396998
48.946639 394426
48.961422 393307
48.963198 392144
48.963418 391803
48.998985 390871
49.235541 388806
49.236937 383324
49.238733 381221
51.119548 381219
51.120446 380205
51.121375 377294
51.121595 371147
51.124037 370818
51.124482 370273
51.125172 364478
51.201809 356387
51.202034 354277
51.202476 353989
51.203148 353611
51.208548 351879
51.209009 348860
51.268936 348506
54.128190 347461
54.172944 347283
54.190326 347247
54.974621 346981
54.977564 341527
54.998172 341160
54.999516 340726
55.000858 339888
57.210663 338830
57.212671 331641
57.217178 328624
57.219751 325436
58.607209 322335
58.612154 321987
58.612603 320002
58.614745 319658
60.263973 319592
60.265332 318360
60.265556 317954
60.334375 316156
60.335031 315375
60.338685 315296
60.345759 313820
61.471490 313570
61.529686 312829
61.536313 310959
61.537621 306989
61.538479 305792
61.545726 304765
61.548067 304646
61.550641 303899
61.989962 302804
62.252118 302684
62.252380 301370
62.262202 300574
62.267127 299566
62.267990 297983
62.274622 297032
62.279140 296612
62.279794 295046
63.447034 294119
64.492339 291240
64.498968 288624
64.520500 287760
64.666961 287000
64.751153 286110
64.753098 284174
64.753963 282798
64.755460 281430
64.756316 281234
64.774017 279113
64.778718 278214
64.781514 277544
64.788551 276426
64.798400 276077
64.803747 275573
65.336272 274241
65.345471 273643
66.895204 273547
66.898284 269560
66.910307 268715
68.950567 265387
68.954772 264007
68.962797 262831
68.999241 261769
68.999879 260501
69.000940 259758
69.004089 257667
69.004947 255818
69.013492 253598
69.014770 252112
69.015193 251174
70.589949 250913
70.590589 250735
70.629798 250696
70.630012 249854
70.632137 249384
71.326370 249068
71.332803 246623
71.337541 245386
71.338797 244095
71.346278 240165
71.346699 238416
71.350311 237103
71.350733 236336
71.372736 235024
71.385129 234996
71.389384 233510
71.411807 232782
71.413095 231948
77.040980 230474
77.054345 230030
77.077912 229524
77.087595 229409
77.136251 227746
77.173407 225722
77.174480 225669
77.185420 225090
77.190738 222930
77.204655 222531
77.295329 222291
77.312364 221324
77.316885 221192
77.325896 220903
77.340552 220483
77.372152 219752
77.379431 218084
79.116055 217797
79.460572 216096
79.484389 213614
79.484614 212062
79.493077 211109
79.494131 209236
79.515573 206390
81.057696 205720
81.067480 204929
81.068327 204850
81.073035 204637
81.537082 203543
81.546357 203286
81.556086 203217
81.567748 202512
81.571647 202363
81.654013 201573
81.654853 200837
81.657404 200457
81.660586 199074
81.682947 198310
82.094079 197937
82.095159 197345
82.096476 197113
82.097362 196709
82.103569 195805
82.528226 195352
82.544486 194562
82.562508 193900
82.609230 193512
82.632142 192188
82.640889 190495
82.648468 189352
82.733199 188890
82.791432 188854
82.795239 187383
91.095116 185710
91.339652 185515
91.401492 185237
91.484531 185061
91.485838 184483
91.509001 183946
94.077260 183497
94.244504 183493
94.269718 182623
94.429309 179961
94.618269 179190
94.634414 178445
94.643598 176643
94.996579 175478
95.003583 174733
96.177966 174122
96.212516 172887
96.444107 172670
96.452203 172405
96.495879 172166
96.512187 170561
96.645376 170375
96.726477 170293
97.360929 169470
97.369658 167584
97.509529 167117
98.601019 165515
98.630946 164755
98.766391 164445
99.077818 164377
101.292927 164222
101.303559 163333
101.304641 162932
101.504672 162802
101.597109 162553
101.613570 162370
101.637256 161390
101.658125 161152
101.658554 160491
101.663707 160184
101.750625 159679
101.760081 159496
101.777267 159047
101.792841 158710
101.808444 158466
101.810979 158019
101.817317 158000
101.841828 156946
101.842669 156354
101.850490 155493
101.901115 155407
103.970876 155155
103.974916 154703
110.080082 154343
110.140932 154284
110.183049 153553
110.271031 153234
112.018467 153049
112.499173 152591
112.628052 152539
113.019361 152528
113.153456 152328
113.333114 152270
114.225233 151708
114.800545 151475
114.970806 150775
116.338711 150558
116.557613 150532
116.656147 150269
116.674364 150164
119.975599 150110
120.049497 150007
121.812949 149802
124.417369 149352
124.424905 149233
124.472501 149032
125.272953 149006
125.324428 148987
125.575528 147470
125.697218 147346
126.605266 146994
126.678980 146958
126.788555 146818
126.793549 146505
126.826965 146318
127.177748 146060
128.201914 146006
128.657371 145741
129.079279 145687
129.218140 145565
129.289074 145453
129.323311 145188
129.653657 144762
129.874039 144509
131.386715 143886
131.415702 143828
132.297430 143377
132.662683 142953
133.058076 142147
133.528607 141963
134.315363 141839
135.206305 141620
136.175962 141613
140.445011 141604
140.509195 141483
140.811781 141221
142.234338 141134
142.355737 140705
145.302121 140602
149.643346 140544
150.288692 140318
151.301284 139831
154.757508 139828
283.464771 139819
283.520901 139740
283.677508 139682
284.354323 139604
286.719339 139546
288.448490 139449
289.288940 138940
289.322578 138715
289.354248 138448
289.358887 138418
289.367687 138316
296.548991 138245
298.150701 138223
299.033689 137349
299.801384 137346
300.058082 137250
300.391009 137169
300.546445 137162
300.655573 137159
300.938668 136866
305.232346 136807
306.279106 136752
307.409333 136733
312.634448 136649
312.677346 136630
313.048050 136627
313.260255 136613
316.198257 136300
338.826253 136297
