0.001067 706009
0.003095 699189
0.003741 692163
0.004172 692119
0.008927 676706
0.009154 671627
0.009375 664078
0.009813 660957
0.010035 660263
0.010909 655896
0.011130 653674
0.011354 651028
0.011788 650062
0.019234 643232
0.097023 637874
0.097367 637443
0.097602 636594
0.097823 631252
0.098930 627296
0.099573 620627
0.107838 619802
0.127364 617971
0.128451 617564
0.131680 616519
0.133089 616136
0.133324 615226
0.177555 610529
0.178427 606698
0.281465 606557
0.284493 603046
0.284721 601353
0.285193 597644
0.285463 596640
0.285686 596634
0.285921 594972
0.287716 592947
0.288626 584086
0.292889 582705
0.294031 581923
0.294279 581173
0.294943 580423
0.295431 577178
0.295663 575522
0.296784 573865
0.297261 570248
0.297502 569375
0.298840 563909
0.302253 557361
0.302547 552701
0.303021 546980
0.306836 546060
0.307075 538422
0.307306 536939
19.455327 536021
19.472413 532204
19.472637 529710
19.473095 522979
26.659044 518871
26.660033 515099
26.660706 507486
26.661193 506353
27.968529 505239
29.159595 505000
29.161191 504298
29.161414 501202
29.162516 499867
30.722513 493870
33.560379 490321
33.562827 485930
33.563278 483333
33.563498 482124
33.565062 474879
38.320664 470783
38.322305 465686
38.323639 465265
39.517579 463932
39.519566 463344
39.520021 460748
39.520928 459517
39.521150 456649
41.188774 453782
41.189697 452487
41.190368 451094
41.719187 450944
41.719868 449376
41.720315 446424
41.723838 443394
41.725400 437516
41.726070 435244
41.730066 431895
42.639799 431275
42.643353 428470
42.644027 426320
42.646263 424204
42.647596 420813
42.649173 420628
42.659748 418046
42.661325 416506
42.662221 414597
42.662887 409843
44.142258 406906
47.271582 401987
47.272045 401753
47.619775 398932
50.190500 395440
50.191180 392956
50.482484 392468
50.483161 391082
50.483828 390622
50.484273 388818
50.490720 388520
52.377286 387175
52.382430 384649
52.389542 383872
52.391546 382081
52.909476 381382
52.922545 379848
53.896374 374487
53.907464 368772
53.909933 367343
54.620083 366508
54.620545 366051
54.620765 365104
54.621658 361712
54.630183 360608
54.632130 356281
56.217652 355934
56.278700 354384
56.322474 350755
56.329725 346474
56.330610 346277
56.333254 344995
58.199146 340053
58.202018 339999
58.202243 338477
58.203115 337884
58.205082 335759
58.455361 335723
58.458855 335333
58.459297 330268
58.464513 329319
58.468438 326837
58.469545 321013
58.469982 320872
58.473457 313082
58.474113 308461
63.284544 308274
63.462365 306244
63.462824 305082
64.499372 302765
64.500258 301618
64.501584 300247
64.510709 297467
64.657002 295105
64.660045 294223
64.662676 293893
67.676261 292522
67.794711 292140
67.797776 290154
67.799295 289471
67.799515 288589
70.433667 286427
71.053112 278982
71.056604 278513
71.084418 275314
71.088788 273072
71.089684 270162
71.091205 269081
71.093178 269003
71.094484 268569
71.109035 267564
71.340063 265113
71.342260 264621
71.346416 263795
71.614280 263331
71.615159 263137
73.031951 262029
74.011551 261449
74.015566 261029
74.017330 260849
74.646837 260171
74.649458 259877
74.652948 259682
74.658160 259487
74.667285 259474
74.963656 258609
74.979273 257412
74.980367 255541
74.982561 252813
74.983865 249733
75.298822 249719
75.300783 249685
75.303192 243768
75.742748 243643
75.743410 242240
75.753624 242223
75.757781 241784
75.758219 241767
75.766050 240751
75.766282 238524
75.843535 238252
76.053167 234954
76.056855 234608
76.059484 233234
76.118084 232858
76.148618 232667
77.061564 232287
77.072658 230623
77.083754 230516
77.090063 230264
77.096569 229439
77.787153 228745
77.790645 228624
77.792173 227851
77.797854 227574
81.405583 227504
81.454464 226513
81.464853 225936
81.586891 225521
81.611224 225123
81.732219 224618
81.740355 223799
81.760855 221912
81.858859 221672
81.859090 221271
81.862273 220279
81.867481 217948
81.872693 217804
81.930154 217272
82.004946 216710
82.023462 213887
82.024365 209151
82.036536 204650
82.104640 203528
82.105111 202894
82.206482 202635
85.174104 202579
85.206537 201694
85.223711 201529
85.233723 199734
85.244588 199728
85.250039 199304
85.272863 198545
85.374889 197809
85.379466 197721
88.860760 197224
89.141176 196960
89.143571 196888
89.188469 196776
89.215218 196258
89.216745 195464
89.217645 195167
89.223941 194631
89.225708 193553
89.257899 193112
90.843127 190851
90.850771 190007
90.868802 189796
90.884269 189298
91.157431 188767
91.186946 188434
91.195203 188273
91.203890 187679
91.208031 187564
91.250069 187480
91.299524 186636
91.300831 186123
91.327538 185998
91.375942 184515
91.381178 184460
92.118845 183498
92.125375 182585
92.188522 181217
92.313533 180097
92.330475 179167
92.336363 178434
92.340067 178132
92.370310 177855
92.464571 177726
92.478707 177274
92.482200 176883
92.483509 176626
92.503265 175620
92.551205 174608
92.566868 173727
93.001647 173538
93.285223 173185
93.298919 171062
93.304583 170145
93.309386 170142
93.407951 170017
93.435116 168679
93.435992 168319
93.436429 166217
93.460523 164759
93.627502 164321
93.628813 163834
93.643378 163390
93.670069 163112
99.376618 163062
99.821751 162841
99.902379 162610
99.930982 162562
100.726451 162244
100.733417 161410
100.754703 160874
101.406415 159885
101.408591 159200
101.758419 159057
101.788134 158523
104.138592 157037
104.157969 154341
104.709448 154146
107.160218 153794
107.183482 153401
107.209875 152976
107.216426 151809
107.493488 151528
107.631430 150630
107.654508 150149
107.714961 149186
108.607476 148962
109.515177 148792
110.219604 148627
110.243753 148241
110.421187 147607
112.536901 147284
112.587785 147180
112.808651 147165
112.890873 147105
112.997107 147052
113.055615 146958
113.717256 146834
113.739858 146215
115.047281 145811
115.246852 145686
115.484166 145408
116.354096 145320
116.437721 144843
116.486994 144642
117.383345 144381
117.400302 143811
117.532151 143437
117.765370 143333
117.768083 142565
117.837185 142508
118.003197 142429
118.262047 142228
118.314239 141891
118.682138 141771
118.737809 141603
118.764626 141419
128.996933 141296
129.117467 140910
130.941093 140206
131.350226 140101
131.367855 139905
132.989730 139819
134.704023 139794
134.753676 139370
135.025313 139274
136.845090 138849
136.909320 138299
137.241969 138271
140.231888 138175
141.584503 137856
144.255134 136562
145.194083 136433
147.978654 136153
150.227947 135522
151.524323 135472
152.149095 135288
159.556743 135028
160.410264 134995
166.664893 134978
