0.000696 734921
0.002198 733445
0.002652 730755
0.003320 726951
0.005907 723417
0.006957 717844
0.007369 716272
0.007576 705242
0.007784 696619
0.010872 694550
0.011487 689844
0.011698 676912
0.013941 676479
0.014823 674527
0.015235 662407
0.015646 650503
0.016656 640592
0.036297 638994
0.036604 632717
0.037412 628571
0.041341 625088
0.041546 620776
0.042159 619223
0.124868 608767
0.125340 608317
0.125605 607894
0.127976 604464
0.132136 601310
0.132391 597656
0.132643 591762
0.133679 588094
0.133892 587382
0.134106 580605
0.453819 579465
0.455324 578323
0.457820 578203
0.458183 570844
0.461863 561518
11.556431 559739
11.557302 557483
12.190034 556459
12.192021 548025
12.192821 543977
12.193026 540522
12.201503 538632
12.202287 534604
22.723491 532674
22.726051 530347
22.726252 529837
22.935747 528345
22.937122 526195
22.937319 520451
22.940987 519639
22.945447 516120
25.782595 514334
25.782828 508043
26.849166 503105
29.067952 500154
29.068379 499340
29.068670 498173
30.314312 497360
30.314564 496489
30.314779 494750
30.489735 492572
30.490869 488921
32.928596 487828
32.928818 486555
34.248393 481150
34.249860 480743
34.250077 479608
34.683906 479081
34.723565 476105
34.723782 472242
34.724030 472180
34.725629 469982
34.736409 468475
34.756785 466856
34.757206 464615
34.757621 462285
34.758230 460704
34.759677 458724
34.759882 455684
34.767704 453870
34.773434 449828
34.778282 447245
34.780137 446569
35.535778 445621
35.535996 441225
35.536591 434817
35.536991 426596
40.803402 425412
40.805208 425096
40.805611 422643
40.949586 422343
40.950647 422280
40.951279 417238
41.384228 413134
41.390793 412348
41.392551 410711
41.392952 409214
41.394176 407777
41.395783 406858
41.396383 399410
41.398946 397714
41.399542 394904
41.400926 389773
41.402191 388630
41.403058 387277
41.403670 385781
41.408489 383089
43.560226 378188
44.179612 376249
47.436352 375200
48.314180 372499
48.317044 369617
48.317669 368681
48.323157 368511
48.324383 367908
48.327431 362495
48.331758 357464
48.333346 353436
48.334746 349356
48.361937 349096
48.362532 348749
48.363916 348482
48.364539 344936
48.365540 344794
48.366519 343304
48.374382 342334
53.379220 341392
53.454828 333456
53.458172 333281
53.472019 333082
54.993884 332993
55.004227 328309
55.009989 327582
55.329043 322891
55.436914 322844
55.437540 321603
55.442060 319868
55.445771 314862
55.448261 312031
55.450324 311892
55.450533 308645
55.451166 308525
58.715119 307490
58.715787 306488
58.725419 304354
58.726216 302796
58.734365 301646
58.735370 301022
58.737727 298028
58.739368 296892
58.746708 296758
58.749385 296574
58.843333 293124
58.843959 289127
58.845986 287693
58.852731 286533
58.854997 284118
59.533792 282872
59.538479 282369
59.543196 280865
60.786827 279063
60.796298 278266
60.821608 278079
60.825382 276962
60.845100 272363
65.212031 272199
65.216468 270225
65.220907 265845
65.222603 263541
65.228075 262062
65.228502 259230
65.234574 257648
65.244677 255945
65.252430 254452
65.543745 253466
65.544178 250371
66.184778 249297
66.186690 248402
66.188795 245771
66.191522 244599
68.609276 244271
68.619123 242325
68.622801 242127
68.638203 240035
68.685761 239824
68.685978 239169
68.688940 237326
68.692896 236236
68.707345 235164
68.714615 234268
68.743625 231998
69.930291 231916
69.958555 229116
69.960932 224991
73.824326 224241
73.834289 223972
73.854477 221439
73.858169 219949
73.934741 219465
73.973731 215968
75.698221 214750
75.705763 213380
75.706383 212736
75.706802 212420
75.708039 211317
75.710409 211208
75.723476 210800
75.739499 210071
76.729967 209569
76.765573 208024
76.769008 207789
76.860226 206528
76.869408 206299
76.869624 206170
77.056986 206156
77.061038 204899
77.063271 204767
77.115303 204408
79.517633 204155
79.521653 202804
79.524972 202157
79.526562 202145
82.262539 201384
82.270078 200998
82.270921 200433
82.305971 199295
82.340554 196931
82.381864 196521
82.393599 196393
82.433345 195919
82.503918 192089
82.622925 192083
82.625612 191712
82.629015 191494
85.331899 191206
85.337665 190980
85.405942 189013
85.455505 188463
85.463212 188237
85.510096 187299
85.518061 187073
85.583065 186265
85.629715 186242
85.637718 186016
87.098309 184999
87.123656 184558
87.522312 183970
87.583672 183774
87.844540 183339
87.848161 183251
87.934712 181893
88.214603 180902
88.614109 180059
88.624703 179955
88.633501 179883
89.522411 178146
89.546867 177546
89.641549 176730
89.732174 176678
89.732593 174264
91.618423 173708
91.909046 173240
92.777126 173207
93.030014 172769
93.052904 172729
93.184049 171722
93.208868 170675
93.226983 170514
93.234020 169687
93.236899 169218
93.272342 168774
93.291481 168404
93.292878 166518
93.300436 165555
93.306912 163648
93.621769 163564
94.936129 163381
94.942235 163197
95.130120 163099
95.367920 162770
95.370372 161906
95.988042 161196
96.000828 160835
96.496454 160750
97.320649 160608
97.322245 160390
97.394352 160111
97.441566 159127
97.475390 158876
97.478265 158384
97.819352 158145
97.899507 157490
97.912555 157419
97.948496 157025
97.973896 157000
97.985840 156896
98.206837 156709
98.214511 156033
98.284492 155070
98.697053 154978
98.849164 154255
99.894891 153372
99.917968 152538
99.923924 151867
99.951468 151481
100.014486 150999
100.132024 150355
100.212833 150339
100.411420 149890
102.871676 149839
108.522696 148598
109.043762 148458
109.975337 148126
111.737467 146932
111.990179 146669
112.874708 146426
112.917711 145518
113.057371 145320
113.108163 144304
113.133598 144199
113.543835 144127
113.612402 144083
114.188989 143747
114.210858 143137
114.562751 143042
114.631819 142823
114.655006 141770
114.666873 140666
115.656424 140647
116.105077 140504
116.118457 140489
116.324143 140273
116.574749 139882
116.679424 138949
116.858308 138941
117.135277 138740
117.531257 138703
117.907742 138330
118.316964 137665
118.585605 137481
118.705883 137471
118.805927 137431
118.845201 137314
119.120397 137203
119.285340 136170
136.384020 135564
139.035690 135509
