0.000880 712379
0.001977 706248
0.009691 705930
0.162610 705587
0.163011 705290
0.163721 701744
0.193741 701404
0.202318 696006
0.203727 693030
0.217939 686571
0.218981 678821
1.028534 676118
1.029926 670950
1.034612 670679
1.035328 669730
1.137180 668718
1.140480 667297
1.141355 666894
1.153779 666523
1.156391 663159
1.157431 662524
1.176305 656769
1.299084 654243
1.984336 651540
1.985725 646372
1.986766 646237
1.987305 646120
1.991095 645152
2.092842 642876
2.096002 642719
2.096871 642316
2.111915 638581
2.112953 637946
2.131814 632191
2.799010 631541
2.936093 628838
2.937472 623670
2.938512 623535
2.939036 623418
2.942856 622450
3.049413 620174
3.052555 620017
3.053422 619614
3.057418 618480
3.068467 615879
3.069513 615244
3.088308 609489
3.899367 606786
3.901483 606660
3.902537 604287
3.903255 603924
3.905683 603502
3.907074 602744
3.907790 600337
4.004982 598547
4.006028 598074
4.008119 596151
4.032976 594683
4.291796 593141
4.585485 591602
4.607961 588707
4.851499 586004
4.853581 585878
4.854631 583505
4.855345 583142
4.857762 582720
4.859157 581962
4.860201 581584
4.863322 580836
4.915143 579875
4.956828 577765
4.957876 577292
4.959960 575369
4.988796 575029
5.106642 574162
5.536044 572087
5.569648 571846
5.795939 569143
5.798055 569017
5.799099 566644
5.799812 566281
5.802237 565859
5.803647 565101
5.811499 564212
5.858336 563953
5.861136 563380
5.901246 560904
5.902286 560431
5.904372 558508
5.933256 558168
6.050440 557301
6.480418 555226
6.720774 555097
6.741448 552394
6.743530 552268
6.744574 549895
6.745272 549532
6.747712 549110
6.749102 548352
6.756596 547496
6.780615 547492
6.803955 547204
6.806722 546631
6.846805 544155
6.847860 543682
6.849931 541759
6.878769 541419
6.994416 540552
7.422695 538477
7.681630 535774
7.683729 535648
7.684772 533275
7.685467 532912
7.687901 532490
7.689287 531732
7.696789 530876
7.720798 530872
7.727209 530771
7.747258 529645
7.787085 527535
7.788143 527062
7.790213 525139
7.819111 524799
7.935045 523932
8.607502 522421
8.624891 519718
8.626963 519592
8.628014 517219
8.628715 516856
8.631148 516434
8.632537 515676
8.641682 515474
8.664048 514816
8.670442 514715
8.690536 513589
8.730118 511479
8.731192 511006
8.733265 509083
8.877934 507876
9.575689 505173
9.578281 498785
9.683485 496934
9.685442 496352
9.686338 495949
9.702869 491579
10.529852 488876
10.530765 488381
10.531314 486014
10.536177 485592
10.537577 484834
10.546826 484632
10.566640 483974
10.575532 483873
10.595522 482747
10.635297 481787
10.638051 479652
10.682709 479636
10.706148 479288
11.020688 478789
11.073397 477296
11.472917 474593
11.473789 474098
11.474312 471731
11.479355 471250
11.481945 469173
11.532361 468830
11.538569 468464
11.578265 467504
11.581034 465369
11.625690 465353
12.032227 464523
12.206367 463686
12.418439 460983
12.419330 460488
12.419854 458121
12.424875 457640
12.435273 456739
12.455145 456081
12.477675 455220
12.524167 453894
12.527001 451759
12.606025 451395
12.897708 449666
13.377555 446963
13.378450 446468
13.378990 444101
13.393017 443679
13.394585 442719
13.414438 442061
13.424310 441960
13.483000 439874
13.485769 437739
13.522593 437723
13.563225 437375
14.218976 436893
14.320586 434190
14.321453 433695
14.321975 431328
14.335781 430906
14.337347 429946
14.357191 429288
14.367036 429187
14.426512 427101
14.429349 424966
14.466995 424950
14.508381 424602
15.263930 421899
15.264799 421404
15.267744 420411
15.269124 418556
15.280749 417655
15.305182 417384
15.321977 416136
15.368969 414810
15.376921 414323
15.381411 413660
15.385053 413188
16.093712 411852
16.203341 409149
16.204215 408654
16.207176 407661
16.208569 405806
16.214975 403729
16.261593 403386
16.308876 402060
16.316820 401573
16.320469 400485
16.323425 399925
17.148524 397222
17.151897 393938
17.176145 393700
17.182004 393361
17.196234 392219
17.308788 392169
17.373705 391756
17.386439 390350
17.387714 389978
17.792580 389722
18.105419 387019
18.108714 383735
18.113740 383676
18.137932 383158
18.149865 382504
18.166637 381256
18.334333 381197
18.338046 380147
18.339307 379775
18.469184 379116
19.060021 376413
19.063657 374265
19.067111 370993
19.282845 370947
19.291703 370591
19.295354 369541
19.296575 369169
19.761191 368109
20.008561 365406
20.012184 363258
20.015652 359986
20.221026 358661
20.737614 357644
20.957933 354941
20.961583 352793
20.965044 349521
21.185903 349119
21.189532 348069
21.190748 347697
21.732511 347603
21.898173 344900
21.901812 342752
21.905290 339480
22.111028 339466
22.125857 338843
22.341491 338722
22.838428 336019
22.842070 333871
22.861969 332158
22.995053 330966
23.061753 329147
23.385381 329027
23.784588 326324
23.788224 324176
23.796386 320904
24.009234 319452
24.741427 316749
24.744201 315604
24.745072 313887
24.753223 311329
25.444682 310828
25.689355 308125
25.692142 306980
25.693015 305263
25.785905 304840
25.901351 304817
26.090086 303799
26.495574 301596
26.629677 298893
26.632461 297748
26.633333 296031
26.726321 295608
26.841456 295585
26.876714 295219
26.938634 294330
27.568790 291627
27.576199 290985
27.578974 290139
27.584043 289479
27.667266 288464
27.737765 286574
28.516252 283871
28.521422 283682
28.522299 283598
28.531521 281723
28.609698 280586
28.912996 280392
29.023750 280084
29.464883 277381
29.470595 276955
29.480106 275233
29.864693 273902
30.419320 271199
30.429858 270557
30.432658 269711
30.434575 269051
31.059003 268017
31.365116 265314
31.375668 264672
31.378451 263826
31.380384 263166
31.857491 262438
32.312693 259735
32.323245 259093
32.326017 258247
32.327944 257587
33.258984 256594
33.274587 256370
33.327618 256245
33.331603 254164
33.449277 254093
33.626485 253068
34.200609 252075
34.216200 251851
34.269376 251726
34.273377 249645
34.493413 249144
34.863863 248844
35.142496 247851
35.158056 247627
35.212436 247502
35.216516 245421
35.342237 245350
35.466220 245037
35.657747 244463
36.097264 243470
36.112936 243246
36.165732 243121
36.169717 241040
36.291447 240969
36.763726 240807
36.788243 240283
37.037801 239290
37.053399 239066
37.106565 238941
37.110561 236860
37.331011 236359
37.981479 235366
37.997063 235142
38.049906 235017
38.069096 234819
38.082945 234797
38.112499 234671
38.132425 234350
38.176856 234327
38.186269 233676
38.329744 232955
38.789901 232901
38.929386 231908
38.944909 231684
38.998069 231559
39.013407 230029
39.279694 229497
39.880686 228504
39.896298 228280
39.949424 228155
39.964825 226625
40.501675 226624
40.608046 226610
40.830336 225617
40.846049 225393
40.898960 225268
40.918248 225070
40.979818 224601
41.026129 223116
41.776942 222123
41.792856 221899
41.846109 221774
41.865323 221576
41.926974 221107
42.201553 220759
42.507193 220433
42.513230 220381
42.570993 220279
42.718455 219286
42.734074 219062
42.787804 218937
42.807453 218739
42.870279 218662
42.871000 218270
43.150912 217922
43.457403 217596
43.463494 217544
43.668215 216551
43.683765 216327
43.736393 216202
43.752485 214672
44.610441 214650
44.620146 214353
44.620331 213455
44.673014 213330
44.692067 211881
45.556448 211675
45.556639 210212
45.610091 209020
46.506153 208573
46.506345 207351
46.574950 207199
46.592326 206314
47.456621 205867
47.456817 204645
47.527249 202294
48.409889 201847
48.410078 200625
48.646573 200567
48.662507 200546
48.836722 200392
48.898008 200341
49.045625 199937
49.361892 199490
49.362079 198268
49.596389 198210
49.612308 198189
49.787414 198035
49.848144 197984
50.028401 197878
50.311238 197431
50.311425 196209
50.546877 196151
50.562813 196130
50.738350 195976
50.809059 195923
50.809427 195399
51.269943 194952
51.270132 193730
51.508190 193672
51.524088 193651
51.699744 193497
52.229098 193050
52.229290 191828
52.466049 191770
52.482024 191749
52.630034 191488
53.176648 191041
53.176836 189819
53.412162 189761
53.428132 189740
53.606254 189623
54.123282 189176
54.123469 187954
54.361460 187896
54.377404 187875
55.101043 187556
55.189210 187179
55.391945 186257
55.730571 186185
55.945334 186177
56.042648 185858
56.130883 185481
56.333592 184559
56.670195 184487
56.982474 184168
57.070630 183791
57.273561 182869
57.702633 182849
57.922200 182530
58.010422 182153
58.217011 181231
58.818723 181222
58.865104 180903
58.953628 180526
59.163000 180315
59.192963 179901
59.207701 179758
59.324718 179746
59.643054 179706
59.815372 179387
59.904994 179010
60.109056 178799
60.138422 178385
60.152705 178242
60.269758 178230
60.744662 177068
60.762410 176982
61.076422 176909
61.090703 176766
61.693596 176447
61.781547 176070
61.972322 175148
62.631574 174829
62.719550 174452
62.974711 174314
63.031676 174268
63.225277 174136
63.265094 173720
63.570566 172558
63.588359 172472
64.359775 172317
64.513299 171155
64.531070 171069
65.463945 170750
65.464310 170451
65.530833 169802
66.407931 169483
66.408296 169184
66.500139 168915
66.631521 168697
67.366423 168378
67.366801 168079
67.458587 167810
67.540162 167546
68.320855 167227
68.321234 166928
68.411839 166659
68.539470 166650
68.753658 166468
69.263682 166149
69.264046 165850
69.356471 165581
69.484423 165572
70.137070 165456
70.169794 165429
70.207885 165110
70.208248 164811
70.298658 164542
70.425901 164533
71.076264 164417
71.111382 164364
71.146996 164045
71.147373 163746
71.239735 163477
71.370046 163468
72.028881 163352
72.099649 163033
72.100012 162734
72.190270 162465
72.317188 162456
73.018531 162369
73.037163 162050
73.037526 161751
73.127864 161482
73.255923 161473
73.976545 161154
73.976908 160855
74.067391 160586
74.310768 160585
74.917728 160266
74.918104 159967
74.984330 158350
75.873662 158031
75.874030 157732
76.095045 157654
76.323528 157516
76.373914 157470
76.719515 157463
76.821509 157144
76.821873 156845
77.042883 156767
77.273785 156629
77.325325 156583
77.778836 156264
77.779266 155965
77.996984 155887
78.229271 155749
78.546670 155711
78.727247 155392
78.727616 155093
78.946213 155015
79.178423 154877
79.504384 154735
79.680302 154416
79.680667 154117
79.898765 154039
80.129846 153901
80.440125 153605
80.631646 153286
80.632010 152987
80.850765 152909
81.078179 152771
81.574744 152452
81.575108 152153
81.794534 152075
82.059566 151977
82.522172 151658
82.522549 151359
82.745313 151281
83.151098 151219
83.477191 150900
83.477558 150601
83.695323 150523
84.106055 150107
84.421196 149788
84.421572 149489
84.645521 149411
85.221617 149360
85.373761 149041
85.374124 148742
85.592861 148664
86.315145 148345
86.315527 148046
86.522190 147527
87.278325 147208
87.278694 146909
87.859038 146845
88.224058 146526
88.224426 146227
88.730299 145897
89.164241 145578
89.164607 145279
90.111590 144960
90.574060 144921
90.625302 144776
90.637631 144706
90.869276 144700
91.066034 144381
91.531691 144342
91.582352 144197
91.594593 144127
92.023371 143808
92.493341 143769
92.957547 143575
92.983029 143256
93.441153 143217
93.901344 143150
93.923689 142831
94.383063 142792
94.864341 142473
95.765492 142440
95.820385 142121
97.110111 142073
97.150224 141937
97.573153 141808
98.055743 141760
98.095920 141624
98.611442 141582
98.996464 141534
99.036555 141398
99.940188 141350
100.388340 141214
100.905725 141166
101.422278 141159
101.427310 141109
101.869613 141061
102.391263 141006
102.843783 140958
103.788985 140430
206.423272 140414
206.727653 140398
206.784535 140383
207.364053 140255
207.724005 140247
208.309062 140119
209.551177 140094
209.583840 140017
210.493298 139992
211.446993 139785
212.176490 139530
212.384236 139477
212.389263 138783
