22.634874 692495
22.639796 691453
22.649489 690733
22.656816 690146
22.661546 687269
22.708239 687155
22.805636 687139
22.841272 686010
22.846024 684968
22.855798 682102
22.865549 681932
22.896022 681929
22.900778 679063
22.961093 676643
22.970861 676473
23.001330 676294
23.006067 673428
23.249040 670319
23.258756 670008
23.281156 666640
23.389480 664282
23.580600 660485
23.695181 657704
23.744504 657085
24.655145 654369
24.749811 652241
25.942878 649565
26.952209 643605
26.970093 641312
32.196709 636921
35.565087 633819
35.574683 631060
35.589711 628726
35.604409 627638
152.746787 626833
152.758834 621205
252.859377 617754
252.868822 614995
252.883591 612661
252.898224 611573
290.458898 608959
290.468351 608198
346.609229 607560
