0.000515 754187
0.000746 749718
0.001353 748679
0.001748 743482
0.001944 741450
0.002522 736175
0.002719 733782
0.002916 733379
0.003112 724005
0.003498 713704
0.003882 710648
0.004457 708685
0.004653 707401
0.005037 705960
0.005244 705624
0.005441 696566
0.006968 696345
0.007358 694245
0.007556 690405
0.008508 688380
0.010993 683192
0.011955 682315
0.012153 666918
0.015015 664383
0.015402 651114
0.028532 648211
0.030042 642064
0.045648 641564
0.046052 641323
0.049618 640171
0.050392 636336
0.089147 630527
0.093715 622037
0.094107 617247
0.125129 614872
0.125524 613359
0.127800 611214
0.128001 610116
0.130679 602124
0.130878 595502
0.133356 594117
0.134122 591092
0.134508 588136
0.206342 574864
0.206615 567884
0.210238 563237
0.281241 563163
0.281649 561759
0.282659 558488
0.573737 557304
0.574326 555423
0.574524 553722
0.574719 552518
0.574913 551024
0.575108 550405
0.575303 549773
20.461538 543752
20.461800 529869
20.462984 528009
25.739755 527783
25.740253 526352
25.740455 525711
26.549236 523238
26.549884 515553
26.551099 512636
26.551985 508459
26.552193 508092
26.552396 507833
26.553438 504661
26.570364 502783
29.180548 502279
29.214500 501115
29.216968 499030
29.223729 496221
29.245998 494049
29.246628 490047
29.275012 487799
29.275226 487199
29.275431 478317
29.277098 474281
29.277308 468428
33.607423 465176
33.607717 460592
34.425318 459945
34.453998 454643
35.523433 453717
35.523849 444511
35.524447 439078
35.524644 438421
35.529734 438356
38.067600 433586
38.068209 428429
38.074897 427184
39.094413 426367
39.096787 421553
39.096988 418411
39.097406 417741
39.097605 410089
39.098398 409255
39.100549 408416
39.102526 406952
39.104291 406411
39.106077 405428
39.108041 398310
39.110031 396504
42.763412 395703
43.937087 394771
43.938168 391707
44.117664 391555
44.117883 390441
44.988726 386714
44.989163 385809
44.991144 385016
44.995493 383494
47.518703 382445
47.519114 380397
47.521491 373575
47.524235 371731
47.532055 369562
47.535219 369433
48.968235 364981
48.970305 362823
48.972765 360136
48.972974 359306
48.999341 355293
49.000985 355024
49.002785 353228
49.857054 352267
49.858118 351660
49.861021 350568
49.862280 347955
49.873205 343142
49.881849 342722
49.882682 342669
49.886423 342375
49.893856 341301
49.900410 336855
49.908236 336793
49.908444 333105
49.915015 327526
49.915638 326540
49.917728 324824
49.922461 324170
49.923082 322721
49.931293 321362
49.932282 320616
49.988121 318741
53.796890 316935
53.798300 316425
53.798502 315498
53.800473 314283
53.803626 314198
53.804221 313838
53.979946 313396
53.985314 312905
53.987090 309305
53.990247 308862
53.994203 308710
53.995583 307370
53.997378 306703
53.997577 306530
53.997971 306132
55.962137 305009
56.604983 304900
56.606980 304764
56.607972 302695
56.609172 302370
56.613524 302063
56.675950 301196
56.683040 301139
56.683842 300922
56.686219 299930
56.686419 299382
56.687803 298669
56.691134 298282
56.691533 297349
56.691930 296948
56.693329 292551
56.694317 290057
56.705480 288173
56.712540 286580
56.732945 283476
56.736694 280460
56.739859 279727
56.741043 279346
59.540318 278814
62.566940 278636
62.572950 277787
62.728963 277518
63.271344 276104
63.277463 275575
63.279241 275314
63.280231 275164
63.280627 274904
63.321357 272976
63.321760 272357
63.327074 269591
63.344788 268710
63.347358 268453
63.348997 266186
63.355728 264072
63.357727 263075
63.413091 262776
63.416637 262723
63.417649 260246
65.808279 259859
65.810542 258053
65.811556 254261
65.820991 252281
65.822400 252176
65.831471 252160
65.833473 250244
65.836226 248538
67.550147 247423
67.553273 246866
67.571466 244331
67.586182 243455
67.593442 243351
67.593863 242113
67.618047 241853
67.620952 241798
67.629664 241727
67.656546 241483
67.662984 240183
67.738482 238823
67.740855 238300
67.744230 236149
69.323490 236085
69.520851 234379
69.521281 233910
69.526023 233851
70.372125 231790
70.372730 230325
70.391076 230219
70.393472 228867
70.598157 228821
70.646352 228329
70.673974 227787
70.674773 226550
71.157404 224982
71.278681 224728
71.293081 224350
71.490849 223560
71.493641 223028
71.503320 220985
71.503522 220466
71.506094 220449
71.553543 219290
71.561850 217809
71.566023 215177
71.924388 214255
72.272139 214250
74.095184 213252
74.113349 212238
74.132093 208015
74.223321 207093
74.230828 204630
74.279992 204364
74.303068 204305
74.775609 204155
74.777407 201929
75.451370 201594
77.194212 201395
77.200621 201339
77.213841 198984
77.225602 198883
77.227470 198255
77.232841 196148
77.245024 195593
77.251431 194966
77.254346 194613
79.216064 194087
79.227316 192447
79.234806 192365
79.237761 192271
79.248626 191578
79.281143 190643
79.301417 190076
79.332495 188979
79.475008 188915
79.486239 188527
79.608965 187426
79.644970 186426
79.648519 185493
79.700963 185139
79.718498 184956
82.292127 184060
82.316928 183237
82.541828 182876
82.577897 181725
82.591085 181661
82.599190 181304
82.622862 180199
83.068189 180001
83.084920 179084
83.089475 178641
83.226310 178410
83.239896 178177
83.672683 177330
83.817327 175179
83.823269 175148
83.861354 175128
83.864312 174897
83.879079 174536
85.208215 174482
85.218284 173849
85.224205 173829
85.237423 173780
85.242172 173235
85.251631 173020
85.327676 172288
85.337167 171365
85.347237 170710
85.348233 170584
85.353765 170386
86.789270 170183
86.825402 168992
86.874256 168979
86.953820 168856
86.957196 168537
86.960742 167506
87.058886 166725
87.072234 165161
87.113848 164160
87.114647 164114
87.144002 163709
87.172728 162013
87.175917 161195
87.277365 161119
87.284036 160410
87.594107 160001
87.610453 159844
87.613218 159270
89.142454 159252
89.178935 159017
89.190212 157472
89.193182 157053
90.395514 156165
90.469913 154891
90.499616 154884
90.716686 154742
90.771845 154613
96.027271 154593
96.042666 154545
96.137754 154443
96.163621 154216
96.175130 154192
96.179051 153725
96.186451 153608
96.361452 153395
96.425650 153336
96.490464 153114
96.496582 152840
96.748443 152793
96.938359 152653
97.416596 152626
97.522013 152415
97.777010 152297
97.805424 151777
97.861546 151710
97.877497 151089
99.170443 150855
99.794043 150365
99.840627 150046
99.982448 149396
100.034291 148775
100.133283 148720
100.195945 148367
100.250503 148363
100.688642 148145
100.803340 147682
101.518360 147499
102.313986 147411
102.385169 146987
102.479026 146906
102.535201 146704
102.565873 146475
102.607488 146394
104.065533 145761
104.136493 145509
104.201320 144659
104.226996 144633
104.373388 143956
104.396300 143279
106.972597 142769
107.120131 142640
107.167685 142585
107.816847 142576
107.876026 142100
108.549070 142068
108.576443 141701
108.974202 141382
113.315314 141227
113.375160 140989
113.379915 140900
113.882493 140635
113.939525 140532
114.159117 140365
114.365203 140296
114.880005 139652
115.079545 139481
115.110961 139095
115.127068 138531
115.249380 138015
115.939361 137718
117.050789 137490
119.618764 137108
119.965879 137053
144.043963 136856
145.571534 136827
172.734798 136810
251.478275 136542
389.664029 136539
390.708910 136223
391.431513 136031
391.465051 136025
392.699205 135956
394.350751 135667
397.845752 135659
398.895832 135369
399.120039 135166
399.741342 135097
401.351276 134675
402.145958 134491
403.111473 134462
414.147108 134412
