0.001194 746335
0.001904 741636
0.006670 741012
0.009166 739487
0.022996 739330
0.027266 738099
0.112479 736863
0.115659 736112
0.116772 735729
0.125516 735152
0.278731 734871
0.294864 733014
0.302364 732914
0.448677 730884
0.526328 726695
0.544064 726103
0.969803 725085
0.970160 712953
0.973405 708916
1.002033 705916
1.002559 701217
1.007171 700593
1.009580 699068
1.012501 698911
1.017333 697610
1.074874 696444
1.077976 695693
1.079010 695310
1.227719 694452
1.243319 692595
1.470145 686276
1.939816 683276
1.940340 678577
1.946171 676552
1.950291 676271
1.955106 674970
2.012484 673804
2.016438 671524
2.018169 668944
2.018860 668652
2.576340 667092
2.686802 663813
2.877704 660813
2.878226 656114
2.884057 654089
2.892985 652507
2.950291 651341
2.954233 649061
2.955948 646481
2.956644 646189
3.593303 645671
3.729309 644947
3.729674 642156
3.770606 641561
3.829007 638561
3.829527 633862
3.835353 631837
3.844274 630255
3.901427 629089
3.905385 626809
3.907124 624229
3.907829 623937
4.536992 623419
4.672247 623035
4.716689 619704
4.772853 616704
4.773417 612005
4.779279 609980
4.788317 608398
4.845913 607232
4.849855 604952
4.851572 602372
4.852265 602080
5.483368 601562
5.622638 601178
5.722380 598178
5.722907 593479
5.728734 591454
5.737645 589872
5.794941 588706
5.798903 586426
5.800624 583846
5.801317 583554
6.434604 583036
6.671622 580036
6.672187 575337
6.678072 573312
6.687133 571730
6.744566 570564
6.748527 568284
7.256668 565421
7.616913 562421
7.617442 557722
7.627564 555416
7.688560 554771
7.689429 552949
7.699792 552198
7.700830 551815
7.847096 550957
7.862740 549100
8.170145 546684
8.554931 543684
8.555507 538985
8.564556 538525
8.569997 536836
8.582589 535954
8.627841 534212
8.634918 532846
8.793279 532090
9.499233 529090
9.499767 524391
9.503218 522692
9.514070 522242
9.526629 521360
9.574315 520526
9.575873 520354
9.579155 518252
9.928508 516915
10.436811 513915
10.437340 509216
10.440793 507517
10.442198 506910
10.512829 506117
10.514393 503692
10.752487 502442
11.376742 499442
11.377310 494743
11.383333 494283
11.391669 492594
11.401259 491712
11.450362 490706
11.453638 488604
12.320749 485604
12.321453 478599
12.475243 478436
12.493303 477947
12.616074 477441
12.669445 475517
13.001717 475213
13.258704 472213
13.259403 465208
13.268180 464269
13.555371 464050
13.779650 463910
13.981738 462405
14.197729 459405
14.198468 452400
14.352670 452237
14.370706 451748
14.493233 451242
14.542942 449318
15.133578 446318
15.134291 439313
15.245843 438282
15.343505 437057
16.070830 434057
16.071536 427052
16.343795 425353
17.006796 422353
17.007494 415348
17.179786 415323
17.697330 415305
17.761910 415153
17.822451 414081
17.945661 411081
17.946365 404076
17.960365 403137
18.661621 402778
18.887020 399778
18.887723 392773
18.901696 391834
19.828197 390078
19.846207 385973
19.848271 381634
20.763254 380422
20.767402 380061
20.781328 378538
20.799062 376269
20.832037 376054
20.884246 374514
21.021727 373340
21.248508 373231
21.249901 373086
21.302754 372829
21.363774 372196
21.551656 371604
21.699013 370392
21.703155 370031
21.717125 368508
21.734847 366239
21.767879 366024
21.820064 364484
21.958877 363310
22.186417 363201
22.187804 363056
22.240890 362799
22.302148 362166
22.639614 360954
22.643793 360593
22.657863 359070
22.675608 356801
22.708840 356586
22.761153 355046
22.899351 353872
23.180917 353361
23.370961 352998
23.526602 352764
23.579167 351552
23.583313 351191
23.597294 349668
23.615088 347399
23.648147 347184
23.700431 345644
23.841497 344470
24.217749 343732
24.318875 343596
24.527901 342384
24.532042 342023
24.546076 340500
24.563799 338231
24.596899 338016
24.649057 336476
24.791919 335413
25.158068 334564
25.468609 333352
25.472749 332991
25.486776 331468
25.504632 329199
25.537815 328984
25.590147 327444
25.732894 326381
26.342406 326245
26.409524 325033
26.413780 324672
26.427730 323149
26.445408 320880
26.478408 320665
26.530322 319125
26.668056 318956
26.884833 318210
26.952070 317440
27.346866 316228
27.365111 314344
27.382864 312075
27.415876 311860
27.468051 310320
27.577372 307549
28.283904 306586
28.286037 306537
28.297124 305793
28.315414 305133
28.330616 301675
28.419096 301016
28.728538 299765
29.226340 298802
29.228403 298753
29.239379 298009
29.249308 297455
29.257563 297349
29.272716 293891
29.360275 293232
29.764817 292849
29.813359 292555
29.904344 292476
30.162670 291513
30.164739 291464
30.185768 290166
30.194042 290060
30.204029 287111
30.231185 286896
30.289203 285356
30.969439 284025
31.101005 283062
31.103089 283013
31.124114 281715
31.142409 278660
31.169574 278445
31.227505 276905
32.040463 276405
32.041036 275921
32.058509 275876
32.059890 275761
32.062136 274392
32.081897 273289
32.170855 273170
32.177564 272579
32.201130 272240
32.286823 272182
32.339094 270943
32.932662 270696
32.977733 270196
32.978265 269712
32.995698 269667
32.997083 269552
32.999323 268183
33.019177 267080
33.106681 266961
33.136954 266031
33.274962 264734
33.328573 263780
33.915847 263280
33.916375 262796
33.929250 262768
33.933744 262751
33.935119 262636
33.941822 262392
33.951286 262173
33.959355 257906
34.050889 257721
34.859700 257487
34.869629 257069
34.872246 256709
34.877579 255269
34.895292 254105
35.092668 253486
35.432582 253164
35.797680 252930
35.804404 252470
35.810106 252152
35.815449 250712
35.833191 249548
35.956707 247747
36.738005 247673
36.742175 246784
36.749934 246735
36.756806 246359
36.766125 245437
36.774431 241873
37.681174 241307
37.687878 240910
37.695637 240861
37.711786 239563
37.727412 238719
37.744928 238085
38.267026 237208
38.618421 236642
38.625280 236224
38.632905 236196
38.647443 235814
38.649350 234756
38.695760 234544
38.697681 233965
38.716341 233837
39.229641 232282
39.558991 231716
39.567298 231319
39.584924 230725
39.602337 230675
39.606506 230669
39.607036 229128
39.624590 228494
40.370880 228421
40.498767 227855
40.507065 227458
40.524653 226864
40.542097 226814
40.546761 225267
40.564311 224633
41.436572 224067
41.456877 223901
41.457064 223239
41.458970 222181
41.606118 221702
41.892049 220398
42.380345 219832
42.398024 219435
42.400957 219004
42.415708 218841
42.433066 218791
42.451622 218515
42.541940 216679
43.019693 216625
43.325570 216059
43.343310 215662
43.346249 215231
43.360905 215068
43.378404 215018
43.396990 214742
43.487526 212906
44.262673 212340
44.269614 212212
44.280446 211943
44.298325 211349
44.315921 211299
44.443128 210990
44.632738 209927
45.201771 209361
45.208675 209233
45.219474 208964
45.237166 208370
45.254651 208320
45.382520 208011
45.545078 208004
45.615347 208001
45.641832 207400
45.796753 207304
45.812809 207195
46.153437 206629
46.179068 205355
46.421745 205298
46.494692 205272
46.564553 205269
46.590811 204668
46.739820 204575
47.091581 204009
47.119870 203018
47.137304 202968
47.278666 202800
47.359887 202678
47.433729 202652
47.503739 202649
47.530184 202048
48.034246 201482
48.062594 200491
48.080024 200441
48.220774 200273
48.301416 200151
48.374677 200125
48.589189 199598
48.973869 199032
49.000810 197758
49.241870 197701
49.315213 197675
49.533604 197400
49.912509 196834
49.939415 195560
50.180110 195503
50.253520 195477
50.705288 195472
50.851195 195244
50.852925 194678
50.879830 193404
51.120681 193347
51.194032 193321
51.646506 193316
51.794567 192750
51.821371 191476
52.061921 191419
52.134725 191393
52.730286 190827
52.757228 189553
53.640679 189539
53.655886 189499
53.668563 188933
53.695581 187659
54.603775 187632
54.612337 187066
54.639259 185792
55.566401 185718
55.579176 185509
55.596672 184468
55.614133 184116
55.685037 183336
56.496826 182770
56.548546 181640
56.563498 180905
56.885748 180735
57.446017 180661
57.462740 180452
57.480295 179411
57.488084 179039
57.502927 178304
57.795724 178052
58.389280 177486
58.441696 176356
58.456541 175621
59.325417 175055
59.377754 173925
60.269497 173359
60.322221 172582
60.339565 172190
61.215342 172116
61.236870 171959
61.237067 171765
61.410777 171488
61.594727 169865
62.171153 169791
62.192827 169634
62.193029 169440
62.362286 169163
62.569384 169061
62.591900 169004
62.668187 168169
63.134229 168095
63.134606 167938
63.134792 167744
63.303446 167467
63.510552 167365
63.611581 166964
63.647525 166131
64.074649 165900
64.074843 165706
64.242857 165429
64.450636 165327
64.530763 164215
65.015743 163984
65.015937 163790
65.184492 163513
65.517712 163140
65.597479 162611
65.728106 162588
65.736369 162538
65.956110 162307
65.956303 162113
66.124058 161836
66.457208 161463
66.537319 160934
66.895534 160703
66.895736 160509
67.064414 160232
67.398074 159859
67.681691 159809
67.794964 159484
67.838136 159253
67.838334 159059
68.006712 158782
68.338732 158409
68.620019 158359
68.775168 158128
68.775370 157934
68.943374 157657
69.274199 157284
69.713090 157053
69.713308 156859
69.883842 156582
70.427659 156501
70.657616 156270
70.657867 156076
70.826203 155799
71.432168 155733
71.601934 155502
71.602134 155308
71.769873 155031
72.507052 154983
72.543347 154752
72.543552 154558
72.712020 154281
73.487297 154050
73.487508 153856
73.671474 153493
73.687112 153307
73.703149 152893
74.427984 152662
74.428206 152468
74.612728 151994
74.643743 150094
75.367108 149863
75.367308 149669
75.768185 149631
75.857350 149624
75.925451 149603
75.988266 149589
76.198181 149461
76.308807 149230
76.308998 149036
76.710214 148998
76.799478 148991
76.867676 148970
76.930321 148956
77.251659 148725
77.251852 148531
77.652664 148493
77.741525 148486
77.810060 148465
78.193865 148234
78.194057 148040
78.595505 148002
78.683929 147907
79.133724 147676
79.133918 147482
79.535195 147444
80.076840 147213
80.077094 147019
81.024950 146788
81.077501 146620
81.907357 146604
81.966329 146373
82.018836 146205
82.847450 144479
82.903507 144248
82.955749 144080
83.842223 143849
84.443044 143833
84.443237 143792
84.783321 143561
85.391915 143317
85.392105 143088
85.720891 142857
86.321026 142846
86.517020 142820
86.660981 142589
87.261145 142578
87.444903 142434
87.464065 142372
87.601876 142141
88.203267 142130
88.386384 141986
88.405538 141409
88.542932 141178
89.145440 141167
89.329141 141023
89.485734 140792
90.085939 140781
90.424924 140550
91.356915 140406
91.983853 140357
92.158133 140347
92.255057 140324
92.296492 140180
92.923471 140131
93.096962 140121
93.235605 139977
93.865196 139928
94.178673 139784
95.132385 139733
95.829017 139715
95.846135 139680
96.770178 139532
97.821925 139469
98.865324 139419
293.005733 139375
293.212943 139346
293.213480 139055
293.674495 139014
293.823108 138986
293.946204 138909
294.613978 138868
294.762260 138840
294.882761 138571
295.550174 138530
295.697882 138502
295.954229 138466
296.270257 138443
296.488448 138402
296.636159 138374
296.890099 138338
297.422690 138297
297.570326 138269
297.897446 138251
298.358795 138210
298.506596 138182
299.293856 138141
299.989692 138132
300.229587 138091
301.127187 137981
301.144691 137575
302.117904 136757
