1.194408 146420
1.325200 145951
1.581729 145693
1.624025 145668
1.647352 145589
1.684199 145363
1.810387 144894
2.075838 144636
2.117956 144611
2.178249 144385
2.306273 143916
2.570198 143658
2.672288 143432
2.800649 142963
3.107452 142898
3.167628 142672
3.297432 142203
3.600338 141604
3.658886 141378
3.787588 140909
4.145176 140683
4.343479 140596
4.517820 140554
4.575023 140396
4.633884 140170
4.829967 140083
5.003863 140041
5.119866 139815
5.315822 139728
5.491192 139531
5.612499 139305
5.808790 139218
5.977929 139163
6.098133 138937
6.298975 138850
6.592400 138624
7.170186 138434
7.171038 138426
7.652579 138236
8.116372 138041
8.124567 137901
8.660335 137779
8.660485 137748
8.930559 137717
9.154693 137595
9.154819 137564
9.784917 137507
9.878075 137465
10.274684 137408
10.364061 137086
10.758383 137029
80.851727 136988
81.334831 136609
149.697018 136532
150.094870 136507
150.195185 136379
150.894236 136280
151.381827 135901
151.993821 135844
