0.000482 719041
0.000905 718117
0.001104 716355
0.001679 714289
0.001873 704577
0.002066 692653
0.004335 687710
0.005090 679123
0.005283 675803
0.006035 675494
0.006228 673240
0.006418 669098
0.006607 667888
0.007944 667634
0.009251 666637
0.009629 665606
0.010006 664563
0.010198 663191
0.010574 657977
0.010765 657053
0.011142 647822
0.012653 644736
0.012847 644175
0.028132 642846
0.031635 642379
0.067434 641372
0.068230 634288
0.068632 632831
0.068857 632684
0.069061 629136
0.069254 625718
0.072934 621162
0.073146 614750
0.148339 604599
0.150387 599169
0.150953 596193
0.151533 595987
0.151724 591192
0.151914 589665
0.152102 589305
0.152478 585967
0.154887 582173
0.155460 578838
0.156762 576789
0.157139 576165
0.157328 576072
0.160855 570804
0.161976 569720
0.162168 560690
0.162357 556086
0.876489 550051
0.877257 548539
0.877452 538909
0.878570 538649
0.879331 533629
0.879710 531452
0.880088 531026
0.880463 529758
0.881025 525417
0.881214 522162
0.904195 521493
22.830919 513298
25.522402 511933
25.523622 509555
25.524412 505660
25.526546 499534
25.526745 498115
25.529622 497472
25.530781 495207
28.743249 491675
28.743475 488032
28.743669 487703
30.010435 487353
30.015245 483309
30.016621 479645
30.023131 479419
30.024714 478880
30.030848 470329
30.032806 466151
31.203853 458568
34.764879 457578
34.765083 456887
34.767018 447135
34.767623 446677
34.768016 443167
34.773971 442487
37.269617 442333
37.270249 438901
37.321528 436093
37.321933 430622
37.322128 430218
37.322715 425954
39.333442 416603
39.334447 413910
42.353047 413532
42.353253 412579
42.354620 411486
42.749017 410912
42.752683 409392
42.987256 408528
43.142015 402127
43.143187 400803
43.145145 400314
43.149403 398343
44.235463 395598
44.236257 394201
44.236454 390834
44.236646 389863
44.256363 389137
44.259872 379714
44.279389 379009
44.651785 378900
44.652186 375094
44.662179 371481
44.663567 366537
46.496601 364499
46.496807 360613
46.500540 359809
46.500740 358943
46.501521 356917
46.503265 356077
49.776097 355344
49.787688 352231
49.791972 352033
49.805364 351153
49.810261 350549
49.811083 349285
49.853069 348732
49.853277 346719
49.854911 343938
50.818650 343231
50.819447 341905
50.819647 340891
51.390536 340667
51.391340 337826
51.394424 333450
51.484588 328694
51.485181 328472
53.363249 324163
53.365212 323805
53.366381 323635
53.368526 323535
53.369889 321596
53.373193 321440
53.373390 320187
53.388105 317098
53.405460 315927
53.406436 315728
53.407622 312049
53.431769 310545
53.441449 309640
53.888219 307724
53.896185 307553
53.897549 305049
53.898135 302367
53.900873 299731
57.268539 298103
58.149269 298018
58.149672 296708
58.152989 294238
58.158394 293964
58.159180 293839
58.160360 291799
58.163072 290925
58.481084 289658
58.484196 288916
58.484977 288740
59.500951 286196
59.552412 280888
59.568516 278407
59.583619 275568
59.584785 274888
59.587323 273773
59.588883 273538
59.595665 272521
59.621765 271605
59.624500 270926
59.628006 268163
59.633419 267187
59.634006 267017
59.634787 265178
59.639850 262985
59.641986 259637
59.653770 257610
59.678715 256646
64.719157 256173
64.724247 256169
64.751996 254474
64.850001 253301
64.852260 248093
65.472302 247920
66.298523 246647
66.301646 244394
66.304946 244030
66.306890 243645
66.309419 243489
66.371880 242865
66.390860 242848
66.393074 241181
66.419024 241160
66.514545 238478
66.970124 234858
66.971129 231053
66.981213 230964
66.983169 230173
66.984163 229407
66.988832 228222
66.997753 227132
67.000357 227063
67.001395 226440
67.002199 225346
67.002397 225055
67.031345 225044
67.032918 224715
69.193620 224296
69.195601 224117
69.200466 223911
69.215798 222331
69.272363 221672
69.530750 220571
69.628694 219993
69.816484 217524
69.836769 214592
72.855330 214226
72.855737 212537
72.859431 212444
72.861569 211598
72.862349 211574
72.863530 211532
72.871069 210841
72.902988 210455
73.580956 210216
73.639368 210079
73.639770 210020
73.641716 209516
73.641911 208230
73.642300 207956
73.679234 207511
75.050547 205620
75.255000 205074
75.307960 203043
75.383843 203027
75.556960 202921
75.557371 202562
75.858782 202098
75.864788 200743
75.893116 200498
76.110471 199092
76.138251 197899
76.145027 196893
76.148794 195844
76.189456 195593
76.193829 194425
76.206326 193855
76.225622 193571
76.271888 191882
76.273341 189354
76.283534 189337
76.501493 188656
76.526030 188338
78.103612 187132
78.183950 186930
78.186089 186924
78.186684 186667
78.187872 186401
78.904035 186327
78.910624 186185
78.946263 185415
78.958100 184450
83.753734 184183
84.246981 183407
84.458616 183153
84.471028 182514
84.473775 182315
84.476312 181177
85.773355 180819
85.785090 180466
85.810133 179880
85.826894 179479
85.828135 179324
85.851610 178748
85.863569 177910
85.904082 177671
86.043641 177479
86.066667 175663
86.071335 175467
86.089114 175140
86.174658 174994
86.174867 174658
86.209471 174125
86.342129 173775
87.657037 173078
87.730439 170466
88.509477 170353
88.545067 169690
90.259460 169647
90.262300 168349
90.270988 168064
90.294027 167966
90.340670 167851
90.399855 167576
90.403560 167420
90.420390 167375
90.429488 165921
90.440905 165649
90.837411 165477
90.949044 165300
91.073495 165089
91.074092 162666
91.091309 162452
91.094412 162004
91.183464 161816
91.208808 161645
91.219441 161549
91.367041 161362
91.420153 161003
91.425953 159407
91.465611 159110
91.723909 158956
91.808910 158766
91.949609 158623
92.062281 158583
92.084262 158525
92.085822 158517
92.191357 157533
92.269745 157168
92.303602 156730
92.306503 156512
92.456963 155407
92.461806 154769
92.827222 154323
92.838453 154302
92.869068 153851
92.894015 153750
92.920548 153125
92.959882 152397
99.203166 152081
99.714386 151981
99.828073 151861
99.894631 151676
100.283092 151543
101.089249 150495
101.105125 150183
101.140891 149368
101.739845 148983
103.637072 148376
103.869416 147632
104.154736 145680
104.587333 145454
105.178918 145285
105.422655 145209
106.305956 145110
106.334759 144978
106.644917 144896
106.702758 144593
106.797955 144169
106.939579 144043
107.215097 143887
107.490764 143246
107.592286 142966
108.004633 142541
108.042550 142538
108.619985 142137
108.630442 141939
109.889368 141881
110.020843 141784
110.356575 141775
110.759511 141734
110.897687 141602
111.025395 141350
111.237365 141314
112.322150 141130
112.594092 140946
113.242227 140912
113.257807 140714
113.300883 140290
114.474753 139826
114.712855 139690
115.635558 139641
116.383000 138985
116.495092 138976
116.682849 138947
116.830311 138667
116.853488 138331
130.752190 137412
131.777430 137408
132.300690 136746
134.177538 136729
144.502248 136545
255.600491 136360
256.063960 136089
257.992753 136039
258.369509 136014
259.374255 135994
264.089935 135630
266.185856 135580
266.752887 135433
266.806615 135364
267.070241 135335
271.390435 135142
279.420043 135087
553.059283 134967
553.717532 133830
