0.001064 726678
0.010121 725768
0.019589 721766
0.035620 721763
0.056542 720789
0.058136 713318
0.060798 711858
0.065916 708265
0.365413 699078
0.975215 690835
0.980368 688855
0.993038 685923
1.008921 685920
1.028552 684946
1.029936 677475
1.037263 672422
1.905914 664179
1.907157 663750
1.925437 662845
1.928353 660601
1.940059 659264
2.079389 657590
2.166239 654640
2.228424 654447
2.301656 653201
2.473726 650139
2.506255 648518
2.838451 640275
2.839666 639846
2.857993 638941
2.860895 636697
2.872209 635360
3.015284 633686
3.101841 630736
3.164146 630543
3.240135 629297
3.416842 627276
3.687629 626171
3.778432 617928
3.779640 617499
3.798007 616594
3.800925 614350
3.809027 613403
3.827127 611499
3.957838 611339
3.983516 608567
4.099327 608405
4.180494 606950
4.718744 598707
4.719980 598278
4.724264 596727
4.749264 594182
4.759369 593886
4.766899 592278
4.918455 589346
5.036549 589184
5.213994 587148
5.658552 578905
5.659769 578476
5.678113 577571
5.684772 575327
5.689248 574380
5.706979 572476
5.838605 572316
5.860371 569544
6.273783 568901
6.597598 560658
6.598851 560229
6.617288 559324
6.628247 556133
6.645856 554229
6.796425 551297
7.528785 543054
7.530044 542625
7.549362 538139
7.757443 537799
7.862228 535230
7.875391 535159
7.895539 534766
8.034551 534552
8.421333 533515
8.463108 525272
8.464331 524843
8.483676 520357
8.691124 520017
8.809314 517377
8.829457 516984
8.965873 516770
9.393329 508527
9.394542 508098
9.413887 503612
10.166249 501112
10.171598 500464
10.240985 500368
10.326195 492125
10.327405 491696
10.346809 487210
10.658871 484301
11.257408 476058
11.258658 475629
11.277993 471143
12.209711 470563
12.209993 470122
12.210347 467771
12.211215 461990
12.267046 461869
12.277341 460552
12.340992 459294
12.343239 459253
12.972929 458970
13.035948 458945
13.047573 458888
13.141955 458308
13.142139 457867
13.142486 455516
13.143344 449735
13.199091 449614
13.209391 448297
13.273123 447039
13.275364 446998
13.905201 446715
14.073770 446135
14.073954 445694
14.074300 443343
14.075154 437562
14.131039 437441
14.141314 436124
14.205264 434866
14.207502 434825
15.004914 434245
15.005114 433804
15.005465 431453
15.008039 431395
15.011982 429928
15.014737 428658
15.016794 426582
15.018017 426153
15.072652 424234
15.539645 423796
15.603891 422559
15.665385 422363
15.938717 421783
15.938935 421342
15.939288 418991
15.941901 418933
15.945866 417466
15.946740 415649
15.950193 413210
16.008252 413089
16.034512 412124
16.696617 410543
16.876025 409963
16.876224 409522
16.876574 407171
16.879168 407113
16.883132 405646
16.883996 403829
16.888822 402300
16.890046 401871
16.969313 401629
16.969684 400304
17.618206 399397
17.809989 398817
17.810175 398376
17.810522 396025
17.813133 395967
17.817068 394500
17.817950 392683
17.822739 391154
17.823943 390725
17.902836 390483
17.903197 389158
18.745106 388578
18.745366 388137
18.746580 388060
18.747964 386585
18.748996 384969
18.752279 384261
18.753144 382444
18.757980 380915
18.759185 380486
18.901297 379075
19.194875 378860
19.678648 378280
19.678862 377839
19.680077 377762
19.681466 376287
19.682521 374671
19.691425 370617
19.692645 370188
19.835075 368777
20.614326 368197
20.614580 367756
20.616634 365720
20.618203 364588
20.627128 360534
20.628340 360105
21.511846 359871
21.546795 359291
21.547004 358850
21.549061 356814
21.550610 355682
21.559516 351628
21.560720 351199
22.483574 350372
22.498797 348792
22.501583 347992
22.524110 347078
22.535757 346722
22.538719 345169
22.540786 343550
22.608759 342808
23.422529 342164
23.441270 341661
23.444392 341378
23.444918 339888
23.461118 338687
23.478466 337452
23.483331 336719
23.620632 336247
23.661852 336000
23.685820 335558
23.761636 334699
24.360587 333872
24.375187 331543
24.378470 331492
24.406906 331370
24.408111 330622
24.412392 330222
24.419266 328610
24.556181 328138
24.597288 327891
25.132581 327615
25.293308 326788
25.307729 324459
25.311001 324408
25.339471 324286
25.340677 323538
25.344961 323138
25.351856 321526
25.488832 321054
25.530224 320807
26.225492 319761
26.226962 319505
26.243352 318847
26.260860 317626
26.268117 316686
26.285450 315451
26.288214 314718
26.434873 314675
26.526746 314581
26.694131 314376
27.076628 312833
27.159108 311787
27.160501 311531
27.176843 310873
27.194339 309652
27.201539 308712
27.218866 307477
27.368093 306701
27.628224 306402
28.094822 305356
28.112680 304442
28.120953 303246
28.124242 303195
28.145164 303073
28.158184 301925
28.186540 301897
28.301938 301817
28.392785 300176
28.453506 299128
29.029779 298655
29.039734 298301
29.047286 298164
29.057414 295921
29.064956 295007
29.082223 293772
29.231499 292996
29.357421 292829
29.970109 292488
29.972540 292002
29.985904 289673
29.990222 289622
30.011084 289500
30.024088 288352
30.052207 288324
30.167262 288244
30.258240 286603
30.903345 286262
30.905796 285776
30.919142 283447
30.923451 283396
30.944364 283274
30.946448 282526
30.957391 282126
31.458983 280451
31.835724 280110
31.838154 279624
31.851499 277295
31.855800 277244
31.876692 277122
31.878768 276374
31.889723 275974
32.569879 274639
32.771478 274166
32.773741 273812
32.788980 273675
32.791413 271432
32.806668 270518
32.823934 269283
33.543143 269081
33.702696 268437
33.722560 265925
33.740175 265879
33.744654 265752
33.746715 265004
33.764704 264865
34.176428 264696
34.589869 264537
34.641158 263893
34.664494 263573
34.664855 261802
34.682196 261784
34.682738 261751
34.683261 261208
34.685309 260460
34.703261 260321
35.109074 260152
35.457722 259183
35.578675 258760
35.596115 258219
35.596472 256448
35.613715 256430
35.614244 256397
35.614761 255854
35.616805 255106
35.628267 254706
36.511260 254283
36.528791 253742
36.529154 251971
36.546427 251953
36.564895 250598
36.655819 250592
36.830323 250176
37.440834 249753
37.458662 247441
37.475906 247423
37.494307 246068
37.553364 245791
38.369824 245368
38.387629 243056
38.404872 243038
38.448652 242475
38.461450 241985
38.558487 241747
38.573166 241575
39.209352 241476
39.300630 241053
39.318421 238741
39.335697 238723
39.379641 238160
39.392601 237670
39.492164 237432
39.507295 237260
40.245455 236837
40.263317 234525
40.280545 234507
40.300751 234038
40.324465 233944
40.337295 233454
40.434242 233216
40.826623 233106
40.872769 233067
41.176477 232644
41.194260 230332
41.211562 230314
41.231709 229845
41.239253 228959
41.765318 228913
42.117156 228490
42.134987 226178
42.152249 226160
42.172396 225691
42.179921 224805
43.049349 224382
43.067153 222070
43.084438 222052
43.155685 221739
43.204129 220771
43.481458 220761
43.980189 220338
43.997985 218026
44.015259 218008
44.086677 217695
44.135030 216727
44.922780 216304
44.940604 213992
44.957913 213974
45.029273 213661
45.379320 213508
45.425789 213411
45.464857 213310
45.854282 212887
45.872079 210575
45.889327 210557
45.960660 210244
46.360726 209342
46.785739 208919
46.803537 206607
46.820813 206589
46.892566 206276
47.248978 206123
47.600910 205972
47.726675 205549
47.744471 203237
47.761677 203219
47.832946 202906
48.182458 202753
48.557917 202651
48.659592 202228
48.677396 199916
48.694640 199898
48.765937 199585
49.113775 199432
49.590812 199009
49.608587 196697
49.625894 196679
49.697180 196366
50.373869 196249
50.521817 195826
50.539652 193514
50.556906 193496
50.628371 193183
51.454821 192760
51.472682 190448
51.489945 190430
52.404465 189390
52.404830 187695
53.346167 187253
53.392479 186849
53.392667 186593
53.395069 186590
53.396273 186298
53.489987 185551
53.759346 184996
54.095627 184974
54.298099 184532
54.345767 184128
54.345961 183872
54.348415 183869
54.349663 183577
54.444385 182830
54.713735 182275
55.240525 181833
55.286845 181429
55.287033 179785
56.023934 179582
56.171925 179140
56.218306 178736
56.218501 177092
56.969800 177043
57.102759 176601
57.149057 176197
57.149251 174553
58.034004 174111
58.110618 173577
58.268545 172409
58.598060 172121
58.963699 171679
59.040382 171145
59.198628 169977
59.893738 169535
59.970366 169001
60.098601 168970
60.307801 168635
60.320263 167955
60.829065 167513
60.905719 166979
61.033948 166948
61.372541 166723
61.480996 166510
61.669780 165958
61.759251 165516
61.835819 164982
61.966494 164951
62.304091 164726
62.412512 164513
62.715310 164164
62.750688 164097
62.767400 163537
62.895826 163506
63.233769 163281
63.645038 162932
63.680338 162865
63.697090 162305
63.825241 162274
64.346972 162157
64.351139 162105
64.477382 162080
64.576682 161731
64.612017 161664
64.628746 161104
64.756915 161073
65.281610 160956
65.329454 160939
65.511325 160590
65.546781 160523
65.563500 159963
65.694936 159932
66.217246 159815
66.446970 159466
66.482244 159399
66.498982 158839
66.627084 158808
67.273169 158784
67.388039 158435
67.424339 158368
67.441139 157808
67.570555 157777
68.323913 157428
68.359393 157361
68.376158 156801
69.171674 156796
69.271234 156447
69.306699 156380
69.323506 155820
70.212114 155471
70.687607 155186
70.856605 155058
71.037546 154855
71.142221 154506
71.621059 154221
71.790051 154093
72.075893 153744
72.559203 153459
72.732369 153363
72.749864 153159
73.025593 152810
73.500911 152525
73.669862 152400
73.955404 152051
74.430891 151766
74.670151 151658
74.684488 151647
74.885305 151298
75.360447 151013
75.814288 150664
76.312257 150366
76.312443 149987
76.744674 149638
77.462047 149562
77.476900 149504
77.477631 149451
77.547273 149416
77.552277 149377
77.693100 149028
78.395262 148952
78.409781 148894
78.410476 148841
78.498347 148589
78.519489 148443
78.849791 148217
79.206995 148115
79.327449 148018
79.331569 147534
79.785769 147308
80.151813 147206
80.335575 146864
80.335765 146746
80.725828 146520
81.081588 146418
81.288331 146359
81.298071 146263
81.298769 146210
81.339603 145975
81.655203 145749
82.011263 145647
82.218046 145588
82.227745 145492
82.228438 145439
82.589028 145213
82.953620 145111
83.164105 144860
83.531667 144634
83.888224 144532
84.464677 144306
85.703408 144092
86.740401 144011
86.740939 143888
86.961803 143882
87.692347 143801
87.692889 143678
87.966744 143236
88.879898 142549
88.966202 142343
89.821864 140939
90.859637 140919
90.917117 140829
91.460982 140360
91.789081 140340
91.846652 140250
92.540504 140185
92.720079 140165
92.777624 140075
93.649451 140055
94.281962 140006
94.579325 139986
95.315199 139943
95.510022 139923
96.441590 139227
97.334231 139146
495.925668 139007
