0.000859 706900
0.001245 706632
0.002113 705977
0.004549 703278
0.018610 702194
0.019140 697494
0.022445 696203
0.027191 694375
0.060948 690367
0.064792 688974
0.089038 688815
0.167347 688362
0.188284 682817
0.195318 682688
0.395292 680985
0.410024 678159
1.059339 677801
1.059716 677533
1.060596 676878
1.064074 676860
1.064954 675925
1.066864 674432
1.077213 673095
1.077747 668395
1.082951 664810
1.117822 660584
1.123236 659875
1.147519 659716
1.224918 659263
1.235970 655470
1.241346 653718
1.248524 653589
1.889586 653461
1.987799 652952
2.011380 652594
2.011734 652326
2.012600 651671
2.016064 651653
2.016934 650718
2.018831 649225
2.029071 647888
2.029595 643188
2.034765 639603
2.069367 635377
2.074726 634668
2.098820 634509
2.175928 634056
2.186956 630263
2.192341 628511
2.198908 628382
2.839661 628254
2.961491 627896
2.961849 627628
2.962742 626973
2.966207 626955
2.967083 626020
2.968998 624527
2.977726 624014
2.979306 623190
2.979833 618490
2.985004 614905
3.019940 610679
3.025301 609970
3.126652 609358
3.132565 609323
3.137801 605565
3.484752 605463
3.913863 605105
3.914248 604837
3.915143 604182
3.918618 604164
3.921588 604145
3.922116 603135
3.924381 601483
3.930157 601223
3.931753 600399
3.932277 595699
3.942308 594408
3.976321 593492
3.981875 593200
3.985187 592545
3.985539 587954
4.084982 586532
4.095689 584193
4.858837 583835
4.859262 583567
4.860650 581959
4.862581 580466
4.875059 579953
4.876653 579129
4.877174 574429
4.878555 570844
4.914835 567302
4.930754 567290
5.029134 565262
5.731862 562998
5.796328 562640
5.796689 562372
5.798070 560764
5.799989 559271
5.812466 558758
5.814032 557934
5.814553 553234
5.815946 549649
5.852068 546107
5.867935 546095
5.966186 544067
6.735986 543709
6.736397 543441
6.737444 541929
6.749593 541739
6.751889 540087
6.753801 539003
6.754324 534303
6.755374 532831
6.803585 532096
6.807060 531149
6.820675 531024
6.889085 530647
7.058171 529606
7.652953 525149
7.677753 524791
7.678111 524523
7.679152 523011
7.691268 522821
7.695440 520085
7.695963 515385
7.696995 513913
7.711002 511800
7.763112 508246
7.894956 507949
8.617554 507591
8.617915 507323
8.619121 503969
8.635199 502885
8.635739 498185
8.636945 496894
8.639388 495066
8.688369 495031
8.690262 494160
9.089971 493488
9.560574 493130
9.560949 492862
9.562164 489508
9.578389 488424
9.578941 483724
9.580189 482433
9.582608 480605
9.631514 480570
9.633416 479699
9.879416 478784
10.502957 478426
10.503371 478158
10.504598 474804
10.520736 473720
10.521263 469020
10.522480 467729
10.574070 465866
11.443833 464462
11.445080 461886
11.461204 460802
11.462427 460454
11.462956 454811
11.799148 454492
11.969233 454223
12.386907 452819
12.388181 450243
12.404348 449159
12.405561 448811
12.406086 443168
12.742662 442849
13.330658 441445
13.331896 438869
13.348057 437785
13.349283 437437
13.349811 431794
14.274532 431191
14.274749 427554
14.329696 424729
14.333720 422801
14.445665 422780
14.475063 422738
14.476303 420912
14.478390 419823
15.216521 419220
15.216711 415583
15.270326 412758
15.276857 412488
15.278414 411206
15.362893 409996
15.639638 409822
15.757918 409583
15.843990 409140
16.156133 408537
16.156323 404900
16.209922 402075
16.222000 401248
16.236157 401230
16.315929 401167
16.326080 399873
16.531361 399445
16.582585 399139
16.700966 398900
17.099206 398297
17.099411 394660
17.153170 391835
17.159924 391565
17.161491 390283
17.246370 389073
17.523468 388899
18.042018 388296
18.042209 384659
18.095834 381834
18.102525 381564
18.104112 380282
18.188273 379072
18.983907 378469
18.984099 374832
19.038189 374527
19.038892 374049
19.039258 373385
19.047340 373087
19.049938 371180
19.056673 371162
19.183647 369344
19.506909 369276
19.532242 369100
19.925638 368497
19.925824 364860
19.980078 364555
19.980778 364077
19.981133 363413
19.987688 360107
20.803829 359405
20.871171 358802
20.871373 355165
20.925368 354860
20.926070 354382
20.926424 353718
20.932991 350412
21.379897 350286
21.524810 350138
21.812327 349535
21.812513 345898
21.866728 345593
21.867441 345115
21.867795 344451
21.876445 344153
21.879051 342246
21.885293 342228
22.012901 340410
22.752349 339807
22.752539 336170
22.806585 335865
22.808345 333892
22.818008 333075
22.824307 332915
23.220429 332870
23.694835 332267
23.695023 328630
23.749098 328325
23.750837 326352
23.760515 325535
23.766744 325375
24.636030 324772
24.636218 321135
24.692032 318857
24.701731 318040
25.160620 318021
25.576351 317418
25.576537 313781
25.632072 311503
25.641858 310686
26.520736 310083
26.520925 308040
26.534310 306959
26.577507 305841
26.583147 305625
26.587490 305370
26.588019 302891
27.462538 302288
27.463256 300563
27.466873 300472
27.481336 299213
27.533974 298642
27.603618 297220
27.626841 296463
27.828845 296300
27.918835 296091
28.404496 295488
28.405253 293763
28.408895 293672
28.423298 292413
28.475801 291842
28.484916 290675
28.545385 290420
28.771160 289500
28.953167 289452
29.345262 288849
29.345989 287124
29.349610 287033
29.364001 285774
29.416277 285203
29.485756 283781
29.689581 282925
30.285461 282322
30.286160 280597
30.293228 280578
30.304105 279247
30.356161 278676
30.395964 278527
30.430327 277943
30.445117 276497
31.226117 275894
31.226839 274169
31.233928 274150
31.244861 272819
31.297461 272248
31.335539 272007
31.371803 271515
31.577923 270621
32.169314 270018
32.170045 268293
32.179514 268202
32.188029 266943
32.240341 266372
32.243949 265205
33.079571 265149
33.110354 264546
33.111051 262821
33.120556 262730
33.129075 261471
33.181634 260900
33.185251 259733
34.053118 259130
34.053498 258704
34.057295 256006
34.324332 254991
34.455015 254751
34.462969 253361
34.995165 252758
34.995550 252332
35.004023 252009
35.006614 251765
35.006796 251014
35.024113 250998
35.030178 249683
35.143694 249672
35.272006 248408
35.273054 248256
35.949184 247653
35.949553 247227
35.954498 245837
35.984853 244578
36.246040 244053
36.247324 242719
36.897403 242116
36.897764 241690
36.906411 241367
36.909023 241123
36.909208 240372
36.926501 240356
36.932423 239041
37.046043 239030
37.218460 238440
37.622504 238065
37.840298 237462
37.840656 237036
37.850955 236806
37.851859 236469
37.852045 235718
37.869462 235702
37.875356 234387
38.162176 233786
38.782043 233183
38.782404 232757
38.786732 231367
38.817006 230108
39.190034 229791
39.721893 229188
39.722252 228762
39.737680 228532
39.738559 228195
39.738741 227444
39.756152 227428
39.757031 226113
40.483401 225998
40.669423 225395
40.669788 224969
40.685176 224739
40.686092 224402
40.686276 223651
40.703578 223635
40.704454 222320
41.608152 222036
41.608511 221643
41.608691 219901
42.197040 219146
42.555567 218862
42.555927 218469
42.556107 216727
43.156757 216431
43.502041 216147
43.502429 215754
43.502612 214012
43.930456 213997
44.119779 212037
44.446346 211753
44.446789 211360
44.446981 209618
45.256365 209336
45.388759 209052
45.389124 208659
45.389308 206917
46.194696 206695
46.209200 205169
46.334743 204885
46.335107 204492
46.335303 202750
47.288755 202316
47.305924 202196
47.323151 201233
47.342544 201086
47.343074 200986
47.360460 200130
48.231823 199696
48.248962 199576
48.266244 198613
48.602617 198086
48.928341 198030
48.972770 197885
49.174566 197451
49.191639 197331
49.208906 196368
49.543739 195841
49.869358 195785
50.115492 195351
50.132642 195231
50.150013 194268
50.484791 193741
51.056902 193307
51.061234 192635
51.110901 192531
51.144906 192439
51.147505 192405
51.148885 192233
51.367903 191403
51.996812 190969
52.012704 190849
52.030051 189886
52.311295 189588
52.746903 189492
52.940047 189058
52.955961 188938
52.973236 187975
53.253641 187677
53.879952 187243
53.895932 187123
53.913219 186160
54.510315 186141
54.785616 185891
54.819284 185457
54.835124 184785
54.873413 184681
54.907537 184589
54.921500 184555
54.922884 184383
55.451878 184355
55.739851 184265
55.759464 183831
55.775833 183711
55.793103 182748
56.392283 182729
56.701337 182295
56.717512 182175
56.734813 181212
57.354995 180662
57.642317 180228
57.658531 180108
57.675834 179145
57.973969 178930
58.332536 178771
58.588110 178337
58.604344 178217
58.621605 177254
58.917931 177039
59.527856 176605
59.544116 176485
59.561347 175522
60.484870 175354
60.485455 175103
60.485646 174968
60.521021 174779
60.521207 174212
60.734116 174108
61.411323 173674
61.445558 173408
61.478725 173120
61.657282 172305
62.366680 172137
62.367237 171886
62.367422 171751
62.402797 171562
62.402986 170995
62.677845 170922
63.310539 170754
63.311076 170503
63.311277 170368
63.347210 170179
63.347402 169612
63.637754 169611
63.912204 169580
64.252188 169412
64.252724 169161
64.252907 169026
64.288254 168837
64.288440 168270
64.578539 168269
65.189574 168101
65.190109 167850
65.190292 167715
65.225709 167526
65.225895 166959
65.638982 166859
66.128741 166691
66.129278 166440
66.129461 166305
66.164916 166116
66.165102 165549
67.057721 165115
67.127135 164729
67.195882 164339
67.228318 164247
67.940477 164245
67.997120 163811
68.066646 163425
68.135605 163035
68.167949 162943
68.938180 162509
69.007931 162123
69.076831 161733
69.888529 161299
69.957785 160913
70.225372 160877
70.724702 160551
70.827536 160117
70.897296 159731
71.164840 159695
71.667053 159476
71.667599 159273
71.769236 158839
71.838820 158453
72.107108 158417
72.690999 158285
72.709742 157851
72.779525 157465
73.047364 157307
73.628016 157260
73.652129 156826
73.721745 156440
73.988135 156212
74.590215 155778
74.659836 155392
74.940852 154490
75.528696 154056
75.598520 153670
76.464511 153657
76.468717 153223
76.538652 152837
77.426545 152669
77.427084 152418
77.613284 152166
77.860150 152076
78.203697 152050
78.368109 151882
78.368648 151631
78.555104 151379
78.799841 151289
79.136528 150509
79.143779 149624
79.308940 149456
79.309475 149205
79.495895 148953
79.742898 148863
80.233468 148853
80.251882 148231
80.437995 148182
80.684560 148092
81.194101 147470
81.380368 147421
81.913754 147357
82.132932 146735
82.319804 146686
83.072706 146064
84.101282 145779
84.485857 145756
85.039871 145471
85.424872 144928
85.425060 144739
85.981509 144454
87.047231 144244
87.460137 144219
87.989008 144009
89.448734 143938
89.513513 143905
89.602050 143811
90.389808 143740
90.454438 143707
91.327863 143636
92.234678 143236
93.217375 143146
93.225083 142955
93.225289 142939
94.327470 142914
95.238836 142830
95.242669 142408
95.267591 142281
96.197057 142109
97.134829 141823
188.919813 141812
189.506802 141792
189.866056 141566
191.028458 141463
191.125013 141382
191.584930 141370
191.627191 141351
191.974995 141248
192.073936 141167
192.537894 141155
192.919847 141052
193.016481 140971
193.472494 140892
193.860630 140789
193.957091 140708
194.800551 140605
195.752201 140315
196.906983 140290
197.831031 140186
197.853648 139842
198.816669 139812
199.762532 138531
501.927181 138431
502.000556 138387
502.840259 138379
502.870453 138141
503.149989 138104
503.780674 138096
503.811105 137858
504.065493 137601
504.718969 137593
504.749086 137355
505.287589 137347
505.300153 137320
505.659927 137312
505.690132 137074
506.902346 137024
506.913521 136999
507.161472 136946
507.197308 136935
507.281341 136856
507.841427 136806
507.852627 136781
508.100898 136728
508.136587 136717
508.781000 136667
508.792222 136642
509.040431 136589
509.723121 136539
509.734275 136514
510.899521 136464
