0.000518 745850
0.000720 744919
0.000900 743393
0.001421 742062
0.002116 739131
0.005259 738390
0.007713 738029
0.017466 737951
0.019020 735748
0.135334 734195
0.137106 733919
0.142260 733841
0.215377 724860
0.231409 721298
1.000628 718043
1.000827 717112
1.001012 715586
1.001530 714255
1.002386 711251
1.005301 710583
1.007706 710222
1.017307 710144
1.018857 707941
1.090865 706388
1.092593 706112
1.097773 706034
1.176826 703487
1.179763 697268
1.660810 697022
1.664082 696992
1.937854 693737
1.938061 692806
1.938240 691280
1.938758 689949
1.939637 686945
1.942534 686277
1.944958 685916
1.954584 685838
1.956183 683635
2.028165 682082
2.029875 681806
2.034995 681728
2.113736 679181
2.117785 673891
2.598311 672716
2.872028 669461
2.872212 668530
2.872388 667004
2.872904 665673
2.873757 662669
2.876724 662001
2.879120 661640
2.888700 661562
2.890266 659359
2.966978 657806
2.968716 657530
3.052299 654905
3.061381 648686
3.816293 645431
3.816564 644500
3.816744 642974
3.817283 641643
3.818656 638674
3.826555 637400
3.828975 637398
3.834650 635329
3.904802 634694
3.906520 633422
4.062628 628159
4.609150 627478
4.750215 624223
4.750416 623292
4.750596 621766
4.751117 620435
4.752501 617466
4.760479 616192
4.768557 614121
4.838762 613486
4.840486 612214
5.013627 609256
5.137734 608090
5.688269 604835
5.688462 603904
5.688640 602378
5.689161 601047
5.690527 598078
5.695147 597838
5.698406 596804
5.706544 594733
5.776677 594098
5.788196 593180
5.789911 592904
5.926473 590030
5.950063 589868
6.379878 588430
6.623671 585175
6.623864 584244
6.624041 582718
6.624558 581387
6.625924 578418
6.630534 578178
6.633294 577354
6.641959 575073
6.712428 574438
6.723995 573520
6.725712 573244
6.862428 570370
6.885987 570208
7.557667 566953
7.557853 566022
7.558030 564496
7.558544 563165
7.560094 561803
7.560443 560038
7.561129 558920
7.575841 556851
7.646203 556216
7.648446 555460
7.852630 555368
8.501442 552113
8.501634 551182
8.501818 549656
8.502348 548325
8.503946 546963
8.504482 546160
8.505189 544653
8.509925 544082
8.520129 542011
8.591892 541376
8.852220 539515
9.437799 536260
9.438028 535329
9.438207 533803
9.438729 532472
9.440293 531110
9.440816 530307
9.443934 529263
9.446685 528439
9.451368 528227
9.456200 526158
9.526479 525523
9.676028 521455
10.370786 518200
10.370973 517269
10.371151 515743
10.371678 514412
10.379558 510379
10.384187 510167
10.389017 508098
10.463250 506707
11.306671 503452
11.306861 502521
11.307041 500995
11.308770 499522
11.310316 496455
11.315452 495631
11.320114 495419
11.333377 495118
11.372251 494468
11.590305 493177
12.089818 492288
12.239698 489033
12.239882 488102
12.240060 486576
12.241767 485103
12.243333 482036
12.248461 481212
12.266216 480699
12.304567 479938
12.523829 478758
13.173538 475503
13.173723 474572
13.173900 473046
13.175616 471573
13.177323 470353
13.182371 467682
13.200156 467169
13.238598 466408
13.881463 465758
14.106100 462503
14.106284 461572
14.106461 460046
14.108186 458573
14.109898 457353
14.116585 454472
14.171000 453408
15.036127 450153
15.036484 447899
15.036835 442120
15.056104 441819
15.976976 437381
15.977204 434648
15.978061 431104
16.171402 430978
16.647003 430659
16.909280 426221
16.909464 423488
16.910319 419944
17.104657 419818
17.844189 415380
17.844690 412647
17.845555 409103
18.779127 408761
18.779501 408377
18.784156 407030
18.793261 406966
18.797223 401763
18.803878 401177
18.836310 400127
18.840586 399164
19.158993 399098
19.237942 398662
19.483932 398658
19.563480 398459
19.712211 398117
19.712564 397733
19.717215 396386
19.722546 395912
19.730296 391119
19.736972 390533
19.744718 388815
19.886913 388660
20.098917 388454
20.179772 388018
20.665109 387676
20.665475 387292
20.668988 386141
20.670224 385945
20.675672 385471
20.683638 380678
20.690510 380092
20.698246 378374
21.604846 376237
21.628541 376215
21.633360 375177
21.644016 372537
21.685337 371941
21.756140 371397
21.756493 369450
21.769523 368838
22.536623 368496
22.536980 368112
22.540433 366961
22.541641 366765
22.546956 366291
22.559290 366284
22.561180 365915
22.564620 365301
22.571832 364715
22.576809 362743
22.728887 361813
22.813374 360965
23.003610 360515
23.096730 359611
23.470126 359269
23.470484 358885
23.474258 358503
23.487107 358210
23.497126 357452
23.505411 355488
23.512640 353774
23.662205 351559
23.662904 350408
24.407521 350385
24.410425 350176
24.411303 348518
24.429316 347211
24.446499 346270
24.448084 344571
24.481384 343975
24.662882 343256
24.761592 342495
24.956677 342247
25.266125 341948
25.343332 341925
25.346243 341716
25.347104 340058
25.352591 339811
25.365061 338751
25.382135 337810
25.383698 336111
25.416828 335515
25.422485 335426
25.695571 334035
25.890452 333787
26.275263 333764
26.279899 331714
26.297541 331233
26.299438 330864
26.314991 327692
26.523898 326635
26.781635 326059
27.119587 325914
27.208635 325891
27.213324 323841
27.230970 323360
27.232868 322991
27.248439 319819
27.457324 318762
27.478927 318286
27.715066 318186
28.141856 318163
28.143756 316049
28.164138 315632
28.166026 315263
28.181653 312091
28.213829 311664
28.412064 310558
29.077556 310471
29.077741 309677
29.082209 309450
29.088740 308668
29.095435 308399
29.110827 304721
29.326621 303406
29.504546 303139
30.010474 302645
30.018196 301002
30.038545 300585
30.055977 297044
30.088109 296617
30.418394 295226
30.958575 294994
30.959473 294956
30.962456 293089
30.983372 292672
31.001225 289131
31.034195 288704
31.907747 287596
31.920767 286631
31.938844 286150
31.956812 282609
32.048790 282459
32.160685 282292
32.845333 282022
32.847049 281798
32.858000 280219
32.875747 279738
32.893202 276197
33.775143 275316
33.786688 275089
33.789610 274060
33.792893 274038
33.815806 273076
33.822823 272494
33.834950 272062
33.869204 271587
33.971764 271411
34.055003 271292
34.186125 270887
34.302935 270788
34.427479 270514
34.708583 269633
34.720034 269406
34.722949 268377
34.726224 268355
34.749205 267393
34.756237 266811
34.768408 266379
34.904531 266147
34.905057 265728
34.988050 265609
35.118675 265228
35.235709 265105
35.641724 264224
35.656079 262968
35.659346 262946
35.704822 262409
35.708426 262051
35.733851 261797
35.734373 261236
35.830020 261039
35.863295 260689
35.921419 260200
36.053806 259795
36.574071 258914
36.581081 258687
36.588456 257658
36.591727 257636
36.633386 255908
36.765615 255428
36.766139 255009
36.853617 254890
37.277300 254635
37.515321 253754
37.522306 253527
37.532941 252476
37.558674 250794
37.574597 250748
37.579778 250500
37.706661 250268
37.707185 249849
37.794580 249730
38.447216 248849
38.454217 248622
38.464834 247571
38.490589 245889
38.506476 245843
38.511625 245595
38.638560 245363
38.639084 244944
39.379185 244063
39.396807 242785
39.422581 241103
39.443615 240809
39.672656 240171
40.312487 239290
40.330118 238012
40.356052 236330
40.377133 236036
41.030682 235959
41.256412 235078
41.274023 233800
41.299897 232118
41.320914 231824
42.201051 230356
42.204823 229687
42.257240 228644
42.363584 228082
42.685862 227605
43.145486 226137
43.149249 225468
43.201781 224425
43.399419 223123
44.095260 221655
44.131568 221558
44.136664 221517
44.136852 219282
44.365925 219254
45.046165 217786
45.082500 217689
45.087607 217648
45.087795 215413
46.018777 213717
46.179939 213701
46.211589 213607
46.228157 212932
46.436769 212872
46.671931 212134
46.680643 211979
46.926861 211573
46.952232 209877
47.113439 209861
47.145012 209767
47.161562 209092
47.370038 209032
47.604465 208294
47.613165 208139
47.883911 206443
48.001090 205575
48.095315 204517
48.808948 203049
48.816848 202821
48.933560 201953
49.077828 201158
49.089191 201150
49.132913 201141
49.188759 200948
49.748480 199252
49.865470 198384
50.010083 197589
50.680972 195893
50.797909 195025
51.602473 193557
51.612819 193329
51.873919 193097
51.946861 192599
52.114707 192415
52.543846 190719
52.804339 190487
52.877325 189989
53.033983 189768
53.474666 188072
53.736412 187840
53.809544 187342
54.095785 187266
54.367113 187227
54.407164 185759
54.408730 185531
54.670402 185299
54.743642 184801
55.340125 183333
55.341682 183105
55.603648 182873
55.980502 182812
56.057792 182697
56.110256 182479
56.273212 181011
56.274772 180783
56.452279 180556
56.535782 180551
56.913768 180490
56.990940 180126
57.206527 178658
57.208103 178430
57.469618 178198
57.845983 178137
57.996879 177791
58.137923 176323
58.139499 176095
58.400383 175863
58.777404 175802
59.070102 174334
59.071670 174106
59.332973 173874
59.739022 173544
60.002798 172076
60.004372 171848
60.264759 171616
60.934410 170148
60.935997 169920
61.846043 169792
61.868511 169655
61.868869 168096
62.799131 167959
62.817126 167950
62.919108 167591
62.927664 167340
62.975784 166547
63.731659 166410
63.749618 166401
63.851899 166042
63.852422 165621
64.094540 165518
64.157464 165089
64.170284 164622
64.662690 164485
64.680628 164476
64.782503 164117
64.783027 163696
64.998630 163166
65.051936 162450
65.595293 162313
65.613316 162304
65.715227 161945
65.715755 161524
65.931282 160994
66.239645 160864
66.527455 160727
66.545399 160718
66.647228 160359
66.647756 159938
66.862918 159408
67.120146 159379
67.459461 159242
67.477470 159233
67.579264 158874
67.579788 158453
67.795630 157923
68.394674 157786
68.412652 157777
68.514843 157418
68.515385 156997
68.837197 156829
68.946786 156784
69.327702 156647
69.345656 156638
69.447907 156279
69.448428 155858
69.773282 155690
70.274947 155553
70.293423 155544
70.397733 155185
70.398272 154764
71.212310 154627
71.230328 154618
71.427887 154204
71.473713 154101
71.505652 153904
72.153518 153767
72.171965 153758
72.374997 153344
72.424571 153253
72.822501 153189
72.822866 153079
73.104236 152942
73.122485 152933
73.325131 152519
73.374598 152428
73.766958 152307
74.026170 152261
74.046202 152124
74.064195 152115
74.262406 151701
74.310603 151610
74.699185 151489
74.978518 151352
74.996490 151343
75.193918 150929
75.242200 150838
75.909227 150701
75.927262 150692
76.124951 150278
76.173068 150093
76.840072 149956
76.858005 149947
77.055568 149533
77.491933 149520
77.772570 149383
77.790569 149374
77.994058 148960
78.710323 148823
78.728467 148814
79.016483 148661
79.073470 148427
79.425251 148424
79.642924 148287
79.660919 148278
79.947858 148125
80.004671 147891
80.574209 147754
80.592197 147745
80.878978 147592
80.962726 146672
81.505151 146535
81.523261 146526
81.810136 146373
81.866553 146286
82.042563 146243
82.436372 146106
82.454302 146097
82.742521 145944
82.798708 145857
83.369653 145720
83.387735 145711
83.675934 145558
84.031481 145544
84.145138 145493
84.302036 145356
84.320014 145347
84.607098 145194
84.963484 145180
85.233695 145043
85.251684 145034
85.539235 144881
86.165493 144744
86.183480 144735
86.482653 144636
87.097534 144499
87.115498 144490
87.415698 144288
87.415884 144120
88.030075 143983
88.048529 143974
88.862389 143894
88.984287 143757
89.002661 143748
89.891247 143676
89.926507 143539
89.944471 143530
90.857089 143393
92.380216 143338
93.619692 143326
93.683715 143167
94.564333 142968
94.624858 142711
95.556602 142238
95.556962 141935
96.357038 141398
96.466680 140607
96.484365 139907
98.221307 139831
98.226097 139488
99.152229 139412
99.157179 138987
211.856570 138688
212.726810 138309
306.948079 138259
306.999450 138258
307.730526 138215
307.812911 138207
307.861307 138152
307.878824 138033
307.930374 138032
308.668988 137989
308.800108 137934
308.817605 137815
308.869102 137814
309.749435 137759
309.767244 137640
309.852325 137487
310.696796 137432
310.714686 137313
310.801302 137174
311.651347 137119
311.669252 137000
312.563183 136809
313.888405 136706
315.205077 136666
315.246392 136622
316.136686 136582
316.183774 136329
317.068313 136289
317.232864 135812
317.978250 135633
318.001977 135545
318.925964 135282
319.906094 135265
