0.001612 755125
0.002288 754761
0.006677 752609
0.006893 751909
0.007306 750201
0.007742 741586
0.009230 732795
0.009650 718569
0.010810 716776
0.011211 716749
0.012350 714879
0.012545 708417
0.012961 702900
0.013162 701019
0.013568 697292
0.013758 694818
0.013952 684916
0.014337 683723
0.016941 681082
0.020095 670603
0.020494 666008
0.020914 664422
0.026333 661364
0.026549 659330
0.029201 653479
0.029419 649478
0.030198 647651
0.031370 644520
0.032548 641383
0.073307 629119
0.074297 627215
0.074692 626204
0.077609 624694
0.080496 604787
0.081491 598386
0.090992 595335
0.232926 591629
0.270209 586828
0.271524 579148
0.271718 579063
0.272097 574553
0.272288 570630
0.272479 570442
0.273242 569391
0.273806 563370
0.273996 559942
0.274187 559192
0.274563 557974
0.275312 554865
0.293405 554738
0.294718 554688
0.295282 553075
0.300321 552837
0.301464 552256
0.301844 551273
0.315633 550659
17.312290 549802
17.312539 549614
17.317273 545402
17.318063 542042
17.547770 540162
18.493486 538024
18.494699 530955
18.499357 529841
18.499756 529799
18.502879 523565
23.267122 521735
23.267327 521243
23.387405 521011
23.388397 518177
23.403032 512655
23.403231 511812
23.403425 511045
23.403617 508038
23.403809 504164
23.404001 503136
23.404393 502220
23.405987 501208
26.321395 500386
26.321604 499261
27.673301 493780
28.639054 492520
28.639259 489454
28.641244 487152
28.641442 486801
30.316815 485347
32.256365 479500
32.258544 477560
32.258941 477132
32.259728 469713
32.260710 468430
32.260917 463030
32.263625 460422
32.263819 448998
36.490639 445370
36.491080 444526
36.491868 439882
36.492464 431922
36.492659 430875
36.495213 430444
36.495612 426737
39.601127 425028
39.601337 423912
39.601734 418487
39.602325 414375
39.641565 414172
39.642359 411207
39.649368 400397
39.649959 399423
39.652694 397841
43.195911 396353
43.758678 395901
44.026973 395739
44.027962 390499
44.028979 386940
44.030555 386124
44.031146 385360
44.032519 384358
44.032715 383268
44.033316 381924
45.759272 381196
45.763398 380142
45.763596 377371
45.764985 377075
45.765381 376749
45.770263 374861
45.773208 374250
45.775728 372189
45.776122 371464
45.777119 367834
45.777312 367622
45.782585 367532
45.782783 364124
45.783175 362541
45.784352 362028
45.801926 361024
45.823882 359199
48.839877 357848
48.841087 356286
48.932078 356236
48.932285 356020
48.932478 354503
48.934255 352070
48.934651 350864
49.089223 349287
49.090595 344674
49.096259 343863
49.096852 341869
51.280099 340748
51.768535 332072
51.769150 331460
51.770917 330512
52.010392 330468
52.026258 329109
52.026852 329004
52.029025 328394
55.534936 324276
55.851402 323546
55.853974 321406
55.857130 320717
55.859093 319978
55.869311 319797
55.879102 319671
55.885772 315569
57.260354 313855
57.268804 311220
57.270004 309938
57.282129 309487
57.282328 307553
57.282920 306943
57.288201 305866
57.447510 305803
57.492271 304410
57.494445 302572
57.504060 297527
57.528489 295015
57.530074 293008
57.538273 292719
57.549220 292203
57.593760 290682
57.604132 289091
57.604532 288829
57.607287 288776
57.609281 288724
57.758662 287836
57.768833 287075
57.769446 281128
57.904479 280792
57.906066 278763
57.937569 276786
57.945596 275704
57.948339 273552
57.948734 273526
59.820006 271982
59.820412 271755
59.822392 271313
59.823968 271263
59.824165 270411
59.831981 269591
59.839454 266028
59.839656 264433
59.850028 262578
63.488761 260413
63.489378 259574
63.498585 259198
63.500348 258724
63.501151 258243
63.508201 257585
63.515056 257208
63.527163 257019
63.528940 256669
63.538136 256351
63.553597 255633
63.555558 254801
63.565175 254287
65.454785 251521
65.456805 251445
65.467993 251332
65.469974 249825
65.474103 248992
65.479423 248411
65.491373 247783
65.492751 247313
65.501991 246814
65.504536 245747
65.511422 245656
65.547104 245248
65.561633 244360
65.568701 241625
65.573249 241002
66.114309 240966
66.114909 240548
66.115107 240526
66.117675 239800
66.122569 237512
66.976695 236691
68.162433 236468
68.510635 236293
68.511821 236121
68.513018 234469
68.514007 234288
68.516359 233231
68.553460 232919
68.583574 232641
68.584363 232629
68.586720 231172
68.587505 230232
68.593018 229188
68.597145 228622
68.602828 228270
70.246372 223774
70.248613 223393
70.248818 223375
70.249027 222519
70.256347 222437
70.260248 220396
70.261074 220180
70.268356 217094
70.387510 216721
70.470668 215734
70.473232 215732
70.606040 215159
70.644994 215045
70.692006 213905
70.692600 213557
70.692795 213392
70.703154 210840
70.712172 210596
70.723130 208013
70.731548 207910
70.762721 207740
70.776844 207523
70.777259 207373
76.302715 206207
76.307820 203710
76.322529 203403
76.349348 202418
76.352294 202331
76.791349 202052
76.800728 201269
76.810923 201025
76.813889 200239
76.936427 199639
76.938012 197298
76.955235 197145
76.958192 196685
76.974067 196434
76.993686 196336
76.994671 195807
77.100519 195567
77.695323 195511
77.719582 194891
78.018794 193861
78.112744 193856
78.126240 192863
78.147041 192650
78.149430 192616
78.163889 192189
78.166065 191970
78.169815 191320
78.254091 190214
78.278341 189409
78.287939 189341
78.292268 189014
80.533614 189003
80.543032 188919
80.555233 188182
80.562316 187513
80.565461 186927
80.660313 186115
80.695422 186056
80.939457 184791
81.015775 183888
81.032487 182717
81.053489 182261
81.203063 181315
81.247827 180983
81.305606 180774
81.312342 180677
81.350564 180605
81.355250 179805
81.394106 178661
81.410032 178050
81.432664 177872
81.705423 176685
81.803059 173767
81.824238 173310
81.848314 173092
81.917103 172319
84.167838 170904
84.168044 169667
84.745706 169231
85.435517 169230
85.454718 169229
85.457877 168199
85.460234 167649
85.481323 167197
85.543582 166603
85.546368 165650
86.993461 164520
87.017233 163835
87.023501 163623
87.048006 163153
87.052731 161456
87.147474 161317
90.065380 158725
90.080644 158541
90.111223 158460
90.151522 157407
93.063733 156870
93.074735 156484
94.479744 153796
94.893951 152928
94.931382 151920
95.220629 151882
95.293736 151437
95.343835 151131
95.351090 150395
95.388813 150358
95.464183 150232
95.534342 150160
95.714058 149989
95.718587 149156
95.765394 148981
95.795219 147585
96.599780 147486
96.652133 147458
96.663538 147354
96.680011 146532
96.850718 146369
96.903524 146101
96.904708 146026
97.133072 145517
97.212582 145455
97.213389 145394
97.453884 144935
97.722961 144372
98.041513 143668
99.337480 143457
99.484157 143429
99.503738 143153
99.635347 143141
99.667451 142615
102.661619 142458
102.688477 142442
102.719712 142111
103.201768 141664
103.498986 141480
103.792245 140965
103.795001 140467
104.335254 140269
104.698190 140114
105.171335 140003
105.548753 139785
106.238272 139580
106.327841 138901
106.478294 138549
107.071299 138182
107.093639 137417
107.170703 137184
108.514680 137182
108.628234 137042
109.220127 136805
113.690567 136611
113.891582 136385
113.972788 136154
115.055745 135932
115.287341 135714
471.254851 135628
471.617360 135486
471.626817 135429
471.638858 135162
471.927661 134964
472.841552 134909
473.637022 134418
474.189938 134166
474.960970 133982
494.513651 133932
