8843 10.524272918701172
8843 0.0
8816 0.5013942718505859
8816 0.5009174346923828
8809 0.0
8805 0.0
8738 0.499725341796875
8716 0.0
8716 0.0
8706 0.49948692321777344
8706 0.0
8685 0.0
8685 0.5002021789550781
8640 0.0
8625 0.0
8611 0.0
8611 0.5006790161132812
8603 0.0
8603 0.5002021789550781
8598 0.0
8598 0.5002021789550781
8598 0.0
8598 0.0
8537 0.5009174346923828
8537 0.5013942718505859
8497 0.0
8490 0.0
8490 0.0
8442 0.5004405975341797
8442 0.0
8420 0.0
8420 0.0
8420 0.4990100860595703
8417 0.0
8412 0.5009174346923828
8406 0.0
8391 0.0
8373 0.0
8373 0.49996376037597656
8365 0.5002021789550781
8328 0.0
8323 0.5004405975341797
8267 0.0
8253 0.5009174346923828
8253 0.0
8253 0.49996376037597656
8253 0.0
8233 0.0
8220 0.5002021789550781
8220 0.0
8220 0.0
8220 0.0
8219 0.5002021789550781
8209 0.0
8160 0.0
8160 0.5059242248535156
8160 0.0
8159 0.0
8159 0.5135536193847656
8159 0.0
8159 0.4990100860595703
8159 0.0
8159 0.5004405975341797
8130 0.0
8115 0.0
8114 0.5002021789550781
8108 0.0
8108 0.5011558532714844
8108 0.0
8108 0.499725341796875
8086 0.0
8086 0.0
8086 0.5002021789550781
8086 0.0
8085 0.0
8085 0.5002021789550781
8073 0.0
8073 0.0
8073 0.5006790161132812
8055 0.0
8038 0.5009174346923828
8038 0.0
8018 0.499725341796875
8018 0.0
8018 0.0
7995 0.5002021789550781
7957 0.484466552734375
7957 0.0
7957 0.0
7911 0.5168914794921875
7905 0.499725341796875
7904 0.0
7904 0.5006790161132812
7903 0.0
7903 0.0
7903 0.5009174346923828
7903 0.499725341796875
7895 0.0
7895 0.9870529174804688
7895 0.0
7895 0.5140304565429688
7875 0.5002021789550781
7867 0.0
7867 0.0
7867 0.5002021789550781
7815 0.0
7811 0.0
7770 0.5016326904296875
7770 0.0
7770 0.0
7761 0.49877166748046875
7753 0.5011558532714844
7745 0.0
7745 0.0
7700 0.49996376037597656
7672 0.0
7672 0.5002021789550781
7672 0.0
7672 0.5013942718505859
7672 0.48470497131347656
7672 0.0
7672 0.0
7672 0.4982948303222656
7672 0.0
7672 0.5002021789550781
7672 0.0
7657 0.5004405975341797
7651 0.0
7651 0.0
7644 0.5002021789550781
7628 0.5002021789550781
7605 0.0
7605 0.0
7596 0.0
7591 0.5006790161132812
7584 0.0
7584 0.0
7573 0.0
7573 0.5002021789550781
7520 0.5002021789550781
7520 0.0
7520 0.5002021789550781
7520 0.0
7520 0.5006790161132812
7515 0.0
7515 0.0
7515 0.5013942718505859
7515 0.0
7452 0.4992485046386719
7452 0.0
7416 0.5006790161132812
7396 0.0
7396 0.5002021789550781
7396 0.0
7396 0.0
7347 0.5002021789550781
7342 0.0
7333 0.5002021789550781
7329 0.5006790161132812
7326 0.0
7320 0.0
7267 0.5002021789550781
7267 0.0
7263 0.0
7263 0.5004405975341797
7263 0.0
7253 0.0
7253 0.5006790161132812
7252 0.0
7252 0.499725341796875
7252 0.0
7251 0.5006790161132812
7251 0.0
7251 0.0
7251 0.0
7251 0.0
7251 0.0
7250 0.5002021789550781
7250 0.0
7245 0.0
7242 1.0027885437011719
7242 0.5164146423339844
7227 0.0
7227 0.499725341796875
7218 0.0
7218 0.0
7218 0.0
7218 0.5011558532714844
7217 0.4856586456298828
7183 0.5142688751220703
7183 0.0
7183 0.5006790161132812
7183 0.0
7170 0.499725341796875
7170 0.0
7161 0.5002021789550781
7136 0.0
7119 0.5009174346923828
7104 0.0
7103 0.0
7103 0.5002021789550781
7103 0.0
7098 0.0
7087 0.5006790161132812
7087 0.0
7067 0.5002021789550781
7067 0.0
7041 0.0
7041 0.499725341796875
7030 0.0
7030 0.0
7030 0.5006790161132812
7030 0.0
7030 0.5002021789550781
7030 0.0
7030 0.5002021789550781
6993 0.0
6993 0.0
6993 0.0
6993 0.5009174346923828
6987 0.0
6959 0.5006790161132812
6959 0.0
6959 0.499725341796875
6929 0.0
6926 0.0
6896 0.5002021789550781
6877 0.0
6843 0.0
6843 0.0
6843 0.5011558532714844
6843 0.0
6843 0.0
6820 0.499725341796875
6820 0.9849071502685547
6820 0.0
6814 0.5040168762207031
6811 0.0
6811 0.0
6811 0.0
6811 0.0
6799 0.5152225494384766
6769 0.0
6769 0.499725341796875
6769 0.0
6724 0.0
6724 0.5002021789550781
6707 0.0
6687 0.5002021789550781
6644 0.0
6640 0.0
6640 0.0
6633 0.5002021789550781
6629 0.5004405975341797
6620 0.0
6615 0.5006790161132812
6615 0.0
6592 0.0
6591 0.48828125
6591 0.0
6582 0.5125999450683594
6573 0.0
6573 0.499725341796875
6573 0.0
6564 0.0
6558 0.0
6558 0.5006790161132812
6532 0.0
6509 0.5002021789550781
6509 0.0
6509 0.5009174346923828
6509 0.5009174346923828
6509 0.0
6503 0.0
6486 0.0
6486 0.0
6424 0.0
6401 0.5004405975341797
6401 0.0
6376 0.48923492431640625
6376 0.0
6376 0.5109310150146484
6376 0.0
6376 0.0
6376 0.5016326904296875
6376 0.0
6361 0.0
6349 0.4992485046386719
6349 0.0
6349 0.0
6349 0.5002021789550781
6299 0.0
6299 0.5016326904296875
6299 0.0
6291 1.9845962524414062
6291 2.0177364349365234
6279 0.9825229644775391
6279 1.0120868682861328
6248 2.9916763305664062
6248 3.000974655151367
6248 0.5006790161132812
6248 1.5006065368652344
6248 1.0008811950683594
6220 1.5006065368652344
6220 1.0046958923339844
6220 2.0155906677246094
6219 0.98419189453125
6199 0.5121231079101562
6199 2.0008087158203125
6199 1.9907951354980469
6199 2.0017623901367188
6196 1.5017986297607422
6191 2.5022029876708984
6191 2.0003318786621094
6174 1.0008811950683594
6174 2.002239227294922
6168 0.49996376037597656
6158 0.0
6122 0.0
6122 0.5025863647460938
6122 0.0
6114 0.49805641174316406
6079 0.0
6046 0.0
6026 0.49996376037597656
6016 0.0
6014 0.0
6014 0.0
6014 0.0
6012 0.0
6010 0.5002021789550781
6010 0.0
6009 0.5004405975341797
6008 0.0
6008 0.0
6008 0.499725341796875
6008 0.0
6008 0.0
6006 0.5002021789550781
6006 0.0
6006 0.0
6006 0.5009174346923828
6006 0.0
6006 0.4990100860595703
6006 0.5006790161132812
6006 0.0
6005 0.5161762237548828
5999 0.0
5999 0.5002021789550781
5999 0.0
5999 0.5011558532714844
5989 0.499725341796875
5978 0.0
5978 0.5002021789550781
5977 0.0
5973 0.0
5973 0.0
5972 0.0
5972 0.0
5964 0.5006790161132812
5964 0.0
5961 0.0
5961 0.5006790161132812
5961 0.0
5949 0.499725341796875
5921 0.0
5921 0.0
5921 0.5006790161132812
5891 0.0
5891 0.5002021789550781
5891 0.0
5891 0.0
5856 0.0
5856 0.5002021789550781
5856 0.0
5856 0.5002021789550781
5856 0.0
5856 0.0
5856 0.5004405975341797
5856 0.0
5856 0.5006790161132812
5856 0.5006790161132812
5854 0.0
5854 0.499725341796875
5854 0.0
5839 0.0
5821 0.5006790161132812
5808 0.0
5782 0.5006790161132812
5782 0.0
5780 0.0
5780 0.48422813415527344
5750 0.0
5750 0.5156993865966797
5750 0.0
5750 0.0
5736 0.0
5727 0.5009174346923828
5727 0.48661231994628906
5727 0.0
5727 0.0
5727 0.5137920379638672
5712 0.0
5712 0.5002021789550781
5712 0.0
5712 0.5002021789550781
5712 0.0
5712 0.0
5694 0.0
5673 0.5006790161132812
5673 0.0
5668 0.5002021789550781
5657 0.0
5657 0.0
5637 0.5009174346923828
5631 0.0
5631 0.499725341796875
5629 0.0
5624 0.0
5624 0.5006790161132812
5624 0.5002021789550781
5624 0.0
5624 0.0
5600 0.5002021789550781
5590 0.0
5590 0.5006790161132812
5590 0.0
5590 0.5002021789550781
5562 0.0
5562 0.0
5562 0.5009174346923828
5562 0.0
5562 0.5002021789550781
5551 0.0
5551 0.0
5548 0.0
5548 0.0
5548 0.0
5537 0.0
5537 0.5002021789550781
5537 0.0
5537 0.5011558532714844
5537 0.0
5537 0.0
5537 0.499725341796875
5537 0.0
5537 0.5002021789550781
5532 0.0
5532 0.5006790161132812
5524 0.5009174346923828
5524 0.0
5524 0.0
5524 0.0
5515 0.5002021789550781
5509 0.0
5509 0.499725341796875
5509 0.0
5509 0.0
5498 0.5002021789550781
5498 0.48661231994628906
5497 0.0
5476 0.499725341796875
5476 0.0
5474 0.0
5451 0.0
5451 0.5002021789550781
5451 0.5025863647460938
5438 0.0
5438 0.0
5427 0.0
5427 0.0
5427 0.499725341796875
5427 0.0
5427 0.0
5421 0.5006790161132812
5421 0.0
5421 0.0
5421 0.0
5413 0.5004405975341797
5413 0.0
5413 0.5002021789550781
5406 0.0
5406 0.5002021789550781
5406 0.0
5406 0.0
5379 0.0
5379 0.5002021789550781
5379 0.0
5363 0.5006790161132812
5363 0.5154609680175781
5302 0.0
5302 0.0
5302 0.0
5302 0.5006790161132812
5302 0.0
5302 0.0
5302 0.0
5302 0.0
5302 0.499725341796875
5302 0.0
5302 0.5009174346923828
5302 0.0
5284 0.5011558532714844
5284 0.499725341796875
5283 0.48732757568359375
5283 0.0
5283 0.4992485046386719
5271 0.499725341796875
5271 0.0
5271 0.0
5271 0.5002021789550781
5271 0.0
5267 0.0
5267 0.0
5195 0.0
5195 0.5002021789550781
5195 0.0
5195 0.0
5195 0.5002021789550781
5195 0.0
5195 0.0
5195 0.5006790161132812
5195 0.0
5195 0.0
5195 0.5004405975341797
5195 0.0
5195 0.5002021789550781
5195 0.0
5195 0.0
5195 0.5002021789550781
5186 0.0
5186 0.0
5186 0.5006790161132812
5186 0.5030632019042969
5186 0.0
5186 0.4982948303222656
5186 0.0
5186 0.499725341796875
5179 0.0
5179 0.0
5174 0.5002021789550781
5155 0.0
5155 0.5004405975341797
5155 0.0
5146 0.0
5146 0.5002021789550781
5108 0.0
5108 0.0
5108 0.5002021789550781
5103 0.0
5096 0.0
5096 0.5006790161132812
5062 0.0
5060 0.0
5060 0.0
5060 0.5002021789550781
5055 0.0
5055 0.0
5055 0.5002021789550781
5050 0.0
5050 0.0
5050 0.5006790161132812
5050 0.0
5050 0.5013942718505859
5050 0.0
5050 0.0
5050 0.499725341796875
5050 0.0
5050 0.0
5050 0.0
5050 0.0
5050 0.499725341796875
5050 0.0
5050 0.0
5050 0.0
5050 0.0
5039 0.0
5039 0.0
5031 0.5002021789550781
5022 0.0
4999 0.499725341796875
4999 0.0
4999 0.0
4999 0.0
4973 0.5002021789550781
4973 0.0
4962 0.5006790161132812
4962 0.0
4962 0.5002021789550781
4962 0.0
4962 0.0
4962 0.5002021789550781
4962 0.0
4962 0.5002021789550781
4962 0.0
4958 0.0
4941 0.5009174346923828
4941 0.0
4941 0.5002021789550781
4941 0.0
4934 0.0
4934 0.0
4934 0.5002021789550781
4934 0.0
4919 0.0
4918 0.0
4918 0.5002021789550781
4918 0.0
4914 0.0
4914 0.5006790161132812
4879 0.0
4869 0.0
4869 0.5002021789550781
4869 0.0
4869 0.5002021789550781
4869 0.0
4869 0.0
4869 0.5023479461669922
4840 0.0
4840 0.0
4820 0.0
4817 0.499725341796875
4817 0.0
4817 0.0
4817 0.4992485046386719
4817 0.0
4817 0.0
4804 0.0
4801 0.5002021789550781
4801 0.0
4794 0.0
4794 0.5002021789550781
4789 0.0
4789 0.0
4789 0.0
4789 0.5006790161132812
4785 0.0
4785 0.5002021789550781
4767 0.5002021789550781
4767 0.0
4765 0.0
4765 0.5009174346923828
4765 0.4990100860595703
4765 0.0
4765 0.5004405975341797
4765 0.5178451538085938
4763 0.0
4749 0.0
4749 0.0
4744 0.4985332489013672
4744 0.0
4744 0.0
4731 0.5009174346923828
4731 0.0
4731 0.0
4731 0.5002021789550781
4730 0.0
4730 0.0
4728 0.0
4723 0.5216598510742188
4723 0.0
4723 0.0
4699 0.0
4699 0.0
4699 0.0
4699 0.5166530609130859
4699 0.0
4699 0.0
4699 0.49877166748046875
4699 0.0
4699 0.0
4699 0.0
4699 0.0
4688 0.4858970642089844
4680 0.0
4680 0.5156993865966797
4667 0.0
4664 0.48279762268066406
4660 0.5006790161132812
4660 0.0
4642 0.0
4642 0.5154609680175781
4642 0.0
4642 0.5009174346923828
4642 0.0
4634 0.49948692321777344
4632 0.0
4618 0.5021095275878906
4618 0.0
4616 0.49877166748046875
4609 0.0
4609 0.0
4599 0.0
4599 0.5011558532714844
4599 0.4875659942626953
4599 0.0
4594 0.0
4594 0.5133152008056641
4586 0.0
4579 0.49948692321777344
4579 0.0
4579 0.0
4579 0.0
4579 0.0
4579 0.5004405975341797
4558 0.0
4558 0.0
4558 0.0
4558 0.5004405975341797
4558 0.0
4541 0.0
4541 0.5002021789550781
4541 0.0
4541 0.0
4541 0.0
4541 0.0
4541 0.0
4541 0.0
4539 0.5002021789550781
4539 0.0
4539 0.5004405975341797
4524 0.0
4503 0.5009174346923828
4478 0.0
4478 0.0
4478 0.499725341796875
4459 0.5002021789550781
4459 0.0
4459 0.0
4459 0.0
4459 0.0
4452 0.0
4450 0.0
4450 0.5009174346923828
4450 0.0
4449 0.0
4449 0.0
4449 0.499725341796875
4449 0.0
4417 0.0
4417 0.0
4417 0.5016326904296875
4417 0.0
4417 0.0
4417 0.4992485046386719
4417 0.0
4417 0.0
4417 0.48613548278808594
4417 0.0
4417 0.0
4405 0.0
4405 0.0
4405 0.0
4405 0.0
4405 0.0
4405 0.499725341796875
4405 0.0
4405 0.0
4404 0.0
4404 0.0
4404 0.0
4404 0.0
4404 0.0
4404 0.499725341796875
4404 0.0
4404 0.0
4404 0.5002021789550781
4404 0.0
4398 0.0
4394 0.5002021789550781
4394 0.0
4394 0.5006790161132812
4394 0.0
4394 0.5002021789550781
4394 0.0
4394 0.0
4394 0.0
4394 0.5011558532714844
4394 0.0
4394 0.499725341796875
4382 0.0
4382 0.499725341796875
4382 0.0
4382 0.0
4379 0.0
4379 0.5009174346923828
4379 0.48351287841796875
4379 0.0
4379 0.5042552947998047
4379 0.0
4379 0.0
4379 0.0
4379 0.4992485046386719
4379 0.0
4379 0.0
4379 0.0
4379 0.5006790161132812
4379 0.0
4371 0.0
4371 0.499725341796875
4371 0.0
4371 0.0
4371 0.5006790161132812
4363 0.5009174346923828
4363 0.0
4363 0.0
4363 0.499725341796875
4363 0.0
4363 0.5006790161132812
4363 0.0
4363 0.0
4363 0.5002021789550781
4363 0.5006790161132812
4360 0.0
4360 0.5002021789550781
4355 0.0
4355 0.0
4352 0.0
4352 0.499725341796875
4352 0.0
4352 0.0
4343 0.5002021789550781
4337 0.0
4334 0.5013942718505859
4334 0.0
4334 0.499725341796875
4320 0.0
4320 0.5002021789550781
4320 0.0
4320 0.0
4320 0.5006790161132812
4320 0.0
4320 0.0
4316 0.0
4316 0.5002021789550781
4316 0.4851818084716797
4316 0.0
4316 0.0
4316 0.0
4316 0.5156993865966797
4316 0.0
4308 0.0
4305 0.5004405975341797
4298 0.0
4267 0.0
4267 0.0
4267 0.5002021789550781
4267 0.0
4267 0.0
4267 0.5002021789550781
4267 0.0
4267 0.0
4262 0.5006790161132812
4262 0.0
4255 0.0
4255 0.5006790161132812
4255 0.0
4240 0.0
4240 0.0
4240 0.0
4240 0.5147457122802734
4240 0.0
4240 0.48470497131347656
4240 0.5002021789550781
4240 0.5035400390625
4239 0.0
4239 0.0
4239 0.5135536193847656
4239 0.0
4239 0.0
4239 0.499725341796875
4239 0.5016326904296875
4239 0.0
4239 0.0
4239 0.4837512969970703
4239 0.0
4217 0.5161762237548828
4217 0.0
4217 0.0
4210 0.0
4205 0.0
4191 0.0
4167 0.0
4167 0.5002021789550781
4167 0.0
4167 0.0
4167 0.0
4166 0.5013942718505859
4166 0.0
4166 0.0
4166 0.0
4166 0.0
4160 0.0
4160 0.5002021789550781
4160 0.0
4160 0.0
4160 0.0
4160 0.499725341796875
4160 0.0
4160 0.5004405975341797
4160 0.0
4160 0.0
4160 0.0
4160 0.5009174346923828
4160 0.0
4160 0.5004405975341797
4157 0.0
4157 0.0
4157 0.5006790161132812
4132 0.0
4124 0.49948692321777344
4124 0.0
4124 0.5004405975341797
4124 0.0
4123 0.0
4119 0.5002021789550781
4118 0.0
4118 0.0
4118 0.0
4118 0.5011558532714844
4118 0.0
4118 0.0
4118 0.499725341796875
4118 0.0
4118 0.5002021789550781
4118 0.0
4118 0.0
4118 0.5002021789550781
4118 0.0
4118 0.0
4116 0.4878044128417969
4104 0.5137920379638672
4104 0.0
4104 0.0
4104 0.499725341796875
4104 0.0
4104 0.5006790161132812
4104 0.0
4104 0.0
4104 0.0
4104 0.0
4104 0.5009174346923828
4092 0.0
4092 0.48661231994628906
4092 0.0
4049 0.5135536193847656
4049 0.0
4049 0.0
4049 0.0
4049 0.0
4049 0.0
4036 0.5161762237548828
4036 0.0
4036 0.0
4036 0.5011558532714844
4031 0.0
4010 0.0
4010 0.4992485046386719
4010 0.0
3976 0.5006790161132812
3975 0.0
3975 0.0
3975 0.5002021789550781
3975 0.0
3970 0.0
3970 0.0
3970 0.5002021789550781
3955 0.0
3955 0.0
3955 0.5013942718505859
3945 0.0
3945 0.0
3945 0.4992485046386719
3945 0.0
3938 0.5006790161132812
3938 0.0
3936 0.0
3936 0.5002021789550781
3933 0.0
3910 0.0
3910 0.0
3890 0.5006790161132812
3890 0.0
3878 0.499725341796875
3878 0.0
3862 0.5006790161132812
3851 0.0
3851 0.5002021789550781
3851 0.0
3851 0.0
3851 0.0
3851 0.5009174346923828
3851 0.0
3851 0.0
3851 0.0
3851 0.499725341796875
3844 0.0
3844 0.0
3844 0.5006790161132812
3844 0.0
3844 0.5002021789550781
217.7131175994873