1193154 38478.264570236206
1193142 74.03302192687988
1193121 13.008356094360352
1193077 17.01068878173828
1193075 24.791955947875977
1193070 1.0004043579101562
1193062 17.01068878173828
1193039 2.001523971557617
1193039 1.0008811950683594
1193036 5.003213882446289
1193036 7.004976272583008
1193006 17.0137882232666
1193006 1.0004043579101562
1193000 4.172563552856445
1192998 14.49441909790039
1192970 23.575782775878906
1192969 10.013580322265625
1192969 3.0019283294677734
1192969 13.007164001464844
1192959 25.017499923706055
1192959 1.001119613647461
1192921 2.0036697387695312
1192921 8.00466537475586
1192921 1.9752979278564453
1192921 1.0056495666503906
1192842 9.006261825561523
1192808 13.010501861572266
1192808 26.424407958984375
1192802 4.001855850219727
1192802 4.003286361694336
1192797 2.0008087158203125
1192797 13.010025024414062
1192786 4.00233268737793
1192784 22.03512191772461
1192765 7.988452911376953
1192765 17.012357711791992
1192747 1.0018348693847656
1192725 6.002664566040039
1192725 2.001523971557617
1192718 4.002809524536133
1192687 25.01654624938965
1192658 19.029855728149414
1192637 23.017168045043945
1192582 23.015737533569336
1192582 14.009237289428711
1192543 31.022310256958008
1192537 14.010429382324219
1192497 9.006738662719727
1192490 13.00954818725586
1192490 12.007474899291992
1192473 8.005619049072266
1192473 2.001523971557617
1192473 25.002717971801758
1192453 0.0
1192442 6.605625152587891
1192442 12.022972106933594
1192442 19.978761672973633
1192442 25.55537223815918
1192442 21.020174026489258
1192442 5.003452301025391
1192382 7.004976272583008
1192382 2.001523971557617
1192382 5.003690719604492
1192364 11.007547378540039
1192364 16.011476516723633
1192358 4.00233268737793
1192314 16.011476516723633
1192314 2.000570297241211
1192262 2.002239227294922
1192262 3.000974655151367
1192237 28.02109718322754
1192237 19.013404846191406
1192228 1.0004043579101562
1192228 18.01156997680664
1192215 4.003047943115234
1192215 5.2852630615234375
1192188 25.017261505126953
1192188 1.003265380859375
1192188 18.01013946533203
1192188 9.007692337036133
1192181 8.00633430480957
1192181 4.001855850219727
1192167 2.0008087158203125
1192162 25.019168853759766
1192162 25.01678466796875
1192147 4.00233268737793
1192116 30.491352081298828
1192116 1.0004043579101562
1192116 2.000093460083008
1192107 0.0
1192107 1.001119613647461
1192102 24.0170955657959
1192080 7.004737854003906
1192080 22.016286849975586
1192021 6.003618240356445
1192021 2.0008087158203125
1192021 6.00433349609375
1192003 12.0086669921875
1191987 9.006500244140625
1191986 8.005619049072266
1191986 20.013809204101562
1191980 9.007692337036133
1191930 13.007402420043945
1191907 18.01323890686035
1191880 15.010356903076172
1191871 14.009952545166016
1191842 13.00811767578125
1191839 21.017789840698242
1191839 10.010480880737305
1191839 50.04763603210449
1191814 19.01388168334961
1191810 6.00433349609375
1191806 6.000995635986328
1191798 14.010429382324219
1191791 6.00433349609375
1191791 0.9999275207519531
1191791 8.005142211914062
1191791 28.022050857543945
1191785 3.0007362365722656
1191785 18.012285232543945
1191785 7.005214691162109
1191773 3.0019283294677734
1191773 8.00633430480957
1191755 15.010833740234375
1191736 5.003213882446289
1191736 21.014690399169922
1191700 24.004220962524414
1191700 8.00323486328125
1191700 10.006427764892578
1191700 15.010356903076172
1191642 11.008024215698242
1191624 5.003452301025391
1191624 3.0024051666259766
1191624 3.0019283294677734
1191624 1.0008811950683594
1191624 0.9999275207519531
1191624 1.0008811950683594
1191623 23.03338050842285
1191623 7.003307342529297
1191563 1.0013580322265625
1191563 0.9999275207519531
1191563 2.985715866088867
1191563 16.013383865356445
1191545 39.02912139892578
1191545 11.007070541381836
1191532 20.027637481689453
1191503 5.98907470703125
1191477 11.023521423339844
1191463 5.003213882446289
1191395 10.006904602050781
1191395 3.0019283294677734
1191375 21.01588249206543
1191375 15.994548797607422
1191369 7.006645202636719
1191369 13.008832931518555
1191369 6.004571914672852
1191369 6.004810333251953
1191362 15.010356903076172
1191342 4.00233268737793
1191340 9.006738662719727
1191306 3.0024051666259766
1191299 6.003618240356445
1191299 4.002809524536133
1191297 25.01821517944336
1191297 7.004737854003906
1191211 11.022567749023438
1191135 8.99195671081543
1191115 6.004571914672852
1191055 6.003618240356445
1191046 18.015384674072266
1190973 16.02482795715332
1190973 3.000974655151367
1190964 29.02078628540039
1190964 1.0042190551757812
1190956 11.004924774169922
1190956 5.003213882446289
1190944 11.007547378540039
1190934 2.0012855529785156
1190934 20.013809204101562
1190892 12.008428573608398
1190874 5.004644393920898
1190874 0.0
1190868 3.0014514923095703
1190868 8.006572723388672
1190822 13.008356094360352
1190801 13.009786605834961
1190801 7.004737854003906
1190801 19.997119903564453
1190801 2.0024776458740234
1190787 0.9999275207519531
1190787 10.007143020629883
1190787 19.012928009033203
1190733 17.011642456054688
1190703 19.014835357666016
1190703 4.002809524536133
1190703 9.006023406982422
1190684 2.001523971557617
1190684 2.0012855529785156
1190684 3.0024051666259766
1190627 4.003047943115234
1190624 21.02971076965332
1190624 11.991739273071289
1190602 6.021261215209961
1190590 7.988214492797852
1190590 31.02397918701172
1190573 2.0024776458740234
1190573 12.02249526977539
1190563 8.005619049072266
1190563 8.005619049072266
1190551 4.00233268737793
1190528 1.0013580322265625
1190528 7.015228271484375
1190528 4.981756210327148
1190528 14.03188705444336
1190508 8.99815559387207
1190485 15.011072158813477
1190466 32.02009201049805
1190466 2.0020008087158203
1190436 3.002166748046875
1190436 5.002737045288086
1190434 3.0024051666259766
1190396 7.005453109741211
1190396 3.001689910888672
1190396 5.112648010253906
1190366 0.8749961853027344
1190322 4.019498825073242
1190322 25.01845359802246
1190312 22.01533317565918
1190304 2.0024776458740234
1190304 8.005142211914062
1190304 24.001359939575195
1190304 2.0020008087158203
1190304 31.023263931274414
1190290 12.02249526977539
1190290 18.99886131286621
1190290 11.022090911865234
1190228 2.0008087158203125
1190226 2.001523971557617
1190226 9.006977081298828
1190226 18.013477325439453
1190226 11.007070541381836
1190223 16.01099967956543
1190222 9.006977081298828
1190222 17.998218536376953
1190217 16.011476516723633
1190167 7.004261016845703
1190163 0.0
1190124 7.019758224487305
1190083 45.04275321960449
1190053 2.001047134399414
1190048 17.012357711791992
1189977 13.009786605834961
1189961 5.002498626708984
1189961 12.009143829345703
1189961 15.98501205444336
1189900 6.004095077514648
1189826 13.007402420043945
1189802 46.03266716003418
1189787 24.018049240112305
1189735 7.007122039794922
1189735 1.9991397857666016
1189720 15.009641647338867
1189720 21.016359329223633
1189718 23.016691207885742
1189713 2.0003318786621094
1189705 11.007547378540039
1189657 7.006168365478516
1189648 16.0980224609375
1189616 25.931596755981445
1189616 10.005474090576172
1189616 4.00233268737793
1189589 1.0037422180175781
1189589 5.001544952392578
1189583 7.005214691162109
1189583 6.004571914672852
1189583 10.007858276367188
1189532 17.011642456054688
1189508 9.006023406982422
1189508 19.014596939086914
1189507 3.001689910888672
1189507 29.020071029663086
1189487 18.013477325439453
1189474 21.01445198059082
1189474 4.0035247802734375
1189473 0.9996891021728516
1189473 3.002166748046875
1189448 8.006095886230469
1189427 19.013643264770508
1189401 18.01300048828125
1189396 27.017831802368164
1189380 25.015830993652344
1189368 24.0170955657959
1189368 9.007692337036133
1189368 12.02249526977539
1189331 8.006572723388672
1189331 8.99195671081543
1189323 0.9970664978027344
1189323 11.011362075805664
1189300 4.003763198852539
1189300 11.005401611328125
1189300 12.006521224975586
1189292 0.0
1189292 12.00723648071289
1189280 15.010595321655273
1189280 6.018877029418945
1189277 28.01036834716797
1189277 25.014638900756836
1189244 9.005069732666016
1189244 1.9991397857666016
1189244 13.010263442993164
1189202 3.0012130737304688
1189184 0.0
1189184 6.0214996337890625
1189163 3.985166549682617
1189105 9.009838104248047
1189105 7.006406784057617
1189016 11.00611686706543
1188985 18.012523651123047
1188925 5.003690719604492
1188925 16.010761260986328
1188925 27.019500732421875
1188920 5.003452301025391
1188899 5.003690719604492
1188888 14.010190963745117
1188876 4.00233268737793
1188876 22.03059196472168
1188868 10.006189346313477
1188868 26.020526885986328
1188868 19.011735916137695
1188868 4.990100860595703
1188849 8.019208908081055
1188849 12.993335723876953
1188827 1.0182857513427734
1188772 8.991479873657227
1188756 15.008687973022461
1188731 16.009807586669922
1188731 4.003763198852539
1188731 10.006904602050781
1188726 5.002737045288086
1188726 2.0020008087158203
1188699 4.003763198852539
1188699 12.008428573608398
1188699 5.004644393920898
1188699 11.008501052856445
1188699 2.0008087158203125
1188659 7.004261016845703
1188603 24.018049240112305
1188591 9.005069732666016
1188591 3.0002593994140625
1188591 8.009672164916992
1188591 7.003545761108398
1188552 4.004240036010742
1188546 12.022733688354492
1188546 14.997005462646484
1188546 11.005878448486328
1188533 18.009185791015625
1188502 22.01676368713379
1188462 3.0014514923095703
1188444 2.0189285278320312
1188423 10.991334915161133
1188423 15.038013458251953
1188423 7.978677749633789
1188400 3.0014514923095703
1188400 1.0004043579101562
1188376 4.004478454589844
1188335 3.999471664428711
1188335 9.009838104248047
1188335 0.0
1188305 18.027067184448242
1188305 2.0024776458740234
1188305 14.995813369750977
1188305 12.15362548828125
1188239 4.001379013061523
1188239 6.004095077514648
1188239 1.0004043579101562
1188239 3.0024051666259766
1188239 15.025615692138672
1188230 9.007453918457031
1188230 25.018692016601562
1188230 4.001855850219727
1188230 10.994672775268555
1188230 8.017301559448242
1188204 6.005048751831055
1188204 2.001523971557617
1188204 2.0012855529785156
1188179 18.02372932434082
1188149 9.006023406982422
1188129 10.981082916259766
1188079 25.037288665771484
1188079 2.001047134399414
1188046 7.004022598266602
1188021 7.007122039794922
1187983 17.01068878173828
1187963 14.007806777954102
1187963 11.993408203125
1187963 5.017757415771484
1187949 23.016691207885742
1187911 15.012025833129883
1187911 23.015499114990234
1187911 18.01276206970215
1187895 0.9989738464355469
1187894 19.999980926513672
1187887 2.001523971557617
1187887 7.005214691162109
1187887 9.00578498840332
1187871 28.01823616027832
1187836 3.017425537109375
1187827 4.002809524536133
1187827 10.993003845214844
1187824 4.001140594482422
1187817 21.032094955444336
1187788 12.009143829345703
1187776 15.010833740234375
1187776 24.999618530273438
1187736 9.023427963256836
1187730 18.013477325439453
1187730 17.011642456054688
1187730 26.656627655029297
1187715 3.0062198638916016
1187712 0.0
1187712 25.01821517944336
1187712 15.011072158813477
1187712 7.004261016845703
1187712 5.003690719604492
1187700 2.001047134399414
1187700 13.00954818725586
1187684 14.010429382324219
1187664 5.004167556762695
1187664 3.0014514923095703
1187664 6.004095077514648
1187658 5.003929138183594
1187652 14.009475708007812
1187652 1.001596450805664
1187618 12.007474899291992
1187618 14.011621475219727
1187618 1.9998550415039062
1187618 29.22654151916504
1187594 2.02178955078125
1187582 10.007858276367188
1187542 1.0013580322265625
1187532 0.0
1187523 13.007879257202148
1187523 4.002809524536133
1187523 8.990049362182617
1187439 6.003618240356445
1187439 18.030166625976562
1187439 4.000663757324219
1187419 22.01557159423828
1187419 12.0086669921875
1187349 9.006023406982422
1187349 14.994144439697266
1187335 5.003452301025391
1187335 1.0018348693847656
1187335 3.000974655151367
1187311 9.006023406982422
1187311 16.01243019104004
1187300 0.9999275207519531
1187293 21.015167236328125
1187233 11.009693145751953
1187233 8.006095886230469
1187205 18.01466941833496
1187186 12.009859085083008
1187186 21.01421356201172
1187186 3.0031204223632812
1187163 24.03092384338379
1187163 16.995668411254883
1187148 0.9999275207519531
1187104 13.01121711730957
1187104 11.008977890014648
1187010 6.006956100463867
1187001 1.9998550415039062
1187001 10.021686553955078
1187001 36.008358001708984
1187001 11.008024215698242
1186973 40.029287338256836
1186973 24.01566505432129
1186973 5.002021789550781
1186964 40.03024101257324
1186956 22.031307220458984
1186956 8.99052619934082
1186956 39.03055191040039
1186925 32.02009201049805
1186925 13.008832931518555
1186906 3.0019283294677734
1186829 3.0019283294677734
1186829 1.0013580322265625
1186829 6.005525588989258
1186829 12.005090713500977
1186818 1.0004043579101562
1186805 14.024496078491211
1186770 8.991718292236328
1186770 1.001596450805664
1186761 30.019521713256836
1186746 1.0013580322265625
1186746 28.019428253173828
1186746 1.9981861114501953
1186746 22.01676368713379
1186712 9.006023406982422
1186712 36.02457046508789
1186657 71.05088233947754
1186657 10.006904602050781
1186657 23.015499114990234
1186657 23.018360137939453
1186656 18.00990104675293
1186622 24.019479751586914
1186622 22.01557159423828
1186622 35.02464294433594
1186622 28.018474578857422
1186589 4.003286361694336
1186575 10.008573532104492
1186575 14.011144638061523
1186575 8.003711700439453
1186569 24.016380310058594
1186568 33.022165298461914
1186559 2.0008087158203125
1186527 9.006261825561523
1186503 11.008262634277344
1186503 38.027048110961914
1186503 31.02850914001465
1186495 15.00844955444336
1186495 33.02121162414551
1186491 29.021024703979492
1186476 0.0
1186476 8.002996444702148
1186476 1.001596450805664
1186430 60.04476547241211
1186430 38.027048110961914
1186380 9.005308151245117
1186343 4.004716873168945
1186343 7.005214691162109
1186343 18.013477325439453
1186343 15.02537727355957
1186331 12.991666793823242
1186331 4.015445709228516
1186331 9.011983871459961
1186308 10.992765426635742
1186308 5.00035285949707
1186281 16.010284423828125
1186281 10.009288787841797
1186273 24.01876449584961
1186229 10.004520416259766
1186162 3.005504608154297
1186162 24.016618728637695
1186140 0.99945068359375
1186140 18.016338348388672
1186140 16.024351119995117
1186140 8.993387222290039
1186138 39.02292251586914
1186049 8.005619049072266
1186049 15.012741088867188
1186049 2.0012855529785156
1186049 18.012285232543945
1185996 27.016162872314453
1185996 15.028715133666992
1185996 1.985311508178711
1185989 10.023355484008789
1185989 20.999431610107422
1185989 18.011093139648438
1185989 23.017168045043945
1185989 6.00433349609375
1185989 21.013259887695312
1185989 2.0034313201904297
1185957 19.011974334716797
1185957 9.006977081298828
1185957 20.014047622680664
1185917 30.02023696899414
1185917 5.003213882446289
1185873 4.00090217590332
1185865 17.016887664794922
1185856 22.014856338500977
1185807 8.006095886230469
1185754 17.01498031616211
1185747 1.001119613647461
1185686 20.009994506835938
1185655 20.01166343688965
1185592 14.013051986694336
1185592 6.0024261474609375
1185582 19.01078224182129
1185563 26.017427444458008
1185563 3.001689910888672
1185563 14.008283615112305
1185560 3.0126571655273438
1185539 2.9926300048828125
1185539 17.014026641845703
1185506 29.020071029663086
1185506 17.009496688842773
1185506 15.0146484375
1185473 3.008604049682617
1185473 6.019115447998047
1185464 13.99540901184082
1185455 25.01964569091797
1185449 17.02427864074707
1185449 18.998384475708008
1185431 29.019832611083984
1185409 3.0019283294677734
1185390 14.026165008544922
1185390 2.0020008087158203
1185386 5.002737045288086
1185386 21.016359329223633
1185380 8.005142211914062
1185380 7.994413375854492
1185380 18.022775650024414
1185380 7.005929946899414
1185357 2.0058155059814453
1185302 4.022836685180664
1185273 7.990598678588867
1185273 18.009424209594727
1185271 11.00921630859375
1185245 24.01447296142578
1185237 16.011953353881836
1185237 9.022712707519531
1185237 6.003141403198242
1185237 5.006551742553711
1185237 9.00411605834961
1185237 10.997772216796875
1185237 18.010616302490234
1185179 22.012948989868164
1185142 27.01854705810547
1185131 5.018711090087891
1185127 16.9985294342041
1185124 0.9999275207519531
1185124 16.010284423828125
1185117 9.006023406982422
1185096 6.005764007568359
1185096 12.007474899291992
1185096 30.02309799194336
1185096 14.008760452270508
1185023 29.021501541137695
1185011 1.9998550415039062
1185011 3.0012130737304688
1185011 24.020910263061523
1184956 5.00035285949707
1184956 5.003213882446289
1184956 16.01266860961914
1184942 29.021024703979492
1184942 13.009786605834961
1184942 18.010616302490234
1184937 17.0135498046875
1184935 8.004188537597656
1184935 2.0017623901367188
1184935 6.004810333251953
1184903 7.004499435424805
1184889 15.011787414550781
1184889 19.014835357666016
1184881 4.001379013061523
1184881 14.011383056640625
1184874 21.011829376220703
1184860 23.034095764160156
1184860 19.99807357788086
1184860 0.0
1184818 10.022163391113281
1184818 13.010025024414062
1184818 5.002498626708984
1184813 9.992837905883789
1184813 5.001068115234375
1184813 2.001523971557617
1184813 10.010957717895508
1184757 27.01854705810547
1184698 24.017810821533203
1184673 10.02049446105957
1184673 3.9873123168945312
1184636 21.016836166381836
1184604 19.027233123779297
1184604 3.0012130737304688
1184596 2.001523971557617
1184566 9.990453720092773
1184554 6.004571914672852
1184522 0.0
1184514 5.008459091186523
1184514 1.9962787628173828
1184503 11.00921630859375
1184448 29.036521911621094
1184448 10.010004043579102
1184448 18.995285034179688
1184448 10.00666618347168
1184448 8.021116256713867
1184448 2.002239227294922
1184431 10.991573333740234
1184419 13.007640838623047
1184406 1.0020732879638672
1184381 28.018712997436523
1184381 16.011953353881836
1184366 2.001523971557617
1184359 23.018598556518555
1184349 0.0
1184349 13.007879257202148
1184337 11.022806167602539
1184331 12.993335723876953
1184331 8.005619049072266
1184290 14.009475708007812
1184290 0.0
1184274 7.007360458374023
1184274 5.017280578613281
1184260 19.013643264770508
1184260 1.0006427764892578
1184225 19.99974250793457
1184221 2.0003318786621094
1184194 7.006645202636719
1184145 15.025615692138672
1184107 10.990619659423828
1184107 20.03169059753418
1184102 10.995626449584961
1184082 0.0
1184082 17.011165618896484
1184077 5.002260208129883
1184077 5.00178337097168
1184077 26.02386474609375
1184077 33.02359580993652
1184077 8.003711700439453
1184077 0.0
1184029 25.017976760864258
1184000 10.008573532104492
1183991 4.00090217590332
1183953 2.0012855529785156
1183953 3.0024051666259766
1183953 9.006261825561523
1183953 14.004945755004883
1183939 9.00888442993164
1183933 41.028738021850586
1183912 19.01388168334961
1183886 10.006189346313477
1183886 10.006427764892578
1183886 11.010408401489258
1183886 6.002664566040039
1183886 6.005287170410156
1183886 8.005142211914062
1183886 6.005048751831055
1183886 12.008428573608398
1183848 10.004997253417969
1183848 8.004903793334961
1183848 1.0020732879638672
1183848 8.00466537475586
1183832 14.009714126586914
1183812 1.0013580322265625
1183812 5.003213882446289
1183804 26.035308837890625
1183804 15.009880065917969
1183800 0.0
1183800 2.0017623901367188
1183800 7.992267608642578
1183800 9.003400802612305
1183800 0.0
1183800 14.01066780090332
1183792 3.0007362365722656
1183792 16.01243019104004
1183791 0.0
1183791 17.01188087463379
1183748 4.00233268737793
1183748 14.009714126586914
1183748 7.005214691162109
1183744 2.001523971557617
1183744 29.020309448242188
1183744 23.01931381225586
1183744 10.005474090576172
1183744 13.007879257202148
1183744 22.016286849975586
1183744 22.017240524291992
1183739 16.009807586669922
1183731 3.9882659912109375
1183731 16.01123809814453
1183720 9.021520614624023
1183702 1.9848346710205078
1183702 4.000425338745117
1183702 6.003618240356445
1183662 21.032094955444336
1183647 2.9883384704589844
1183647 4.000186920166016
1183621 5.003213882446289
1183603 1.0008811950683594
1183599 2.001047134399414
1183599 8.005619049072266
1183587 6.006479263305664
1183524 19.0122127532959
1183524 8.004426956176758
1183524 2.004384994506836
1183524 6.002187728881836
1183524 20.01500129699707
1183524 24.016618728637695
1183524 2.000093460083008
1183524 5.006551742553711
1183524 19.0122127532959
1183524 3.002643585205078
1183524 30.01999855041504
1183524 29.021501541137695
1183472 23.017168045043945
1183472 3.0014514923095703
1183472 15.012025833129883
1183472 3.0012130737304688
1183440 5.003452301025391
1183440 5.003690719604492
1183440 23.030519485473633
1183426 5.003929138183594
1183426 21.015167236328125
1183426 1.0004043579101562
1183426 21.015405654907227
1183426 21.998882293701172
1183426 26.020050048828125
1183426 1.9996166229248047
1183400 2.001523971557617
1183397 2.001523971557617
1183397 8.022308349609375
1183321 3.0019283294677734
1183321 25.01845359802246
1183310 28.020143508911133
1183277 6.003618240356445
1183277 14.009237289428711
1183270 14.009475708007812
1183259 17.012357711791992
1183259 7.004737854003906
1183227 10.007619857788086
1183153 14.995336532592773
1183108 9.006023406982422
1183108 30.020952224731445
1183108 2.0008087158203125
1183108 8.007049560546875
1183044 14.012813568115234
1183039 23.01192283630371
1183024 16.01243019104004
1183024 12.007474899291992
1183018 26.019573211669922
1183018 9.006977081298828
1183010 0.9989738464355469
1182979 7.004737854003906
1182954 17.011642456054688
1182954 10.007858276367188
1182916 2.0012855529785156
1182916 1.0194778442382812
1182904 9.003877639770508
1182904 13.99540901184082
1182904 15.010833740234375
1182904 0.0
1182904 19.014358520507812
1182904 13.006210327148438
1182902 2.0012855529785156
1182891 7.005453109741211
1182880 4.003286361694336
1182880 0.0
1182880 26.018619537353516
1182879 1.0020732879638672
1182840 3.001689910888672
1182840 4.018306732177734
1182818 13.009309768676758
1182818 5.003213882446289
1182805 6.004810333251953
1182775 14.995336532592773
1182775 18.01156997680664
1182775 17.011404037475586
1182735 13.008832931518555
1182710 16.028165817260742
1182710 19.013166427612305
1182710 12.009143829345703
1182710 3.0024051666259766
1182710 38.0096435546875
1182708 27.02021598815918
1182708 29.019832611083984
1182686 28.02133560180664
1182686 22.016048431396484
1182686 82.05676078796387
1182675 16.01243019104004
1182675 34.02304649353027
1182590 0.0
1182556 2.0008087158203125
1182540 34.026384353637695
1182518 12.0086669921875
1182518 23.014307022094727
1182463 2.0020008087158203
1182453 5.002260208129883
1182417 36.02766990661621
1182417 40.02976417541504
1182395 31.01944923400879
1182395 15.011310577392578
1182395 25.01654624938965
1182341 8.003473281860352
1182341 10.005950927734375
1182325 2.001523971557617
1182325 17.012596130371094
1182289 3.0019283294677734
1182270 16.01099967956543
1182270 33.02192687988281
1182212 11.009454727172852
1182138 11.006355285644531
1182122 17.016172409057617
1182093 8.01849365234375
1182093 0.0
1182093 5.003213882446289
1182093 11.008262634277344
1182093 4.00233268737793
1182031 27.02164649963379
1182031 0.0
1182031 1.9998550415039062
1182022 30.02190589904785
1182008 1.9996166229248047
1181942 14.994382858276367
1181918 22.03202247619629
1181918 7.006406784057617
1181918 35.01009941101074
1181892 12.006521224975586
1181872 0.0
1181830 9.006500244140625
1181805 25.01654624938965
1181805 1.0025501251220703
1181758 1.001596450805664
1181747 22.03059196472168
1181732 14.992475509643555
1181732 20.03335952758789
1181718 3.9865970611572266
1181706 0.0
1181706 1.0008811950683594
1181685 22.01557159423828
1181685 5.00178337097168
1181685 17.998933792114258
1181666 8.002996444702148
1181666 15.010356903076172
1181666 8.02302360534668
1181656 8.005142211914062
1181620 15.996694564819336
1181620 8.005142211914062
1181609 16.01243019104004
1181609 0.9989738464355469
1181578 4.003286361694336
1181550 2.0008087158203125
1181495 10.083913803100586
1181492 17.99750328063965
1181492 11.013031005859375
1181492 3.9992332458496094
1181488 0.9999275207519531
1181488 3.002166748046875
1181488 4.002809524536133
1181488 1.0039806365966797
1181467 8.00323486328125
1181443 4.001379013061523
1181425 21.01731300354004
1181422 2.0008087158203125
1181422 21.012067794799805
1181422 18.01323890686035
1181412 29.019832611083984
1181408 9.008407592773438
1181408 14.009714126586914
1181408 7.004737854003906
1181408 25.033235549926758
1181408 2.0008087158203125
1181405 13.008832931518555
1181334 17.012357711791992
1181334 3.0024051666259766
1181334 2.001047134399414
1181334 9.990692138671875
1181331 8.005619049072266
1181331 6.00433349609375
1181331 13.011693954467773
1181288 13.006925582885742
1181288 17.0135498046875
1181270 11.006832122802734
1181259 19.029617309570312
1181259 5.992412567138672
1181247 28.032779693603516
1181247 38.02800178527832
1181239 36.008358001708984
1181205 0.9975433349609375
1181205 0.0
1181205 9.006023406982422
1181171 25.019168853759766
1181168 12.005329132080078
1181151 0.0
1181151 12.0086669921875
1181151 4.021167755126953
1181109 38.02752494812012
1181109 14.007806777954102
1181088 1.0013580322265625
1181087 5.990266799926758
1181087 24.0328311920166
1181087 0.9992122650146484
1181049 4.001855850219727
1181049 1.9879341125488281
1181049 0.9989738464355469
1181032 10.007381439208984
1181016 3.0024051666259766
1180953 7.004261016845703
1180947 5.019664764404297
1180937 4.002809524536133
1180908 29.023408889770508
1180883 5.00178337097168
1180850 1.9998550415039062
1180832 14.995098114013672
1180829 23.017168045043945
1180783 21.01421356201172
1180783 2.0003318786621094
1180758 10.120868682861328
1180711 8.011817932128906
1180705 2.001523971557617
1180705 16.013383865356445
1180676 4.00090217590332
1180660 3.0014514923095703
1180660 15.011072158813477
1180660 16.026020050048828
1180660 3.002166748046875
1180660 30.020952224731445
1180660 1.001119613647461
1180639 0.9996891021728516
1180639 1.0004043579101562
1180639 1.001596450805664
1180594 12.992143630981445
11882.812976837158