73514 152.11081504821777
73457 1.4874935150146484
73431 2.0151138305664062
73431 4.501819610595703
73431 2.001047134399414
73406 1.0008811950683594
73404 0.5002021789550781
73392 4.002809524536133
73392 0.0
73385 0.0
73324 5.504131317138672
73307 1.0008811950683594
73307 0.48232078552246094
73278 2.5196075439453125
73276 2.4836063385009766
73270 1.0180473327636719
73270 5.003690719604492
73270 1.0008811950683594
73215 2.4857521057128906
73209 2.500772476196289
73209 2.0024776458740234
73209 0.0
73209 0.99945068359375
73196 5.506038665771484
73196 0.5009174346923828
73119 1.0004043579101562
73072 0.0
73072 6.01959228515625
73028 0.49996376037597656
73028 1.0004043579101562
73028 4.488229751586914
73028 2.0170211791992188
73028 6.987333297729492
73016 5.020618438720703
73014 0.5006790161132812
73009 0.0
72994 1.0004043579101562
72969 0.0
72926 0.0
72900 4.987239837646484
72897 1.5172958374023438
72880 2.0012855529785156
72868 4.002809524536133
72793 4.503726959228516
72793 5.504131317138672
72793 0.49948692321777344
72793 7.506132125854492
72724 1.500844955444336
72724 0.5002021789550781
72724 5.003690719604492
72698 0.5002021789550781
72641 0.0
72641 0.5006790161132812
72616 2.0020008087158203
72591 3.9877891540527344
72591 6.018638610839844
72576 5.003690719604492
72576 1.0001659393310547
72576 0.5009174346923828
72576 4.002809524536133
72569 0.5006790161132812
72530 4.00233268737793
72487 1.001119613647461
72483 3.4856796264648438
72483 3.0057430267333984
72466 1.9981861114501953
72466 9.006023406982422
72466 6.020784378051758
72463 0.5011558532714844
72463 6.987810134887695
72462 0.5002021789550781
72462 4.00233268737793
72435 0.0
72435 6.004571914672852
72432 3.0014514923095703
72432 4.503488540649414
72395 4.002809524536133
72395 1.5010833740234375
72384 5.003213882446289
72384 2.5022029876708984
72353 1.0004043579101562
72353 1.501321792602539
72311 1.5010833740234375
72311 5.005598068237305
72311 1.5027523040771484
72282 4.498720169067383
72233 2.5043487548828125
72233 5.003690719604492
72196 2.001047134399414
72160 5.504369735717773
72111 0.0
72111 0.49948692321777344
72058 0.0
72058 2.001523971557617
72058 6.00433349609375
72021 3.502368927001953
72021 2.501964569091797
72003 1.501321792602539
72003 0.0
71985 0.5002021789550781
71985 5.50389289855957
71912 0.0
71896 3.5026073455810547
71896 6.018877029418945
71896 0.5002021789550781
71862 1.9862651824951172
71821 4.503488540649414
71821 5.504131317138672
71799 2.5014877319335938
71780 1.0008811950683594
71766 5.003690719604492
71728 1.0001659393310547
71711 1.0027885437011719
71711 4.501581192016602
71672 4.002809524536133
71672 5.518913269042969
71666 3.0019283294677734
71666 1.0008811950683594
71636 4.5032501220703125
71636 2.4871826171875
71636 7.004499435424805
71636 0.0
71636 1.0006427764892578
71632 2.5010108947753906
71618 6.004810333251953
71618 0.0
71604 0.0
71598 1.5010833740234375
71598 0.5002021789550781
71533 0.5004405975341797
71489 2.5031566619873047
71479 6.006956100463867
71479 4.002809524536133
71479 5.503654479980469
71479 4.503488540649414
71479 0.5004405975341797
71479 1.501321792602539
71469 0.5002021789550781
71469 0.5002021789550781
71431 2.0012855529785156
71431 5.504131317138672
71431 1.5010833740234375
71431 3.549814224243164
71430 2.501249313354492
71424 6.002902984619141
71424 1.0020732879638672
71412 0.5002021789550781
71403 6.504535675048828
71400 1.0004043579101562
71399 3.0024051666259766
71399 4.002809524536133
71370 3.5021305084228516
71370 0.0
71370 1.0004043579101562
71370 5.003690719604492
71360 0.0
71360 2.5017261505126953
71348 0.0
71328 1.001119613647461
71324 3.5026073455810547
71298 4.503011703491211
71287 2.0020008087158203
71287 0.9999275207519531
71283 1.5010833740234375
71283 4.002809524536133
71283 0.0
71267 3.0019283294677734
71255 3.5016536712646484
71228 0.5006790161132812
71205 2.001523971557617
71191 0.5002021789550781
71191 1.5010833740234375
71189 0.99945068359375
71184 0.0
71184 3.0024051666259766
71134 5.503416061401367
71134 0.5006790161132812
71112 2.5017261505126953
71112 1.0004043579101562
71112 6.505012512207031
71104 0.0
71104 2.0008087158203125
71102 2.50244140625
71102 6.004095077514648
71095 6.00433349609375
71095 1.0004043579101562
71095 2.5017261505126953
71095 0.5006790161132812
71094 7.5054168701171875
71068 3.0193328857421875
71009 2.0020008087158203
71009 1.0004043579101562
70998 1.5010833740234375
70998 1.5001296997070312
70998 4.002809524536133
70998 4.002809524536133
70962 5.003929138183594
70935 1.0004043579101562
70923 0.5002021789550781
70889 2.5017261505126953
70889 2.9914379119873047
70872 0.0
70861 1.0123252868652344
70837 6.989479064941406
70837 0.5011558532714844
70776 0.9999275207519531
70776 1.0006427764892578
70776 5.503654479980469
70776 1.5017986297607422
70747 4.503011703491211
70747 3.5021305084228516
70747 4.503488540649414
70738 4.00233268737793
70738 1.0008811950683594
70703 1.001119613647461
70664 4.002094268798828
70664 0.5009174346923828
70664 0.5002021789550781
70664 0.0
70664 5.50389289855957
70656 2.501964569091797
70610 5.504369735717773
70610 0.5009174346923828
70610 0.499725341796875
70609 1.5010833740234375
70599 1.501321792602539
70599 0.9999275207519531
70599 3.003358840942383
70583 2.0003318786621094
70583 1.0004043579101562
70583 1.0008811950683594
70583 2.001523971557617
70583 0.5002021789550781
70559 0.5006790161132812
70559 0.0
70559 2.5022029876708984
70559 0.0
70485 1.5001296997070312
70485 1.0008811950683594
70485 5.001306533813477
70485 7.008552551269531
70470 3.499746322631836
70464 1.5006065368652344
70460 2.5017261505126953
70460 5.503416061401367
70433 0.5011558532714844
70413 6.005764007568359
70363 5.502462387084961
70353 4.003763198852539
70263 3.5028457641601562
70263 1.0006427764892578
70247 0.5011558532714844
70205 6.504297256469727
70188 5.501985549926758
70188 4.004478454589844
70131 0.5006790161132812
70113 6.003618240356445
70100 0.5009174346923828
70095 4.002809524536133
70095 5.504131317138672
70086 0.0
70050 5.048274993896484
70050 6.003856658935547
70050 4.002809524536133
70040 0.5002021789550781
70017 2.5014877319335938
70017 5.0048828125
69979 1.5006065368652344
69956 5.504608154296875
69956 0.5013942718505859
69955 3.000020980834961
69955 0.5009174346923828
69955 3.0007362365722656
69909 4.001855850219727
69882 2.5014877319335938
69882 2.001523971557617
69804 5.504846572875977
69774 3.002166748046875
69774 6.00433349609375
69747 0.0
69747 2.500772476196289
69747 5.50532341003418
69726 5.002260208129883
69726 5.504131317138672
69726 1.0004043579101562
69726 0.5006790161132812
69708 0.5002021789550781
69690 6.004810333251953
69690 1.5010833740234375
69690 2.002239227294922
69672 4.00233268737793
69650 0.5178451538085938
69650 2.0008087158203125
69650 5.4874420166015625
69628 2.5177001953125
69628 5.489826202392578
69628 4.517078399658203
69628 2.0012855529785156
69578 2.5014877319335938
69578 3.002643585205078
69578 3.99017333984375
69578 3.5140514373779297
69578 0.5002021789550781
69545 2.5017261505126953
69545 2.0017623901367188
69545 5.9909820556640625
69545 0.99945068359375
69537 5.502939224243164
69537 1.0004043579101562
69537 5.519866943359375
69529 0.0
69529 5.488872528076172
69529 1.501321792602539
69526 0.5006790161132812
69500 0.5002021789550781
69500 5.003690719604492
69480 1.0006427764892578
69480 4.000425338745117
69458 1.0006427764892578
69458 4.003286361694336
69458 0.0
69457 0.9999275207519531
69429 6.005764007568359
69417 5.018949508666992
69397 1.501321792602539
69397 0.0
69388 3.5026073455810547
69388 0.48422813415527344
69382 5.508661270141602
69382 6.554126739501953
69377 0.499725341796875
69377 5.504131317138672
69367 0.5002021789550781
69330 6.004095077514648
69330 0.5009174346923828
69330 0.5002021789550781
69323 1.0004043579101562
69323 4.003286361694336
69311 4.5032501220703125
69311 2.0020008087158203
69279 7.987737655639648
69270 2.001047134399414
69270 0.5004405975341797
69270 0.0
69270 5.020618438720703
69270 3.5026073455810547
69244 6.003618240356445
69240 5.504131317138672
69240 3.5033226013183594
69240 4.4879913330078125
69203 0.5002021789550781
69203 6.504297256469727
69201 3.5026073455810547
69201 6.00433349609375
69190 1.5010833740234375
69184 4.002809524536133
69184 1.500844955444336
69184 1.5010833740234375
69180 7.019758224487305
69147 5.504369735717773
69147 4.988670349121094
69147 2.0012855529785156
69144 0.5013942718505859
69144 6.003618240356445
69125 3.0028820037841797
69109 0.5002021789550781
69109 6.502389907836914
69109 2.001523971557617
69070 8.504629135131836
69045 1.0020732879638672
69045 0.4992485046386719
69036 0.5011558532714844
69033 3.5016536712646484
69033 0.5035400390625
69033 1.0013580322265625
69033 6.002902984619141
69033 3.502368927001953
69033 3.0019283294677734
69033 4.002809524536133
69033 4.501581192016602
69033 1.5006065368652344
69033 6.5059661865234375
69033 4.502534866333008
69033 1.0006427764892578
69021 2.5014877319335938
69011 3.5021305084228516
68999 1.001119613647461
68990 1.0001659393310547
68972 4.002809524536133
68972 7.5054168701171875
68972 7.0056915283203125
68972 5.519866943359375
68970 3.503561019897461
68962 6.004095077514648
68954 5.003929138183594
68954 0.5240440368652344
68954 5.023002624511719
68940 1.001119613647461
68940 1.9834041595458984
68940 1.0013580322265625
68884 2.504110336303711
68874 2.5000572204589844
68867 6.5059661865234375
68831 0.5006790161132812
68807 6.004095077514648
68807 5.50389289855957
68807 3.503084182739258
68777 0.9999275207519531
68776 4.002809524536133
68763 3.001689910888672
68737 0.5009174346923828
68729 6.002664566040039
68707 2.0024776458740234
68707 0.5006790161132812
68661 0.0
68641 1.0004043579101562
68641 1.501321792602539
68629 0.0
68611 4.503726959228516
68611 2.5010108947753906
68611 1.501321792602539
68611 2.5167465209960938
68596 3.002166748046875
68596 5.503654479980469
68596 6.505489349365234
68588 5.002737045288086
68588 5.487680435180664
68574 2.5017261505126953
68556 2.001523971557617
68556 0.0
68556 3.003358840942383
68556 0.5009174346923828
68556 2.9990673065185547
68556 1.0004043579101562
68551 3.0019283294677734
68551 3.0024051666259766
68551 0.0
68544 7.507562637329102
68544 0.499725341796875
68514 5.003213882446289
68514 2.5017261505126953
68486 3.5026073455810547
68471 1.0004043579101562
68471 1.501321792602539
68469 0.5006790161132812
68461 1.0004043579101562
68461 0.0
68441 3.0019283294677734
68441 0.0
68419 0.5018711090087891
68348 5.505561828613281
68348 1.5001296997070312
68346 3.0024051666259766
68346 3.0014514923095703
68323 6.501913070678711
68303 1.5032291412353516
68303 0.5002021789550781
68303 0.5006790161132812
68257 2.5010108947753906
68257 4.5013427734375
68250 6.00743293762207
68246 3.0019283294677734
68246 6.002664566040039
68246 2.5010108947753906
68213 3.0007362365722656
68213 0.5006790161132812
68213 2.5017261505126953
68189 3.0024051666259766
68181 1.5001296997070312
68140 4.002809524536133
68140 0.0
68140 8.00466537475586
68137 5.003213882446289
68137 7.508277893066406
68128 8.003473281860352
68128 6.505489349365234
68123 11.00921630859375
68074 1.9996166229248047
68067 0.499725341796875
68067 0.5009174346923828
68067 1.0004043579101562
68037 4.00233268737793
68037 0.5023479461669922
68037 3.0014514923095703
68012 0.5004405975341797
68003 2.501964569091797
67985 0.4982948303222656
67982 0.0
67982 5.004405975341797
67968 0.5004405975341797
67945 0.5006790161132812
67922 2.501249313354492
67922 10.507822036743164
67922 4.503488540649414
67922 5.503416061401367
67919 2.5026798248291016
67919 1.5003681182861328
67899 5.003929138183594
67899 6.50334358215332
67886 1.0013580322265625
67886 1.0025501251220703
67886 1.0004043579101562
67885 5.503177642822266
67885 9.006023406982422
67860 2.5010108947753906
67860 1.001119613647461
67860 5.003690719604492
67860 3.0019283294677734
67830 4.0035247802734375
67827 0.5006790161132812
67800 3.5021305084228516
67800 1.5006065368652344
67800 2.001523971557617
67800 2.5022029876708984
67800 0.5006790161132812
67800 3.5021305084228516
67800 0.0
67787 5.505800247192383
67787 3.500699996948242
67787 0.5030632019042969
67787 0.9999275207519531
67786 4.500150680541992
67744 6.504535675048828
67723 3.5037994384765625
67717 0.0
67717 0.9987354278564453
67717 6.006479263305664
67717 5.504131317138672
67704 3.001689910888672
67704 0.9973049163818359
67704 5.003213882446289
67686 0.5002021789550781
67680 4.503726959228516
67680 0.5009174346923828
67680 2.5014877319335938
67680 1.5006065368652344
67671 0.5044937133789062
67662 0.9973049163818359
67662 1.5001296997070312
67653 2.503633499145508
67642 2.5017261505126953
67614 5.003213882446289
67614 1.5017986297607422
67609 0.9999275207519531
67609 0.0
67609 3.0028820037841797
67609 3.5016536712646484
67552 1.4979839324951172
67523 0.5023479461669922
67523 0.5002021789550781
67521 5.503416061401367
67521 1.5006065368652344
67521 0.0
67521 3.5033226013183594
67521 0.49948692321777344
67513 0.0
67464 3.0031204223632812
67430 3.0019283294677734
67430 1.5177726745605469
67430 1.0004043579101562
67424 0.5009174346923828
67424 1.0004043579101562
67413 2.9861927032470703
67413 1.5001296997070312
67409 2.5017261505126953
67406 1.5017986297607422
67385 3.001689910888672
67352 0.5002021789550781
67328 2.501249313354492
67326 4.020214080810547
67315 0.499725341796875
67269 0.5006790161132812
67247 2.001523971557617
67246 0.0
67229 0.5006790161132812
67229 3.0024051666259766
67229 0.4990100860595703
67203 3.5026073455810547
67203 0.5009174346923828
67137 4.003286361694336
67137 3.001689910888672
67110 3.0019283294677734
67110 0.5002021789550781
67110 1.001119613647461
67110 3.001689910888672
67110 1.5020370483398438
67098 6.003618240356445
67098 4.002809524536133
67098 0.5009174346923828
67098 0.5002021789550781
67074 0.499725341796875
67047 1.0013580322265625
67047 0.0
66974 3.9849281311035156
66961 1.506805419921875
66951 2.4983882904052734
66951 3.0024051666259766
66902 3.002166748046875
66891 1.9993782043457031
66891 4.504203796386719
66891 7.503271102905273
66891 0.5028247833251953
66891 0.0
66865 1.0166168212890625
66810 2.5010108947753906
66747 3.485441207885742
66747 0.5006790161132812
66714 3.5195350646972656
66688 2.483844757080078
66663 2.5022029876708984
66655 0.499725341796875
66655 2.9997825622558594
66655 1.486063003540039
66655 1.0175704956054688
66655 3.485441207885742
66655 0.5011558532714844
66655 1.500844955444336
66644 0.0
66623 7.006645202636719
66607 1.0008811950683594
66607 0.5011558532714844
66607 5.503416061401367
66589 4.503011703491211
66577 5.003213882446289
66577 0.5009174346923828
66577 0.5016326904296875
66539 4.501581192016602
66510 2.0017623901367188
66506 0.0
66505 6.00123405456543
66505 3.505229949951172
66482 1.0004043579101562
66482 3.5049915313720703
66482 0.9958744049072266
66482 3.5026073455810547
66482 5.521535873413086
66482 1.0013580322265625
66468 0.9825229644775391
66461 4.002809524536133
66461 6.489276885986328
66461 4.002809524536133
66461 1.501321792602539
66431 5.501747131347656
66421 5.504608154296875
66413 3.5016536712646484
66413 4.020214080810547
66391 5.9871673583984375
66391 2.0017623901367188
66391 2.017498016357422
66391 0.48613548278808594
66385 2.5167465209960938
66381 3.9894580841064453
66357 1.4984607696533203
66357 0.5023479461669922
66357 5.517482757568359
66350 1.500844955444336
66310 0.0
66310 3.001689910888672
66272 1.5015602111816406
66262 0.0
66262 2.501964569091797
66252 5.003452301025391
66238 7.488727569580078
66238 7.021903991699219
66215 0.5002021789550781
66215 2.0012855529785156
66215 0.0
66190 2.001047134399414
66182 2.50244140625
66182 0.5004405975341797
66181 0.9837150573730469
66095 5.520343780517578
66095 0.5006790161132812
66095 3.0019283294677734
66095 0.0
66095 0.0
66069 1.500844955444336
66063 0.0
66051 7.491827011108398
66045 2.5005340576171875
66045 0.0
66045 2.5162696838378906
66032 4.503488540649414
66028 1.0008811950683594
66007 0.0
66007 9.006977081298828
66000 0.5002021789550781
65990 1.0001659393310547
65990 5.989789962768555
65959 0.0
65959 1.001119613647461
65918 2.5010108947753906
65918 0.5002021789550781
65918 0.5002021789550781
65892 4.503726959228516
65874 0.5002021789550781
65874 5.002737045288086
65861 2.517223358154297
65861 0.5002021789550781
65856 4.002809524536133
65856 0.5006790161132812
65815 1.500844955444336
65801 2.5022029876708984
65753 5.486726760864258
65747 4.506349563598633
65747 3.0012130737304688
65747 2.5014877319335938
65747 0.0
65747 5.518198013305664
65747 5.003690719604492
65745 5.504131317138672
65733 2.985239028930664
65731 1.0008811950683594
65731 0.0
65721 3.0193328857421875
65721 1.5003681182861328
65721 0.5004405975341797
65721 0.5004405975341797
65721 1.0013580322265625
65717 0.499725341796875
65688 6.487369537353516
65679 2.001523971557617
65675 6.006479263305664
65675 3.5026073455810547
65675 0.0
65669 4.503011703491211
65669 0.0
65669 3.5037994384765625
65669 2.0003318786621094
65669 0.5006790161132812
65669 7.004976272583008
65660 1.0001659393310547
65660 0.5002021789550781
65644 2.5031566619873047
65644 3.5011768341064453
65594 2.0012855529785156
65594 0.0
65593 5.504131317138672
65556 2.0012855529785156
65556 0.0
65556 1.0004043579101562
65556 0.0
65556 0.0
65548 5.002260208129883
65548 6.021022796630859
65548 0.5002021789550781
65541 3.0012130737304688
65541 4.503726959228516
65541 0.5004405975341797
65541 2.485036849975586
65523 3.0019283294677734
65523 0.5006790161132812
65483 2.501249313354492
65483 1.0008811950683594
65483 1.0004043579101562
65483 1.5015602111816406
65483 0.0
65483 4.004716873168945
65449 1.5158653259277344
65449 5.503416061401367
65413 0.5009174346923828
65409 0.5011558532714844
65409 5.503416061401367
65352 2.485036849975586
65352 0.0
65349 6.504058837890625
65349 1.5010833740234375
65293 1.0004043579101562
65276 1.0025501251220703
65260 0.9989738464355469
65260 2.0017623901367188
65256 1.0006427764892578
65223 4.503488540649414
65223 3.5021305084228516
65223 0.0
65223 2.5184154510498047
65223 0.5018711090087891
65223 0.0
65205 2.5005340576171875
65179 4.503488540649414
65159 0.499725341796875
65159 4.003286361694336
65159 4.503011703491211
65159 2.0017623901367188
65154 0.0
65154 2.5017261505126953
65154 0.5006790161132812
65144 4.00233268737793
65120 0.5006790161132812
65120 3.9873123168945312
65120 0.0
65114 1.0178089141845703
65114 3.0014514923095703
65114 0.5006790161132812
65114 3.0019283294677734
65114 0.5002021789550781
65096 0.5006790161132812
65096 1.0023117065429688
65092 3.500699996948242
65092 1.4879703521728516
65073 1.9981861114501953
65037 1.5025138854980469
65011 1.9989013671875
65002 3.519773483276367
65002 1.001119613647461
65002 2.001523971557617
65002 1.5010833740234375
65002 0.5004405975341797
64973 0.49996376037597656
64952 1.001119613647461
64925 0.5006790161132812
64925 1.501321792602539
64908 2.0012855529785156
64908 1.0004043579101562
64905 3.487110137939453
64879 3.017902374267578
64879 0.5006790161132812
64879 0.0
64879 2.501249313354492
64836 1.5010833740234375
64836 1.501321792602539
64827 1.4843940734863281
64809 1.5003681182861328
64805 0.0
64801 5.504369735717773
64747 2.000570297241211
64736 1.0008811950683594
64736 0.5002021789550781
64736 3.5026073455810547
64736 0.0
64736 1.5010833740234375
64736 0.5013942718505859
64736 3.0035972595214844
64714 1.0004043579101562
64714 0.5002021789550781
64714 1.001119613647461
64714 0.5002021789550781
64714 2.5014877319335938
64714 0.5009174346923828
64684 0.5002021789550781
64680 1.0004043579101562
64680 3.0028820037841797
64680 1.5006065368652344
64666 0.5002021789550781
64655 0.5002021789550781
64651 0.0
64651 3.016948699951172
64651 2.5017261505126953
64651 0.4830360412597656
64651 0.5178451538085938
64642 1.0013580322265625
64642 2.501249313354492
64642 0.5011558532714844
64629 0.49948692321777344
64629 2.001523971557617
64577 2.4862289428710938
64577 2.5174617767333984
64577 3.001689910888672
64485 0.0
64485 0.49948692321777344
64457 0.0
64437 2.5014877319335938
64425 2.002716064453125
64401 1.5048980712890625
64401 0.9965896606445312
64401 0.0
64394 2.5017261505126953
64379 1.0004043579101562
64379 2.001523971557617
64330 0.9837150573730469
64330 1.0180473327636719
64330 0.9999275207519531
64330 0.5013942718505859
64330 1.5001296997070312
64295 1.0008811950683594
64295 1.5022754669189453
64295 1.9998550415039062
64295 2.485513687133789
64295 1.0008811950683594
64288 0.5004405975341797
64277 0.5002021789550781
64277 3.5042762756347656
64248 1.501321792602539
64248 1.0008811950683594
64220 1.5006065368652344
64220 1.0008811950683594
64218 0.5004405975341797
64187 0.5006790161132812
64187 1.4996528625488281
64185 0.5173683166503906
64171 0.499725341796875
64171 0.499725341796875
64151 1.0008811950683594
64151 2.5022029876708984
64151 2.0012855529785156
64151 1.500844955444336
64142 0.5002021789550781
64142 3.4852027893066406
64133 5.5217742919921875
64133 1.9831657409667969
64133 2.019166946411133
64133 1.0004043579101562
64112 3.9861202239990234
64112 1.0006427764892578
64112 0.0
64112 0.5011558532714844
64112 0.4992485046386719
64112 0.5006790161132812
64062 0.0
64062 2.001523971557617
64062 2.502918243408203
64055 0.49948692321777344
64055 2.0017623901367188
64055 0.5002021789550781
64051 0.0
64045 2.500772476196289
64045 2.0012855529785156
64037 0.5009174346923828
63983 1.5015602111816406
63980 3.001689910888672
63969 2.0012855529785156
63969 0.5006790161132812
63907 2.5010108947753906
63893 0.0
63893 1.5017986297607422
63893 1.500844955444336
63893 3.5200119018554688
63893 0.48422813415527344
63893 0.499725341796875
63877 2.5022029876708984
63828 1.5015602111816406
63811 0.0
63803 3.5173892974853516
63803 4.0035247802734375
63803 0.499725341796875
63803 1.5010833740234375
63803 1.001119613647461
63803 0.9839534759521484
63803 1.0178089141845703
63803 0.499725341796875
63803 0.0
63803 1.5001296997070312
63767 1.5010833740234375
63742 1.001119613647461
63701 3.503084182739258
63679 2.0003318786621094
63660 1.0013580322265625
63660 0.9849071502685547
63660 1.499176025390625
63660 1.0180473327636719
63660 1.0004043579101562
63660 2.001523971557617
63618 0.9858608245849609
63618 1.5025138854980469
63618 1.0006427764892578
63610 1.001119613647461
63585 0.499725341796875
63573 0.0
63573 3.5004615783691406
63573 2.0177364349365234
63532 1.0001659393310547
63532 1.500844955444336
63532 2.001523971557617
63532 0.5006790161132812
63532 0.5006790161132812
63499 3.487110137939453
63476 3.5009384155273438
63474 5.502939224243164
63459 0.5002021789550781
63456 2.5014877319335938
63454 3.0052661895751953
63431 0.5006790161132812
63431 0.499725341796875
63431 1.0008811950683594
63427 2.502918243408203
63419 0.5006790161132812
63413 2.0003318786621094
63368 1.0004043579101562
63368 1.0008811950683594
63368 1.0006427764892578
63355 0.5004405975341797
63355 0.5004405975341797
63336 0.5004405975341797
63307 0.5002021789550781
63285 1.0008811950683594
63285 1.0004043579101562
63255 0.5009174346923828
63239 2.5014877319335938
63239 1.0001659393310547
63239 1.5015602111816406
63239 0.5002021789550781
63235 0.5002021789550781
63235 1.0008811950683594
63235 1.001119613647461
63235 3.002166748046875
63235 0.5004405975341797
63235 0.499725341796875
63202 0.9999275207519531
63188 4.003763198852539
63188 1.0008811950683594
63188 0.5002021789550781
2389.8112773895264