4175 6.019830703735352
4175 0.0
4172 0.5052089691162109
4130 0.0
4130 0.0
4129 0.4982948303222656
4122 0.0
4100 0.0
4100 0.5011558532714844
4098 0.0
4091 0.0
4058 0.5002021789550781
4058 0.0
3993 0.0
3968 0.0
3950 0.0
3938 0.49996376037597656
3938 0.0
3938 0.0
3937 0.0
3921 0.0
3921 0.5002021789550781
3921 0.0
3897 0.0
3897 0.0
3888 0.5009174346923828
3888 0.0
3885 0.0
3864 0.0
3864 0.49996376037597656
3864 0.0
3864 0.5011558532714844
3864 0.0
3858 0.0
3858 0.499725341796875
3858 0.0
3858 0.0
3806 0.5006790161132812
3806 0.0
3769 0.0
3757 0.0
3721 0.5011558532714844
3721 0.0
3714 0.0
3714 0.4992485046386719
3714 0.0
3712 0.0
3712 0.5002021789550781
3712 0.0
3704 0.0
3704 0.5006790161132812
3704 0.0
3704 0.0
3697 0.0
3613 0.0
3613 0.5002021789550781
3588 0.5002021789550781
3584 0.0
3567 0.0
3544 0.0
3532 0.5004405975341797
3520 0.0
3520 0.0
3496 0.0
3495 0.5002021789550781
3495 0.0
3481 0.0
3481 0.5006790161132812
3481 0.0
3481 0.0
3469 0.0
3469 0.0
3469 0.0
3469 0.5002021789550781
3469 0.0
3464 0.0
3464 0.0
3458 0.0
3446 0.0
3446 0.0
3446 0.5002021789550781
3422 0.0
3405 0.0
3403 0.0
3403 0.0
3403 0.0
3403 0.0
3399 0.5006790161132812
3397 0.0
3396 0.0
3396 0.0
3359 0.5009174346923828
3359 0.0
3348 0.0
3348 0.0
3335 0.5002021789550781
3335 0.0
3335 0.0
3335 0.0
3323 0.5002021789550781
3323 0.0
3323 0.0
3323 0.0
3323 0.0
3323 0.0
3282 0.5002021789550781
3273 0.0
3273 0.0
3262 0.0
3262 0.5002021789550781
3262 0.0
3262 0.0
3262 0.0
3259 0.5002021789550781
3259 0.0
3257 0.0
3257 0.5011558532714844
3257 0.5037784576416016
3241 0.0
3241 0.0
3241 0.0
3241 0.0
3241 0.4990100860595703
3221 0.0
3221 0.0
3221 0.0
3221 0.49948692321777344
3218 0.0
3215 0.0
3205 0.0
3189 0.5006790161132812
3184 0.0
3184 0.0
3184 0.0
3184 0.0
3184 0.0
3184 0.0
3184 0.0
3184 0.5006790161132812
3169 0.0
3169 0.0
3169 0.49948692321777344
3169 0.0
3169 0.0
3169 0.0
3169 0.0
3169 0.499725341796875
3169 0.0
3168 0.0
3168 0.0
3154 0.5013942718505859
3154 0.0
3154 0.5009174346923828
3154 0.4982948303222656
3154 0.5030632019042969
3115 0.0
3113 0.4992485046386719
3102 0.0
3102 0.0
3097 0.0
3097 0.49948692321777344
3097 0.0
3033 0.0
3033 0.0
3033 0.0
3033 0.5004405975341797
3020 0.0
3020 0.0
3020 0.0
3018 0.5002021789550781
3009 0.0
3009 0.0
3007 0.5002021789550781
3000 0.0
3000 0.0
3000 0.0
3000 0.0
3000 0.0
3000 0.49996376037597656
3000 0.0
3000 0.0
2993 0.0
2993 0.5002021789550781
2993 0.0
2981 0.0
2981 0.0
2981 0.5011558532714844
2981 0.5002021789550781
2981 0.0
2956 0.49996376037597656
2956 0.0
2950 0.0
2950 0.5004405975341797
2950 0.0
2950 0.5006790161132812
2939 0.0
2939 0.0
2939 0.0
2921 0.49996376037597656
2921 0.0
2921 0.0
2921 0.4982948303222656
2910 0.5016326904296875
2910 0.0
2888 0.0
2888 0.0
2883 0.5030632019042969
2883 0.0
2883 0.4992485046386719
2883 0.0
2883 0.5006790161132812
2883 0.0
2883 0.0
2883 0.5002021789550781
2880 0.5002021789550781
2880 0.0
2880 0.0
2880 0.5002021789550781
2874 0.0
2874 0.0
2874 0.0
2874 0.5002021789550781
2874 0.0
2874 0.0
2874 0.0
2865 0.0
2865 0.5009174346923828
2865 0.0
2846 0.5002021789550781
2846 0.0
2815 0.0
2810 0.5002021789550781
2810 0.0
2810 0.0
2810 0.0
2810 0.5006790161132812
2810 0.0
2810 0.0
2810 0.9999275207519531
2810 0.0
2810 0.0
2809 0.5018711090087891
2809 0.0
2809 0.499725341796875
2809 0.0
2809 0.0
2809 0.0
2809 0.0
2805 0.0
2805 0.0
2805 0.5006790161132812
2805 0.0
2805 0.0
2805 0.5002021789550781
2801 0.0
2801 0.0
2801 0.5002021789550781
2801 0.0
2778 0.0
2778 0.0
2762 0.5006790161132812
2762 0.0
2762 0.0
2762 0.5002021789550781
2762 0.0
2762 0.0
2762 0.5002021789550781
2743 0.0
2743 0.0
2743 0.0
2743 0.5002021789550781
2720 0.0
2713 0.0
2713 0.5004405975341797
2713 0.0
2711 0.0
2700 0.0
2700 0.0
2700 0.0
2681 0.5002021789550781
2681 0.0
2678 0.0
2678 0.0
2678 0.5006790161132812
2676 0.0
2676 0.0
2676 0.5002021789550781
2676 0.0
2676 0.5013942718505859
2676 0.0
2676 0.0
2676 0.0
2676 0.4990100860595703
2676 0.0
2676 0.0
2676 0.0
2671 0.0
2651 0.0
2651 0.5002021789550781
2651 0.0
2651 0.0
2651 0.5152225494384766
2651 0.0
2651 0.0
2643 0.0
2628 0.5006790161132812
2628 0.0
2628 0.0
2628 0.0
2628 0.499725341796875
2626 0.0
2585 0.0
2585 0.5002021789550781
2574 0.48470497131347656
2574 0.5030632019042969
2553 0.4990100860595703
2553 0.0
2511 0.5023479461669922
2511 0.0
2511 0.4963874816894531
2511 0.5013942718505859
2505 0.5006790161132812
2491 0.0
2491 0.0
2491 0.5176067352294922
2474 0.0
2474 0.0
2474 0.4992485046386719
2474 0.0
2456 0.49948692321777344
2456 0.0
2456 0.0
2456 0.0
2456 0.5006790161132812
2456 0.0
2456 0.0
2456 0.0
2456 0.0
2456 0.5002021789550781
2456 0.0
2456 0.0
2456 0.0
2456 0.48351287841796875
2456 0.0
2456 0.0
2456 0.5173683166503906
2445 0.0
2445 0.0
2445 0.0
2445 0.5004405975341797
2428 0.0
2420 0.0
2409 0.0
2409 0.4849433898925781
2404 0.0
2401 0.0
2401 0.5156993865966797
2401 0.0
2398 0.0
2398 0.49996376037597656
2398 0.0
2398 0.0
2398 0.5002021789550781
2383 0.0
2381 0.0
2381 0.0
2381 0.0
2378 0.0
2378 0.0
2378 0.5009174346923828
2378 0.0
2373 0.0
2373 0.5002021789550781
2373 0.0
2373 0.0
2373 0.0
2373 0.0
2373 0.5004405975341797
2373 0.0
2373 0.0
2373 0.0
2370 0.499725341796875
2358 0.0
2358 0.0
2351 0.0
2337 0.5011558532714844
2317 0.0
2313 0.0
2313 0.499725341796875
2313 0.0
2313 0.0
2304 0.5004405975341797
2304 0.0
2304 0.0
2304 0.0
2304 0.5004405975341797
2300 0.0
2300 0.0
2300 0.0
2300 0.5002021789550781
2300 0.0
2300 0.0
2300 0.4870891571044922
2300 0.0
2300 0.5137920379638672
2300 0.0
2251 0.0
2246 0.0
2246 0.0
2246 0.5004405975341797
2241 0.0
2234 0.0
2234 0.0
2231 0.5006790161132812
2224 0.0
2224 0.0
2224 0.48232078552246094
2223 0.0
2223 0.0
2223 0.5180835723876953
2223 0.0
2223 0.0
2223 0.0
2223 0.5002021789550781
2213 0.4851818084716797
2213 0.0
2213 0.5011558532714844
2213 0.0
2213 0.49805641174316406
2213 0.0
2213 0.0
2213 0.0
2213 0.499725341796875
2213 0.0
2208 0.0
2208 0.5006790161132812
2199 0.0
2199 0.0
2199 0.0
2199 0.0
2199 0.5002021789550781
2199 0.0
2199 0.0
2199 0.5002021789550781
2199 0.0
2199 0.5002021789550781
2187 0.0
2147 0.0
2136 0.0
2136 0.0
2136 0.5002021789550781
2136 0.0
2136 0.5006790161132812
2136 0.0
2136 0.0
2136 0.0
2136 0.0
2124 0.5002021789550781
2124 0.0
2112 0.0
2098 0.5004405975341797
2098 0.0
2098 0.0
2091 0.0
2091 0.5006790161132812
2091 0.0
2083 0.0
2083 0.5004405975341797
2074 0.0
2071 0.0
2071 0.49996376037597656
2071 0.0
2071 0.0
2069 0.0
2069 0.5002021789550781
2069 0.0
2069 0.5002021789550781
2069 0.0
2069 0.0
2069 0.0
2059 0.5009174346923828
2059 0.0
2059 0.0
2059 0.0
2059 0.0
2059 0.0
2059 0.499725341796875
2041 0.0
2041 0.0
2035 0.5002021789550781
2035 0.0
2035 0.0
2035 0.5006790161132812
2035 0.0
2035 0.0
2035 0.0
2035 0.5002021789550781
2035 0.0
2035 0.0
2035 0.0
2035 0.5002021789550781
2035 0.0
2035 0.0
2035 0.5004405975341797
2035 0.0
2035 0.0
1989 0.5004405975341797
1989 0.0
1989 0.0
1989 0.5016326904296875
1989 0.0
1978 0.0
1978 0.5002021789550781
1978 0.0
1976 0.0
1969 0.499725341796875
1969 0.0
1969 0.0
1969 0.0
1969 0.0
1969 0.49996376037597656
1969 0.0
1969 0.0
1969 0.0
1969 0.5004405975341797
1969 0.0
1969 0.0
1969 0.5013942718505859
1969 0.0
1961 0.0
1961 0.4992485046386719
1954 0.0
1954 0.0
1954 0.5006790161132812
1954 0.0
1954 0.5002021789550781
1954 0.0
1944 0.0
1944 0.5002021789550781
1944 0.0
1935 0.0
1935 0.0
1935 0.5002021789550781
1922 0.0
1922 0.0
1918 0.0
1918 0.5006790161132812
1918 0.0
1918 0.0
1915 0.5002021789550781
1915 0.0
1915 0.5002021789550781
1913 0.0
1894 0.0
1894 0.0
1884 0.49996376037597656
1884 0.0
1884 0.0
1879 0.5011558532714844
1879 0.0
1879 0.0
1879 0.5016326904296875
1879 0.0
1879 0.5173683166503906
1879 0.0
1879 0.499725341796875
1879 0.0
1879 0.0
1879 0.0
1879 0.0
1879 0.4992485046386719
1879 0.0
1879 0.0
1879 0.0
1879 0.5006790161132812
1877 0.0
1877 0.0
1877 0.0
1873 0.0
1870 0.0
1868 0.5004405975341797
1868 0.0
1868 0.0
1847 0.5011558532714844
1847 0.0
1836 0.0
1836 0.4992485046386719
1836 0.0
1836 0.0
1836 0.0
1836 0.5002021789550781
1836 0.0
1834 0.0
1834 0.5002021789550781
1832 0.0
1822 0.0
1822 0.0
1822 0.5011558532714844
1822 0.0
1818 0.0
1818 0.0
1818 0.0
1818 0.5002021789550781
1814 0.0
1813 0.0
1813 0.0
1813 0.499725341796875
1807 0.0
1807 0.0
1793 0.48422813415527344
1780 0.0
1780 0.0
1780 0.5173683166503906
1767 0.0
1767 0.48828125
1767 0.0
1767 0.49495697021484375
1765 0.0
1765 0.5011558532714844
1762 0.0
1762 0.5171298980712891
1762 0.0
1762 0.5002021789550781
1757 0.0
1757 0.0
1757 0.0
1747 0.5004405975341797
1747 0.0
1747 0.5006790161132812
1740 0.0
1740 0.0
1735 0.49948692321777344
1735 0.0
1735 0.0
1735 0.5004405975341797
1735 0.5002021789550781
1735 0.0
1728 0.0
1728 0.0
1728 0.0
1728 0.0
1728 0.5011558532714844
1728 0.0
1722 0.0
1722 0.0
1722 0.0
1709 0.499725341796875
1709 0.0
1706 0.5002021789550781
1706 0.0
1706 0.0
1705 0.5002021789550781
1705 0.0
1705 0.0
1705 0.0
1705 0.0
1705 0.0
1704 0.5009174346923828
1698 0.0
1698 0.0
1698 0.5002021789550781
1692 0.0
1692 0.0
1692 0.0
1692 0.5006790161132812
1692 0.0
1692 0.5002021789550781
1692 0.0
1692 0.0
1692 0.4832744598388672
1692 0.0
1692 0.0
1686 0.0
1682 0.0
1682 0.0
1682 0.5171298980712891
1682 0.0
1679 0.5009174346923828
1679 0.0
1673 0.5002021789550781
1673 0.0
1673 0.0
1673 0.5011558532714844
1673 0.0
1660 0.49877166748046875
1645 0.0
1645 0.0
1645 0.0
1643 0.0
1633 0.0
1633 0.5011558532714844
1633 0.0
1633 0.0
1633 0.5002021789550781
1633 0.0
1629 0.0
1629 0.0
1627 0.5002021789550781
1616 0.0
1616 0.0
1616 0.0
1616 0.0
1616 0.0
1616 0.5002021789550781
1610 0.0
1610 0.0
1610 0.5009174346923828
1610 0.0
1610 0.0
1598 0.4820823669433594
1598 0.0
1598 0.0
1598 0.5013942718505859
1598 0.0
1598 0.0
1598 0.0
1598 0.4990100860595703
1598 0.0
1598 0.0
1598 0.5004405975341797
1597 0.0
1577 0.0
1577 0.5013942718505859
1577 0.0
1577 0.0
1577 0.49877166748046875
1577 0.0
1577 0.0
1577 0.5002021789550781
1577 0.0
1574 0.0
1570 0.0
1570 0.5011558532714844
1570 0.0
1570 0.0
1570 0.0
1570 0.49996376037597656
1570 0.0
1565 0.0
1565 0.0
1565 0.0
1565 0.5002021789550781
1565 0.0
1565 0.0
1562 0.5004405975341797
1562 0.0
1562 0.0
1562 0.0
1562 0.0
1556 0.5002021789550781
1556 0.0
1556 0.0
1556 0.0
1556 0.49996376037597656
1556 0.0
1556 0.0
1556 0.5009174346923828
1553 0.0
1553 0.0
1553 0.5004405975341797
1546 0.0
1546 0.0
1546 0.0
1546 0.0
1546 0.5004405975341797
1546 0.0
1546 0.0
1546 0.0
1544 0.0
1544 0.0
1544 0.5002021789550781
1544 0.0
1544 0.0
1544 0.0
1544 0.0
1544 0.0
1544 0.5002021789550781
1544 0.0
1544 0.5006790161132812
1544 0.0
1544 0.0
1544 0.0
1544 0.5009174346923828
1544 0.0
1544 0.0
1544 0.5002021789550781
1544 0.0
1541 0.0
1541 0.0
1541 0.5002021789550781
1541 0.0
1541 0.0
1541 0.0
1541 0.0
1541 0.5002021789550781
1541 0.0
1541 0.0
1538 0.0
1538 0.5002021789550781
1538 0.0
1538 0.0
1538 0.0
1534 0.5002021789550781
1534 0.0
1534 0.0
1534 0.0
1534 0.5002021789550781
1534 0.0
1534 0.0
1534 0.0
1534 0.5006790161132812
1534 0.0
1534 0.0
1534 0.0
1534 0.0
1534 0.0
1534 0.0
1534 0.5002021789550781
1534 0.0
1534 0.0
1534 0.5002021789550781
1529 0.5018711090087891
1529 0.5011558532714844
1529 0.0
1529 0.0
1494 0.499725341796875
1494 0.0
1494 0.5002021789550781
1494 0.0
1494 0.0
1494 0.4992485046386719
1494 0.0
1483 0.0
1483 0.0
1483 0.5002021789550781
1483 0.0
1483 0.0
1483 0.0
1483 0.0
1478 0.5002021789550781
1470 0.0
1467 0.5023479461669922
1467 0.0
1462 0.0
1462 0.5166530609130859
1462 0.0
1462 0.0
1462 0.0
1462 0.0
1462 0.0
1462 0.499725341796875
1462 0.0
1462 0.5006790161132812
1456 0.0
1456 0.0
1456 0.0
1452 0.49948692321777344
1452 0.0
1452 0.0
1452 0.5002021789550781
1452 0.0
1452 0.0
1452 0.0
1452 0.0
1452 0.0
1452 0.49996376037597656
1452 0.0
1452 0.0
1452 0.49948692321777344
1452 0.0
1452 0.0
1452 0.5004405975341797
1452 0.0
1452 0.0
1452 0.0
1443 0.4830360412597656
1443 0.0
1443 0.0
1441 0.5016326904296875
1437 0.0
1437 0.0
1429 0.5164146423339844
1429 0.0
1429 0.5004405975341797
1429 0.0
1429 0.0
1421 0.0
1421 0.5002021789550781
1421 0.0
1421 0.0
1421 0.5004405975341797
1421 0.0
1421 0.0
1421 0.5006790161132812
1421 0.0
1421 0.5002021789550781
1421 0.0
1421 0.0
1421 0.5002021789550781
1421 0.0
1421 0.5011558532714844
1421 0.0
1421 0.0
1421 0.0
1421 0.499725341796875
1421 0.0
1421 0.0
1421 0.0
1421 0.0
1421 0.5006790161132812
1421 0.0
1421 0.0
1421 0.4851818084716797
1421 0.0
1420 0.49948692321777344
1416 0.0
1416 0.4992485046386719
1416 0.0
1416 0.0
1416 0.5002021789550781
1416 0.0
1416 0.5009174346923828
1416 0.0
1416 0.49996376037597656
1416 0.0
1416 0.0
1416 0.0
1416 0.5002021789550781
1416 0.0
1414 0.0
1413 0.5002021789550781
1413 0.0
1413 0.0
1413 0.5011558532714844
1413 0.0
1413 0.0
1413 0.49948692321777344
1413 0.0
1413 0.5002021789550781
1413 0.0
1413 0.5049705505371094
1413 0.514984130859375
1413 0.0
1413 0.0
1386 0.4811286926269531
1386 0.0
1386 0.0
1386 0.0
1386 0.0
1386 0.5006790161132812
1377 0.0
1377 0.0
1377 0.5006790161132812
1377 0.0
1377 0.0
1377 0.0
1377 0.49996376037597656
1377 0.0
1353 1.5022754669189453
1353 0.9992122650146484
1353 0.0
1353 1.0006427764892578
1353 0.49996376037597656
1353 0.0
1353 1.0013580322265625
1353 0.5002021789550781
1352 0.0
1352 0.0
1352 0.5011558532714844
1352 0.0
1352 0.5173683166503906
1352 0.0
1352 0.48613548278808594
1351 0.5002021789550781
1351 0.0
1351 0.0
1351 0.0
1351 0.0
1351 0.4992485046386719
1351 0.0
1347 0.0
1347 0.0
1343 0.5002021789550781
1343 0.0
1327 0.0
1327 0.5009174346923828
1327 0.0
1327 0.0
1327 0.0
1327 0.0
1327 0.0
1327 0.0
1327 0.0
1327 0.0
1327 0.5013942718505859
1327 0.0
1327 0.0
1327 0.0
1327 0.4990100860595703
1327 0.0
1327 0.0
151.6096591949463