145716 433.38894844055176
145702 5.002260208129883
145684 1.5006065368652344
145651 4.00233268737793
145648 6.506919860839844
145606 4.003047943115234
145583 3.0019283294677734
145554 2.0020008087158203
145554 3.0012130737304688
145554 3.519773483276367
145541 0.5002021789550781
145532 6.487846374511719
145532 3.5026073455810547
145482 3.001689910888672
145473 1.0004043579101562
145471 0.5009174346923828
145471 1.0004043579101562
145471 0.5002021789550781
145420 2.0024776458740234
145420 1.4996528625488281
145420 0.5011558532714844
145409 0.0
145409 2.5022029876708984
145367 0.9999275207519531
145367 0.5006790161132812
145333 3.504514694213867
145297 1.0004043579101562
145265 0.5002021789550781
145261 7.020235061645508
145261 2.5022029876708984
145261 1.0004043579101562
145261 5.50389289855957
145261 3.5021305084228516
145241 3.5026073455810547
145237 4.485845565795898
145235 1.504659652709961
145214 0.5156993865966797
145205 0.99945068359375
145205 6.988525390625
145195 2.5010108947753906
145181 4.0035247802734375
145166 4.019498825073242
145153 6.004095077514648
145142 4.003047943115234
145142 2.5022029876708984
145142 12.493133544921875
145142 0.9992122650146484
145137 1.001119613647461
145131 7.0056915283203125
145131 0.5006790161132812
145078 1.001119613647461
145059 1.0004043579101562
145059 1.0154247283935547
145049 7.005214691162109
145019 2.0020008087158203
145019 1.001596450805664
145019 0.9992122650146484
145019 1.5010833740234375
145019 1.5010833740234375
145014 1.5010833740234375
145006 5.505084991455078
144978 5.002737045288086
144957 6.504535675048828
144953 2.0012855529785156
144953 6.504535675048828
144943 0.9863376617431641
144943 5.501031875610352
144920 3.0188560485839844
144920 2.5014877319335938
144920 4.5032501220703125
144920 4.002809524536133
144920 4.987478256225586
144919 1.5168190002441406
144919 8.007049560546875
144878 0.0
144878 1.4998912811279297
144796 2.4874210357666016
144796 9.02104377746582
144796 4.503011703491211
144796 0.0
144773 2.5010108947753906
144773 2.001523971557617
144749 6.5059661865234375
144715 0.0
144691 0.48470497131347656
144658 4.502296447753906
144624 1.5006065368652344
144610 1.989126205444336
144610 0.9965896606445312
144584 3.019094467163086
144557 3.9856433868408203
144524 4.019737243652344
144524 1.0008811950683594
144524 1.5006065368652344
144524 2.001523971557617
144517 1.5017986297607422
144489 4.002809524536133
144485 1.5006065368652344
144485 0.5006790161132812
144454 3.0019283294677734
144454 2.0024776458740234
144445 7.992744445800781
144370 4.014730453491211
144353 2.5014877319335938
144353 1.501321792602539
144314 4.003047943115234
144238 6.004095077514648
144238 2.5017261505126953
144236 0.5002021789550781
144236 1.5010833740234375
144220 4.5032501220703125
144209 1.5015602111816406
144209 0.499725341796875
144188 9.491682052612305
144168 7.020235061645508
144110 2.5017261505126953
144110 3.502368927001953
144110 1.0004043579101562
144066 3.0024051666259766
144066 6.504535675048828
144066 6.505012512207031
144066 0.98419189453125
144066 1.0175704956054688
144046 0.9999275207519531
144046 1.5017986297607422
144039 3.0028820037841797
144029 0.499725341796875
144029 4.00233268737793
144029 6.504535675048828
144028 1.5006065368652344
144014 4.004478454589844
143966 6.987333297729492
143966 2.5017261505126953
143966 2.0008087158203125
143966 1.5027523040771484
143966 0.99945068359375
143966 0.0
143899 2.5017261505126953
143899 0.0
143848 4.503011703491211
143848 2.001523971557617
143848 4.5013427734375
143832 2.001047134399414
143832 0.5011558532714844
143832 2.5022029876708984
143832 3.0007362365722656
143832 5.005598068237305
143832 5.002737045288086
143818 1.5017986297607422
143816 5.002737045288086
143805 0.9999275207519531
143795 0.5002021789550781
143795 1.0008811950683594
143792 1.501321792602539
143792 1.5177726745605469
143792 3.0019283294677734
143737 1.0008811950683594
143737 6.4868927001953125
143708 2.0012855529785156
143634 3.520965576171875
143623 0.5002021789550781
143574 1.9850730895996094
143574 3.0019283294677734
143521 2.001047134399414
143521 5.003929138183594
143505 5.003213882446289
143483 5.50389289855957
143483 5.505084991455078
143458 7.521390914916992
143458 4.001855850219727
143415 0.5006790161132812
143410 0.4875659942626953
143410 0.5002021789550781
143384 0.5137920379638672
143384 0.9853839874267578
143384 4.002809524536133
143384 0.0
143382 4.00233268737793
143363 0.5002021789550781
143363 2.001523971557617
143342 3.5026073455810547
143342 7.520198822021484
143336 5.491018295288086
143336 6.5174102783203125
143336 2.9845237731933594
143336 2.5010108947753906
143336 1.5020370483398438
143336 3.0045509338378906
143326 1.5006065368652344
143304 3.0024051666259766
143304 2.501964569091797
143282 1.500844955444336
143257 0.0
143257 5.002260208129883
143257 0.5011558532714844
143257 6.020545959472656
143219 1.0132789611816406
143219 3.0019283294677734
143213 4.002809524536133
143191 0.5002021789550781
143191 5.4874420166015625
143191 1.5017986297607422
143158 2.0003318786621094
143147 3.503084182739258
143147 3.503084182739258
143136 3.5009384155273438
143136 7.022619247436523
143136 1.501321792602539
143132 0.0
143132 0.0
143132 5.003213882446289
143132 3.0024051666259766
143127 0.5002021789550781
143127 1.0004043579101562
143127 5.988121032714844
143118 4.506826400756836
143101 0.9982585906982422
143085 6.502866744995117
143085 3.503084182739258
143085 4.506826400756836
143076 6.016731262207031
143076 2.5017261505126953
143076 7.005214691162109
143076 4.9877166748046875
143023 2.0170211791992188
143005 6.505489349365234
143005 4.502534866333008
143005 3.5028457641601562
142985 0.4870891571044922
142985 6.52003288269043
142985 1.9989013671875
142985 4.003286361694336
142985 3.503561019897461
142967 2.485990524291992
142967 3.0014514923095703
142967 3.5026073455810547
142967 1.5010833740234375
142929 5.003213882446289
142929 5.00178337097168
142906 2.001523971557617
142862 4.503011703491211
142845 5.522489547729492
142828 4.5013427734375
142828 0.5006790161132812
142828 1.0006427764892578
142828 0.0
142819 3.5026073455810547
142772 7.491350173950195
142699 6.003141403198242
142671 1.5010833740234375
142671 3.0031204223632812
142667 0.9999275207519531
142664 4.51970100402832
142664 4.984378814697266
142662 1.001596450805664
142624 6.522178649902344
142572 3.0014514923095703
142564 0.5009174346923828
142560 4.002571105957031
142543 2.0008087158203125
142543 2.503633499145508
142519 3.4835338592529297
142519 2.0198822021484375
142519 3.4856796264648438
142511 4.019260406494141
142493 0.499725341796875
142493 6.987571716308594
142489 6.005048751831055
142459 6.505012512207031
142459 3.5011768341064453
142448 4.003763198852539
142448 6.503820419311523
142448 1.501321792602539
142428 6.504297256469727
142428 7.006645202636719
142428 0.499725341796875
142402 4.502534866333008
142385 2.0012855529785156
142385 6.004810333251953
142385 3.001689910888672
142363 1.500844955444336
142363 0.5006790161132812
142362 7.004737854003906
142362 3.5026073455810547
142360 1.001119613647461
142360 4.002571105957031
142317 1.0006427764892578
142308 1.0004043579101562
142308 2.5022029876708984
142308 3.5104751586914062
142299 2.498149871826172
142263 2.5157928466796875
142263 0.9829998016357422
142263 2.0177364349365234
142256 2.001523971557617
142256 2.501964569091797
142256 4.502534866333008
142256 1.9845962524414062
142239 6.5059661865234375
142239 6.003141403198242
142239 3.002166748046875
142187 1.5010833740234375
142187 0.5002021789550781
142119 1.0020732879638672
142119 1.0004043579101562
142119 0.5009174346923828
142119 0.9999275207519531
142111 3.001689910888672
142111 3.0024051666259766
142111 2.001523971557617
142111 0.5006790161132812
142105 6.003618240356445
142105 1.001119613647461
142105 6.006002426147461
142088 0.9999275207519531
142088 5.50389289855957
142061 4.504680633544922
142032 6.50477409362793
141994 5.002498626708984
141994 6.505727767944336
141961 4.501104354858398
141961 1.5010833740234375
141952 0.5004405975341797
141907 9.506940841674805
141894 1.0004043579101562
141894 5.504131317138672
141888 2.5005340576171875
141888 5.003929138183594
141888 4.002809524536133
141888 2.501964569091797
141853 2.001523971557617
141853 3.0019283294677734
141816 6.50477409362793
141788 7.005453109741211
141788 2.5017261505126953
141788 8.50534439086914
141788 7.504940032958984
141788 4.002809524536133
141788 1.0001659393310547
141788 8.507251739501953
141764 1.4996528625488281
141764 5.003690719604492
141764 6.004810333251953
141764 5.503416061401367
141759 0.5035400390625
141743 3.999948501586914
141733 2.001523971557617
141719 2.0020008087158203
141719 4.502534866333008
141719 0.0
141695 0.0
141677 5.504131317138672
141657 0.49996376037597656
141657 4.002094268798828
141649 4.002809524536133
141639 1.501321792602539
141603 1.0025501251220703
141597 2.5000572204589844
141562 2.0012855529785156
141562 2.5017261505126953
141562 6.505489349365234
141562 1.501321792602539
141562 1.500844955444336
141562 3.000974655151367
141534 4.0035247802734375
141484 0.9999275207519531
141484 0.5002021789550781
141484 0.0
141466 4.002571105957031
141422 0.5030632019042969
141418 1.9998550415039062
141418 4.002809524536133
141403 0.5009174346923828
141403 4.503488540649414
141403 3.0019283294677734
141403 6.003618240356445
141403 0.499725341796875
141387 4.003286361694336
141387 7.005929946899414
141359 5.005359649658203
141359 2.0003318786621094
141359 0.5013942718505859
141293 4.518270492553711
141293 5.488395690917969
141293 4.503011703491211
141200 1.501321792602539
141164 2.0012855529785156
141141 0.5006790161132812
141138 7.503032684326172
141138 1.0001659393310547
141127 0.5009174346923828
141112 7.0056915283203125
141045 5.503416061401367
141045 0.9999275207519531
141045 6.004810333251953
141045 2.0008087158203125
141045 5.006313323974609
141031 0.5002021789550781
141031 2.5014877319335938
141031 2.5026798248291016
141029 2.501249313354492
141029 1.5010833740234375
141026 1.0004043579101562
141026 0.0
141026 1.501321792602539
141026 1.5006065368652344
141026 2.0012855529785156
140990 3.5011768341064453
140990 3.5016536712646484
140970 4.004716873168945
140970 1.501321792602539
140960 0.4990100860595703
140938 1.001119613647461
140938 6.020545959472656
140895 4.503965377807617
140869 1.48773193359375
140869 4.500865936279297
140863 4.518270492553711
140851 8.00633430480957
140847 5.5027008056640625
140847 0.5011558532714844
140847 0.49996376037597656
140828 1.001596450805664
140827 0.9996891021728516
140792 0.9877681732177734
140777 4.517078399658203
140777 3.5021305084228516
140723 5.50389289855957
140718 2.0012855529785156
140718 2.4862289428710938
140718 0.9987354278564453
140718 7.00688362121582
140718 1.9996166229248047
140699 1.48773193359375
140699 5.516767501831055
140682 4.003763198852539
140674 6.003618240356445
140672 6.489992141723633
140672 6.003618240356445
140672 1.0008811950683594
140672 3.5026073455810547
140656 3.504037857055664
140614 0.99945068359375
140614 5.061626434326172
140614 2.0008087158203125
140614 2.002239227294922
140596 7.51948356628418
140564 6.988525390625
140564 0.9996891021728516
140488 2.50244140625
140470 1.5006065368652344
140470 4.5032501220703125
140470 7.006168365478516
140452 0.9999275207519531
140408 4.503011703491211
140403 4.503011703491211
140392 0.5006790161132812
140360 3.0014514923095703
140343 1.003265380859375
140343 1.5163421630859375
140343 4.002094268798828
140302 5.003929138183594
140301 1.483917236328125
140301 3.5047531127929688
140286 1.4996528625488281
140286 1.5010833740234375
140284 3.503084182739258
140265 14.01066780090332
140265 13.512134552001953
140245 1.5015602111816406
140213 5.500555038452148
140213 4.004240036010742
140194 0.9992122650146484
140194 2.0017623901367188
140194 0.499725341796875
140194 4.502058029174805
140194 6.006479263305664
140194 8.504867553710938
140185 6.005287170410156
140185 1.001596450805664
140185 6.002187728881836
140176 14.010906219482422
140176 5.0029754638671875
140174 12.508153915405273
140154 13.512372970581055
140114 3.0007362365722656
140111 7.0037841796875
140060 11.008977890014648
140045 0.49805641174316406
140045 1.5027523040771484
140026 3.000497817993164
140026 7.505893707275391
140026 0.5002021789550781
140015 5.003690719604492
140015 1.501321792602539
140008 4.003286361694336
140008 1.5001296997070312
139997 2.002716064453125
139997 2.500295639038086
139986 3.5037994384765625
139986 4.001855850219727
139977 1.5006065368652344
139972 0.0
139972 3.003358840942383
139960 5.005598068237305
139946 3.0002593994140625
139946 0.49948692321777344
139905 2.5017261505126953
139905 3.503084182739258
139886 4.502058029174805
139886 4.503726959228516
139886 3.019571304321289
139876 2.5017261505126953
139876 5.005598068237305
139876 3.000020980834961
139876 2.0008087158203125
139800 2.50244140625
139786 0.4870891571044922
139786 3.5157203674316406
139772 5.991220474243164
139772 10.020017623901367
139761 1.0008811950683594
139749 6.003856658935547
139749 2.5014877319335938
139748 2.5022029876708984
139748 2.001523971557617
139748 0.0
139737 11.491537094116211
139694 49.53598976135254
139694 44.03066635131836
139694 39.53051567077637
139694 19.010305404663086
139677 40.02785682678223
139677 22.01557159423828
139677 31.020641326904297
139659 26.520967483520508
139659 44.52872276306152
139659 13.51022720336914
139659 43.52998733520508
139638 21.511554718017578
139599 39.029598236083984
139582 23.516416549682617
139582 30.503511428833008
139582 14.012336730957031
139582 7.503271102905273
139582 6.003618240356445
139582 1.5022754669189453
139527 1.5020370483398438
139489 0.4992485046386719
139489 1.0001659393310547
139489 3.002166748046875
139489 0.5004405975341797
139489 3.0019283294677734
139485 3.5021305084228516
139485 6.004810333251953
139477 2.5014877319335938
139458 3.5026073455810547
139458 6.021738052368164
139458 7.004737854003906
139458 5.003213882446289
139458 8.50677490234375
139458 2.0003318786621094
139436 1.001119613647461
139436 1.4870166778564453
139436 1.5158653259277344
139436 3.0012130737304688
139434 3.5026073455810547
139411 1.5020370483398438
139404 4.485130310058594
139382 1.5006065368652344
139378 3.520488739013672
139376 5.003929138183594
139367 0.9999275207519531
139332 2.0017623901367188
139332 5.988121032714844
139315 7.521152496337891
139296 1.5015602111816406
139296 2.485036849975586
139296 0.5176067352294922
139296 2.5010108947753906
139296 5.003452301025391
139296 1.5006065368652344
139296 6.505489349365234
139296 0.5002021789550781
139296 5.488395690917969
139296 4.002809524536133
139296 1.0006427764892578
139296 0.5006790161132812
139289 5.003213882446289
139230 0.0
139215 5.00178337097168
139206 1.500844955444336
139206 7.003307342529297
139197 3.0193328857421875
139180 0.5013942718505859
139162 1.5001296997070312
139162 0.98419189453125
139151 4.504680633544922
139151 6.519556045532227
139145 5.003213882446289
139145 1.001119613647461
139104 5.489110946655273
139095 4.518032073974609
139060 8.006095886230469
139060 2.5017261505126953
139007 0.9999275207519531
139007 3.0024051666259766
139007 3.50189208984375
138990 0.0
138990 2.0012855529785156
138984 2.5017261505126953
138984 1.0013580322265625
138984 0.499725341796875
138957 1.0018348693847656
138933 0.49948692321777344
138932 2.485513687133789
138932 1.0004043579101562
138932 3.0007362365722656
138913 4.506349563598633
138901 3.0028820037841797
138898 10.506391525268555
138898 0.5006790161132812
138880 0.9999275207519531
138876 5.005359649658203
138863 0.0
138850 6.504297256469727
138850 11.523246765136719
138843 11.508703231811523
138804 7.489681243896484
138804 4.501581192016602
138804 8.507013320922852
138792 9.005546569824219
138791 2.001523971557617
138780 2.000093460083008
138745 6.505012512207031
138716 1.501321792602539
138716 2.5017261505126953
138716 1.0004043579101562
138707 4.505157470703125
138707 5.504608154296875
138690 1.9996166229248047
138683 2.50244140625
138683 0.0
138683 8.00323486328125
138663 1.0008811950683594
138663 4.002094268798828
138655 0.5018711090087891
138655 8.506298065185547
138652 5.502939224243164
138652 1.500844955444336
138588 2.5043487548828125
138588 1.5153884887695312
138588 3.503084182739258
138588 2.984762191772461
138582 0.5009174346923828
138582 8.507013320922852
138582 8.506536483764648
138535 1.5001296997070312
138505 0.5006790161132812
138467 6.002664566040039
138467 2.5017261505126953
138454 4.503011703491211
138380 7.505893707275391
138371 2.0003318786621094
138349 7.005214691162109
138349 5.502462387084961
138349 6.004810333251953
138333 3.002643585205078
138331 8.005619049072266
138328 0.0
138305 4.00233268737793
138272 8.007049560546875
138249 5.003452301025391
138249 11.008739471435547
138249 0.49948692321777344
138249 2.0024776458740234
138249 0.4992485046386719
138194 2.0020008087158203
138182 1.5006065368652344
138137 5.50389289855957
138135 11.508703231811523
138111 8.005619049072266
138045 0.5002021789550781
138015 1.5010833740234375
137969 0.0
137969 3.0014514923095703
137969 1.5020370483398438
137966 1.5001296997070312
137966 9.508132934570312
137927 1.5006065368652344
137927 0.0
137891 7.505655288696289
137891 3.0012130737304688
137864 7.006168365478516
137834 7.006645202636719
137818 0.4992485046386719
137817 4.502058029174805
137794 0.0
137780 5.001306533813477
137756 5.003213882446289
137756 1.501321792602539
137740 7.007837295532227
137733 8.00633430480957
137733 0.0
137722 2.0008087158203125
137708 2.5017261505126953
137708 4.002094268798828
137684 5.504846572875977
137684 3.501415252685547
137684 9.005069732666016
137672 5.507230758666992
137623 2.9997825622558594
137586 3.5026073455810547
137586 5.0048828125
137586 5.50389289855957
137586 6.004095077514648
137586 3.0014514923095703
137586 0.0
137586 6.50477409362793
137570 0.0
137561 0.5002021789550781
137561 2.5017261505126953
137550 0.5002021789550781
137550 5.502462387084961
137515 2.001523971557617
137515 1.5006065368652344
137479 4.002809524536133
137479 2.5026798248291016
137479 2.5014877319335938
137479 2.5017261505126953
137479 3.003358840942383
137444 1.5003681182861328
137419 4.502773284912109
137419 7.005453109741211
137372 1.500844955444336
137312 3.000974655151367
137281 7.005453109741211
137266 1.0004043579101562
137266 2.5017261505126953
137266 2.0012855529785156
137266 4.504680633544922
137266 4.005670547485352
137266 5.501985549926758
137259 1.516103744506836
137254 3.0019283294677734
137254 5.003929138183594
137225 1.0004043579101562
137225 0.5006790161132812
137225 2.0012855529785156
137225 7.504940032958984
137203 2.0020008087158203
137203 1.4910697937011719
137203 1.5106201171875
137182 2.0017623901367188
137182 3.0019283294677734
137182 1.5015602111816406
137182 6.994485855102539
137182 2.4967193603515625
137136 6.00433349609375
137136 3.003358840942383
137136 2.998828887939453
137135 4.520416259765625
137135 2.5014877319335938
137135 2.5017261505126953
137135 7.005214691162109
137131 5.988121032714844
137130 1.5001296997070312
137130 0.5004405975341797
137120 5.503654479980469
137106 6.006479263305664
137106 3.0024051666259766
137084 3.502368927001953
137082 3.002166748046875
137082 5.003213882446289
137082 2.0003318786621094
137082 0.499725341796875
137082 1.0004043579101562
137082 0.0
137071 2.5014877319335938
137064 1.018524169921875
137064 4.4879913330078125
137064 1.5010833740234375
137064 2.5017261505126953
137064 0.0
137064 4.002809524536133
137064 3.5026073455810547
137064 3.50189208984375
137064 2.001523971557617
137040 2.0003318786621094
137040 11.524677276611328
137014 1.0004043579101562
137011 1.5010833740234375
137011 7.0056915283203125
137011 4.00233268737793
137011 2.5022029876708984
137011 0.0
137011 1.987457275390625
137011 2.0148754119873047
136989 8.993148803710938
136989 3.0002593994140625
136989 5.002498626708984
136988 3.503561019897461
136988 3.0012130737304688
136980 7.004737854003906
136980 3.5021305084228516
136980 3.003358840942383
136961 3.5049915313720703
136932 0.9989738464355469
136920 1.5015602111816406
136887 3.5026073455810547
136883 4.503011703491211
136883 6.003856658935547
136876 1.0008811950683594
136876 1.5006065368652344
136876 3.0024051666259766
136852 3.5026073455810547
136837 4.504919052124023
136812 2.5031566619873047
136812 6.500959396362305
136782 0.5011558532714844
136751 1.5020370483398438
136725 1.4994144439697266
136709 7.505655288696289
136703 3.5026073455810547
136698 2.5026798248291016
136698 2.5005340576171875
136694 7.503986358642578
136694 0.499725341796875
136694 4.002809524536133
136677 1.0008811950683594
136677 5.504131317138672
136677 6.004095077514648
136677 0.0
136666 1.0006427764892578
136657 5.003929138183594
136657 0.49996376037597656
136657 3.5026073455810547
136657 3.0035972595214844
136657 2.5000572204589844
136616 1.001119613647461
136600 2.0012855529785156
136600 3.0019283294677734
136600 5.003690719604492
136599 1.500844955444336
136599 7.004976272583008
136576 5.021333694458008
136576 7.990598678588867
136569 2.0008087158203125
136569 1.0008811950683594
136564 3.0024051666259766
136564 2.5017261505126953
136556 3.5026073455810547
136548 0.5002021789550781
136545 6.004095077514648
136545 1.501321792602539
136508 3.5026073455810547
136508 6.002902984619141
136508 6.004571914672852
136499 7.021903991699219
136499 2.501249313354492
136471 7.004499435424805
136459 6.987094879150391
136424 7.009029388427734
136398 2.9985904693603516
136382 6.004810333251953
136380 2.001047134399414
136364 6.505012512207031
136285 5.50389289855957
136285 3.5021305084228516
136273 1.5010833740234375
136271 4.008293151855469
136271 0.5133152008056641
136271 1.486063003540039
136271 2.4988651275634766
136228 3.001689910888672
136228 0.0
136228 0.5002021789550781
136228 0.5002021789550781
136228 6.50477409362793
136173 0.5006790161132812
136154 5.521297454833984
136154 6.505012512207031
136154 0.9999275207519531
136154 4.487276077270508
136154 1.5020370483398438
136154 5.003690719604492
136145 6.00433349609375
136130 3.0028820037841797
136130 0.9999275207519531
136130 5.503416061401367
136069 5.00178337097168
136069 1.0004043579101562
136048 2.5048255920410156
136032 0.9977817535400391
136032 1.5187263488769531
136032 2.000570297241211
136006 3.0019283294677734
136006 0.5002021789550781
135982 1.5010833740234375
135954 2.488374710083008
135954 3.5161972045898438
135954 0.0
135939 5.504369735717773
135918 7.504940032958984
135918 5.990505218505859
135918 0.4990100860595703
135888 1.9998550415039062
135888 4.002809524536133
135863 1.0004043579101562
135863 7.5054168701171875
135863 3.5026073455810547
135860 3.502368927001953
135845 3.003358840942383
135845 7.005214691162109
135818 2.0003318786621094
135808 5.50389289855957
135787 1.500844955444336
135763 1.5010833740234375
135733 1.5006065368652344
135648 1.001119613647461
135636 2.50244140625
135617 0.9999275207519531
135617 3.5021305084228516
135601 6.00433349609375
135601 4.003286361694336
135601 8.522748947143555
135601 0.0
135601 4.503488540649414
135601 3.5021305084228516
135601 4.002809524536133
135583 0.5002021789550781
135550 7.505655288696289
135542 2.0020008087158203
135542 0.499725341796875
135520 3.9870738983154297
135520 0.5164146423339844
135520 4.9896240234375
135520 3.0159950256347656
135520 1.0004043579101562
135520 4.503726959228516
135520 4.502534866333008
135520 4.502773284912109
135510 3.002166748046875
135505 2.9854774475097656
135437 1.5010833740234375
135424 3.5028457641601562
135417 8.021831512451172
135417 3.503561019897461
135417 7.005214691162109
135417 1.0004043579101562
135417 2.501964569091797
135417 2.002239227294922
135397 5.002498626708984
135397 3.0019283294677734
135397 7.005214691162109
135397 3.485441207885742
135363 4.503011703491211
135339 8.00776481628418
135339 0.9999275207519531
135339 2.5010108947753906
135326 7.004737854003906
135326 3.0024051666259766
135326 2.5043487548828125
135314 4.502534866333008
135314 0.0
135289 1.5006065368652344
135249 0.5006790161132812
135240 4.503011703491211
135208 0.5002021789550781
135176 1.001119613647461
135154 0.5006790161132812
135113 4.017353057861328
135113 0.5002021789550781
135113 6.003856658935547
135093 4.0035247802734375
135074 7.988691329956055
135039 4.502534866333008
135023 2.5017261505126953
135019 7.522821426391602
135010 2.5014877319335938
135001 1.501321792602539
135001 1.0008811950683594
134982 1.5006065368652344
134949 6.491661071777344
134931 2.5153160095214844
134931 4.503965377807617
134915 3.0014514923095703
134885 1.9855499267578125
134885 0.9992122650146484
134885 2.001523971557617
134885 6.50477409362793
134885 3.5190582275390625
134885 0.499725341796875
134885 8.989334106445312
134885 0.5002021789550781
134885 7.007598876953125
134858 2.4988651275634766
134846 2.501964569091797
134844 3.002166748046875
134844 1.501321792602539
134844 1.0006427764892578
3792.19913482666