458 0.5006790161132812
440 0.0
440 0.5156993865966797
413 0.0
413 0.0
395 0.0
373 0.0
354 0.0
354 0.0
352 0.0
350 0.49877166748046875
342 0.0
342 0.0
342 0.0
336 0.0
315 0.0
315 0.0
315 0.0
315 0.5011558532714844
307 0.0
303 0.0
303 0.0
303 0.0
280 0.0
280 0.0
261 0.0
261 0.0
261 0.0
260 0.5004405975341797
260 0.0
260 0.0
260 0.0
259 0.0
259 0.0
259 0.0
259 0.0
259 0.0
250 0.4832744598388672
250 0.0
250 0.0
248 0.0
239 0.0
239 0.0
239 0.0
239 0.0
239 0.0
239 0.0
239 0.0
239 0.0
239 0.0
239 0.0
237 0.484466552734375
237 0.0
237 0.0
237 0.5004405975341797
237 0.0
229 0.0
206 0.0
206 0.0
206 0.0
206 0.0
206 0.5168914794921875
206 0.0
206 0.0
197 0.0
197 0.0
196 0.0
196 0.0
196 0.0
196 0.0
196 0.499725341796875
196 0.0
196 0.0
196 0.0
196 0.0
196 0.0
188 0.0
188 0.0
188 0.0
188 0.0
188 0.0
188 0.0
188 0.5006790161132812
188 0.0
183 0.0
183 0.0
183 0.0
183 0.0
162 0.0
162 0.0
160 0.0
160 0.5004405975341797
160 0.0
160 0.0
160 0.0
160 0.0
160 0.0
160 0.0
156 0.0
156 0.0
156 0.0
156 0.0
156 0.5006790161132812
156 0.0
156 0.0
156 0.0
156 0.0
156 0.0
156 0.0
156 0.0
156 0.0
156 0.0
156 0.48661231994628906
156 0.0
152 0.0
152 0.0
152 0.0
152 0.0
152 0.0
152 0.0
152 0.0
152 0.0
152 0.0
152 0.5133152008056641
149 0.0
149 0.0
149 0.0
149 0.0
147 0.0
147 0.0
147 0.0
147 0.0
147 0.5006790161132812
147 0.0
147 0.0
147 0.0
147 0.0
140 0.0
140 0.0
140 0.0
127 0.0
127 0.0
127 0.5002021789550781
127 0.0
127 0.0
127 0.0
127 0.0
125 0.0
125 0.0
123 0.0
123 0.0
123 0.5006790161132812
123 0.0
123 0.0
116 0.0
116 0.0
114 0.0
114 0.0
114 0.0
114 0.0
114 0.0
114 0.499725341796875
114 0.0
114 0.0
114 0.0
114 0.0
114 0.0
114 0.0
114 0.0
114 0.0
114 0.5009174346923828
114 0.0
114 0.0
114 0.0
114 0.0
114 0.0
114 0.0
114 0.0
114 0.0
114 0.0
114 0.0
114 0.0
114 0.0
114 0.0
114 0.0
114 0.0
107 0.0
107 0.0
107 0.5002021789550781
107 0.0
107 0.0
107 0.0
100 0.0
100 0.0
100 0.0
100 0.0
100 0.0
100 0.0
97 0.0
97 0.5002021789550781
97 0.0
97 0.0
97 0.0
97 0.0
97 0.0
96 0.0
96 0.0
96 0.0
96 0.0
96 0.0
96 0.0
96 0.0
96 0.0
96 0.0
96 0.0
96 0.0
95 0.0
95 0.499725341796875
95 0.0
95 0.0
95 0.0
95 0.0
95 0.0
95 0.0
95 0.5002021789550781
95 0.0
91 0.0
91 0.0
87 0.0
87 0.0
87 0.0
87 0.0
87 0.0
87 0.5002021789550781
87 0.0
87 0.0
87 0.0
87 0.0
87 0.0
87 0.0
87 0.0
87 0.0
86 0.5013942718505859
86 0.0
86 0.0
82 0.0
80 0.0
80 0.0
80 0.0
80 0.0
80 0.0
80 0.0
80 0.499725341796875
80 0.0
80 0.0
80 0.0
80 0.0
80 0.0
80 0.0
80 0.0
80 0.0
80 0.0
76 0.5002021789550781
76 0.0
76 0.0
76 0.0
76 0.0
76 0.0
76 0.0
76 0.0
76 0.0
76 0.0
76 0.0
76 0.0
76 0.0
76 0.0
75 0.0
75 0.0
75 0.0
75 0.0
75 0.0
75 0.5006790161132812
75 0.0
75 0.0
75 0.0
75 0.0
75 0.0
75 0.0
75 0.0
75 0.499725341796875
75 0.0
75 0.0
75 0.0
72 0.0
72 0.0
72 0.0
72 0.0
72 0.48661231994628906
72 0.0
72 0.99945068359375
72 0.0
72 0.5013942718505859
72 0.0
72 0.0
72 0.0
72 0.0
72 0.0
72 0.0
72 0.4985332489013672
72 0.0
72 0.0
72 0.0
72 0.0
72 0.0
70 0.0
70 0.0
70 0.4992485046386719
70 0.0
70 0.0
70 0.0
70 0.0
70 0.0
70 0.0
70 0.0
70 0.0
70 0.5002021789550781
70 0.0
70 0.0
70 0.0
70 0.0
70 0.0
70 0.0
70 0.0
70 0.0
70 0.5002021789550781
70 0.0
70 0.0
70 0.0
70 0.0
70 0.0
70 0.0
70 0.0
70 0.0
70 0.5002021789550781
70 0.0
70 0.0
70 0.0
70 0.0
70 0.0
70 0.0
70 0.0
70 0.0
70 0.0
70 0.0
70 0.0
70 0.0
70 0.0
70 0.0
70 0.0
70 0.5002021789550781
68 0.0
68 0.0
68 0.0
68 0.0
68 0.0
68 0.0
68 0.0
68 0.0
68 0.5002021789550781
68 0.0
68 0.0
68 0.0
68 0.0
68 0.0
68 0.0
68 0.0
68 0.0
68 0.5002021789550781
68 0.0
68 0.0
68 0.0
68 0.0
68 0.0
68 0.0
68 0.0
68 0.0
68 0.0
68 0.5006790161132812
68 0.0
68 0.0
68 0.0
68 0.0
68 0.0
68 0.0
68 0.0
68 0.5002021789550781
68 0.0
68 0.0
68 0.0
68 0.0
68 0.0
68 0.0
68 0.0
68 0.0
68 0.5002021789550781
68 0.0
68 0.0
68 0.0
68 0.0
68 0.0
68 0.0
68 0.0
68 0.0
68 0.5002021789550781
68 0.0
68 0.0
68 0.0
68 0.0
68 0.0
68 0.0
68 0.0
68 0.5009174346923828
68 0.0
68 0.0
68 0.0
68 0.0
68 0.0
68 0.0
68 0.0
68 0.5002021789550781
68 0.0
68 0.0
68 0.0
68 0.0
68 0.0
68 0.0
68 0.5002021789550781
68 0.0
68 0.0
68 0.0
68 0.0
68 0.0
68 0.0
68 0.0
68 0.0
68 0.0
68 0.5006790161132812
68 0.0
68 0.0
68 0.0
68 0.0
68 0.0
68 0.5176067352294922
68 0.0
68 0.0
68 0.0
68 0.0
68 0.0
66 0.0
66 0.0
66 0.49948692321777344
66 0.0
66 0.0
65 0.0
65 0.0
65 0.0
65 0.0
65 0.0
65 0.0
65 0.0
65 0.5021095275878906
65 0.0
65 0.0
65 0.0
65 0.0
65 0.0
65 0.0
65 0.0
65 0.0
65 0.4990100860595703
65 0.0
65 0.0
65 0.0
65 0.0
65 0.0
65 0.0
65 0.0
65 0.0
65 0.0
65 0.5004405975341797
65 0.0
65 0.0
65 0.0
65 0.0
65 0.0
65 0.0
65 0.0
65 0.0
65 0.5004405975341797
65 0.0
65 0.0
65 0.0
65 0.0
65 0.0
65 0.0
65 0.0
64 0.0
64 0.0
64 0.5004405975341797
64 0.0
64 0.0
64 0.0
64 0.0
64 0.0
64 0.0
64 0.0
64 0.5011558532714844
64 0.0
64 0.0
64 0.0
64 0.0
64 0.0
64 0.0
64 0.0
63 0.4832744598388672
63 0.0
63 0.0
62 0.0
62 0.0
62 0.0
62 0.0
62 0.0
62 0.5171298980712891
62 0.0
62 0.0
62 0.0
62 0.0
62 0.0
62 0.0
62 0.0
61 0.0
61 0.0
61 0.0
61 0.499725341796875
61 0.0
61 0.0
61 0.0
61 0.0
61 0.0
61 0.0
61 0.0
61 0.0
61 0.0
61 0.5009174346923828
61 0.0
61 0.0
61 0.0
61 0.0
61 0.0
61 0.0
61 0.0
61 0.0
61 0.4992485046386719
61 0.0
61 0.0
61 0.0
61 0.0
61 0.0
61 0.0
61 0.0
61 0.0
61 0.0
61 0.5006790161132812
61 0.0
61 0.0
61 0.0
61 0.0
61 0.0
61 0.0
61 0.0
61 0.0
61 0.0
61 0.5016326904296875
61 0.0
60 0.0
60 0.0
60 0.0
60 0.0
60 0.0
60 0.0
60 0.0
60 0.0
60 0.0
60 0.0
60 0.0
60 0.0
60 0.0
60 0.5006790161132812
60 0.0
60 0.0
60 0.0
60 0.0
60 0.0
60 0.0
60 0.0
60 0.0
60 0.0
60 0.5002021789550781
60 0.0
60 0.0
60 0.0
60 0.0
60 0.0
60 0.0
60 0.0
59 0.0
59 0.5002021789550781
59 0.0
59 0.0
59 0.0
58 0.0
58 0.0
58 0.0
58 0.0
58 0.0
58 0.0
58 0.0
58 0.0
58 0.0
58 0.0
58 0.0
58 0.0
58 0.5018711090087891
58 0.0
58 0.0
58 0.0
58 0.0
58 0.0
58 0.5006790161132812
58 0.0
57 0.0
57 0.0
57 0.0
57 0.0
57 0.5004405975341797
57 0.0
57 0.0
57 0.0
57 0.0
57 0.0
57 0.0
57 0.0
57 0.0
57 0.0
57 0.4982948303222656
57 0.0
57 0.0
57 0.0
57 0.0
57 0.0
57 0.0
57 0.5013942718505859
57 0.0
57 0.0
57 0.0
57 0.0
57 0.0
57 0.49948692321777344
57 0.0
57 0.0
57 0.0
57 0.0
57 0.0
55 0.0
55 0.0
55 0.499725341796875
55 0.0
55 0.0
54 0.0
54 0.0
54 0.0
54 0.0
54 0.0
54 0.0
54 0.518798828125
54 0.0
54 0.0
54 0.0
54 0.0
54 0.0
54 0.0
54 0.0
54 0.0
54 0.0
54 0.4992485046386719
54 0.0
54 0.0
54 0.0
54 0.0
54 0.0
54 0.0
54 0.5006790161132812
54 0.0
54 0.0
54 0.0
54 0.0
54 0.0
54 0.0
54 0.0
54 0.0
54 0.0
54 0.5002021789550781
54 0.0
54 0.0
53 0.0
53 0.0
53 0.0
53 0.0
53 0.0
53 0.0
53 0.0
53 0.0
53 0.0
53 0.0
53 0.0
53 0.0
53 0.0
53 0.0
53 0.5002021789550781
53 0.0
53 0.0
53 0.0
53 0.0
53 0.0
53 0.0
53 0.0
53 0.0
53 0.5006790161132812
53 0.0
53 0.0
53 0.0
53 0.0
53 0.0
53 0.4837512969970703
53 0.0
53 0.0
53 0.0
51 0.0
51 0.0
51 0.0
51 0.0
51 0.5168914794921875
51 0.0
51 0.0
51 0.0
51 0.0
51 0.0
51 0.5006790161132812
51 0.0
51 0.0
51 0.0
51 0.0
51 0.0
51 0.48351287841796875
51 0.0
51 0.0
51 0.0
51 0.0
51 0.0
51 0.0
51 0.5173683166503906
51 0.0
51 0.0
51 0.0
51 0.0
51 0.48422813415527344
51 0.0
51 0.5021095275878906
51 0.0
51 0.0
51 0.0
51 0.0
51 0.0
51 0.4992485046386719
51 0.0
51 0.0
51 0.0
51 0.0
51 0.0
51 0.0
51 0.0
51 0.49877166748046875
51 0.0
51 0.0
51 0.0
51 0.0
51 0.0
51 0.0
51 0.0
51 0.5006790161132812
51 0.0
51 0.0
51 0.0
51 0.0
51 0.0
51 0.0
51 0.4990100860595703
51 0.0
51 0.0
51 0.0
51 0.0
51 0.0
51 0.0
51 0.0
51 0.5009174346923828
51 0.0
51 0.0
51 0.0
51 0.0
51 0.0
51 0.0
51 0.5173683166503906
51 0.0
51 0.0
51 0.0
51 0.0
51 0.5011558532714844
51 0.0
51 0.0
51 0.0
51 0.0
51 0.0
51 0.0
51 0.0
51 0.0
51 0.499725341796875
51 0.0
51 0.0
51 0.0
51 0.0
51 0.0
51 0.0
51 0.0
51 0.0
51 0.5002021789550781
51 0.0
50 0.0
50 0.0
50 0.0
49 0.0
49 0.0
49 0.5002021789550781
49 0.0
49 0.0
49 0.0
49 0.0
49 0.0
49 0.0
49 0.0
49 0.5009174346923828
49 0.0
49 0.0
49 0.0
49 0.0
49 0.0
49 0.0
49 0.0
48 0.5002021789550781
48 0.0
48 0.0
48 0.0
48 0.0
48 0.0
47 0.0
47 0.0
47 0.0
47 0.0
47 0.0
47 0.0
47 0.0
47 0.0
47 0.0
47 0.0
47 0.0
47 0.0
47 0.0
47 0.0
47 0.5006790161132812
47 0.0
47 0.0
47 0.0
47 0.0
47 0.0
47 0.0
47 0.0
47 0.0
47 0.499725341796875
47 0.0
47 0.0
47 0.0
47 0.0
47 0.0
47 0.0
47 0.0
47 0.0
47 0.0
47 0.5002021789550781
46 0.0
46 0.0
46 0.0
46 0.0
46 0.0
46 0.0
46 0.0
46 0.5006790161132812
46 0.0
46 0.0
46 0.0
46 0.0
46 0.0
46 0.0
46 0.0
46 0.5004405975341797
46 0.0
46 0.0
46 0.0
46 0.0
46 0.0
46 0.0
46 0.0
46 0.0
46 0.0
46 0.0
46 0.5002021789550781
46 0.0
46 0.0
46 0.0
46 0.0
46 0.0
46 0.0
46 0.0
46 0.0
46 0.0
46 0.0
46 0.0
44 0.0
42 0.5006790161132812
39 0.0
39 0.0
39 0.0
39 0.0
39 0.0
39 0.0
39 0.0
39 0.0
39 0.5006790161132812
37 0.0
37 0.0
37 0.0
37 0.0
37 0.0
37 0.0
37 0.0
37 0.0
37 0.5002021789550781
37 0.0
37 0.0
37 0.0
37 0.0
37 0.0
37 0.0
37 0.0
37 0.499725341796875
37 0.0
37 0.0
37 0.0
37 0.0
37 0.0
37 0.0
37 0.0
37 0.0
37 0.0
37 0.5002021789550781
37 0.0
37 0.0
37 0.0
37 0.0
37 0.0
37 0.0
37 0.0
37 0.0
37 0.5006790161132812
37 0.0
37 0.0
37 0.0
37 0.0
37 0.0
37 0.0
37 0.0
37 0.0
37 0.0
55.55391311645508