2017 2.5017261505126953
2017 0.5185604095458984
1967 0.0
1933 0.0
1924 0.0
1913 0.49877166748046875
1909 0.0
1894 0.5002021789550781
1894 0.0
1891 0.0
1882 1.987457275390625
1868 0.499725341796875
1868 1.0144710540771484
1847 3.4868717193603516
1842 0.0
1804 0.99945068359375
1804 0.5006790161132812
1804 0.0
1797 0.0
1785 0.0
1785 0.0
1785 0.0
1779 0.0
1769 0.5002021789550781
1739 0.0
1709 0.0
1709 0.5002021789550781
1696 0.0
1668 0.0
1668 0.0
1660 0.5002021789550781
1660 0.0
1658 0.0
1658 0.0
1636 0.5002021789550781
1636 0.0
1636 0.0
1591 0.0
1568 0.0
1546 0.0
1531 0.0
1522 0.0
1522 0.0
1522 0.5002021789550781
1512 0.0
1512 0.0
1495 0.0
1490 0.5002021789550781
1490 0.0
1422 0.0
1422 0.0
1409 0.0
1409 0.5009174346923828
1399 0.0
1399 0.0
1399 0.0
1384 0.5002021789550781
1378 0.0
1364 0.0
1358 0.5002021789550781
1357 0.0
1357 0.0
1357 0.0
1332 0.5002021789550781
1332 0.0
1332 0.0
1332 0.0
1332 0.0
1311 0.0
1311 0.5002021789550781
1311 0.0
1311 0.0
1311 0.0
1311 0.5006790161132812
1311 0.0
1311 0.0
1297 0.5002021789550781
1292 0.0
1284 0.0
1284 0.0
1284 0.0
1284 0.5002021789550781
1284 0.0
1284 0.0
1284 0.0
1284 0.0
1284 0.0
1281 0.0
1281 0.5009174346923828
1273 0.0
1273 0.0
1241 0.5002021789550781
1241 0.0
1241 0.0
1241 0.0
1241 0.0
1241 0.0
1241 0.0
1241 0.5002021789550781
1236 0.0
1236 0.0
1236 0.0
1236 0.0
1236 0.5002021789550781
1236 0.0
1236 0.0
1228 0.0
1228 0.5006790161132812
1217 0.0
1217 0.0
1217 0.0
1217 0.0
1217 0.5002021789550781
1217 0.0
1216 0.0
1216 0.0
1216 0.0
1216 0.5002021789550781
1216 0.0
1216 0.0
1216 0.0
1216 0.0
1216 0.5002021789550781
1195 0.0
1195 0.5013942718505859
1195 0.0
1194 0.5040168762207031
1194 0.0
1187 0.0
1185 0.0
1172 0.49877166748046875
1167 0.0
1167 0.0
1167 0.0
1167 0.0
1167 0.49996376037597656
1167 0.0
1167 0.0
1167 0.0
1160 0.0
1160 0.0
1160 0.0
1160 0.5002021789550781
1160 0.0
1160 0.0
1160 0.0
1160 0.0
1160 0.0
1159 0.0
1158 0.5004405975341797
1136 0.0
1136 0.0
1136 0.0
1136 0.0
1136 0.0
1121 0.0
1121 0.5002021789550781
1115 0.0
1115 0.0
1106 0.0
1106 0.49996376037597656
1106 0.0
1100 0.0
1100 0.0
1100 0.5009174346923828
1100 0.0
1098 0.0
1098 0.0
1098 0.0
1084 0.5002021789550781
1070 0.0
1070 0.0
1067 0.0
1064 0.0
1064 0.0
1064 0.5004405975341797
1064 0.0
1064 0.0
1064 0.0
1064 0.0
1064 0.5006790161132812
1055 0.0
1055 0.0
1055 0.5002021789550781
1052 0.0
1052 0.0
1052 0.0
1052 0.0
1052 0.0
1044 0.0
1044 0.5002021789550781
1041 0.0
1041 0.0
1041 0.0
1041 0.5002021789550781
1023 0.0
1023 0.0
1023 0.0
1023 0.5006790161132812
1023 0.0
1012 0.0
1012 0.0
1000 0.0
1000 0.0
985 0.5002021789550781
985 0.0
985 0.0
985 0.0
985 0.5002021789550781
985 0.0
985 0.0
985 0.0
985 0.0
985 0.49996376037597656
985 0.0
984 0.0
984 0.5011558532714844
984 0.0
984 0.0
981 0.0
981 0.0
981 0.0
981 0.5002021789550781
976 0.0
976 0.0
976 0.0
976 0.5002021789550781
963 0.0
963 0.0
963 0.0
963 0.0
963 0.0
953 0.5002021789550781
953 0.0
953 0.0
953 0.0
948 0.0
948 0.5002021789550781
948 0.0
948 0.0
931 0.0
931 0.5006790161132812
931 0.0
931 0.0
923 0.0
923 0.0
922 0.0
919 0.0
907 0.0
907 0.0
907 0.5004405975341797
907 0.0
907 0.0
907 0.0
905 0.0
905 0.5002021789550781
898 0.0
898 0.0
898 0.0
892 0.5006790161132812
892 0.0
892 0.0
892 0.0
892 0.0
873 0.0
873 0.0
872 0.5002021789550781
866 0.0
866 0.49805641174316406
866 0.0
866 0.5195140838623047
866 0.0
861 0.0
861 0.0
861 0.0
861 0.0
836 0.0
836 0.0
836 0.0
836 0.0
836 0.499725341796875
836 0.0
836 0.0
836 0.0
836 0.5006790161132812
828 0.0
812 0.0
812 0.0
812 0.0
812 0.0
806 0.0
806 0.0
806 0.0
799 0.0
799 0.0
799 0.0
799 0.5176067352294922
793 0.0
793 0.0
793 0.0
793 0.0
793 0.499725341796875
787 0.0
787 0.0
787 0.0
787 0.5013942718505859
785 0.0
785 0.0
785 0.0
785 0.0
785 0.5006790161132812
785 0.0
785 0.5002021789550781
774 0.0
774 0.0
771 0.5002021789550781
771 0.0
753 0.0
753 0.0
753 0.499725341796875
753 0.0
753 0.0
744 0.0
744 0.5006790161132812
744 0.0
744 0.0
744 0.0
744 0.0
744 0.499725341796875
744 0.0
744 0.0
743 0.0
743 0.5013942718505859
743 0.0
743 0.0
743 0.0
743 0.0
743 0.0
743 0.49948692321777344
743 0.0
743 0.0
743 0.0
743 0.0
743 0.5021095275878906
743 0.0
742 0.0
739 0.0
739 0.4985332489013672
739 0.0
739 0.0
739 0.0
739 0.0
739 0.0
739 0.0
732 0.0
732 0.0
732 0.0
732 0.5006790161132812
732 0.0
732 0.0
732 0.0
732 0.0
732 0.0
725 0.5002021789550781
725 0.0
725 0.0
725 0.0
719 0.5006790161132812
719 0.0
719 0.0
719 0.0
719 0.0
719 0.5002021789550781
719 0.0
719 0.0
719 0.0
719 0.0
719 0.5004405975341797
719 0.0
719 0.0
719 0.0
719 0.0
719 0.0
719 0.0
713 0.0
706 0.0
700 0.5168914794921875
700 0.0
700 0.0
700 0.5011558532714844
700 0.0
694 0.0
694 0.499725341796875
694 0.0
694 0.0
694 0.0
691 0.5002021789550781
691 0.0
691 0.0
691 0.0
691 0.0
691 0.0
691 0.0
690 0.0
690 0.5137920379638672
690 0.0
686 0.0
686 0.0
686 0.499725341796875
686 0.0
682 0.0
679 0.0
679 0.0
679 0.0
674 0.5021095275878906
674 0.0
674 0.0
674 0.0
674 0.48089027404785156
674 0.0
674 0.0
674 0.5173683166503906
674 0.0
663 0.0
663 0.0
663 0.0
663 0.5002021789550781
663 0.0
663 0.0
663 0.0
663 0.5025863647460938
663 0.0
663 0.0
663 0.0
663 0.0
663 0.0
663 0.4978179931640625
663 0.0
663 0.0
663 0.0
663 0.5016326904296875
663 0.0
663 0.0
663 0.0
663 0.0
663 0.0
663 0.0
663 0.0
659 0.0
659 0.5002021789550781
659 0.0
659 0.0
659 0.0
657 0.5004405975341797
657 0.0
657 0.0
657 0.0
651 0.5004405975341797
651 0.0
651 0.5002021789550781
650 0.0
650 0.0
650 0.4832744598388672
646 0.0
646 0.0
646 0.0
639 0.5168914794921875
639 0.0
634 0.0
634 0.0
634 0.0
634 0.0
634 0.0
634 0.0
634 0.0
634 0.0
634 0.0
634 0.0
634 0.4992485046386719
634 0.0
631 0.0
631 0.49996376037597656
631 0.0
631 0.0
631 0.0
631 0.5002021789550781
631 0.0
631 0.0
631 0.0
631 0.0
631 0.5013942718505859
631 0.0
631 0.0
631 0.0
631 0.48279762268066406
631 0.0
631 0.0
631 0.0
631 0.0
631 0.0
631 0.0
631 0.0
631 0.0
631 0.5002021789550781
631 0.0
631 0.0
628 0.0
628 0.0
628 0.0
628 0.0
628 0.0
625 0.0
625 0.0
625 0.5002021789550781
625 0.0
625 0.0
625 0.0
625 0.0
625 0.5006790161132812
625 0.0
625 0.0
625 0.0
625 0.499725341796875
625 0.0
625 0.0
625 0.0
625 0.0
625 0.0
625 0.0
622 0.0
622 0.0
622 0.0
622 0.0
622 0.0
622 0.5002021789550781
622 0.0
622 0.0
620 0.5152225494384766
620 0.0
620 0.0
614 0.0
614 0.4992485046386719
614 0.0
608 0.0
608 0.0
608 0.0
608 0.0
608 0.0
608 0.0
600 0.48279762268066406
600 0.0
600 0.0
600 0.0
600 0.0
600 0.0
599 0.5176067352294922
599 0.0
599 0.0
575 0.0
575 0.0
575 0.5006790161132812
575 0.0
575 0.0
575 0.0
575 0.0
575 0.0
575 0.5002021789550781
575 0.0
575 0.0
575 0.0
575 0.0
575 0.5002021789550781
575 0.0
575 0.0
575 0.0
573 0.0
573 0.5009174346923828
573 0.0
570 0.0
563 0.0
562 0.0
562 0.0
562 0.5002021789550781
562 0.0
562 0.0
559 0.5002021789550781
559 0.0
559 0.0
559 0.0
559 0.0
559 0.5006790161132812
559 0.0
559 0.0
559 0.0
557 0.0
551 0.0
551 0.0
551 0.0
551 0.4856586456298828
548 0.0
548 0.0
548 0.0
548 0.0
548 0.5152225494384766
548 0.0
548 0.0
548 0.0
548 0.0
548 0.5002021789550781
545 0.0
543 0.0
543 0.0
543 0.0
543 0.5013942718505859
543 0.0
543 0.0
543 0.0
538 0.0
538 0.0
536 0.499725341796875
536 0.0
536 0.0
536 0.0
536 0.0
536 0.0
536 0.0
524 0.0
524 0.5006790161132812
524 0.0
524 0.0
524 0.0
524 0.0
524 0.5002021789550781
524 0.0
524 0.0
524 0.0
524 0.0
516 0.5002021789550781
516 0.0
516 0.0
516 0.0
516 0.0
516 0.5002021789550781
516 0.0
516 0.0
516 0.0
510 0.0
509 0.4837512969970703
509 0.0
509 0.0
509 0.5178451538085938
504 0.0
504 0.0
504 0.0
504 0.0
504 0.499725341796875
504 0.0
504 0.0
503 0.0
503 0.0
503 0.0
501 0.0
501 0.0
501 0.0
501 0.5118846893310547
501 0.0
501 0.0
501 0.0
501 0.0
501 0.0
501 0.0
501 0.0
495 0.0
495 0.5006790161132812
495 0.0
495 0.0
495 0.0
495 0.499725341796875
495 0.0
490 0.0
490 0.0
490 0.0
490 0.5002021789550781
490 0.0
485 0.0
485 0.0
485 0.0
485 0.0
485 0.0
482 0.0
482 0.0
482 0.0
482 0.0
482 0.5002021789550781
482 0.0
480 0.0
480 0.0
480 0.5002021789550781
480 0.0
480 0.0
480 0.0
480 0.5006790161132812
480 0.0
480 0.0
480 0.0
480 0.0
480 0.499725341796875
480 0.0
480 0.0
480 0.0
480 0.0
480 0.5006790161132812
480 0.0
480 0.0
480 0.0
480 0.5002021789550781
480 0.0
480 0.0
480 0.0
480 0.5013942718505859
480 0.0
478 0.0
478 0.0
478 0.0
478 0.0
478 0.4992485046386719
478 0.0
478 0.0
478 0.0
478 0.9851455688476562
478 0.0
473 0.5164146423339844
473 0.0
473 0.0
473 0.5002021789550781
473 0.0
473 0.0
473 0.0
460 0.0
460 0.5002021789550781
460 0.0
460 0.0
460 0.0
460 0.5002021789550781
460 0.0
460 0.0
460 0.0
460 0.0
460 0.0
460 0.0
460 0.0
460 0.5013942718505859
460 0.0
460 0.0
460 0.0
460 0.0
460 0.0
460 0.0
460 0.499725341796875
460 0.0
460 0.0
460 0.5002021789550781
460 0.0
460 0.0
460 0.0
460 0.0
460 0.49996376037597656
460 0.0
460 0.0
460 0.0
460 0.0
460 0.5009174346923828
460 0.0
460 0.0
460 0.0
460 0.0
460 0.48232078552246094
460 0.0
460 0.0
460 0.5009174346923828
460 0.0
460 0.0
460 0.0
460 0.5180835723876953
460 0.0
460 0.4837512969970703
460 0.5002021789550781
460 0.0
460 0.5040168762207031
460 0.0
460 0.0
460 0.0
460 0.0
460 0.0
460 0.0
460 0.0
460 0.49805641174316406
459 0.0
459 0.0
459 0.0
459 0.5004405975341797
459 0.0
458 0.0
458 0.0
458 0.5004405975341797
458 0.0
458 0.0
458 0.0
458 0.0
458 0.0
458 0.5004405975341797
458 0.0
458 0.0
458 0.0
458 0.5009174346923828
457 0.0
457 0.499725341796875
457 0.0
457 0.0
457 0.0
457 0.0
454 0.0
454 0.0
454 0.0
454 0.0
454 0.0
454 0.0
454 0.0
454 0.0
454 0.5009174346923828
454 0.0
454 0.0
454 0.0
454 0.0
454 0.0
454 0.0
454 0.49996376037597656
454 0.0
454 0.0
454 0.0
447 0.5004405975341797
443 0.0
443 0.0
436 0.0
436 0.5002021789550781
436 0.0
436 0.0
436 0.0
436 0.0
436 0.5009174346923828
436 0.0
436 0.0
436 0.0
435 0.49877166748046875
435 0.0
435 0.5004405975341797
435 0.0
435 0.0
435 0.0
435 0.0
435 0.5002021789550781
435 0.0
435 0.0
435 0.0
435 0.499725341796875
435 0.0
435 0.0
435 0.0
435 0.0
435 0.5002021789550781
435 0.0
435 0.0
435 0.5002021789550781
435 0.0
435 0.0
431 0.0
431 0.5023479461669922
431 0.0
429 0.0
427 0.0
427 0.5159378051757812
427 0.0
427 0.0
427 0.0
427 0.0
427 0.4832744598388672
427 0.0
427 0.0
427 0.0
427 0.0
427 0.0
427 0.5171298980712891
427 0.0
427 0.0
427 0.5006790161132812
427 0.0
427 0.0
427 0.0
427 0.5009174346923828
427 0.0
427 0.0
427 0.0
427 0.4878044128417969
427 0.0
427 0.0
427 0.0
427 0.0
427 0.0
427 0.0
427 0.5130767822265625
427 0.0
427 0.0
427 0.0
427 0.0
427 0.499725341796875
427 0.0
427 0.0
427 0.0
427 0.0
427 0.0
427 0.0
427 0.0
427 0.5006790161132812
427 0.0
427 0.0
427 0.0
427 0.0
427 0.499725341796875
427 0.0
427 0.0
427 0.0
427 0.0
427 0.5002021789550781
427 0.0
427 0.0
427 0.0
427 0.5013942718505859
427 0.0
427 0.0
427 0.0
427 0.499725341796875
427 0.0
427 0.0
427 0.0
423 0.0
423 0.5002021789550781
423 0.0
423 0.0
423 0.0
423 0.5002021789550781
421 0.0
421 0.0
421 0.0
421 0.0
421 0.5006790161132812
421 0.0
421 0.0
421 0.0
417 0.5002021789550781
417 0.0
417 0.0
417 0.0
417 0.5006790161132812
417 0.0
417 0.0
417 0.0
417 0.0
417 0.5004405975341797
417 0.0
417 0.0
417 0.0
417 0.0
417 0.0
417 0.5002021789550781
417 0.0
417 0.0
417 0.0
417 0.0
417 0.4839897155761719
417 0.0
417 0.0
417 0.0
410 0.5168914794921875
410 0.0
405 0.0
405 0.0
405 0.0
405 0.0
405 0.499725341796875
405 0.0
405 0.0
405 0.0
405 0.0
405 0.5006790161132812
405 0.0
405 0.0
405 0.0
405 0.0
405 0.0
405 0.5002021789550781
405 0.0
108.64782333374023