298644 1215.9979343414307
298624 4.0035247802734375
298605 13.994693756103516
298576 7.504940032958984
298576 2.501249313354492
298556 10.005950927734375
298498 16.52073860168457
298498 19.55127716064453
298498 8.507013320922852
298485 4.502058029174805
298462 9.524106979370117
298448 4.5032501220703125
298448 11.509180068969727
298445 2.5000572204589844
298442 1.001119613647461
298436 10.006904602050781
298436 7.505655288696289
298428 19.015789031982422
298428 0.49805641174316406
298420 6.504535675048828
298420 1.0004043579101562
298399 8.506298065185547
298399 16.01123809814453
298395 1.9867420196533203
298395 14.50800895690918
298373 15.010833740234375
298368 7.004261016845703
298368 3.502368927001953
298359 4.503488540649414
298350 1.0006427764892578
298350 1.0006427764892578
298350 2.019166946411133
298339 17.512083053588867
298333 8.005142211914062
298333 5.004405975341797
298298 10.006427764892578
298281 0.5021095275878906
298265 9.488821029663086
298246 1.5175342559814453
298229 13.00954818725586
298208 8.505821228027344
298189 4.988193511962891
298174 12.507438659667969
298166 7.505655288696289
298166 10.509490966796875
298165 8.005857467651367
298165 16.009092330932617
298162 17.01188087463379
298154 10.007381439208984
298154 10.007143020629883
298134 19.03080940246582
298096 6.489753723144531
298096 16.52669906616211
298085 6.488800048828125
298021 0.5006790161132812
297978 11.507272720336914
297978 0.99945068359375
297977 12.025833129882812
297977 1.4874935150146484
297977 23.011445999145508
297925 12.526512145996094
297919 11.50822639465332
297919 15.495061874389648
297912 19.015789031982422
297912 1.500844955444336
297912 0.0
297912 7.002115249633789
297912 16.01266860961914
297885 7.505655288696289
297885 1.9996166229248047
297885 1.0006427764892578
297885 0.5006790161132812
297848 1.5003681182861328
297848 11.508464813232422
297845 7.004737854003906
297845 11.509180068969727
297806 9.505510330200195
297754 10.007143020629883
297754 1.0004043579101562
297754 0.5023479461669922
297700 12.507200241088867
297700 18.02992820739746
297691 1.0004043579101562
297637 15.995979309082031
297614 1.4994144439697266
297603 2.001523971557617
297594 12.526512145996094
297593 2.0003318786621094
297593 1.0023117065429688
297584 19.01531219482422
297580 1.499176025390625
297580 20.51544189453125
297580 9.505987167358398
297580 11.494159698486328
297567 0.5011558532714844
297567 1.499176025390625
297567 27.51922607421875
297566 2.5022029876708984
297566 9.009838104248047
297488 0.5018711090087891
297488 5.513668060302734
297465 13.99374008178711
297446 14.527559280395508
297441 14.494895935058594
297441 18.012285232543945
297436 1.500844955444336
297435 8.506298065185547
297390 15.009403228759766
297390 20.015716552734375
297363 1.9974708557128906
297335 5.003213882446289
297319 1.0004043579101562
297312 16.010284423828125
297234 25.020122528076172
297229 2.0003318786621094
297164 1.0004043579101562
297164 1.501321792602539
297144 17.01068878173828
297137 13.01121711730957
297137 3.0012130737304688
297131 42.52958297729492
297131 11.50822639465332
297131 15.012502670288086
297129 2.000093460083008
297117 9.506702423095703
297117 10.00666618347168
297115 12.011289596557617
297115 18.05424690246582
297115 0.5002021789550781
297115 11.509180068969727
297042 12.023448944091797
297024 16.4947509765625
297024 12.010812759399414
297024 2.4993419647216797
297024 8.005857467651367
296995 9.524822235107422
296995 15.49839973449707
296991 1.512765884399414
296991 7.504940032958984
296948 15.513181686401367
296948 11.990070343017578
296948 2.001047134399414
296917 33.52546691894531
296915 14.510869979858398
296915 0.4990100860595703
296885 24.016380310058594
296885 23.51975440979004
296885 8.504867553710938
296872 6.505489349365234
296872 30.521392822265625
296806 2.50244140625
296749 3.500223159790039
296749 24.518489837646484
296727 24.01900291442871
296710 8.504390716552734
296710 22.015810012817383
296710 17.51232147216797
296627 25.01821517944336
296622 0.5002021789550781
296622 0.9999275207519531
296610 15.511035919189453
296555 10.005950927734375
296555 9.007453918457031
296553 9.006500244140625
296538 5.002737045288086
296518 8.007287979125977
296506 0.5009174346923828
296470 1.9991397857666016
296458 7.005929946899414
296452 10.00666618347168
296414 11.508703231811523
296414 4.501819610595703
296414 8.50820541381836
296414 12.506246566772461
296393 2.0012855529785156
296393 19.51432228088379
296393 16.01243019104004
296393 11.507272720336914
296392 26.019573211669922
296389 14.008760452270508
296382 20.015478134155273
296382 8.00466537475586
296377 9.5062255859375
296377 1.5010833740234375
296353 16.012191772460938
296353 10.50710678100586
296353 7.504463195800781
296353 1.0008811950683594
296353 12.007713317871094
296315 10.50710678100586
296308 2.0020008087158203
296308 15.511035919189453
296295 5.005598068237305
296282 8.50367546081543
296282 2.5026798248291016
296282 1.4996528625488281
296272 12.008905410766602
296272 1.500844955444336
296264 12.511491775512695
296245 1.4982223510742188
296245 8.007049560546875
296245 9.005546569824219
296238 1.5015602111816406
296226 25.517940521240234
296226 11.507749557495117
296142 20.534992218017578
296142 1.5017986297607422
296103 0.49877166748046875
296073 4.005193710327148
296073 10.506153106689453
296073 4.503011703491211
296073 2.001047134399414
296062 12.025833129882812
296062 5.004167556762695
296031 9.98997688293457
296019 3.5021305084228516
295998 21.534204483032227
295998 0.9982585906982422
295942 0.5009174346923828
295942 10.006904602050781
295937 18.514633178710938
295925 7.490396499633789
295873 1.5146732330322266
295873 4.5032501220703125
295786 13.992547988891602
295786 14.02735710144043
295786 23.516416549682617
295781 11.50822639465332
295730 1.5010833740234375
295730 8.005619049072266
295730 17.997264862060547
295730 1.4994144439697266
295730 9.008407592773438
295719 11.506795883178711
295706 3.5021305084228516
295706 11.50822639465332
295700 1.5006065368652344
295700 1.0008811950683594
295700 15.512943267822266
295700 9.021520614624023
295700 15.495538711547852
295681 1.0004043579101562
295675 2.5026798248291016
295675 19.529342651367188
295664 12.991666793823242
295635 1.0001659393310547
295635 2.001523971557617
295626 9.508609771728516
295610 10.006427764892578
295586 0.0
295581 2.501249313354492
295557 6.004095077514648
295546 9.00578498840332
295546 5.504369735717773
295546 9.006738662719727
295527 14.026880264282227
295522 15.494346618652344
295492 11.525630950927734
295489 11.991262435913086
295477 14.02592658996582
295447 16.997098922729492
295406 12.006521224975586
295406 1.5010833740234375
295395 0.5002021789550781
295388 6.004571914672852
295377 1.5006065368652344
295357 9.508848190307617
295338 1.0008811950683594
295301 20.01643180847168
295292 5.003213882446289
295292 10.505437850952148
295292 14.526844024658203
295292 0.5006790161132812
295222 5.003452301025391
295222 15.997171401977539
295222 1.0013580322265625
295136 9.503841400146484
295101 1.0008811950683594
295101 5.003929138183594
295084 10.507822036743164
295084 1.0004043579101562
295084 11.508941650390625
295064 16.510486602783203
295064 6.987333297729492
295064 15.027284622192383
295064 2.001523971557617
295021 0.0
294994 12.494564056396484
294978 0.0
294967 2.513408660888672
294929 2.0046234130859375
294920 1.0004043579101562
294920 8.992195129394531
294920 23.014545440673828
294904 14.02592658996582
294904 6.991863250732422
294904 5.517005920410156
294904 6.00433349609375
294884 12.008905410766602
294884 1.0004043579101562
294884 4.988670349121094
294875 1.500844955444336
294875 1.0008811950683594
294864 3.016948699951172
294864 5.486965179443359
294864 14.009714126586914
294846 2.018451690673828
294778 10.507583618164062
294778 14.01066780090332
294778 3.4875869750976562
294727 3.016948699951172
294683 20.01357078552246
294667 15.009403228759766
294630 8.994340896606445
294590 5.015373229980469
294590 14.99485969543457
294554 4.502058029174805
294532 6.004095077514648
294511 5.506277084350586
294511 0.9999275207519531
294511 0.5009174346923828
294511 20.514488220214844
294500 15.02537727355957
294489 5.486965179443359
294489 9.506702423095703
294489 0.9999275207519531
294479 0.5002021789550781
294474 9.008407592773438
294456 1.0004043579101562
294456 17.511367797851562
294423 10.00666618347168
294418 12.525558471679688
294397 8.491754531860352
294397 0.5142688751220703
294397 0.5006790161132812
294397 0.0
294397 12.008428573608398
294397 16.5560245513916
294372 1.4946460723876953
294357 19.530773162841797
294357 9.48953628540039
294347 12.024641036987305
294347 12.995004653930664
294347 0.99945068359375
294306 14.025688171386719
294290 20.99895477294922
294281 1.5001296997070312
294268 5.50389289855957
294268 17.0290470123291
294268 2.5017261505126953
294230 16.495466232299805
294230 2.5014877319335938
294219 0.5002021789550781
294166 0.0
294155 1.001119613647461
294145 4.002809524536133
294111 19.5159912109375
294111 4.002809524536133
294042 7.003307342529297
294042 1.5006065368652344
294042 9.507179260253906
294042 10.006904602050781
294033 5.003213882446289
294033 11.50822639465332
293949 0.5018711090087891
293899 5.502939224243164
293899 8.005857467651367
293899 5.520105361938477
293852 11.528968811035156
293837 0.9999275207519531
293837 9.508132934570312
293837 19.014835357666016
293793 1.5003681182861328
293793 3.001689910888672
293793 2.500295639038086
293793 6.502866744995117
293793 12.509822845458984
293788 0.0
293788 14.009475708007812
293788 2.5026798248291016
293788 12.007951736450195
293750 3.5021305084228516
293702 12.008428573608398
293661 14.01066780090332
293657 8.005142211914062
293598 12.025833129882812
293593 13.492345809936523
293559 16.512155532836914
293539 18.01586151123047
293539 17.00878143310547
293539 3.0012130737304688
293502 1.501321792602539
293478 7.504940032958984
293478 9.006500244140625
293478 18.016815185546875
293478 0.0
293474 0.9992122650146484
293464 5.503416061401367
293458 0.5021095275878906
293440 2.5005340576171875
293440 15.51055908203125
293434 0.5006790161132812
293423 10.006904602050781
293423 1.0001659393310547
293423 10.009288787841797
293409 1.4996528625488281
293409 21.030426025390625
293409 10.006427764892578
293409 19.99807357788086
293390 15.526771545410156
293390 16.996145248413086
293383 1.4998912811279297
293341 0.5016326904296875
293341 12.007951736450195
293338 18.013954162597656
293325 17.528772354125977
293319 9.5062255859375
293304 1.5006065368652344
293289 15.998363494873047
293285 15.007257461547852
293278 6.520509719848633
293278 1.501321792602539
293278 19.515037536621094
293270 2.5005340576171875
293257 14.009952545166016
293237 12.99285888671875
293237 9.006738662719727
293210 15.512704849243164
293195 13.024091720581055
293195 14.994144439697266
293195 0.9999275207519531
293189 8.006095886230469
293189 7.522821426391602
293189 1.501321792602539
293189 6.503820419311523
293112 4.485845565795898
293085 11.508941650390625
293085 2.5177001953125
293075 16.012907028198242
293045 5.502462387084961
293045 1.4958381652832031
292994 1.5065670013427734
292992 7.490873336791992
292992 25.03228187561035
292942 1.5020370483398438
292942 9.505987167358398
292942 0.9851455688476562
292930 2.500772476196289
292930 6.5212249755859375
292900 17.99774169921875
292827 6.004095077514648
292827 8.506298065185547
292827 4.00233268737793
292796 0.0
292709 9.006977081298828
292709 11.506080627441406
292709 13.509511947631836
292699 7.503986358642578
292678 15.528440475463867
292673 1.5001296997070312
292627 10.508060455322266
292619 18.513917922973633
292617 12.081623077392578
292617 13.509035110473633
292607 3.5042762756347656
292607 11.005878448486328
292549 0.5002021789550781
292522 10.991811752319336
292522 1.5168190002441406
292462 15.995502471923828
292419 9.006500244140625
292419 8.50534439086914
292412 20.01643180847168
292412 0.0
292408 2.0008087158203125
292408 3.5178661346435547
292387 9.506702423095703
292387 15.494346618652344
292363 11.510610580444336
292363 0.5002021789550781
292363 7.50279426574707
292331 16.52836799621582
292331 13.494491577148438
292331 10.007619857788086
292311 5.018711090087891
292305 1.0001659393310547
292305 16.011953353881836
292305 11.509418487548828
292299 0.0
292270 2.5000572204589844
292248 13.994932174682617
292248 0.0
292248 1.5003681182861328
292227 8.005619049072266
292227 14.508485794067383
292219 9.523153305053711
292198 10.507345199584961
292102 2.0020008087158203
292102 8.50534439086914
292102 0.5006790161132812
292102 0.5002021789550781
292102 10.007858276367188
292097 1.4836788177490234
292097 10.507345199584961
292079 10.509490966796875
292079 12.006998062133789
292079 14.009714126586914
292055 0.5009174346923828
292055 9.522676467895508
292035 12.491941452026367
292023 15.511512756347656
292023 17.029762268066406
292017 14.50967788696289
292000 1.001119613647461
292000 12.993574142456055
292000 1.0161399841308594
292000 21.498680114746094
292000 4.004001617431641
292000 16.009807586669922
291994 1.0004043579101562
291994 19.530773162841797
291994 0.49996376037597656
291991 12.508869171142578
291991 16.011953353881836
291966 18.497467041015625
291953 9.521484375
291953 7.992744445800781
291936 12.52126693725586
291933 10.99252700805664
291933 1.0008811950683594
291870 3.5021305084228516
291870 3.0002593994140625
291858 11.008501052856445
291858 22.517681121826172
291858 19.0122127532959
291858 0.49996376037597656
291858 0.5021095275878906
291801 12.50767707824707
291801 24.02019500732422
291788 0.9999275207519531
291761 19.527435302734375
291760 0.5009174346923828
291760 9.990215301513672
291760 9.00721549987793
291760 0.49948692321777344
291754 1.0006427764892578
291754 1.5022754669189453
291718 0.5013942718505859
291711 10.005474090576172
291704 10.50710678100586
291704 11.006593704223633
291704 2.5022029876708984
291704 2.501964569091797
291692 16.512632369995117
291643 8.003711700439453
291640 10.006427764892578
291640 0.5013942718505859
291640 21.515369415283203
291640 15.512466430664062
291633 5.502462387084961
291633 9.507179260253906
291607 21.013975143432617
291589 29.527664184570312
291589 27.013540267944336
291589 2.001047134399414
291589 16.512155532836914
291588 5.002498626708984
291565 10.009288787841797
291514 17.010211944580078
291512 16.512393951416016
291494 7.521390914916992
291482 2.001523971557617
291476 14.510869979858398
291476 13.576507568359375
291459 15.526294708251953
291459 1.4843940734863281
291459 0.5002021789550781
291445 0.499725341796875
291445 13.511896133422852
291445 9.50479507446289
291445 3.0019283294677734
291429 0.0
291429 0.5002021789550781
291429 2.0051002502441406
291429 8.003950119018555
291429 14.009952545166016
291429 0.5004405975341797
291429 1.5006065368652344
291429 1.5010833740234375
291429 0.5002021789550781
291427 12.009143829345703
291411 1.0004043579101562
291411 14.007806777954102
291392 14.511346817016602
291337 0.0
291333 8.50534439086914
291321 15.027046203613281
291320 13.493537902832031
291320 7.504940032958984
291313 9.023189544677734
291313 8.007526397705078
291313 7.990598678588867
291305 15.051841735839844
291244 2.001047134399414
291244 14.026165008544922
291237 6.004095077514648
291227 7.991552352905273
291227 7.002592086791992
291184 4.003286361694336
291158 9.006500244140625
291142 17.01211929321289
291142 1.001119613647461
291142 1.5006065368652344
291132 2.5010108947753906
291132 1.001596450805664
291132 3.0024051666259766
291123 12.508153915405273
291063 7.005929946899414
291040 9.98997688293457
291040 12.586832046508789
291040 4.503011703491211
291040 2.001523971557617
291022 8.005619049072266
290992 15.511274337768555
290992 15.514850616455078
290992 15.023469924926758
290992 9.490489959716797
290989 7.5054168701171875
290974 16.129493713378906
290974 12.407302856445312
290962 0.99945068359375
290950 14.493942260742188
290950 1.0006427764892578
290948 1.0004043579101562
290948 2.0024776458740234
290948 4.002094268798828
290948 7.004022598266602
290948 14.51253890991211
290948 0.0
290948 0.9999275207519531
290907 6.502866744995117
290894 11.507749557495117
290894 11.507511138916016
290891 3.0028820037841797
290840 10.507822036743164
290840 0.99945068359375
290838 11.008024215698242
290838 0.0
290838 13.510942459106445
290805 1.9996166229248047
290780 8.005857467651367
290780 0.5006790161132812
290780 15.02537727355957
290780 13.028144836425781
290780 6.988286972045898
290780 6.020545959472656
290766 0.0
290762 11.495113372802734
290710 1.013040542602539
290701 6.004810333251953
290701 16.01099967956543
290698 15.496015548706055
290651 1.5006065368652344
290651 0.499725341796875
290643 2.5022029876708984
290643 9.50479507446289
290643 2.0008087158203125
290624 15.0146484375
290624 3.5011768341064453
290624 11.005878448486328
290571 1.5006065368652344
290558 3.519296646118164
290558 7.506132125854492
290558 15.010356903076172
290558 11.507749557495117
290558 13.509035110473633
290497 14.494895935058594
290485 13.511419296264648
290473 0.4992485046386719
290467 10.007858276367188
290467 2.0165443420410156
290442 1.5010833740234375
290439 16.04914665222168
290431 3.0028820037841797
290424 11.493444442749023
290424 11.022567749023438
290401 2.500772476196289
290393 0.5006790161132812
290390 1.5006065368652344
290349 3.9882659912109375
290316 0.0
290316 0.0
290316 2.5017261505126953
290240 12.508630752563477
290237 0.5006790161132812
290176 2.5010108947753906
290162 16.52836799621582
290152 9.505987167358398
290147 1.0004043579101562
290120 14.010190963745117
290120 5.489349365234375
290111 3.5021305084228516
290079 8.505821228027344
290079 1.0004043579101562
290066 7.020235061645508
290055 2.001523971557617
290055 9.006500244140625
290055 1.5010833740234375
290055 13.509511947631836
290055 6.505012512207031
290055 12.508153915405273
290055 1.9848346710205078
290035 3.001689910888672
289989 8.00633430480957
289989 9.51075553894043
289989 11.005163192749023
289989 1.9998550415039062
289988 4.0035247802734375
289988 0.5002021789550781
289967 1.5001296997070312
289945 13.010740280151367
289935 0.49877166748046875
289906 5.504846572875977
289859 2.0008087158203125
289859 7.023096084594727
289853 0.4990100860595703
289853 14.493942260742188
289853 9.508609771728516
289834 11.005401611328125
289834 5.003452301025391
289834 2.0017623901367188
289808 1.0004043579101562
289801 0.0
289788 9.509801864624023
289788 3.0002593994140625
289777 16.510486602783203
289755 1.5010833740234375
289755 2.5022029876708984
289742 3.5016536712646484
289742 12.510061264038086
289742 3.000020980834961
289692 7.505655288696289
289692 3.0028820037841797
289685 11.50822639465332
289685 11.524677276611328
289685 1.5006065368652344
289685 1.485586166381836
289685 11.508703231811523
289685 2.5017261505126953
289685 13.50855827331543
289666 17.028093338012695
289647 7.005214691162109
289647 1.5010833740234375
289647 2.501964569091797
289647 0.49996376037597656
289647 2.985239028930664
289647 16.528844833374023
289647 8.506298065185547
289623 0.499725341796875
289622 6.00433349609375
289622 7.005214691162109
289618 4.5032501220703125
289618 1.5003681182861328
289606 11.008739471435547
289606 7.004737854003906
289606 0.9837150573730469
289598 16.528606414794922
289561 3.502368927001953
289493 4.990339279174805
289484 6.017208099365234
289484 1.5010833740234375
289477 6.505012512207031
289461 2.001523971557617
289461 9.522438049316406
289461 14.01066780090332
289461 13.509988784790039
289461 9.488821029663086
289461 5.003213882446289
289461 4.00233268737793
289458 4.503488540649414
289458 0.9999275207519531
289433 2.5196075439453125
289433 10.00833511352539
289433 14.992237091064453
289433 16.529560089111328
289411 1.5001296997070312
289411 5.488872528076172
289406 0.5006790161132812
289361 4.00233268737793
289361 1.0004043579101562
289361 1.0008811950683594
289328 0.5011558532714844
289328 0.9992122650146484
289328 7.019996643066406
289328 2.001523971557617
289301 11.991739273071289
289301 8.506298065185547
289301 0.5002021789550781
289273 0.5002021789550781
289273 8.505821228027344
289273 11.525630950927734
289273 1.9843578338623047
289273 6.521701812744141
289261 0.5002021789550781
289261 2.0012855529785156
289261 17.997026443481445
289250 0.5006790161132812
289250 6.0024261474609375
289250 8.506536483764648
289228 7.005214691162109
289228 2.5010108947753906
289186 9.507417678833008
289186 6.503820419311523
289186 6.511211395263672
289177 5.498647689819336
289113 13.509035110473633
289070 17.011404037475586
289046 3.0024051666259766
289046 0.49996376037597656
289045 1.5037059783935547
289045 8.50367546081543
289040 4.503011703491211
289009 7.505893707275391
289000 2.001047134399414
289000 8.005857467651367
288965 0.5006790161132812
288961 12.008905410766602
288953 1.500844955444336
288953 1.5001296997070312
288953 0.5011558532714844
288946 16.511917114257812
288946 4.503011703491211
288946 1.5003681182861328
288940 2.0012855529785156
288940 10.508537292480469
288928 15.510082244873047
288922 2.0012855529785156
288922 0.0
288895 0.5004405975341797
288883 10.007143020629883
288879 7.027149200439453
288879 3.504037857055664
288879 15.009164810180664
288843 2.5017261505126953
288773 0.5006790161132812
288773 1.0004043579101562
288773 3.0024051666259766
288773 5.504131317138672
288773 4.002809524536133
288734 9.007692337036133
288728 1.4996528625488281
288728 5.003929138183594
288728 7.505893707275391
288679 9.5062255859375
288679 3.5021305084228516
288643 2.0020008087158203
288643 21.558046340942383
288643 11.007547378540039
288595 14.510631561279297
288552 2.502918243408203
288522 13.507604598999023
288513 6.005287170410156
288510 0.9999275207519531
288510 9.006500244140625
288510 11.507749557495117
288508 7.504940032958984
288496 6.5212249755859375
288492 1.4848709106445312
288492 6.505489349365234
288479 13.510465621948242
288479 9.006500244140625
288479 2.001047134399414
288479 7.004737854003906
288479 0.5006790161132812
288438 16.026020050048828
288438 2.0189285278320312
288438 6.505012512207031
288437 2.4826526641845703
288437 12.529850006103516
288388 1.9986629486083984
288382 2.502918243408203
288371 0.9999275207519531
288343 10.507822036743164
288343 15.496969223022461
288343 5.502939224243164
288343 1.0004043579101562
288343 0.0
288311 4.5032501220703125
288305 4.503011703491211
288305 0.0
288270 17.01188087463379
288235 1.4996528625488281
288228 9.50765609741211
288228 0.99945068359375
288223 1.501321792602539
288223 13.511419296264648
288205 15.511035919189453
288202 14.025211334228516
288193 13.495922088623047
288114 1.0004043579101562
288114 0.49877166748046875
288111 0.5023479461669922
288111 0.9989738464355469
288106 8.504152297973633
288106 13.526678085327148
288106 0.5006790161132812
288102 2.5010108947753906
288102 9.491682052612305
288081 1.5017986297607422
288081 13.024330139160156
288081 7.9898834228515625
288067 4.018545150756836
288067 15.494823455810547
288067 0.0
288062 9.505748748779297
288055 2.0003318786621094
288053 13.026237487792969
288009 2.986907958984375
288009 1.016378402709961
288006 10.00666618347168
288006 14.493942260742188
288006 9.523153305053711
287976 0.5011558532714844
287976 10.006189346313477
287976 1.5010833740234375
287976 16.995668411254883
287976 11.525154113769531
287952 13.49496841430664
287921 0.0
287921 3.01361083984375
287841 2.0012855529785156
287828 12.509584426879883
287823 1.0004043579101562
287823 6.504058837890625
287794 0.5011558532714844
287794 4.00233268737793
287794 15.010833740234375
287794 1.0006427764892578
287757 8.505821228027344
287757 1.0008811950683594
287757 2.001523971557617
287757 14.493465423583984
287675 8.005142211914062
287633 1.0178089141845703
287613 9.005546569824219
287570 10.025978088378906
287569 5.007266998291016
287569 13.513326644897461
287569 12.021541595458984
287569 10.992050170898438
287569 6.003618240356445
287569 6.504535675048828
287549 12.514591217041016
287549 2.0122528076171875
287549 2.9850006103515625
287549 2.0012855529785156
287528 0.0
287475 13.510465621948242
287462 5.0048828125
287462 10.005950927734375
287444 2.501964569091797
287435 4.502296447753906
287378 3.0031204223632812
287378 16.512632369995117
287378 2.001047134399414
287346 3.610849380493164
287310 2.016305923461914
287237 1.500844955444336
287213 3.5021305084228516
287176 1.5010833740234375
287176 13.994216918945312
287173 14.50967788696289
287173 27.02045440673828
287173 7.0037841796875
287101 2.0012855529785156
287076 4.00233268737793
287066 11.508703231811523
287062 12.510538101196289
287061 1.4996528625488281
287061 13.509511947631836
287048 18.01133155822754
287048 4.00233268737793
287024 11.009693145751953
287024 7.005453109741211
286978 15.010356903076172
286972 8.005142211914062
286949 1.5022754669189453
286906 15.01154899597168
286906 2.0034313201904297
286906 1.4958381652832031
286898 2.0012855529785156
286898 9.007453918457031
286898 7.504940032958984
286898 12.009382247924805
286898 2.5005340576171875
286894 4.503726959228516
286878 0.5006790161132812
286878 12.008190155029297
286871 11.007547378540039
286871 14.01066780090332
286871 11.510133743286133
7936.841726303101