241 0.4990100860595703
241 0.0
232 0.0
200 0.0
190 0.0
176 0.0
176 0.0
164 0.0
164 0.0
164 0.0
164 0.0
164 0.0
155 0.0
155 0.5006790161132812
155 0.0
155 0.0
155 0.0
155 0.0
145 0.5002021789550781
145 0.0
145 0.0
145 0.0
145 0.0
145 0.0
140 0.499725341796875
140 0.0
140 0.0
140 0.0
120 0.0
120 0.0
120 0.0
120 0.0
120 0.0
105 0.0
105 0.0
105 0.0
105 0.0
105 0.5009174346923828
102 0.0
84 0.0
84 0.0
84 0.0
84 0.0
84 0.5002021789550781
84 0.0
84 0.0
84 0.0
84 0.0
84 0.0
82 0.5006790161132812
82 0.0
82 0.0
82 0.0
82 0.0
71 0.0
64 0.5011558532714844
64 0.5018711090087891
64 0.0
64 0.4992485046386719
64 0.0
64 0.0
64 0.0
64 0.5002021789550781
64 0.0
64 0.0
64 0.0
64 0.0
64 0.0
64 0.0
64 0.499725341796875
64 0.0
64 0.0
64 0.0
64 0.0
64 0.5006790161132812
56 0.0
56 0.0
56 0.0
56 0.0
56 0.499725341796875
56 0.0
56 0.0
56 0.0
56 0.0
56 0.5011558532714844
56 0.0
56 0.0
56 0.0
56 0.0
56 0.5002021789550781
56 0.0
56 0.0
56 0.0
56 0.0
56 0.0
56 0.0
56 0.0
56 0.0
56 0.0
56 0.0
56 0.0
56 0.0
56 0.0
56 0.0
56 0.0
56 0.0
52 0.0
52 0.0
52 0.5009174346923828
52 0.0
48 0.0
48 0.0
48 0.0
48 0.0
48 0.5002021789550781
48 0.0
48 0.0
48 0.0
48 0.0
48 0.0
48 0.0
48 0.0
48 0.0
48 0.0
48 0.0
48 0.0
47 0.0
47 0.0
47 0.0
47 0.0
47 0.0
47 0.5002021789550781
47 0.0
47 0.0
47 0.0
47 0.0
47 0.0
47 0.0
47 0.0
47 0.0
47 0.0
47 0.0
47 0.0
47 0.0
47 0.0
47 0.0
42 0.0
42 0.499725341796875
42 0.0
42 0.0
42 0.0
42 0.0
40 0.0
40 0.0
40 0.0
39 0.0
39 0.0
39 0.0
39 0.5002021789550781
39 0.0
39 0.0
39 0.0
39 0.0
39 0.0
39 0.0
39 0.0
39 0.0
39 0.0
39 0.0
39 0.0
39 0.0
39 0.5002021789550781
39 0.0
39 0.0
39 0.0
39 0.0
39 0.0
39 0.0
39 0.0
39 0.0
39 0.0
39 0.0
39 0.0
39 0.5009174346923828
39 0.0
39 0.0
39 0.0
39 0.0
39 0.0
39 0.0
39 0.0
39 0.0
39 0.0
39 0.0
39 0.0
39 0.0
36 0.0
36 0.0
36 0.0
36 0.0
36 0.0
36 0.0
36 0.0
36 0.5011558532714844
36 0.0
36 0.0
36 0.0
36 0.49805641174316406
36 0.0
36 0.0
36 0.0
36 0.0
36 0.0
36 0.0
36 0.0
36 0.5002021789550781
36 0.0
36 0.0
36 0.0
36 0.0
36 0.0
33 0.5002021789550781
33 0.0
33 0.0
33 0.5002021789550781
33 0.0
31 0.0
31 0.5002021789550781
31 0.0
31 0.0
31 0.5004405975341797
31 0.0
31 0.0
31 0.5006790161132812
31 0.0
31 0.0
31 0.0
31 0.0
31 0.5002021789550781
31 0.0
31 0.0
31 0.5002021789550781
31 0.0
31 0.0
31 0.0
31 0.0
31 0.0
31 0.0
31 0.0
31 0.0
31 0.0
31 0.5004405975341797
31 0.0
31 0.0
31 0.0
31 0.0
31 0.9992122650146484
31 0.0
31 0.5013942718505859
31 0.0
31 0.0
31 0.0
31 0.0
31 0.0
31 0.0
31 0.0
31 0.0
31 0.0
31 0.4990100860595703
31 0.0
31 0.0
31 0.0
31 0.0
31 0.0
31 0.0
31 0.0
31 0.0
29 0.0
29 0.0
29 0.49996376037597656
29 0.0
29 0.0
25 0.0
25 0.0
25 0.0
25 0.0
25 0.5011558532714844
25 0.0
25 0.0
25 0.0
25 0.0
25 0.0
25 0.0
25 0.499725341796875
25 0.0
25 0.0
25 0.0
25 0.0
25 0.0
25 0.0
25 0.0
25 0.0
25 0.0
25 0.0
25 0.0
25 0.0
25 0.0
25 0.0
25 0.0
24 0.0
24 0.0
24 0.0
24 0.0
24 0.0
24 0.0
24 0.0
24 0.0
24 0.0
24 0.5004405975341797
24 0.0
24 0.0
24 0.5006790161132812
24 0.0
24 0.0
24 0.5013942718505859
24 0.0
24 0.0
24 0.5006790161132812
24 0.0
24 0.0
24 0.0
24 0.0
24 0.0
24 0.0
24 0.0
24 0.0
24 0.0
24 0.0
24 0.5016326904296875
24 0.0
24 0.0
24 0.0
24 0.0
24 0.0
24 0.0
24 0.0
24 0.0
24 0.0
24 0.0
24 0.0
24 0.0
24 0.4973411560058594
24 0.0
24 0.0
24 0.0
23 0.0
23 0.0
23 0.0
23 0.0
23 0.0
23 0.0
23 0.0
23 0.5016326904296875
23 0.0
23 0.0
23 0.0
23 0.0
23 0.0
23 0.0
23 0.0
23 0.0
23 0.0
23 0.0
23 0.0
23 0.0
23 0.5004405975341797
23 0.0
23 0.0
23 0.0
23 0.0
23 0.5006790161132812
23 0.0
23 0.0
23 0.4992485046386719
23 0.0
23 0.0
23 0.0
23 0.5004405975341797
23 0.0
23 0.0
23 0.0
23 0.0
23 0.0
23 0.0
23 0.0
23 0.0
23 0.0
23 0.0
23 0.499725341796875
23 0.0
23 0.0
23 0.0
23 0.0
23 0.0
23 0.0
23 0.0
23 0.0
23 0.0
23 0.0
23 0.0
23 0.0
23 0.0
23 0.0
23 0.0
23 0.0
23 0.0
23 0.0
23 0.0
23 0.0
23 0.0
23 0.0
23 0.0
23 0.0
23 0.0
23 0.5009174346923828
23 0.0
23 0.0
23 0.0
23 0.0
23 0.0
23 0.0
23 0.0
23 0.0
23 0.0
23 0.0
23 0.0
23 0.0
23 0.5006790161132812
23 0.0
23 0.0
23 0.0
23 0.5018711090087891
23 0.0
23 0.0
23 0.0
23 0.0
23 0.0
23 0.0
23 0.5023479461669922
23 0.0
23 0.0
23 0.0
23 0.0
23 0.0
23 0.0
23 0.4985332489013672
23 0.0
23 0.0
23 0.0
23 0.0
23 0.0
23 0.0
23 0.0
23 0.0
23 0.0
23 0.4992485046386719
23 0.0
23 0.0
23 0.0
23 0.0
23 0.0
23 0.0
23 0.0
23 0.0
23 0.0
23 0.0
23 0.0
23 0.5066394805908203
23 0.0
23 0.0
23 0.0
23 0.0
23 0.0
23 0.0
23 0.0
23 0.0
23 0.0
23 0.0
23 0.0
23 0.0
23 0.0
23 0.0
23 0.0
23 0.0
23 0.0
23 0.0
23 0.0
22 0.0
22 0.0
22 0.0
22 0.0
22 0.0
22 0.0
22 0.0
22 0.5011558532714844
22 0.0
22 0.0
22 0.0
22 0.0
22 0.0
22 0.0
22 0.0
22 0.0
22 0.0
22 0.0
22 0.0
22 0.0
22 0.0
22 0.0
22 0.0
22 0.499725341796875
22 0.0
22 0.0
22 0.0
22 0.0
22 0.0
22 0.0
22 0.0
22 0.0
22 0.0
22 0.0
21 0.0
21 0.0
21 0.0
21 0.5025863647460938
21 0.0
21 0.0
21 0.0
21 0.0
21 0.0
21 0.0
21 0.0
21 0.0
21 0.0
21 0.0
21 0.0
21 0.0
21 0.0
21 0.0
21 0.4978179931640625
21 0.0
21 0.0
21 0.0
21 0.0
21 0.0
21 0.0
21 0.0
21 0.0
21 0.0
21 0.0
21 0.0
21 0.0
21 0.5006790161132812
21 0.0
21 0.0
21 0.0
21 0.0
21 0.0
21 0.0
21 0.0
21 0.0
21 0.0
21 0.0
21 0.0
21 0.0
21 0.5004405975341797
21 0.0
21 0.0
21 0.0
21 0.0
21 0.0
21 0.0
21 0.0
21 0.0
21 0.0
21 0.0
21 0.0
21 0.0
21 0.0
21 0.5006790161132812
21 0.0
21 0.0
21 0.0
21 0.0
21 0.0
21 0.0
21 0.0
21 0.0
21 0.0
21 0.0
21 0.5002021789550781
21 0.0
21 0.0
21 0.0
21 0.0
20 0.0
20 0.0
20 0.0
20 0.0
20 0.0
19 0.0
19 0.0
19 0.0
19 0.5002021789550781
19 0.0
19 0.0
19 0.0
19 0.0
19 0.0
19 0.0
19 0.0
19 0.0
19 0.0
19 0.0
19 0.0
19 0.0
19 0.0
19 0.0
19 0.499725341796875
19 0.0
19 0.0
19 0.0
19 0.0
19 0.0
19 0.0
19 0.0
19 0.0
19 0.0
18 0.0
18 0.0
18 0.0
18 0.5006790161132812
18 0.0
18 0.0
18 0.0
18 0.5006790161132812
18 0.0
18 0.0
18 0.0
18 0.0
17 0.0
17 0.0
17 0.0
17 0.0
17 0.5009174346923828
17 0.0
17 0.0
17 0.0
17 0.0
17 0.0
17 0.5002021789550781
17 0.0
17 0.0
17 0.0
17 0.0
17 0.0
17 0.0
17 0.499725341796875
17 0.0
17 0.0
17 0.0
17 0.0
17 0.0
17 0.0
17 0.0
17 0.0
17 0.0
17 0.0
17 0.0
17 0.0
17 0.0
17 0.0
17 0.0
17 0.0
17 0.0
17 0.0
17 0.0
17 0.0
17 0.0
17 0.0
16 0.0
16 0.0
16 0.5002021789550781
16 0.0
16 0.0
16 0.0
16 0.0
16 0.0
16 0.0
16 0.0
16 0.0
16 0.0
16 0.0
16 0.0
16 0.0
16 0.0
16 0.0
16 0.0
16 0.0
16 0.0
16 0.5006790161132812
16 0.0
16 0.0
16 0.0
16 0.0
16 0.0
16 0.0
16 0.0
16 0.0
16 0.0
16 0.0
16 0.0
16 0.0
16 0.0
16 0.0
16 0.0
16 0.5002021789550781
16 0.0
16 0.0
16 0.0
16 0.0
16 0.0
16 0.0
16 0.0
16 0.0
16 0.0
16 0.0
16 0.0
16 0.0
16 0.0
16 0.0
16 0.0
16 0.0
16 0.0
16 0.0
16 0.0
16 0.0
16 0.0
16 0.0
16 0.0
16 0.0
16 0.0
16 0.0
16 0.0
16 0.0
16 0.0
16 0.0
16 0.0
16 0.5002021789550781
16 0.0
16 0.0
16 0.0
16 0.0
16 0.0
16 0.0
16 0.0
16 0.0
16 0.0
16 0.0
16 0.0
16 0.0
16 0.0
16 0.0
16 0.0
16 0.0
16 0.0
16 0.0
16 0.0
16 0.0
16 0.0
16 0.0
16 0.0
16 0.0
16 0.0
16 0.0
16 0.0
16 0.0
16 0.0
16 0.0
16 0.5009174346923828
16 0.0
16 0.0
16 0.0
16 0.0
16 0.0
16 0.5006790161132812
16 0.0
16 0.0
16 0.0
16 0.0
16 0.0
16 0.0
16 0.0
16 0.5011558532714844
16 0.0
16 0.0
16 0.0
16 0.0
16 0.0
16 0.0
16 0.0
16 0.0
16 0.0
16 0.0
16 0.0
16 0.0
16 0.0
16 0.0
16 0.0
16 0.0
16 0.0
16 0.0
16 0.0
16 0.0
16 0.0
16 0.0
16 0.0
16 0.0
16 0.0
16 0.0
16 0.5002021789550781
16 0.0
16 0.0
16 0.0
16 0.0
16 0.0
16 0.0
16 0.0
16 0.0
16 0.0
16 0.0
16 0.0
16 0.0
16 0.0
16 0.0
16 0.5002021789550781
16 0.0
16 0.0
16 0.0
16 0.0
16 0.0
16 0.0
16 0.0
16 0.5018711090087891
16 0.0
16 0.0
16 0.0
16 0.0
16 0.0
16 0.0
16 0.0
16 0.0
16 0.0
16 0.0
16 0.0
16 0.0
16 0.0
16 0.0
16 0.4992485046386719
16 0.0
16 0.0
16 0.0
16 0.0
16 0.0
16 0.0
16 0.0
16 0.0
16 0.0
16 0.5011558532714844
16 0.0
16 0.0
16 0.0
16 0.0
16 0.0
16 0.0
16 0.0
16 0.5004405975341797
16 0.0
16 0.0
16 0.0
16 0.0
16 0.0
16 0.49996376037597656
16 0.0
16 0.0
16 0.0
16 0.0
16 0.0
16 0.0
16 0.0
16 0.0
16 0.0
16 0.4992485046386719
16 0.0
16 0.0
16 0.0
16 0.0
16 0.0
16 0.0
16 0.5002021789550781
16 0.0
16 0.0
16 0.0
16 0.0
16 0.0
16 0.0
16 0.5013942718505859
16 0.0
16 0.0
16 0.0
16 0.0
16 0.0
16 0.0
16 0.0
16 0.0
16 0.0
16 0.5023479461669922
16 0.0
16 0.0
16 0.0
16 0.0
16 0.0
16 0.0
16 0.0
16 0.0
16 0.0
16 0.0
16 0.0
16 0.0
16 0.0
16 0.0
16 0.0
16 0.0
15 0.0
15 0.0
15 0.0
15 0.0
15 0.0
15 0.49948692321777344
15 0.0
15 0.0
15 0.0
15 0.0
15 0.0
15 0.0
15 0.0
15 0.5006790161132812
15 0.0
15 0.0
15 0.0
15 0.0
15 0.0
15 0.0
15 0.0
15 0.0
15 0.0
15 0.0
15 0.4992485046386719
15 0.0
15 0.0
15 0.0
15 0.0
15 0.0
15 0.0
15 0.0
15 0.0
15 0.0
15 0.0
15 0.0
15 0.5006790161132812
15 0.0
15 0.0
15 0.0
15 0.0
15 0.0
15 0.499725341796875
15 0.0
15 0.0
15 0.0
15 0.0
15 0.0
15 0.0
15 0.0
15 0.0
15 0.0
15 0.0
15 0.5018711090087891
15 0.0
15 0.0
15 0.0
15 0.0
49.04317855834961