1044 1.001119613647461
1044 0.0
1019 0.5047321319580078
959 0.0
959 0.0
946 0.0
937 0.0
931 0.0
931 0.0
929 0.0
929 0.0
899 0.0
899 0.0
890 0.0
890 0.5004405975341797
863 0.0
863 0.0
863 0.0
863 0.0
843 0.0
843 0.0
843 0.0
843 0.0
843 0.0
843 0.0
824 0.0
824 0.0
813 0.5013942718505859
751 0.0
745 0.0
745 0.0
745 0.0
745 0.0
743 0.0
743 0.0
743 0.499725341796875
743 0.0
733 0.0
733 0.0
733 0.0
700 0.0
673 0.0
673 0.0
673 0.0
664 0.0
664 0.0
664 0.0
664 0.0
664 0.0
660 0.0
660 0.0
660 0.0
660 0.0
654 0.5002021789550781
634 0.0
634 0.0
617 0.0
592 0.0
581 0.0
578 0.5016326904296875
578 0.0
578 0.0
566 0.0
548 0.499725341796875
548 0.0
548 0.0
548 0.0
548 0.0
548 0.0
548 0.0
548 0.0
548 0.49996376037597656
548 0.0
548 0.0
541 0.0
533 0.0
533 0.0
527 0.0
514 0.0
514 0.0
512 1.001119613647461
512 0.0
512 0.0
512 0.0
512 0.0
512 0.0
512 0.5004405975341797
512 0.5011558532714844
511 0.0
510 0.0
507 0.0
506 0.0
506 0.0
506 0.0
506 0.5002021789550781
506 0.0
506 0.0
506 0.0
506 0.0
497 0.0
497 0.0
497 0.5006790161132812
497 0.0
497 0.0
497 0.0
497 0.0
497 0.5002021789550781
497 0.5011558532714844
486 0.0
486 0.0
486 0.0
486 0.0
486 0.0
486 0.0
486 0.0
486 0.0
486 0.0
486 0.0
486 0.0
486 0.0
486 0.0
486 0.0
486 0.0
486 0.5002021789550781
486 0.0
482 0.0
482 0.0
482 0.0
482 0.0
477 0.5002021789550781
452 0.0
452 0.0
451 0.0
451 0.0
451 0.0
451 0.0
451 0.0
451 0.0
441 0.0
436 0.0
436 0.5002021789550781
430 0.0
430 0.0
430 0.0
430 0.0
430 0.0
428 0.5002021789550781
428 0.0
424 0.0
423 0.0
403 0.0
403 0.0
403 0.0
403 0.5002021789550781
403 0.0
390 0.0
390 0.0
389 0.0
389 0.0
388 0.0
388 0.0
388 0.5002021789550781
388 0.0
388 0.0
388 0.0
388 0.0
386 0.0
386 0.0
386 0.0
386 0.0
385 0.5002021789550781
384 0.0
384 0.0
384 0.0
384 0.0
384 0.0
384 0.0
384 0.0
384 0.0
384 0.0
384 0.0
382 0.0
382 0.0
382 0.0
379 0.0
379 0.0
379 0.0
379 0.0
379 0.0
373 0.5002021789550781
373 0.0
370 0.0
370 0.0
370 0.0
370 0.0
368 0.0
368 0.0
368 0.5002021789550781
368 0.0
368 0.0
362 0.0
362 0.0
357 0.0
357 0.0
357 0.0
357 0.0
357 0.5002021789550781
357 0.0
357 0.0
357 0.0
357 0.0
357 0.0
357 0.0
357 0.0
357 0.5009174346923828
357 0.0
357 0.0
357 0.0
357 0.0
354 0.0
354 0.0
354 0.0
354 0.0
354 0.0
354 0.0
354 0.5002021789550781
354 0.0
351 0.0
351 0.0
351 0.0
351 0.0
351 0.0
349 0.0
349 0.5002021789550781
349 0.0
349 0.0
349 0.0
349 0.0
349 0.5044937133789062
349 0.0
349 0.0
349 0.5002021789550781
349 0.0
349 0.0
341 0.0
341 0.0
341 0.0
329 0.0
317 0.5142688751220703
317 0.0
317 0.0
317 0.0
317 0.0
317 0.0
317 0.0
317 0.0
304 0.0
304 0.5002021789550781
304 0.0
304 0.0
304 0.0
304 0.0
304 0.0
304 0.0
302 0.0
302 0.0
302 0.0
294 0.0
294 0.0
294 0.0
294 0.0
294 0.0
292 0.0
292 0.0
292 0.0
292 0.5004405975341797
289 0.0
289 0.0
289 0.0
289 0.0
289 0.0
289 0.0
289 0.0
289 0.48542022705078125
289 0.0
283 0.0
277 0.0
277 0.0
277 0.0
277 0.0
275 0.0
275 0.0
275 0.5154609680175781
275 0.0
275 0.0
275 0.0
275 0.0
272 0.0
272 0.0
272 0.0
272 0.5002021789550781
272 0.0
265 0.0
265 0.0
265 0.0
265 0.0
263 0.0
263 0.0
263 0.5009174346923828
263 0.0
263 0.0
263 0.0
262 0.0
253 0.0
253 0.0
247 0.0
247 0.5002021789550781
242 0.0
242 0.0
242 0.0
242 0.0
241 0.0
241 0.0
241 0.0
241 0.0
241 0.0
241 0.49996376037597656
241 0.0
241 0.0
241 0.0
241 0.0
241 0.0
241 0.0
241 0.0
241 0.0
241 0.0
241 0.5002021789550781
241 0.0
241 0.0
241 0.0
241 0.0
241 0.0
241 0.0
241 0.5011558532714844
241 0.0
241 0.0
241 0.0
241 0.0
241 0.0
241 0.0
241 0.0
241 0.0
241 0.499725341796875
241 0.0
240 0.0
240 0.0
240 0.0
240 0.0
240 0.0
240 0.0
240 0.0
240 0.0
240 0.0
236 0.5004405975341797
236 0.0
236 0.0
236 0.4839897155761719
236 0.0
236 0.0
236 0.0
236 0.0
235 0.0
235 0.4992485046386719
235 0.0
235 0.0
235 0.0
235 0.5028247833251953
235 0.0
235 0.0
235 0.0
233 0.0
233 0.0
233 0.0
233 0.0
233 0.0
233 0.4990100860595703
233 0.0
233 0.0
233 0.0
233 0.0
233 0.0
233 0.0
233 0.0
233 0.0
233 0.5009174346923828
233 0.0
233 0.0
233 0.0
233 0.0
233 0.0
233 0.0
227 0.0
227 0.0
222 0.49996376037597656
222 0.0
222 0.0
222 0.0
218 0.0
218 0.0
218 0.0
216 0.0
216 0.5004405975341797
213 0.0
213 0.0
213 0.0
213 0.0
213 0.0
213 0.0
213 0.0
213 0.5004405975341797
213 0.0
213 0.0
213 0.0
213 0.0
213 0.0
213 0.0
213 0.5006790161132812
213 0.0
213 0.0
206 0.0
206 0.0
199 0.0
199 0.49996376037597656
199 0.0
199 0.0
199 0.0
199 0.0
199 0.0
199 0.0
197 0.5004405975341797
196 0.0
196 0.0
196 0.0
196 0.0
196 0.0
196 0.0
196 0.0
196 0.0
196 0.5002021789550781
196 0.0
196 0.0
196 0.0
196 0.0
194 0.0
194 0.0
194 0.0
194 0.5002021789550781
194 0.0
194 0.0
194 0.0
194 0.0
194 0.0
194 0.0
194 0.5023479461669922
194 0.0
194 0.0
194 0.0
194 0.0
194 0.0
194 0.499725341796875
194 0.0
194 0.0
194 0.0
194 0.0
194 0.0
194 0.0
194 0.0
194 0.499725341796875
194 0.0
194 0.0
194 0.0
194 0.0
194 0.0
194 0.0
194 0.5002021789550781
194 0.0
194 0.0
194 0.0
194 0.0
192 0.0
192 0.0
192 0.0
192 0.5006790161132812
192 0.0
192 0.0
192 0.0
192 0.0
192 0.0
192 0.0
192 0.0
192 0.0
192 0.0
192 0.0
192 0.499725341796875
192 0.0
192 0.0
192 0.0
192 0.0
192 0.0
192 0.0
192 0.0
191 0.5002021789550781
191 0.0
191 0.0
191 0.0
191 0.0
191 0.0
191 0.0
191 0.0
191 0.5009174346923828
191 0.0
191 0.0
191 0.0
191 0.0
191 0.0
191 0.0
191 0.0
191 0.5002021789550781
191 0.0
182 0.0
182 0.0
182 0.0
182 0.0
182 0.0
182 0.5002021789550781
182 0.0
182 0.0
182 0.0
182 0.0
182 0.5002021789550781
181 0.0
181 0.0
181 0.0
181 0.0
181 0.0
181 0.0
181 0.0
181 0.5006790161132812
181 0.0
181 0.0
181 0.0
181 0.0
181 0.0
173 0.0
173 0.5002021789550781
173 0.0
173 0.0
173 0.0
173 0.0
173 0.0
173 0.0
173 0.5002021789550781
173 0.0
173 0.0
173 0.0
173 0.0
173 0.0
173 0.0
173 0.0
173 0.5002021789550781
173 0.0
173 0.0
173 0.0
173 0.0
173 0.0
173 0.0
173 0.0
173 0.5009174346923828
172 0.0
171 0.0
171 0.0
171 0.0
171 0.0
171 0.0
171 0.5002021789550781
171 0.0
171 0.0
171 0.0
171 0.0
171 0.0
171 0.5002021789550781
171 0.0
171 0.0
171 0.0
171 0.0
171 0.0
171 0.0
171 0.5002021789550781
171 0.0
170 0.0
170 0.0
170 0.0
170 0.0
170 0.5016326904296875
170 0.0
170 0.0
170 0.0
170 0.0
170 0.0
167 0.0
165 0.0
165 0.4992485046386719
165 0.0
165 0.0
165 0.0
165 0.0
165 0.5002021789550781
163 0.0
163 0.0
163 0.0
163 0.0
163 0.0
163 0.0
163 0.5002021789550781
163 0.0
163 0.0
161 0.0
161 0.0
161 0.0
161 0.0
161 0.0
161 0.0
161 0.5009174346923828
161 0.0
161 0.0
161 0.0
161 0.0
143 0.5002021789550781
143 0.0
143 0.0
143 0.0
143 0.0
143 0.0
143 0.0
143 0.0
143 0.5002021789550781
142 0.0
142 0.0
141 0.0
141 0.0
141 0.5002021789550781
141 0.0
141 0.0
141 0.0
141 0.0
141 0.0
141 0.5016326904296875
141 0.0
141 0.0
141 0.0
141 0.0
141 0.0
141 0.4992485046386719
141 0.0
141 0.0
141 0.0
141 0.5002021789550781
141 0.0
141 0.0
141 0.0
141 0.0
141 0.4992485046386719
139 0.5087852478027344
139 0.0
139 0.0
139 0.5083084106445312
139 0.0
139 0.0
139 0.0
136 0.0
136 0.0
136 0.5006790161132812
136 0.0
136 0.0
130 0.0
130 0.0
130 0.0
130 0.0
130 0.0
130 0.0
130 0.0
130 0.0
130 0.0
130 0.499725341796875
130 0.0
130 0.0
130 0.0
130 0.4856586456298828
130 0.0
130 0.0
130 0.0
130 0.0
130 0.5154609680175781
130 0.0
130 0.0
130 0.0
130 0.0
130 0.5002021789550781
130 0.0
130 0.0
130 0.0
130 0.5006790161132812
130 0.0
130 0.0
130 0.0
130 0.0
130 0.0
130 0.499725341796875
130 0.0
130 0.0
130 0.0
128 0.0
128 0.0
128 0.5011558532714844
128 0.0
128 0.0
128 0.0
128 0.0
128 0.499725341796875
128 0.0
128 0.0
128 0.0
128 0.5002021789550781
128 0.0
128 0.0
128 0.0
128 0.0
128 0.0
128 0.5002021789550781
128 0.0
128 0.0
128 0.0
128 0.0
128 0.0
128 0.0
128 0.0
128 0.0
128 0.5142688751220703
128 0.0
128 0.0
128 0.0
128 0.0
128 0.0
128 0.0
127 0.48351287841796875
127 0.0
127 0.0
127 0.0
127 0.0
127 0.0
127 0.0
127 0.5173683166503906
127 0.0
127 0.0
127 0.0
127 0.5002021789550781
127 0.0
127 0.0
127 0.0
127 0.0
127 0.5002021789550781
127 0.0
127 0.0
127 0.0
127 0.0
127 0.0
127 0.0
127 0.0
127 0.0
127 0.0
127 0.0
127 0.0
127 0.5002021789550781
127 0.0
127 0.0
127 0.0
127 0.0
127 0.0
127 0.0
127 0.5009174346923828
127 0.0
127 0.0
127 0.0
127 0.5002021789550781
127 0.0
127 0.0
127 0.0
127 0.5002021789550781
127 0.0
127 0.0
127 0.0
127 0.0
127 0.0
127 0.0
127 0.0
127 0.0
127 0.0
127 0.0
126 0.0
126 0.514984130859375
126 0.0
126 0.0
126 0.0
126 0.0
126 0.0
126 0.5002021789550781
126 0.0
126 0.0
126 0.0
126 0.0
126 0.0
126 0.5004405975341797
126 0.0
126 0.0
126 0.0
126 0.0
126 0.0
126 0.48828125
126 0.0
126 0.0
126 0.0
126 0.0
126 0.0
126 0.5133152008056641
126 0.0
126 0.0
126 0.0
126 0.0
126 0.0
126 0.0
126 0.5006790161132812
125 0.0
125 0.0
123 0.0
123 0.0
123 0.0
123 0.499725341796875
123 0.0
123 0.0
123 0.0
123 0.0
123 0.0
123 0.0
121 0.5035400390625
121 0.0
121 0.0
121 0.0
121 0.0
121 0.0
121 0.0
121 0.4990100860595703
121 0.0
121 0.0
121 0.0
121 0.0
121 0.0
121 0.0
121 0.0
121 0.0
121 0.5009174346923828
121 0.0
121 0.0
121 0.0
121 0.0
121 0.0
119 0.0
119 0.0
119 0.0
119 0.0
118 0.0
118 0.0
117 0.0
117 0.0
117 0.0
117 0.5161762237548828
117 0.0
117 0.0
117 0.0
117 0.48661231994628906
117 0.0
117 0.0
117 0.4982948303222656
117 0.0
117 0.0
117 0.0
117 0.0
117 0.0
117 0.0
117 0.0
117 0.49948692321777344
117 0.0
117 0.0
117 0.0
117 0.0
117 0.0
117 0.0
117 0.0
117 0.5004405975341797
117 0.0
117 0.0
117 0.0
117 0.0
117 0.0
117 0.0
117 0.5002021789550781
116 0.0
116 0.0
116 0.0
116 0.0
116 0.0
116 0.0
116 0.0
116 0.0
116 0.0
116 0.0
116 0.0
116 0.0
116 0.5002021789550781
116 0.0
116 0.0
116 0.0
116 0.0
116 0.0
116 0.0
116 0.0
116 0.5002021789550781
116 0.0
116 0.0
116 0.0
116 0.0
116 0.0
116 0.0
116 0.5006790161132812
116 0.0
116 0.0
116 0.0
116 0.0
116 0.0
116 0.0
116 0.5002021789550781
114 0.0
114 0.0
114 0.0
114 0.0
114 0.0
114 0.0
114 0.5002021789550781
114 0.0
113 0.0
113 0.0
113 0.0
113 0.0
113 0.0
113 0.5002021789550781
113 0.0
113 0.0
113 0.0
113 0.0
113 0.0
113 0.0
113 0.5009174346923828
113 0.0
113 0.0
113 0.0
113 0.0
113 0.0
113 0.0
113 0.0
113 0.0
113 0.0
113 0.0
113 0.0
113 0.0
113 0.0
113 0.0
113 0.0
113 0.0
113 0.0
113 0.0
113 0.0
113 0.0
113 0.0
113 0.0
113 0.0
113 0.0
113 0.0
113 0.0
113 0.0
113 0.0
113 0.0
113 0.0
66.60032272338867