18179 26.51834487915039
18170 0.499725341796875
18163 1.4996528625488281
18163 0.5023479461669922
18159 0.5002021789550781
18151 0.499725341796875
18145 1.5025138854980469
18110 0.5016326904296875
18110 0.9996891021728516
18106 0.5009174346923828
18083 0.49948692321777344
18064 0.0
18064 0.0
18058 0.5002021789550781
18053 0.0
18032 3.502368927001953
18032 0.0
18024 1.0025501251220703
17996 0.0
17977 0.0
17977 0.499725341796875
17977 0.0
17977 1.5010833740234375
17962 2.0003318786621094
17962 1.5022754669189453
17949 0.4973411560058594
17883 0.99945068359375
17883 0.0
17872 1.0004043579101562
17872 0.0
17872 1.0004043579101562
17872 0.5006790161132812
17831 0.5002021789550781
17824 0.5006790161132812
17800 0.5004405975341797
17790 0.0
17790 0.0
17777 0.5002021789550781
17776 1.0004043579101562
17775 0.5002021789550781
17775 0.5006790161132812
17765 0.5002021789550781
17754 2.0024776458740234
17722 1.501321792602539
17722 0.49948692321777344
17722 1.0013580322265625
17722 0.5006790161132812
17713 0.0
17703 1.001596450805664
17703 0.9987354278564453
17703 0.5013942718505859
17672 0.0
17672 0.9999275207519531
17663 0.5002021789550781
17636 0.0
17636 0.5002021789550781
17636 1.001119613647461
17636 0.5006790161132812
17618 0.0
17618 0.499725341796875
17618 0.499725341796875
17595 0.5011558532714844
17580 0.5006790161132812
17552 0.0
17552 0.0
17540 0.4992485046386719
17540 0.5006790161132812
17540 1.001119613647461
17518 0.499725341796875
17518 0.5016326904296875
17506 0.0
17506 0.5018711090087891
17487 0.0
17487 0.9987354278564453
17480 2.0024776458740234
17480 0.5018711090087891
17465 0.0
17439 0.499725341796875
17439 1.4989376068115234
17439 0.5018711090087891
17426 0.4992485046386719
17426 0.5002021789550781
17406 1.0020732879638672
17383 0.9992122650146484
17383 0.5002021789550781
17368 0.5004405975341797
17362 0.5006790161132812
17362 0.5002021789550781
17362 1.0008811950683594
17304 0.5013942718505859
17301 0.0
17233 0.5002021789550781
17233 0.0
17233 0.0
17233 1.4996528625488281
17217 0.5011558532714844
17217 1.5001296997070312
17194 0.5025863647460938
17189 0.4985332489013672
17186 0.5006790161132812
17186 0.5013942718505859
17168 0.5002021789550781
17165 0.5002021789550781
17165 1.501321792602539
17165 0.0
17123 0.4978179931640625
17059 1.0018348693847656
17059 1.0008811950683594
17059 0.0
17020 1.0004043579101562
17001 0.5006790161132812
17000 0.5002021789550781
16995 0.0
16981 1.500844955444336
16966 0.0
16944 0.5006790161132812
16944 0.9999275207519531
16944 0.5016326904296875
16941 0.6244182586669922
16941 0.3750324249267578
16941 0.5002021789550781
16941 1.0006427764892578
16936 1.0013580322265625
16934 0.9999275207519531
16923 0.5006790161132812
16923 1.004934310913086
16922 1.495361328125
16922 0.5011558532714844
16906 0.499725341796875
16861 0.499725341796875
16844 1.0008811950683594
16839 1.0004043579101562
16839 0.5009174346923828
16839 0.0
16839 0.5006790161132812
16839 0.5011558532714844
16839 0.5018711090087891
16818 0.49805641174316406
16818 0.5013942718505859
16811 0.5006790161132812
16783 0.0
16783 1.4986991882324219
16783 0.5011558532714844
16783 2.5031566619873047
16775 0.0
16752 0.499725341796875
16752 0.499725341796875
16752 1.0004043579101562
16732 0.5006790161132812
16732 0.0
16721 0.0
16707 0.5002021789550781
16696 0.0
16696 0.0
16696 0.5013942718505859
16696 0.99945068359375
16696 0.0
16637 0.5006790161132812
16609 0.5002021789550781
16571 0.5002021789550781
16545 0.0
16513 0.5025863647460938
16513 0.0
16510 1.0004043579101562
16494 0.0
16450 0.5006790161132812
16432 0.5002021789550781
16428 0.5002021789550781
16427 0.0
16411 1.0006427764892578
16403 0.5002021789550781
16403 0.0
16403 0.0
16403 0.0
16376 2.0012855529785156
16376 0.0
16376 2.0177364349365234
16376 0.499725341796875
16329 0.9999275207519531
16329 0.5006790161132812
16327 0.5002021789550781
16327 0.0
16327 0.0
16327 1.5010833740234375
16327 0.499725341796875
16327 2.0020008087158203
16327 0.0
16327 0.5002021789550781
16318 0.0
16295 0.0
16293 0.5002021789550781
16293 0.0
16285 1.501321792602539
16268 0.0
16268 0.499725341796875
16268 1.0013580322265625
16249 1.0004043579101562
16244 1.0006427764892578
16244 0.0
16240 0.5002021789550781
16240 0.4849433898925781
16226 0.5002021789550781
16209 0.499725341796875
16198 0.9999275207519531
16193 0.5009174346923828
16157 0.0
16157 0.5002021789550781
16157 1.0004043579101562
16157 0.0
16110 1.5010833740234375
16110 1.0006427764892578
16110 0.0
16110 1.5053749084472656
16110 0.4985332489013672
16076 0.499725341796875
16076 0.5009174346923828
16041 0.5002021789550781
15994 0.49996376037597656
15994 0.0
15994 1.501321792602539
15976 0.0
15966 0.5002021789550781
15966 0.0
15966 0.5002021789550781
15926 1.0006427764892578
15926 1.5003681182861328
15926 0.0
15926 1.0149478912353516
15898 0.4851818084716797
15898 1.0013580322265625
15898 0.0
15898 0.0
15898 0.514984130859375
15883 1.0008811950683594
15883 0.0
15866 0.5002021789550781
15864 0.0
15857 0.0
15857 0.0
15857 0.5002021789550781
15857 0.5002021789550781
15837 0.0
15837 1.001119613647461
15837 0.5006790161132812
15763 0.0
15736 1.5001296997070312
15736 0.0
15685 1.4843940734863281
15670 0.0
15658 0.5180835723876953
15632 1.5006065368652344
15632 0.0
15592 0.499725341796875
15588 0.5002021789550781
15588 0.0
15547 1.001596450805664
15547 0.4839897155761719
15529 0.0
15525 0.5168914794921875
15517 0.499725341796875
15516 0.0
15516 0.5002021789550781
15516 0.0
15516 0.0
15498 0.5006790161132812
15483 1.0004043579101562
15483 1.500844955444336
15476 0.5011558532714844
15458 0.499725341796875
15458 0.9853839874267578
15458 0.5156993865966797
15458 1.001119613647461
15458 1.0004043579101562
15430 0.5006790161132812
15380 1.0018348693847656
15380 2.4869441986083984
15379 0.0
15367 1.5006065368652344
15367 1.0004043579101562
15354 0.0
15354 0.9999275207519531
15354 0.5009174346923828
15349 0.9996891021728516
15349 1.001119613647461
15349 0.5004405975341797
15349 0.5004405975341797
15329 0.0
15319 0.5009174346923828
15319 0.5002021789550781
15319 1.0004043579101562
15315 0.0
15274 0.5006790161132812
15274 0.9996891021728516
15274 0.5011558532714844
15259 0.5002021789550781
15259 1.0008811950683594
15259 1.0004043579101562
15259 0.5006790161132812
15230 0.499725341796875
15230 0.9999275207519531
15230 0.5004405975341797
15230 0.99945068359375
15230 1.0013580322265625
15202 1.4996528625488281
15202 0.5006790161132812
15202 0.5009174346923828
15202 0.0
15145 0.0
15145 0.5002021789550781
15145 1.0004043579101562
15118 0.499725341796875
15118 1.0008811950683594
15118 1.001119613647461
15102 0.5006790161132812
15091 0.9999275207519531
15091 0.4839897155761719
15086 1.0175704956054688
15076 0.0
14999 0.5016326904296875
14999 0.9992122650146484
14999 1.5010833740234375
14999 0.48422813415527344
14997 0.0
14947 1.5172958374023438
14923 0.0
14923 0.5002021789550781
14923 0.5006790161132812
14889 0.5009174346923828
14889 0.9996891021728516
14854 1.0004043579101562
14853 0.48422813415527344
14853 0.0
14840 0.5168914794921875
14840 0.0
14840 1.0004043579101562
14840 0.5002021789550781
14840 1.001119613647461
14840 0.0
14814 0.5004405975341797
14814 0.0
14814 0.49996376037597656
14814 0.5009174346923828
14814 0.0
14814 1.0004043579101562
14810 0.5006790161132812
14810 0.49948692321777344
14803 1.0018348693847656
14796 0.0
14796 0.0
14796 0.5002021789550781
14796 0.9829998016357422
14729 1.0020732879638672
14729 0.5185604095458984
14668 0.0
14666 1.9998550415039062
14648 0.0
14644 0.5002021789550781
14644 0.5006790161132812
14644 0.0
14640 1.500844955444336
14640 0.5006790161132812
14637 0.5002021789550781
14614 0.5002021789550781
14609 0.0
14585 1.0008811950683594
14545 0.5009174346923828
14545 0.499725341796875
14545 0.5002021789550781
14531 0.5011558532714844
14522 1.5006065368652344
14522 1.500844955444336
14522 0.5002021789550781
14510 0.4849433898925781
14510 0.5168914794921875
14510 0.499725341796875
14510 1.001119613647461
14510 0.4839897155761719
14510 1.0166168212890625
14510 0.5002021789550781
14510 0.0
14510 0.0
14458 0.5006790161132812
14407 0.5002021789550781
14394 0.0
14393 1.0004043579101562
14374 1.001119613647461
14366 0.5002021789550781
14328 0.5002021789550781
14322 0.499725341796875
14322 0.5006790161132812
14318 0.0
14293 1.501321792602539
14286 0.0
14286 0.5006790161132812
14286 0.0
14286 0.5004405975341797
14248 0.0
14241 0.49996376037597656
14241 1.0004043579101562
14241 0.48470497131347656
14241 0.0
14241 0.98419189453125
14233 0.0
14233 0.0
14231 0.5176067352294922
14231 0.5002021789550781
14231 0.4990100860595703
14228 1.0018348693847656
14224 0.0
14224 0.0
14224 0.49877166748046875
14162 0.5011558532714844
14159 1.0001659393310547
14159 0.5009174346923828
14149 1.501321792602539
14113 0.5011558532714844
14113 0.0
14097 0.5006790161132812
14091 0.499725341796875
14091 0.0
14091 0.0
14090 0.5002021789550781
14090 0.0
14060 0.5006790161132812
14059 0.5006790161132812
14050 1.0001659393310547
14050 0.5006790161132812
14050 0.5002021789550781
14048 0.5002021789550781
14048 0.5006790161132812
14048 0.5002021789550781
14048 0.0
14047 0.5002021789550781
14047 0.0
14047 1.0013580322265625
14047 0.9999275207519531
14047 0.499725341796875
14042 0.5006790161132812
14042 0.5002021789550781
14015 0.5002021789550781
14015 1.001119613647461
13992 0.0
13975 0.5002021789550781
13975 0.5002021789550781
13965 0.0
13965 0.48661231994628906
13965 0.5147457122802734
13938 1.0006427764892578
13938 0.0
13912 1.4848709106445312
13908 0.5164146423339844
13908 0.0
13908 0.5002021789550781
13874 1.0004043579101562
13866 0.0
13862 0.5009174346923828
13817 1.0004043579101562
13817 0.0
13797 0.5002021789550781
13797 0.5002021789550781
13788 0.5002021789550781
13781 0.5002021789550781
13781 0.48470497131347656
13781 0.0
13773 0.5176067352294922
13773 0.0
13773 0.0
13708 0.5004405975341797
13708 0.9999275207519531
13679 0.5004405975341797
13673 0.49996376037597656
13673 0.5002021789550781
13673 0.5002021789550781
13673 0.5011558532714844
13670 0.49996376037597656
13670 0.5002021789550781
13670 0.5009174346923828
13670 0.49996376037597656
13670 0.5002021789550781
13670 0.0
13670 0.0
13614 0.5002021789550781
13614 0.5006790161132812
13614 1.4846324920654297
13614 0.5171298980712891
13559 0.49996376037597656
13559 1.0008811950683594
13559 0.0
13556 0.5002021789550781
13555 0.5006790161132812
13543 0.0
13535 0.49948692321777344
13535 0.5013942718505859
13535 0.499725341796875
13535 1.5017986297607422
13535 0.9999275207519531
13535 0.0
13524 0.0
13513 0.5006790161132812
13513 1.0004043579101562
13513 0.5006790161132812
13513 0.5002021789550781
13513 0.5004405975341797
13513 0.5002021789550781
13491 0.5006790161132812
13491 0.48661231994628906
13491 1.5146732330322266
13491 0.0
13491 0.0
13481 1.0006427764892578
13481 1.0018348693847656
13474 0.99945068359375
13473 0.5006790161132812
13441 0.0
13441 1.0006427764892578
13441 0.5006790161132812
13441 0.0
13438 0.499725341796875
13438 0.5002021789550781
13438 0.5011558532714844
13430 0.0
13412 0.48470497131347656
13402 1.5172958374023438
13384 0.9999275207519531
13384 0.5006790161132812
13384 0.5006790161132812
13384 0.499725341796875
13384 0.5009174346923828
13379 0.5002021789550781
13379 1.0020732879638672
13379 0.4990100860595703
13379 0.0
13379 0.5002021789550781
13379 0.5002021789550781
13379 0.5006790161132812
13375 0.499725341796875
13375 0.5013942718505859
13366 0.0
13366 0.499725341796875
13359 0.0
13282 0.0
13282 1.0042190551757812
13281 1.4812946319580078
13281 0.5035400390625
13281 0.4978179931640625
13281 0.499725341796875
13281 0.5006790161132812
13273 0.5009174346923828
13260 0.5002021789550781
13256 0.0
13256 0.5002021789550781
13256 0.9999275207519531
13239 0.0
13239 0.0
13224 0.5006790161132812
13221 0.0
13187 0.9999275207519531
13187 0.5006790161132812
13187 0.5002021789550781
13187 0.5009174346923828
13187 1.0004043579101562
13187 0.5002021789550781
13184 0.0
13184 1.0008811950683594
13184 0.5183219909667969
13183 0.5002021789550781
13183 1.0018348693847656
13167 0.0
13148 0.0
13142 0.4992485046386719
13106 0.499725341796875
13106 0.5006790161132812
13097 0.0
13097 0.5002021789550781
13080 1.001119613647461
13080 0.5002021789550781
13080 0.5016326904296875
13080 0.4992485046386719
13080 0.9844303131103516
13080 0.0
13080 1.0175704956054688
13041 0.99945068359375
13041 0.5011558532714844
13041 0.499725341796875
13041 0.0
13041 0.5002021789550781
13041 0.5002021789550781
13041 0.0
13041 0.5006790161132812
13026 0.5002021789550781
13024 0.0
13006 1.001596450805664
13006 0.5002021789550781
12949 0.499725341796875
12929 0.4851818084716797
12893 1.0182857513427734
12873 0.4990100860595703
12871 0.9999275207519531
12871 0.5002021789550781
12871 0.5002021789550781
12871 0.0
12854 1.0004043579101562
12854 0.0
12843 0.5002021789550781
12829 0.0
12826 1.001119613647461
12826 0.5006790161132812
12826 1.4867782592773438
12826 0.49996376037597656
12826 0.5154609680175781
12826 0.0
12826 0.9999275207519531
12826 0.5006790161132812
12821 0.0
12821 0.5002021789550781
12821 0.499725341796875
12821 1.0013580322265625
12791 0.0
12773 0.499725341796875
12773 0.5009174346923828
12773 0.5004405975341797
12773 0.49996376037597656
12753 0.5002021789550781
12753 0.5002021789550781
12751 0.5009174346923828
12751 0.0
12751 0.49996376037597656
12739 0.5002021789550781
12731 0.5016326904296875
12731 0.0
12731 0.49996376037597656
12725 0.5004405975341797
12725 0.5002021789550781
12725 0.5002021789550781
12725 0.49996376037597656
12692 0.0
12692 1.0013580322265625
12692 0.0
12672 0.5006790161132812
12672 0.0
12672 1.4882087707519531
12669 0.5130767822265625
12669 0.0
12667 0.5002021789550781
12647 1.9845962524414062
12647 0.499725341796875
12638 0.5002021789550781
12638 0.5002021789550781
12638 0.5002021789550781
12598 0.0
12594 0.0
12594 0.5002021789550781
12594 0.5009174346923828
12594 1.0006427764892578
12588 0.5004405975341797
12588 0.0
12588 1.0006427764892578
12588 1.0001659393310547
12563 0.5011558532714844
12525 0.5002021789550781
12525 0.49996376037597656
12478 0.5002021789550781
12469 0.0
12469 0.5009174346923828
12454 0.5002021789550781
12454 0.5009174346923828
12454 1.0004043579101562
12454 0.0
12454 1.0025501251220703
12454 0.0
12445 0.9999275207519531
12425 1.0008811950683594
12425 0.5002021789550781
12425 1.5017986297607422
12425 0.5161762237548828
12425 1.0018348693847656
12410 0.499725341796875
12399 0.49996376037597656
12399 0.0
12386 1.0004043579101562
12386 0.5002021789550781
12386 0.5002021789550781
12386 1.0020732879638672
12382 0.9999275207519531
12377 0.5002021789550781
12377 0.0
12377 1.0004043579101562
12348 1.001119613647461
12348 1.0020732879638672
12333 0.0
12333 0.9999275207519531
12333 0.5006790161132812
12329 0.499725341796875
12329 0.5013942718505859
12317 0.0
12311 0.9829998016357422
12311 0.0
12301 1.5170574188232422
12301 0.0
12288 0.0
12288 0.5004405975341797
12261 0.5009174346923828
12254 1.0001659393310547
12254 0.0
12248 1.0008811950683594
12248 0.5011558532714844
12248 0.5002021789550781
12248 0.0
12248 0.0
12248 0.0
12188 0.9999275207519531
12188 0.5013942718505859
12188 0.499725341796875
12171 0.5006790161132812
12171 0.9999275207519531
12171 0.5002021789550781
12171 1.486063003540039
12135 1.0166168212890625
12135 0.5002021789550781
12135 1.0004043579101562
12130 0.0
12130 1.001596450805664
12130 0.9999275207519531
12130 0.0
12130 0.5002021789550781
12130 1.0004043579101562
12130 0.5006790161132812
12130 0.0
12130 1.489400863647461
12130 0.995635986328125
12130 0.0
12129 0.5002021789550781
12129 0.0
12127 0.5002021789550781
12127 0.5002021789550781
12124 0.5006790161132812
12099 0.0
12099 0.5004405975341797
12099 0.0
12099 0.5002021789550781
12099 0.5002021789550781
12099 0.0
12085 1.0013580322265625
12085 0.5002021789550781
12085 0.5009174346923828
12085 0.49948692321777344
12073 1.0030269622802734
12073 0.99945068359375
12073 0.499725341796875
12073 0.5002021789550781
12061 1.0006427764892578
12043 0.0
12043 1.5006065368652344
12043 0.0
12043 0.0
12043 1.0008811950683594
12043 0.5002021789550781
12043 0.5013942718505859
12032 0.499725341796875
12032 0.5002021789550781
12032 0.0
12028 1.0004043579101562
12028 0.5002021789550781
12028 1.5010833740234375
12028 0.5002021789550781
12028 0.0
12028 1.0006427764892578
12028 0.5011558532714844
11991 0.9999275207519531
11979 0.5006790161132812
11979 1.5041828155517578
11979 0.5002021789550781
11979 0.0
11979 0.0
11979 1.0008811950683594
11979 0.5002021789550781
11979 1.5006065368652344
11979 0.0
11979 0.5002021789550781
11979 0.0
11979 1.001119613647461
11979 0.0
11979 1.0004043579101562
11979 1.0008811950683594
11968 0.0
11968 0.5002021789550781
11968 1.0006427764892578
11968 1.5006065368652344
11959 0.0
11959 0.5164146423339844
11959 0.5002021789550781
11954 0.0
11954 1.0004043579101562
11954 0.5002021789550781
11924 1.4851093292236328
11924 0.499725341796875
11924 1.0004043579101562
11924 0.49996376037597656
11907 0.0
11907 1.0006427764892578
11907 0.0
11907 0.0
11899 0.5006790161132812
11890 0.0
11878 1.0006427764892578
11878 0.0
11878 1.0180473327636719
11878 0.5002021789550781
11878 0.0
11864 1.5010833740234375
11862 0.5002021789550781
11862 0.5002021789550781
11862 1.001596450805664
11862 0.0
11862 0.5002021789550781
11831 0.499725341796875
11829 2.0017623901367188
11824 0.5002021789550781
11824 0.5004405975341797
11824 1.001596450805664
11824 0.5006790161132812
11820 1.4994144439697266
11812 1.001119613647461
11806 0.0
11806 0.0
11806 0.5002021789550781
11783 0.0
11783 0.0
11783 1.0006427764892578
11783 0.5009174346923828
11783 0.0
11783 0.5011558532714844
11783 0.499725341796875
11765 1.0008811950683594
11765 0.9999275207519531
11760 0.0
11760 0.0
11760 0.5009174346923828
11760 0.5002021789550781
11740 0.5002021789550781
11726 0.0
11726 0.9858608245849609
11726 0.0
11690 1.0166168212890625
11690 0.9999275207519531
11667 0.9858608245849609
11667 0.5152225494384766
11667 0.0
11667 0.0
11667 0.0
11667 0.5002021789550781
11667 0.9999275207519531
11667 0.5002021789550781
11651 0.0
11651 0.49948692321777344
11644 0.5002021789550781
11644 1.0006427764892578
11644 0.5004405975341797
11631 1.0008811950683594
11631 1.0006427764892578
11617 1.0006427764892578
11600 0.5004405975341797
11591 0.5004405975341797
11591 0.5002021789550781
11577 1.001119613647461
11576 0.0
11534 0.0
11534 1.0008811950683594
11534 0.5002021789550781
11515 0.5002021789550781
11515 0.5002021789550781
11515 0.5013942718505859
11515 0.99945068359375
11515 1.5192031860351562
11512 0.0
11512 0.499725341796875
11512 0.5002021789550781
11512 1.5020370483398438
11512 0.0
11512 0.9999275207519531
11502 0.5004405975341797
11502 0.5004405975341797
11502 0.0
11491 1.0008811950683594
11491 0.0
11491 1.0006427764892578
11491 1.0001659393310547
11458 0.5002021789550781
11458 0.0
11457 0.5009174346923828
11443 0.0
11443 1.001119613647461
11423 0.499725341796875
11423 0.5002021789550781
11423 0.0
11423 0.5002021789550781
11415 0.5011558532714844
11415 0.0
11415 0.9999275207519531
11412 1.001596450805664
11412 0.9846687316894531
11412 0.9996891021728516
11406 1.506805419921875
11376 0.5002021789550781
11376 0.0
11376 1.5015602111816406
11376 0.0
11376 0.0
11376 0.9999275207519531
11376 1.001119613647461
11376 0.9999275207519531
11362 0.0
11362 0.5016326904296875
11362 0.9999275207519531
11345 0.5009174346923828
11338 0.499725341796875
11338 0.9851455688476562
11325 0.5009174346923828
11325 1.5010833740234375
11319 0.0
11319 1.5001296997070312
11319 0.499725341796875
11298 0.5002021789550781
11298 0.0
11298 1.500844955444336
11285 1.0008811950683594
11285 0.499725341796875
11285 0.5006790161132812
11285 0.5002021789550781
11285 1.0004043579101562
11283 0.0
11281 1.001119613647461
11273 0.5002021789550781
11239 0.5002021789550781
11239 0.5002021789550781
11239 0.5006790161132812
11229 0.5002021789550781
11229 0.5006790161132812
11229 0.0
11229 0.5004405975341797
11229 0.5002021789550781
11229 0.0
11154 1.0004043579101562
11103 0.5006790161132812
11103 0.0
11085 1.5006065368652344
11082 0.0
11082 1.5027523040771484
11082 0.0
11082 0.5030632019042969
11072 0.49877166748046875
11064 1.0008811950683594
11047 0.5002021789550781
11047 1.0004043579101562
11047 0.0
11046 0.49996376037597656
11045 0.5011558532714844
11004 0.0
11004 1.0018348693847656
11004 0.0
10990 0.0
10990 0.9999275207519531
10990 0.5002021789550781
10990 0.5006790161132812
10990 0.48279762268066406
10981 1.0199546813964844
10957 3.0007362365722656
10955 0.9875297546386719
10951 1.9991397857666016
10951 1.501321792602539
10951 1.0004043579101562
10934 0.5002021789550781
10934 1.5017986297607422
10934 0.0
10934 0.5002021789550781
10924 0.99945068359375
10924 0.5002021789550781
10924 0.5168914794921875
10924 0.5006790161132812
10922 0.0
10897 1.001119613647461
10877 0.49948692321777344
10868 0.0
10854 0.0
10827 0.5002021789550781
10827 0.5002021789550781
10803 0.0
10782 1.500844955444336
10782 0.0
10782 0.0
10782 0.5002021789550781
10782 0.4878044128417969
10782 0.0
10782 1.0137557983398438
10782 0.0
10782 0.5004405975341797
10782 0.5006790161132812
10764 1.0004043579101562
10753 0.5009174346923828
10753 0.9996891021728516
10753 0.5002021789550781
565.8705234527588