595477 5048.586845397949
595477 0.99945068359375
595477 55.02748489379883
595475 5.00035285949707
595475 14.008760452270508
595473 27.022600173950195
595471 19.010066986083984
595429 9.006023406982422
595429 9.005546569824219
595397 20.015239715576172
595391 0.9999275207519531
595388 27.035236358642578
595381 6.003618240356445
595381 7.005214691162109
595378 2.001523971557617
595375 20.014047622680664
595375 7.003068923950195
595375 1.0008811950683594
595372 1.001119613647461
595356 30.02190589904785
595356 4.002094268798828
595309 0.0
595309 28.021574020385742
595282 35.02321243286133
595282 7.004499435424805
595236 2.001523971557617
595230 17.012834548950195
595230 16.02315902709961
595212 19.014358520507812
595212 1.99127197265625
595212 9.006023406982422
595211 4.002809524536133
595208 7.005214691162109
595205 15.007734298706055
595205 2.0008087158203125
595181 7.0056915283203125
595162 2.001523971557617
595155 5.003929138183594
595155 2.000570297241211
595130 32.01007843017578
595087 0.9987354278564453
595054 3.002166748046875
595054 24.016857147216797
594981 21.014690399169922
594981 3.016948699951172
594955 0.0
594946 32.022714614868164
594941 54.04973030090332
594852 30.0142765045166
594852 0.9980201721191406
594835 7.005453109741211
594771 35.02297401428223
594771 0.0
594759 33.02431106567383
594719 20.015239715576172
594718 28.017759323120117
594713 6.00433349609375
594693 34.0268611907959
594669 23.014307022094727
594669 1.001119613647461
594667 3.0012130737304688
594642 7.004737854003906
594642 0.0
594632 1.0013580322265625
594632 31.023263931274414
594554 6.0024261474609375
594553 2.0012855529785156
594553 1.0004043579101562
594553 4.003763198852539
594553 9.007453918457031
594553 0.9999275207519531
594553 29.021501541137695
594552 10.007619857788086
594552 3.0002593994140625
594546 1.0008811950683594
594546 14.009475708007812
594484 29.023170471191406
594484 20.01357078552246
594484 5.987644195556641
594484 8.005619049072266
594423 24.0175724029541
594423 7.004737854003906
594396 22.01533317565918
594396 6.004571914672852
594396 31.023502349853516
594346 12.006759643554688
594318 1.001119613647461
594318 6.105899810791016
594318 1.0008811950683594
594277 1.0004043579101562
594252 8.006095886230469
594252 29.02054786682129
594252 24.0018367767334
594252 21.015167236328125
594231 3.0024051666259766
594196 5.003213882446289
594196 8.005619049072266
594168 19.03057098388672
594167 11.988639831542969
594132 24.046659469604492
594132 22.005081176757812
594118 8.005619049072266
594053 3.0024051666259766
594046 18.01156997680664
594046 2.9878616333007812
594036 14.00899887084961
594034 18.014192581176758
594024 2.0003318786621094
594024 14.009475708007812
594024 19.01388168334961
594010 6.004095077514648
593971 5.003452301025391
593971 20.014286041259766
593946 1.0013580322265625
593927 11.008024215698242
593927 1.0018348693847656
593915 14.008283615112305
593913 3.0024051666259766
593884 26.01766586303711
593884 2.002239227294922
593884 6.00433349609375
593884 3.0012130737304688
593884 10.007619857788086
593869 9.006977081298828
593858 2.000570297241211
593858 34.02256965637207
593815 7.004022598266602
593815 8.008480072021484
593808 4.004001617431641
593796 30.01999855041504
593753 6.002902984619141
593705 2.0024776458740234
593665 15.010356903076172
593653 3.0019283294677734
593653 2.0017623901367188
593596 1.001119613647461
593596 0.0
593585 23.015499114990234
593585 32.03845024108887
593559 3.0024051666259766
593545 20.01357078552246
593545 7.004737854003906
593545 28.00917625427246
593512 8.002519607543945
593512 1.0020732879638672
593506 30.02190589904785
593506 21.01278305053711
593506 14.009952545166016
593493 4.0035247802734375
593492 26.018857955932617
593492 3.0014514923095703
593439 1.0006427764892578
593404 9.006500244140625
593388 11.022090911865234
593388 1.001119613647461
593388 23.017168045043945
593388 13.009309768676758
593360 7.0037841796875
593323 3.002166748046875
593277 4.987239837646484
593260 8.022308349609375
593233 23.002147674560547
593233 31.021833419799805
593233 8.005142211914062
593233 6.003618240356445
593233 6.020069122314453
593193 5.0029754638671875
593147 1.0013580322265625
593136 24.019241333007812
593125 24.01566505432129
593125 5.002260208129883
593114 13.010740280151367
593108 6.003856658935547
593099 31.021833419799805
593071 7.004976272583008
593071 4.002809524536133
593071 23.000001907348633
593026 5.002737045288086
593013 34.028053283691406
593011 3.0002593994140625
592997 4.002809524536133
592997 27.019262313842773
592997 4.00233268737793
592997 27.019023895263672
592984 3.0024051666259766
592984 28.01990509033203
592984 9.006261825561523
592984 2.001047134399414
592976 4.000663757324219
592968 6.00433349609375
592951 7.004499435424805
592942 6.005048751831055
592932 31.038522720336914
592874 1.0008811950683594
592874 53.05027961730957
592874 45.02296447753906
592856 4.999876022338867
592810 8.006572723388672
592773 8.005619049072266
592746 3.0014514923095703
592746 5.003690719604492
592746 28.01990509033203
592720 14.01066780090332
592698 2.000093460083008
592698 8.00633430480957
592660 7.004737854003906
592651 0.0
592651 13.008832931518555
592606 12.009859085083008
592606 0.0
592606 8.005142211914062
592603 2.0008087158203125
592603 35.01009941101074
592603 3.0028820037841797
592558 0.0
592558 11.007070541381836
592527 21.014690399169922
592521 0.0
592504 19.0126895904541
592504 3.0028820037841797
592495 25.020837783813477
592460 23.014068603515625
592439 10.005950927734375
592388 3.0019283294677734
592334 1.0004043579101562
592334 6.004810333251953
592334 33.023834228515625
592334 9.005546569824219
592322 11.008262634277344
592322 6.004095077514648
592322 17.011642456054688
592322 6.00433349609375
592322 10.00666618347168
592288 22.017955780029297
592241 3.000497817993164
592241 5.004167556762695
592176 19.01102066040039
592176 29.027700424194336
592176 6.002664566040039
592147 4.0035247802734375
592147 9.007692337036133
592086 12.005805969238281
592058 31.017780303955078
592058 25.020360946655273
592058 17.00901985168457
592006 32.02342987060547
591958 33.04266929626465
591947 4.000663757324219
591930 7.004737854003906
591914 4.003763198852539
591914 27.00066566467285
591894 6.004095077514648
591852 24.017810821533203
591852 1.0008811950683594
591848 3.0024051666259766
591792 2.0008087158203125
591792 1.0004043579101562
591768 9.006738662719727
591746 6.003856658935547
591746 17.01188087463379
591735 7.0056915283203125
591724 11.007308959960938
591724 1.0013580322265625
591724 1.0001659393310547
591708 27.019500732421875
591695 29.0224552154541
591695 16.011476516723633
591666 3.0028820037841797
591659 12.007474899291992
591659 14.009952545166016
591659 6.001949310302734
591659 27.02164649963379
591650 0.0
591595 10.005474090576172
591595 18.01156997680664
591576 25.018692016601562
591558 0.9999275207519531
591533 0.0
591533 11.008501052856445
591514 5.003213882446289
591514 7.021188735961914
591514 4.00233268737793
591514 33.02288055419922
591514 8.00633430480957
591514 8.005142211914062
591514 4.002809524536133
591465 33.007144927978516
591457 3.0019283294677734
591457 30.02166748046875
591442 4.00543212890625
591387 17.010211944580078
591311 7.0037841796875
591311 16.011476516723633
591311 4.002809524536133
591310 3.0024051666259766
591310 1.0008811950683594
591310 21.018505096435547
591310 28.017759323120117
591290 13.008832931518555
591290 28.021574020385742
591288 20.013093948364258
591284 8.005619049072266
591284 35.02798080444336
591277 2.9990673065185547
591277 0.0
591277 7.004737854003906
591277 9.006738662719727
591275 19.01412010192871
591275 15.01011848449707
591275 4.001855850219727
591275 25.01964569091797
591247 27.019977569580078
591247 0.99945068359375
591179 5.003690719604492
591169 5.00178337097168
591169 32.02199935913086
591151 16.01123809814453
591089 18.014907836914062
591003 11.006593704223633
591003 6.003141403198242
591003 0.0
590992 7.0095062255859375
590974 14.034271240234375
590921 43.01953315734863
590911 3.002166748046875
590911 25.005817413330078
590911 6.000041961669922
590898 5.003690719604492
590898 5.002737045288086
590898 26.017427444458008
590847 2.0020008087158203
590847 4.00233268737793
590788 31.036853790283203
590788 28.01990509033203
590779 1.0008811950683594
590754 19.013404846191406
590754 1.0008811950683594
590754 3.0019283294677734
590734 10.007619857788086
590734 3.002166748046875
590706 0.0
590706 13.009309768676758
590706 3.0024051666259766
590706 2.0012855529785156
590700 8.005619049072266
590700 5.003213882446289
590684 4.00233268737793
590680 2.0020008087158203
590680 10.007143020629883
590679 0.0
590679 22.016048431396484
590632 0.0
590600 20.013809204101562
590590 33.02335739135742
590577 31.022071838378906
590572 0.0
590572 21.01588249206543
590572 5.002737045288086
590534 3.9870738983154297
590522 10.007143020629883
590522 3.002643585205078
590522 17.01211929321289
590514 5.003213882446289
590514 2.0020008087158203
590468 23.01621437072754
590451 27.019023895263672
590451 5.003690719604492
590451 7.005214691162109
590419 14.009952545166016
590397 32.02056884765625
590387 32.02533721923828
590331 3.0019283294677734
590290 30.02190589904785
590290 1.0004043579101562
590290 32.02223777770996
590290 10.00666618347168
590290 20.030498504638672
590290 18.01156997680664
590290 2.0020008087158203
590290 4.002809524536133
590290 19.014835357666016
590290 5.001544952392578
590271 17.01188087463379
590271 36.00931167602539
590255 2.0177364349365234
590173 26.018857955932617
590160 34.023284912109375
590149 1.0008811950683594
590134 31.022310256958008
590120 5.002737045288086
590120 31.02254867553711
590120 2.0017623901367188
590115 0.9999275207519531
590115 22.016048431396484
590115 8.005857467651367
590115 2.001523971557617
590105 6.004095077514648
590082 22.01557159423828
590082 2.002239227294922
590082 6.004095077514648
590082 29.003143310546875
590053 27.019500732421875
590022 8.005142211914062
589966 4.002809524536133
589966 12.01176643371582
589932 0.0
589929 25.014162063598633
589907 14.02735710144043
589907 29.00528907775879
589906 6.019353866577148
589906 6.00433349609375
589857 16.01123809814453
589833 13.009071350097656
589833 21.01731300354004
589745 6.002664566040039
589733 1.001119613647461
589729 34.006595611572266
589695 12.008905410766602
589689 17.01211929321289
589689 2.0008087158203125
589689 7.004737854003906
589689 0.0
589689 2.0020008087158203
589689 13.01121711730957
589684 1.0013580322265625
589684 24.01447296142578
589666 4.002809524536133
589666 0.0
589660 5.003213882446289
589660 7.005453109741211
589660 2.000570297241211
589660 4.003047943115234
589660 10.010242462158203
589618 26.019811630249023
589618 7.002830505371094
589601 19.02937889099121
589568 20.015954971313477
589568 1.9998550415039062
589545 3.0019283294677734
589477 0.0
589477 6.003141403198242
589429 4.988670349121094
589429 26.020050048828125
589429 6.002664566040039
589406 10.007143020629883
589406 29.0219783782959
589406 3.0019283294677734
589338 33.02168846130371
589338 5.002737045288086
589335 25.020360946655273
589322 7.004737854003906
589322 6.004095077514648
589322 7.004737854003906
589256 3.0024051666259766
589247 4.00233268737793
589226 24.019241333007812
589226 32.02176094055176
589226 32.038211822509766
589188 18.01276206970215
589187 18.01133155822754
589179 6.005287170410156
589166 1.0004043579101562
589160 9.006738662719727
589160 3.001689910888672
589143 2.001047134399414
589143 14.011621475219727
589136 33.02264213562012
589122 7.004261016845703
589107 6.004571914672852
589068 6.003856658935547
589062 9.006977081298828
589062 32.010555267333984
589059 26.015281677246094
589059 4.003763198852539
589051 11.006593704223633
589051 19.015789031982422
589032 21.01421356201172
589032 21.014690399169922
588965 22.014856338500977
588965 1.0013580322265625
588957 7.004499435424805
588921 25.019168853759766
588912 22.015094757080078
588912 0.9989738464355469
588880 7.004976272583008
588799 29.021024703979492
588799 11.008024215698242
588755 16.014575958251953
588750 7.001638412475586
588739 2.0012855529785156
588737 19.015073776245117
588737 28.01966667175293
588706 14.024734497070312
588706 2.9866695404052734
588706 26.01790428161621
588674 4.002809524536133
588674 7.004737854003906
588618 9.00721549987793
588618 19.01412010192871
588618 2.000570297241211
588618 9.004354476928711
588618 33.04028511047363
588618 34.02376174926758
588618 13.007402420043945
588605 27.019023895263672
588605 33.006906509399414
588605 3.018617630004883
588596 7.004737854003906
588596 14.010906219482422
588562 11.006832122802734
588562 29.00385856628418
588562 15.010833740234375
588562 6.003618240356445
588559 24.017810821533203
588559 8.02302360534668
588559 22.014379501342773
588533 2.0020008087158203
588533 7.004737854003906
588533 3.987550735473633
588525 22.03083038330078
588521 12.008428573608398
588520 7.004976272583008
588511 18.01276206970215
588511 4.002809524536133
588477 31.023740768432617
588477 9.004592895507812
588477 13.997554779052734
588477 6.002187728881836
588464 12.009620666503906
588447 11.006832122802734
588423 4.003047943115234
588423 2.001047134399414
588417 1.0008811950683594
588417 25.017738342285156
588417 0.9999275207519531
588386 3.0002593994140625
588386 9.00721549987793
588351 32.024383544921875
588351 1.9998550415039062
588316 30.021190643310547
588298 15.01154899597168
588255 9.005069732666016
588255 8.005619049072266
588253 20.01476287841797
588253 21.01445198059082
588253 32.02509880065918
588253 10.004758834838867
588251 7.005453109741211
588213 3.0019283294677734
588193 3.003358840942383
588177 0.0
588177 21.014690399169922
588177 17.01188087463379
588123 24.0170955657959
588112 10.005950927734375
588101 33.02192687988281
588101 14.009714126586914
588101 17.0290470123291
588101 7.004737854003906
588101 3.0024051666259766
588101 17.995357513427734
588101 5.021095275878906
588090 32.006025314331055
588090 9.006023406982422
588061 4.003047943115234
588045 16.010522842407227
588045 1.0013580322265625
588038 32.04202651977539
588038 5.001544952392578
588020 3.0019283294677734
588006 18.01300048828125
588006 11.007070541381836
587999 4.00233268737793
587990 2.0020008087158203
587966 17.012357711791992
587966 3.0024051666259766
587966 3.0014514923095703
587939 14.009237289428711
587939 5.003213882446289
587939 20.014286041259766
587939 3.0028820037841797
587930 6.003141403198242
587930 29.021024703979492
587930 3.002166748046875
587930 6.003856658935547
587930 5.003213882446289
587930 14.009952545166016
587929 7.005214691162109
587929 28.01990509033203
587929 1.0004043579101562
587906 4.002809524536133
587893 2.001523971557617
587893 4.003286361694336
587887 12.007951736450195
587863 9.006500244140625
587843 6.003856658935547
587774 4.0035247802734375
587761 20.014047622680664
587761 3.0024051666259766
587761 23.016691207885742
587761 1.0004043579101562
587761 5.003213882446289
587761 2.987384796142578
587718 52.03962326049805
587718 11.003971099853516
587711 7.004737854003906
587711 16.109466552734375
587711 44.95072364807129
587708 27.01878547668457
587708 4.990100860595703
587701 6.003141403198242
587701 34.02519226074219
587701 26.018619537353516
587701 3.000974655151367
587701 22.017240524291992
587696 8.003711700439453
587668 6.003618240356445
587650 3.002643585205078
587644 30.024051666259766
587639 11.005878448486328
587630 1.0004043579101562
587630 3.0028820037841797
587622 2.0003318786621094
587607 0.0
587570 27.019023895263672
587570 3.0024051666259766
587565 33.02478790283203
587505 28.020381927490234
587494 0.9992122650146484
587487 32.02390670776367
587464 19.012928009033203
587453 16.010046005249023
587453 23.01931381225586
587416 30.020952224731445
587416 30.02023696899414
587416 19.0122127532959
587416 8.006095886230469
587416 4.00233268737793
587416 32.024383544921875
587416 2.0012855529785156
587416 32.01889991760254
587404 21.01874351501465
587404 15.012264251708984
587404 24.014711380004883
587394 3.002166748046875
587377 2.0008087158203125
587377 16.011476516723633
587377 12.009620666503906
587377 6.003379821777344
587349 1.0008811950683594
587307 2.0008087158203125
587307 17.012596130371094
587300 3.0019283294677734
587300 17.01188087463379
587285 0.0
587285 23.015975952148438
587267 24.0170955657959
587212 9.006738662719727
587162 8.005619049072266
587143 4.003047943115234
587143 3.000497817993164
587132 0.0
587094 2.002716064453125
587043 4.019975662231445
587009 9.00411605834961
587009 27.00495719909668
587003 2.0012855529785156
586989 3.0014514923095703
586937 7.006645202636719
586937 8.003473281860352
586895 4.002809524536133
586868 5.004644393920898
586868 32.02199935913086
586868 2.0020008087158203
586839 2.0008087158203125
586839 8.005857467651367
586802 3.0024051666259766
586789 0.9999275207519531
586781 0.0
586758 29.0224552154541
586758 13.008356094360352
586757 6.00433349609375
586757 1.016855239868164
586749 7.0037841796875
586712 12.991905212402344
586712 24.0170955657959
586700 7.005214691162109
586678 1.0004043579101562
586678 3.0019283294677734
586672 31.02564811706543
586672 15.009164810180664
586621 4.002809524536133
586621 18.014192581176758
586612 13.009309768676758
586603 10.005950927734375
586569 1.0008811950683594
586567 20.01333236694336
586555 2.000570297241211
586481 33.023834228515625
586422 1.0004043579101562
586415 2.001523971557617
586415 19.029855728149414
586373 5.988597869873047
586373 27.021169662475586
586349 5.002260208129883
586349 32.022714614868164
586349 10.007143020629883
586349 9.006023406982422
586347 21.016359329223633
586347 2.0008087158203125
586323 10.007381439208984
586299 25.016307830810547
586299 32.0277214050293
586299 44.04139518737793
586299 18.013477325439453
586299 19.03247833251953
586299 15.01011848449707
586299 13.991594314575195
586270 13.027191162109375
586264 5.003452301025391
586245 1.0008811950683594
586245 2.9871463775634766
586245 3.0167102813720703
586231 8.006095886230469
586231 4.002809524536133
586223 3.0019283294677734
586223 2.985715866088867
586223 33.02431106567383
586221 20.012378692626953
586196 2.001523971557617
586183 8.008003234863281
586169 7.004499435424805
586167 6.005287170410156
586167 25.01511573791504
586167 7.004499435424805
586138 5.021095275878906
586134 4.002809524536133
586127 16.011476516723633
586115 20.015239715576172
586115 1.001119613647461
586115 5.002260208129883
586115 1.0008811950683594
586104 5.003213882446289
586068 6.003856658935547
586068 3.001689910888672
586046 5.003929138183594
585976 8.006572723388672
585937 7.004737854003906
585937 27.019023895263672
585937 1.0004043579101562
585916 18.012285232543945
585916 31.02254867553711
585916 5.003213882446289
585916 31.022071838378906
585916 9.006738662719727
585916 11.007547378540039
585916 1.0008811950683594
585912 37.01305389404297
585884 5.016803741455078
585884 2.0012855529785156
585857 0.9999275207519531
585839 29.024362564086914
585839 9.987115859985352
585839 58.043718338012695
585839 1.0006427764892578
585826 12.008428573608398
585826 2.9997825622558594
585790 2.0012855529785156
585786 13.012170791625977
585771 14.00899887084961
585752 3.001689910888672
585733 19.01841163635254
585723 1.9974708557128906
585723 31.022310256958008
585723 33.02431106567383
585717 4.000425338745117
585717 6.005048751831055
585717 2.001523971557617
585686 5.003213882446289
585667 3.0019283294677734
585667 24.018526077270508
585655 0.99945068359375
585655 21.03114128112793
585655 0.0
585617 22.017717361450195
585608 20.997047424316406
585608 0.0
585598 1.0464191436767578
585566 5.973577499389648
585566 10.99085807800293
585566 4.002571105957031
585552 22.015094757080078
585552 0.0
585552 4.002809524536133
585552 23.033857345581055
585552 5.002737045288086
585552 28.00583839416504
585538 11.008739471435547
585515 16.009807586669922
585515 1.0018348693847656
585515 2.000570297241211
585509 23.015975952148438
585509 1.0020732879638672
585501 2.001047134399414
585497 10.021448135375977
585497 1.001119613647461
585497 24.0175724029541
585497 8.00466537475586
585497 8.005619049072266
585448 14.011144638061523
585436 4.001617431640625
585436 12.0086669921875
585435 29.021263122558594
585435 22.001028060913086
585396 1.0006427764892578
585393 9.005546569824219
585381 13.024568557739258
585338 6.99162483215332
585338 14.023065567016602
585277 4.988670349121094
585277 1.0006427764892578
585277 3.002166748046875
585253 5.017995834350586
585245 18.012046813964844
585245 2.0020008087158203
585213 5.003213882446289
585185 12.0086669921875
585183 7.005214691162109
585183 3.0028820037841797
585157 22.01676368713379
585157 3.000974655151367
585157 10.008811950683594
585157 3.000497817993164
585126 0.0
585126 14.995336532592773
585126 22.014856338500977
585123 22.016048431396484
585123 1.0020732879638672
585048 5.00178337097168
584994 0.0
584975 7.004022598266602
584973 31.0211181640625
584973 19.01388168334961
584958 7.004737854003906
584958 8.005857467651367
584946 30.021190643310547
584946 8.007287979125977
584946 26.018857955932617
584932 29.03604507446289
584932 28.001785278320312
584932 4.020929336547852
584877 1.0006427764892578
584877 1.0004043579101562
584850 34.02400016784668
584850 23.018360137939453
584825 27.01735496520996
584825 7.005214691162109
584807 2.001523971557617
584788 21.015167236328125
584788 28.005123138427734
584781 6.003379821777344
584771 8.005142211914062
584720 1.0013580322265625
584720 3.002166748046875
584720 21.014928817749023
584714 6.003856658935547
584698 4.002809524536133
584695 29.023170471191406
584695 31.0211181640625
584654 4.001617431640625
584603 26.01909637451172
584587 21.03137969970703
584587 18.010854721069336
584587 10.006904602050781
584515 7.00688362121582
584515 1.001596450805664
584515 19.013166427612305
584496 27.019977569580078
584496 0.0
584448 6.001710891723633
584429 31.00442886352539
584390 16.011476516723633
584342 29.0219783782959
584342 31.023263931274414
584342 21.03137969970703
584342 9.003400802612305
584335 3.0028820037841797
584301 9.006738662719727
584296 13.009071350097656
584266 16.01243019104004
584218 31.02397918701172
584193 0.9987354278564453
584140 13.00954818725586
584110 26.017427444458008
584110 3.0019283294677734
584110 6.003618240356445
584084 30.02190589904785
584084 5.002737045288086
584051 8.00776481628418
584001 7.003545761108398
584001 3.0019283294677734
583983 5.003690719604492
583983 2.001047134399414
583983 2.0012855529785156
583983 23.016691207885742
583983 10.007619857788086
583943 8.00466537475586
583943 8.00633430480957
583928 5.003213882446289
583928 6.00433349609375
583928 6.004810333251953
583925 4.002809524536133
583925 7.004976272583008
583914 1.9843578338623047
583914 7.02214241027832
583903 34.00683403015137
583903 10.006189346313477
583887 16.02911949157715
583887 61.0346794128418
583859 5.001306533813477
583837 38.02371025085449
583831 9.004831314086914
583821 11.00778579711914
583821 33.02407264709473
583818 8.003711700439453
583808 15.010356903076172
583808 4.003286361694336
583808 11.010885238647461
583808 11.021614074707031
583808 6.989479064941406
583807 23.016691207885742
583803 2.0020008087158203
583796 23.01621437072754
583796 28.01966667175293
583771 3.0014514923095703
583771 5.004405975341797
583770 4.00233268737793
583770 4.00233268737793
583741 34.0423583984375
583741 8.002996444702148
583741 3.0024051666259766
583740 24.00350570678711
583716 23.015975952148438
583712 21.01445198059082
583712 33.02407264709473
583696 33.02645683288574
583694 30.016422271728516
583694 4.002809524536133
583694 31.02731704711914
583677 31.017303466796875
583677 1.0025501251220703
583667 5.001306533813477
583587 0.0
583587 29.021501541137695
583587 31.0208797454834
583587 25.017976760864258
583577 4.002571105957031
583552 4.00233268737793
583552 1.001119613647461
583552 6.003856658935547
583530 3.0024051666259766
583530 26.018142700195312
583530 1.0027885437011719
583522 23.013830184936523
583522 5.003452301025391
583502 10.023832321166992
583455 61.03062629699707
583447 0.0
583437 26.0162353515625
583437 11.008262634277344
583437 2.0008087158203125
583437 0.0
583437 2.001523971557617
583437 33.02407264709473
583409 2.0003318786621094
583340 4.002809524536133
583330 2.0008087158203125
583327 0.0
583327 4.002809524536133
583294 23.018598556518555
583217 24.016857147216797
583217 3.000974655151367
583192 10.007858276367188
583192 22.115707397460938
583175 27.018070220947266
583175 3.002166748046875
583115 32.02390670776367
583092 5.003213882446289
583092 2.001047134399414
583092 16.011953353881836
583050 4.002809524536133
583000 25.00176429748535
583000 22.01557159423828
583000 7.005214691162109
583000 0.0
583000 3.0024051666259766
582976 32.02390670776367
582967 5.002260208129883
582945 1.0004043579101562
582945 5.003690719604492
582945 6.003141403198242
12482.020616531372