37004 46.532392501831055
37000 0.5016326904296875
36988 0.5137920379638672
36988 1.0006427764892578
36981 1.0008811950683594
36957 0.499725341796875
36925 1.0006427764892578
36852 1.0006427764892578
36852 1.0001659393310547
36852 0.4851818084716797
36823 3.002166748046875
36789 0.5028247833251953
36789 0.9989738464355469
36766 1.0008811950683594
36762 1.0004043579101562
36753 0.5002021789550781
36737 0.5006790161132812
36704 0.5002021789550781
36657 1.0006427764892578
36655 0.0
36655 0.0
36655 1.5015602111816406
36655 0.5159378051757812
36629 0.9999275207519531
36595 1.0008811950683594
36565 1.0004043579101562
36559 0.5002021789550781
36558 1.001119613647461
36554 0.0
36554 0.0
36554 0.0
36527 0.5002021789550781
36470 0.4839897155761719
36456 1.001596450805664
36438 1.0159015655517578
36432 0.5018711090087891
36432 0.4992485046386719
36390 0.5002021789550781
36383 0.5002021789550781
36365 1.0008811950683594
36316 1.5017986297607422
36283 0.0
36267 0.4992485046386719
36241 1.5015602111816406
36241 0.9839534759521484
36241 0.5021095275878906
36241 0.5002021789550781
36186 1.0006427764892578
36185 1.0004043579101562
36185 0.5009174346923828
36185 0.0
36183 1.0001659393310547
36183 0.0
36145 0.5009174346923828
36088 0.0
36088 0.5004405975341797
36088 0.5016326904296875
36069 0.99945068359375
36069 2.001523971557617
36069 1.0154247283935547
36069 0.5002021789550781
36069 0.0
36069 0.5006790161132812
36069 0.5002021789550781
36069 0.4856586456298828
36051 0.5154609680175781
36051 0.5002021789550781
36051 0.5002021789550781
36040 0.0
36040 1.0004043579101562
36016 0.5006790161132812
36016 1.001119613647461
36002 1.0004043579101562
35997 0.0
35970 1.0004043579101562
35970 0.0
35948 0.5011558532714844
35948 1.0175704956054688
35948 0.9877681732177734
35948 0.0
35861 1.013040542602539
35861 1.4832019805908203
35844 0.0
35842 0.0
35842 1.0013580322265625
35800 0.5178451538085938
35780 0.5002021789550781
35780 0.0
35780 0.0
35752 0.0
35731 0.5002021789550781
35731 0.5002021789550781
35731 0.5002021789550781
35721 0.5002021789550781
35721 0.5021095275878906
35721 0.4990100860595703
35721 0.0
35717 0.5006790161132812
35717 1.0004043579101562
35648 0.5002021789550781
35614 0.5002021789550781
35597 0.0
35594 0.4856586456298828
35594 1.5163421630859375
35594 0.5002021789550781
35526 1.0008811950683594
35522 0.9999275207519531
35468 0.9853839874267578
35468 0.0
35468 0.5171298980712891
35433 0.4818439483642578
35427 1.018524169921875
35358 0.499725341796875
35327 0.5011558532714844
35315 1.0001659393310547
35310 0.0
35308 0.5009174346923828
35280 0.4839897155761719
35273 1.0004043579101562
35273 0.499725341796875
35273 0.5002021789550781
35273 1.003265380859375
35273 1.0008811950683594
35268 0.0
35268 0.49948692321777344
35268 1.5025138854980469
35268 0.4992485046386719
35254 0.5002021789550781
35239 1.5010833740234375
35181 0.0
35154 0.5006790161132812
35149 0.5021095275878906
35149 0.0
35136 0.99945068359375
35136 0.5006790161132812
35129 1.0004043579101562
35129 0.5006790161132812
35126 1.0006427764892578
35126 0.5002021789550781
35118 1.0004043579101562
35118 1.0008811950683594
35118 1.0008811950683594
35118 0.0
35118 0.5004405975341797
35118 0.5002021789550781
35118 0.5002021789550781
35118 1.0008811950683594
35118 0.5002021789550781
35108 1.499176025390625
35108 1.5010833740234375
35103 0.5185604095458984
35093 1.0008811950683594
35093 1.0166168212890625
35092 0.5002021789550781
35092 0.0
35092 0.5002021789550781
35086 0.0
35074 0.0
35034 1.001119613647461
35031 0.0
35005 0.5002021789550781
34987 1.0008811950683594
34986 0.5002021789550781
34982 0.5006790161132812
34951 1.500844955444336
34908 0.0
34888 0.9846687316894531
34847 2.001047134399414
34809 1.0170936584472656
34787 0.0
34782 0.5002021789550781
34779 0.0
34779 0.5004405975341797
34779 0.5011558532714844
34779 0.5002021789550781
34779 0.5002021789550781
34779 0.48470497131347656
34771 0.0
34771 0.49948692321777344
34733 0.5002021789550781
34698 0.0
34698 0.5002021789550781
34690 0.499725341796875
34690 0.5002021789550781
34673 1.0027885437011719
34668 0.9987354278564453
34668 0.5011558532714844
34668 0.0
34655 0.99945068359375
34641 0.0
34641 1.0008811950683594
34641 1.001119613647461
34640 0.0
34638 1.5006065368652344
34638 1.0013580322265625
34638 0.0
34628 1.0173320770263672
34628 0.5009174346923828
34608 0.0
34604 0.5002021789550781
34604 0.5002021789550781
34588 0.484466552734375
34559 0.5002021789550781
34543 0.49948692321777344
34543 0.0
34506 2.003192901611328
34506 0.5009174346923828
34469 1.5006065368652344
34469 0.0
34453 0.5002021789550781
34453 1.4946460723876953
34453 0.5018711090087891
34453 0.99945068359375
34453 0.5006790161132812
34448 3.003835678100586
34426 1.501321792602539
34414 1.0008811950683594
34387 0.5159378051757812
34350 0.5004405975341797
34335 0.4925727844238281
34328 0.0
34328 1.0077953338623047
34328 0.0
34328 1.0008811950683594
34323 0.0
34303 1.0008811950683594
34303 0.4837512969970703
34303 0.5004405975341797
34269 0.5006790161132812
34269 0.49996376037597656
34269 0.499725341796875
34269 0.5011558532714844
34253 1.0004043579101562
34227 0.0
34227 1.0013580322265625
34197 0.0
34197 0.0
34115 0.5002021789550781
34115 0.49948692321777344
34115 0.0
34115 0.4868507385253906
34064 0.5154609680175781
34058 0.499725341796875
34050 0.9846687316894531
34010 0.5004405975341797
33983 0.9984970092773438
33983 1.501321792602539
33950 0.0
33914 0.5009174346923828
33884 0.5004405975341797
33884 1.0006427764892578
33884 0.49948692321777344
33878 0.0
33878 0.5009174346923828
33878 0.0
33861 1.0004043579101562
33852 0.5006790161132812
33829 0.0
33818 1.0023117065429688
33810 0.9989738464355469
33786 0.5004405975341797
33726 1.0006427764892578
33726 0.0
33726 0.5004405975341797
33714 0.0
33701 0.5004405975341797
33701 1.501321792602539
33685 0.5002021789550781
33679 1.0008811950683594
33679 1.0180473327636719
33679 1.0006427764892578
33679 0.0
33679 0.5009174346923828
33670 0.9996891021728516
33670 0.5002021789550781
33670 0.5002021789550781
33617 0.5006790161132812
33588 0.5002021789550781
33588 0.5009174346923828
33585 0.49948692321777344
33585 0.0
33578 1.001596450805664
33578 0.0
33568 0.499725341796875
33568 0.5006790161132812
33568 0.0
33552 0.5002021789550781
33545 0.4894733428955078
33545 1.0123252868652344
33545 0.0
33539 1.5003681182861328
33510 0.5011558532714844
33508 0.49948692321777344
33508 0.5011558532714844
33486 1.4851093292236328
33486 0.5006790161132812
33479 0.5004405975341797
33479 1.0006427764892578
33444 1.0161399841308594
33444 0.0
33444 0.5002021789550781
33444 1.0008811950683594
33444 0.499725341796875
33425 1.0008811950683594
33425 0.0
33425 0.5018711090087891
33420 1.5001296997070312
33410 0.4856586456298828
33410 0.5133152008056641
33410 1.0006427764892578
33390 0.48613548278808594
33390 0.0
33344 1.0149478912353516
33344 0.0
33324 1.0004043579101562
33324 0.5006790161132812
33283 1.001596450805664
33273 0.5002021789550781
33207 0.499725341796875
33207 0.0
33207 1.0008811950683594
33207 0.0
33202 0.9999275207519531
33202 0.5006790161132812
33147 0.0
33147 0.0
33093 0.5004405975341797
33083 0.5002021789550781
33083 1.985311508178711
33057 0.0
33050 0.0
33026 0.0
33010 0.499725341796875
33010 0.0
33010 1.0004043579101562
33010 0.5006790161132812
33010 1.0004043579101562
33010 1.0008811950683594
32938 0.5004405975341797
32938 1.0004043579101562
32928 0.5006790161132812
32887 1.5017986297607422
32887 4.002809524536133
32887 0.0
32868 1.003265380859375
32808 1.5003681182861328
32796 0.5009174346923828
32791 0.49996376037597656
32791 1.0006427764892578
32791 1.0001659393310547
32791 0.0
32791 0.5011558532714844
32740 0.0
32732 0.5002021789550781
32727 0.5002021789550781
32705 1.0001659393310547
32705 1.0018348693847656
32705 0.0
32705 0.0
32666 0.9984970092773438
32666 0.5030632019042969
32666 1.4989376068115234
32643 1.0008811950683594
32637 0.99945068359375
32619 0.5002021789550781
32579 1.501321792602539
32579 0.0
32579 0.5002021789550781
32554 1.5189647674560547
32535 0.0
32532 0.499725341796875
32522 0.9863376617431641
32487 0.99945068359375
32487 1.0166168212890625
32487 0.9853839874267578
32487 0.0
32487 1.0161399841308594
32487 0.0
32487 0.9863376617431641
32463 1.50299072265625
32463 0.4982948303222656
32447 0.0
32429 0.499725341796875
32429 1.0004043579101562
32429 0.5002021789550781
32426 0.5004405975341797
32412 0.5002021789550781
32399 1.0008811950683594
32363 0.0
32360 0.5002021789550781
32357 0.5006790161132812
32357 0.5002021789550781
32330 0.5004405975341797
32319 0.5002021789550781
32319 1.0008811950683594
32319 0.5002021789550781
32319 0.0
32308 1.0004043579101562
32308 1.001119613647461
32308 0.0
32308 0.0
32308 0.5002021789550781
32308 0.5009174346923828
32308 0.49996376037597656
32308 0.0
32308 0.5002021789550781
32308 0.0
32250 0.5009174346923828
32239 1.0001659393310547
32220 0.5004405975341797
32220 0.5004405975341797
32200 0.5004405975341797
32188 0.0
32188 0.5002021789550781
32179 0.5004405975341797
32129 0.0
32129 0.5002021789550781
32116 0.0
32099 0.0
32099 0.0
32099 1.001119613647461
32099 0.5002021789550781
32081 0.0
32068 0.5006790161132812
32058 0.0
32058 0.0
32058 0.9999275207519531
32058 0.49996376037597656
32058 0.5011558532714844
32011 1.0004043579101562
32011 1.0004043579101562
32011 0.5006790161132812
32011 0.5002021789550781
31929 1.0004043579101562
31929 0.0
31929 1.5091896057128906
31929 0.5078315734863281
31921 0.5018711090087891
31905 0.0
31905 0.4856586456298828
31905 0.5152225494384766
31899 1.001596450805664
31870 0.0
31870 0.0
31831 1.5017986297607422
31784 0.0
31784 0.5002021789550781
31738 0.5011558532714844
31690 0.4992485046386719
31671 0.9849071502685547
31614 0.5168914794921875
31614 0.9999275207519531
31614 1.0008811950683594
31614 0.0
31596 0.9999275207519531
31595 1.0008811950683594
31595 0.5002021789550781
31595 0.5013942718505859
31579 0.0
31564 0.9999275207519531
31563 0.0
31490 1.0004043579101562
31490 0.0
31490 0.5006790161132812
31473 0.0
31473 0.9849071502685547
31473 0.5168914794921875
31461 0.9999275207519531
31430 0.5009174346923828
31411 0.5004405975341797
31411 0.0
31411 0.9860992431640625
31409 0.0
31395 0.49948692321777344
31385 1.0004043579101562
31385 0.0
31385 0.5011558532714844
31385 1.0001659393310547
31378 0.0
31378 0.5002021789550781
31378 0.5009174346923828
31372 0.49996376037597656
31372 0.5002021789550781
31372 0.5004405975341797
31372 1.0161399841308594
31343 0.5002021789550781
31343 1.0004043579101562
31343 0.0
31343 0.5009174346923828
31331 0.499725341796875
31323 1.0013580322265625
31323 0.499725341796875
31323 0.0
31314 0.5006790161132812
31314 0.48470497131347656
31275 0.5168914794921875
31275 0.499725341796875
31238 1.486063003540039
31238 1.0013580322265625
31238 0.5002021789550781
31238 0.499725341796875
31236 1.0004043579101562
31236 1.5003681182861328
31236 0.49877166748046875
31183 1.0008811950683594
31183 1.0013580322265625
31183 1.0001659393310547
31178 0.0
31178 0.0
31147 1.0006427764892578
31147 1.0004043579101562
31147 1.001119613647461
31142 0.5002021789550781
31121 0.0
31121 1.0004043579101562
31121 0.5013942718505859
31088 0.0
31087 0.9999275207519531
31087 0.5006790161132812
31081 0.0
31080 0.5002021789550781
31071 0.5002021789550781
31029 1.0004043579101562
30982 0.0
30982 0.5006790161132812
30982 0.0
30978 0.5004405975341797
30978 0.0
30971 0.5006790161132812
30971 0.499725341796875
30971 0.5006790161132812
30971 0.0
30971 0.5002021789550781
30971 1.0004043579101562
30971 0.0
30937 0.5006790161132812
30932 0.5004405975341797
30922 0.5002021789550781
30922 0.0
30915 0.5006790161132812
30908 1.0004043579101562
30877 0.5006790161132812
30877 0.0
30877 1.0006427764892578
30877 0.0
30877 0.5002021789550781
30877 0.0
30863 0.5011558532714844
30855 0.0
30844 0.5002021789550781
30841 1.0023117065429688
30841 0.9992122650146484
30841 1.0004043579101562
30833 0.5011558532714844
30816 0.0
30815 0.4992485046386719
30773 0.5002021789550781
30773 0.5002021789550781
30773 1.001596450805664
30773 0.499725341796875
30773 0.5002021789550781
30747 1.0037422180175781
30732 0.499725341796875
30732 0.499725341796875
30729 0.0
30725 0.5006790161132812
30722 0.5002021789550781
30680 0.0
30680 0.5009174346923828
30662 0.0
30652 0.5002021789550781
30652 0.0
30645 0.5002021789550781
30603 0.0
30593 0.5002021789550781
30593 0.5002021789550781
30593 0.0
30577 0.5002021789550781
30577 0.5011558532714844
30577 0.499725341796875
30577 0.5002021789550781
30577 1.5027523040771484
30577 0.99945068359375
30577 1.0004043579101562
30577 0.5009174346923828
30577 0.9999275207519531
30577 1.0018348693847656
30577 0.5006790161132812
30577 0.99945068359375
30577 0.5009174346923828
30573 0.0
30558 0.499725341796875
30558 0.5006790161132812
30540 0.5002021789550781
30532 0.0
30529 0.5002021789550781
30522 0.0
30510 0.5002021789550781
30510 0.5002021789550781
30510 0.5006790161132812
30510 0.0
30510 0.0
30510 0.5002021789550781
30497 0.0
30431 0.9984970092773438
30429 0.5037784576416016
30429 0.4992485046386719
30407 0.0
30407 0.5002021789550781
30396 0.5002021789550781
30396 1.001596450805664
30396 0.5018711090087891
30396 0.9987354278564453
30396 0.5006790161132812
30396 0.0
30396 0.0
30396 0.49996376037597656
30385 1.0006427764892578
30341 0.0
30341 0.5002021789550781
30341 0.5006790161132812
30341 0.5002021789550781
30315 0.5002021789550781
30315 0.0
30315 0.0
30293 0.5004405975341797
30293 1.0006427764892578
30277 0.5006790161132812
30268 1.0063648223876953
30268 0.4940032958984375
30268 0.0
30249 0.51116943359375
30249 0.5056858062744141
30249 0.9999275207519531
30249 0.5006790161132812
30249 0.5002021789550781
30249 0.5006790161132812
30242 0.9999275207519531
30234 0.0
30234 0.0
30234 1.0020732879638672
30228 0.9863376617431641
30224 1.0144710540771484
30224 0.5002021789550781
30213 0.5004405975341797
30208 0.0
30199 0.5002021789550781
30199 1.0004043579101562
30199 1.0008811950683594
30199 0.0
30133 0.5002021789550781
30127 0.5002021789550781
30127 0.5009174346923828
30127 0.5002021789550781
30127 0.5006790161132812
30127 0.9849071502685547
30127 1.016378402709961
30127 0.0
30114 1.001119613647461
30092 1.0004043579101562
30084 0.0
30076 1.4865398406982422
30060 0.5006790161132812
30060 0.5145072937011719
30044 2.0041465759277344
30044 0.4992485046386719
30044 0.0
30018 0.4811286926269531
29970 0.5178451538085938
29970 0.0
29959 0.5004405975341797
29942 0.5002021789550781
29913 0.5002021789550781
29913 0.0
29913 0.5002021789550781
29913 0.0
29896 0.5002021789550781
29870 0.5006790161132812
29850 1.0008811950683594
29841 0.5009174346923828
29815 0.499725341796875
29810 0.5002021789550781
29752 0.5002021789550781
29734 0.5006790161132812
29709 0.0
29709 1.0006427764892578
29709 0.0
29697 0.0
29697 0.48470497131347656
29666 1.0037422180175781
29666 0.0
29666 0.9965896606445312
29662 0.518798828125
29662 0.4992485046386719
29660 0.9844303131103516
29636 1.5001296997070312
29634 0.0
29620 0.5002021789550781
29612 1.0004043579101562
29579 0.0
29579 0.5009174346923828
29569 1.0025501251220703
29556 0.49948692321777344
29530 0.99945068359375
29523 0.5006790161132812
29473 0.5004405975341797
29473 0.0
29473 0.5002021789550781
29473 0.0
29473 0.5002021789550781
29464 0.5002021789550781
29463 0.5002021789550781
29463 0.0
29463 0.5006790161132812
29463 0.5002021789550781
29463 0.5011558532714844
29463 0.0
29448 0.49996376037597656
29448 0.5002021789550781
29448 1.0006427764892578
29400 0.0
29400 1.0001659393310547
29391 0.5009174346923828
29391 0.5002021789550781
29391 0.49996376037597656
29359 0.0
29359 0.9999275207519531
29359 0.5006790161132812
29349 0.49948692321777344
29349 0.0
29349 0.5009174346923828
29349 0.49996376037597656
29349 1.0013580322265625
29345 1.0018348693847656
29345 0.99945068359375
29345 0.0
29334 1.0006427764892578
29333 0.5006790161132812
29333 0.0
29333 0.5002021789550781
29333 0.5002021789550781
29327 0.0
29327 0.5002021789550781
29306 0.5006790161132812
29306 0.5002021789550781
29306 0.5002021789550781
29281 0.5009174346923828
29281 0.499725341796875
29281 1.0008811950683594
29281 0.5011558532714844
29281 4.004716873168945
29281 1.4998912811279297
29281 0.0
29278 0.9999275207519531
29278 0.5006790161132812
29278 0.5006790161132812
29278 0.0
29278 1.5003681182861328
29276 0.5002021789550781
29276 0.5011558532714844
29276 0.5002021789550781
29272 0.499725341796875
29272 1.0008811950683594
29272 1.0006427764892578
29272 0.5002021789550781
29272 0.0
29272 0.5006790161132812
29268 0.5002021789550781
29268 0.5016326904296875
29262 0.49996376037597656
29262 0.0
29262 0.0
29262 1.500844955444336
29262 0.0
29262 1.5010833740234375
29262 0.0
29262 0.5002021789550781
29262 0.49996376037597656
29262 0.0
29213 0.0
29213 0.5004405975341797
29213 0.5002021789550781
29212 0.5004405975341797
29212 0.49996376037597656
29204 0.5006790161132812
29204 0.5004405975341797
29204 0.0
29183 0.0
29176 0.0
29176 0.49996376037597656
29176 0.0
29170 1.0013580322265625
29170 1.5032291412353516
29170 0.5002021789550781
29144 1.0004043579101562
29144 1.0008811950683594
29144 0.0
29144 1.0006427764892578
29115 0.5002021789550781
29115 0.0
29115 0.5166530609130859
29113 0.499725341796875
29113 0.5004405975341797
29100 0.0
29100 0.5002021789550781
29100 0.5002021789550781
29063 1.0004043579101562
29063 0.5002021789550781
29063 1.5010833740234375
29060 0.5009174346923828
28975 0.499725341796875
28929 0.0
28929 0.5006790161132812
28929 1.0004043579101562
28929 0.5006790161132812
28922 0.5011558532714844
28920 0.49996376037597656
28898 1.0004043579101562
28898 0.4858970642089844
28894 1.0154247283935547
28894 1.0004043579101562
28885 1.0004043579101562
28867 0.0
28857 0.5009174346923828
28853 0.0
28853 1.0013580322265625
28840 0.499725341796875
28840 1.001119613647461
28840 0.0
28790 0.499725341796875
28790 0.5002021789550781
28790 0.0
28790 1.0008811950683594
28720 0.0
28720 1.0004043579101562
28719 0.5002021789550781
28719 0.0
28719 1.001119613647461
28718 1.0004043579101562
28623 0.5006790161132812
28595 0.5011558532714844
28595 0.0
28595 0.5002021789550781
28570 0.5004405975341797
28570 1.0004043579101562
28551 0.4839897155761719
28551 1.0025501251220703
28551 0.9999275207519531
28551 0.5002021789550781
28551 0.5002021789550781
28551 0.5002021789550781
28551 0.0
28551 0.0
28546 0.0
28546 1.5010833740234375
28539 0.499725341796875
28539 0.0
28539 1.0008811950683594
28490 0.0
28450 1.5017986297607422
28444 0.5002021789550781
28436 0.5002021789550781
28429 0.0
28416 0.5002021789550781
28393 0.5002021789550781
28388 0.0
28381 0.5002021789550781
28368 0.0
28368 0.499725341796875
28340 1.0175704956054688
28340 1.0004043579101562
28340 0.9999275207519531
28340 0.0
28340 0.5002021789550781
28302 0.0
28302 0.9870529174804688
28302 0.0
28302 0.0
28302 0.5140304565429688
28279 0.4868507385253906
28276 0.0
28249 1.5163421630859375
28249 1.9824504852294922
28249 3.003358840942383
28249 3.5026073455810547
28249 1.500844955444336
28223 0.9999275207519531
28198 0.5021095275878906
28198 0.0
28186 0.9999275207519531
28178 1.0073184967041016
28178 0.4935264587402344
28169 2.0036697387695312
28169 1.9986629486083984
28169 0.0
28169 0.499725341796875
28138 2.0055770874023438
28107 0.499725341796875
28107 1.9986629486083984
28087 1.0037422180175781
28087 0.9973049163818359
28087 2.5026798248291016
28087 0.9999275207519531
28080 0.5037784576416016
28068 1.9984245300292969
28068 2.0058155059814453
28068 0.5006790161132812
28068 0.9965896606445312
28068 2.5038719177246094
28068 1.5006065368652344
28068 3.0002593994140625
28060 1.0027885437011719
28060 0.5006790161132812
28045 0.0
28045 0.499725341796875
28036 0.9982585906982422
28036 1.0046958923339844
27992 0.5006790161132812
27992 0.499725341796875
27991 0.0
27991 2.505064010620117
27991 1.0004043579101562
27990 0.49686431884765625
27982 0.5002021789550781
27961 0.0
27959 0.5002021789550781
27959 0.5042552947998047
27959 1.0013580322265625
27959 0.4971027374267578
27959 0.9999275207519531
27935 0.5044937133789062
27914 0.5006790161132812
27908 0.4992485046386719
27908 0.0
27908 0.9975433349609375
27908 0.499725341796875
27908 5.008459091186523
27908 1.9974708557128906
27908 0.5037784576416016
27908 1.4996528625488281
27906 2.002239227294922
27906 1.5010833740234375
27838 0.49948692321777344
27762 0.5006790161132812
27762 0.9984970092773438
27726 2.0029544830322266
27706 3.5016536712646484
27706 1.0004043579101562
27706 0.5002021789550781
27706 3.0031204223632812
27706 1.4998912811279297
27698 0.0
27687 2.001523971557617
27687 1.5006065368652344
27687 1.001596450805664
27680 0.99945068359375
27671 0.4990100860595703
27651 3.0040740966796875
27651 1.001596450805664
27651 0.5013942718505859
27638 0.49591064453125
27638 0.5002021789550781
27638 0.5018711090087891
27638 0.0
27638 1.0027885437011719
27577 0.9984970092773438
27565 0.499725341796875
27481 0.9992122650146484
27458 1.0037422180175781
27458 1.4986991882324219
27458 2.0012855529785156
27443 0.5013942718505859
27443 1.5020370483398438
27443 0.5011558532714844
27443 0.49996376037597656
27411 1.001596450805664
27402 0.0
27402 0.5002021789550781
27402 0.0
27383 1.499176025390625
27358 0.5056858062744141
27358 0.4963874816894531
27355 1.5010833740234375
27355 0.9989738464355469
27330 1.003265380859375
27330 1.5003681182861328
27300 0.0
27295 1.9998550415039062
27295 2.001523971557617
27295 0.5006790161132812
27295 1.50299072265625
27280 0.5002021789550781
27280 1.4989376068115234
27280 2.502918243408203
27280 0.5011558532714844
27280 1.4996528625488281
27238 2.0012855529785156
27238 1.0020732879638672
27219 1.0004043579101562
27219 0.5002021789550781
27219 2.5026798248291016
639.9726867675781